#
# A fatal error has been detected by the Java Runtime Environment:
#
#  SIGSEGV (0xb) at pc=0x00007f2cbc0001c8, pid=4717, tid=0x00007f2cb57ae700
#
# JRE version: Java(TM) SE Runtime Environment (8.0_111-b14) (build 1.8.0_111-b14)
# Java VM: Java HotSpot(TM) 64-Bit Server VM (25.111-b14 mixed mode linux-amd64 compressed oops)
# Problematic frame:
# C  0x00007f2cbc0001c8
#
# Failed to write core dump. Core dumps have been disabled. To enable core dumping, try "ulimit -c unlimited" before starting Java again
#
# If you would like to submit a bug report, please visit:
#   http://bugreport.java.com/bugreport/crash.jsp
# The crash happened outside the Java Virtual Machine in native code.
# See problematic frame for where to report the bug.
#

---------------  T H R E A D  ---------------

Current thread (0x00007f2cc0016800):  JavaThread "Thread-4" daemon [_thread_in_native, id=4948, stack(0x00007f2cb56ae000,0x00007f2cb57af000)]

siginfo: si_signo: 11 (SIGSEGV), si_code: 2 (SEGV_ACCERR), si_addr: 0x00007f2cbc0001c8

Registers:
RAX=0x00007f2cbc0001c8, RBX=0x00007f2cbc151220, RCX=0x00007f2cb78663e8, RDX=0x00007f2cb7866580
RSP=0x00007f2cb57ad588, RBP=0x00007f2cbc000158, RSI=0x00007f2cb78663f5, RDI=0x00007f2cbc151220
R8 =0x00007f2cb78663e0, R9 =0x00000000000001eb, R10=0x00007f2cb57ad380, R11=0x00007f2cb783cb50
R12=0x00007f2cbc45c830, R13=0x00007f2cba953166, R14=0x00007f2cb57ad6a8, R15=0x00007f2cc0016800
RIP=0x00007f2cbc0001c8, EFLAGS=0x0000000000010202, CSGSFS=0x0000000000000033, ERR=0x0000000000000015
  TRAPNO=0x000000000000000e

Top of Stack: (sp=0x00007f2cb57ad588)
0x00007f2cb57ad588:   00007f2cb783cbb6 00007f2cbc151220
0x00007f2cb57ad598:   00007f2d1944fae8 00007f2cb57ad610
0x00007f2cb57ad5a8:   0000000000000000 00007f2d1944fae8
0x00007f2cb57ad5b8:   00007f2cba953cc2 00007f2cb57ad698
0x00007f2cb57ad5c8:   00007f2cb57ad6a0 00007f2cb57ad6a8
0x00007f2cb57ad5d8:   00007f2cc00169f8 00007f2cb57ad620
0x00007f2cb57ad5e8:   00007f2cbc137c70 00007f2cbc137c78
0x00007f2cb57ad5f8:   0000000000000082 00007f2cbc151220
0x00007f2cb57ad608:   00007f2cbc45c830 00007f2cb57ad678
0x00007f2cb57ad618:   00007f2d050173f4 00007f2cb57ad678
0x00007f2cb57ad628:   00007f2d05017187 00007f2d05017142
0x00007f2cb57ad638:   00007f2cb57ad638 00007f2d1944fae8
0x00007f2cb57ad648:   00007f2cb57ad6a8 00007f2d19451b28
0x00007f2cb57ad658:   0000000000000000 00007f2d1944fae8
0x00007f2cb57ad668:   0000000000000000 00007f2cb57ad6b0
0x00007f2cb57ad678:   00007f2cb57ad798 00007f2d057ba24c
0x00007f2cb57ad688:   0000000000000000 00007f2d05011536
0x00007f2cb57ad698:   00000000d954d448 00000000db3007c0
0x00007f2cb57ad6a8:   00000000db3007c0 00007f2cb57ad728
0x00007f2cb57ad6b8:   00000000db3008b8 00007f2d05008040
0x00007f2cb57ad6c8:   00007f2d05020558 00007f2cb57ad6d0
0x00007f2cb57ad6d8:   00007f2d057b9090 00007f2cb57ad750
0x00007f2cb57ad6e8:   00007f2cbab8d828 00007f2cbab8eeb0
0x00007f2cb57ad6f8:   00007f2d194544b8 00000000db300898
0x00007f2cb57ad708:   00000000db300898 00000000db3008b8
0x00007f2cb57ad718:   00000000d954d448 0000000000000000
0x00007f2cb57ad728:   0000000000000003 00000000db3008b8
0x00007f2cb57ad738:   0000000000000000 00007f2cb57ad798
0x00007f2cb57ad748:   00007f2d05008302 00000000db300898
0x00007f2cb57ad758:   00007f2cb57ad758 00007f2d18dc294b
0x00007f2cb57ad768:   00007f2cb57ad7a8 00007f2d18e49fd0
0x00007f2cb57ad778:   0000000000000000 00007f2d18dc2958 

Instructions: (pc=0x00007f2cbc0001c8)
0x00007f2cbc0001a8:   98 01 00 bc 2c 7f 00 00 98 01 00 bc 2c 7f 00 00
0x00007f2cbc0001b8:   a8 01 00 bc 2c 7f 00 00 a8 01 00 bc 2c 7f 00 00
0x00007f2cbc0001c8:   b8 01 00 bc 2c 7f 00 00 b8 01 00 bc 2c 7f 00 00
0x00007f2cbc0001d8:   c8 01 00 bc 2c 7f 00 00 c8 01 00 bc 2c 7f 00 00 

Register to memory mapping:

RAX=0x00007f2cbc0001c8 is an unknown value
RBX=0x00007f2cbc151220 is an unknown value
RCX=0x00007f2cb78663e8: <offset 0x363e8> in /usr/local/lib/libfprint.so.0 at 0x00007f2cb7830000
RDX=0x00007f2cb7866580: <offset 0x36580> in /usr/local/lib/libfprint.so.0 at 0x00007f2cb7830000
RSP=0x00007f2cb57ad588 is pointing into the stack for thread: 0x00007f2cc0016800
RBP=0x00007f2cbc000158 is an unknown value
RSI=0x00007f2cb78663f5: <offset 0x363f5> in /usr/local/lib/libfprint.so.0 at 0x00007f2cb7830000
RDI=0x00007f2cbc151220 is an unknown value
R8 =0x00007f2cb78663e0: <offset 0x363e0> in /usr/local/lib/libfprint.so.0 at 0x00007f2cb7830000
R9 =0x00000000000001eb is an unknown value
R10=0x00007f2cb57ad380 is pointing into the stack for thread: 0x00007f2cc0016800
R11=0x00007f2cb783cb50: fp_async_capture_stop+0 in /usr/local/lib/libfprint.so.0 at 0x00007f2cb7830000
R12=0x00007f2cbc45c830 is an unknown value
R13=0x00007f2cba953166: <offset 0x3166> in /tmp/libfingerprint7467206298608716058.so at 0x00007f2cba950000
R14=0x00007f2cb57ad6a8 is pointing into the stack for thread: 0x00007f2cc0016800
R15=0x00007f2cc0016800 is a thread


Stack: [0x00007f2cb56ae000,0x00007f2cb57af000],  sp=0x00007f2cb57ad588,  free space=1021k
Native frames: (J=compiled Java code, j=interpreted, Vv=VM code, C=native code)
C  0x00007f2cbc0001c8

Java frames: (J=compiled Java code, j=interpreted, Vv=VM code)
j  uaz.fingerprint.Reader.nativeStopCapture(Luaz/fingerprint/NativeReaderCallback;Ljava/lang/Object;)I+0
J 4428% C1 uaz.fingerprint.ReaderDispatcher.run()V (628 bytes) @ 0x00007f2d057ba24c [0x00007f2d057b94e0+0xd6c]
j  java.lang.Thread.run()V+11
v  ~StubRoutines::call_stub

---------------  P R O C E S S  ---------------

Java Threads: ( => current thread )
  0x00007f2cc4004800 JavaThread "Thread-6" daemon [_thread_in_native, id=7069, stack(0x00007f2cc816e000,0x00007f2cc826f000)]
  0x00007f2cbc4eb000 JavaThread "Java2D Disposer" daemon [_thread_blocked, id=5054, stack(0x00007f2cd4061000,0x00007f2cd4162000)]
=>0x00007f2cc0016800 JavaThread "Thread-4" daemon [_thread_in_native, id=4948, stack(0x00007f2cb56ae000,0x00007f2cb57af000)]
  0x00007f2cbc336000 JavaThread "Prism Font Disposer" daemon [_thread_blocked, id=4840, stack(0x00007f2cc88eb000,0x00007f2cc89ec000)]
  0x00007f2d142d7000 JavaThread "JavaFX-Launcher" [_thread_blocked, id=4768, stack(0x00007f2cc9d9d000,0x00007f2cc9e9e000)]
  0x00007f2d142d3800 JavaThread "JavaFX Application Thread" [_thread_in_native, id=4763, stack(0x00007f2cc9e9e000,0x00007f2cc9f9f000)]
  0x00007f2d142cf000 JavaThread "Thread-1" daemon [_thread_blocked, id=4762, stack(0x00007f2cc9f9f000,0x00007f2cca0a0000)]
  0x00007f2d14279000 JavaThread "QuantumRenderer-0" daemon [_thread_in_native, id=4751, stack(0x00007f2d04322000,0x00007f2d04423000)]
  0x00007f2d14153000 JavaThread "Service Thread" daemon [_thread_blocked, id=4734, stack(0x00007f2d045bc000,0x00007f2d046bd000)]
  0x00007f2d1413e800 JavaThread "C1 CompilerThread1" daemon [_thread_blocked, id=4733, stack(0x00007f2d046bd000,0x00007f2d047be000)]
  0x00007f2d1413b800 JavaThread "C2 CompilerThread0" daemon [_thread_in_native, id=4732, stack(0x00007f2d047be000,0x00007f2d048bf000)]
  0x00007f2d1413a000 JavaThread "Signal Dispatcher" daemon [_thread_blocked, id=4731, stack(0x00007f2d048bf000,0x00007f2d049c0000)]
  0x00007f2d14107000 JavaThread "Finalizer" daemon [_thread_blocked, id=4730, stack(0x00007f2d04eff000,0x00007f2d05000000)]
  0x00007f2d14102800 JavaThread "Reference Handler" daemon [_thread_blocked, id=4729, stack(0x00007f2d18037000,0x00007f2d18138000)]
  0x00007f2d1400a000 JavaThread "main" [_thread_blocked, id=4722, stack(0x00007f2d1d471000,0x00007f2d1d572000)]

Other Threads:
  0x00007f2d140fa800 VMThread [stack: 0x00007f2d18138000,0x00007f2d18239000] [id=4728]
  0x00007f2d14156800 WatcherThread [stack: 0x00007f2d044bb000,0x00007f2d045bc000] [id=4735]

VM state:not at safepoint (normal execution)

VM Mutex/Monitor currently owned by a thread: None

Heap:
 PSYoungGen      total 58880K, used 41605K [0x00000000d7000000, 0x00000000db580000, 0x0000000100000000)
  eden space 56320K, 70% used [0x00000000d7000000,0x00000000d9699a38,0x00000000da700000)
  from space 2560K, 81% used [0x00000000db300000,0x00000000db507c90,0x00000000db580000)
  to   space 5120K, 0% used [0x00000000dab80000,0x00000000dab80000,0x00000000db080000)
 ParOldGen       total 55808K, used 11553K [0x0000000085000000, 0x0000000088680000, 0x00000000d7000000)
  object space 55808K, 20% used [0x0000000085000000,0x0000000085b487a0,0x0000000088680000)
 Metaspace       used 23966K, capacity 25532K, committed 25728K, reserved 1071104K
  class space    used 3325K, capacity 3631K, committed 3712K, reserved 1048576K

Card table byte_map: [0x00007f2d19dff000,0x00007f2d1a1d8000] byte_map_base: 0x00007f2d199d7000

Marking Bits: (ParMarkBitMap*) 0x00007f2d1c91b220
 Begin Bits: [0x00007f2cfc280000, 0x00007f2cfe140000)
 End Bits:   [0x00007f2cfe140000, 0x00007f2d00000000)

Polling page: 0x00007f2d1d470000

CodeCache: size=245760Kb used=12956Kb max_used=13113Kb free=232804Kb
 bounds [0x00007f2d05000000, 0x00007f2d05d20000, 0x00007f2d14000000]
 total_blobs=4683 nmethods=3901 adapters=695
 compilation: enabled

Compilation events (10 events):
Event: 91.042 Thread 0x00007f2d1413e800 nmethod 4428% 0x00007f2d057b9090 code [0x00007f2d057b94e0, 0x00007f2d057bb468]
Event: 91.052 Thread 0x00007f2d1413b800 4429 % !   4       uaz.fingerprint.ReaderDispatcher::run @ 0 (628 bytes)
Event: 91.074 Thread 0x00007f2d1413e800 4430       3       java.util.PriorityQueue::poll (64 bytes)
Event: 91.074 Thread 0x00007f2d1413e800 nmethod 4430 0x00007f2d0587cd90 code [0x00007f2d0587cf40, 0x00007f2d0587d3d8]
Event: 91.086 Thread 0x00007f2d1413e800 4432       3       com.sun.javafx.scene.EnteredExitedHandler::dispatchBubblingEvent (204 bytes)
Event: 91.088 Thread 0x00007f2d1413e800 nmethod 4432 0x00007f2d05781210 code [0x00007f2d057815a0, 0x00007f2d05783c58]
Event: 91.093 Thread 0x00007f2d1413e800 4433       3       javafx.scene.control.Labeled$StyleableProperties$4::getStyleableProperty (9 bytes)
Event: 91.093 Thread 0x00007f2d1413e800 nmethod 4433 0x00007f2d057b8550 code [0x00007f2d057b8700, 0x00007f2d057b8e08]
Event: 91.093 Thread 0x00007f2d1413e800 4434       3       javafx.scene.control.Labeled$StyleableProperties$4::getStyleableProperty (8 bytes)
Event: 91.094 Thread 0x00007f2d1413e800 nmethod 4434 0x00007f2d05217490 code [0x00007f2d05217620, 0x00007f2d05217b68]

GC Heap History (10 events):
Event: 3.154 GC heap before
{Heap before GC invocations=1 (full 0):
 PSYoungGen      total 36864K, used 31689K [0x00000000d7000000, 0x00000000d9900000, 0x0000000100000000)
  eden space 31744K, 99% used [0x00000000d7000000,0x00000000d8ef2630,0x00000000d8f00000)
  from space 5120K, 0% used [0x00000000d9400000,0x00000000d9400000,0x00000000d9900000)
  to   space 5120K, 0% used [0x00000000d8f00000,0x00000000d8f00000,0x00000000d9400000)
 ParOldGen       total 84992K, used 0K [0x0000000085000000, 0x000000008a300000, 0x00000000d7000000)
  object space 84992K, 0% used [0x0000000085000000,0x0000000085000000,0x000000008a300000)
 Metaspace       used 11857K, capacity 12346K, committed 12544K, reserved 1060864K
  class space    used 1587K, capacity 1726K, committed 1792K, reserved 1048576K
Event: 3.175 GC heap after
Heap after GC invocations=1 (full 0):
 PSYoungGen      total 36864K, used 4289K [0x00000000d7000000, 0x00000000d9900000, 0x0000000100000000)
  eden space 31744K, 0% used [0x00000000d7000000,0x00000000d7000000,0x00000000d8f00000)
  from space 5120K, 83% used [0x00000000d8f00000,0x00000000d9330418,0x00000000d9400000)
  to   space 5120K, 0% used [0x00000000d9400000,0x00000000d9400000,0x00000000d9900000)
 ParOldGen       total 84992K, used 8K [0x0000000085000000, 0x000000008a300000, 0x00000000d7000000)
  object space 84992K, 0% used [0x0000000085000000,0x0000000085002000,0x000000008a300000)
 Metaspace       used 11857K, capacity 12346K, committed 12544K, reserved 1060864K
  class space    used 1587K, capacity 1726K, committed 1792K, reserved 1048576K
}
Event: 6.574 GC heap before
{Heap before GC invocations=2 (full 0):
 PSYoungGen      total 36864K, used 35650K [0x00000000d7000000, 0x00000000d9900000, 0x0000000100000000)
  eden space 31744K, 98% used [0x00000000d7000000,0x00000000d8ea0428,0x00000000d8f00000)
  from space 5120K, 83% used [0x00000000d8f00000,0x00000000d9330418,0x00000000d9400000)
  to   space 5120K, 0% used [0x00000000d9400000,0x00000000d9400000,0x00000000d9900000)
 ParOldGen       total 84992K, used 8K [0x0000000085000000, 0x000000008a300000, 0x00000000d7000000)
  object space 84992K, 0% used [0x0000000085000000,0x0000000085002000,0x000000008a300000)
 Metaspace       used 19690K, capacity 21098K, committed 21248K, reserved 1067008K
  class space    used 2995K, capacity 3288K, committed 3328K, reserved 1048576K
Event: 6.621 GC heap after
Heap after GC invocations=2 (full 0):
 PSYoungGen      total 36864K, used 5105K [0x00000000d7000000, 0x00000000d9900000, 0x0000000100000000)
  eden space 31744K, 0% used [0x00000000d7000000,0x00000000d7000000,0x00000000d8f00000)
  from space 5120K, 99% used [0x00000000d9400000,0x00000000d98fc608,0x00000000d9900000)
  to   space 5120K, 0% used [0x00000000d8f00000,0x00000000d8f00000,0x00000000d9400000)
 ParOldGen       total 84992K, used 5662K [0x0000000085000000, 0x000000008a300000, 0x00000000d7000000)
  object space 84992K, 6% used [0x0000000085000000,0x00000000855879b0,0x000000008a300000)
 Metaspace       used 19690K, capacity 21098K, committed 21248K, reserved 1067008K
  class space    used 2995K, capacity 3288K, committed 3328K, reserved 1048576K
}
Event: 6.749 GC heap before
{Heap before GC invocations=3 (full 0):
 PSYoungGen      total 36864K, used 7032K [0x00000000d7000000, 0x00000000d9900000, 0x0000000100000000)
  eden space 31744K, 6% used [0x00000000d7000000,0x00000000d71e1c68,0x00000000d8f00000)
  from space 5120K, 99% used [0x00000000d9400000,0x00000000d98fc608,0x00000000d9900000)
  to   space 5120K, 0% used [0x00000000d8f00000,0x00000000d8f00000,0x00000000d9400000)
 ParOldGen       total 84992K, used 5662K [0x0000000085000000, 0x000000008a300000, 0x00000000d7000000)
  object space 84992K, 6% used [0x0000000085000000,0x00000000855879b0,0x000000008a300000)
 Metaspace       used 19786K, capacity 21166K, committed 21248K, reserved 1067008K
  class space    used 3008K, capacity 3290K, committed 3328K, reserved 1048576K
Event: 6.798 GC heap after
Heap after GC invocations=3 (full 0):
 PSYoungGen      total 36864K, used 5101K [0x00000000d7000000, 0x00000000db800000, 0x0000000100000000)
  eden space 31744K, 0% used [0x00000000d7000000,0x00000000d7000000,0x00000000d8f00000)
  from space 5120K, 99% used [0x00000000d8f00000,0x00000000d93fb7b0,0x00000000d9400000)
  to   space 5120K, 0% used [0x00000000db300000,0x00000000db300000,0x00000000db800000)
 ParOldGen       total 84992K, used 6685K [0x0000000085000000, 0x000000008a300000, 0x00000000d7000000)
  object space 84992K, 7% used [0x0000000085000000,0x00000000856874a0,0x000000008a300000)
 Metaspace       used 19786K, capacity 21166K, committed 21248K, reserved 1067008K
  class space    used 3008K, capacity 3290K, committed 3328K, reserved 1048576K
}
Event: 6.798 GC heap before
{Heap before GC invocations=4 (full 1):
 PSYoungGen      total 36864K, used 5101K [0x00000000d7000000, 0x00000000db800000, 0x0000000100000000)
  eden space 31744K, 0% used [0x00000000d7000000,0x00000000d7000000,0x00000000d8f00000)
  from space 5120K, 99% used [0x00000000d8f00000,0x00000000d93fb7b0,0x00000000d9400000)
  to   space 5120K, 0% used [0x00000000db300000,0x00000000db300000,0x00000000db800000)
 ParOldGen       total 84992K, used 6685K [0x0000000085000000, 0x000000008a300000, 0x00000000d7000000)
  object space 84992K, 7% used [0x0000000085000000,0x00000000856874a0,0x000000008a300000)
 Metaspace       used 19786K, capacity 21166K, committed 21248K, reserved 1067008K
  class space    used 3008K, capacity 3290K, committed 3328K, reserved 1048576K
Event: 6.956 GC heap after
Heap after GC invocations=4 (full 1):
 PSYoungGen      total 36864K, used 0K [0x00000000d7000000, 0x00000000db800000, 0x0000000100000000)
  eden space 31744K, 0% used [0x00000000d7000000,0x00000000d7000000,0x00000000d8f00000)
  from space 5120K, 0% used [0x00000000d8f00000,0x00000000d8f00000,0x00000000d9400000)
  to   space 5120K, 0% used [0x00000000db300000,0x00000000db300000,0x00000000db800000)
 ParOldGen       total 55808K, used 11545K [0x0000000085000000, 0x0000000088680000, 0x00000000d7000000)
  object space 55808K, 20% used [0x0000000085000000,0x0000000085b467a0,0x0000000088680000)
 Metaspace       used 19786K, capacity 21166K, committed 21248K, reserved 1067008K
  class space    used 3008K, capacity 3290K, committed 3328K, reserved 1048576K
}
Event: 42.189 GC heap before
{Heap before GC invocations=5 (full 1):
 PSYoungGen      total 36864K, used 31744K [0x00000000d7000000, 0x00000000db800000, 0x0000000100000000)
  eden space 31744K, 100% used [0x00000000d7000000,0x00000000d8f00000,0x00000000d8f00000)
  from space 5120K, 0% used [0x00000000d8f00000,0x00000000d8f00000,0x00000000d9400000)
  to   space 5120K, 0% used [0x00000000db300000,0x00000000db300000,0x00000000db800000)
 ParOldGen       total 55808K, used 11545K [0x0000000085000000, 0x0000000088680000, 0x00000000d7000000)
  object space 55808K, 20% used [0x0000000085000000,0x0000000085b467a0,0x0000000088680000)
 Metaspace       used 23755K, capacity 25340K, committed 25728K, reserved 1071104K
  class space    used 3315K, capacity 3595K, committed 3712K, reserved 1048576K
Event: 42.197 GC heap after
Heap after GC invocations=5 (full 1):
 PSYoungGen      total 58880K, used 2079K [0x00000000d7000000, 0x00000000db580000, 0x0000000100000000)
  eden space 56320K, 0% used [0x00000000d7000000,0x00000000d7000000,0x00000000da700000)
  from space 2560K, 81% used [0x00000000db300000,0x00000000db507c90,0x00000000db580000)
  to   space 5120K, 0% used [0x00000000dab80000,0x00000000dab80000,0x00000000db080000)
 ParOldGen       total 55808K, used 11553K [0x0000000085000000, 0x0000000088680000, 0x00000000d7000000)
  object space 55808K, 20% used [0x0000000085000000,0x0000000085b487a0,0x0000000088680000)
 Metaspace       used 23755K, capacity 25340K, committed 25728K, reserved 1071104K
  class space    used 3315K, capacity 3595K, committed 3712K, reserved 1048576K
}

Deoptimization events (10 events):
Event: 87.463 Thread 0x00007f2d142d3800 Uncommon trap: reason=bimorphic action=maybe_recompile pc=0x00007f2d05835d44 method=javafx.scene.Node.getGeomBounds(Lcom/sun/javafx/geom/BaseBounds;Lcom/sun/javafx/geom/transform/BaseTransform;)Lcom/sun/javafx/geom/BaseBounds; @ 21
Event: 88.740 Thread 0x00007f2d142d3800 Uncommon trap: reason=bimorphic action=maybe_recompile pc=0x00007f2d05835d44 method=javafx.scene.Node.getGeomBounds(Lcom/sun/javafx/geom/BaseBounds;Lcom/sun/javafx/geom/transform/BaseTransform;)Lcom/sun/javafx/geom/BaseBounds; @ 21
Event: 90.553 Thread 0x00007f2d142d3800 Uncommon trap: reason=bimorphic action=maybe_recompile pc=0x00007f2d05c3e1b8 method=javafx.scene.Node.impl_pickNode(Lcom/sun/javafx/geom/PickRay;Lcom/sun/javafx/scene/input/PickResultChooser;)V @ 82
Event: 90.554 Thread 0x00007f2d142d3800 Uncommon trap: reason=bimorphic action=maybe_recompile pc=0x00007f2d05c3e1b8 method=javafx.scene.Node.impl_pickNode(Lcom/sun/javafx/geom/PickRay;Lcom/sun/javafx/scene/input/PickResultChooser;)V @ 82
Event: 90.556 Thread 0x00007f2d142d3800 Uncommon trap: reason=bimorphic action=maybe_recompile pc=0x00007f2d05c3e1b8 method=javafx.scene.Node.impl_pickNode(Lcom/sun/javafx/geom/PickRay;Lcom/sun/javafx/scene/input/PickResultChooser;)V @ 82
Event: 90.556 Thread 0x00007f2d142d3800 Uncommon trap: reason=bimorphic action=maybe_recompile pc=0x00007f2d05c08f74 method=javafx.scene.Node.impl_pickNode(Lcom/sun/javafx/geom/PickRay;Lcom/sun/javafx/scene/input/PickResultChooser;)V @ 82
Event: 91.026 Thread 0x00007f2d142d3800 Uncommon trap: reason=class_check action=maybe_recompile pc=0x00007f2d05481058 method=javafx.scene.Node$6.invalidated()V @ 7
Event: 91.039 Thread 0x00007f2cc0016800 Uncommon trap: reason=unstable_if action=reinterpret pc=0x00007f2d05a3ecb0 method=uaz.fingerprint.ReaderDispatcher.run()V @ 612
Event: 91.074 Thread 0x00007f2cc4004800 Uncommon trap: reason=unstable_if action=reinterpret pc=0x00007f2d058daf34 method=java.util.PriorityQueue.poll()Ljava/lang/Object; @ 4
Event: 91.093 Thread 0x00007f2d142d3800 Uncommon trap: reason=class_check action=maybe_recompile pc=0x00007f2d05481058 method=javafx.scene.Node$6.invalidated()V @ 7

Internal exceptions (10 events):
Event: 10.225 Thread 0x00007f2d142d3800 Implicit null exception at 0x00007f2d05908ef4 to 0x00007f2d0590bad9
Event: 10.229 Thread 0x00007f2d142d3800 Implicit null exception at 0x00007f2d059188c7 to 0x00007f2d05918919
Event: 12.490 Thread 0x00007f2cc0016800 Implicit null exception at 0x00007f2d0529f233 to 0x00007f2d0529f5e1
Event: 12.537 Thread 0x00007f2d142d3800 Exception <a 'java/io/FileNotFoundException'> (0x00000000d763d600) thrown at [/HUDSON3/workspace/8-2-build-linux-amd64/jdk8u111/7883/hotspot/src/share/vm/prims/jni.cpp, line 709]
Event: 12.537 Thread 0x00007f2d142d3800 Exception <a 'java/io/FileNotFoundException'> (0x00000000d763e0b0) thrown at [/HUDSON3/workspace/8-2-build-linux-amd64/jdk8u111/7883/hotspot/src/share/vm/prims/jni.cpp, line 709]
Event: 42.199 Thread 0x00007f2d14107000 Exception <a 'java/net/SocketException': Socket closed> (0x00000000d7193668) thrown at [/HUDSON3/workspace/8-2-build-linux-amd64/jdk8u111/7883/hotspot/src/share/vm/prims/jni.cpp, line 735]
Event: 42.204 Thread 0x00007f2d14279000 Implicit null exception at 0x00007f2d0513ca76 to 0x00007f2d0513cb5d
Event: 42.204 Thread 0x00007f2d14279000 Implicit null exception at 0x00007f2d05b3076c to 0x00007f2d05b307b5
Event: 42.211 Thread 0x00007f2d14107000 Exception <a 'java/net/SocketException': Socket closed> (0x00000000d71b1770) thrown at [/HUDSON3/workspace/8-2-build-linux-amd64/jdk8u111/7883/hotspot/src/share/vm/prims/jni.cpp, line 735]
Event: 62.583 Thread 0x00007f2d14279000 Implicit null exception at 0x00007f2d05c22315 to 0x00007f2d05c22f29

Events (10 events):
Event: 91.055 Thread 0x00007f2cc4004800 Thread added: 0x00007f2cc4004800
Event: 91.074 Thread 0x00007f2cc4004800 Uncommon trap: trap_request=0xffffff65 fr.pc=0x00007f2d058daf34
Event: 91.074 Thread 0x00007f2cc4004800 DEOPT PACKING pc=0x00007f2d058daf34 sp=0x00007f2cc826d5f0
Event: 91.074 Thread 0x00007f2cc4004800 DEOPT UNPACKING pc=0x00007f2d05005229 sp=0x00007f2cc826d598 mode 2
Event: 91.075 Executing VM operation: RevokeBias
Event: 91.080 Executing VM operation: RevokeBias done
Event: 91.080 Thread 0x00007f2cbc3b8800 Thread exited: 0x00007f2cbc3b8800
Event: 91.093 Thread 0x00007f2d142d3800 Uncommon trap: trap_request=0xffffffde fr.pc=0x00007f2d05481058
Event: 91.093 Thread 0x00007f2d142d3800 DEOPT PACKING pc=0x00007f2d05481058 sp=0x00007f2cc9f9bc50
Event: 91.093 Thread 0x00007f2d142d3800 DEOPT UNPACKING pc=0x00007f2d05005229 sp=0x00007f2cc9f9bc28 mode 2


Dynamic libraries:
00400000-00401000 r-xp 00000000 08:06 10486455                           /usr/lib/jvm/jdk1.8.0_111/jre/bin/java
00600000-00601000 rw-p 00000000 08:06 10486455                           /usr/lib/jvm/jdk1.8.0_111/jre/bin/java
019ef000-01a10000 rw-p 00000000 00:00 0                                  [heap]
40e52000-40ef1000 rw-p 00000000 00:00 0 
41650000-41652000 r-xs 00000000 08:06 131095                             /tmp/.glTPVOi8 (deleted)
85000000-88680000 rw-p 00000000 00:00 0 
88680000-d7000000 ---p 00000000 00:00 0 
d7000000-db580000 rw-p 00000000 00:00 0 
db580000-100000000 ---p 00000000 00:00 0 
100000000-1003a0000 rw-p 00000000 00:00 0 
1003a0000-140000000 ---p 00000000 00:00 0 
7f2cb2a4f000-7f2cb35bb000 rw-p 00000000 00:00 0 
7f2cb3d43000-7f2cb4143000 rw-s 1631db000 00:06 11833                     /dev/nvidiactl
7f2cb4148000-7f2cb42c8000 rw-p 00000000 00:00 0 
7f2cb42c8000-7f2cb4348000 ---p 00000000 00:00 0 
7f2cb4348000-7f2cb435e000 r-xp 00000000 08:06 10486180                   /usr/lib/jvm/jdk1.8.0_111/jre/lib/amd64/libnet.so
7f2cb435e000-7f2cb455e000 ---p 00016000 08:06 10486180                   /usr/lib/jvm/jdk1.8.0_111/jre/lib/amd64/libnet.so
7f2cb455e000-7f2cb455f000 rw-p 00016000 08:06 10486180                   /usr/lib/jvm/jdk1.8.0_111/jre/lib/amd64/libnet.so
7f2cb4560000-7f2cb45c5000 r-xp 00000000 08:06 10486199                   /usr/lib/jvm/jdk1.8.0_111/jre/lib/amd64/libfontmanager.so
7f2cb45c5000-7f2cb47c4000 ---p 00065000 08:06 10486199                   /usr/lib/jvm/jdk1.8.0_111/jre/lib/amd64/libfontmanager.so
7f2cb47c4000-7f2cb47c9000 rw-p 00064000 08:06 10486199                   /usr/lib/jvm/jdk1.8.0_111/jre/lib/amd64/libfontmanager.so
7f2cb47c9000-7f2cb47d9000 rw-p 00000000 00:00 0 
7f2cb47e0000-7f2cb4834000 r-xp 00000000 08:06 10486207                   /usr/lib/jvm/jdk1.8.0_111/jre/lib/amd64/libawt_xawt.so
7f2cb4834000-7f2cb4a34000 ---p 00054000 08:06 10486207                   /usr/lib/jvm/jdk1.8.0_111/jre/lib/amd64/libawt_xawt.so
7f2cb4a34000-7f2cb4a38000 rw-p 00054000 08:06 10486207                   /usr/lib/jvm/jdk1.8.0_111/jre/lib/amd64/libawt_xawt.so
7f2cb4a38000-7f2cb4a39000 rw-p 00000000 00:00 0 
7f2cb4a40000-7f2cb4ae2000 r-xp 00000000 08:06 10486240                   /usr/lib/jvm/jdk1.8.0_111/jre/lib/amd64/libawt.so
7f2cb4ae2000-7f2cb4ce2000 ---p 000a2000 08:06 10486240                   /usr/lib/jvm/jdk1.8.0_111/jre/lib/amd64/libawt.so
7f2cb4ce2000-7f2cb4cee000 rw-p 000a2000 08:06 10486240                   /usr/lib/jvm/jdk1.8.0_111/jre/lib/amd64/libawt.so
7f2cb4cee000-7f2cb4d12000 rw-p 00000000 00:00 0 
7f2cb4d18000-7f2cb4e18000 rw-s 00000000 00:05 4980780                    /SYSV00000000 (deleted)
7f2cb4e1a000-7f2cb4f1a000 rw-s 16045a000 00:06 11833                     /dev/nvidiactl
7f2cb4f20000-7f2cb4f9b000 r-xp 00000000 08:06 794106                     /usr/lib/x86_64-linux-gnu/nss/libfreebl3.so
7f2cb4f9b000-7f2cb519a000 ---p 0007b000 08:06 794106                     /usr/lib/x86_64-linux-gnu/nss/libfreebl3.so
7f2cb519a000-7f2cb519c000 r--p 0007a000 08:06 794106                     /usr/lib/x86_64-linux-gnu/nss/libfreebl3.so
7f2cb519c000-7f2cb519d000 rw-p 0007c000 08:06 794106                     /usr/lib/x86_64-linux-gnu/nss/libfreebl3.so
7f2cb519d000-7f2cb51a1000 rw-p 00000000 00:00 0 
7f2cb51a8000-7f2cb525c000 r-xp 00000000 08:06 271632                     /usr/lib/x86_64-linux-gnu/libsqlite3.so.0.8.6
7f2cb525c000-7f2cb545c000 ---p 000b4000 08:06 271632                     /usr/lib/x86_64-linux-gnu/libsqlite3.so.0.8.6
7f2cb545c000-7f2cb545e000 r--p 000b4000 08:06 271632                     /usr/lib/x86_64-linux-gnu/libsqlite3.so.0.8.6
7f2cb545e000-7f2cb5460000 rw-p 000b6000 08:06 271632                     /usr/lib/x86_64-linux-gnu/libsqlite3.so.0.8.6
7f2cb5460000-7f2cb5461000 rw-p 00000000 00:00 0 
7f2cb5468000-7f2cb54a9000 r-xp 00000000 08:06 794105                     /usr/lib/x86_64-linux-gnu/nss/libsoftokn3.so
7f2cb54a9000-7f2cb56a8000 ---p 00041000 08:06 794105                     /usr/lib/x86_64-linux-gnu/nss/libsoftokn3.so
7f2cb56a8000-7f2cb56a9000 r--p 00040000 08:06 794105                     /usr/lib/x86_64-linux-gnu/nss/libsoftokn3.so
7f2cb56a9000-7f2cb56aa000 rw-p 00041000 08:06 794105                     /usr/lib/x86_64-linux-gnu/nss/libsoftokn3.so
7f2cb56ae000-7f2cb56b1000 ---p 00000000 00:00 0 
7f2cb56b1000-7f2cb57af000 rw-p 00000000 00:00 0                          [stack:4948]
7f2cb57af000-7f2cb57b0000 ---p 00000000 00:00 0 
7f2cb57b0000-7f2cb5fb0000 rw-p 00000000 00:00 0                          [stack:4947]
7f2cb5fb0000-7f2cb5ff4000 r-xp 00000000 08:06 11276542                   /lib/x86_64-linux-gnu/libdbus-1.so.3.7.6
7f2cb5ff4000-7f2cb61f3000 ---p 00044000 08:06 11276542                   /lib/x86_64-linux-gnu/libdbus-1.so.3.7.6
7f2cb61f3000-7f2cb61f4000 r--p 00043000 08:06 11276542                   /lib/x86_64-linux-gnu/libdbus-1.so.3.7.6
7f2cb61f4000-7f2cb61f5000 rw-p 00044000 08:06 11276542                   /lib/x86_64-linux-gnu/libdbus-1.so.3.7.6
7f2cb61f8000-7f2cb6200000 r-xp 00000000 08:06 11276591                   /lib/x86_64-linux-gnu/libnih-dbus.so.1.0.0
7f2cb6200000-7f2cb6400000 ---p 00008000 08:06 11276591                   /lib/x86_64-linux-gnu/libnih-dbus.so.1.0.0
7f2cb6400000-7f2cb6401000 r--p 00008000 08:06 11276591                   /lib/x86_64-linux-gnu/libnih-dbus.so.1.0.0
7f2cb6401000-7f2cb6402000 rw-p 00009000 08:06 11276591                   /lib/x86_64-linux-gnu/libnih-dbus.so.1.0.0
7f2cb6408000-7f2cb641f000 r-xp 00000000 08:06 11276593                   /lib/x86_64-linux-gnu/libnih.so.1.0.0
7f2cb641f000-7f2cb661e000 ---p 00017000 08:06 11276593                   /lib/x86_64-linux-gnu/libnih.so.1.0.0
7f2cb661e000-7f2cb661f000 r--p 00016000 08:06 11276593                   /lib/x86_64-linux-gnu/libnih.so.1.0.0
7f2cb661f000-7f2cb6620000 rw-p 00017000 08:06 11276593                   /lib/x86_64-linux-gnu/libnih.so.1.0.0
7f2cb6620000-7f2cb6639000 r-xp 00000000 08:06 11276533                   /lib/x86_64-linux-gnu/libcgmanager.so.0.0.0
7f2cb6639000-7f2cb6838000 ---p 00019000 08:06 11276533                   /lib/x86_64-linux-gnu/libcgmanager.so.0.0.0
7f2cb6838000-7f2cb683a000 r--p 00018000 08:06 11276533                   /lib/x86_64-linux-gnu/libcgmanager.so.0.0.0
7f2cb683a000-7f2cb683b000 rw-p 0001a000 08:06 11276533                   /lib/x86_64-linux-gnu/libcgmanager.so.0.0.0
7f2cb6840000-7f2cb6879000 r-xp 00000000 08:06 268901                     /usr/lib/x86_64-linux-gnu/libnspr4.so
7f2cb6879000-7f2cb6a78000 ---p 00039000 08:06 268901                     /usr/lib/x86_64-linux-gnu/libnspr4.so
7f2cb6a78000-7f2cb6a79000 r--p 00038000 08:06 268901                     /usr/lib/x86_64-linux-gnu/libnspr4.so
7f2cb6a79000-7f2cb6a7a000 rw-p 00039000 08:06 268901                     /usr/lib/x86_64-linux-gnu/libnspr4.so
7f2cb6a7a000-7f2cb6a7d000 rw-p 00000000 00:00 0 
7f2cb6a80000-7f2cb6a83000 r-xp 00000000 08:06 268900                     /usr/lib/x86_64-linux-gnu/libplds4.so
7f2cb6a83000-7f2cb6c82000 ---p 00003000 08:06 268900                     /usr/lib/x86_64-linux-gnu/libplds4.so
7f2cb6c82000-7f2cb6c83000 r--p 00002000 08:06 268900                     /usr/lib/x86_64-linux-gnu/libplds4.so
7f2cb6c83000-7f2cb6c84000 rw-p 00003000 08:06 268900                     /usr/lib/x86_64-linux-gnu/libplds4.so
7f2cb6c88000-7f2cb6c8c000 r-xp 00000000 08:06 268861                     /usr/lib/x86_64-linux-gnu/libplc4.so
7f2cb6c8c000-7f2cb6e8b000 ---p 00004000 08:06 268861                     /usr/lib/x86_64-linux-gnu/libplc4.so
7f2cb6e8b000-7f2cb6e8c000 r--p 00003000 08:06 268861                     /usr/lib/x86_64-linux-gnu/libplc4.so
7f2cb6e8c000-7f2cb6e8d000 rw-p 00004000 08:06 268861                     /usr/lib/x86_64-linux-gnu/libplc4.so
7f2cb6e90000-7f2cb6eb5000 r-xp 00000000 08:06 268074                     /usr/lib/x86_64-linux-gnu/libnssutil3.so
7f2cb6eb5000-7f2cb70b5000 ---p 00025000 08:06 268074                     /usr/lib/x86_64-linux-gnu/libnssutil3.so
7f2cb70b5000-7f2cb70bb000 r--p 00025000 08:06 268074                     /usr/lib/x86_64-linux-gnu/libnssutil3.so
7f2cb70bb000-7f2cb70bc000 rw-p 0002b000 08:06 268074                     /usr/lib/x86_64-linux-gnu/libnssutil3.so
7f2cb70c0000-7f2cb70d0000 r-xp 00000000 08:06 11276675                   /lib/x86_64-linux-gnu/libudev.so.1.3.5
7f2cb70d0000-7f2cb72cf000 ---p 00010000 08:06 11276675                   /lib/x86_64-linux-gnu/libudev.so.1.3.5
7f2cb72cf000-7f2cb72d0000 r--p 0000f000 08:06 11276675                   /lib/x86_64-linux-gnu/libudev.so.1.3.5
7f2cb72d0000-7f2cb72d1000 rw-p 00010000 08:06 11276675                   /lib/x86_64-linux-gnu/libudev.so.1.3.5
7f2cb72d8000-7f2cb740d000 r-xp 00000000 08:06 268076                     /usr/lib/x86_64-linux-gnu/libnss3.so
7f2cb740d000-7f2cb760c000 ---p 00135000 08:06 268076                     /usr/lib/x86_64-linux-gnu/libnss3.so
7f2cb760c000-7f2cb7611000 r--p 00134000 08:06 268076                     /usr/lib/x86_64-linux-gnu/libnss3.so
7f2cb7611000-7f2cb7613000 rw-p 00139000 08:06 268076                     /usr/lib/x86_64-linux-gnu/libnss3.so
7f2cb7613000-7f2cb7614000 rw-p 00000000 00:00 0 
7f2cb7618000-7f2cb762d000 r-xp 00000000 08:06 11276681                   /lib/x86_64-linux-gnu/libusb-1.0.so.0.1.0
7f2cb762d000-7f2cb782d000 ---p 00015000 08:06 11276681                   /lib/x86_64-linux-gnu/libusb-1.0.so.0.1.0
7f2cb782d000-7f2cb782e000 r--p 00015000 08:06 11276681                   /lib/x86_64-linux-gnu/libusb-1.0.so.0.1.0
7f2cb782e000-7f2cb782f000 rw-p 00016000 08:06 11276681                   /lib/x86_64-linux-gnu/libusb-1.0.so.0.1.0
7f2cb7830000-7f2cb7887000 r-xp 00000000 08:06 787714                     /usr/local/lib/libfprint.so.0.0.0
7f2cb7887000-7f2cb7a86000 ---p 00057000 08:06 787714                     /usr/local/lib/libfprint.so.0.0.0
7f2cb7a86000-7f2cb7a87000 r--p 00056000 08:06 787714                     /usr/local/lib/libfprint.so.0.0.0
7f2cb7a87000-7f2cb7a98000 rw-p 00057000 08:06 787714                     /usr/local/lib/libfprint.so.0.0.0
7f2cb7a98000-7f2cba949000 rw-p 00000000 00:00 0 
7f2cba950000-7f2cba956000 r-xp 00000000 08:06 131107                     /tmp/libfingerprint7467206298608716058.so
7f2cba956000-7f2cbab55000 ---p 00006000 08:06 131107                     /tmp/libfingerprint7467206298608716058.so
7f2cbab55000-7f2cbab56000 r--p 00005000 08:06 131107                     /tmp/libfingerprint7467206298608716058.so
7f2cbab56000-7f2cbab57000 rw-p 00006000 08:06 131107                     /tmp/libfingerprint7467206298608716058.so
7f2cbab5d000-7f2cbad5d000 rw-p 00000000 00:00 0 
7f2cbad5d000-7f2cbaf5d000 rw-s 182b8d000 00:06 11833                     /dev/nvidiactl
7f2cbaf60000-7f2cbb360000 rw-s 3f1b8000 00:06 11833                      /dev/nvidiactl
7f2cbb5fb000-7f2cbb7fb000 rw-s 167e13000 00:06 11833                     /dev/nvidiactl
7f2cbb7ff000-7f2cbc000000 rw-p 00000000 00:00 0 
7f2cbc000000-7f2cbc6f1000 rw-p 00000000 00:00 0 
7f2cbc6f1000-7f2cc0000000 ---p 00000000 00:00 0 
7f2cc0000000-7f2cc0028000 rw-p 00000000 00:00 0 
7f2cc0028000-7f2cc4000000 ---p 00000000 00:00 0 
7f2cc4000000-7f2cc4021000 rw-p 00000000 00:00 0 
7f2cc4021000-7f2cc8000000 ---p 00000000 00:00 0 
7f2cc816e000-7f2cc8171000 ---p 00000000 00:00 0 
7f2cc8171000-7f2cc826f000 rw-p 00000000 00:00 0                          [stack:7069]
7f2cc826f000-7f2cc8272000 ---p 00000000 00:00 0 
7f2cc8272000-7f2cc8370000 rw-p 00000000 00:00 0 
7f2cc8370000-7f2cc841a000 r--p 00000000 08:06 1445411                    /usr/share/fonts/truetype/dejavu/DejaVuSans-Bold.ttf
7f2cc841d000-7f2cc8430000 r--s 00345000 08:06 10486404                   /usr/lib/jvm/jdk1.8.0_111/jre/lib/resources.jar
7f2cc8430000-7f2cc8630000 rw-p 00000000 00:00 0 
7f2cc8630000-7f2cc8830000 rw-p 00000000 00:00 0 
7f2cc8830000-7f2cc88e6000 r--p 00000000 08:06 1445415                    /usr/share/fonts/truetype/dejavu/DejaVuSans.ttf
7f2cc88eb000-7f2cc88ee000 ---p 00000000 00:00 0 
7f2cc88ee000-7f2cc89ec000 rw-p 00000000 00:00 0                          [stack:4840]
7f2cc89ec000-7f2cc89f1000 r--s 00084000 08:06 10486279                   /usr/lib/jvm/jdk1.8.0_111/jre/lib/jfr.jar
7f2cc89f8000-7f2cc8a27000 r-xp 00000000 08:06 788682                     /usr/lib/x86_64-linux-gnu/gtk-2.0/2.10.0/engines/libmurrine.so
7f2cc8a27000-7f2cc8c27000 ---p 0002f000 08:06 788682                     /usr/lib/x86_64-linux-gnu/gtk-2.0/2.10.0/engines/libmurrine.so
7f2cc8c27000-7f2cc8c28000 r--p 0002f000 08:06 788682                     /usr/lib/x86_64-linux-gnu/gtk-2.0/2.10.0/engines/libmurrine.so
7f2cc8c28000-7f2cc8c29000 rw-p 00030000 08:06 788682                     /usr/lib/x86_64-linux-gnu/gtk-2.0/2.10.0/engines/libmurrine.so
7f2cc8c30000-7f2cc8c39000 r-xp 00000000 08:06 787773                     /usr/lib/x86_64-linux-gnu/gtk-2.0/2.10.0/engines/libpixmap.so
7f2cc8c39000-7f2cc8e39000 ---p 00009000 08:06 787773                     /usr/lib/x86_64-linux-gnu/gtk-2.0/2.10.0/engines/libpixmap.so
7f2cc8e39000-7f2cc8e3a000 r--p 00009000 08:06 787773                     /usr/lib/x86_64-linux-gnu/gtk-2.0/2.10.0/engines/libpixmap.so
7f2cc8e3a000-7f2cc8e3b000 rw-p 0000a000 08:06 787773                     /usr/lib/x86_64-linux-gnu/gtk-2.0/2.10.0/engines/libpixmap.so
7f2cc8e40000-7f2cc9040000 rw-p 00000000 00:00 0 
7f2cc9040000-7f2cc9240000 rw-p 00000000 00:00 0 
7f2cc9240000-7f2cc92eb000 r--p 00000000 08:06 10486268                   /usr/lib/jvm/jdk1.8.0_111/jre/lib/fonts/LucidaSansRegular.ttf
7f2cc92f0000-7f2cc932a000 r--p 00000000 08:06 10486270                   /usr/lib/jvm/jdk1.8.0_111/jre/lib/fonts/LucidaTypewriterBold.ttf
7f2cc9330000-7f2cc9343000 r--p 00000000 08:06 10486276                   /usr/lib/jvm/jdk1.8.0_111/jre/lib/fonts/LucidaBrightDemiItalic.ttf
7f2cc9348000-7f2cc9396000 r--p 00000000 08:06 10486275                   /usr/lib/jvm/jdk1.8.0_111/jre/lib/fonts/LucidaSansDemiBold.ttf
7f2cc9398000-7f2cc93d4000 r--p 00000000 08:06 10486274                   /usr/lib/jvm/jdk1.8.0_111/jre/lib/fonts/LucidaTypewriterRegular.ttf
7f2cc93d8000-7f2cc942d000 r--p 00000000 08:06 10486271                   /usr/lib/jvm/jdk1.8.0_111/jre/lib/fonts/LucidaBrightRegular.ttf
7f2cc9430000-7f2cc9444000 r--p 00000000 08:06 10486272                   /usr/lib/jvm/jdk1.8.0_111/jre/lib/fonts/LucidaBrightItalic.ttf
7f2cc9448000-7f2cc945b000 r--p 00000000 08:06 10486269                   /usr/lib/jvm/jdk1.8.0_111/jre/lib/fonts/LucidaBrightDemiBold.ttf
7f2cc9460000-7f2cc9464000 r-xp 00000000 08:06 10486217                   /usr/lib/jvm/jdk1.8.0_111/jre/lib/amd64/libjavafx_font_pango.so
7f2cc9464000-7f2cc9663000 ---p 00004000 08:06 10486217                   /usr/lib/jvm/jdk1.8.0_111/jre/lib/amd64/libjavafx_font_pango.so
7f2cc9663000-7f2cc9664000 rw-p 00003000 08:06 10486217                   /usr/lib/jvm/jdk1.8.0_111/jre/lib/amd64/libjavafx_font_pango.so
7f2cc9668000-7f2cc9669000 r--s 00000000 08:06 3801416                    /var/cache/fontconfig/c05880de57d1f5e948fdfacc138775d9-le64.cache-4
7f2cc9670000-7f2cc967b000 r--s 00000000 08:06 3801409                    /var/cache/fontconfig/945677eb7aeaf62f1d50efc3fb3ec7d8-le64.cache-4
7f2cc9680000-7f2cc9682000 r--s 00000000 08:06 3801411                    /var/cache/fontconfig/99e8ed0e538f840c565b6ed5dad60d56-le64.cache-4
7f2cc9688000-7f2cc968e000 r--s 00000000 08:06 3801393                    /var/cache/fontconfig/2cd17615ca594fa2959ae173292e504c-le64.cache-4
7f2cc9690000-7f2cc9691000 r--s 00000000 08:06 3801427                    /var/cache/fontconfig/e7071f4a29fa870f4323321c154eba04-le64.cache-4
7f2cc9698000-7f2cc9699000 r--s 00000000 08:06 3801390                    /var/cache/fontconfig/0d8c3b2ac0904cb8a57a757ad11a4a08-le64.cache-4
7f2cc96a0000-7f2cc96a7000 r--s 00000000 08:06 3801413                    /var/cache/fontconfig/a755afe4a08bf5b97852ceb7400b47bc-le64.cache-4
7f2cc96a8000-7f2cc96b4000 r--s 00000000 08:06 3801404                    /var/cache/fontconfig/6d41288fd70b0be22e8c3a91e032eec0-le64.cache-4
7f2cc96b8000-7f2cc96cc000 r--s 00000000 08:06 3801387                    /var/cache/fontconfig/04aabc0a78ac019cf9454389977116d2-le64.cache-4
7f2cc96d0000-7f2cc96d1000 r--s 00000000 08:06 3801392                    /var/cache/fontconfig/1ac9eb803944fde146138c791f5cc56a-le64.cache-4
7f2cc96d8000-7f2cc96dc000 r--s 00000000 08:06 3801396                    /var/cache/fontconfig/385c0604a188198f04d133e54aba7fe7-le64.cache-4
7f2cc96e0000-7f2cc96e1000 r--s 00000000 08:06 3801424                    /var/cache/fontconfig/dc05db6664285cc2f12bf69c139ae4c3-le64.cache-4
7f2cc96e8000-7f2cc96ea000 r--s 00000000 08:06 3801406                    /var/cache/fontconfig/767a8244fc0220cfb567a839d0392e0b-le64.cache-4
7f2cc96f0000-7f2cc96f1000 r--s 00000000 08:06 3801398                    /var/cache/fontconfig/4794a0821666d79190d59a36cb4f44b5-le64.cache-4
7f2cc96f8000-7f2cc970a000 r--s 00000000 08:06 3801388                    /var/cache/fontconfig/0bd3dc0958fa2205aaaa8ebb13e2872b-le64.cache-4
7f2cc9710000-7f2cc9715000 r--s 00000000 08:06 3801408                    /var/cache/fontconfig/8801497958630a81b71ace7c5f9b32a8-le64.cache-4
7f2cc9718000-7f2cc971e000 r--s 00000000 08:06 3816246                    /var/cache/fontconfig/ca37dee8d6057f2a069c1b3d05990269-le64.cache-4
7f2cc9720000-7f2cc9724000 r--s 00000000 08:06 3815067                    /var/cache/fontconfig/c57959a16110560c8d0fcea73374aeeb-le64.cache-4
7f2cc9728000-7f2cc972f000 r--s 00000000 08:06 3801394                    /var/cache/fontconfig/3047814df9a2f067bd2d96a2b9c36e5a-le64.cache-4
7f2cc9730000-7f2cc9736000 r--s 00000000 08:06 3801414                    /var/cache/fontconfig/b47c4e1ecd0709278f4910c18777a504-le64.cache-4
7f2cc9738000-7f2cc974b000 r--s 00000000 08:06 3801421                    /var/cache/fontconfig/d52a8644073d54c13679302ca1180695-le64.cache-4
7f2cc9750000-7f2cc9759000 r--s 00000000 08:06 3801397                    /var/cache/fontconfig/3f7329c5293ffd510edef78f73874cfd-le64.cache-4
7f2cc9760000-7f2cc976b000 r--s 00000000 08:06 3801422                    /var/cache/fontconfig/d589a48862398ed80a3d6066f4f56f4c-le64.cache-4
7f2cc9770000-7f2cc9779000 r--s 00000000 08:06 3801419                    /var/cache/fontconfig/d0972c3d32f097851eb916381fc38920-le64.cache-4
7f2cc9780000-7f2cc9783000 r--s 00000000 08:06 3812658                    /var/cache/fontconfig/e13b20fdb08344e0e664864cc2ede53d-le64.cache-4
7f2cc9788000-7f2cc978c000 r--s 00000000 08:06 3816245                    /var/cache/fontconfig/7ef2298fde41cc6eeb7af42e48b7d293-le64.cache-4
7f2cc9790000-7f2cc9795000 r-xp 00000000 08:06 10486213                   /usr/lib/jvm/jdk1.8.0_111/jre/lib/amd64/libjavafx_font_freetype.so
7f2cc9795000-7f2cc9994000 ---p 00005000 08:06 10486213                   /usr/lib/jvm/jdk1.8.0_111/jre/lib/amd64/libjavafx_font_freetype.so
7f2cc9994000-7f2cc9995000 rw-p 00004000 08:06 10486213                   /usr/lib/jvm/jdk1.8.0_111/jre/lib/amd64/libjavafx_font_freetype.so
7f2cc9998000-7f2cc999b000 r-xp 00000000 08:06 10486175                   /usr/lib/jvm/jdk1.8.0_111/jre/lib/amd64/libjavafx_font.so
7f2cc999b000-7f2cc9b9a000 ---p 00003000 08:06 10486175                   /usr/lib/jvm/jdk1.8.0_111/jre/lib/amd64/libjavafx_font.so
7f2cc9b9a000-7f2cc9b9b000 rw-p 00002000 08:06 10486175                   /usr/lib/jvm/jdk1.8.0_111/jre/lib/amd64/libjavafx_font.so
7f2cc9b9d000-7f2cc9d9d000 rw-p 00000000 00:00 0 
7f2cc9d9d000-7f2cc9da0000 ---p 00000000 00:00 0 
7f2cc9da0000-7f2cc9e9e000 rw-p 00000000 00:00 0                          [stack:4768]
7f2cc9e9e000-7f2cc9ea1000 ---p 00000000 00:00 0 
7f2cc9ea1000-7f2cc9f9f000 rw-p 00000000 00:00 0                          [stack:4763]
7f2cc9f9f000-7f2cc9fa2000 ---p 00000000 00:00 0 
7f2cc9fa2000-7f2cca0a0000 rw-p 00000000 00:00 0                          [stack:4762]
7f2cca0a0000-7f2cca0ca000 r--p 00000000 08:06 1314249                    /usr/share/locale-langpack/es/LC_MESSAGES/gtk20-properties.mo
7f2cca0d0000-7f2cca0f9000 r-xp 00000000 08:06 10486225                   /usr/lib/jvm/jdk1.8.0_111/jre/lib/amd64/libglass.so
7f2cca0f9000-7f2cca2f8000 ---p 00029000 08:06 10486225                   /usr/lib/jvm/jdk1.8.0_111/jre/lib/amd64/libglass.so
7f2cca2f8000-7f2cca2fb000 rw-p 00028000 08:06 10486225                   /usr/lib/jvm/jdk1.8.0_111/jre/lib/amd64/libglass.so
7f2cca300000-7f2cca380000 rw-s 3f140000 00:06 11833                      /dev/nvidiactl
7f2cca387000-7f2cca407000 rw-s 3f0ef000 00:06 11833                      /dev/nvidiactl
7f2cca407000-7f2cca487000 rw-s 3d89f000 00:06 11833                      /dev/nvidiactl
7f2cca488000-7f2cca48e000 r-xp 00000000 08:06 270780                     /usr/lib/x86_64-linux-gnu/libdatrie.so.1.3.1
7f2cca48e000-7f2cca68d000 ---p 00006000 08:06 270780                     /usr/lib/x86_64-linux-gnu/libdatrie.so.1.3.1
7f2cca68d000-7f2cca68e000 r--p 00005000 08:06 270780                     /usr/lib/x86_64-linux-gnu/libdatrie.so.1.3.1
7f2cca68e000-7f2cca68f000 rw-p 00006000 08:06 270780                     /usr/lib/x86_64-linux-gnu/libdatrie.so.1.3.1
7f2cca690000-7f2cca695000 r-xp 00000000 08:06 270557                     /usr/lib/x86_64-linux-gnu/libXdmcp.so.6.0.0
7f2cca695000-7f2cca894000 ---p 00005000 08:06 270557                     /usr/lib/x86_64-linux-gnu/libXdmcp.so.6.0.0
7f2cca894000-7f2cca895000 r--p 00004000 08:06 270557                     /usr/lib/x86_64-linux-gnu/libXdmcp.so.6.0.0
7f2cca895000-7f2cca896000 rw-p 00005000 08:06 270557                     /usr/lib/x86_64-linux-gnu/libXdmcp.so.6.0.0
7f2cca898000-7f2cca89a000 r-xp 00000000 08:06 270544                     /usr/lib/x86_64-linux-gnu/libXau.so.6.0.0
7f2cca89a000-7f2ccaa9a000 ---p 00002000 08:06 270544                     /usr/lib/x86_64-linux-gnu/libXau.so.6.0.0
7f2ccaa9a000-7f2ccaa9b000 r--p 00002000 08:06 270544                     /usr/lib/x86_64-linux-gnu/libXau.so.6.0.0
7f2ccaa9b000-7f2ccaa9c000 rw-p 00003000 08:06 270544                     /usr/lib/x86_64-linux-gnu/libXau.so.6.0.0
7f2ccaaa0000-7f2ccaaba000 r-xp 00000000 08:06 263304                     /usr/lib/x86_64-linux-gnu/libgraphite2.so.3.0.1
7f2ccaaba000-7f2ccacb9000 ---p 0001a000 08:06 263304                     /usr/lib/x86_64-linux-gnu/libgraphite2.so.3.0.1
7f2ccacb9000-7f2ccacbb000 r--p 00019000 08:06 263304                     /usr/lib/x86_64-linux-gnu/libgraphite2.so.3.0.1
7f2ccacbb000-7f2ccacbc000 rw-p 0001b000 08:06 263304                     /usr/lib/x86_64-linux-gnu/libgraphite2.so.3.0.1
7f2ccacc0000-7f2ccc6bd000 r-xp 00000000 08:06 921231                     /usr/lib/nvidia-352/libnvidia-glcore.so.352.63
7f2ccc6bd000-7f2ccc6dd000 rwxp 019fd000 08:06 921231                     /usr/lib/nvidia-352/libnvidia-glcore.so.352.63
7f2ccc6dd000-7f2ccc9a4000 r-xp 01a1d000 08:06 921231                     /usr/lib/nvidia-352/libnvidia-glcore.so.352.63
7f2ccc9a4000-7f2cccba3000 ---p 01ce4000 08:06 921231                     /usr/lib/nvidia-352/libnvidia-glcore.so.352.63
7f2cccba3000-7f2ccd73f000 rw-p 01ce3000 08:06 921231                     /usr/lib/nvidia-352/libnvidia-glcore.so.352.63
7f2ccd73f000-7f2ccd753000 rw-p 00000000 00:00 0 
7f2ccd758000-7f2ccd75b000 r-xp 00000000 08:06 1184481                    /usr/lib/nvidia-352/tls/libnvidia-tls.so.352.63
7f2ccd75b000-7f2ccd95a000 ---p 00003000 08:06 1184481                    /usr/lib/nvidia-352/tls/libnvidia-tls.so.352.63
7f2ccd95a000-7f2ccd95b000 rw-p 00002000 08:06 1184481                    /usr/lib/nvidia-352/tls/libnvidia-tls.so.352.63
7f2ccd960000-7f2ccd99d000 r-xp 00000000 08:06 11276632                   /lib/x86_64-linux-gnu/libpcre.so.3.13.1
7f2ccd99d000-7f2ccdb9c000 ---p 0003d000 08:06 11276632                   /lib/x86_64-linux-gnu/libpcre.so.3.13.1
7f2ccdb9c000-7f2ccdb9d000 r--p 0003c000 08:06 11276632                   /lib/x86_64-linux-gnu/libpcre.so.3.13.1
7f2ccdb9d000-7f2ccdb9e000 rw-p 0003d000 08:06 11276632                   /lib/x86_64-linux-gnu/libpcre.so.3.13.1
7f2ccdba0000-7f2ccdba7000 r-xp 00000000 08:06 262898                     /usr/lib/x86_64-linux-gnu/libffi.so.6.0.1
7f2ccdba7000-7f2ccdda6000 ---p 00007000 08:06 262898                     /usr/lib/x86_64-linux-gnu/libffi.so.6.0.1
7f2ccdda6000-7f2ccdda7000 r--p 00006000 08:06 262898                     /usr/lib/x86_64-linux-gnu/libffi.so.6.0.1
7f2ccdda7000-7f2ccdda8000 rw-p 00007000 08:06 262898                     /usr/lib/x86_64-linux-gnu/libffi.so.6.0.1
7f2ccdda8000-7f2ccddcf000 r-xp 00000000 08:06 11276550                   /lib/x86_64-linux-gnu/libexpat.so.1.6.0
7f2ccddcf000-7f2ccdfcf000 ---p 00027000 08:06 11276550                   /lib/x86_64-linux-gnu/libexpat.so.1.6.0
7f2ccdfcf000-7f2ccdfd1000 r--p 00027000 08:06 11276550                   /lib/x86_64-linux-gnu/libexpat.so.1.6.0
7f2ccdfd1000-7f2ccdfd2000 rw-p 00029000 08:06 11276550                   /lib/x86_64-linux-gnu/libexpat.so.1.6.0
7f2ccdfd8000-7f2ccdfe0000 r-xp 00000000 08:06 271660                     /usr/lib/x86_64-linux-gnu/libthai.so.0.2.0
7f2ccdfe0000-7f2cce1df000 ---p 00008000 08:06 271660                     /usr/lib/x86_64-linux-gnu/libthai.so.0.2.0
7f2cce1df000-7f2cce1e0000 r--p 00007000 08:06 271660                     /usr/lib/x86_64-linux-gnu/libthai.so.0.2.0
7f2cce1e0000-7f2cce1e1000 rw-p 00008000 08:06 271660                     /usr/lib/x86_64-linux-gnu/libthai.so.0.2.0
7f2cce1e8000-7f2cce205000 r-xp 00000000 08:06 271805                     /usr/lib/x86_64-linux-gnu/libxcb.so.1.1.0
7f2cce205000-7f2cce405000 ---p 0001d000 08:06 271805                     /usr/lib/x86_64-linux-gnu/libxcb.so.1.1.0
7f2cce405000-7f2cce406000 r--p 0001d000 08:06 271805                     /usr/lib/x86_64-linux-gnu/libxcb.so.1.1.0
7f2cce406000-7f2cce407000 rw-p 0001e000 08:06 271805                     /usr/lib/x86_64-linux-gnu/libxcb.so.1.1.0
7f2cce408000-7f2cce410000 r-xp 00000000 08:06 271787                     /usr/lib/x86_64-linux-gnu/libxcb-render.so.0.0.0
7f2cce410000-7f2cce60f000 ---p 00008000 08:06 271787                     /usr/lib/x86_64-linux-gnu/libxcb-render.so.0.0.0
7f2cce60f000-7f2cce610000 r--p 00007000 08:06 271787                     /usr/lib/x86_64-linux-gnu/libxcb-render.so.0.0.0
7f2cce610000-7f2cce611000 rw-p 00008000 08:06 271787                     /usr/lib/x86_64-linux-gnu/libxcb-render.so.0.0.0
7f2cce618000-7f2cce61a000 r-xp 00000000 08:06 271791                     /usr/lib/x86_64-linux-gnu/libxcb-shm.so.0.0.0
7f2cce61a000-7f2cce819000 ---p 00002000 08:06 271791                     /usr/lib/x86_64-linux-gnu/libxcb-shm.so.0.0.0
7f2cce819000-7f2cce81a000 r--p 00001000 08:06 271791                     /usr/lib/x86_64-linux-gnu/libxcb-shm.so.0.0.0
7f2cce81a000-7f2cce81b000 rw-p 00002000 08:06 271791                     /usr/lib/x86_64-linux-gnu/libxcb-shm.so.0.0.0
7f2cce820000-7f2cce845000 r-xp 00000000 08:06 11273421                   /lib/x86_64-linux-gnu/libpng12.so.0.50.0
7f2cce845000-7f2ccea44000 ---p 00025000 08:06 11273421                   /lib/x86_64-linux-gnu/libpng12.so.0.50.0
7f2ccea44000-7f2ccea45000 r--p 00024000 08:06 11273421                   /lib/x86_64-linux-gnu/libpng12.so.0.50.0
7f2ccea45000-7f2ccea46000 rw-p 00025000 08:06 11273421                   /lib/x86_64-linux-gnu/libpng12.so.0.50.0
7f2ccea48000-7f2cceae9000 r-xp 00000000 08:06 271486                     /usr/lib/x86_64-linux-gnu/libpixman-1.so.0.30.2
7f2cceae9000-7f2ccece9000 ---p 000a1000 08:06 271486                     /usr/lib/x86_64-linux-gnu/libpixman-1.so.0.30.2
7f2ccece9000-7f2ccecf0000 r--p 000a1000 08:06 271486                     /usr/lib/x86_64-linux-gnu/libpixman-1.so.0.30.2
7f2ccecf0000-7f2ccecf1000 rw-p 000a8000 08:06 271486                     /usr/lib/x86_64-linux-gnu/libpixman-1.so.0.30.2
7f2ccecf8000-7f2cced4b000 r-xp 00000000 08:06 271186                     /usr/lib/x86_64-linux-gnu/libharfbuzz.so.0.927.0
7f2cced4b000-7f2ccef4b000 ---p 00053000 08:06 271186                     /usr/lib/x86_64-linux-gnu/libharfbuzz.so.0.927.0
7f2ccef4b000-7f2ccef4c000 r--p 00053000 08:06 271186                     /usr/lib/x86_64-linux-gnu/libharfbuzz.so.0.927.0
7f2ccef4c000-7f2ccef4d000 rw-p 00054000 08:06 271186                     /usr/lib/x86_64-linux-gnu/libharfbuzz.so.0.927.0
7f2ccef50000-7f2ccef67000 r-xp 00000000 08:06 11272221                   /lib/x86_64-linux-gnu/libresolv-2.19.so
7f2ccef67000-7f2ccf167000 ---p 00017000 08:06 11272221                   /lib/x86_64-linux-gnu/libresolv-2.19.so
7f2ccf167000-7f2ccf168000 r--p 00017000 08:06 11272221                   /lib/x86_64-linux-gnu/libresolv-2.19.so
7f2ccf168000-7f2ccf169000 rw-p 00018000 08:06 11272221                   /lib/x86_64-linux-gnu/libresolv-2.19.so
7f2ccf169000-7f2ccf16b000 rw-p 00000000 00:00 0 
7f2ccf170000-7f2ccf190000 r-xp 00000000 08:06 11276659                   /lib/x86_64-linux-gnu/libselinux.so.1
7f2ccf190000-7f2ccf38f000 ---p 00020000 08:06 11276659                   /lib/x86_64-linux-gnu/libselinux.so.1
7f2ccf38f000-7f2ccf390000 r--p 0001f000 08:06 11276659                   /lib/x86_64-linux-gnu/libselinux.so.1
7f2ccf390000-7f2ccf391000 rw-p 00020000 08:06 11276659                   /lib/x86_64-linux-gnu/libselinux.so.1
7f2ccf391000-7f2ccf393000 rw-p 00000000 00:00 0 
7f2ccf398000-7f2ccf3b0000 r-xp 00000000 08:06 11276690                   /lib/x86_64-linux-gnu/libz.so.1.2.8
7f2ccf3b0000-7f2ccf5af000 ---p 00018000 08:06 11276690                   /lib/x86_64-linux-gnu/libz.so.1.2.8
7f2ccf5af000-7f2ccf5b0000 r--p 00017000 08:06 11276690                   /lib/x86_64-linux-gnu/libz.so.1.2.8
7f2ccf5b0000-7f2ccf5b1000 rw-p 00018000 08:06 11276690                   /lib/x86_64-linux-gnu/libz.so.1.2.8
7f2ccf5b8000-7f2ccf5c9000 r-xp 00000000 08:06 270559                     /usr/lib/x86_64-linux-gnu/libXext.so.6.4.0
7f2ccf5c9000-7f2ccf7c8000 ---p 00011000 08:06 270559                     /usr/lib/x86_64-linux-gnu/libXext.so.6.4.0
7f2ccf7c8000-7f2ccf7c9000 r--p 00010000 08:06 270559                     /usr/lib/x86_64-linux-gnu/libXext.so.6.4.0
7f2ccf7c9000-7f2ccf7ca000 rw-p 00011000 08:06 270559                     /usr/lib/x86_64-linux-gnu/libXext.so.6.4.0
7f2ccf7d0000-7f2ccf7d2000 r-xp 00000000 08:06 270553                     /usr/lib/x86_64-linux-gnu/libXdamage.so.1.1.0
7f2ccf7d2000-7f2ccf9d1000 ---p 00002000 08:06 270553                     /usr/lib/x86_64-linux-gnu/libXdamage.so.1.1.0
7f2ccf9d1000-7f2ccf9d2000 r--p 00001000 08:06 270553                     /usr/lib/x86_64-linux-gnu/libXdamage.so.1.1.0
7f2ccf9d2000-7f2ccf9d3000 rw-p 00002000 08:06 270553                     /usr/lib/x86_64-linux-gnu/libXdamage.so.1.1.0
7f2ccf9d8000-7f2ccf9da000 r-xp 00000000 08:06 270549                     /usr/lib/x86_64-linux-gnu/libXcomposite.so.1.0.0
7f2ccf9da000-7f2ccfbd9000 ---p 00002000 08:06 270549                     /usr/lib/x86_64-linux-gnu/libXcomposite.so.1.0.0
7f2ccfbd9000-7f2ccfbda000 r--p 00001000 08:06 270549                     /usr/lib/x86_64-linux-gnu/libXcomposite.so.1.0.0
7f2ccfbda000-7f2ccfbdb000 rw-p 00002000 08:06 270549                     /usr/lib/x86_64-linux-gnu/libXcomposite.so.1.0.0
7f2ccfbe0000-7f2ccfbe9000 r-xp 00000000 08:06 270551                     /usr/lib/x86_64-linux-gnu/libXcursor.so.1.0.2
7f2ccfbe9000-7f2ccfde8000 ---p 00009000 08:06 270551                     /usr/lib/x86_64-linux-gnu/libXcursor.so.1.0.2
7f2ccfde8000-7f2ccfde9000 r--p 00008000 08:06 270551                     /usr/lib/x86_64-linux-gnu/libXcursor.so.1.0.2
7f2ccfde9000-7f2ccfdea000 rw-p 00009000 08:06 270551                     /usr/lib/x86_64-linux-gnu/libXcursor.so.1.0.2
7f2ccfdf0000-7f2ccfdf9000 r-xp 00000000 08:06 270579                     /usr/lib/x86_64-linux-gnu/libXrandr.so.2.2.0
7f2ccfdf9000-7f2ccfff8000 ---p 00009000 08:06 270579                     /usr/lib/x86_64-linux-gnu/libXrandr.so.2.2.0
7f2ccfff8000-7f2ccfff9000 r--p 00008000 08:06 270579                     /usr/lib/x86_64-linux-gnu/libXrandr.so.2.2.0
7f2ccfff9000-7f2ccfffa000 rw-p 00009000 08:06 270579                     /usr/lib/x86_64-linux-gnu/libXrandr.so.2.2.0
7f2cd0000000-7f2cd0f8e000 rw-p 00000000 00:00 0 
7f2cd0f8e000-7f2cd4000000 ---p 00000000 00:00 0 
7f2cd4000000-7f2cd4001000 r--s 00000000 08:06 3801400                    /var/cache/fontconfig/56cf4f4769d0f4abc89a4895d7bd3ae1-le64.cache-4
7f2cd4008000-7f2cd400c000 r--s 00060000 08:06 10619550                   /home/xmbeat/NetBeansProjects/FingerprintLogin/dist/run925633487/lib/webcam-capture-0.3.10.jar
7f2cd400d000-7f2cd400f000 r--s 00005000 08:06 10619549                   /home/xmbeat/NetBeansProjects/FingerprintLogin/dist/run925633487/lib/slf4j-api-1.7.2.jar
7f2cd4012000-7f2cd4015000 r--s 0003a000 08:06 10619548                   /home/xmbeat/NetBeansProjects/FingerprintLogin/dist/run925633487/lib/mysql-connector-java-3.0.17-ga-bin.jar
7f2cd4017000-7f2cd401f000 r--s 000cf000 08:06 10619543                   /home/xmbeat/NetBeansProjects/FingerprintLogin/dist/run925633487/lib/bridj-0.6.2.jar
7f2cd4020000-7f2cd4046000 r--p 00000000 08:06 1314142                    /usr/share/locale-langpack/es/LC_MESSAGES/libc.mo
7f2cd4048000-7f2cd4057000 r--p 00000000 08:06 1314186                    /usr/share/locale-langpack/es/LC_MESSAGES/gtk20.mo
7f2cd4061000-7f2cd4064000 ---p 00000000 00:00 0 
7f2cd4064000-7f2cd4162000 rw-p 00000000 00:00 0                          [stack:5054]
7f2cd4162000-7f2cd4175000 rw-s 43f22000 00:06 11833                      /dev/nvidiactl
7f2cd417c000-7f2cd41bc000 rw-s 182b44000 00:06 11833                     /dev/nvidiactl
7f2cd41c0000-7f2cd41cf000 r-xp 00000000 08:06 270567                     /usr/lib/x86_64-linux-gnu/libXi.so.6.1.0
7f2cd41cf000-7f2cd43ce000 ---p 0000f000 08:06 270567                     /usr/lib/x86_64-linux-gnu/libXi.so.6.1.0
7f2cd43ce000-7f2cd43cf000 r--p 0000e000 08:06 270567                     /usr/lib/x86_64-linux-gnu/libXi.so.6.1.0
7f2cd43cf000-7f2cd43d0000 rw-p 0000f000 08:06 270567                     /usr/lib/x86_64-linux-gnu/libXi.so.6.1.0
7f2cd43d0000-7f2cd43d2000 r-xp 00000000 08:06 270569                     /usr/lib/x86_64-linux-gnu/libXinerama.so.1.0.0
7f2cd43d2000-7f2cd45d1000 ---p 00002000 08:06 270569                     /usr/lib/x86_64-linux-gnu/libXinerama.so.1.0.0
7f2cd45d1000-7f2cd45d2000 r--p 00001000 08:06 270569                     /usr/lib/x86_64-linux-gnu/libXinerama.so.1.0.0
7f2cd45d2000-7f2cd45d3000 rw-p 00002000 08:06 270569                     /usr/lib/x86_64-linux-gnu/libXinerama.so.1.0.0
7f2cd45d8000-7f2cd45e1000 r-xp 00000000 08:06 270581                     /usr/lib/x86_64-linux-gnu/libXrender.so.1.3.0
7f2cd45e1000-7f2cd47e0000 ---p 00009000 08:06 270581                     /usr/lib/x86_64-linux-gnu/libXrender.so.1.3.0
7f2cd47e0000-7f2cd47e1000 r--p 00008000 08:06 270581                     /usr/lib/x86_64-linux-gnu/libXrender.so.1.3.0
7f2cd47e1000-7f2cd47e2000 rw-p 00009000 08:06 270581                     /usr/lib/x86_64-linux-gnu/libXrender.so.1.3.0
7f2cd47e8000-7f2cd47ed000 r-xp 00000000 08:06 270561                     /usr/lib/x86_64-linux-gnu/libXfixes.so.3.1.0
7f2cd47ed000-7f2cd49ec000 ---p 00005000 08:06 270561                     /usr/lib/x86_64-linux-gnu/libXfixes.so.3.1.0
7f2cd49ec000-7f2cd49ed000 r--p 00004000 08:06 270561                     /usr/lib/x86_64-linux-gnu/libXfixes.so.3.1.0
7f2cd49ed000-7f2cd49ee000 rw-p 00005000 08:06 270561                     /usr/lib/x86_64-linux-gnu/libXfixes.so.3.1.0
7f2cd49f0000-7f2cd4a06000 r-xp 00000000 08:06 11273328                   /lib/x86_64-linux-gnu/libgcc_s.so.1
7f2cd4a06000-7f2cd4c05000 ---p 00016000 08:06 11273328                   /lib/x86_64-linux-gnu/libgcc_s.so.1
7f2cd4c05000-7f2cd4c06000 rw-p 00015000 08:06 11273328                   /lib/x86_64-linux-gnu/libgcc_s.so.1
7f2cd4c08000-7f2cd4cee000 r-xp 00000000 08:06 262560                     /usr/lib/x86_64-linux-gnu/libstdc++.so.6.0.19
7f2cd4cee000-7f2cd4eed000 ---p 000e6000 08:06 262560                     /usr/lib/x86_64-linux-gnu/libstdc++.so.6.0.19
7f2cd4eed000-7f2cd4ef5000 r--p 000e5000 08:06 262560                     /usr/lib/x86_64-linux-gnu/libstdc++.so.6.0.19
7f2cd4ef5000-7f2cd4ef7000 rw-p 000ed000 08:06 262560                     /usr/lib/x86_64-linux-gnu/libstdc++.so.6.0.19
7f2cd4ef7000-7f2cd4f0c000 rw-p 00000000 00:00 0 
7f2cd4f10000-7f2cd4fce000 r-xp 00000000 08:06 921224                     /usr/lib/nvidia-352/libGL.so.352.63
7f2cd4fce000-7f2cd5001000 rwxp 000be000 08:06 921224                     /usr/lib/nvidia-352/libGL.so.352.63
7f2cd5001000-7f2cd5013000 r-xp 000f1000 08:06 921224                     /usr/lib/nvidia-352/libGL.so.352.63
7f2cd5013000-7f2cd5212000 ---p 00103000 08:06 921224                     /usr/lib/nvidia-352/libGL.so.352.63
7f2cd5212000-7f2cd523a000 rw-p 00102000 08:06 921224                     /usr/lib/nvidia-352/libGL.so.352.63
7f2cd523a000-7f2cd5240000 rw-p 00000000 00:00 0 
7f2cd5240000-7f2cd5244000 r-xp 00000000 08:06 270597                     /usr/lib/x86_64-linux-gnu/libXxf86vm.so.1.0.0
7f2cd5244000-7f2cd5444000 ---p 00004000 08:06 270597                     /usr/lib/x86_64-linux-gnu/libXxf86vm.so.1.0.0
7f2cd5444000-7f2cd5445000 r--p 00004000 08:06 270597                     /usr/lib/x86_64-linux-gnu/libXxf86vm.so.1.0.0
7f2cd5445000-7f2cd5446000 rw-p 00005000 08:06 270597                     /usr/lib/x86_64-linux-gnu/libXxf86vm.so.1.0.0
7f2cd5448000-7f2cd5578000 r-xp 00000000 08:06 270538                     /usr/lib/x86_64-linux-gnu/libX11.so.6.3.0
7f2cd5578000-7f2cd5778000 ---p 00130000 08:06 270538                     /usr/lib/x86_64-linux-gnu/libX11.so.6.3.0
7f2cd5778000-7f2cd5779000 r--p 00130000 08:06 270538                     /usr/lib/x86_64-linux-gnu/libX11.so.6.3.0
7f2cd5779000-7f2cd577d000 rw-p 00131000 08:06 270538                     /usr/lib/x86_64-linux-gnu/libX11.so.6.3.0
7f2cd5780000-7f2cd5785000 r-xp 00000000 08:06 270587                     /usr/lib/x86_64-linux-gnu/libXtst.so.6.1.0
7f2cd5785000-7f2cd5984000 ---p 00005000 08:06 270587                     /usr/lib/x86_64-linux-gnu/libXtst.so.6.1.0
7f2cd5984000-7f2cd5985000 r--p 00004000 08:06 270587                     /usr/lib/x86_64-linux-gnu/libXtst.so.6.1.0
7f2cd5985000-7f2cd5986000 rw-p 00005000 08:06 270587                     /usr/lib/x86_64-linux-gnu/libXtst.so.6.1.0
7f2cd5988000-7f2cd5a8e000 r-xp 00000000 08:06 11276559                   /lib/x86_64-linux-gnu/libglib-2.0.so.0.4002.0
7f2cd5a8e000-7f2cd5c8d000 ---p 00106000 08:06 11276559                   /lib/x86_64-linux-gnu/libglib-2.0.so.0.4002.0
7f2cd5c8d000-7f2cd5c8e000 r--p 00105000 08:06 11276559                   /lib/x86_64-linux-gnu/libglib-2.0.so.0.4002.0
7f2cd5c8e000-7f2cd5c8f000 rw-p 00106000 08:06 11276559                   /lib/x86_64-linux-gnu/libglib-2.0.so.0.4002.0
7f2cd5c8f000-7f2cd5c90000 rw-p 00000000 00:00 0 
7f2cd5c90000-7f2cd5c91000 r-xp 00000000 08:06 271159                     /usr/lib/x86_64-linux-gnu/libgthread-2.0.so.0.4002.0
7f2cd5c91000-7f2cd5e90000 ---p 00001000 08:06 271159                     /usr/lib/x86_64-linux-gnu/libgthread-2.0.so.0.4002.0
7f2cd5e90000-7f2cd5e91000 r--p 00000000 08:06 271159                     /usr/lib/x86_64-linux-gnu/libgthread-2.0.so.0.4002.0
7f2cd5e91000-7f2cd5e92000 rw-p 00001000 08:06 271159                     /usr/lib/x86_64-linux-gnu/libgthread-2.0.so.0.4002.0
7f2cd5e98000-7f2cd5e9b000 r-xp 00000000 08:06 271015                     /usr/lib/x86_64-linux-gnu/libgmodule-2.0.so.0.4002.0
7f2cd5e9b000-7f2cd609a000 ---p 00003000 08:06 271015                     /usr/lib/x86_64-linux-gnu/libgmodule-2.0.so.0.4002.0
7f2cd609a000-7f2cd609b000 r--p 00002000 08:06 271015                     /usr/lib/x86_64-linux-gnu/libgmodule-2.0.so.0.4002.0
7f2cd609b000-7f2cd609c000 rw-p 00003000 08:06 271015                     /usr/lib/x86_64-linux-gnu/libgmodule-2.0.so.0.4002.0
7f2cd60a0000-7f2cd60ef000 r-xp 00000000 08:06 271039                     /usr/lib/x86_64-linux-gnu/libgobject-2.0.so.0.4002.0
7f2cd60ef000-7f2cd62ef000 ---p 0004f000 08:06 271039                     /usr/lib/x86_64-linux-gnu/libgobject-2.0.so.0.4002.0
7f2cd62ef000-7f2cd62f0000 r--p 0004f000 08:06 271039                     /usr/lib/x86_64-linux-gnu/libgobject-2.0.so.0.4002.0
7f2cd62f0000-7f2cd62f1000 rw-p 00050000 08:06 271039                     /usr/lib/x86_64-linux-gnu/libgobject-2.0.so.0.4002.0
7f2cd62f8000-7f2cd6332000 r-xp 00000000 08:06 270920                     /usr/lib/x86_64-linux-gnu/libfontconfig.so.1.8.0
7f2cd6332000-7f2cd6531000 ---p 0003a000 08:06 270920                     /usr/lib/x86_64-linux-gnu/libfontconfig.so.1.8.0
7f2cd6531000-7f2cd6533000 r--p 00039000 08:06 270920                     /usr/lib/x86_64-linux-gnu/libfontconfig.so.1.8.0
7f2cd6533000-7f2cd6534000 rw-p 0003b000 08:06 270920                     /usr/lib/x86_64-linux-gnu/libfontconfig.so.1.8.0
7f2cd6538000-7f2cd65d5000 r-xp 00000000 08:06 270946                     /usr/lib/x86_64-linux-gnu/libfreetype.so.6.11.1
7f2cd65d5000-7f2cd67d4000 ---p 0009d000 08:06 270946                     /usr/lib/x86_64-linux-gnu/libfreetype.so.6.11.1
7f2cd67d4000-7f2cd67da000 r--p 0009c000 08:06 270946                     /usr/lib/x86_64-linux-gnu/libfreetype.so.6.11.1
7f2cd67da000-7f2cd67db000 rw-p 000a2000 08:06 270946                     /usr/lib/x86_64-linux-gnu/libfreetype.so.6.11.1
7f2cd67e0000-7f2cd682a000 r-xp 00000000 08:06 271463                     /usr/lib/x86_64-linux-gnu/libpango-1.0.so.0.3600.3
7f2cd682a000-7f2cd6a2a000 ---p 0004a000 08:06 271463                     /usr/lib/x86_64-linux-gnu/libpango-1.0.so.0.3600.3
7f2cd6a2a000-7f2cd6a2c000 r--p 0004a000 08:06 271463                     /usr/lib/x86_64-linux-gnu/libpango-1.0.so.0.3600.3
7f2cd6a2c000-7f2cd6a2d000 rw-p 0004c000 08:06 271463                     /usr/lib/x86_64-linux-gnu/libpango-1.0.so.0.3600.3
7f2cd6a30000-7f2cd6b36000 r-xp 00000000 08:06 270702                     /usr/lib/x86_64-linux-gnu/libcairo.so.2.11301.0
7f2cd6b36000-7f2cd6d35000 ---p 00106000 08:06 270702                     /usr/lib/x86_64-linux-gnu/libcairo.so.2.11301.0
7f2cd6d35000-7f2cd6d38000 r--p 00105000 08:06 270702                     /usr/lib/x86_64-linux-gnu/libcairo.so.2.11301.0
7f2cd6d38000-7f2cd6d39000 rw-p 00108000 08:06 270702                     /usr/lib/x86_64-linux-gnu/libcairo.so.2.11301.0
7f2cd6d39000-7f2cd6d3b000 rw-p 00000000 00:00 0 
7f2cd6d40000-7f2cd6d4b000 r-xp 00000000 08:06 271465                     /usr/lib/x86_64-linux-gnu/libpangocairo-1.0.so.0.3600.3
7f2cd6d4b000-7f2cd6f4b000 ---p 0000b000 08:06 271465                     /usr/lib/x86_64-linux-gnu/libpangocairo-1.0.so.0.3600.3
7f2cd6f4b000-7f2cd6f4c000 r--p 0000b000 08:06 271465                     /usr/lib/x86_64-linux-gnu/libpangocairo-1.0.so.0.3600.3
7f2cd6f4c000-7f2cd6f4d000 rw-p 0000c000 08:06 271465                     /usr/lib/x86_64-linux-gnu/libpangocairo-1.0.so.0.3600.3
7f2cd6f50000-7f2cd6f70000 r-xp 00000000 08:06 270979                     /usr/lib/x86_64-linux-gnu/libgdk_pixbuf-2.0.so.0.3000.7
7f2cd6f70000-7f2cd716f000 ---p 00020000 08:06 270979                     /usr/lib/x86_64-linux-gnu/libgdk_pixbuf-2.0.so.0.3000.7
7f2cd716f000-7f2cd7170000 r--p 0001f000 08:06 270979                     /usr/lib/x86_64-linux-gnu/libgdk_pixbuf-2.0.so.0.3000.7
7f2cd7170000-7f2cd7171000 rw-p 00020000 08:06 270979                     /usr/lib/x86_64-linux-gnu/libgdk_pixbuf-2.0.so.0.3000.7
7f2cd7178000-7f2cd718c000 r-xp 00000000 08:06 271467                     /usr/lib/x86_64-linux-gnu/libpangoft2-1.0.so.0.3600.3
7f2cd718c000-7f2cd738b000 ---p 00014000 08:06 271467                     /usr/lib/x86_64-linux-gnu/libpangoft2-1.0.so.0.3600.3
7f2cd738b000-7f2cd738c000 r--p 00013000 08:06 271467                     /usr/lib/x86_64-linux-gnu/libpangoft2-1.0.so.0.3600.3
7f2cd738c000-7f2cd738d000 rw-p 00014000 08:06 271467                     /usr/lib/x86_64-linux-gnu/libpangoft2-1.0.so.0.3600.3
7f2cd7390000-7f2cd74fc000 r-xp 00000000 08:06 271001                     /usr/lib/x86_64-linux-gnu/libgio-2.0.so.0.4002.0
7f2cd74fc000-7f2cd76fb000 ---p 0016c000 08:06 271001                     /usr/lib/x86_64-linux-gnu/libgio-2.0.so.0.4002.0
7f2cd76fb000-7f2cd76ff000 r--p 0016b000 08:06 271001                     /usr/lib/x86_64-linux-gnu/libgio-2.0.so.0.4002.0
7f2cd76ff000-7f2cd7701000 rw-p 0016f000 08:06 271001                     /usr/lib/x86_64-linux-gnu/libgio-2.0.so.0.4002.0
7f2cd7701000-7f2cd7703000 rw-p 00000000 00:00 0 
7f2cd7708000-7f2cd77b5000 r-xp 00000000 08:06 262704                     /usr/lib/x86_64-linux-gnu/libgdk-x11-2.0.so.0.2400.23
7f2cd77b5000-7f2cd79b5000 ---p 000ad000 08:06 262704                     /usr/lib/x86_64-linux-gnu/libgdk-x11-2.0.so.0.2400.23
7f2cd79b5000-7f2cd79b9000 r--p 000ad000 08:06 262704                     /usr/lib/x86_64-linux-gnu/libgdk-x11-2.0.so.0.2400.23
7f2cd79b9000-7f2cd79bb000 rw-p 000b1000 08:06 262704                     /usr/lib/x86_64-linux-gnu/libgdk-x11-2.0.so.0.2400.23
7f2cd79c0000-7f2cd7df0000 r-xp 00000000 08:06 265442                     /usr/lib/x86_64-linux-gnu/libgtk-x11-2.0.so.0.2400.23
7f2cd7df0000-7f2cd7fef000 ---p 00430000 08:06 265442                     /usr/lib/x86_64-linux-gnu/libgtk-x11-2.0.so.0.2400.23
7f2cd7fef000-7f2cd7ff6000 r--p 0042f000 08:06 265442                     /usr/lib/x86_64-linux-gnu/libgtk-x11-2.0.so.0.2400.23
7f2cd7ff6000-7f2cd7ffa000 rw-p 00436000 08:06 265442                     /usr/lib/x86_64-linux-gnu/libgtk-x11-2.0.so.0.2400.23
7f2cd7ffa000-7f2cd7ffd000 rw-p 00000000 00:00 0 
7f2cd8000000-7f2cd8bf0000 rw-p 00000000 00:00 0 
7f2cd8bf0000-7f2cdc000000 ---p 00000000 00:00 0 
7f2cdc000000-7f2cdc021000 rw-p 00000000 00:00 0 
7f2cdc021000-7f2ce0000000 ---p 00000000 00:00 0 
7f2ce0000000-7f2ce1ab0000 rw-p 00000000 00:00 0 
7f2ce1ab0000-7f2ce4000000 ---p 00000000 00:00 0 
7f2ce4000000-7f2ce4021000 rw-p 00000000 00:00 0 
7f2ce4021000-7f2ce8000000 ---p 00000000 00:00 0 
7f2ce8000000-7f2ce8034000 rw-p 00000000 00:00 0 
7f2ce8034000-7f2cec000000 ---p 00000000 00:00 0 
7f2cec000000-7f2cec021000 rw-p 00000000 00:00 0 
7f2cec021000-7f2cf0000000 ---p 00000000 00:00 0 
7f2cf0000000-7f2cf0021000 rw-p 00000000 00:00 0 
7f2cf0021000-7f2cf4000000 ---p 00000000 00:00 0 
7f2cf4000000-7f2cf4021000 rw-p 00000000 00:00 0 
7f2cf4021000-7f2cf8000000 ---p 00000000 00:00 0 
7f2cf8000000-7f2cf8021000 rw-p 00000000 00:00 0 
7f2cf8021000-7f2cfc000000 ---p 00000000 00:00 0 
7f2cfc000000-7f2cfc001000 r--s 00000000 08:06 3801415                    /var/cache/fontconfig/b9d506c9ac06c20b433354fa67a72993-le64.cache-4
7f2cfc008000-7f2cfc00a000 rw-s 00000000 08:06 131095                     /tmp/.glTPVOi8 (deleted)
7f2cfc010000-7f2cfc030000 rw-s c0320000 00:06 11834                      /dev/nvidia0
7f2cfc034000-7f2cfc054000 rw-s 1a418c000 00:06 11833                     /dev/nvidiactl
7f2cfc058000-7f2cfc077000 r-xp 00000000 08:06 270646                     /usr/lib/x86_64-linux-gnu/libatk-1.0.so.0.21009.1
7f2cfc077000-7f2cfc277000 ---p 0001f000 08:06 270646                     /usr/lib/x86_64-linux-gnu/libatk-1.0.so.0.21009.1
7f2cfc277000-7f2cfc279000 r--p 0001f000 08:06 270646                     /usr/lib/x86_64-linux-gnu/libatk-1.0.so.0.21009.1
7f2cfc279000-7f2cfc27a000 rw-p 00021000 08:06 270646                     /usr/lib/x86_64-linux-gnu/libatk-1.0.so.0.21009.1
7f2cfc280000-7f2d00000000 rw-p 00000000 00:00 0 
7f2d00000000-7f2d00021000 rw-p 00000000 00:00 0 
7f2d00021000-7f2d04000000 ---p 00000000 00:00 0 
7f2d04000000-7f2d04001000 r--s 00000000 08:06 3801389                    /var/cache/fontconfig/0c9eb80ebd1c36541ebe2852d3bb0c49-le64.cache-4
7f2d04008000-7f2d0400f000 r--s 00000000 08:06 786750                     /usr/lib/x86_64-linux-gnu/gconv/gconv-modules.cache
7f2d0400f000-7f2d04010000 rw-s 3f12f000 00:06 11833                      /dev/nvidiactl
7f2d04016000-7f2d04056000 rw-s 182ba6000 00:06 11833                     /dev/nvidiactl
7f2d0405b000-7f2d0410f000 rw-s 22218b000 00:06 11833                     /dev/nvidiactl
7f2d04110000-7f2d0411c000 r-xp 00000000 08:06 10486192                   /usr/lib/jvm/jdk1.8.0_111/jre/lib/amd64/libprism_es2.so
7f2d0411c000-7f2d0431b000 ---p 0000c000 08:06 10486192                   /usr/lib/jvm/jdk1.8.0_111/jre/lib/amd64/libprism_es2.so
7f2d0431b000-7f2d0431c000 rw-p 0000b000 08:06 10486192                   /usr/lib/jvm/jdk1.8.0_111/jre/lib/amd64/libprism_es2.so
7f2d04322000-7f2d04325000 ---p 00000000 00:00 0 
7f2d04325000-7f2d04423000 rw-p 00000000 00:00 0                          [stack:4751]
7f2d04423000-7f2d044b9000 r--s 01103000 08:06 10486256                   /usr/lib/jvm/jdk1.8.0_111/jre/lib/ext/jfxrt.jar
7f2d044bb000-7f2d044bc000 ---p 00000000 00:00 0 
7f2d044bc000-7f2d045bc000 rw-p 00000000 00:00 0                          [stack:4735]
7f2d045bc000-7f2d045bf000 ---p 00000000 00:00 0 
7f2d045bf000-7f2d046bd000 rw-p 00000000 00:00 0                          [stack:4734]
7f2d046bd000-7f2d046c0000 ---p 00000000 00:00 0 
7f2d046c0000-7f2d047be000 rw-p 00000000 00:00 0                          [stack:4733]
7f2d047be000-7f2d047c1000 ---p 00000000 00:00 0 
7f2d047c1000-7f2d048bf000 rw-p 00000000 00:00 0                          [stack:4732]
7f2d048bf000-7f2d048c2000 ---p 00000000 00:00 0 
7f2d048c2000-7f2d049c0000 rw-p 00000000 00:00 0                          [stack:4731]
7f2d049c0000-7f2d04efe000 r--p 00000000 08:06 269140                     /usr/lib/locale/locale-archive
7f2d04eff000-7f2d04f02000 ---p 00000000 00:00 0 
7f2d04f02000-7f2d05000000 rw-p 00000000 00:00 0                          [stack:4730]
7f2d05000000-7f2d05d20000 rwxp 00000000 00:00 0 
7f2d05d20000-7f2d14000000 ---p 00000000 00:00 0 
7f2d14000000-7f2d144c7000 rw-p 00000000 00:00 0 
7f2d144c7000-7f2d18000000 ---p 00000000 00:00 0 
7f2d18006000-7f2d1800a000 rw-s 6fe56000 00:06 11833                      /dev/nvidiactl
7f2d1800e000-7f2d1800f000 rw-s cfee6000 00:06 11834                      /dev/nvidia0
7f2d18021000-7f2d18026000 r--s 002f9000 08:06 10486125                   /usr/lib/jvm/jdk1.8.0_111/jre/lib/charsets.jar
7f2d18028000-7f2d1802e000 r--p 00000000 08:06 1314243                    /usr/share/locale-langpack/es/LC_MESSAGES/gdk-pixbuf.mo
7f2d1802f000-7f2d18033000 r--s 00097000 08:06 10486124                   /usr/lib/jvm/jdk1.8.0_111/jre/lib/jsse.jar
7f2d18037000-7f2d1803a000 ---p 00000000 00:00 0 
7f2d1803a000-7f2d18138000 rw-p 00000000 00:00 0                          [stack:4729]
7f2d18138000-7f2d18139000 ---p 00000000 00:00 0 
7f2d18139000-7f2d18b42000 rw-p 00000000 00:00 0                          [stack:4728]
7f2d18b42000-7f2d18d1a000 r--s 03d2a000 08:06 10486172                   /usr/lib/jvm/jdk1.8.0_111/jre/lib/rt.jar
7f2d18d1f000-7f2d1996d000 rw-p 00000000 00:00 0 
7f2d1996d000-7f2d1996e000 ---p 00000000 00:00 0 
7f2d1996e000-7f2d19a6e000 rw-p 00000000 00:00 0                          [stack:4727]
7f2d19a6e000-7f2d19a6f000 ---p 00000000 00:00 0 
7f2d19a6f000-7f2d19b8b000 rw-p 00000000 00:00 0                          [stack:4724]
7f2d19b8b000-7f2d19dff000 ---p 00000000 00:00 0 
7f2d19dff000-7f2d19e1b000 rw-p 00000000 00:00 0 
7f2d19e1b000-7f2d1a08f000 ---p 00000000 00:00 0 
7f2d1a08f000-7f2d1a0b2000 rw-p 00000000 00:00 0 
7f2d1a0b2000-7f2d1a1d7000 ---p 00000000 00:00 0 
7f2d1a1d7000-7f2d1a20d000 rw-p 00000000 00:00 0 
7f2d1a20d000-7f2d1a598000 ---p 00000000 00:00 0 
7f2d1a598000-7f2d1a5b2000 r-xp 00000000 08:06 10486203                   /usr/lib/jvm/jdk1.8.0_111/jre/lib/amd64/libzip.so
7f2d1a5b2000-7f2d1a7b2000 ---p 0001a000 08:06 10486203                   /usr/lib/jvm/jdk1.8.0_111/jre/lib/amd64/libzip.so
7f2d1a7b2000-7f2d1a7b3000 rw-p 0001a000 08:06 10486203                   /usr/lib/jvm/jdk1.8.0_111/jre/lib/amd64/libzip.so
7f2d1a7b8000-7f2d1a7c3000 r-xp 00000000 08:06 11273355                   /lib/x86_64-linux-gnu/libnss_files-2.19.so
7f2d1a7c3000-7f2d1a9c2000 ---p 0000b000 08:06 11273355                   /lib/x86_64-linux-gnu/libnss_files-2.19.so
7f2d1a9c2000-7f2d1a9c3000 r--p 0000a000 08:06 11273355                   /lib/x86_64-linux-gnu/libnss_files-2.19.so
7f2d1a9c3000-7f2d1a9c4000 rw-p 0000b000 08:06 11273355                   /lib/x86_64-linux-gnu/libnss_files-2.19.so
7f2d1a9c8000-7f2d1a9d3000 r-xp 00000000 08:06 11273318                   /lib/x86_64-linux-gnu/libnss_nis-2.19.so
7f2d1a9d3000-7f2d1abd2000 ---p 0000b000 08:06 11273318                   /lib/x86_64-linux-gnu/libnss_nis-2.19.so
7f2d1abd2000-7f2d1abd3000 r--p 0000a000 08:06 11273318                   /lib/x86_64-linux-gnu/libnss_nis-2.19.so
7f2d1abd3000-7f2d1abd4000 rw-p 0000b000 08:06 11273318                   /lib/x86_64-linux-gnu/libnss_nis-2.19.so
7f2d1abd8000-7f2d1abef000 r-xp 00000000 08:06 11273308                   /lib/x86_64-linux-gnu/libnsl-2.19.so
7f2d1abef000-7f2d1adee000 ---p 00017000 08:06 11273308                   /lib/x86_64-linux-gnu/libnsl-2.19.so
7f2d1adee000-7f2d1adef000 r--p 00016000 08:06 11273308                   /lib/x86_64-linux-gnu/libnsl-2.19.so
7f2d1adef000-7f2d1adf0000 rw-p 00017000 08:06 11273308                   /lib/x86_64-linux-gnu/libnsl-2.19.so
7f2d1adf0000-7f2d1adf2000 rw-p 00000000 00:00 0 
7f2d1adf8000-7f2d1ae01000 r-xp 00000000 08:06 11273302                   /lib/x86_64-linux-gnu/libnss_compat-2.19.so
7f2d1ae01000-7f2d1b000000 ---p 00009000 08:06 11273302                   /lib/x86_64-linux-gnu/libnss_compat-2.19.so
7f2d1b000000-7f2d1b001000 r--p 00008000 08:06 11273302                   /lib/x86_64-linux-gnu/libnss_compat-2.19.so
7f2d1b001000-7f2d1b002000 rw-p 00009000 08:06 11273302                   /lib/x86_64-linux-gnu/libnss_compat-2.19.so
7f2d1b008000-7f2d1b033000 r-xp 00000000 08:06 10486230                   /usr/lib/jvm/jdk1.8.0_111/jre/lib/amd64/libjava.so
7f2d1b033000-7f2d1b232000 ---p 0002b000 08:06 10486230                   /usr/lib/jvm/jdk1.8.0_111/jre/lib/amd64/libjava.so
7f2d1b232000-7f2d1b234000 rw-p 0002a000 08:06 10486230                   /usr/lib/jvm/jdk1.8.0_111/jre/lib/amd64/libjava.so
7f2d1b238000-7f2d1b245000 r-xp 00000000 08:06 10486181                   /usr/lib/jvm/jdk1.8.0_111/jre/lib/amd64/libverify.so
7f2d1b245000-7f2d1b444000 ---p 0000d000 08:06 10486181                   /usr/lib/jvm/jdk1.8.0_111/jre/lib/amd64/libverify.so
7f2d1b444000-7f2d1b446000 rw-p 0000c000 08:06 10486181                   /usr/lib/jvm/jdk1.8.0_111/jre/lib/amd64/libverify.so
7f2d1b448000-7f2d1b44f000 r-xp 00000000 08:06 11273343                   /lib/x86_64-linux-gnu/librt-2.19.so
7f2d1b44f000-7f2d1b64e000 ---p 00007000 08:06 11273343                   /lib/x86_64-linux-gnu/librt-2.19.so
7f2d1b64e000-7f2d1b64f000 r--p 00006000 08:06 11273343                   /lib/x86_64-linux-gnu/librt-2.19.so
7f2d1b64f000-7f2d1b650000 rw-p 00007000 08:06 11273343                   /lib/x86_64-linux-gnu/librt-2.19.so
7f2d1b650000-7f2d1b755000 r-xp 00000000 08:06 11273293                   /lib/x86_64-linux-gnu/libm-2.19.so
7f2d1b755000-7f2d1b954000 ---p 00105000 08:06 11273293                   /lib/x86_64-linux-gnu/libm-2.19.so
7f2d1b954000-7f2d1b955000 r--p 00104000 08:06 11273293                   /lib/x86_64-linux-gnu/libm-2.19.so
7f2d1b955000-7f2d1b956000 rw-p 00105000 08:06 11273293                   /lib/x86_64-linux-gnu/libm-2.19.so
7f2d1b958000-7f2d1c625000 r-xp 00000000 08:06 10486234                   /usr/lib/jvm/jdk1.8.0_111/jre/lib/amd64/server/libjvm.so
7f2d1c625000-7f2d1c824000 ---p 00ccd000 08:06 10486234                   /usr/lib/jvm/jdk1.8.0_111/jre/lib/amd64/server/libjvm.so
7f2d1c824000-7f2d1c8fd000 rw-p 00ccc000 08:06 10486234                   /usr/lib/jvm/jdk1.8.0_111/jre/lib/amd64/server/libjvm.so
7f2d1c8fd000-7f2d1c948000 rw-p 00000000 00:00 0 
7f2d1c948000-7f2d1cb03000 r-xp 00000000 08:06 11273344                   /lib/x86_64-linux-gnu/libc-2.19.so
7f2d1cb03000-7f2d1cd02000 ---p 001bb000 08:06 11273344                   /lib/x86_64-linux-gnu/libc-2.19.so
7f2d1cd02000-7f2d1cd06000 r--p 001ba000 08:06 11273344                   /lib/x86_64-linux-gnu/libc-2.19.so
7f2d1cd06000-7f2d1cd08000 rw-p 001be000 08:06 11273344                   /lib/x86_64-linux-gnu/libc-2.19.so
7f2d1cd08000-7f2d1cd0d000 rw-p 00000000 00:00 0 
7f2d1cd10000-7f2d1cd13000 r-xp 00000000 08:06 11273295                   /lib/x86_64-linux-gnu/libdl-2.19.so
7f2d1cd13000-7f2d1cf12000 ---p 00003000 08:06 11273295                   /lib/x86_64-linux-gnu/libdl-2.19.so
7f2d1cf12000-7f2d1cf13000 r--p 00002000 08:06 11273295                   /lib/x86_64-linux-gnu/libdl-2.19.so
7f2d1cf13000-7f2d1cf14000 rw-p 00003000 08:06 11273295                   /lib/x86_64-linux-gnu/libdl-2.19.so
7f2d1cf18000-7f2d1cf2d000 r-xp 00000000 08:06 10486219                   /usr/lib/jvm/jdk1.8.0_111/jre/lib/amd64/jli/libjli.so
7f2d1cf2d000-7f2d1d12d000 ---p 00015000 08:06 10486219                   /usr/lib/jvm/jdk1.8.0_111/jre/lib/amd64/jli/libjli.so
7f2d1d12d000-7f2d1d12e000 rw-p 00015000 08:06 10486219                   /usr/lib/jvm/jdk1.8.0_111/jre/lib/amd64/jli/libjli.so
7f2d1d130000-7f2d1d149000 r-xp 00000000 08:06 11273309                   /lib/x86_64-linux-gnu/libpthread-2.19.so
7f2d1d149000-7f2d1d348000 ---p 00019000 08:06 11273309                   /lib/x86_64-linux-gnu/libpthread-2.19.so
7f2d1d348000-7f2d1d349000 r--p 00018000 08:06 11273309                   /lib/x86_64-linux-gnu/libpthread-2.19.so
7f2d1d349000-7f2d1d34a000 rw-p 00019000 08:06 11273309                   /lib/x86_64-linux-gnu/libpthread-2.19.so
7f2d1d34a000-7f2d1d34e000 rw-p 00000000 00:00 0 
7f2d1d350000-7f2d1d373000 r-xp 00000000 08:06 11273314                   /lib/x86_64-linux-gnu/ld-2.19.so
7f2d1d378000-7f2d1d379000 rw-s fd060000 00:06 11834                      /dev/nvidia0
7f2d1d37e000-7f2d1d37f000 rw-s cfee6000 00:06 11834                      /dev/nvidia0
7f2d1d381000-7f2d1d382000 rw-s fd641000 00:06 11834                      /dev/nvidia0
7f2d1d384000-7f2d1d385000 rw-s 222edc000 00:06 11833                     /dev/nvidiactl
7f2d1d387000-7f2d1d388000 rw-s 163037000 00:06 11833                     /dev/nvidiactl
7f2d1d38c000-7f2d1d38e000 r--s 00024000 08:06 10619536                   /home/xmbeat/NetBeansProjects/FingerprintLogin/dist/run925633487/FingerprintLogin.jar
7f2d1d38f000-7f2d1d460000 rw-p 00000000 00:00 0 
7f2d1d460000-7f2d1d468000 rw-s 00000000 08:06 1185733                    /tmp/hsperfdata_xmbeat/4717
7f2d1d46d000-7f2d1d470000 rw-p 00000000 00:00 0 
7f2d1d470000-7f2d1d471000 r--p 00000000 00:00 0 
7f2d1d471000-7f2d1d474000 ---p 00000000 00:00 0 
7f2d1d474000-7f2d1d572000 rw-p 00000000 00:00 0                          [stack:4722]
7f2d1d572000-7f2d1d573000 r--p 00022000 08:06 11273314                   /lib/x86_64-linux-gnu/ld-2.19.so
7f2d1d573000-7f2d1d574000 rw-p 00023000 08:06 11273314                   /lib/x86_64-linux-gnu/ld-2.19.so
7f2d1d574000-7f2d1d577000 rw-p 00000000 00:00 0 
7f2d1d577000-7f2d1d57b000 rw-p 00000000 00:00 0 
7ffd14577000-7ffd14598000 rw-p 00000000 00:00 0                          [stack]
7ffd145b0000-7ffd145b2000 r--p 00000000 00:00 0                          [vvar]
7ffd145b2000-7ffd145b4000 r-xp 00000000 00:00 0                          [vdso]
ffffffffff600000-ffffffffff601000 r-xp 00000000 00:00 0                  [vsyscall]

VM Arguments:
jvm_args: -Dfile.encoding=UTF-8 
java_command: /home/xmbeat/NetBeansProjects/FingerprintLogin/dist/run925633487/FingerprintLogin.jar
java_class_path (initial): /home/xmbeat/NetBeansProjects/FingerprintLogin/dist/run925633487/FingerprintLogin.jar
Launcher Type: SUN_STANDARD

Environment Variables:
PATH=/home/xmbeat/bin:/usr/local/sbin:/usr/local/bin:/usr/sbin:/usr/bin:/sbin:/bin:/usr/games:/usr/local/games
USERNAME=xmbeat
LD_LIBRARY_PATH=/usr/lib/jvm/jdk1.8.0_111/jre/lib/amd64:/usr/lib/jvm/jdk1.8.0_111/jre/lib/i386:
SHELL=/bin/bash
DISPLAY=:0

Signal Handlers:
SIGSEGV: [libjvm.so+0xac64b0], sa_mask[0]=11111111011111111101111111111110, sa_flags=SA_RESTART|SA_SIGINFO
SIGBUS: [libjvm.so+0xac64b0], sa_mask[0]=11111111011111111101111111111110, sa_flags=SA_RESTART|SA_SIGINFO
SIGFPE: [libjvm.so+0x91f950], sa_mask[0]=11111111011111111101111111111110, sa_flags=SA_RESTART|SA_SIGINFO
SIGPIPE: SIG_IGN, sa_mask[0]=00000000000000000000000000000000, sa_flags=none
SIGXFSZ: [libjvm.so+0x91f950], sa_mask[0]=11111111011111111101111111111110, sa_flags=SA_RESTART|SA_SIGINFO
SIGILL: [libjvm.so+0x91f950], sa_mask[0]=11111111011111111101111111111110, sa_flags=SA_RESTART|SA_SIGINFO
SIGUSR1: SIG_DFL, sa_mask[0]=00000000000000000000000000000000, sa_flags=none
SIGUSR2: [libjvm.so+0x920f80], sa_mask[0]=00100000000000000000000000000000, sa_flags=SA_RESTART|SA_SIGINFO
SIGHUP: [libjvm.so+0x922380], sa_mask[0]=11111111011111111101111111111110, sa_flags=SA_RESTART|SA_SIGINFO
SIGINT: SIG_IGN, sa_mask[0]=00000000000000000000000000000000, sa_flags=none
SIGTERM: [libjvm.so+0x922380], sa_mask[0]=11111111011111111101111111111110, sa_flags=SA_RESTART|SA_SIGINFO
SIGQUIT: [libjvm.so+0x922380], sa_mask[0]=11111111011111111101111111111110, sa_flags=SA_RESTART|SA_SIGINFO


---------------  S Y S T E M  ---------------

OS:DISTRIB_ID=LinuxMint
DISTRIB_RELEASE=17.3
DISTRIB_CODENAME=rosa
DISTRIB_DESCRIPTION="Linux Mint 17.3 Rosa"

uname:Linux 3.19.0-32-generic #37~14.04.1-Ubuntu SMP Thu Oct 22 09:41:40 UTC 2015 x86_64
libc:glibc 2.19 NPTL 2.19 
rlimit: STACK 8192k, CORE 0k, NPROC 31347, NOFILE 4096, AS infinity
load average:2.76 2.71 2.29

/proc/meminfo:
MemTotal:        8056656 kB
MemFree:         2035524 kB
MemAvailable:    4226904 kB
Buffers:          196548 kB
Cached:          2207376 kB
SwapCached:            0 kB
Active:          4162644 kB
Inactive:        1490152 kB
Active(anon):    3252280 kB
Inactive(anon):   108276 kB
Active(file):     910364 kB
Inactive(file):  1381876 kB
Unevictable:           0 kB
Mlocked:               0 kB
SwapTotal:       3998716 kB
SwapFree:        3998716 kB
Dirty:               200 kB
Writeback:             0 kB
AnonPages:       3248916 kB
Mapped:           654992 kB
Shmem:            111688 kB
Slab:             169500 kB
SReclaimable:     136148 kB
SUnreclaim:        33352 kB
KernelStack:        9696 kB
PageTables:        39756 kB
NFS_Unstable:          0 kB
Bounce:                0 kB
WritebackTmp:          0 kB
CommitLimit:     8027044 kB
Committed_AS:    7192636 kB
VmallocTotal:   34359738367 kB
VmallocUsed:      320996 kB
VmallocChunk:   34359412860 kB
HardwareCorrupted:     0 kB
AnonHugePages:   1869824 kB
CmaTotal:              0 kB
CmaFree:               0 kB
HugePages_Total:       0
HugePages_Free:        0
HugePages_Rsvd:        0
HugePages_Surp:        0
Hugepagesize:       2048 kB
DirectMap4k:      282036 kB
DirectMap2M:     7004160 kB
DirectMap1G:     1048576 kB


CPU:total 2 (2 cores per cpu, 1 threads per core) family 21 model 19 stepping 1, cmov, cx8, fxsr, mmx, sse, sse2, sse3, ssse3, sse4.1, sse4.2, popcnt, avx, aes, clmul, mmxext, 3dnowpref, lzcnt, sse4a, tsc, tscinvbit, tscinv, bmi1

/proc/cpuinfo:
processor	: 0
vendor_id	: AuthenticAMD
cpu family	: 21
model		: 19
model name	: AMD A4-4000 APU with Radeon(tm) HD Graphics
stepping	: 1
microcode	: 0x6001119
cpu MHz		: 3000.000
cache size	: 1024 KB
physical id	: 0
siblings	: 2
core id		: 0
cpu cores	: 1
apicid		: 16
initial apicid	: 0
fpu		: yes
fpu_exception	: yes
cpuid level	: 13
wp		: yes
flags		: fpu vme de pse tsc msr pae mce cx8 apic sep mtrr pge mca cmov pat pse36 clflush mmx fxsr sse sse2 ht syscall nx mmxext fxsr_opt pdpe1gb rdtscp lm constant_tsc rep_good nopl nonstop_tsc extd_apicid aperfmperf pni pclmulqdq monitor ssse3 fma cx16 sse4_1 sse4_2 popcnt aes xsave avx f16c lahf_lm cmp_legacy svm extapic cr8_legacy abm sse4a misalignsse 3dnowprefetch osvw ibs xop skinit wdt lwp fma4 tce nodeid_msr tbm topoext perfctr_core perfctr_nb arat cpb hw_pstate npt lbrv svm_lock nrip_save tsc_scale vmcb_clean flushbyasid decodeassists pausefilter pfthreshold vmmcall bmi1
bugs		: fxsave_leak
bogomips	: 5988.89
TLB size	: 1536 4K pages
clflush size	: 64
cache_alignment	: 64
address sizes	: 48 bits physical, 48 bits virtual
power management: ts ttp tm 100mhzsteps hwpstate cpb eff_freq_ro

processor	: 1
vendor_id	: AuthenticAMD
cpu family	: 21
model		: 19
model name	: AMD A4-4000 APU with Radeon(tm) HD Graphics    
stepping	: 1
microcode	: 0x6001119
cpu MHz		: 3000.000
cache size	: 1024 KB
physical id	: 0
siblings	: 2
core id		: 1
cpu cores	: 1
apicid		: 17
initial apicid	: 1
fpu		: yes
fpu_exception	: yes
cpuid level	: 13
wp		: yes
flags		: fpu vme de pse tsc msr pae mce cx8 apic sep mtrr pge mca cmov pat pse36 clflush mmx fxsr sse sse2 ht syscall nx mmxext fxsr_opt pdpe1gb rdtscp lm constant_tsc rep_good nopl nonstop_tsc extd_apicid aperfmperf pni pclmulqdq monitor ssse3 fma cx16 sse4_1 sse4_2 popcnt aes xsave avx f16c lahf_lm cmp_legacy svm extapic cr8_legacy abm sse4a misalignsse 3dnowprefetch osvw ibs xop skinit wdt lwp fma4 tce nodeid_msr tbm topoext perfctr_core perfctr_nb arat cpb hw_pstate npt lbrv svm_lock nrip_save tsc_scale vmcb_clean flushbyasid decodeassists pausefilter pfthreshold vmmcall bmi1
bugs		: fxsave_leak
bogomips	: 5988.89
TLB size	: 1536 4K pages
clflush size	: 64
cache_alignment	: 64
address sizes	: 48 bits physical, 48 bits virtual
power management: ts ttp tm 100mhzsteps hwpstate cpb eff_freq_ro



Memory: 4k page, physical 8056656k(2035524k free), swap 3998716k(3998716k free)

vm_info: Java HotSpot(TM) 64-Bit Server VM (25.111-b14) for linux-amd64 JRE (1.8.0_111-b14), built on Sep 22 2016 16:14:03 by "java_re" with gcc 4.3.0 20080428 (Red Hat 4.3.0-8)

time: Mon Dec  5 22:46:53 2016
elapsed time: 91 seconds (0d 0h 1m 31s)

