#
# A fatal error has been detected by the Java Runtime Environment:
#
#  SIGSEGV (0xb) at pc=0x00007fe4300001d8, pid=6713, tid=0x00007fe4294f6700
#
# JRE version: Java(TM) SE Runtime Environment (8.0_111-b14) (build 1.8.0_111-b14)
# Java VM: Java HotSpot(TM) 64-Bit Server VM (25.111-b14 mixed mode linux-amd64 compressed oops)
# Problematic frame:
# C  0x00007fe4300001d8
#
# Failed to write core dump. Core dumps have been disabled. To enable core dumping, try "ulimit -c unlimited" before starting Java again
#
# If you would like to submit a bug report, please visit:
#   http://bugreport.java.com/bugreport/crash.jsp
# The crash happened outside the Java Virtual Machine in native code.
# See problematic frame for where to report the bug.
#

---------------  T H R E A D  ---------------

Current thread (0x00007fe434016800):  JavaThread "Thread-4" daemon [_thread_in_native, id=6885, stack(0x00007fe4293f6000,0x00007fe4294f7000)]

siginfo: si_signo: 11 (SIGSEGV), si_code: 2 (SEGV_ACCERR), si_addr: 0x00007fe4300001d8

Registers:
RAX=0x00007fe4300001d8, RBX=0x00007fe4303e3380, RCX=0x00007fe42b5ae3e8, RDX=0x00007fe42b5ae580
RSP=0x00007fe4294f57a8, RBP=0x00007fe430000168, RSI=0x00007fe42b5ae3f5, RDI=0x00007fe4303e3380
R8 =0x00007fe42b5ae3e0, R9 =0x00000000000001eb, R10=0x00007fe4294f55a0, R11=0x00007fe42b584b50
R12=0x00007fe4303f9530, R13=0x00007fe42e6c2caf, R14=0x00007fe4294f58c8, R15=0x00007fe434016800
RIP=0x00007fe4300001d8, EFLAGS=0x0000000000010206, CSGSFS=0x0000000000000033, ERR=0x0000000000000015
  TRAPNO=0x000000000000000e

Top of Stack: (sp=0x00007fe4294f57a8)
0x00007fe4294f57a8:   00007fe42b584bb6 00007fe4303e3380
0x00007fe4294f57b8:   00007fe48cf0a048 00007fe4294f5830
0x00007fe4294f57c8:   0000000000000000 00007fe48cf0a048
0x00007fe4294f57d8:   00007fe42e6c341c 00007fe4294f58b8
0x00007fe4294f57e8:   00007fe4294f58c0 00007fe4294f58c8
0x00007fe4294f57f8:   00007fe4340169f8 00007fe4294f5840
0x00007fe4294f5808:   00007fe43037a220 00007fe43037a228
0x00007fe4294f5818:   0000000000000082 00007fe4303e3380
0x00007fe4294f5828:   00007fe4303f9530 00007fe4294f5898
0x00007fe4294f5838:   00007fe4790173f4 00007fe4294f5898
0x00007fe4294f5848:   00007fe479017187 00007fe479017142
0x00007fe4294f5858:   00007fe4294f5858 00007fe48cf0a048
0x00007fe4294f5868:   00007fe4294f58c8 00007fe48cf0d640
0x00007fe4294f5878:   0000000000000000 00007fe48cf0a048
0x00007fe4294f5888:   0000000000000000 00007fe4294f58b8
0x00007fe4294f5898:   00007fe4294f5910 00007fe479007d00
0x00007fe4294f58a8:   0000000000000000 00007fe479011536
0x00007fe4294f58b8:   00000000d72c6590 000000008568d488
0x00007fe4294f58c8:   000000008568d488 00007fe4294f58d0
0x00007fe4294f58d8:   00007fe42ff7c95b 00007fe4294f5950
0x00007fe4294f58e8:   00007fe42ff7cca8 00007fe42ff7e828
0x00007fe4294f58f8:   00007fe42ff7cbf8 00007fe4294f58b8
0x00007fe4294f5908:   00007fe4294f5950 00007fe4294f5998
0x00007fe4294f5918:   00007fe479008302 0000000000000000
0x00007fe4294f5928:   0000000000000000 0000000000000000
0x00007fe4294f5938:   0000000000000002 0000000000000000
0x00007fe4294f5948:   00000000d72c6590 00000000d7086650
0x00007fe4294f5958:   00007fe4294f5958 00007fe48c87a94b
0x00007fe4294f5968:   00007fe4294f59a8 00007fe48c901fd0
0x00007fe4294f5978:   0000000000000000 00007fe48c87a958
0x00007fe4294f5988:   00007fe4294f5950 00007fe4294f59a8
0x00007fe4294f5998:   00007fe4294f5a10 00007fe4790007a7 

Instructions: (pc=0x00007fe4300001d8)
0x00007fe4300001b8:   a8 01 00 30 e4 7f 00 00 a8 01 00 30 e4 7f 00 00
0x00007fe4300001c8:   b8 01 00 30 e4 7f 00 00 b8 01 00 30 e4 7f 00 00
0x00007fe4300001d8:   f0 8f 3f 30 e4 7f 00 00 f0 8f 3f 30 e4 7f 00 00
0x00007fe4300001e8:   d8 01 00 30 e4 7f 00 00 d8 01 00 30 e4 7f 00 00 

Register to memory mapping:

RAX=0x00007fe4300001d8 is an unknown value
RBX=0x00007fe4303e3380 is an unknown value
RCX=0x00007fe42b5ae3e8: <offset 0x363e8> in /usr/local/lib/libfprint.so.0 at 0x00007fe42b578000
RDX=0x00007fe42b5ae580: <offset 0x36580> in /usr/local/lib/libfprint.so.0 at 0x00007fe42b578000
RSP=0x00007fe4294f57a8 is pointing into the stack for thread: 0x00007fe434016800
RBP=0x00007fe430000168 is an unknown value
RSI=0x00007fe42b5ae3f5: <offset 0x363f5> in /usr/local/lib/libfprint.so.0 at 0x00007fe42b578000
RDI=0x00007fe4303e3380 is an unknown value
R8 =0x00007fe42b5ae3e0: <offset 0x363e0> in /usr/local/lib/libfprint.so.0 at 0x00007fe42b578000
R9 =0x00000000000001eb is an unknown value
R10=0x00007fe4294f55a0 is pointing into the stack for thread: 0x00007fe434016800
R11=0x00007fe42b584b50: fp_async_capture_stop+0 in /usr/local/lib/libfprint.so.0 at 0x00007fe42b578000
R12=0x00007fe4303f9530 is an unknown value
R13=0x00007fe42e6c2caf: <offset 0x2caf> in /tmp/libfingerprint7431744974657446463.so at 0x00007fe42e6c0000
R14=0x00007fe4294f58c8 is pointing into the stack for thread: 0x00007fe434016800
R15=0x00007fe434016800 is a thread


Stack: [0x00007fe4293f6000,0x00007fe4294f7000],  sp=0x00007fe4294f57a8,  free space=1021k
Native frames: (J=compiled Java code, j=interpreted, Vv=VM code, C=native code)
C  0x00007fe4300001d8

Java frames: (J=compiled Java code, j=interpreted, Vv=VM code)
j  uaz.fingerprint.Reader.nativeStopCapture(Luaz/fingerprint/NativeReaderCallback;Ljava/lang/Object;)I+0
j  uaz.fingerprint.ReaderDispatcher.run()V+195
j  java.lang.Thread.run()V+11
v  ~StubRoutines::call_stub

---------------  P R O C E S S  ---------------

Java Threads: ( => current thread )
  0x00007fe43400a800 JavaThread "Thread-6" daemon [_thread_in_Java, id=6937, stack(0x00007fe42875f000,0x00007fe428860000)]
  0x00007fe430416000 JavaThread "Thread-5" [_thread_blocked, id=6936, stack(0x00007fe43deb8000,0x00007fe43dfb9000)]
=>0x00007fe434016800 JavaThread "Thread-4" daemon [_thread_in_native, id=6885, stack(0x00007fe4293f6000,0x00007fe4294f7000)]
  0x00007fe43033b000 JavaThread "Prism Font Disposer" daemon [_thread_blocked, id=6803, stack(0x00007fe43c3ab000,0x00007fe43c4ac000)]
  0x00007fe4882c7000 JavaThread "JavaFX-Launcher" [_thread_blocked, id=6756, stack(0x00007fe43d855000,0x00007fe43d956000)]
  0x00007fe4882c3000 JavaThread "JavaFX Application Thread" [_thread_in_native, id=6755, stack(0x00007fe43d956000,0x00007fe43da57000)]
  0x00007fe4882bf000 JavaThread "Thread-1" daemon [_thread_blocked, id=6754, stack(0x00007fe43da57000,0x00007fe43db58000)]
  0x00007fe488268800 JavaThread "QuantumRenderer-0" daemon [_thread_in_vm, id=6745, stack(0x00007fe44beff000,0x00007fe44c000000)]
  0x00007fe488141000 JavaThread "Service Thread" daemon [_thread_blocked, id=6726, stack(0x00007fe47017f000,0x00007fe470280000)]
  0x00007fe48813e800 JavaThread "C1 CompilerThread1" daemon [_thread_blocked, id=6725, stack(0x00007fe4780b5000,0x00007fe4781b6000)]
  0x00007fe48813b800 JavaThread "C2 CompilerThread0" daemon [_thread_blocked, id=6724, stack(0x00007fe4781b6000,0x00007fe4782b7000)]
  0x00007fe48813a000 JavaThread "Signal Dispatcher" daemon [_thread_blocked, id=6723, stack(0x00007fe4782b7000,0x00007fe4783b8000)]
  0x00007fe488107000 JavaThread "Finalizer" daemon [_thread_blocked, id=6722, stack(0x00007fe4788f9000,0x00007fe4789fa000)]
  0x00007fe488102800 JavaThread "Reference Handler" daemon [_thread_blocked, id=6721, stack(0x00007fe4789fa000,0x00007fe478afb000)]
  0x00007fe48800a000 JavaThread "main" [_thread_blocked, id=6715, stack(0x00007fe490f29000,0x00007fe49102a000)]

Other Threads:
  0x00007fe4880fa800 VMThread [stack: 0x00007fe478afb000,0x00007fe478bfc000] [id=6720]
  0x00007fe488144800 WatcherThread [stack: 0x00007fe47007e000,0x00007fe47017f000] [id=6727]

VM state:at safepoint (normal execution)

VM Mutex/Monitor currently owned by a thread:  ([mutex/lock_event])
[0x00007fe4880061a0] Safepoint_lock - owner thread: 0x00007fe4880fa800
[0x00007fe488006220] Threads_lock - owner thread: 0x00007fe4880fa800

Heap:
 PSYoungGen      total 36864K, used 3158K [0x00000000d7000000, 0x00000000d9900000, 0x0000000100000000)
  eden space 31744K, 9% used [0x00000000d7000000,0x00000000d7315b60,0x00000000d8f00000)
  from space 5120K, 0% used [0x00000000d9400000,0x00000000d9400000,0x00000000d9900000)
  to   space 5120K, 0% used [0x00000000d8f00000,0x00000000d8f00000,0x00000000d9400000)
 ParOldGen       total 74240K, used 11053K [0x0000000085000000, 0x0000000089880000, 0x00000000d7000000)
  object space 74240K, 14% used [0x0000000085000000,0x0000000085acb608,0x0000000089880000)
 Metaspace       used 20320K, capacity 21824K, committed 22016K, reserved 1069056K
  class space    used 3042K, capacity 3327K, committed 3328K, reserved 1048576K

Card table byte_map: [0x00007fe48d8b7000,0x00007fe48dc90000] byte_map_base: 0x00007fe48d48f000

Marking Bits: (ParMarkBitMap*) 0x00007fe4903d3220
 Begin Bits: [0x00007fe470280000, 0x00007fe472140000)
 End Bits:   [0x00007fe472140000, 0x00007fe474000000)

Polling page: 0x00007fe490f28000

CodeCache: size=245760Kb used=8426Kb max_used=8437Kb free=237333Kb
 bounds [0x00007fe479000000, 0x00007fe479850000, 0x00007fe488000000]
 total_blobs=3383 nmethods=2717 adapters=580
 compilation: enabled

Compilation events (10 events):
Event: 7.820 Thread 0x00007fe48813e800 nmethod 2712 0x00007fe47983d510 code [0x00007fe47983d6e0, 0x00007fe47983ddb8]
Event: 7.820 Thread 0x00007fe48813e800 2710       3       javafx.scene.control.Labeled::getGraphic (22 bytes)
Event: 7.820 Thread 0x00007fe48813e800 nmethod 2710 0x00007fe47983ded0 code [0x00007fe47983e060, 0x00007fe47983e4a8]
Event: 7.820 Thread 0x00007fe48813e800 2714       1       com.sun.javafx.sg.prism.NGRectangle::getShape (5 bytes)
Event: 7.820 Thread 0x00007fe48813e800 nmethod 2714 0x00007fe47983e5d0 code [0x00007fe47983e720, 0x00007fe47983e830]
Event: 7.826 Thread 0x00007fe48813e800 2716       3       javafx.stage.Window$TKBoundsConfigurator::apply (120 bytes)
Event: 7.827 Thread 0x00007fe48813b800 2720       4       javafx.beans.property.ObjectPropertyBase::isBound (13 bytes)
Event: 7.828 Thread 0x00007fe48813b800 nmethod 2720 0x00007fe47982b7d0 code [0x00007fe47982b920, 0x00007fe47982b998]
Event: 7.828 Thread 0x00007fe48813e800 nmethod 2716 0x00007fe479840a10 code [0x00007fe479840be0, 0x00007fe479841358]
Event: 7.828 Thread 0x00007fe48813e800 2721       3       java.util.AbstractCollection::toArray (147 bytes)

GC Heap History (6 events):
Event: 1.833 GC heap before
{Heap before GC invocations=1 (full 0):
 PSYoungGen      total 36864K, used 31744K [0x00000000d7000000, 0x00000000d9900000, 0x0000000100000000)
  eden space 31744K, 100% used [0x00000000d7000000,0x00000000d8f00000,0x00000000d8f00000)
  from space 5120K, 0% used [0x00000000d9400000,0x00000000d9400000,0x00000000d9900000)
  to   space 5120K, 0% used [0x00000000d8f00000,0x00000000d8f00000,0x00000000d9400000)
 ParOldGen       total 84992K, used 0K [0x0000000085000000, 0x000000008a300000, 0x00000000d7000000)
  object space 84992K, 0% used [0x0000000085000000,0x0000000085000000,0x000000008a300000)
 Metaspace       used 11843K, capacity 12308K, committed 12544K, reserved 1060864K
  class space    used 1589K, capacity 1729K, committed 1792K, reserved 1048576K
Event: 1.845 GC heap after
Heap after GC invocations=1 (full 0):
 PSYoungGen      total 36864K, used 4209K [0x00000000d7000000, 0x00000000d9900000, 0x0000000100000000)
  eden space 31744K, 0% used [0x00000000d7000000,0x00000000d7000000,0x00000000d8f00000)
  from space 5120K, 82% used [0x00000000d8f00000,0x00000000d931c418,0x00000000d9400000)
  to   space 5120K, 0% used [0x00000000d9400000,0x00000000d9400000,0x00000000d9900000)
 ParOldGen       total 84992K, used 72K [0x0000000085000000, 0x000000008a300000, 0x00000000d7000000)
  object space 84992K, 0% used [0x0000000085000000,0x0000000085012010,0x000000008a300000)
 Metaspace       used 11843K, capacity 12308K, committed 12544K, reserved 1060864K
  class space    used 1589K, capacity 1729K, committed 1792K, reserved 1048576K
}
Event: 5.523 GC heap before
{Heap before GC invocations=2 (full 0):
 PSYoungGen      total 36864K, used 34642K [0x00000000d7000000, 0x00000000d9900000, 0x0000000100000000)
  eden space 31744K, 95% used [0x00000000d7000000,0x00000000d8db86f0,0x00000000d8f00000)
  from space 5120K, 82% used [0x00000000d8f00000,0x00000000d931c418,0x00000000d9400000)
  to   space 5120K, 0% used [0x00000000d9400000,0x00000000d9400000,0x00000000d9900000)
 ParOldGen       total 84992K, used 72K [0x0000000085000000, 0x000000008a300000, 0x00000000d7000000)
  object space 84992K, 0% used [0x0000000085000000,0x0000000085012010,0x000000008a300000)
 Metaspace       used 19880K, capacity 21212K, committed 21248K, reserved 1067008K
  class space    used 3024K, capacity 3313K, committed 3328K, reserved 1048576K
Event: 5.553 GC heap after
Heap after GC invocations=2 (full 0):
 PSYoungGen      total 36864K, used 5101K [0x00000000d7000000, 0x00000000d9900000, 0x0000000100000000)
  eden space 31744K, 0% used [0x00000000d7000000,0x00000000d7000000,0x00000000d8f00000)
  from space 5120K, 99% used [0x00000000d9400000,0x00000000d98fb7b0,0x00000000d9900000)
  to   space 5120K, 0% used [0x00000000d8f00000,0x00000000d8f00000,0x00000000d9400000)
 ParOldGen       total 84992K, used 6182K [0x0000000085000000, 0x000000008a300000, 0x00000000d7000000)
  object space 84992K, 7% used [0x0000000085000000,0x0000000085609848,0x000000008a300000)
 Metaspace       used 19880K, capacity 21212K, committed 21248K, reserved 1067008K
  class space    used 3024K, capacity 3313K, committed 3328K, reserved 1048576K
}
Event: 5.553 GC heap before
{Heap before GC invocations=3 (full 1):
 PSYoungGen      total 36864K, used 5101K [0x00000000d7000000, 0x00000000d9900000, 0x0000000100000000)
  eden space 31744K, 0% used [0x00000000d7000000,0x00000000d7000000,0x00000000d8f00000)
  from space 5120K, 99% used [0x00000000d9400000,0x00000000d98fb7b0,0x00000000d9900000)
  to   space 5120K, 0% used [0x00000000d8f00000,0x00000000d8f00000,0x00000000d9400000)
 ParOldGen       total 84992K, used 6182K [0x0000000085000000, 0x000000008a300000, 0x00000000d7000000)
  object space 84992K, 7% used [0x0000000085000000,0x0000000085609848,0x000000008a300000)
 Metaspace       used 19880K, capacity 21212K, committed 21248K, reserved 1067008K
  class space    used 3024K, capacity 3313K, committed 3328K, reserved 1048576K
Event: 5.660 GC heap after
Heap after GC invocations=3 (full 1):
 PSYoungGen      total 36864K, used 0K [0x00000000d7000000, 0x00000000d9900000, 0x0000000100000000)
  eden space 31744K, 0% used [0x00000000d7000000,0x00000000d7000000,0x00000000d8f00000)
  from space 5120K, 0% used [0x00000000d9400000,0x00000000d9400000,0x00000000d9900000)
  to   space 5120K, 0% used [0x00000000d8f00000,0x00000000d8f00000,0x00000000d9400000)
 ParOldGen       total 74240K, used 11053K [0x0000000085000000, 0x0000000089880000, 0x00000000d7000000)
  object space 74240K, 14% used [0x0000000085000000,0x0000000085acb608,0x0000000089880000)
 Metaspace       used 19880K, capacity 21212K, committed 21248K, reserved 1067008K
  class space    used 3024K, capacity 3313K, committed 3328K, reserved 1048576K
}

Deoptimization events (10 events):
Event: 6.252 Thread 0x00007fe4882c3000 Uncommon trap: reason=array_check action=maybe_recompile pc=0x00007fe479758784 method=com.sun.javafx.css.CompoundSelector.applies(Ljavafx/css/Styleable;[Ljava/util/Set;I)Z @ 128
Event: 6.269 Thread 0x00007fe4882c3000 Uncommon trap: reason=unstable_if action=reinterpret pc=0x00007fe479566e90 method=javafx.scene.CssStyleHelper.lookup(Ljavafx/css/Styleable;Ljavafx/css/CssMetaData;Lcom/sun/javafx/css/StyleMap;Ljava/util/Set;Ljavafx/css/Styleable;Lcom/sun/javafx/css/Calcul
Event: 6.383 Thread 0x00007fe4882c3000 Uncommon trap: reason=class_check action=maybe_recompile pc=0x00007fe4796b3ee4 method=javafx.scene.Node.updateLocalToParentTransform()V @ 11
Event: 6.385 Thread 0x00007fe4882c3000 Uncommon trap: reason=class_check action=maybe_recompile pc=0x00007fe4796b3ee4 method=javafx.scene.Node.updateLocalToParentTransform()V @ 11
Event: 6.495 Thread 0x00007fe488268800 Uncommon trap: reason=unstable_if action=reinterpret pc=0x00007fe47967aca4 method=com.sun.javafx.geom.RectBounds.isEmpty()Z @ 21
Event: 7.131 Thread 0x00007fe434016800 Uncommon trap: reason=unstable_if action=reinterpret pc=0x00007fe4797566c0 method=java.util.PriorityQueue.poll()Ljava/lang/Object; @ 4
Event: 7.151 Thread 0x00007fe4882c3000 Uncommon trap: reason=class_check action=maybe_recompile pc=0x00007fe4796b3ee4 method=javafx.scene.Node.updateLocalToParentTransform()V @ 11
Event: 7.151 Thread 0x00007fe4882c3000 Uncommon trap: reason=null_check action=make_not_entrant pc=0x00007fe4797c2924 method=javafx.scene.Node$MiscProperties.getClip()Ljavafx/scene/Node; @ 20
Event: 7.829 Thread 0x00007fe434016800 Uncommon trap: reason=unstable_if action=reinterpret pc=0x00007fe4797fca38 method=uaz.fingerprint.ReaderDispatcher.run()V @ 652
Event: 7.829 Thread 0x00007fe434016800 Uncommon trap: reason=unstable_if action=reinterpret pc=0x00007fe479734194 method=java.util.PriorityQueue.poll()Ljava/lang/Object; @ 4

Internal exceptions (10 events):
Event: 1.413 Thread 0x00007fe4882c3000 Exception <a 'java/lang/ArrayIndexOutOfBoundsException'> (0x00000000d855cd88) thrown at [/HUDSON3/workspace/8-2-build-linux-amd64/jdk8u111/7883/hotspot/src/share/vm/runtime/sharedRuntime.cpp, line 605]
Event: 1.466 Thread 0x00007fe4882c3000 Exception <a 'java/lang/ArrayIndexOutOfBoundsException'> (0x00000000d86c1268) thrown at [/HUDSON3/workspace/8-2-build-linux-amd64/jdk8u111/7883/hotspot/src/share/vm/runtime/sharedRuntime.cpp, line 605]
Event: 1.534 Thread 0x00007fe4882c3000 Exception <a 'java/lang/ArrayIndexOutOfBoundsException'> (0x00000000d894df28) thrown at [/HUDSON3/workspace/8-2-build-linux-amd64/jdk8u111/7883/hotspot/src/share/vm/runtime/sharedRuntime.cpp, line 605]
Event: 1.688 Thread 0x00007fe4882c3000 Exception <a 'java/lang/ArrayIndexOutOfBoundsException'> (0x00000000d8acdb10) thrown at [/HUDSON3/workspace/8-2-build-linux-amd64/jdk8u111/7883/hotspot/src/share/vm/runtime/sharedRuntime.cpp, line 605]
Event: 1.818 Thread 0x00007fe4882c3000 Exception <a 'java/lang/ArrayIndexOutOfBoundsException': 58> (0x00000000d8d94708) thrown at [/HUDSON3/workspace/8-2-build-linux-amd64/jdk8u111/7883/hotspot/src/share/vm/interpreter/interpreterRuntime.cpp, line 366]
Event: 1.826 Thread 0x00007fe4882c3000 Exception <a 'java/lang/ArrayIndexOutOfBoundsException': 57> (0x00000000d8e170a8) thrown at [/HUDSON3/workspace/8-2-build-linux-amd64/jdk8u111/7883/hotspot/src/share/vm/interpreter/interpreterRuntime.cpp, line 366]
Event: 2.264 Thread 0x00007fe4882c3000 Implicit null exception at 0x00007fe479276675 to 0x00007fe479276859
Event: 2.264 Thread 0x00007fe4882c3000 Implicit null exception at 0x00007fe47938bf98 to 0x00007fe47938c026
Event: 2.901 Thread 0x00007fe4882c3000 Implicit null exception at 0x00007fe4794c30d0 to 0x00007fe4794c35d5
Event: 7.151 Thread 0x00007fe4882c3000 Implicit null exception at 0x00007fe4797c28c7 to 0x00007fe4797c2919

Events (10 events):
Event: 7.181 loading class com/sun/javafx/tk/quantum/WindowStage done
Event: 7.295 Thread 0x00007fe434016800 DEOPT PACKING pc=0x00007fe4797d327e sp=0x00007fe4294f5890
Event: 7.295 Thread 0x00007fe434016800 DEOPT UNPACKING pc=0x00007fe479047233 sp=0x00007fe4294f5630 mode 0
Event: 7.824 Thread 0x00007fe430416000 Thread added: 0x00007fe430416000
Event: 7.829 Thread 0x00007fe434016800 Uncommon trap: trap_request=0xffffff65 fr.pc=0x00007fe4797fca38
Event: 7.829 Thread 0x00007fe434016800 DEOPT PACKING pc=0x00007fe4797fca38 sp=0x00007fe4294f58e0
Event: 7.829 Thread 0x00007fe434016800 DEOPT UNPACKING pc=0x00007fe479005229 sp=0x00007fe4294f58b8 mode 2
Event: 7.829 Thread 0x00007fe434016800 Uncommon trap: trap_request=0xffffff65 fr.pc=0x00007fe479734194
Event: 7.829 Thread 0x00007fe434016800 DEOPT PACKING pc=0x00007fe479734194 sp=0x00007fe4294f5880
Event: 7.829 Thread 0x00007fe434016800 DEOPT UNPACKING pc=0x00007fe479005229 sp=0x00007fe4294f57c8 mode 2


Dynamic libraries:
00400000-00401000 r-xp 00000000 08:06 10486455                           /usr/lib/jvm/jdk1.8.0_111/jre/bin/java
00600000-00601000 rw-p 00000000 08:06 10486455                           /usr/lib/jvm/jdk1.8.0_111/jre/bin/java
02512000-02533000 rw-p 00000000 00:00 0                                  [heap]
402d4000-40373000 rw-p 00000000 00:00 0 
41850000-41852000 r-xs 00000000 08:06 131102                             /tmp/.glQcAaUP (deleted)
85000000-89880000 rw-p 00000000 00:00 0 
89880000-d7000000 ---p 00000000 00:00 0 
d7000000-d9900000 rw-p 00000000 00:00 0 
d9900000-100000000 ---p 00000000 00:00 0 
100000000-100340000 rw-p 00000000 00:00 0 
100340000-140000000 ---p 00000000 00:00 0 
7fe42875f000-7fe428762000 ---p 00000000 00:00 0 
7fe428762000-7fe4288a0000 rw-p 00000000 00:00 0                          [stack:6937]
7fe4288a0000-7fe428a60000 ---p 00000000 00:00 0 
7fe428a60000-7fe428b60000 rw-s 00000000 00:05 51281941                   /SYSV00000000 (deleted)
7fe428b66000-7fe428c66000 rw-s 1a538e000 00:06 12147                     /dev/nvidiactl
7fe428c68000-7fe428ce3000 r-xp 00000000 08:06 794106                     /usr/lib/x86_64-linux-gnu/nss/libfreebl3.so
7fe428ce3000-7fe428ee2000 ---p 0007b000 08:06 794106                     /usr/lib/x86_64-linux-gnu/nss/libfreebl3.so
7fe428ee2000-7fe428ee4000 r--p 0007a000 08:06 794106                     /usr/lib/x86_64-linux-gnu/nss/libfreebl3.so
7fe428ee4000-7fe428ee5000 rw-p 0007c000 08:06 794106                     /usr/lib/x86_64-linux-gnu/nss/libfreebl3.so
7fe428ee5000-7fe428ee9000 rw-p 00000000 00:00 0 
7fe428ef0000-7fe428fa4000 r-xp 00000000 08:06 271632                     /usr/lib/x86_64-linux-gnu/libsqlite3.so.0.8.6
7fe428fa4000-7fe4291a4000 ---p 000b4000 08:06 271632                     /usr/lib/x86_64-linux-gnu/libsqlite3.so.0.8.6
7fe4291a4000-7fe4291a6000 r--p 000b4000 08:06 271632                     /usr/lib/x86_64-linux-gnu/libsqlite3.so.0.8.6
7fe4291a6000-7fe4291a8000 rw-p 000b6000 08:06 271632                     /usr/lib/x86_64-linux-gnu/libsqlite3.so.0.8.6
7fe4291a8000-7fe4291a9000 rw-p 00000000 00:00 0 
7fe4291b0000-7fe4291f1000 r-xp 00000000 08:06 794105                     /usr/lib/x86_64-linux-gnu/nss/libsoftokn3.so
7fe4291f1000-7fe4293f0000 ---p 00041000 08:06 794105                     /usr/lib/x86_64-linux-gnu/nss/libsoftokn3.so
7fe4293f0000-7fe4293f1000 r--p 00040000 08:06 794105                     /usr/lib/x86_64-linux-gnu/nss/libsoftokn3.so
7fe4293f1000-7fe4293f2000 rw-p 00041000 08:06 794105                     /usr/lib/x86_64-linux-gnu/nss/libsoftokn3.so
7fe4293f6000-7fe4293f9000 ---p 00000000 00:00 0 
7fe4293f9000-7fe4294f7000 rw-p 00000000 00:00 0                          [stack:6885]
7fe4294f7000-7fe4294f8000 ---p 00000000 00:00 0 
7fe4294f8000-7fe429cf8000 rw-p 00000000 00:00 0                          [stack:6880]
7fe429cf8000-7fe429d3c000 r-xp 00000000 08:06 11276542                   /lib/x86_64-linux-gnu/libdbus-1.so.3.7.6
7fe429d3c000-7fe429f3b000 ---p 00044000 08:06 11276542                   /lib/x86_64-linux-gnu/libdbus-1.so.3.7.6
7fe429f3b000-7fe429f3c000 r--p 00043000 08:06 11276542                   /lib/x86_64-linux-gnu/libdbus-1.so.3.7.6
7fe429f3c000-7fe429f3d000 rw-p 00044000 08:06 11276542                   /lib/x86_64-linux-gnu/libdbus-1.so.3.7.6
7fe429f40000-7fe429f48000 r-xp 00000000 08:06 11276591                   /lib/x86_64-linux-gnu/libnih-dbus.so.1.0.0
7fe429f48000-7fe42a148000 ---p 00008000 08:06 11276591                   /lib/x86_64-linux-gnu/libnih-dbus.so.1.0.0
7fe42a148000-7fe42a149000 r--p 00008000 08:06 11276591                   /lib/x86_64-linux-gnu/libnih-dbus.so.1.0.0
7fe42a149000-7fe42a14a000 rw-p 00009000 08:06 11276591                   /lib/x86_64-linux-gnu/libnih-dbus.so.1.0.0
7fe42a150000-7fe42a167000 r-xp 00000000 08:06 11276593                   /lib/x86_64-linux-gnu/libnih.so.1.0.0
7fe42a167000-7fe42a366000 ---p 00017000 08:06 11276593                   /lib/x86_64-linux-gnu/libnih.so.1.0.0
7fe42a366000-7fe42a367000 r--p 00016000 08:06 11276593                   /lib/x86_64-linux-gnu/libnih.so.1.0.0
7fe42a367000-7fe42a368000 rw-p 00017000 08:06 11276593                   /lib/x86_64-linux-gnu/libnih.so.1.0.0
7fe42a368000-7fe42a381000 r-xp 00000000 08:06 11276533                   /lib/x86_64-linux-gnu/libcgmanager.so.0.0.0
7fe42a381000-7fe42a580000 ---p 00019000 08:06 11276533                   /lib/x86_64-linux-gnu/libcgmanager.so.0.0.0
7fe42a580000-7fe42a582000 r--p 00018000 08:06 11276533                   /lib/x86_64-linux-gnu/libcgmanager.so.0.0.0
7fe42a582000-7fe42a583000 rw-p 0001a000 08:06 11276533                   /lib/x86_64-linux-gnu/libcgmanager.so.0.0.0
7fe42a588000-7fe42a5c1000 r-xp 00000000 08:06 268901                     /usr/lib/x86_64-linux-gnu/libnspr4.so
7fe42a5c1000-7fe42a7c0000 ---p 00039000 08:06 268901                     /usr/lib/x86_64-linux-gnu/libnspr4.so
7fe42a7c0000-7fe42a7c1000 r--p 00038000 08:06 268901                     /usr/lib/x86_64-linux-gnu/libnspr4.so
7fe42a7c1000-7fe42a7c2000 rw-p 00039000 08:06 268901                     /usr/lib/x86_64-linux-gnu/libnspr4.so
7fe42a7c2000-7fe42a7c5000 rw-p 00000000 00:00 0 
7fe42a7c8000-7fe42a7cb000 r-xp 00000000 08:06 268900                     /usr/lib/x86_64-linux-gnu/libplds4.so
7fe42a7cb000-7fe42a9ca000 ---p 00003000 08:06 268900                     /usr/lib/x86_64-linux-gnu/libplds4.so
7fe42a9ca000-7fe42a9cb000 r--p 00002000 08:06 268900                     /usr/lib/x86_64-linux-gnu/libplds4.so
7fe42a9cb000-7fe42a9cc000 rw-p 00003000 08:06 268900                     /usr/lib/x86_64-linux-gnu/libplds4.so
7fe42a9d0000-7fe42a9d4000 r-xp 00000000 08:06 268861                     /usr/lib/x86_64-linux-gnu/libplc4.so
7fe42a9d4000-7fe42abd3000 ---p 00004000 08:06 268861                     /usr/lib/x86_64-linux-gnu/libplc4.so
7fe42abd3000-7fe42abd4000 r--p 00003000 08:06 268861                     /usr/lib/x86_64-linux-gnu/libplc4.so
7fe42abd4000-7fe42abd5000 rw-p 00004000 08:06 268861                     /usr/lib/x86_64-linux-gnu/libplc4.so
7fe42abd8000-7fe42abfd000 r-xp 00000000 08:06 268074                     /usr/lib/x86_64-linux-gnu/libnssutil3.so
7fe42abfd000-7fe42adfd000 ---p 00025000 08:06 268074                     /usr/lib/x86_64-linux-gnu/libnssutil3.so
7fe42adfd000-7fe42ae03000 r--p 00025000 08:06 268074                     /usr/lib/x86_64-linux-gnu/libnssutil3.so
7fe42ae03000-7fe42ae04000 rw-p 0002b000 08:06 268074                     /usr/lib/x86_64-linux-gnu/libnssutil3.so
7fe42ae08000-7fe42ae18000 r-xp 00000000 08:06 11276675                   /lib/x86_64-linux-gnu/libudev.so.1.3.5
7fe42ae18000-7fe42b017000 ---p 00010000 08:06 11276675                   /lib/x86_64-linux-gnu/libudev.so.1.3.5
7fe42b017000-7fe42b018000 r--p 0000f000 08:06 11276675                   /lib/x86_64-linux-gnu/libudev.so.1.3.5
7fe42b018000-7fe42b019000 rw-p 00010000 08:06 11276675                   /lib/x86_64-linux-gnu/libudev.so.1.3.5
7fe42b020000-7fe42b155000 r-xp 00000000 08:06 268076                     /usr/lib/x86_64-linux-gnu/libnss3.so
7fe42b155000-7fe42b354000 ---p 00135000 08:06 268076                     /usr/lib/x86_64-linux-gnu/libnss3.so
7fe42b354000-7fe42b359000 r--p 00134000 08:06 268076                     /usr/lib/x86_64-linux-gnu/libnss3.so
7fe42b359000-7fe42b35b000 rw-p 00139000 08:06 268076                     /usr/lib/x86_64-linux-gnu/libnss3.so
7fe42b35b000-7fe42b35c000 rw-p 00000000 00:00 0 
7fe42b360000-7fe42b375000 r-xp 00000000 08:06 11276681                   /lib/x86_64-linux-gnu/libusb-1.0.so.0.1.0
7fe42b375000-7fe42b575000 ---p 00015000 08:06 11276681                   /lib/x86_64-linux-gnu/libusb-1.0.so.0.1.0
7fe42b575000-7fe42b576000 r--p 00015000 08:06 11276681                   /lib/x86_64-linux-gnu/libusb-1.0.so.0.1.0
7fe42b576000-7fe42b577000 rw-p 00016000 08:06 11276681                   /lib/x86_64-linux-gnu/libusb-1.0.so.0.1.0
7fe42b578000-7fe42b5cf000 r-xp 00000000 08:06 787714                     /usr/local/lib/libfprint.so.0.0.0
7fe42b5cf000-7fe42b7ce000 ---p 00057000 08:06 787714                     /usr/local/lib/libfprint.so.0.0.0
7fe42b7ce000-7fe42b7cf000 r--p 00056000 08:06 787714                     /usr/local/lib/libfprint.so.0.0.0
7fe42b7cf000-7fe42b7e0000 rw-p 00057000 08:06 787714                     /usr/local/lib/libfprint.so.0.0.0
7fe42b7e0000-7fe42e691000 rw-p 00000000 00:00 0 
7fe42e6c0000-7fe42e6c5000 r-xp 00000000 08:06 131104                     /tmp/libfingerprint7431744974657446463.so
7fe42e6c5000-7fe42e8c4000 ---p 00005000 08:06 131104                     /tmp/libfingerprint7431744974657446463.so
7fe42e8c4000-7fe42e8c5000 r--p 00004000 08:06 131104                     /tmp/libfingerprint7431744974657446463.so
7fe42e8c5000-7fe42e8c6000 rw-p 00005000 08:06 131104                     /tmp/libfingerprint7431744974657446463.so
7fe42e8c9000-7fe42eac9000 rw-s 1c35e1000 00:06 12147                     /dev/nvidiactl
7fe42eacd000-7fe42eecd000 rw-s 1c359d000 00:06 12147                     /dev/nvidiactl
7fe42eed1000-7fe42f166000 rw-p 00000000 00:00 0 
7fe42f166000-7fe42f366000 rw-s 186e5e000 00:06 12147                     /dev/nvidiactl
7fe42f36a000-7fe430000000 rw-p 00000000 00:00 0 
7fe430000000-7fe430418000 rw-p 00000000 00:00 0 
7fe430418000-7fe434000000 ---p 00000000 00:00 0 
7fe434000000-7fe434028000 rw-p 00000000 00:00 0 
7fe434028000-7fe438000000 ---p 00000000 00:00 0 
7fe438000000-7fe438021000 rw-p 00000000 00:00 0 
7fe438021000-7fe43c000000 ---p 00000000 00:00 0 
7fe43c020000-7fe43c026000 r--p 00000000 08:06 1314243                    /usr/share/locale-langpack/es/LC_MESSAGES/gdk-pixbuf.mo
7fe43c027000-7fe43c02b000 r--s 00097000 08:06 10486124                   /usr/lib/jvm/jdk1.8.0_111/jre/lib/jsse.jar
7fe43c030000-7fe43c0da000 r--p 00000000 08:06 1445411                    /usr/share/fonts/truetype/dejavu/DejaVuSans-Bold.ttf
7fe43c0dd000-7fe43c0f0000 r--s 00345000 08:06 10486404                   /usr/lib/jvm/jdk1.8.0_111/jre/lib/resources.jar
7fe43c0f0000-7fe43c2f0000 rw-p 00000000 00:00 0 
7fe43c2f0000-7fe43c3a6000 r--p 00000000 08:06 1445415                    /usr/share/fonts/truetype/dejavu/DejaVuSans.ttf
7fe43c3ab000-7fe43c3ae000 ---p 00000000 00:00 0 
7fe43c3ae000-7fe43c4ac000 rw-p 00000000 00:00 0                          [stack:6803]
7fe43c4ac000-7fe43c4b1000 r--s 00084000 08:06 10486279                   /usr/lib/jvm/jdk1.8.0_111/jre/lib/jfr.jar
7fe43c4b8000-7fe43c4e7000 r-xp 00000000 08:06 788682                     /usr/lib/x86_64-linux-gnu/gtk-2.0/2.10.0/engines/libmurrine.so
7fe43c4e7000-7fe43c6e7000 ---p 0002f000 08:06 788682                     /usr/lib/x86_64-linux-gnu/gtk-2.0/2.10.0/engines/libmurrine.so
7fe43c6e7000-7fe43c6e8000 r--p 0002f000 08:06 788682                     /usr/lib/x86_64-linux-gnu/gtk-2.0/2.10.0/engines/libmurrine.so
7fe43c6e8000-7fe43c6e9000 rw-p 00030000 08:06 788682                     /usr/lib/x86_64-linux-gnu/gtk-2.0/2.10.0/engines/libmurrine.so
7fe43c6f0000-7fe43c6f9000 r-xp 00000000 08:06 787773                     /usr/lib/x86_64-linux-gnu/gtk-2.0/2.10.0/engines/libpixmap.so
7fe43c6f9000-7fe43c8f9000 ---p 00009000 08:06 787773                     /usr/lib/x86_64-linux-gnu/gtk-2.0/2.10.0/engines/libpixmap.so
7fe43c8f9000-7fe43c8fa000 r--p 00009000 08:06 787773                     /usr/lib/x86_64-linux-gnu/gtk-2.0/2.10.0/engines/libpixmap.so
7fe43c8fa000-7fe43c8fb000 rw-p 0000a000 08:06 787773                     /usr/lib/x86_64-linux-gnu/gtk-2.0/2.10.0/engines/libpixmap.so
7fe43c900000-7fe43cb00000 rw-p 00000000 00:00 0 
7fe43cb00000-7fe43cd00000 rw-p 00000000 00:00 0 
7fe43cd00000-7fe43cdab000 r--p 00000000 08:06 10486268                   /usr/lib/jvm/jdk1.8.0_111/jre/lib/fonts/LucidaSansRegular.ttf
7fe43cdb0000-7fe43cdea000 r--p 00000000 08:06 10486270                   /usr/lib/jvm/jdk1.8.0_111/jre/lib/fonts/LucidaTypewriterBold.ttf
7fe43cdf0000-7fe43ce03000 r--p 00000000 08:06 10486276                   /usr/lib/jvm/jdk1.8.0_111/jre/lib/fonts/LucidaBrightDemiItalic.ttf
7fe43ce08000-7fe43ce56000 r--p 00000000 08:06 10486275                   /usr/lib/jvm/jdk1.8.0_111/jre/lib/fonts/LucidaSansDemiBold.ttf
7fe43ce58000-7fe43ce94000 r--p 00000000 08:06 10486274                   /usr/lib/jvm/jdk1.8.0_111/jre/lib/fonts/LucidaTypewriterRegular.ttf
7fe43ce98000-7fe43ceed000 r--p 00000000 08:06 10486271                   /usr/lib/jvm/jdk1.8.0_111/jre/lib/fonts/LucidaBrightRegular.ttf
7fe43cef0000-7fe43cf04000 r--p 00000000 08:06 10486272                   /usr/lib/jvm/jdk1.8.0_111/jre/lib/fonts/LucidaBrightItalic.ttf
7fe43cf08000-7fe43cf1b000 r--p 00000000 08:06 10486269                   /usr/lib/jvm/jdk1.8.0_111/jre/lib/fonts/LucidaBrightDemiBold.ttf
7fe43cf20000-7fe43cf24000 r-xp 00000000 08:06 10486217                   /usr/lib/jvm/jdk1.8.0_111/jre/lib/amd64/libjavafx_font_pango.so
7fe43cf24000-7fe43d123000 ---p 00004000 08:06 10486217                   /usr/lib/jvm/jdk1.8.0_111/jre/lib/amd64/libjavafx_font_pango.so
7fe43d123000-7fe43d124000 rw-p 00003000 08:06 10486217                   /usr/lib/jvm/jdk1.8.0_111/jre/lib/amd64/libjavafx_font_pango.so
7fe43d128000-7fe43d129000 r--s 00000000 08:06 3801416                    /var/cache/fontconfig/c05880de57d1f5e948fdfacc138775d9-le64.cache-4
7fe43d130000-7fe43d13b000 r--s 00000000 08:06 3801409                    /var/cache/fontconfig/945677eb7aeaf62f1d50efc3fb3ec7d8-le64.cache-4
7fe43d140000-7fe43d142000 r--s 00000000 08:06 3801411                    /var/cache/fontconfig/99e8ed0e538f840c565b6ed5dad60d56-le64.cache-4
7fe43d148000-7fe43d14e000 r--s 00000000 08:06 3801393                    /var/cache/fontconfig/2cd17615ca594fa2959ae173292e504c-le64.cache-4
7fe43d150000-7fe43d151000 r--s 00000000 08:06 3801427                    /var/cache/fontconfig/e7071f4a29fa870f4323321c154eba04-le64.cache-4
7fe43d158000-7fe43d159000 r--s 00000000 08:06 3801390                    /var/cache/fontconfig/0d8c3b2ac0904cb8a57a757ad11a4a08-le64.cache-4
7fe43d160000-7fe43d167000 r--s 00000000 08:06 3801413                    /var/cache/fontconfig/a755afe4a08bf5b97852ceb7400b47bc-le64.cache-4
7fe43d168000-7fe43d174000 r--s 00000000 08:06 3801404                    /var/cache/fontconfig/6d41288fd70b0be22e8c3a91e032eec0-le64.cache-4
7fe43d178000-7fe43d18c000 r--s 00000000 08:06 3801387                    /var/cache/fontconfig/04aabc0a78ac019cf9454389977116d2-le64.cache-4
7fe43d190000-7fe43d191000 r--s 00000000 08:06 3801392                    /var/cache/fontconfig/1ac9eb803944fde146138c791f5cc56a-le64.cache-4
7fe43d198000-7fe43d19c000 r--s 00000000 08:06 3801396                    /var/cache/fontconfig/385c0604a188198f04d133e54aba7fe7-le64.cache-4
7fe43d1a0000-7fe43d1a1000 r--s 00000000 08:06 3801424                    /var/cache/fontconfig/dc05db6664285cc2f12bf69c139ae4c3-le64.cache-4
7fe43d1a8000-7fe43d1aa000 r--s 00000000 08:06 3801406                    /var/cache/fontconfig/767a8244fc0220cfb567a839d0392e0b-le64.cache-4
7fe43d1b0000-7fe43d1b1000 r--s 00000000 08:06 3801398                    /var/cache/fontconfig/4794a0821666d79190d59a36cb4f44b5-le64.cache-4
7fe43d1b8000-7fe43d1ca000 r--s 00000000 08:06 3801388                    /var/cache/fontconfig/0bd3dc0958fa2205aaaa8ebb13e2872b-le64.cache-4
7fe43d1d0000-7fe43d1d5000 r--s 00000000 08:06 3801408                    /var/cache/fontconfig/8801497958630a81b71ace7c5f9b32a8-le64.cache-4
7fe43d1d8000-7fe43d1de000 r--s 00000000 08:06 3816246                    /var/cache/fontconfig/ca37dee8d6057f2a069c1b3d05990269-le64.cache-4
7fe43d1e0000-7fe43d1e4000 r--s 00000000 08:06 3815067                    /var/cache/fontconfig/c57959a16110560c8d0fcea73374aeeb-le64.cache-4
7fe43d1e8000-7fe43d1ef000 r--s 00000000 08:06 3801394                    /var/cache/fontconfig/3047814df9a2f067bd2d96a2b9c36e5a-le64.cache-4
7fe43d1f0000-7fe43d1f1000 r--s 00000000 08:06 3801400                    /var/cache/fontconfig/56cf4f4769d0f4abc89a4895d7bd3ae1-le64.cache-4
7fe43d1f8000-7fe43d1fe000 r--s 00000000 08:06 3801414                    /var/cache/fontconfig/b47c4e1ecd0709278f4910c18777a504-le64.cache-4
7fe43d200000-7fe43d213000 r--s 00000000 08:06 3801421                    /var/cache/fontconfig/d52a8644073d54c13679302ca1180695-le64.cache-4
7fe43d218000-7fe43d221000 r--s 00000000 08:06 3801397                    /var/cache/fontconfig/3f7329c5293ffd510edef78f73874cfd-le64.cache-4
7fe43d228000-7fe43d233000 r--s 00000000 08:06 3801422                    /var/cache/fontconfig/d589a48862398ed80a3d6066f4f56f4c-le64.cache-4
7fe43d238000-7fe43d241000 r--s 00000000 08:06 3801419                    /var/cache/fontconfig/d0972c3d32f097851eb916381fc38920-le64.cache-4
7fe43d248000-7fe43d24d000 r-xp 00000000 08:06 10486213                   /usr/lib/jvm/jdk1.8.0_111/jre/lib/amd64/libjavafx_font_freetype.so
7fe43d24d000-7fe43d44c000 ---p 00005000 08:06 10486213                   /usr/lib/jvm/jdk1.8.0_111/jre/lib/amd64/libjavafx_font_freetype.so
7fe43d44c000-7fe43d44d000 rw-p 00004000 08:06 10486213                   /usr/lib/jvm/jdk1.8.0_111/jre/lib/amd64/libjavafx_font_freetype.so
7fe43d450000-7fe43d453000 r-xp 00000000 08:06 10486175                   /usr/lib/jvm/jdk1.8.0_111/jre/lib/amd64/libjavafx_font.so
7fe43d453000-7fe43d652000 ---p 00003000 08:06 10486175                   /usr/lib/jvm/jdk1.8.0_111/jre/lib/amd64/libjavafx_font.so
7fe43d652000-7fe43d653000 rw-p 00002000 08:06 10486175                   /usr/lib/jvm/jdk1.8.0_111/jre/lib/amd64/libjavafx_font.so
7fe43d655000-7fe43d855000 rw-p 00000000 00:00 0 
7fe43d855000-7fe43d858000 ---p 00000000 00:00 0 
7fe43d858000-7fe43d956000 rw-p 00000000 00:00 0                          [stack:6756]
7fe43d956000-7fe43d959000 ---p 00000000 00:00 0 
7fe43d959000-7fe43da57000 rw-p 00000000 00:00 0                          [stack:6755]
7fe43da57000-7fe43da5a000 ---p 00000000 00:00 0 
7fe43da5a000-7fe43db58000 rw-p 00000000 00:00 0                          [stack:6754]
7fe43db58000-7fe43db82000 r--p 00000000 08:06 1314249                    /usr/share/locale-langpack/es/LC_MESSAGES/gtk20-properties.mo
7fe43db88000-7fe43dbb1000 r-xp 00000000 08:06 10486225                   /usr/lib/jvm/jdk1.8.0_111/jre/lib/amd64/libglass.so
7fe43dbb1000-7fe43ddb0000 ---p 00029000 08:06 10486225                   /usr/lib/jvm/jdk1.8.0_111/jre/lib/amd64/libglass.so
7fe43ddb0000-7fe43ddb3000 rw-p 00028000 08:06 10486225                   /usr/lib/jvm/jdk1.8.0_111/jre/lib/amd64/libglass.so
7fe43ddb4000-7fe43de34000 rw-s 1efc9c000 00:06 12147                     /dev/nvidiactl
7fe43de36000-7fe43deb6000 rw-s 186ce6000 00:06 12147                     /dev/nvidiactl
7fe43deb8000-7fe43debb000 ---p 00000000 00:00 0 
7fe43debb000-7fe43dfb9000 rw-p 00000000 00:00 0 
7fe43dfb9000-7fe43e06d000 rw-s 221d19000 00:06 12147                     /dev/nvidiactl
7fe43e070000-7fe43e076000 r-xp 00000000 08:06 270780                     /usr/lib/x86_64-linux-gnu/libdatrie.so.1.3.1
7fe43e076000-7fe43e275000 ---p 00006000 08:06 270780                     /usr/lib/x86_64-linux-gnu/libdatrie.so.1.3.1
7fe43e275000-7fe43e276000 r--p 00005000 08:06 270780                     /usr/lib/x86_64-linux-gnu/libdatrie.so.1.3.1
7fe43e276000-7fe43e277000 rw-p 00006000 08:06 270780                     /usr/lib/x86_64-linux-gnu/libdatrie.so.1.3.1
7fe43e278000-7fe43e27d000 r-xp 00000000 08:06 270557                     /usr/lib/x86_64-linux-gnu/libXdmcp.so.6.0.0
7fe43e27d000-7fe43e47c000 ---p 00005000 08:06 270557                     /usr/lib/x86_64-linux-gnu/libXdmcp.so.6.0.0
7fe43e47c000-7fe43e47d000 r--p 00004000 08:06 270557                     /usr/lib/x86_64-linux-gnu/libXdmcp.so.6.0.0
7fe43e47d000-7fe43e47e000 rw-p 00005000 08:06 270557                     /usr/lib/x86_64-linux-gnu/libXdmcp.so.6.0.0
7fe43e480000-7fe43e482000 r-xp 00000000 08:06 270544                     /usr/lib/x86_64-linux-gnu/libXau.so.6.0.0
7fe43e482000-7fe43e682000 ---p 00002000 08:06 270544                     /usr/lib/x86_64-linux-gnu/libXau.so.6.0.0
7fe43e682000-7fe43e683000 r--p 00002000 08:06 270544                     /usr/lib/x86_64-linux-gnu/libXau.so.6.0.0
7fe43e683000-7fe43e684000 rw-p 00003000 08:06 270544                     /usr/lib/x86_64-linux-gnu/libXau.so.6.0.0
7fe43e688000-7fe43e6a2000 r-xp 00000000 08:06 263304                     /usr/lib/x86_64-linux-gnu/libgraphite2.so.3.0.1
7fe43e6a2000-7fe43e8a1000 ---p 0001a000 08:06 263304                     /usr/lib/x86_64-linux-gnu/libgraphite2.so.3.0.1
7fe43e8a1000-7fe43e8a3000 r--p 00019000 08:06 263304                     /usr/lib/x86_64-linux-gnu/libgraphite2.so.3.0.1
7fe43e8a3000-7fe43e8a4000 rw-p 0001b000 08:06 263304                     /usr/lib/x86_64-linux-gnu/libgraphite2.so.3.0.1
7fe43e8a8000-7fe4402a5000 r-xp 00000000 08:06 921231                     /usr/lib/nvidia-352/libnvidia-glcore.so.352.63
7fe4402a5000-7fe4402c5000 rwxp 019fd000 08:06 921231                     /usr/lib/nvidia-352/libnvidia-glcore.so.352.63
7fe4402c5000-7fe44058c000 r-xp 01a1d000 08:06 921231                     /usr/lib/nvidia-352/libnvidia-glcore.so.352.63
7fe44058c000-7fe44078b000 ---p 01ce4000 08:06 921231                     /usr/lib/nvidia-352/libnvidia-glcore.so.352.63
7fe44078b000-7fe441327000 rw-p 01ce3000 08:06 921231                     /usr/lib/nvidia-352/libnvidia-glcore.so.352.63
7fe441327000-7fe44133b000 rw-p 00000000 00:00 0 
7fe441340000-7fe441343000 r-xp 00000000 08:06 1184481                    /usr/lib/nvidia-352/tls/libnvidia-tls.so.352.63
7fe441343000-7fe441542000 ---p 00003000 08:06 1184481                    /usr/lib/nvidia-352/tls/libnvidia-tls.so.352.63
7fe441542000-7fe441543000 rw-p 00002000 08:06 1184481                    /usr/lib/nvidia-352/tls/libnvidia-tls.so.352.63
7fe441548000-7fe441585000 r-xp 00000000 08:06 11276632                   /lib/x86_64-linux-gnu/libpcre.so.3.13.1
7fe441585000-7fe441784000 ---p 0003d000 08:06 11276632                   /lib/x86_64-linux-gnu/libpcre.so.3.13.1
7fe441784000-7fe441785000 r--p 0003c000 08:06 11276632                   /lib/x86_64-linux-gnu/libpcre.so.3.13.1
7fe441785000-7fe441786000 rw-p 0003d000 08:06 11276632                   /lib/x86_64-linux-gnu/libpcre.so.3.13.1
7fe441788000-7fe44178f000 r-xp 00000000 08:06 262898                     /usr/lib/x86_64-linux-gnu/libffi.so.6.0.1
7fe44178f000-7fe44198e000 ---p 00007000 08:06 262898                     /usr/lib/x86_64-linux-gnu/libffi.so.6.0.1
7fe44198e000-7fe44198f000 r--p 00006000 08:06 262898                     /usr/lib/x86_64-linux-gnu/libffi.so.6.0.1
7fe44198f000-7fe441990000 rw-p 00007000 08:06 262898                     /usr/lib/x86_64-linux-gnu/libffi.so.6.0.1
7fe441990000-7fe4419b7000 r-xp 00000000 08:06 11276550                   /lib/x86_64-linux-gnu/libexpat.so.1.6.0
7fe4419b7000-7fe441bb7000 ---p 00027000 08:06 11276550                   /lib/x86_64-linux-gnu/libexpat.so.1.6.0
7fe441bb7000-7fe441bb9000 r--p 00027000 08:06 11276550                   /lib/x86_64-linux-gnu/libexpat.so.1.6.0
7fe441bb9000-7fe441bba000 rw-p 00029000 08:06 11276550                   /lib/x86_64-linux-gnu/libexpat.so.1.6.0
7fe441bc0000-7fe441bc8000 r-xp 00000000 08:06 271660                     /usr/lib/x86_64-linux-gnu/libthai.so.0.2.0
7fe441bc8000-7fe441dc7000 ---p 00008000 08:06 271660                     /usr/lib/x86_64-linux-gnu/libthai.so.0.2.0
7fe441dc7000-7fe441dc8000 r--p 00007000 08:06 271660                     /usr/lib/x86_64-linux-gnu/libthai.so.0.2.0
7fe441dc8000-7fe441dc9000 rw-p 00008000 08:06 271660                     /usr/lib/x86_64-linux-gnu/libthai.so.0.2.0
7fe441dd0000-7fe441ded000 r-xp 00000000 08:06 271805                     /usr/lib/x86_64-linux-gnu/libxcb.so.1.1.0
7fe441ded000-7fe441fed000 ---p 0001d000 08:06 271805                     /usr/lib/x86_64-linux-gnu/libxcb.so.1.1.0
7fe441fed000-7fe441fee000 r--p 0001d000 08:06 271805                     /usr/lib/x86_64-linux-gnu/libxcb.so.1.1.0
7fe441fee000-7fe441fef000 rw-p 0001e000 08:06 271805                     /usr/lib/x86_64-linux-gnu/libxcb.so.1.1.0
7fe441ff0000-7fe441ff8000 r-xp 00000000 08:06 271787                     /usr/lib/x86_64-linux-gnu/libxcb-render.so.0.0.0
7fe441ff8000-7fe4421f7000 ---p 00008000 08:06 271787                     /usr/lib/x86_64-linux-gnu/libxcb-render.so.0.0.0
7fe4421f7000-7fe4421f8000 r--p 00007000 08:06 271787                     /usr/lib/x86_64-linux-gnu/libxcb-render.so.0.0.0
7fe4421f8000-7fe4421f9000 rw-p 00008000 08:06 271787                     /usr/lib/x86_64-linux-gnu/libxcb-render.so.0.0.0
7fe442200000-7fe442202000 r-xp 00000000 08:06 271791                     /usr/lib/x86_64-linux-gnu/libxcb-shm.so.0.0.0
7fe442202000-7fe442401000 ---p 00002000 08:06 271791                     /usr/lib/x86_64-linux-gnu/libxcb-shm.so.0.0.0
7fe442401000-7fe442402000 r--p 00001000 08:06 271791                     /usr/lib/x86_64-linux-gnu/libxcb-shm.so.0.0.0
7fe442402000-7fe442403000 rw-p 00002000 08:06 271791                     /usr/lib/x86_64-linux-gnu/libxcb-shm.so.0.0.0
7fe442408000-7fe44242d000 r-xp 00000000 08:06 11273421                   /lib/x86_64-linux-gnu/libpng12.so.0.50.0
7fe44242d000-7fe44262c000 ---p 00025000 08:06 11273421                   /lib/x86_64-linux-gnu/libpng12.so.0.50.0
7fe44262c000-7fe44262d000 r--p 00024000 08:06 11273421                   /lib/x86_64-linux-gnu/libpng12.so.0.50.0
7fe44262d000-7fe44262e000 rw-p 00025000 08:06 11273421                   /lib/x86_64-linux-gnu/libpng12.so.0.50.0
7fe442630000-7fe4426d1000 r-xp 00000000 08:06 271486                     /usr/lib/x86_64-linux-gnu/libpixman-1.so.0.30.2
7fe4426d1000-7fe4428d1000 ---p 000a1000 08:06 271486                     /usr/lib/x86_64-linux-gnu/libpixman-1.so.0.30.2
7fe4428d1000-7fe4428d8000 r--p 000a1000 08:06 271486                     /usr/lib/x86_64-linux-gnu/libpixman-1.so.0.30.2
7fe4428d8000-7fe4428d9000 rw-p 000a8000 08:06 271486                     /usr/lib/x86_64-linux-gnu/libpixman-1.so.0.30.2
7fe4428e0000-7fe442933000 r-xp 00000000 08:06 271186                     /usr/lib/x86_64-linux-gnu/libharfbuzz.so.0.927.0
7fe442933000-7fe442b33000 ---p 00053000 08:06 271186                     /usr/lib/x86_64-linux-gnu/libharfbuzz.so.0.927.0
7fe442b33000-7fe442b34000 r--p 00053000 08:06 271186                     /usr/lib/x86_64-linux-gnu/libharfbuzz.so.0.927.0
7fe442b34000-7fe442b35000 rw-p 00054000 08:06 271186                     /usr/lib/x86_64-linux-gnu/libharfbuzz.so.0.927.0
7fe442b38000-7fe442b4f000 r-xp 00000000 08:06 11272221                   /lib/x86_64-linux-gnu/libresolv-2.19.so
7fe442b4f000-7fe442d4f000 ---p 00017000 08:06 11272221                   /lib/x86_64-linux-gnu/libresolv-2.19.so
7fe442d4f000-7fe442d50000 r--p 00017000 08:06 11272221                   /lib/x86_64-linux-gnu/libresolv-2.19.so
7fe442d50000-7fe442d51000 rw-p 00018000 08:06 11272221                   /lib/x86_64-linux-gnu/libresolv-2.19.so
7fe442d51000-7fe442d53000 rw-p 00000000 00:00 0 
7fe442d58000-7fe442d78000 r-xp 00000000 08:06 11276659                   /lib/x86_64-linux-gnu/libselinux.so.1
7fe442d78000-7fe442f77000 ---p 00020000 08:06 11276659                   /lib/x86_64-linux-gnu/libselinux.so.1
7fe442f77000-7fe442f78000 r--p 0001f000 08:06 11276659                   /lib/x86_64-linux-gnu/libselinux.so.1
7fe442f78000-7fe442f79000 rw-p 00020000 08:06 11276659                   /lib/x86_64-linux-gnu/libselinux.so.1
7fe442f79000-7fe442f7b000 rw-p 00000000 00:00 0 
7fe442f80000-7fe442f98000 r-xp 00000000 08:06 11276690                   /lib/x86_64-linux-gnu/libz.so.1.2.8
7fe442f98000-7fe443197000 ---p 00018000 08:06 11276690                   /lib/x86_64-linux-gnu/libz.so.1.2.8
7fe443197000-7fe443198000 r--p 00017000 08:06 11276690                   /lib/x86_64-linux-gnu/libz.so.1.2.8
7fe443198000-7fe443199000 rw-p 00018000 08:06 11276690                   /lib/x86_64-linux-gnu/libz.so.1.2.8
7fe4431a0000-7fe4431b1000 r-xp 00000000 08:06 270559                     /usr/lib/x86_64-linux-gnu/libXext.so.6.4.0
7fe4431b1000-7fe4433b0000 ---p 00011000 08:06 270559                     /usr/lib/x86_64-linux-gnu/libXext.so.6.4.0
7fe4433b0000-7fe4433b1000 r--p 00010000 08:06 270559                     /usr/lib/x86_64-linux-gnu/libXext.so.6.4.0
7fe4433b1000-7fe4433b2000 rw-p 00011000 08:06 270559                     /usr/lib/x86_64-linux-gnu/libXext.so.6.4.0
7fe4433b8000-7fe4433ba000 r-xp 00000000 08:06 270553                     /usr/lib/x86_64-linux-gnu/libXdamage.so.1.1.0
7fe4433ba000-7fe4435b9000 ---p 00002000 08:06 270553                     /usr/lib/x86_64-linux-gnu/libXdamage.so.1.1.0
7fe4435b9000-7fe4435ba000 r--p 00001000 08:06 270553                     /usr/lib/x86_64-linux-gnu/libXdamage.so.1.1.0
7fe4435ba000-7fe4435bb000 rw-p 00002000 08:06 270553                     /usr/lib/x86_64-linux-gnu/libXdamage.so.1.1.0
7fe4435c0000-7fe4435c2000 r-xp 00000000 08:06 270549                     /usr/lib/x86_64-linux-gnu/libXcomposite.so.1.0.0
7fe4435c2000-7fe4437c1000 ---p 00002000 08:06 270549                     /usr/lib/x86_64-linux-gnu/libXcomposite.so.1.0.0
7fe4437c1000-7fe4437c2000 r--p 00001000 08:06 270549                     /usr/lib/x86_64-linux-gnu/libXcomposite.so.1.0.0
7fe4437c2000-7fe4437c3000 rw-p 00002000 08:06 270549                     /usr/lib/x86_64-linux-gnu/libXcomposite.so.1.0.0
7fe4437c8000-7fe4437d1000 r-xp 00000000 08:06 270551                     /usr/lib/x86_64-linux-gnu/libXcursor.so.1.0.2
7fe4437d1000-7fe4439d0000 ---p 00009000 08:06 270551                     /usr/lib/x86_64-linux-gnu/libXcursor.so.1.0.2
7fe4439d0000-7fe4439d1000 r--p 00008000 08:06 270551                     /usr/lib/x86_64-linux-gnu/libXcursor.so.1.0.2
7fe4439d1000-7fe4439d2000 rw-p 00009000 08:06 270551                     /usr/lib/x86_64-linux-gnu/libXcursor.so.1.0.2
7fe4439d8000-7fe4439e1000 r-xp 00000000 08:06 270579                     /usr/lib/x86_64-linux-gnu/libXrandr.so.2.2.0
7fe4439e1000-7fe443be0000 ---p 00009000 08:06 270579                     /usr/lib/x86_64-linux-gnu/libXrandr.so.2.2.0
7fe443be0000-7fe443be1000 r--p 00008000 08:06 270579                     /usr/lib/x86_64-linux-gnu/libXrandr.so.2.2.0
7fe443be1000-7fe443be2000 rw-p 00009000 08:06 270579                     /usr/lib/x86_64-linux-gnu/libXrandr.so.2.2.0
7fe443be8000-7fe443bf7000 r-xp 00000000 08:06 270567                     /usr/lib/x86_64-linux-gnu/libXi.so.6.1.0
7fe443bf7000-7fe443df6000 ---p 0000f000 08:06 270567                     /usr/lib/x86_64-linux-gnu/libXi.so.6.1.0
7fe443df6000-7fe443df7000 r--p 0000e000 08:06 270567                     /usr/lib/x86_64-linux-gnu/libXi.so.6.1.0
7fe443df7000-7fe443df8000 rw-p 0000f000 08:06 270567                     /usr/lib/x86_64-linux-gnu/libXi.so.6.1.0
7fe443df8000-7fe443dfa000 r-xp 00000000 08:06 270569                     /usr/lib/x86_64-linux-gnu/libXinerama.so.1.0.0
7fe443dfa000-7fe443ff9000 ---p 00002000 08:06 270569                     /usr/lib/x86_64-linux-gnu/libXinerama.so.1.0.0
7fe443ff9000-7fe443ffa000 r--p 00001000 08:06 270569                     /usr/lib/x86_64-linux-gnu/libXinerama.so.1.0.0
7fe443ffa000-7fe443ffb000 rw-p 00002000 08:06 270569                     /usr/lib/x86_64-linux-gnu/libXinerama.so.1.0.0
7fe444000000-7fe444bbe000 rw-p 00000000 00:00 0 
7fe444bbe000-7fe448000000 ---p 00000000 00:00 0 
7fe448000000-7fe448001000 r--s 00000000 08:06 3801415                    /var/cache/fontconfig/b9d506c9ac06c20b433354fa67a72993-le64.cache-4
7fe448008000-7fe44800b000 r--s 00000000 08:06 3812658                    /var/cache/fontconfig/e13b20fdb08344e0e664864cc2ede53d-le64.cache-4
7fe448010000-7fe448014000 r--s 00000000 08:06 3816245                    /var/cache/fontconfig/7ef2298fde41cc6eeb7af42e48b7d293-le64.cache-4
7fe448018000-7fe44801c000 r--s 00060000 08:06 10619782                   /home/xmbeat/NetBeansProjects/FingerprintLogin/dist/run962047325/lib/webcam-capture-0.3.10.jar
7fe448020000-7fe4480a0000 rw-s 18bcc0000 00:06 12147                     /dev/nvidiactl
7fe4480a0000-7fe4480a9000 r-xp 00000000 08:06 270581                     /usr/lib/x86_64-linux-gnu/libXrender.so.1.3.0
7fe4480a9000-7fe4482a8000 ---p 00009000 08:06 270581                     /usr/lib/x86_64-linux-gnu/libXrender.so.1.3.0
7fe4482a8000-7fe4482a9000 r--p 00008000 08:06 270581                     /usr/lib/x86_64-linux-gnu/libXrender.so.1.3.0
7fe4482a9000-7fe4482aa000 rw-p 00009000 08:06 270581                     /usr/lib/x86_64-linux-gnu/libXrender.so.1.3.0
7fe4482b0000-7fe4482b5000 r-xp 00000000 08:06 270561                     /usr/lib/x86_64-linux-gnu/libXfixes.so.3.1.0
7fe4482b5000-7fe4484b4000 ---p 00005000 08:06 270561                     /usr/lib/x86_64-linux-gnu/libXfixes.so.3.1.0
7fe4484b4000-7fe4484b5000 r--p 00004000 08:06 270561                     /usr/lib/x86_64-linux-gnu/libXfixes.so.3.1.0
7fe4484b5000-7fe4484b6000 rw-p 00005000 08:06 270561                     /usr/lib/x86_64-linux-gnu/libXfixes.so.3.1.0
7fe4484b8000-7fe4484ce000 r-xp 00000000 08:06 11273328                   /lib/x86_64-linux-gnu/libgcc_s.so.1
7fe4484ce000-7fe4486cd000 ---p 00016000 08:06 11273328                   /lib/x86_64-linux-gnu/libgcc_s.so.1
7fe4486cd000-7fe4486ce000 rw-p 00015000 08:06 11273328                   /lib/x86_64-linux-gnu/libgcc_s.so.1
7fe4486d0000-7fe4487b6000 r-xp 00000000 08:06 262560                     /usr/lib/x86_64-linux-gnu/libstdc++.so.6.0.19
7fe4487b6000-7fe4489b5000 ---p 000e6000 08:06 262560                     /usr/lib/x86_64-linux-gnu/libstdc++.so.6.0.19
7fe4489b5000-7fe4489bd000 r--p 000e5000 08:06 262560                     /usr/lib/x86_64-linux-gnu/libstdc++.so.6.0.19
7fe4489bd000-7fe4489bf000 rw-p 000ed000 08:06 262560                     /usr/lib/x86_64-linux-gnu/libstdc++.so.6.0.19
7fe4489bf000-7fe4489d4000 rw-p 00000000 00:00 0 
7fe4489d8000-7fe448a96000 r-xp 00000000 08:06 921224                     /usr/lib/nvidia-352/libGL.so.352.63
7fe448a96000-7fe448ac9000 rwxp 000be000 08:06 921224                     /usr/lib/nvidia-352/libGL.so.352.63
7fe448ac9000-7fe448adb000 r-xp 000f1000 08:06 921224                     /usr/lib/nvidia-352/libGL.so.352.63
7fe448adb000-7fe448cda000 ---p 00103000 08:06 921224                     /usr/lib/nvidia-352/libGL.so.352.63
7fe448cda000-7fe448d02000 rw-p 00102000 08:06 921224                     /usr/lib/nvidia-352/libGL.so.352.63
7fe448d02000-7fe448d08000 rw-p 00000000 00:00 0 
7fe448d08000-7fe448d0c000 r-xp 00000000 08:06 270597                     /usr/lib/x86_64-linux-gnu/libXxf86vm.so.1.0.0
7fe448d0c000-7fe448f0c000 ---p 00004000 08:06 270597                     /usr/lib/x86_64-linux-gnu/libXxf86vm.so.1.0.0
7fe448f0c000-7fe448f0d000 r--p 00004000 08:06 270597                     /usr/lib/x86_64-linux-gnu/libXxf86vm.so.1.0.0
7fe448f0d000-7fe448f0e000 rw-p 00005000 08:06 270597                     /usr/lib/x86_64-linux-gnu/libXxf86vm.so.1.0.0
7fe448f10000-7fe449040000 r-xp 00000000 08:06 270538                     /usr/lib/x86_64-linux-gnu/libX11.so.6.3.0
7fe449040000-7fe449240000 ---p 00130000 08:06 270538                     /usr/lib/x86_64-linux-gnu/libX11.so.6.3.0
7fe449240000-7fe449241000 r--p 00130000 08:06 270538                     /usr/lib/x86_64-linux-gnu/libX11.so.6.3.0
7fe449241000-7fe449245000 rw-p 00131000 08:06 270538                     /usr/lib/x86_64-linux-gnu/libX11.so.6.3.0
7fe449248000-7fe44924d000 r-xp 00000000 08:06 270587                     /usr/lib/x86_64-linux-gnu/libXtst.so.6.1.0
7fe44924d000-7fe44944c000 ---p 00005000 08:06 270587                     /usr/lib/x86_64-linux-gnu/libXtst.so.6.1.0
7fe44944c000-7fe44944d000 r--p 00004000 08:06 270587                     /usr/lib/x86_64-linux-gnu/libXtst.so.6.1.0
7fe44944d000-7fe44944e000 rw-p 00005000 08:06 270587                     /usr/lib/x86_64-linux-gnu/libXtst.so.6.1.0
7fe449450000-7fe449556000 r-xp 00000000 08:06 11276559                   /lib/x86_64-linux-gnu/libglib-2.0.so.0.4002.0
7fe449556000-7fe449755000 ---p 00106000 08:06 11276559                   /lib/x86_64-linux-gnu/libglib-2.0.so.0.4002.0
7fe449755000-7fe449756000 r--p 00105000 08:06 11276559                   /lib/x86_64-linux-gnu/libglib-2.0.so.0.4002.0
7fe449756000-7fe449757000 rw-p 00106000 08:06 11276559                   /lib/x86_64-linux-gnu/libglib-2.0.so.0.4002.0
7fe449757000-7fe449758000 rw-p 00000000 00:00 0 
7fe449758000-7fe449759000 r-xp 00000000 08:06 271159                     /usr/lib/x86_64-linux-gnu/libgthread-2.0.so.0.4002.0
7fe449759000-7fe449958000 ---p 00001000 08:06 271159                     /usr/lib/x86_64-linux-gnu/libgthread-2.0.so.0.4002.0
7fe449958000-7fe449959000 r--p 00000000 08:06 271159                     /usr/lib/x86_64-linux-gnu/libgthread-2.0.so.0.4002.0
7fe449959000-7fe44995a000 rw-p 00001000 08:06 271159                     /usr/lib/x86_64-linux-gnu/libgthread-2.0.so.0.4002.0
7fe449960000-7fe449963000 r-xp 00000000 08:06 271015                     /usr/lib/x86_64-linux-gnu/libgmodule-2.0.so.0.4002.0
7fe449963000-7fe449b62000 ---p 00003000 08:06 271015                     /usr/lib/x86_64-linux-gnu/libgmodule-2.0.so.0.4002.0
7fe449b62000-7fe449b63000 r--p 00002000 08:06 271015                     /usr/lib/x86_64-linux-gnu/libgmodule-2.0.so.0.4002.0
7fe449b63000-7fe449b64000 rw-p 00003000 08:06 271015                     /usr/lib/x86_64-linux-gnu/libgmodule-2.0.so.0.4002.0
7fe449b68000-7fe449bb7000 r-xp 00000000 08:06 271039                     /usr/lib/x86_64-linux-gnu/libgobject-2.0.so.0.4002.0
7fe449bb7000-7fe449db7000 ---p 0004f000 08:06 271039                     /usr/lib/x86_64-linux-gnu/libgobject-2.0.so.0.4002.0
7fe449db7000-7fe449db8000 r--p 0004f000 08:06 271039                     /usr/lib/x86_64-linux-gnu/libgobject-2.0.so.0.4002.0
7fe449db8000-7fe449db9000 rw-p 00050000 08:06 271039                     /usr/lib/x86_64-linux-gnu/libgobject-2.0.so.0.4002.0
7fe449dc0000-7fe449dfa000 r-xp 00000000 08:06 270920                     /usr/lib/x86_64-linux-gnu/libfontconfig.so.1.8.0
7fe449dfa000-7fe449ff9000 ---p 0003a000 08:06 270920                     /usr/lib/x86_64-linux-gnu/libfontconfig.so.1.8.0
7fe449ff9000-7fe449ffb000 r--p 00039000 08:06 270920                     /usr/lib/x86_64-linux-gnu/libfontconfig.so.1.8.0
7fe449ffb000-7fe449ffc000 rw-p 0003b000 08:06 270920                     /usr/lib/x86_64-linux-gnu/libfontconfig.so.1.8.0
7fe44a000000-7fe44a09d000 r-xp 00000000 08:06 270946                     /usr/lib/x86_64-linux-gnu/libfreetype.so.6.11.1
7fe44a09d000-7fe44a29c000 ---p 0009d000 08:06 270946                     /usr/lib/x86_64-linux-gnu/libfreetype.so.6.11.1
7fe44a29c000-7fe44a2a2000 r--p 0009c000 08:06 270946                     /usr/lib/x86_64-linux-gnu/libfreetype.so.6.11.1
7fe44a2a2000-7fe44a2a3000 rw-p 000a2000 08:06 270946                     /usr/lib/x86_64-linux-gnu/libfreetype.so.6.11.1
7fe44a2a8000-7fe44a2f2000 r-xp 00000000 08:06 271463                     /usr/lib/x86_64-linux-gnu/libpango-1.0.so.0.3600.3
7fe44a2f2000-7fe44a4f2000 ---p 0004a000 08:06 271463                     /usr/lib/x86_64-linux-gnu/libpango-1.0.so.0.3600.3
7fe44a4f2000-7fe44a4f4000 r--p 0004a000 08:06 271463                     /usr/lib/x86_64-linux-gnu/libpango-1.0.so.0.3600.3
7fe44a4f4000-7fe44a4f5000 rw-p 0004c000 08:06 271463                     /usr/lib/x86_64-linux-gnu/libpango-1.0.so.0.3600.3
7fe44a4f8000-7fe44a5fe000 r-xp 00000000 08:06 270702                     /usr/lib/x86_64-linux-gnu/libcairo.so.2.11301.0
7fe44a5fe000-7fe44a7fd000 ---p 00106000 08:06 270702                     /usr/lib/x86_64-linux-gnu/libcairo.so.2.11301.0
7fe44a7fd000-7fe44a800000 r--p 00105000 08:06 270702                     /usr/lib/x86_64-linux-gnu/libcairo.so.2.11301.0
7fe44a800000-7fe44a801000 rw-p 00108000 08:06 270702                     /usr/lib/x86_64-linux-gnu/libcairo.so.2.11301.0
7fe44a801000-7fe44a803000 rw-p 00000000 00:00 0 
7fe44a808000-7fe44a813000 r-xp 00000000 08:06 271465                     /usr/lib/x86_64-linux-gnu/libpangocairo-1.0.so.0.3600.3
7fe44a813000-7fe44aa13000 ---p 0000b000 08:06 271465                     /usr/lib/x86_64-linux-gnu/libpangocairo-1.0.so.0.3600.3
7fe44aa13000-7fe44aa14000 r--p 0000b000 08:06 271465                     /usr/lib/x86_64-linux-gnu/libpangocairo-1.0.so.0.3600.3
7fe44aa14000-7fe44aa15000 rw-p 0000c000 08:06 271465                     /usr/lib/x86_64-linux-gnu/libpangocairo-1.0.so.0.3600.3
7fe44aa18000-7fe44aa38000 r-xp 00000000 08:06 270979                     /usr/lib/x86_64-linux-gnu/libgdk_pixbuf-2.0.so.0.3000.7
7fe44aa38000-7fe44ac37000 ---p 00020000 08:06 270979                     /usr/lib/x86_64-linux-gnu/libgdk_pixbuf-2.0.so.0.3000.7
7fe44ac37000-7fe44ac38000 r--p 0001f000 08:06 270979                     /usr/lib/x86_64-linux-gnu/libgdk_pixbuf-2.0.so.0.3000.7
7fe44ac38000-7fe44ac39000 rw-p 00020000 08:06 270979                     /usr/lib/x86_64-linux-gnu/libgdk_pixbuf-2.0.so.0.3000.7
7fe44ac40000-7fe44ac54000 r-xp 00000000 08:06 271467                     /usr/lib/x86_64-linux-gnu/libpangoft2-1.0.so.0.3600.3
7fe44ac54000-7fe44ae53000 ---p 00014000 08:06 271467                     /usr/lib/x86_64-linux-gnu/libpangoft2-1.0.so.0.3600.3
7fe44ae53000-7fe44ae54000 r--p 00013000 08:06 271467                     /usr/lib/x86_64-linux-gnu/libpangoft2-1.0.so.0.3600.3
7fe44ae54000-7fe44ae55000 rw-p 00014000 08:06 271467                     /usr/lib/x86_64-linux-gnu/libpangoft2-1.0.so.0.3600.3
7fe44ae58000-7fe44afc4000 r-xp 00000000 08:06 271001                     /usr/lib/x86_64-linux-gnu/libgio-2.0.so.0.4002.0
7fe44afc4000-7fe44b1c3000 ---p 0016c000 08:06 271001                     /usr/lib/x86_64-linux-gnu/libgio-2.0.so.0.4002.0
7fe44b1c3000-7fe44b1c7000 r--p 0016b000 08:06 271001                     /usr/lib/x86_64-linux-gnu/libgio-2.0.so.0.4002.0
7fe44b1c7000-7fe44b1c9000 rw-p 0016f000 08:06 271001                     /usr/lib/x86_64-linux-gnu/libgio-2.0.so.0.4002.0
7fe44b1c9000-7fe44b1cb000 rw-p 00000000 00:00 0 
7fe44b1d0000-7fe44b1ef000 r-xp 00000000 08:06 270646                     /usr/lib/x86_64-linux-gnu/libatk-1.0.so.0.21009.1
7fe44b1ef000-7fe44b3ef000 ---p 0001f000 08:06 270646                     /usr/lib/x86_64-linux-gnu/libatk-1.0.so.0.21009.1
7fe44b3ef000-7fe44b3f1000 r--p 0001f000 08:06 270646                     /usr/lib/x86_64-linux-gnu/libatk-1.0.so.0.21009.1
7fe44b3f1000-7fe44b3f2000 rw-p 00021000 08:06 270646                     /usr/lib/x86_64-linux-gnu/libatk-1.0.so.0.21009.1
7fe44b3f8000-7fe44b4a5000 r-xp 00000000 08:06 262704                     /usr/lib/x86_64-linux-gnu/libgdk-x11-2.0.so.0.2400.23
7fe44b4a5000-7fe44b6a5000 ---p 000ad000 08:06 262704                     /usr/lib/x86_64-linux-gnu/libgdk-x11-2.0.so.0.2400.23
7fe44b6a5000-7fe44b6a9000 r--p 000ad000 08:06 262704                     /usr/lib/x86_64-linux-gnu/libgdk-x11-2.0.so.0.2400.23
7fe44b6a9000-7fe44b6ab000 rw-p 000b1000 08:06 262704                     /usr/lib/x86_64-linux-gnu/libgdk-x11-2.0.so.0.2400.23
7fe44b6b0000-7fe44bae0000 r-xp 00000000 08:06 265442                     /usr/lib/x86_64-linux-gnu/libgtk-x11-2.0.so.0.2400.23
7fe44bae0000-7fe44bcdf000 ---p 00430000 08:06 265442                     /usr/lib/x86_64-linux-gnu/libgtk-x11-2.0.so.0.2400.23
7fe44bcdf000-7fe44bce6000 r--p 0042f000 08:06 265442                     /usr/lib/x86_64-linux-gnu/libgtk-x11-2.0.so.0.2400.23
7fe44bce6000-7fe44bcea000 rw-p 00436000 08:06 265442                     /usr/lib/x86_64-linux-gnu/libgtk-x11-2.0.so.0.2400.23
7fe44bcea000-7fe44bced000 rw-p 00000000 00:00 0 
7fe44bcf0000-7fe44bcfc000 r-xp 00000000 08:06 10486192                   /usr/lib/jvm/jdk1.8.0_111/jre/lib/amd64/libprism_es2.so
7fe44bcfc000-7fe44befb000 ---p 0000c000 08:06 10486192                   /usr/lib/jvm/jdk1.8.0_111/jre/lib/amd64/libprism_es2.so
7fe44befb000-7fe44befc000 rw-p 0000b000 08:06 10486192                   /usr/lib/jvm/jdk1.8.0_111/jre/lib/amd64/libprism_es2.so
7fe44beff000-7fe44bf02000 ---p 00000000 00:00 0 
7fe44bf02000-7fe44c000000 rw-p 00000000 00:00 0                          [stack:6745]
7fe44c000000-7fe44c021000 rw-p 00000000 00:00 0 
7fe44c021000-7fe450000000 ---p 00000000 00:00 0 
7fe450000000-7fe450021000 rw-p 00000000 00:00 0 
7fe450021000-7fe454000000 ---p 00000000 00:00 0 
7fe454000000-7fe45457c000 rw-p 00000000 00:00 0 
7fe45457c000-7fe458000000 ---p 00000000 00:00 0 
7fe458000000-7fe4583f1000 rw-p 00000000 00:00 0 
7fe4583f1000-7fe45c000000 ---p 00000000 00:00 0 
7fe45c000000-7fe45c021000 rw-p 00000000 00:00 0 
7fe45c021000-7fe460000000 ---p 00000000 00:00 0 
7fe460000000-7fe460021000 rw-p 00000000 00:00 0 
7fe460021000-7fe464000000 ---p 00000000 00:00 0 
7fe464000000-7fe464021000 rw-p 00000000 00:00 0 
7fe464021000-7fe468000000 ---p 00000000 00:00 0 
7fe468000000-7fe468021000 rw-p 00000000 00:00 0 
7fe468021000-7fe46c000000 ---p 00000000 00:00 0 
7fe46c000000-7fe46c021000 rw-p 00000000 00:00 0 
7fe46c021000-7fe470000000 ---p 00000000 00:00 0 
7fe470005000-7fe470007000 r--s 00005000 08:06 10619781                   /home/xmbeat/NetBeansProjects/FingerprintLogin/dist/run962047325/lib/slf4j-api-1.7.2.jar
7fe47000a000-7fe47000d000 r--s 0003a000 08:06 10619780                   /home/xmbeat/NetBeansProjects/FingerprintLogin/dist/run962047325/lib/mysql-connector-java-3.0.17-ga-bin.jar
7fe47000f000-7fe470017000 r--s 000cf000 08:06 10619777                   /home/xmbeat/NetBeansProjects/FingerprintLogin/dist/run962047325/lib/bridj-0.6.2.jar
7fe470018000-7fe47001a000 rw-s 00000000 08:06 131102                     /tmp/.glQcAaUP (deleted)
7fe470020000-7fe470046000 r--p 00000000 08:06 1314142                    /usr/share/locale-langpack/es/LC_MESSAGES/libc.mo
7fe470048000-7fe470057000 r--p 00000000 08:06 1314186                    /usr/share/locale-langpack/es/LC_MESSAGES/gtk20.mo
7fe470058000-7fe470078000 rw-s c0320000 00:06 12148                      /dev/nvidia0
7fe47007e000-7fe47007f000 ---p 00000000 00:00 0 
7fe47007f000-7fe47017f000 rw-p 00000000 00:00 0                          [stack:6727]
7fe47017f000-7fe470182000 ---p 00000000 00:00 0 
7fe470182000-7fe474000000 rw-p 00000000 00:00 0                          [stack:6726]
7fe474000000-7fe474021000 rw-p 00000000 00:00 0 
7fe474021000-7fe478000000 ---p 00000000 00:00 0 
7fe478000000-7fe478001000 r--s 00000000 08:06 3801389                    /var/cache/fontconfig/0c9eb80ebd1c36541ebe2852d3bb0c49-le64.cache-4
7fe478008000-7fe47800f000 r--s 00000000 08:06 786750                     /usr/lib/x86_64-linux-gnu/gconv/gconv-modules.cache
7fe47800f000-7fe478022000 rw-s 18bcef000 00:06 12147                     /dev/nvidiactl
7fe478026000-7fe478027000 rw-s 1c34d6000 00:06 12147                     /dev/nvidiactl
7fe478029000-7fe47802d000 rw-s 18bcf9000 00:06 12147                     /dev/nvidiactl
7fe47802e000-7fe47806e000 rw-s 5233e000 00:06 12147                      /dev/nvidiactl
7fe478072000-7fe4780b2000 rw-s 799a2000 00:06 12147                      /dev/nvidiactl
7fe4780b5000-7fe4780b8000 ---p 00000000 00:00 0 
7fe4780b8000-7fe4781b6000 rw-p 00000000 00:00 0                          [stack:6725]
7fe4781b6000-7fe4781b9000 ---p 00000000 00:00 0 
7fe4781b9000-7fe4782b7000 rw-p 00000000 00:00 0                          [stack:6724]
7fe4782b7000-7fe4782ba000 ---p 00000000 00:00 0 
7fe4782ba000-7fe4783b8000 rw-p 00000000 00:00 0                          [stack:6723]
7fe4783b8000-7fe4788f6000 r--p 00000000 08:06 269140                     /usr/lib/locale/locale-archive
7fe4788f9000-7fe4788fc000 ---p 00000000 00:00 0 
7fe4788fc000-7fe4789fa000 rw-p 00000000 00:00 0                          [stack:6722]
7fe4789fa000-7fe4789fd000 ---p 00000000 00:00 0 
7fe4789fd000-7fe478afb000 rw-p 00000000 00:00 0                          [stack:6721]
7fe478afb000-7fe478afc000 ---p 00000000 00:00 0 
7fe478afc000-7fe479000000 rw-p 00000000 00:00 0                          [stack:6720]
7fe479000000-7fe479850000 rwxp 00000000 00:00 0 
7fe479850000-7fe488000000 ---p 00000000 00:00 0 
7fe488000000-7fe4884b5000 rw-p 00000000 00:00 0 
7fe4884b5000-7fe48c000000 ---p 00000000 00:00 0 
7fe48c006000-7fe48c007000 rw-s cfee6000 00:06 12148                      /dev/nvidia0
7fe48c00c000-7fe48c02c000 rw-s 79acc000 00:06 12147                      /dev/nvidiactl
7fe48c02e000-7fe48c02f000 rw-s cfee6000 00:06 12148                      /dev/nvidia0
7fe48c059000-7fe48c05a000 rw-s fd641000 00:06 12148                      /dev/nvidia0
7fe48c05b000-7fe48c0f1000 r--s 01103000 08:06 10486256                   /usr/lib/jvm/jdk1.8.0_111/jre/lib/ext/jfxrt.jar
7fe48c0f5000-7fe48c5fa000 rw-p 00000000 00:00 0 
7fe48c5fa000-7fe48c7d2000 r--s 03d2a000 08:06 10486172                   /usr/lib/jvm/jdk1.8.0_111/jre/lib/rt.jar
7fe48c7d7000-7fe48d425000 rw-p 00000000 00:00 0 
7fe48d425000-7fe48d426000 ---p 00000000 00:00 0 
7fe48d426000-7fe48d526000 rw-p 00000000 00:00 0                          [stack:6719]
7fe48d526000-7fe48d527000 ---p 00000000 00:00 0 
7fe48d527000-7fe48d64c000 rw-p 00000000 00:00 0                          [stack:6717]
7fe48d64c000-7fe48d8b7000 ---p 00000000 00:00 0 
7fe48d8b7000-7fe48d8dc000 rw-p 00000000 00:00 0 
7fe48d8dc000-7fe48db47000 ---p 00000000 00:00 0 
7fe48db47000-7fe48db5c000 rw-p 00000000 00:00 0 
7fe48db5c000-7fe48dc8f000 ---p 00000000 00:00 0 
7fe48dc8f000-7fe48dcb2000 rw-p 00000000 00:00 0 
7fe48dcb2000-7fe48e050000 ---p 00000000 00:00 0 
7fe48e050000-7fe48e06a000 r-xp 00000000 08:06 10486203                   /usr/lib/jvm/jdk1.8.0_111/jre/lib/amd64/libzip.so
7fe48e06a000-7fe48e26a000 ---p 0001a000 08:06 10486203                   /usr/lib/jvm/jdk1.8.0_111/jre/lib/amd64/libzip.so
7fe48e26a000-7fe48e26b000 rw-p 0001a000 08:06 10486203                   /usr/lib/jvm/jdk1.8.0_111/jre/lib/amd64/libzip.so
7fe48e270000-7fe48e27b000 r-xp 00000000 08:06 11273355                   /lib/x86_64-linux-gnu/libnss_files-2.19.so
7fe48e27b000-7fe48e47a000 ---p 0000b000 08:06 11273355                   /lib/x86_64-linux-gnu/libnss_files-2.19.so
7fe48e47a000-7fe48e47b000 r--p 0000a000 08:06 11273355                   /lib/x86_64-linux-gnu/libnss_files-2.19.so
7fe48e47b000-7fe48e47c000 rw-p 0000b000 08:06 11273355                   /lib/x86_64-linux-gnu/libnss_files-2.19.so
7fe48e480000-7fe48e48b000 r-xp 00000000 08:06 11273318                   /lib/x86_64-linux-gnu/libnss_nis-2.19.so
7fe48e48b000-7fe48e68a000 ---p 0000b000 08:06 11273318                   /lib/x86_64-linux-gnu/libnss_nis-2.19.so
7fe48e68a000-7fe48e68b000 r--p 0000a000 08:06 11273318                   /lib/x86_64-linux-gnu/libnss_nis-2.19.so
7fe48e68b000-7fe48e68c000 rw-p 0000b000 08:06 11273318                   /lib/x86_64-linux-gnu/libnss_nis-2.19.so
7fe48e690000-7fe48e6a7000 r-xp 00000000 08:06 11273308                   /lib/x86_64-linux-gnu/libnsl-2.19.so
7fe48e6a7000-7fe48e8a6000 ---p 00017000 08:06 11273308                   /lib/x86_64-linux-gnu/libnsl-2.19.so
7fe48e8a6000-7fe48e8a7000 r--p 00016000 08:06 11273308                   /lib/x86_64-linux-gnu/libnsl-2.19.so
7fe48e8a7000-7fe48e8a8000 rw-p 00017000 08:06 11273308                   /lib/x86_64-linux-gnu/libnsl-2.19.so
7fe48e8a8000-7fe48e8aa000 rw-p 00000000 00:00 0 
7fe48e8b0000-7fe48e8b9000 r-xp 00000000 08:06 11273302                   /lib/x86_64-linux-gnu/libnss_compat-2.19.so
7fe48e8b9000-7fe48eab8000 ---p 00009000 08:06 11273302                   /lib/x86_64-linux-gnu/libnss_compat-2.19.so
7fe48eab8000-7fe48eab9000 r--p 00008000 08:06 11273302                   /lib/x86_64-linux-gnu/libnss_compat-2.19.so
7fe48eab9000-7fe48eaba000 rw-p 00009000 08:06 11273302                   /lib/x86_64-linux-gnu/libnss_compat-2.19.so
7fe48eac0000-7fe48eaeb000 r-xp 00000000 08:06 10486230                   /usr/lib/jvm/jdk1.8.0_111/jre/lib/amd64/libjava.so
7fe48eaeb000-7fe48ecea000 ---p 0002b000 08:06 10486230                   /usr/lib/jvm/jdk1.8.0_111/jre/lib/amd64/libjava.so
7fe48ecea000-7fe48ecec000 rw-p 0002a000 08:06 10486230                   /usr/lib/jvm/jdk1.8.0_111/jre/lib/amd64/libjava.so
7fe48ecf0000-7fe48ecfd000 r-xp 00000000 08:06 10486181                   /usr/lib/jvm/jdk1.8.0_111/jre/lib/amd64/libverify.so
7fe48ecfd000-7fe48eefc000 ---p 0000d000 08:06 10486181                   /usr/lib/jvm/jdk1.8.0_111/jre/lib/amd64/libverify.so
7fe48eefc000-7fe48eefe000 rw-p 0000c000 08:06 10486181                   /usr/lib/jvm/jdk1.8.0_111/jre/lib/amd64/libverify.so
7fe48ef00000-7fe48ef07000 r-xp 00000000 08:06 11273343                   /lib/x86_64-linux-gnu/librt-2.19.so
7fe48ef07000-7fe48f106000 ---p 00007000 08:06 11273343                   /lib/x86_64-linux-gnu/librt-2.19.so
7fe48f106000-7fe48f107000 r--p 00006000 08:06 11273343                   /lib/x86_64-linux-gnu/librt-2.19.so
7fe48f107000-7fe48f108000 rw-p 00007000 08:06 11273343                   /lib/x86_64-linux-gnu/librt-2.19.so
7fe48f108000-7fe48f20d000 r-xp 00000000 08:06 11273293                   /lib/x86_64-linux-gnu/libm-2.19.so
7fe48f20d000-7fe48f40c000 ---p 00105000 08:06 11273293                   /lib/x86_64-linux-gnu/libm-2.19.so
7fe48f40c000-7fe48f40d000 r--p 00104000 08:06 11273293                   /lib/x86_64-linux-gnu/libm-2.19.so
7fe48f40d000-7fe48f40e000 rw-p 00105000 08:06 11273293                   /lib/x86_64-linux-gnu/libm-2.19.so
7fe48f410000-7fe4900dd000 r-xp 00000000 08:06 10486234                   /usr/lib/jvm/jdk1.8.0_111/jre/lib/amd64/server/libjvm.so
7fe4900dd000-7fe4902dc000 ---p 00ccd000 08:06 10486234                   /usr/lib/jvm/jdk1.8.0_111/jre/lib/amd64/server/libjvm.so
7fe4902dc000-7fe4903b5000 rw-p 00ccc000 08:06 10486234                   /usr/lib/jvm/jdk1.8.0_111/jre/lib/amd64/server/libjvm.so
7fe4903b5000-7fe490400000 rw-p 00000000 00:00 0 
7fe490400000-7fe4905bb000 r-xp 00000000 08:06 11273344                   /lib/x86_64-linux-gnu/libc-2.19.so
7fe4905bb000-7fe4907ba000 ---p 001bb000 08:06 11273344                   /lib/x86_64-linux-gnu/libc-2.19.so
7fe4907ba000-7fe4907be000 r--p 001ba000 08:06 11273344                   /lib/x86_64-linux-gnu/libc-2.19.so
7fe4907be000-7fe4907c0000 rw-p 001be000 08:06 11273344                   /lib/x86_64-linux-gnu/libc-2.19.so
7fe4907c0000-7fe4907c5000 rw-p 00000000 00:00 0 
7fe4907c8000-7fe4907cb000 r-xp 00000000 08:06 11273295                   /lib/x86_64-linux-gnu/libdl-2.19.so
7fe4907cb000-7fe4909ca000 ---p 00003000 08:06 11273295                   /lib/x86_64-linux-gnu/libdl-2.19.so
7fe4909ca000-7fe4909cb000 r--p 00002000 08:06 11273295                   /lib/x86_64-linux-gnu/libdl-2.19.so
7fe4909cb000-7fe4909cc000 rw-p 00003000 08:06 11273295                   /lib/x86_64-linux-gnu/libdl-2.19.so
7fe4909d0000-7fe4909e5000 r-xp 00000000 08:06 10486219                   /usr/lib/jvm/jdk1.8.0_111/jre/lib/amd64/jli/libjli.so
7fe4909e5000-7fe490be5000 ---p 00015000 08:06 10486219                   /usr/lib/jvm/jdk1.8.0_111/jre/lib/amd64/jli/libjli.so
7fe490be5000-7fe490be6000 rw-p 00015000 08:06 10486219                   /usr/lib/jvm/jdk1.8.0_111/jre/lib/amd64/jli/libjli.so
7fe490be8000-7fe490c01000 r-xp 00000000 08:06 11273309                   /lib/x86_64-linux-gnu/libpthread-2.19.so
7fe490c01000-7fe490e00000 ---p 00019000 08:06 11273309                   /lib/x86_64-linux-gnu/libpthread-2.19.so
7fe490e00000-7fe490e01000 r--p 00018000 08:06 11273309                   /lib/x86_64-linux-gnu/libpthread-2.19.so
7fe490e01000-7fe490e02000 rw-p 00019000 08:06 11273309                   /lib/x86_64-linux-gnu/libpthread-2.19.so
7fe490e02000-7fe490e06000 rw-p 00000000 00:00 0 
7fe490e08000-7fe490e2b000 r-xp 00000000 08:06 11273314                   /lib/x86_64-linux-gnu/ld-2.19.so
7fe490e31000-7fe490e32000 rw-s 221909000 00:06 12147                     /dev/nvidiactl
7fe490e39000-7fe490e3a000 rw-s 79a69000 00:06 12147                      /dev/nvidiactl
7fe490e40000-7fe490e41000 rw-s fd060000 00:06 12148                      /dev/nvidia0
7fe490e45000-7fe490e47000 r--s 00025000 08:06 10619774                   /home/xmbeat/NetBeansProjects/FingerprintLogin/dist/run962047325/FingerprintLogin.jar
7fe490e47000-7fe490f18000 rw-p 00000000 00:00 0 
7fe490f18000-7fe490f20000 rw-s 00000000 08:06 1185732                    /tmp/hsperfdata_xmbeat/6713
7fe490f25000-7fe490f28000 rw-p 00000000 00:00 0 
7fe490f28000-7fe490f29000 r--p 00000000 00:00 0 
7fe490f29000-7fe490f2c000 ---p 00000000 00:00 0 
7fe490f2c000-7fe49102a000 rw-p 00000000 00:00 0                          [stack:6715]
7fe49102a000-7fe49102b000 r--p 00022000 08:06 11273314                   /lib/x86_64-linux-gnu/ld-2.19.so
7fe49102b000-7fe49102c000 rw-p 00023000 08:06 11273314                   /lib/x86_64-linux-gnu/ld-2.19.so
7fe49102c000-7fe49102f000 rw-p 00000000 00:00 0 
7fe49102f000-7fe491033000 rw-p 00000000 00:00 0 
7ffed3e0d000-7ffed3e2e000 rw-p 00000000 00:00 0                          [stack]
7ffed3f20000-7ffed3f22000 r--p 00000000 00:00 0                          [vvar]
7ffed3f22000-7ffed3f24000 r-xp 00000000 00:00 0                          [vdso]
ffffffffff600000-ffffffffff601000 r-xp 00000000 00:00 0                  [vsyscall]

VM Arguments:
jvm_args: -Dfile.encoding=UTF-8 
java_command: /home/xmbeat/NetBeansProjects/FingerprintLogin/dist/run962047325/FingerprintLogin.jar
java_class_path (initial): /home/xmbeat/NetBeansProjects/FingerprintLogin/dist/run962047325/FingerprintLogin.jar
Launcher Type: SUN_STANDARD

Environment Variables:
PATH=/home/xmbeat/bin:/usr/local/sbin:/usr/local/bin:/usr/sbin:/usr/bin:/sbin:/bin:/usr/games:/usr/local/games
USERNAME=xmbeat
LD_LIBRARY_PATH=/usr/lib/jvm/jdk1.8.0_111/jre/lib/amd64:/usr/lib/jvm/jdk1.8.0_111/jre/lib/i386:
SHELL=/bin/bash
DISPLAY=:0

Signal Handlers:
SIGSEGV: [libjvm.so+0xac64b0], sa_mask[0]=11111111011111111101111111111110, sa_flags=SA_RESTART|SA_SIGINFO
SIGBUS: [libjvm.so+0xac64b0], sa_mask[0]=11111111011111111101111111111110, sa_flags=SA_RESTART|SA_SIGINFO
SIGFPE: [libjvm.so+0x91f950], sa_mask[0]=11111111011111111101111111111110, sa_flags=SA_RESTART|SA_SIGINFO
SIGPIPE: SIG_IGN, sa_mask[0]=00000000000000000000000000000000, sa_flags=none
SIGXFSZ: [libjvm.so+0x91f950], sa_mask[0]=11111111011111111101111111111110, sa_flags=SA_RESTART|SA_SIGINFO
SIGILL: [libjvm.so+0x91f950], sa_mask[0]=11111111011111111101111111111110, sa_flags=SA_RESTART|SA_SIGINFO
SIGUSR1: SIG_DFL, sa_mask[0]=00000000000000000000000000000000, sa_flags=none
SIGUSR2: [libjvm.so+0x920f80], sa_mask[0]=00100000000000000000000000000000, sa_flags=SA_RESTART|SA_SIGINFO
SIGHUP: [libjvm.so+0x922380], sa_mask[0]=11111111011111111101111111111110, sa_flags=SA_RESTART|SA_SIGINFO
SIGINT: SIG_IGN, sa_mask[0]=00000000000000000000000000000000, sa_flags=none
SIGTERM: [libjvm.so+0x922380], sa_mask[0]=11111111011111111101111111111110, sa_flags=SA_RESTART|SA_SIGINFO
SIGQUIT: [libjvm.so+0x922380], sa_mask[0]=11111111011111111101111111111110, sa_flags=SA_RESTART|SA_SIGINFO


---------------  S Y S T E M  ---------------

OS:DISTRIB_ID=LinuxMint
DISTRIB_RELEASE=17.3
DISTRIB_CODENAME=rosa
DISTRIB_DESCRIPTION="Linux Mint 17.3 Rosa"

uname:Linux 3.19.0-32-generic #37~14.04.1-Ubuntu SMP Thu Oct 22 09:41:40 UTC 2015 x86_64
libc:glibc 2.19 NPTL 2.19 
rlimit: STACK 8192k, CORE 0k, NPROC 31347, NOFILE 4096, AS infinity
load average:2.88 2.19 1.71

/proc/meminfo:
MemTotal:        8056656 kB
MemFree:         3497868 kB
MemAvailable:    5236228 kB
Buffers:          208264 kB
Cached:          1706272 kB
SwapCached:            0 kB
Active:          2999628 kB
Inactive:        1213680 kB
Active(anon):    2301184 kB
Inactive(anon):    76352 kB
Active(file):     698444 kB
Inactive(file):  1137328 kB
Unevictable:           0 kB
Mlocked:               0 kB
SwapTotal:       3998716 kB
SwapFree:        3998716 kB
Dirty:              3764 kB
Writeback:             0 kB
AnonPages:       2298696 kB
Mapped:           536148 kB
Shmem:             78744 kB
Slab:             174168 kB
SReclaimable:     143044 kB
SUnreclaim:        31124 kB
KernelStack:        8800 kB
PageTables:        33696 kB
NFS_Unstable:          0 kB
Bounce:                0 kB
WritebackTmp:          0 kB
CommitLimit:     8027044 kB
Committed_AS:    5510944 kB
VmallocTotal:   34359738367 kB
VmallocUsed:      321148 kB
VmallocChunk:   34359405052 kB
HardwareCorrupted:     0 kB
AnonHugePages:   1400832 kB
CmaTotal:              0 kB
CmaFree:               0 kB
HugePages_Total:       0
HugePages_Free:        0
HugePages_Rsvd:        0
HugePages_Surp:        0
Hugepagesize:       2048 kB
DirectMap4k:      255412 kB
DirectMap2M:     5982208 kB
DirectMap1G:     2097152 kB


CPU:total 2 (2 cores per cpu, 1 threads per core) family 21 model 19 stepping 1, cmov, cx8, fxsr, mmx, sse, sse2, sse3, ssse3, sse4.1, sse4.2, popcnt, avx, aes, clmul, mmxext, 3dnowpref, lzcnt, sse4a, tsc, tscinvbit, tscinv, bmi1

/proc/cpuinfo:
processor	: 0
vendor_id	: AuthenticAMD
cpu family	: 21
model		: 19
model name	: AMD A4-4000 APU with Radeon(tm) HD Graphics
stepping	: 1
microcode	: 0x6001119
cpu MHz		: 3000.000
cache size	: 1024 KB
physical id	: 0
siblings	: 2
core id		: 0
cpu cores	: 1
apicid		: 16
initial apicid	: 0
fpu		: yes
fpu_exception	: yes
cpuid level	: 13
wp		: yes
flags		: fpu vme de pse tsc msr pae mce cx8 apic sep mtrr pge mca cmov pat pse36 clflush mmx fxsr sse sse2 ht syscall nx mmxext fxsr_opt pdpe1gb rdtscp lm constant_tsc rep_good nopl nonstop_tsc extd_apicid aperfmperf pni pclmulqdq monitor ssse3 fma cx16 sse4_1 sse4_2 popcnt aes xsave avx f16c lahf_lm cmp_legacy svm extapic cr8_legacy abm sse4a misalignsse 3dnowprefetch osvw ibs xop skinit wdt lwp fma4 tce nodeid_msr tbm topoext perfctr_core perfctr_nb arat cpb hw_pstate npt lbrv svm_lock nrip_save tsc_scale vmcb_clean flushbyasid decodeassists pausefilter pfthreshold vmmcall bmi1
bugs		: fxsave_leak
bogomips	: 5989.21
TLB size	: 1536 4K pages
clflush size	: 64
cache_alignment	: 64
address sizes	: 48 bits physical, 48 bits virtual
power management: ts ttp tm 100mhzsteps hwpstate cpb eff_freq_ro

processor	: 1
vendor_id	: AuthenticAMD
cpu family	: 21
model		: 19
model name	: AMD A4-4000 APU with Radeon(tm) HD Graphics    
stepping	: 1
microcode	: 0x6001119
cpu MHz		: 3000.000
cache size	: 1024 KB
physical id	: 0
siblings	: 2
core id		: 1
cpu cores	: 1
apicid		: 17
initial apicid	: 1
fpu		: yes
fpu_exception	: yes
cpuid level	: 13
wp		: yes
flags		: fpu vme de pse tsc msr pae mce cx8 apic sep mtrr pge mca cmov pat pse36 clflush mmx fxsr sse sse2 ht syscall nx mmxext fxsr_opt pdpe1gb rdtscp lm constant_tsc rep_good nopl nonstop_tsc extd_apicid aperfmperf pni pclmulqdq monitor ssse3 fma cx16 sse4_1 sse4_2 popcnt aes xsave avx f16c lahf_lm cmp_legacy svm extapic cr8_legacy abm sse4a misalignsse 3dnowprefetch osvw ibs xop skinit wdt lwp fma4 tce nodeid_msr tbm topoext perfctr_core perfctr_nb arat cpb hw_pstate npt lbrv svm_lock nrip_save tsc_scale vmcb_clean flushbyasid decodeassists pausefilter pfthreshold vmmcall bmi1
bugs		: fxsave_leak
bogomips	: 5989.21
TLB size	: 1536 4K pages
clflush size	: 64
cache_alignment	: 64
address sizes	: 48 bits physical, 48 bits virtual
power management: ts ttp tm 100mhzsteps hwpstate cpb eff_freq_ro



Memory: 4k page, physical 8056656k(3497868k free), swap 3998716k(3998716k free)

vm_info: Java HotSpot(TM) 64-Bit Server VM (25.111-b14) for linux-amd64 JRE (1.8.0_111-b14), built on Sep 22 2016 16:14:03 by "java_re" with gcc 4.3.0 20080428 (Red Hat 4.3.0-8)

time: Tue Dec  6 16:16:52 2016
elapsed time: 7 seconds (0d 0h 0m 7s)

