#
# A fatal error has been detected by the Java Runtime Environment:
#
#  SIGSEGV (0xb) at pc=0x00007fc7c4429730, pid=30849, tid=0x00007fc7bc60e700
#
# JRE version: Java(TM) SE Runtime Environment (8.0_111-b14) (build 1.8.0_111-b14)
# Java VM: Java HotSpot(TM) 64-Bit Server VM (25.111-b14 mixed mode linux-amd64 compressed oops)
# Problematic frame:
# C  0x00007fc7c4429730
#
# Failed to write core dump. Core dumps have been disabled. To enable core dumping, try "ulimit -c unlimited" before starting Java again
#
# If you would like to submit a bug report, please visit:
#   http://bugreport.java.com/bugreport/crash.jsp
# The crash happened outside the Java Virtual Machine in native code.
# See problematic frame for where to report the bug.
#

---------------  T H R E A D  ---------------

Current thread (0x00007fc7c8017000):  JavaThread "Thread-4" daemon [_thread_in_native, id=31050, stack(0x00007fc7bc50e000,0x00007fc7bc60f000)]

siginfo: si_signo: 11 (SIGSEGV), si_code: 2 (SEGV_ACCERR), si_addr: 0x00007fc7c4429730

Registers:
RAX=0x00007fc7c4429730, RBX=0x00007fc7c4407b20, RCX=0x00007fc7be6c63e8, RDX=0x00007fc7be6c6580
RSP=0x00007fc7bc60d7a8, RBP=0x00007fc7c4000168, RSI=0x00007fc7be6c63f5, RDI=0x00007fc7c4407b20
R8 =0x00007fc7be6c63e0, R9 =0x00000000000001eb, R10=0x00007fc7bc60d5a0, R11=0x00007fc7be69cb50
R12=0x00007fc7c4291480, R13=0x00007fc7c17dacaf, R14=0x00007fc7bc60d8c8, R15=0x00007fc7c8017000
RIP=0x00007fc7c4429730, EFLAGS=0x0000000000010206, CSGSFS=0x0000000000000033, ERR=0x0000000000000015
  TRAPNO=0x000000000000000e

Top of Stack: (sp=0x00007fc7bc60d7a8)
0x00007fc7bc60d7a8:   00007fc7be69cbb6 00007fc7c4407b20
0x00007fc7bc60d7b8:   00007fc80913bb28 00007fc7bc60d830
0x00007fc7bc60d7c8:   0000000000000000 00007fc80913bb28
0x00007fc7bc60d7d8:   00007fc7c17db41c 00007fc7bc60d8b8
0x00007fc7bc60d7e8:   00007fc7bc60d8c0 00007fc7bc60d8c8
0x00007fc7bc60d7f8:   00007fc7c80171f8 00007fc7bc60d840
0x00007fc7bc60d808:   00007fc7c4407800 00007fc7c4407808
0x00007fc7bc60d818:   0000000000000082 00007fc7c4407b20
0x00007fc7bc60d828:   00007fc7c4291480 00007fc7bc60d898
0x00007fc7bc60d838:   00007fc80d0173f4 00007fc7bc60d898
0x00007fc7bc60d848:   00007fc80d017187 00007fc80d017142
0x00007fc7bc60d858:   00007fc7bc60d858 00007fc80913bb28
0x00007fc7bc60d868:   00007fc7bc60d8c8 00007fc80913f328
0x00007fc7bc60d878:   0000000000000000 00007fc80913bb28
0x00007fc7bc60d888:   0000000000000000 00007fc7bc60d8b8
0x00007fc7bc60d898:   00007fc7bc60d910 00007fc80d007d00
0x00007fc7bc60d8a8:   0000000000000000 00007fc80d011536
0x00007fc7bc60d8b8:   00000000d73549b8 00000000d712dbb0
0x00007fc7bc60d8c8:   00000000d712dbb0 00007fc7bc60d8d0
0x00007fc7bc60d8d8:   00007fc7c3308bfb 00007fc7bc60d950
0x00007fc7bc60d8e8:   00007fc7c3308f48 00007fc7c330aac8
0x00007fc7bc60d8f8:   00007fc7c3308e98 00007fc7bc60d8b8
0x00007fc7bc60d908:   00007fc7bc60d950 00007fc7bc60d998
0x00007fc7bc60d918:   00007fc80d008302 0000000000000000
0x00007fc7bc60d928:   0000000000000000 0000000000000000
0x00007fc7bc60d938:   0000000000000002 0000000000000000
0x00007fc7bc60d948:   00000000d73549b8 00000000d7132eb0
0x00007fc7bc60d958:   00007fc7bc60d958 00007fc808aad94b
0x00007fc7bc60d968:   00007fc7bc60d9a8 00007fc808b34fd0
0x00007fc7bc60d978:   0000000000000000 00007fc808aad958
0x00007fc7bc60d988:   00007fc7bc60d950 00007fc7bc60d9a8
0x00007fc7bc60d998:   00007fc7bc60da10 00007fc80d0007a7 

Instructions: (pc=0x00007fc7c4429730)
0x00007fc7c4429710:   01 00 00 00 01 00 00 00 02 00 00 00 03 00 00 00
0x00007fc7c4429720:   01 00 00 00 40 01 00 00 01 00 00 00 00 00 00 00
0x00007fc7c4429730:   00 00 00 00 00 00 00 00 71 01 00 00 00 00 00 00
0x00007fc7c4429740:   d8 01 00 c4 c7 7f 00 00 d8 01 00 c4 c7 7f 00 00 

Register to memory mapping:

RAX=0x00007fc7c4429730 is an unknown value
RBX=0x00007fc7c4407b20 is an unknown value
RCX=0x00007fc7be6c63e8: <offset 0x363e8> in /usr/local/lib/libfprint.so.0 at 0x00007fc7be690000
RDX=0x00007fc7be6c6580: <offset 0x36580> in /usr/local/lib/libfprint.so.0 at 0x00007fc7be690000
RSP=0x00007fc7bc60d7a8 is pointing into the stack for thread: 0x00007fc7c8017000
RBP=0x00007fc7c4000168 is an unknown value
RSI=0x00007fc7be6c63f5: <offset 0x363f5> in /usr/local/lib/libfprint.so.0 at 0x00007fc7be690000
RDI=0x00007fc7c4407b20 is an unknown value
R8 =0x00007fc7be6c63e0: <offset 0x363e0> in /usr/local/lib/libfprint.so.0 at 0x00007fc7be690000
R9 =0x00000000000001eb is an unknown value
R10=0x00007fc7bc60d5a0 is pointing into the stack for thread: 0x00007fc7c8017000
R11=0x00007fc7be69cb50: fp_async_capture_stop+0 in /usr/local/lib/libfprint.so.0 at 0x00007fc7be690000
R12=0x00007fc7c4291480 is an unknown value
R13=0x00007fc7c17dacaf: <offset 0x2caf> in /tmp/libfingerprint6291589355452528397.so at 0x00007fc7c17d8000
R14=0x00007fc7bc60d8c8 is pointing into the stack for thread: 0x00007fc7c8017000
R15=0x00007fc7c8017000 is a thread


Stack: [0x00007fc7bc50e000,0x00007fc7bc60f000],  sp=0x00007fc7bc60d7a8,  free space=1021k
Native frames: (J=compiled Java code, j=interpreted, Vv=VM code, C=native code)
C  0x00007fc7c4429730

Java frames: (J=compiled Java code, j=interpreted, Vv=VM code)
j  uaz.fingerprint.Reader.nativeStopCapture(Luaz/fingerprint/NativeReaderCallback;Ljava/lang/Object;)I+0
j  uaz.fingerprint.ReaderDispatcher.run()V+195
j  java.lang.Thread.run()V+11
v  ~StubRoutines::call_stub

---------------  P R O C E S S  ---------------

Java Threads: ( => current thread )
  0x00007fc7c8002800 JavaThread "Thread-6" daemon [_thread_in_Java, id=31102, stack(0x00007fc7bb97f000,0x00007fc7bba80000)]
  0x00007fc7c4429000 JavaThread "Thread-5" [_thread_blocked, id=31101, stack(0x00007fc7d11a8000,0x00007fc7d12a9000)]
=>0x00007fc7c8017000 JavaThread "Thread-4" daemon [_thread_in_native, id=31050, stack(0x00007fc7bc50e000,0x00007fc7bc60f000)]
  0x00007fc7c4336000 JavaThread "Prism Font Disposer" daemon [_thread_blocked, id=30947, stack(0x00007fc7c3607000,0x00007fc7c3708000)]
  0x00007fc81c307000 JavaThread "JavaFX-Launcher" [_thread_blocked, id=30892, stack(0x00007fc7d0b05000,0x00007fc7d0c06000)]
  0x00007fc81c303800 JavaThread "JavaFX Application Thread" [_thread_blocked, id=30891, stack(0x00007fc7d0c06000,0x00007fc7d0d07000)]
  0x00007fc81c2ff000 JavaThread "Thread-1" daemon [_thread_in_vm, id=30890, stack(0x00007fc7d0d07000,0x00007fc7d0e08000)]
  0x00007fc81c2a8800 JavaThread "QuantumRenderer-0" daemon [_thread_blocked, id=30865, stack(0x00007fc7fb222000,0x00007fc7fb323000)]
  0x00007fc81c141000 JavaThread "Service Thread" daemon [_thread_blocked, id=30862, stack(0x00007fc7fb4bc000,0x00007fc7fb5bd000)]
  0x00007fc81c13e800 JavaThread "C1 CompilerThread1" daemon [_thread_blocked, id=30861, stack(0x00007fc7fb5bd000,0x00007fc7fb6be000)]
  0x00007fc81c13b800 JavaThread "C2 CompilerThread0" daemon [_thread_blocked, id=30860, stack(0x00007fc7fb6be000,0x00007fc7fb7bf000)]
  0x00007fc81c13a000 JavaThread "Signal Dispatcher" daemon [_thread_blocked, id=30859, stack(0x00007fc7fb7bf000,0x00007fc7fb8c0000)]
  0x00007fc81c107000 JavaThread "Finalizer" daemon [_thread_blocked, id=30858, stack(0x00007fc7fbdfe000,0x00007fc7fbeff000)]
  0x00007fc81c102800 JavaThread "Reference Handler" daemon [_thread_blocked, id=30857, stack(0x00007fc7fbeff000,0x00007fc7fc000000)]
  0x00007fc81c00a000 JavaThread "main" [_thread_blocked, id=30851, stack(0x00007fc82419b000,0x00007fc82429c000)]

Other Threads:
  0x00007fc81c0fa800 VMThread [stack: 0x00007fc808076000,0x00007fc808177000] [id=30856]
  0x00007fc81c144000 WatcherThread [stack: 0x00007fc7fb3bb000,0x00007fc7fb4bc000] [id=30863]

VM state:synchronizing (normal execution)

VM Mutex/Monitor currently owned by a thread:  ([mutex/lock_event])
[0x00007fc81c0061a0] Safepoint_lock - owner thread: 0x00007fc81c0fa800
[0x00007fc81c006220] Threads_lock - owner thread: 0x00007fc81c0fa800

Heap:
 PSYoungGen      total 36864K, used 3727K [0x00000000d7000000, 0x00000000d9900000, 0x0000000100000000)
  eden space 31744K, 11% used [0x00000000d7000000,0x00000000d73a3f58,0x00000000d8f00000)
  from space 5120K, 0% used [0x00000000d9400000,0x00000000d9400000,0x00000000d9900000)
  to   space 5120K, 0% used [0x00000000d8f00000,0x00000000d8f00000,0x00000000d9400000)
 ParOldGen       total 70656K, used 11026K [0x0000000085000000, 0x0000000089500000, 0x00000000d7000000)
  object space 70656K, 15% used [0x0000000085000000,0x0000000085ac4b50,0x0000000089500000)
 Metaspace       used 20349K, capacity 21812K, committed 22016K, reserved 1069056K
  class space    used 3042K, capacity 3327K, committed 3328K, reserved 1048576K

Card table byte_map: [0x00007fc820b57000,0x00007fc820f30000] byte_map_base: 0x00007fc82072f000

Marking Bits: (ParMarkBitMap*) 0x00007fc823673220
 Begin Bits: [0x00007fc809280000, 0x00007fc80b140000)
 End Bits:   [0x00007fc80b140000, 0x00007fc80d000000)

Polling page: 0x00007fc8242c7000

CodeCache: size=245760Kb used=8632Kb max_used=8642Kb free=237127Kb
 bounds [0x00007fc80d000000, 0x00007fc80d880000, 0x00007fc81c000000]
 total_blobs=3475 nmethods=2809 adapters=580
 compilation: enabled

Compilation events (10 events):
Event: 9.113 Thread 0x00007fc81c13e800 2810       3       com.sun.javafx.sg.prism.NGNode::isClean (23 bytes)
Event: 9.114 Thread 0x00007fc81c13e800 nmethod 2810 0x00007fc80d872a50 code [0x00007fc80d872bc0, 0x00007fc80d872db0]
Event: 9.114 Thread 0x00007fc81c13e800 2812       3       com.sun.javafx.sg.prism.NGRegion::renderAsRectangle (31 bytes)
Event: 9.115 Thread 0x00007fc81c13e800 nmethod 2812 0x00007fc80d871d50 code [0x00007fc80d871f40, 0x00007fc80d872798]
Event: 9.115 Thread 0x00007fc81c13e800 2811       1       com.sun.javafx.tk.quantum.SceneState::getScene (5 bytes)
Event: 9.115 Thread 0x00007fc81c13e800 nmethod 2811 0x00007fc80d871a90 code [0x00007fc80d871be0, 0x00007fc80d871cf0]
Event: 9.115 Thread 0x00007fc81c13b800 nmethod 2806 0x00007fc80d873350 code [0x00007fc80d873580, 0x00007fc80d873c70]
Event: 9.115 Thread 0x00007fc81c13b800 2807       4       com.sun.javafx.geom.Vec3d::set (17 bytes)
Event: 9.116 Thread 0x00007fc81c13b800 nmethod 2807 0x00007fc80d867210 code [0x00007fc80d867360, 0x00007fc80d8673d8]
Event: 9.116 Thread 0x00007fc81c13e800 2816       3       java.nio.ByteBuffer::hasArray (20 bytes)

GC Heap History (6 events):
Event: 2.114 GC heap before
{Heap before GC invocations=1 (full 0):
 PSYoungGen      total 36864K, used 31694K [0x00000000d7000000, 0x00000000d9900000, 0x0000000100000000)
  eden space 31744K, 99% used [0x00000000d7000000,0x00000000d8ef3bc8,0x00000000d8f00000)
  from space 5120K, 0% used [0x00000000d9400000,0x00000000d9400000,0x00000000d9900000)
  to   space 5120K, 0% used [0x00000000d8f00000,0x00000000d8f00000,0x00000000d9400000)
 ParOldGen       total 84992K, used 0K [0x0000000085000000, 0x000000008a300000, 0x00000000d7000000)
  object space 84992K, 0% used [0x0000000085000000,0x0000000085000000,0x000000008a300000)
 Metaspace       used 11890K, capacity 12300K, committed 12544K, reserved 1060864K
  class space    used 1590K, capacity 1729K, committed 1792K, reserved 1048576K
Event: 2.130 GC heap after
Heap after GC invocations=1 (full 0):
 PSYoungGen      total 36864K, used 4241K [0x00000000d7000000, 0x00000000d9900000, 0x0000000100000000)
  eden space 31744K, 0% used [0x00000000d7000000,0x00000000d7000000,0x00000000d8f00000)
  from space 5120K, 82% used [0x00000000d8f00000,0x00000000d9324418,0x00000000d9400000)
  to   space 5120K, 0% used [0x00000000d9400000,0x00000000d9400000,0x00000000d9900000)
 ParOldGen       total 84992K, used 72K [0x0000000085000000, 0x000000008a300000, 0x00000000d7000000)
  object space 84992K, 0% used [0x0000000085000000,0x0000000085012010,0x000000008a300000)
 Metaspace       used 11890K, capacity 12300K, committed 12544K, reserved 1060864K
  class space    used 1590K, capacity 1729K, committed 1792K, reserved 1048576K
}
Event: 6.002 GC heap before
{Heap before GC invocations=2 (full 0):
 PSYoungGen      total 36864K, used 35416K [0x00000000d7000000, 0x00000000d9900000, 0x0000000100000000)
  eden space 31744K, 98% used [0x00000000d7000000,0x00000000d8e71d88,0x00000000d8f00000)
  from space 5120K, 82% used [0x00000000d8f00000,0x00000000d9324418,0x00000000d9400000)
  to   space 5120K, 0% used [0x00000000d9400000,0x00000000d9400000,0x00000000d9900000)
 ParOldGen       total 84992K, used 72K [0x0000000085000000, 0x000000008a300000, 0x00000000d7000000)
  object space 84992K, 0% used [0x0000000085000000,0x0000000085012010,0x000000008a300000)
 Metaspace       used 19787K, capacity 21168K, committed 21248K, reserved 1067008K
  class space    used 3005K, capacity 3291K, committed 3328K, reserved 1048576K
Event: 6.034 GC heap after
Heap after GC invocations=2 (full 0):
 PSYoungGen      total 36864K, used 5088K [0x00000000d7000000, 0x00000000d9900000, 0x0000000100000000)
  eden space 31744K, 0% used [0x00000000d7000000,0x00000000d7000000,0x00000000d8f00000)
  from space 5120K, 99% used [0x00000000d9400000,0x00000000d98f8208,0x00000000d9900000)
  to   space 5120K, 0% used [0x00000000d8f00000,0x00000000d8f00000,0x00000000d9400000)
 ParOldGen       total 84992K, used 6153K [0x0000000085000000, 0x000000008a300000, 0x00000000d7000000)
  object space 84992K, 7% used [0x0000000085000000,0x0000000085602440,0x000000008a300000)
 Metaspace       used 19787K, capacity 21168K, committed 21248K, reserved 1067008K
  class space    used 3005K, capacity 3291K, committed 3328K, reserved 1048576K
}
Event: 6.034 GC heap before
{Heap before GC invocations=3 (full 1):
 PSYoungGen      total 36864K, used 5088K [0x00000000d7000000, 0x00000000d9900000, 0x0000000100000000)
  eden space 31744K, 0% used [0x00000000d7000000,0x00000000d7000000,0x00000000d8f00000)
  from space 5120K, 99% used [0x00000000d9400000,0x00000000d98f8208,0x00000000d9900000)
  to   space 5120K, 0% used [0x00000000d8f00000,0x00000000d8f00000,0x00000000d9400000)
 ParOldGen       total 84992K, used 6153K [0x0000000085000000, 0x000000008a300000, 0x00000000d7000000)
  object space 84992K, 7% used [0x0000000085000000,0x0000000085602440,0x000000008a300000)
 Metaspace       used 19787K, capacity 21168K, committed 21248K, reserved 1067008K
  class space    used 3005K, capacity 3291K, committed 3328K, reserved 1048576K
Event: 6.109 GC heap after
Heap after GC invocations=3 (full 1):
 PSYoungGen      total 36864K, used 0K [0x00000000d7000000, 0x00000000d9900000, 0x0000000100000000)
  eden space 31744K, 0% used [0x00000000d7000000,0x00000000d7000000,0x00000000d8f00000)
  from space 5120K, 0% used [0x00000000d9400000,0x00000000d9400000,0x00000000d9900000)
  to   space 5120K, 0% used [0x00000000d8f00000,0x00000000d8f00000,0x00000000d9400000)
 ParOldGen       total 70656K, used 11026K [0x0000000085000000, 0x0000000089500000, 0x00000000d7000000)
  object space 70656K, 15% used [0x0000000085000000,0x0000000085ac4b50,0x0000000089500000)
 Metaspace       used 19787K, capacity 21168K, committed 21248K, reserved 1067008K
  class space    used 3005K, capacity 3291K, committed 3328K, reserved 1048576K
}

Deoptimization events (10 events):
Event: 6.633 Thread 0x00007fc7c440e000 Uncommon trap: reason=bimorphic action=maybe_recompile pc=0x00007fc80d385a4c method=java.util.HashMap.putVal(ILjava/lang/Object;Ljava/lang/Object;ZZ)Ljava/lang/Object; @ 152
Event: 7.272 Thread 0x00007fc81c303800 Uncommon trap: reason=unstable_if action=reinterpret pc=0x00007fc80d4a47a0 method=javafx.scene.CssStyleHelper.getStyle(Ljavafx/css/Styleable;Ljava/lang/String;Lcom/sun/javafx/css/StyleMap;Ljava/util/Set;)Lcom/sun/javafx/css/CascadingStyle; @ 8
Event: 7.318 Thread 0x00007fc81c303800 Uncommon trap: reason=class_check action=maybe_recompile pc=0x00007fc80d6a1c18 method=javafx.scene.Node.updateLocalToParentTransform()V @ 11
Event: 7.343 Thread 0x00007fc81c303800 Uncommon trap: reason=class_check action=maybe_recompile pc=0x00007fc80d6a1c18 method=javafx.scene.Node.updateLocalToParentTransform()V @ 11
Event: 7.362 Thread 0x00007fc81c303800 Uncommon trap: reason=class_check action=maybe_recompile pc=0x00007fc80d6a1c18 method=javafx.scene.Node.updateLocalToParentTransform()V @ 11
Event: 7.401 Thread 0x00007fc81c303800 Uncommon trap: reason=class_check action=maybe_recompile pc=0x00007fc80d6a1c18 method=javafx.scene.Node.updateLocalToParentTransform()V @ 11
Event: 7.422 Thread 0x00007fc81c2a8800 Uncommon trap: reason=unstable_if action=reinterpret pc=0x00007fc80d6732a4 method=com.sun.javafx.geom.RectBounds.isEmpty()Z @ 21
Event: 8.181 Thread 0x00007fc7c8017000 Uncommon trap: reason=unstable_if action=reinterpret pc=0x00007fc80d78c340 method=java.util.PriorityQueue.poll()Ljava/lang/Object; @ 4
Event: 9.116 Thread 0x00007fc7c8017000 Uncommon trap: reason=unstable_if action=reinterpret pc=0x00007fc80d85e9d8 method=uaz.fingerprint.ReaderDispatcher.run()V @ 652
Event: 9.116 Thread 0x00007fc7c8017000 Uncommon trap: reason=unstable_if action=reinterpret pc=0x00007fc80d7780d4 method=java.util.PriorityQueue.poll()Ljava/lang/Object; @ 4

Internal exceptions (10 events):
Event: 1.286 Thread 0x00007fc81c303800 Exception <a 'java/lang/ArrayIndexOutOfBoundsException'> (0x00000000d835e4c8) thrown at [/HUDSON3/workspace/8-2-build-linux-amd64/jdk8u111/7883/hotspot/src/share/vm/runtime/sharedRuntime.cpp, line 605]
Event: 1.328 Thread 0x00007fc81c303800 Exception <a 'java/lang/ArrayIndexOutOfBoundsException'> (0x00000000d855b690) thrown at [/HUDSON3/workspace/8-2-build-linux-amd64/jdk8u111/7883/hotspot/src/share/vm/runtime/sharedRuntime.cpp, line 605]
Event: 1.391 Thread 0x00007fc81c303800 Exception <a 'java/lang/ArrayIndexOutOfBoundsException'> (0x00000000d86bfb60) thrown at [/HUDSON3/workspace/8-2-build-linux-amd64/jdk8u111/7883/hotspot/src/share/vm/runtime/sharedRuntime.cpp, line 605]
Event: 1.484 Thread 0x00007fc81c303800 Exception <a 'java/lang/ArrayIndexOutOfBoundsException'> (0x00000000d894c958) thrown at [/HUDSON3/workspace/8-2-build-linux-amd64/jdk8u111/7883/hotspot/src/share/vm/runtime/sharedRuntime.cpp, line 605]
Event: 1.817 Thread 0x00007fc81c303800 Exception <a 'java/lang/ArrayIndexOutOfBoundsException'> (0x00000000d8acca40) thrown at [/HUDSON3/workspace/8-2-build-linux-amd64/jdk8u111/7883/hotspot/src/share/vm/runtime/sharedRuntime.cpp, line 605]
Event: 2.087 Thread 0x00007fc81c303800 Exception <a 'java/lang/ArrayIndexOutOfBoundsException': 58> (0x00000000d8d93260) thrown at [/HUDSON3/workspace/8-2-build-linux-amd64/jdk8u111/7883/hotspot/src/share/vm/interpreter/interpreterRuntime.cpp, line 366]
Event: 2.965 Thread 0x00007fc81c303800 Implicit null exception at 0x00007fc80d26e4b5 to 0x00007fc80d26e6d1
Event: 2.965 Thread 0x00007fc81c303800 Implicit null exception at 0x00007fc80d381ed8 to 0x00007fc80d381f66
Event: 3.734 Thread 0x00007fc81c303800 Implicit null exception at 0x00007fc80d4d5bd0 to 0x00007fc80d4d60d5
Event: 6.623 Thread 0x00007fc7c440e000 Implicit null exception at 0x00007fc80d738ebc to 0x00007fc80d738f81

Events (10 events):
Event: 8.185 loading class com/sun/javafx/scene/control/ReadOnlyUnbackedObservableList$1 done
Event: 8.360 Thread 0x00007fc7c8017000 DEOPT PACKING pc=0x00007fc80d82f1fe sp=0x00007fc7bc60d890
Event: 8.360 Thread 0x00007fc7c8017000 DEOPT UNPACKING pc=0x00007fc80d047233 sp=0x00007fc7bc60d630 mode 0
Event: 9.090 Thread 0x00007fc7c4429000 Thread added: 0x00007fc7c4429000
Event: 9.116 Thread 0x00007fc7c8017000 Uncommon trap: trap_request=0xffffff65 fr.pc=0x00007fc80d85e9d8
Event: 9.116 Thread 0x00007fc7c8017000 DEOPT PACKING pc=0x00007fc80d85e9d8 sp=0x00007fc7bc60d8f0
Event: 9.116 Thread 0x00007fc7c8017000 DEOPT UNPACKING pc=0x00007fc80d005229 sp=0x00007fc7bc60d8b8 mode 2
Event: 9.116 Thread 0x00007fc7c8017000 Uncommon trap: trap_request=0xffffff65 fr.pc=0x00007fc80d7780d4
Event: 9.116 Thread 0x00007fc7c8017000 DEOPT PACKING pc=0x00007fc80d7780d4 sp=0x00007fc7bc60d880
Event: 9.116 Thread 0x00007fc7c8017000 DEOPT UNPACKING pc=0x00007fc80d005229 sp=0x00007fc7bc60d7c8 mode 2


Dynamic libraries:
00400000-00401000 r-xp 00000000 08:06 10486455                           /usr/lib/jvm/jdk1.8.0_111/jre/bin/java
00600000-00601000 rw-p 00000000 08:06 10486455                           /usr/lib/jvm/jdk1.8.0_111/jre/bin/java
0119c000-011bd000 rw-p 00000000 00:00 0                                  [heap]
41700000-41702000 r-xs 00000000 08:06 131113                             /tmp/.gllUWhhk (deleted)
41db0000-41e4f000 rw-p 00000000 00:00 0 
85000000-89500000 rw-p 00000000 00:00 0 
89500000-d7000000 ---p 00000000 00:00 0 
d7000000-d9900000 rw-p 00000000 00:00 0 
d9900000-100000000 ---p 00000000 00:00 0 
100000000-100340000 rw-p 00000000 00:00 0 
100340000-140000000 ---p 00000000 00:00 0 
7fc7bb97f000-7fc7bb982000 ---p 00000000 00:00 0 
7fc7bb982000-7fc7bbac0000 rw-p 00000000 00:00 0                          [stack:31102]
7fc7bbac0000-7fc7bbc80000 ---p 00000000 00:00 0 
7fc7bbc80000-7fc7bbd80000 rw-s 00000000 00:05 77922344                   /SYSV00000000 (deleted)
7fc7bbd80000-7fc7bbdfb000 r-xp 00000000 08:06 794106                     /usr/lib/x86_64-linux-gnu/nss/libfreebl3.so
7fc7bbdfb000-7fc7bbffa000 ---p 0007b000 08:06 794106                     /usr/lib/x86_64-linux-gnu/nss/libfreebl3.so
7fc7bbffa000-7fc7bbffc000 r--p 0007a000 08:06 794106                     /usr/lib/x86_64-linux-gnu/nss/libfreebl3.so
7fc7bbffc000-7fc7bbffd000 rw-p 0007c000 08:06 794106                     /usr/lib/x86_64-linux-gnu/nss/libfreebl3.so
7fc7bbffd000-7fc7bc001000 rw-p 00000000 00:00 0 
7fc7bc008000-7fc7bc0bc000 r-xp 00000000 08:06 271632                     /usr/lib/x86_64-linux-gnu/libsqlite3.so.0.8.6
7fc7bc0bc000-7fc7bc2bc000 ---p 000b4000 08:06 271632                     /usr/lib/x86_64-linux-gnu/libsqlite3.so.0.8.6
7fc7bc2bc000-7fc7bc2be000 r--p 000b4000 08:06 271632                     /usr/lib/x86_64-linux-gnu/libsqlite3.so.0.8.6
7fc7bc2be000-7fc7bc2c0000 rw-p 000b6000 08:06 271632                     /usr/lib/x86_64-linux-gnu/libsqlite3.so.0.8.6
7fc7bc2c0000-7fc7bc2c1000 rw-p 00000000 00:00 0 
7fc7bc2c8000-7fc7bc309000 r-xp 00000000 08:06 794105                     /usr/lib/x86_64-linux-gnu/nss/libsoftokn3.so
7fc7bc309000-7fc7bc508000 ---p 00041000 08:06 794105                     /usr/lib/x86_64-linux-gnu/nss/libsoftokn3.so
7fc7bc508000-7fc7bc509000 r--p 00040000 08:06 794105                     /usr/lib/x86_64-linux-gnu/nss/libsoftokn3.so
7fc7bc509000-7fc7bc50a000 rw-p 00041000 08:06 794105                     /usr/lib/x86_64-linux-gnu/nss/libsoftokn3.so
7fc7bc50e000-7fc7bc511000 ---p 00000000 00:00 0 
7fc7bc511000-7fc7bc60f000 rw-p 00000000 00:00 0                          [stack:31050]
7fc7bc60f000-7fc7bc610000 ---p 00000000 00:00 0 
7fc7bc610000-7fc7bce10000 rw-p 00000000 00:00 0                          [stack:31049]
7fc7bce10000-7fc7bce54000 r-xp 00000000 08:06 11276542                   /lib/x86_64-linux-gnu/libdbus-1.so.3.7.6
7fc7bce54000-7fc7bd053000 ---p 00044000 08:06 11276542                   /lib/x86_64-linux-gnu/libdbus-1.so.3.7.6
7fc7bd053000-7fc7bd054000 r--p 00043000 08:06 11276542                   /lib/x86_64-linux-gnu/libdbus-1.so.3.7.6
7fc7bd054000-7fc7bd055000 rw-p 00044000 08:06 11276542                   /lib/x86_64-linux-gnu/libdbus-1.so.3.7.6
7fc7bd058000-7fc7bd060000 r-xp 00000000 08:06 11276591                   /lib/x86_64-linux-gnu/libnih-dbus.so.1.0.0
7fc7bd060000-7fc7bd260000 ---p 00008000 08:06 11276591                   /lib/x86_64-linux-gnu/libnih-dbus.so.1.0.0
7fc7bd260000-7fc7bd261000 r--p 00008000 08:06 11276591                   /lib/x86_64-linux-gnu/libnih-dbus.so.1.0.0
7fc7bd261000-7fc7bd262000 rw-p 00009000 08:06 11276591                   /lib/x86_64-linux-gnu/libnih-dbus.so.1.0.0
7fc7bd268000-7fc7bd27f000 r-xp 00000000 08:06 11276593                   /lib/x86_64-linux-gnu/libnih.so.1.0.0
7fc7bd27f000-7fc7bd47e000 ---p 00017000 08:06 11276593                   /lib/x86_64-linux-gnu/libnih.so.1.0.0
7fc7bd47e000-7fc7bd47f000 r--p 00016000 08:06 11276593                   /lib/x86_64-linux-gnu/libnih.so.1.0.0
7fc7bd47f000-7fc7bd480000 rw-p 00017000 08:06 11276593                   /lib/x86_64-linux-gnu/libnih.so.1.0.0
7fc7bd480000-7fc7bd499000 r-xp 00000000 08:06 11276533                   /lib/x86_64-linux-gnu/libcgmanager.so.0.0.0
7fc7bd499000-7fc7bd698000 ---p 00019000 08:06 11276533                   /lib/x86_64-linux-gnu/libcgmanager.so.0.0.0
7fc7bd698000-7fc7bd69a000 r--p 00018000 08:06 11276533                   /lib/x86_64-linux-gnu/libcgmanager.so.0.0.0
7fc7bd69a000-7fc7bd69b000 rw-p 0001a000 08:06 11276533                   /lib/x86_64-linux-gnu/libcgmanager.so.0.0.0
7fc7bd6a0000-7fc7bd6d9000 r-xp 00000000 08:06 268901                     /usr/lib/x86_64-linux-gnu/libnspr4.so
7fc7bd6d9000-7fc7bd8d8000 ---p 00039000 08:06 268901                     /usr/lib/x86_64-linux-gnu/libnspr4.so
7fc7bd8d8000-7fc7bd8d9000 r--p 00038000 08:06 268901                     /usr/lib/x86_64-linux-gnu/libnspr4.so
7fc7bd8d9000-7fc7bd8da000 rw-p 00039000 08:06 268901                     /usr/lib/x86_64-linux-gnu/libnspr4.so
7fc7bd8da000-7fc7bd8dd000 rw-p 00000000 00:00 0 
7fc7bd8e0000-7fc7bd8e3000 r-xp 00000000 08:06 268900                     /usr/lib/x86_64-linux-gnu/libplds4.so
7fc7bd8e3000-7fc7bdae2000 ---p 00003000 08:06 268900                     /usr/lib/x86_64-linux-gnu/libplds4.so
7fc7bdae2000-7fc7bdae3000 r--p 00002000 08:06 268900                     /usr/lib/x86_64-linux-gnu/libplds4.so
7fc7bdae3000-7fc7bdae4000 rw-p 00003000 08:06 268900                     /usr/lib/x86_64-linux-gnu/libplds4.so
7fc7bdae8000-7fc7bdaec000 r-xp 00000000 08:06 268861                     /usr/lib/x86_64-linux-gnu/libplc4.so
7fc7bdaec000-7fc7bdceb000 ---p 00004000 08:06 268861                     /usr/lib/x86_64-linux-gnu/libplc4.so
7fc7bdceb000-7fc7bdcec000 r--p 00003000 08:06 268861                     /usr/lib/x86_64-linux-gnu/libplc4.so
7fc7bdcec000-7fc7bdced000 rw-p 00004000 08:06 268861                     /usr/lib/x86_64-linux-gnu/libplc4.so
7fc7bdcf0000-7fc7bdd15000 r-xp 00000000 08:06 268074                     /usr/lib/x86_64-linux-gnu/libnssutil3.so
7fc7bdd15000-7fc7bdf15000 ---p 00025000 08:06 268074                     /usr/lib/x86_64-linux-gnu/libnssutil3.so
7fc7bdf15000-7fc7bdf1b000 r--p 00025000 08:06 268074                     /usr/lib/x86_64-linux-gnu/libnssutil3.so
7fc7bdf1b000-7fc7bdf1c000 rw-p 0002b000 08:06 268074                     /usr/lib/x86_64-linux-gnu/libnssutil3.so
7fc7bdf20000-7fc7bdf30000 r-xp 00000000 08:06 11276675                   /lib/x86_64-linux-gnu/libudev.so.1.3.5
7fc7bdf30000-7fc7be12f000 ---p 00010000 08:06 11276675                   /lib/x86_64-linux-gnu/libudev.so.1.3.5
7fc7be12f000-7fc7be130000 r--p 0000f000 08:06 11276675                   /lib/x86_64-linux-gnu/libudev.so.1.3.5
7fc7be130000-7fc7be131000 rw-p 00010000 08:06 11276675                   /lib/x86_64-linux-gnu/libudev.so.1.3.5
7fc7be138000-7fc7be26d000 r-xp 00000000 08:06 268076                     /usr/lib/x86_64-linux-gnu/libnss3.so
7fc7be26d000-7fc7be46c000 ---p 00135000 08:06 268076                     /usr/lib/x86_64-linux-gnu/libnss3.so
7fc7be46c000-7fc7be471000 r--p 00134000 08:06 268076                     /usr/lib/x86_64-linux-gnu/libnss3.so
7fc7be471000-7fc7be473000 rw-p 00139000 08:06 268076                     /usr/lib/x86_64-linux-gnu/libnss3.so
7fc7be473000-7fc7be474000 rw-p 00000000 00:00 0 
7fc7be478000-7fc7be48d000 r-xp 00000000 08:06 11276681                   /lib/x86_64-linux-gnu/libusb-1.0.so.0.1.0
7fc7be48d000-7fc7be68d000 ---p 00015000 08:06 11276681                   /lib/x86_64-linux-gnu/libusb-1.0.so.0.1.0
7fc7be68d000-7fc7be68e000 r--p 00015000 08:06 11276681                   /lib/x86_64-linux-gnu/libusb-1.0.so.0.1.0
7fc7be68e000-7fc7be68f000 rw-p 00016000 08:06 11276681                   /lib/x86_64-linux-gnu/libusb-1.0.so.0.1.0
7fc7be690000-7fc7be6e7000 r-xp 00000000 08:06 787714                     /usr/local/lib/libfprint.so.0.0.0
7fc7be6e7000-7fc7be8e6000 ---p 00057000 08:06 787714                     /usr/local/lib/libfprint.so.0.0.0
7fc7be8e6000-7fc7be8e7000 r--p 00056000 08:06 787714                     /usr/local/lib/libfprint.so.0.0.0
7fc7be8e7000-7fc7be8f8000 rw-p 00057000 08:06 787714                     /usr/local/lib/libfprint.so.0.0.0
7fc7be8f8000-7fc7c17a9000 rw-p 00000000 00:00 0 
7fc7c17d8000-7fc7c17dd000 r-xp 00000000 08:06 131115                     /tmp/libfingerprint6291589355452528397.so
7fc7c17dd000-7fc7c19dc000 ---p 00005000 08:06 131115                     /tmp/libfingerprint6291589355452528397.so
7fc7c19dc000-7fc7c19dd000 r--p 00004000 08:06 131115                     /tmp/libfingerprint6291589355452528397.so
7fc7c19dd000-7fc7c19de000 rw-p 00005000 08:06 131115                     /tmp/libfingerprint6291589355452528397.so
7fc7c19df000-7fc7c19e3000 r--s 00097000 08:06 10486124                   /usr/lib/jvm/jdk1.8.0_111/jre/lib/jsse.jar
7fc7c19e8000-7fc7c1be8000 rw-s 18bd00000 00:06 12147                     /dev/nvidiactl
7fc7c1c6c000-7fc7c1d6c000 rw-s 186e1c000 00:06 12147                     /dev/nvidiactl
7fc7c1d72000-7fc7c2172000 rw-s 1c35b2000 00:06 12147                     /dev/nvidiactl
7fc7c2172000-7fc7c2407000 rw-p 00000000 00:00 0 
7fc7c2407000-7fc7c2607000 rw-s 6f6ff000 00:06 12147                      /dev/nvidiactl
7fc7c260a000-7fc7c30a0000 rw-p 00000000 00:00 0 
7fc7c30a0000-7fc7c314a000 r--p 00000000 08:06 1445411                    /usr/share/fonts/truetype/dejavu/DejaVuSans-Bold.ttf
7fc7c3150000-7fc7c3350000 rw-p 00000000 00:00 0 
7fc7c3350000-7fc7c3550000 rw-p 00000000 00:00 0 
7fc7c3550000-7fc7c3606000 r--p 00000000 08:06 1445415                    /usr/share/fonts/truetype/dejavu/DejaVuSans.ttf
7fc7c3607000-7fc7c360a000 ---p 00000000 00:00 0 
7fc7c360a000-7fc7c3708000 rw-p 00000000 00:00 0                          [stack:30947]
7fc7c3708000-7fc7c3737000 r-xp 00000000 08:06 788682                     /usr/lib/x86_64-linux-gnu/gtk-2.0/2.10.0/engines/libmurrine.so
7fc7c3737000-7fc7c3937000 ---p 0002f000 08:06 788682                     /usr/lib/x86_64-linux-gnu/gtk-2.0/2.10.0/engines/libmurrine.so
7fc7c3937000-7fc7c3938000 r--p 0002f000 08:06 788682                     /usr/lib/x86_64-linux-gnu/gtk-2.0/2.10.0/engines/libmurrine.so
7fc7c3938000-7fc7c3939000 rw-p 00030000 08:06 788682                     /usr/lib/x86_64-linux-gnu/gtk-2.0/2.10.0/engines/libmurrine.so
7fc7c3940000-7fc7c3949000 r-xp 00000000 08:06 787773                     /usr/lib/x86_64-linux-gnu/gtk-2.0/2.10.0/engines/libpixmap.so
7fc7c3949000-7fc7c3b49000 ---p 00009000 08:06 787773                     /usr/lib/x86_64-linux-gnu/gtk-2.0/2.10.0/engines/libpixmap.so
7fc7c3b49000-7fc7c3b4a000 r--p 00009000 08:06 787773                     /usr/lib/x86_64-linux-gnu/gtk-2.0/2.10.0/engines/libpixmap.so
7fc7c3b4a000-7fc7c3b4b000 rw-p 0000a000 08:06 787773                     /usr/lib/x86_64-linux-gnu/gtk-2.0/2.10.0/engines/libpixmap.so
7fc7c3b50000-7fc7c3d50000 rw-p 00000000 00:00 0 
7fc7c3d50000-7fc7c3f50000 rw-p 00000000 00:00 0 
7fc7c3f50000-7fc7c3ffb000 r--p 00000000 08:06 10486268                   /usr/lib/jvm/jdk1.8.0_111/jre/lib/fonts/LucidaSansRegular.ttf
7fc7c4000000-7fc7c4449000 rw-p 00000000 00:00 0 
7fc7c4449000-7fc7c8000000 ---p 00000000 00:00 0 
7fc7c8000000-7fc7c8028000 rw-p 00000000 00:00 0 
7fc7c8028000-7fc7cc000000 ---p 00000000 00:00 0 
7fc7cc000000-7fc7cc021000 rw-p 00000000 00:00 0 
7fc7cc021000-7fc7d0000000 ---p 00000000 00:00 0 
7fc7d0008000-7fc7d000e000 r--p 00000000 08:06 1314243                    /usr/share/locale-langpack/es/LC_MESSAGES/gdk-pixbuf.mo
7fc7d0015000-7fc7d0028000 r--s 00345000 08:06 10486404                   /usr/lib/jvm/jdk1.8.0_111/jre/lib/resources.jar
7fc7d002c000-7fc7d0031000 r--s 00084000 08:06 10486279                   /usr/lib/jvm/jdk1.8.0_111/jre/lib/jfr.jar
7fc7d0038000-7fc7d0072000 r--p 00000000 08:06 10486270                   /usr/lib/jvm/jdk1.8.0_111/jre/lib/fonts/LucidaTypewriterBold.ttf
7fc7d0078000-7fc7d008b000 r--p 00000000 08:06 10486276                   /usr/lib/jvm/jdk1.8.0_111/jre/lib/fonts/LucidaBrightDemiItalic.ttf
7fc7d0090000-7fc7d00de000 r--p 00000000 08:06 10486275                   /usr/lib/jvm/jdk1.8.0_111/jre/lib/fonts/LucidaSansDemiBold.ttf
7fc7d00e0000-7fc7d011c000 r--p 00000000 08:06 10486274                   /usr/lib/jvm/jdk1.8.0_111/jre/lib/fonts/LucidaTypewriterRegular.ttf
7fc7d0120000-7fc7d0175000 r--p 00000000 08:06 10486271                   /usr/lib/jvm/jdk1.8.0_111/jre/lib/fonts/LucidaBrightRegular.ttf
7fc7d0178000-7fc7d018c000 r--p 00000000 08:06 10486272                   /usr/lib/jvm/jdk1.8.0_111/jre/lib/fonts/LucidaBrightItalic.ttf
7fc7d0190000-7fc7d01a3000 r--p 00000000 08:06 10486269                   /usr/lib/jvm/jdk1.8.0_111/jre/lib/fonts/LucidaBrightDemiBold.ttf
7fc7d01a8000-7fc7d01ac000 r-xp 00000000 08:06 10486217                   /usr/lib/jvm/jdk1.8.0_111/jre/lib/amd64/libjavafx_font_pango.so
7fc7d01ac000-7fc7d03ab000 ---p 00004000 08:06 10486217                   /usr/lib/jvm/jdk1.8.0_111/jre/lib/amd64/libjavafx_font_pango.so
7fc7d03ab000-7fc7d03ac000 rw-p 00003000 08:06 10486217                   /usr/lib/jvm/jdk1.8.0_111/jre/lib/amd64/libjavafx_font_pango.so
7fc7d03b0000-7fc7d03b1000 r--s 00000000 08:06 3801416                    /var/cache/fontconfig/c05880de57d1f5e948fdfacc138775d9-le64.cache-4
7fc7d03b8000-7fc7d03c3000 r--s 00000000 08:06 3801409                    /var/cache/fontconfig/945677eb7aeaf62f1d50efc3fb3ec7d8-le64.cache-4
7fc7d03c8000-7fc7d03ca000 r--s 00000000 08:06 3801411                    /var/cache/fontconfig/99e8ed0e538f840c565b6ed5dad60d56-le64.cache-4
7fc7d03d0000-7fc7d03d6000 r--s 00000000 08:06 3801393                    /var/cache/fontconfig/2cd17615ca594fa2959ae173292e504c-le64.cache-4
7fc7d03d8000-7fc7d03d9000 r--s 00000000 08:06 3801427                    /var/cache/fontconfig/e7071f4a29fa870f4323321c154eba04-le64.cache-4
7fc7d03e0000-7fc7d03e1000 r--s 00000000 08:06 3801390                    /var/cache/fontconfig/0d8c3b2ac0904cb8a57a757ad11a4a08-le64.cache-4
7fc7d03e8000-7fc7d03ef000 r--s 00000000 08:06 3801413                    /var/cache/fontconfig/a755afe4a08bf5b97852ceb7400b47bc-le64.cache-4
7fc7d03f0000-7fc7d03fc000 r--s 00000000 08:06 3801404                    /var/cache/fontconfig/6d41288fd70b0be22e8c3a91e032eec0-le64.cache-4
7fc7d0400000-7fc7d0414000 r--s 00000000 08:06 3801387                    /var/cache/fontconfig/04aabc0a78ac019cf9454389977116d2-le64.cache-4
7fc7d0418000-7fc7d0419000 r--s 00000000 08:06 3801392                    /var/cache/fontconfig/1ac9eb803944fde146138c791f5cc56a-le64.cache-4
7fc7d0420000-7fc7d0424000 r--s 00000000 08:06 3801396                    /var/cache/fontconfig/385c0604a188198f04d133e54aba7fe7-le64.cache-4
7fc7d0428000-7fc7d0429000 r--s 00000000 08:06 3801424                    /var/cache/fontconfig/dc05db6664285cc2f12bf69c139ae4c3-le64.cache-4
7fc7d0430000-7fc7d0432000 r--s 00000000 08:06 3801406                    /var/cache/fontconfig/767a8244fc0220cfb567a839d0392e0b-le64.cache-4
7fc7d0438000-7fc7d0439000 r--s 00000000 08:06 3801398                    /var/cache/fontconfig/4794a0821666d79190d59a36cb4f44b5-le64.cache-4
7fc7d0440000-7fc7d0452000 r--s 00000000 08:06 3801388                    /var/cache/fontconfig/0bd3dc0958fa2205aaaa8ebb13e2872b-le64.cache-4
7fc7d0458000-7fc7d045d000 r--s 00000000 08:06 3801408                    /var/cache/fontconfig/8801497958630a81b71ace7c5f9b32a8-le64.cache-4
7fc7d0460000-7fc7d0466000 r--s 00000000 08:06 3816246                    /var/cache/fontconfig/ca37dee8d6057f2a069c1b3d05990269-le64.cache-4
7fc7d0468000-7fc7d046c000 r--s 00000000 08:06 3815067                    /var/cache/fontconfig/c57959a16110560c8d0fcea73374aeeb-le64.cache-4
7fc7d0470000-7fc7d0477000 r--s 00000000 08:06 3801394                    /var/cache/fontconfig/3047814df9a2f067bd2d96a2b9c36e5a-le64.cache-4
7fc7d0478000-7fc7d0479000 r--s 00000000 08:06 3801400                    /var/cache/fontconfig/56cf4f4769d0f4abc89a4895d7bd3ae1-le64.cache-4
7fc7d0480000-7fc7d0486000 r--s 00000000 08:06 3801414                    /var/cache/fontconfig/b47c4e1ecd0709278f4910c18777a504-le64.cache-4
7fc7d0488000-7fc7d049b000 r--s 00000000 08:06 3801421                    /var/cache/fontconfig/d52a8644073d54c13679302ca1180695-le64.cache-4
7fc7d04a0000-7fc7d04a9000 r--s 00000000 08:06 3801397                    /var/cache/fontconfig/3f7329c5293ffd510edef78f73874cfd-le64.cache-4
7fc7d04b0000-7fc7d04bb000 r--s 00000000 08:06 3801422                    /var/cache/fontconfig/d589a48862398ed80a3d6066f4f56f4c-le64.cache-4
7fc7d04c0000-7fc7d04c9000 r--s 00000000 08:06 3801419                    /var/cache/fontconfig/d0972c3d32f097851eb916381fc38920-le64.cache-4
7fc7d04d0000-7fc7d04d3000 r--s 00000000 08:06 3812658                    /var/cache/fontconfig/e13b20fdb08344e0e664864cc2ede53d-le64.cache-4
7fc7d04d8000-7fc7d04dc000 r--s 00000000 08:06 3816245                    /var/cache/fontconfig/7ef2298fde41cc6eeb7af42e48b7d293-le64.cache-4
7fc7d04e0000-7fc7d04e5000 r-xp 00000000 08:06 10486213                   /usr/lib/jvm/jdk1.8.0_111/jre/lib/amd64/libjavafx_font_freetype.so
7fc7d04e5000-7fc7d06e4000 ---p 00005000 08:06 10486213                   /usr/lib/jvm/jdk1.8.0_111/jre/lib/amd64/libjavafx_font_freetype.so
7fc7d06e4000-7fc7d06e5000 rw-p 00004000 08:06 10486213                   /usr/lib/jvm/jdk1.8.0_111/jre/lib/amd64/libjavafx_font_freetype.so
7fc7d06e8000-7fc7d06eb000 r-xp 00000000 08:06 10486175                   /usr/lib/jvm/jdk1.8.0_111/jre/lib/amd64/libjavafx_font.so
7fc7d06eb000-7fc7d08ea000 ---p 00003000 08:06 10486175                   /usr/lib/jvm/jdk1.8.0_111/jre/lib/amd64/libjavafx_font.so
7fc7d08ea000-7fc7d08eb000 rw-p 00002000 08:06 10486175                   /usr/lib/jvm/jdk1.8.0_111/jre/lib/amd64/libjavafx_font.so
7fc7d08f0000-7fc7d0af0000 rw-p 00000000 00:00 0 
7fc7d0af0000-7fc7d0af4000 r--s 00060000 08:06 10619928                   /home/xmbeat/NetBeansProjects/FingerprintLogin/dist/run2060989083/lib/webcam-capture-0.3.10.jar
7fc7d0af5000-7fc7d0af7000 r--s 00005000 08:06 10619927                   /home/xmbeat/NetBeansProjects/FingerprintLogin/dist/run2060989083/lib/slf4j-api-1.7.2.jar
7fc7d0af7000-7fc7d0aff000 r--s 000cf000 08:06 10619925                   /home/xmbeat/NetBeansProjects/FingerprintLogin/dist/run2060989083/lib/bridj-0.6.2.jar
7fc7d0b05000-7fc7d0b08000 ---p 00000000 00:00 0 
7fc7d0b08000-7fc7d0c06000 rw-p 00000000 00:00 0                          [stack:30892]
7fc7d0c06000-7fc7d0c09000 ---p 00000000 00:00 0 
7fc7d0c09000-7fc7d0d07000 rw-p 00000000 00:00 0                          [stack:30891]
7fc7d0d07000-7fc7d0d0a000 ---p 00000000 00:00 0 
7fc7d0d0a000-7fc7d0e08000 rw-p 00000000 00:00 0                          [stack:30890]
7fc7d0e08000-7fc7d0e32000 r--p 00000000 08:06 1314249                    /usr/share/locale-langpack/es/LC_MESSAGES/gtk20-properties.mo
7fc7d0e38000-7fc7d0e5e000 r--p 00000000 08:06 1314142                    /usr/share/locale-langpack/es/LC_MESSAGES/libc.mo
7fc7d0e60000-7fc7d0e6f000 r--p 00000000 08:06 1314186                    /usr/share/locale-langpack/es/LC_MESSAGES/gtk20.mo
7fc7d0e70000-7fc7d0e99000 r-xp 00000000 08:06 10486225                   /usr/lib/jvm/jdk1.8.0_111/jre/lib/amd64/libglass.so
7fc7d0e99000-7fc7d1098000 ---p 00029000 08:06 10486225                   /usr/lib/jvm/jdk1.8.0_111/jre/lib/amd64/libglass.so
7fc7d1098000-7fc7d109b000 rw-p 00028000 08:06 10486225                   /usr/lib/jvm/jdk1.8.0_111/jre/lib/amd64/libglass.so
7fc7d10a1000-7fc7d1121000 rw-s 18a829000 00:06 12147                     /dev/nvidiactl
7fc7d1121000-7fc7d11a1000 rw-s 154549000 00:06 12147                     /dev/nvidiactl
7fc7d11a8000-7fc7d11ab000 ---p 00000000 00:00 0 
7fc7d11ab000-7fc7d12a9000 rw-p 00000000 00:00 0                          [stack:31101]
7fc7d12a9000-7fc7d135d000 rw-s 221d19000 00:06 12147                     /dev/nvidiactl
7fc7d1360000-7fc7d1366000 r-xp 00000000 08:06 270780                     /usr/lib/x86_64-linux-gnu/libdatrie.so.1.3.1
7fc7d1366000-7fc7d1565000 ---p 00006000 08:06 270780                     /usr/lib/x86_64-linux-gnu/libdatrie.so.1.3.1
7fc7d1565000-7fc7d1566000 r--p 00005000 08:06 270780                     /usr/lib/x86_64-linux-gnu/libdatrie.so.1.3.1
7fc7d1566000-7fc7d1567000 rw-p 00006000 08:06 270780                     /usr/lib/x86_64-linux-gnu/libdatrie.so.1.3.1
7fc7d1568000-7fc7d2f65000 r-xp 00000000 08:06 921231                     /usr/lib/nvidia-352/libnvidia-glcore.so.352.63
7fc7d2f65000-7fc7d2f85000 rwxp 019fd000 08:06 921231                     /usr/lib/nvidia-352/libnvidia-glcore.so.352.63
7fc7d2f85000-7fc7d324c000 r-xp 01a1d000 08:06 921231                     /usr/lib/nvidia-352/libnvidia-glcore.so.352.63
7fc7d324c000-7fc7d344b000 ---p 01ce4000 08:06 921231                     /usr/lib/nvidia-352/libnvidia-glcore.so.352.63
7fc7d344b000-7fc7d3fe7000 rw-p 01ce3000 08:06 921231                     /usr/lib/nvidia-352/libnvidia-glcore.so.352.63
7fc7d3fe7000-7fc7d3ffb000 rw-p 00000000 00:00 0 
7fc7d4000000-7fc7d4c0e000 rw-p 00000000 00:00 0 
7fc7d4c0e000-7fc7d8000000 ---p 00000000 00:00 0 
7fc7d8000000-7fc7d8001000 r--s 00000000 08:06 3801415                    /var/cache/fontconfig/b9d506c9ac06c20b433354fa67a72993-le64.cache-4
7fc7d8008000-7fc7d800f000 r--s 00000000 08:06 786750                     /usr/lib/x86_64-linux-gnu/gconv/gconv-modules.cache
7fc7d8013000-7fc7d8093000 rw-s 18bd03000 00:06 12147                     /dev/nvidiactl
7fc7d8094000-7fc7d80a7000 rw-s 1a5064000 00:06 12147                     /dev/nvidiactl
7fc7d80a8000-7fc7d80ad000 r-xp 00000000 08:06 270557                     /usr/lib/x86_64-linux-gnu/libXdmcp.so.6.0.0
7fc7d80ad000-7fc7d82ac000 ---p 00005000 08:06 270557                     /usr/lib/x86_64-linux-gnu/libXdmcp.so.6.0.0
7fc7d82ac000-7fc7d82ad000 r--p 00004000 08:06 270557                     /usr/lib/x86_64-linux-gnu/libXdmcp.so.6.0.0
7fc7d82ad000-7fc7d82ae000 rw-p 00005000 08:06 270557                     /usr/lib/x86_64-linux-gnu/libXdmcp.so.6.0.0
7fc7d82b0000-7fc7d82b2000 r-xp 00000000 08:06 270544                     /usr/lib/x86_64-linux-gnu/libXau.so.6.0.0
7fc7d82b2000-7fc7d84b2000 ---p 00002000 08:06 270544                     /usr/lib/x86_64-linux-gnu/libXau.so.6.0.0
7fc7d84b2000-7fc7d84b3000 r--p 00002000 08:06 270544                     /usr/lib/x86_64-linux-gnu/libXau.so.6.0.0
7fc7d84b3000-7fc7d84b4000 rw-p 00003000 08:06 270544                     /usr/lib/x86_64-linux-gnu/libXau.so.6.0.0
7fc7d84b8000-7fc7d84d2000 r-xp 00000000 08:06 263304                     /usr/lib/x86_64-linux-gnu/libgraphite2.so.3.0.1
7fc7d84d2000-7fc7d86d1000 ---p 0001a000 08:06 263304                     /usr/lib/x86_64-linux-gnu/libgraphite2.so.3.0.1
7fc7d86d1000-7fc7d86d3000 r--p 00019000 08:06 263304                     /usr/lib/x86_64-linux-gnu/libgraphite2.so.3.0.1
7fc7d86d3000-7fc7d86d4000 rw-p 0001b000 08:06 263304                     /usr/lib/x86_64-linux-gnu/libgraphite2.so.3.0.1
7fc7d86d8000-7fc7d86db000 r-xp 00000000 08:06 1184481                    /usr/lib/nvidia-352/tls/libnvidia-tls.so.352.63
7fc7d86db000-7fc7d88da000 ---p 00003000 08:06 1184481                    /usr/lib/nvidia-352/tls/libnvidia-tls.so.352.63
7fc7d88da000-7fc7d88db000 rw-p 00002000 08:06 1184481                    /usr/lib/nvidia-352/tls/libnvidia-tls.so.352.63
7fc7d88e0000-7fc7d891d000 r-xp 00000000 08:06 11276632                   /lib/x86_64-linux-gnu/libpcre.so.3.13.1
7fc7d891d000-7fc7d8b1c000 ---p 0003d000 08:06 11276632                   /lib/x86_64-linux-gnu/libpcre.so.3.13.1
7fc7d8b1c000-7fc7d8b1d000 r--p 0003c000 08:06 11276632                   /lib/x86_64-linux-gnu/libpcre.so.3.13.1
7fc7d8b1d000-7fc7d8b1e000 rw-p 0003d000 08:06 11276632                   /lib/x86_64-linux-gnu/libpcre.so.3.13.1
7fc7d8b20000-7fc7d8b27000 r-xp 00000000 08:06 262898                     /usr/lib/x86_64-linux-gnu/libffi.so.6.0.1
7fc7d8b27000-7fc7d8d26000 ---p 00007000 08:06 262898                     /usr/lib/x86_64-linux-gnu/libffi.so.6.0.1
7fc7d8d26000-7fc7d8d27000 r--p 00006000 08:06 262898                     /usr/lib/x86_64-linux-gnu/libffi.so.6.0.1
7fc7d8d27000-7fc7d8d28000 rw-p 00007000 08:06 262898                     /usr/lib/x86_64-linux-gnu/libffi.so.6.0.1
7fc7d8d28000-7fc7d8d4f000 r-xp 00000000 08:06 11276550                   /lib/x86_64-linux-gnu/libexpat.so.1.6.0
7fc7d8d4f000-7fc7d8f4f000 ---p 00027000 08:06 11276550                   /lib/x86_64-linux-gnu/libexpat.so.1.6.0
7fc7d8f4f000-7fc7d8f51000 r--p 00027000 08:06 11276550                   /lib/x86_64-linux-gnu/libexpat.so.1.6.0
7fc7d8f51000-7fc7d8f52000 rw-p 00029000 08:06 11276550                   /lib/x86_64-linux-gnu/libexpat.so.1.6.0
7fc7d8f58000-7fc7d8f60000 r-xp 00000000 08:06 271660                     /usr/lib/x86_64-linux-gnu/libthai.so.0.2.0
7fc7d8f60000-7fc7d915f000 ---p 00008000 08:06 271660                     /usr/lib/x86_64-linux-gnu/libthai.so.0.2.0
7fc7d915f000-7fc7d9160000 r--p 00007000 08:06 271660                     /usr/lib/x86_64-linux-gnu/libthai.so.0.2.0
7fc7d9160000-7fc7d9161000 rw-p 00008000 08:06 271660                     /usr/lib/x86_64-linux-gnu/libthai.so.0.2.0
7fc7d9168000-7fc7d9185000 r-xp 00000000 08:06 271805                     /usr/lib/x86_64-linux-gnu/libxcb.so.1.1.0
7fc7d9185000-7fc7d9385000 ---p 0001d000 08:06 271805                     /usr/lib/x86_64-linux-gnu/libxcb.so.1.1.0
7fc7d9385000-7fc7d9386000 r--p 0001d000 08:06 271805                     /usr/lib/x86_64-linux-gnu/libxcb.so.1.1.0
7fc7d9386000-7fc7d9387000 rw-p 0001e000 08:06 271805                     /usr/lib/x86_64-linux-gnu/libxcb.so.1.1.0
7fc7d9388000-7fc7d9390000 r-xp 00000000 08:06 271787                     /usr/lib/x86_64-linux-gnu/libxcb-render.so.0.0.0
7fc7d9390000-7fc7d958f000 ---p 00008000 08:06 271787                     /usr/lib/x86_64-linux-gnu/libxcb-render.so.0.0.0
7fc7d958f000-7fc7d9590000 r--p 00007000 08:06 271787                     /usr/lib/x86_64-linux-gnu/libxcb-render.so.0.0.0
7fc7d9590000-7fc7d9591000 rw-p 00008000 08:06 271787                     /usr/lib/x86_64-linux-gnu/libxcb-render.so.0.0.0
7fc7d9598000-7fc7d959a000 r-xp 00000000 08:06 271791                     /usr/lib/x86_64-linux-gnu/libxcb-shm.so.0.0.0
7fc7d959a000-7fc7d9799000 ---p 00002000 08:06 271791                     /usr/lib/x86_64-linux-gnu/libxcb-shm.so.0.0.0
7fc7d9799000-7fc7d979a000 r--p 00001000 08:06 271791                     /usr/lib/x86_64-linux-gnu/libxcb-shm.so.0.0.0
7fc7d979a000-7fc7d979b000 rw-p 00002000 08:06 271791                     /usr/lib/x86_64-linux-gnu/libxcb-shm.so.0.0.0
7fc7d97a0000-7fc7d97c5000 r-xp 00000000 08:06 11273421                   /lib/x86_64-linux-gnu/libpng12.so.0.50.0
7fc7d97c5000-7fc7d99c4000 ---p 00025000 08:06 11273421                   /lib/x86_64-linux-gnu/libpng12.so.0.50.0
7fc7d99c4000-7fc7d99c5000 r--p 00024000 08:06 11273421                   /lib/x86_64-linux-gnu/libpng12.so.0.50.0
7fc7d99c5000-7fc7d99c6000 rw-p 00025000 08:06 11273421                   /lib/x86_64-linux-gnu/libpng12.so.0.50.0
7fc7d99c8000-7fc7d9a69000 r-xp 00000000 08:06 271486                     /usr/lib/x86_64-linux-gnu/libpixman-1.so.0.30.2
7fc7d9a69000-7fc7d9c69000 ---p 000a1000 08:06 271486                     /usr/lib/x86_64-linux-gnu/libpixman-1.so.0.30.2
7fc7d9c69000-7fc7d9c70000 r--p 000a1000 08:06 271486                     /usr/lib/x86_64-linux-gnu/libpixman-1.so.0.30.2
7fc7d9c70000-7fc7d9c71000 rw-p 000a8000 08:06 271486                     /usr/lib/x86_64-linux-gnu/libpixman-1.so.0.30.2
7fc7d9c78000-7fc7d9ccb000 r-xp 00000000 08:06 271186                     /usr/lib/x86_64-linux-gnu/libharfbuzz.so.0.927.0
7fc7d9ccb000-7fc7d9ecb000 ---p 00053000 08:06 271186                     /usr/lib/x86_64-linux-gnu/libharfbuzz.so.0.927.0
7fc7d9ecb000-7fc7d9ecc000 r--p 00053000 08:06 271186                     /usr/lib/x86_64-linux-gnu/libharfbuzz.so.0.927.0
7fc7d9ecc000-7fc7d9ecd000 rw-p 00054000 08:06 271186                     /usr/lib/x86_64-linux-gnu/libharfbuzz.so.0.927.0
7fc7d9ed0000-7fc7d9ee7000 r-xp 00000000 08:06 11272221                   /lib/x86_64-linux-gnu/libresolv-2.19.so
7fc7d9ee7000-7fc7da0e7000 ---p 00017000 08:06 11272221                   /lib/x86_64-linux-gnu/libresolv-2.19.so
7fc7da0e7000-7fc7da0e8000 r--p 00017000 08:06 11272221                   /lib/x86_64-linux-gnu/libresolv-2.19.so
7fc7da0e8000-7fc7da0e9000 rw-p 00018000 08:06 11272221                   /lib/x86_64-linux-gnu/libresolv-2.19.so
7fc7da0e9000-7fc7da0eb000 rw-p 00000000 00:00 0 
7fc7da0f0000-7fc7da110000 r-xp 00000000 08:06 11276659                   /lib/x86_64-linux-gnu/libselinux.so.1
7fc7da110000-7fc7da30f000 ---p 00020000 08:06 11276659                   /lib/x86_64-linux-gnu/libselinux.so.1
7fc7da30f000-7fc7da310000 r--p 0001f000 08:06 11276659                   /lib/x86_64-linux-gnu/libselinux.so.1
7fc7da310000-7fc7da311000 rw-p 00020000 08:06 11276659                   /lib/x86_64-linux-gnu/libselinux.so.1
7fc7da311000-7fc7da313000 rw-p 00000000 00:00 0 
7fc7da318000-7fc7da330000 r-xp 00000000 08:06 11276690                   /lib/x86_64-linux-gnu/libz.so.1.2.8
7fc7da330000-7fc7da52f000 ---p 00018000 08:06 11276690                   /lib/x86_64-linux-gnu/libz.so.1.2.8
7fc7da52f000-7fc7da530000 r--p 00017000 08:06 11276690                   /lib/x86_64-linux-gnu/libz.so.1.2.8
7fc7da530000-7fc7da531000 rw-p 00018000 08:06 11276690                   /lib/x86_64-linux-gnu/libz.so.1.2.8
7fc7da538000-7fc7da549000 r-xp 00000000 08:06 270559                     /usr/lib/x86_64-linux-gnu/libXext.so.6.4.0
7fc7da549000-7fc7da748000 ---p 00011000 08:06 270559                     /usr/lib/x86_64-linux-gnu/libXext.so.6.4.0
7fc7da748000-7fc7da749000 r--p 00010000 08:06 270559                     /usr/lib/x86_64-linux-gnu/libXext.so.6.4.0
7fc7da749000-7fc7da74a000 rw-p 00011000 08:06 270559                     /usr/lib/x86_64-linux-gnu/libXext.so.6.4.0
7fc7da750000-7fc7da752000 r-xp 00000000 08:06 270553                     /usr/lib/x86_64-linux-gnu/libXdamage.so.1.1.0
7fc7da752000-7fc7da951000 ---p 00002000 08:06 270553                     /usr/lib/x86_64-linux-gnu/libXdamage.so.1.1.0
7fc7da951000-7fc7da952000 r--p 00001000 08:06 270553                     /usr/lib/x86_64-linux-gnu/libXdamage.so.1.1.0
7fc7da952000-7fc7da953000 rw-p 00002000 08:06 270553                     /usr/lib/x86_64-linux-gnu/libXdamage.so.1.1.0
7fc7da958000-7fc7da95a000 r-xp 00000000 08:06 270549                     /usr/lib/x86_64-linux-gnu/libXcomposite.so.1.0.0
7fc7da95a000-7fc7dab59000 ---p 00002000 08:06 270549                     /usr/lib/x86_64-linux-gnu/libXcomposite.so.1.0.0
7fc7dab59000-7fc7dab5a000 r--p 00001000 08:06 270549                     /usr/lib/x86_64-linux-gnu/libXcomposite.so.1.0.0
7fc7dab5a000-7fc7dab5b000 rw-p 00002000 08:06 270549                     /usr/lib/x86_64-linux-gnu/libXcomposite.so.1.0.0
7fc7dab60000-7fc7dab69000 r-xp 00000000 08:06 270551                     /usr/lib/x86_64-linux-gnu/libXcursor.so.1.0.2
7fc7dab69000-7fc7dad68000 ---p 00009000 08:06 270551                     /usr/lib/x86_64-linux-gnu/libXcursor.so.1.0.2
7fc7dad68000-7fc7dad69000 r--p 00008000 08:06 270551                     /usr/lib/x86_64-linux-gnu/libXcursor.so.1.0.2
7fc7dad69000-7fc7dad6a000 rw-p 00009000 08:06 270551                     /usr/lib/x86_64-linux-gnu/libXcursor.so.1.0.2
7fc7dad70000-7fc7dad79000 r-xp 00000000 08:06 270579                     /usr/lib/x86_64-linux-gnu/libXrandr.so.2.2.0
7fc7dad79000-7fc7daf78000 ---p 00009000 08:06 270579                     /usr/lib/x86_64-linux-gnu/libXrandr.so.2.2.0
7fc7daf78000-7fc7daf79000 r--p 00008000 08:06 270579                     /usr/lib/x86_64-linux-gnu/libXrandr.so.2.2.0
7fc7daf79000-7fc7daf7a000 rw-p 00009000 08:06 270579                     /usr/lib/x86_64-linux-gnu/libXrandr.so.2.2.0
7fc7daf80000-7fc7daf8f000 r-xp 00000000 08:06 270567                     /usr/lib/x86_64-linux-gnu/libXi.so.6.1.0
7fc7daf8f000-7fc7db18e000 ---p 0000f000 08:06 270567                     /usr/lib/x86_64-linux-gnu/libXi.so.6.1.0
7fc7db18e000-7fc7db18f000 r--p 0000e000 08:06 270567                     /usr/lib/x86_64-linux-gnu/libXi.so.6.1.0
7fc7db18f000-7fc7db190000 rw-p 0000f000 08:06 270567                     /usr/lib/x86_64-linux-gnu/libXi.so.6.1.0
7fc7db190000-7fc7db192000 r-xp 00000000 08:06 270569                     /usr/lib/x86_64-linux-gnu/libXinerama.so.1.0.0
7fc7db192000-7fc7db391000 ---p 00002000 08:06 270569                     /usr/lib/x86_64-linux-gnu/libXinerama.so.1.0.0
7fc7db391000-7fc7db392000 r--p 00001000 08:06 270569                     /usr/lib/x86_64-linux-gnu/libXinerama.so.1.0.0
7fc7db392000-7fc7db393000 rw-p 00002000 08:06 270569                     /usr/lib/x86_64-linux-gnu/libXinerama.so.1.0.0
7fc7db398000-7fc7db3a1000 r-xp 00000000 08:06 270581                     /usr/lib/x86_64-linux-gnu/libXrender.so.1.3.0
7fc7db3a1000-7fc7db5a0000 ---p 00009000 08:06 270581                     /usr/lib/x86_64-linux-gnu/libXrender.so.1.3.0
7fc7db5a0000-7fc7db5a1000 r--p 00008000 08:06 270581                     /usr/lib/x86_64-linux-gnu/libXrender.so.1.3.0
7fc7db5a1000-7fc7db5a2000 rw-p 00009000 08:06 270581                     /usr/lib/x86_64-linux-gnu/libXrender.so.1.3.0
7fc7db5a8000-7fc7db5ad000 r-xp 00000000 08:06 270561                     /usr/lib/x86_64-linux-gnu/libXfixes.so.3.1.0
7fc7db5ad000-7fc7db7ac000 ---p 00005000 08:06 270561                     /usr/lib/x86_64-linux-gnu/libXfixes.so.3.1.0
7fc7db7ac000-7fc7db7ad000 r--p 00004000 08:06 270561                     /usr/lib/x86_64-linux-gnu/libXfixes.so.3.1.0
7fc7db7ad000-7fc7db7ae000 rw-p 00005000 08:06 270561                     /usr/lib/x86_64-linux-gnu/libXfixes.so.3.1.0
7fc7db7b0000-7fc7db7c6000 r-xp 00000000 08:06 11273328                   /lib/x86_64-linux-gnu/libgcc_s.so.1
7fc7db7c6000-7fc7db9c5000 ---p 00016000 08:06 11273328                   /lib/x86_64-linux-gnu/libgcc_s.so.1
7fc7db9c5000-7fc7db9c6000 rw-p 00015000 08:06 11273328                   /lib/x86_64-linux-gnu/libgcc_s.so.1
7fc7db9c8000-7fc7dbaae000 r-xp 00000000 08:06 262560                     /usr/lib/x86_64-linux-gnu/libstdc++.so.6.0.19
7fc7dbaae000-7fc7dbcad000 ---p 000e6000 08:06 262560                     /usr/lib/x86_64-linux-gnu/libstdc++.so.6.0.19
7fc7dbcad000-7fc7dbcb5000 r--p 000e5000 08:06 262560                     /usr/lib/x86_64-linux-gnu/libstdc++.so.6.0.19
7fc7dbcb5000-7fc7dbcb7000 rw-p 000ed000 08:06 262560                     /usr/lib/x86_64-linux-gnu/libstdc++.so.6.0.19
7fc7dbcb7000-7fc7dbccc000 rw-p 00000000 00:00 0 
7fc7dbcd0000-7fc7dbd8e000 r-xp 00000000 08:06 921224                     /usr/lib/nvidia-352/libGL.so.352.63
7fc7dbd8e000-7fc7dbdc1000 rwxp 000be000 08:06 921224                     /usr/lib/nvidia-352/libGL.so.352.63
7fc7dbdc1000-7fc7dbdd3000 r-xp 000f1000 08:06 921224                     /usr/lib/nvidia-352/libGL.so.352.63
7fc7dbdd3000-7fc7dbfd2000 ---p 00103000 08:06 921224                     /usr/lib/nvidia-352/libGL.so.352.63
7fc7dbfd2000-7fc7dbffa000 rw-p 00102000 08:06 921224                     /usr/lib/nvidia-352/libGL.so.352.63
7fc7dbffa000-7fc7dc000000 rw-p 00000000 00:00 0 
7fc7dc000000-7fc7dc021000 rw-p 00000000 00:00 0 
7fc7dc021000-7fc7e0000000 ---p 00000000 00:00 0 
7fc7e0000000-7fc7e0021000 rw-p 00000000 00:00 0 
7fc7e0021000-7fc7e4000000 ---p 00000000 00:00 0 
7fc7e4000000-7fc7e46a2000 rw-p 00000000 00:00 0 
7fc7e46a2000-7fc7e8000000 ---p 00000000 00:00 0 
7fc7e8000000-7fc7e851a000 rw-p 00000000 00:00 0 
7fc7e851a000-7fc7ec000000 ---p 00000000 00:00 0 
7fc7ec000000-7fc7ec021000 rw-p 00000000 00:00 0 
7fc7ec021000-7fc7f0000000 ---p 00000000 00:00 0 
7fc7f0000000-7fc7f0021000 rw-p 00000000 00:00 0 
7fc7f0021000-7fc7f4000000 ---p 00000000 00:00 0 
7fc7f4000000-7fc7f4021000 rw-p 00000000 00:00 0 
7fc7f4021000-7fc7f8000000 ---p 00000000 00:00 0 
7fc7f8000000-7fc7f8001000 r--s 00000000 08:06 3801389                    /var/cache/fontconfig/0c9eb80ebd1c36541ebe2852d3bb0c49-le64.cache-4
7fc7f8008000-7fc7f8028000 rw-s c0320000 00:06 12148                      /dev/nvidia0
7fc7f8028000-7fc7f802c000 r-xp 00000000 08:06 270597                     /usr/lib/x86_64-linux-gnu/libXxf86vm.so.1.0.0
7fc7f802c000-7fc7f822c000 ---p 00004000 08:06 270597                     /usr/lib/x86_64-linux-gnu/libXxf86vm.so.1.0.0
7fc7f822c000-7fc7f822d000 r--p 00004000 08:06 270597                     /usr/lib/x86_64-linux-gnu/libXxf86vm.so.1.0.0
7fc7f822d000-7fc7f822e000 rw-p 00005000 08:06 270597                     /usr/lib/x86_64-linux-gnu/libXxf86vm.so.1.0.0
7fc7f8230000-7fc7f8360000 r-xp 00000000 08:06 270538                     /usr/lib/x86_64-linux-gnu/libX11.so.6.3.0
7fc7f8360000-7fc7f8560000 ---p 00130000 08:06 270538                     /usr/lib/x86_64-linux-gnu/libX11.so.6.3.0
7fc7f8560000-7fc7f8561000 r--p 00130000 08:06 270538                     /usr/lib/x86_64-linux-gnu/libX11.so.6.3.0
7fc7f8561000-7fc7f8565000 rw-p 00131000 08:06 270538                     /usr/lib/x86_64-linux-gnu/libX11.so.6.3.0
7fc7f8568000-7fc7f856d000 r-xp 00000000 08:06 270587                     /usr/lib/x86_64-linux-gnu/libXtst.so.6.1.0
7fc7f856d000-7fc7f876c000 ---p 00005000 08:06 270587                     /usr/lib/x86_64-linux-gnu/libXtst.so.6.1.0
7fc7f876c000-7fc7f876d000 r--p 00004000 08:06 270587                     /usr/lib/x86_64-linux-gnu/libXtst.so.6.1.0
7fc7f876d000-7fc7f876e000 rw-p 00005000 08:06 270587                     /usr/lib/x86_64-linux-gnu/libXtst.so.6.1.0
7fc7f8770000-7fc7f8876000 r-xp 00000000 08:06 11276559                   /lib/x86_64-linux-gnu/libglib-2.0.so.0.4002.0
7fc7f8876000-7fc7f8a75000 ---p 00106000 08:06 11276559                   /lib/x86_64-linux-gnu/libglib-2.0.so.0.4002.0
7fc7f8a75000-7fc7f8a76000 r--p 00105000 08:06 11276559                   /lib/x86_64-linux-gnu/libglib-2.0.so.0.4002.0
7fc7f8a76000-7fc7f8a77000 rw-p 00106000 08:06 11276559                   /lib/x86_64-linux-gnu/libglib-2.0.so.0.4002.0
7fc7f8a77000-7fc7f8a78000 rw-p 00000000 00:00 0 
7fc7f8a78000-7fc7f8a79000 r-xp 00000000 08:06 271159                     /usr/lib/x86_64-linux-gnu/libgthread-2.0.so.0.4002.0
7fc7f8a79000-7fc7f8c78000 ---p 00001000 08:06 271159                     /usr/lib/x86_64-linux-gnu/libgthread-2.0.so.0.4002.0
7fc7f8c78000-7fc7f8c79000 r--p 00000000 08:06 271159                     /usr/lib/x86_64-linux-gnu/libgthread-2.0.so.0.4002.0
7fc7f8c79000-7fc7f8c7a000 rw-p 00001000 08:06 271159                     /usr/lib/x86_64-linux-gnu/libgthread-2.0.so.0.4002.0
7fc7f8c80000-7fc7f8c83000 r-xp 00000000 08:06 271015                     /usr/lib/x86_64-linux-gnu/libgmodule-2.0.so.0.4002.0
7fc7f8c83000-7fc7f8e82000 ---p 00003000 08:06 271015                     /usr/lib/x86_64-linux-gnu/libgmodule-2.0.so.0.4002.0
7fc7f8e82000-7fc7f8e83000 r--p 00002000 08:06 271015                     /usr/lib/x86_64-linux-gnu/libgmodule-2.0.so.0.4002.0
7fc7f8e83000-7fc7f8e84000 rw-p 00003000 08:06 271015                     /usr/lib/x86_64-linux-gnu/libgmodule-2.0.so.0.4002.0
7fc7f8e88000-7fc7f8ed7000 r-xp 00000000 08:06 271039                     /usr/lib/x86_64-linux-gnu/libgobject-2.0.so.0.4002.0
7fc7f8ed7000-7fc7f90d7000 ---p 0004f000 08:06 271039                     /usr/lib/x86_64-linux-gnu/libgobject-2.0.so.0.4002.0
7fc7f90d7000-7fc7f90d8000 r--p 0004f000 08:06 271039                     /usr/lib/x86_64-linux-gnu/libgobject-2.0.so.0.4002.0
7fc7f90d8000-7fc7f90d9000 rw-p 00050000 08:06 271039                     /usr/lib/x86_64-linux-gnu/libgobject-2.0.so.0.4002.0
7fc7f90e0000-7fc7f911a000 r-xp 00000000 08:06 270920                     /usr/lib/x86_64-linux-gnu/libfontconfig.so.1.8.0
7fc7f911a000-7fc7f9319000 ---p 0003a000 08:06 270920                     /usr/lib/x86_64-linux-gnu/libfontconfig.so.1.8.0
7fc7f9319000-7fc7f931b000 r--p 00039000 08:06 270920                     /usr/lib/x86_64-linux-gnu/libfontconfig.so.1.8.0
7fc7f931b000-7fc7f931c000 rw-p 0003b000 08:06 270920                     /usr/lib/x86_64-linux-gnu/libfontconfig.so.1.8.0
7fc7f9320000-7fc7f93bd000 r-xp 00000000 08:06 270946                     /usr/lib/x86_64-linux-gnu/libfreetype.so.6.11.1
7fc7f93bd000-7fc7f95bc000 ---p 0009d000 08:06 270946                     /usr/lib/x86_64-linux-gnu/libfreetype.so.6.11.1
7fc7f95bc000-7fc7f95c2000 r--p 0009c000 08:06 270946                     /usr/lib/x86_64-linux-gnu/libfreetype.so.6.11.1
7fc7f95c2000-7fc7f95c3000 rw-p 000a2000 08:06 270946                     /usr/lib/x86_64-linux-gnu/libfreetype.so.6.11.1
7fc7f95c8000-7fc7f9612000 r-xp 00000000 08:06 271463                     /usr/lib/x86_64-linux-gnu/libpango-1.0.so.0.3600.3
7fc7f9612000-7fc7f9812000 ---p 0004a000 08:06 271463                     /usr/lib/x86_64-linux-gnu/libpango-1.0.so.0.3600.3
7fc7f9812000-7fc7f9814000 r--p 0004a000 08:06 271463                     /usr/lib/x86_64-linux-gnu/libpango-1.0.so.0.3600.3
7fc7f9814000-7fc7f9815000 rw-p 0004c000 08:06 271463                     /usr/lib/x86_64-linux-gnu/libpango-1.0.so.0.3600.3
7fc7f9818000-7fc7f991e000 r-xp 00000000 08:06 270702                     /usr/lib/x86_64-linux-gnu/libcairo.so.2.11301.0
7fc7f991e000-7fc7f9b1d000 ---p 00106000 08:06 270702                     /usr/lib/x86_64-linux-gnu/libcairo.so.2.11301.0
7fc7f9b1d000-7fc7f9b20000 r--p 00105000 08:06 270702                     /usr/lib/x86_64-linux-gnu/libcairo.so.2.11301.0
7fc7f9b20000-7fc7f9b21000 rw-p 00108000 08:06 270702                     /usr/lib/x86_64-linux-gnu/libcairo.so.2.11301.0
7fc7f9b21000-7fc7f9b23000 rw-p 00000000 00:00 0 
7fc7f9b28000-7fc7f9b33000 r-xp 00000000 08:06 271465                     /usr/lib/x86_64-linux-gnu/libpangocairo-1.0.so.0.3600.3
7fc7f9b33000-7fc7f9d33000 ---p 0000b000 08:06 271465                     /usr/lib/x86_64-linux-gnu/libpangocairo-1.0.so.0.3600.3
7fc7f9d33000-7fc7f9d34000 r--p 0000b000 08:06 271465                     /usr/lib/x86_64-linux-gnu/libpangocairo-1.0.so.0.3600.3
7fc7f9d34000-7fc7f9d35000 rw-p 0000c000 08:06 271465                     /usr/lib/x86_64-linux-gnu/libpangocairo-1.0.so.0.3600.3
7fc7f9d38000-7fc7f9d58000 r-xp 00000000 08:06 270979                     /usr/lib/x86_64-linux-gnu/libgdk_pixbuf-2.0.so.0.3000.7
7fc7f9d58000-7fc7f9f57000 ---p 00020000 08:06 270979                     /usr/lib/x86_64-linux-gnu/libgdk_pixbuf-2.0.so.0.3000.7
7fc7f9f57000-7fc7f9f58000 r--p 0001f000 08:06 270979                     /usr/lib/x86_64-linux-gnu/libgdk_pixbuf-2.0.so.0.3000.7
7fc7f9f58000-7fc7f9f59000 rw-p 00020000 08:06 270979                     /usr/lib/x86_64-linux-gnu/libgdk_pixbuf-2.0.so.0.3000.7
7fc7f9f60000-7fc7f9f74000 r-xp 00000000 08:06 271467                     /usr/lib/x86_64-linux-gnu/libpangoft2-1.0.so.0.3600.3
7fc7f9f74000-7fc7fa173000 ---p 00014000 08:06 271467                     /usr/lib/x86_64-linux-gnu/libpangoft2-1.0.so.0.3600.3
7fc7fa173000-7fc7fa174000 r--p 00013000 08:06 271467                     /usr/lib/x86_64-linux-gnu/libpangoft2-1.0.so.0.3600.3
7fc7fa174000-7fc7fa175000 rw-p 00014000 08:06 271467                     /usr/lib/x86_64-linux-gnu/libpangoft2-1.0.so.0.3600.3
7fc7fa178000-7fc7fa2e4000 r-xp 00000000 08:06 271001                     /usr/lib/x86_64-linux-gnu/libgio-2.0.so.0.4002.0
7fc7fa2e4000-7fc7fa4e3000 ---p 0016c000 08:06 271001                     /usr/lib/x86_64-linux-gnu/libgio-2.0.so.0.4002.0
7fc7fa4e3000-7fc7fa4e7000 r--p 0016b000 08:06 271001                     /usr/lib/x86_64-linux-gnu/libgio-2.0.so.0.4002.0
7fc7fa4e7000-7fc7fa4e9000 rw-p 0016f000 08:06 271001                     /usr/lib/x86_64-linux-gnu/libgio-2.0.so.0.4002.0
7fc7fa4e9000-7fc7fa4eb000 rw-p 00000000 00:00 0 
7fc7fa4f0000-7fc7fa50f000 r-xp 00000000 08:06 270646                     /usr/lib/x86_64-linux-gnu/libatk-1.0.so.0.21009.1
7fc7fa50f000-7fc7fa70f000 ---p 0001f000 08:06 270646                     /usr/lib/x86_64-linux-gnu/libatk-1.0.so.0.21009.1
7fc7fa70f000-7fc7fa711000 r--p 0001f000 08:06 270646                     /usr/lib/x86_64-linux-gnu/libatk-1.0.so.0.21009.1
7fc7fa711000-7fc7fa712000 rw-p 00021000 08:06 270646                     /usr/lib/x86_64-linux-gnu/libatk-1.0.so.0.21009.1
7fc7fa718000-7fc7fa7c5000 r-xp 00000000 08:06 262704                     /usr/lib/x86_64-linux-gnu/libgdk-x11-2.0.so.0.2400.23
7fc7fa7c5000-7fc7fa9c5000 ---p 000ad000 08:06 262704                     /usr/lib/x86_64-linux-gnu/libgdk-x11-2.0.so.0.2400.23
7fc7fa9c5000-7fc7fa9c9000 r--p 000ad000 08:06 262704                     /usr/lib/x86_64-linux-gnu/libgdk-x11-2.0.so.0.2400.23
7fc7fa9c9000-7fc7fa9cb000 rw-p 000b1000 08:06 262704                     /usr/lib/x86_64-linux-gnu/libgdk-x11-2.0.so.0.2400.23
7fc7fa9d0000-7fc7fae00000 r-xp 00000000 08:06 265442                     /usr/lib/x86_64-linux-gnu/libgtk-x11-2.0.so.0.2400.23
7fc7fae00000-7fc7fafff000 ---p 00430000 08:06 265442                     /usr/lib/x86_64-linux-gnu/libgtk-x11-2.0.so.0.2400.23
7fc7fafff000-7fc7fb006000 r--p 0042f000 08:06 265442                     /usr/lib/x86_64-linux-gnu/libgtk-x11-2.0.so.0.2400.23
7fc7fb006000-7fc7fb00a000 rw-p 00436000 08:06 265442                     /usr/lib/x86_64-linux-gnu/libgtk-x11-2.0.so.0.2400.23
7fc7fb00a000-7fc7fb00d000 rw-p 00000000 00:00 0 
7fc7fb010000-7fc7fb01c000 r-xp 00000000 08:06 10486192                   /usr/lib/jvm/jdk1.8.0_111/jre/lib/amd64/libprism_es2.so
7fc7fb01c000-7fc7fb21b000 ---p 0000c000 08:06 10486192                   /usr/lib/jvm/jdk1.8.0_111/jre/lib/amd64/libprism_es2.so
7fc7fb21b000-7fc7fb21c000 rw-p 0000b000 08:06 10486192                   /usr/lib/jvm/jdk1.8.0_111/jre/lib/amd64/libprism_es2.so
7fc7fb222000-7fc7fb225000 ---p 00000000 00:00 0 
7fc7fb225000-7fc7fb323000 rw-p 00000000 00:00 0                          [stack:30865]
7fc7fb323000-7fc7fb3b9000 r--s 01103000 08:06 10486256                   /usr/lib/jvm/jdk1.8.0_111/jre/lib/ext/jfxrt.jar
7fc7fb3bb000-7fc7fb3bc000 ---p 00000000 00:00 0 
7fc7fb3bc000-7fc7fb4bc000 rw-p 00000000 00:00 0                          [stack:30863]
7fc7fb4bc000-7fc7fb4bf000 ---p 00000000 00:00 0 
7fc7fb4bf000-7fc7fb5bd000 rw-p 00000000 00:00 0                          [stack:30862]
7fc7fb5bd000-7fc7fb5c0000 ---p 00000000 00:00 0 
7fc7fb5c0000-7fc7fb6be000 rw-p 00000000 00:00 0                          [stack:30861]
7fc7fb6be000-7fc7fb6c1000 ---p 00000000 00:00 0 
7fc7fb6c1000-7fc7fb7bf000 rw-p 00000000 00:00 0                          [stack:30860]
7fc7fb7bf000-7fc7fb7c2000 ---p 00000000 00:00 0 
7fc7fb7c2000-7fc7fb8c0000 rw-p 00000000 00:00 0                          [stack:30859]
7fc7fb8c0000-7fc7fbdfe000 r--p 00000000 08:06 269140                     /usr/lib/locale/locale-archive
7fc7fbdfe000-7fc7fbe01000 ---p 00000000 00:00 0 
7fc7fbe01000-7fc7fbeff000 rw-p 00000000 00:00 0                          [stack:30858]
7fc7fbeff000-7fc7fbf02000 ---p 00000000 00:00 0 
7fc7fbf02000-7fc7fc000000 rw-p 00000000 00:00 0                          [stack:30857]
7fc7fc000000-7fc7fc021000 rw-p 00000000 00:00 0 
7fc7fc021000-7fc800000000 ---p 00000000 00:00 0 
7fc800000000-7fc800021000 rw-p 00000000 00:00 0 
7fc800021000-7fc804000000 ---p 00000000 00:00 0 
7fc804000000-7fc804021000 rw-p 00000000 00:00 0 
7fc804021000-7fc808000000 ---p 00000000 00:00 0 
7fc808002000-7fc808005000 r--s 0003a000 08:06 10619926                   /home/xmbeat/NetBeansProjects/FingerprintLogin/dist/run2060989083/lib/mysql-connector-java-3.0.17-ga-bin.jar
7fc80800b000-7fc80804b000 rw-s 17895b000 00:06 12147                     /dev/nvidiactl
7fc808050000-7fc808070000 rw-s 178918000 00:06 12147                     /dev/nvidiactl
7fc808076000-7fc808077000 ---p 00000000 00:00 0 
7fc808077000-7fc80d000000 rw-p 00000000 00:00 0                          [stack:30856]
7fc80d000000-7fc80d880000 rwxp 00000000 00:00 0 
7fc80d880000-7fc81c000000 ---p 00000000 00:00 0 
7fc81c000000-7fc81c4f5000 rw-p 00000000 00:00 0 
7fc81c4f5000-7fc820000000 ---p 00000000 00:00 0 
7fc820007000-7fc820047000 rw-s 186f47000 00:06 12147                     /dev/nvidiactl
7fc82004b000-7fc82009a000 rw-p 00000000 00:00 0 
7fc82009a000-7fc820272000 r--s 03d2a000 08:06 10486172                   /usr/lib/jvm/jdk1.8.0_111/jre/lib/rt.jar
7fc820277000-7fc8206c5000 rw-p 00000000 00:00 0 
7fc8206c5000-7fc8206c6000 ---p 00000000 00:00 0 
7fc8206c6000-7fc8207c6000 rw-p 00000000 00:00 0                          [stack:30855]
7fc8207c6000-7fc8207c7000 ---p 00000000 00:00 0 
7fc8207c7000-7fc8208ea000 rw-p 00000000 00:00 0                          [stack:30854]
7fc8208ea000-7fc820b57000 ---p 00000000 00:00 0 
7fc820b57000-7fc820b7a000 rw-p 00000000 00:00 0 
7fc820b7a000-7fc820de7000 ---p 00000000 00:00 0 
7fc820de7000-7fc820dfc000 rw-p 00000000 00:00 0 
7fc820dfc000-7fc820f2f000 ---p 00000000 00:00 0 
7fc820f2f000-7fc820f52000 rw-p 00000000 00:00 0 
7fc820f52000-7fc8212f0000 ---p 00000000 00:00 0 
7fc8212f0000-7fc82130a000 r-xp 00000000 08:06 10486203                   /usr/lib/jvm/jdk1.8.0_111/jre/lib/amd64/libzip.so
7fc82130a000-7fc82150a000 ---p 0001a000 08:06 10486203                   /usr/lib/jvm/jdk1.8.0_111/jre/lib/amd64/libzip.so
7fc82150a000-7fc82150b000 rw-p 0001a000 08:06 10486203                   /usr/lib/jvm/jdk1.8.0_111/jre/lib/amd64/libzip.so
7fc821510000-7fc82151b000 r-xp 00000000 08:06 11273355                   /lib/x86_64-linux-gnu/libnss_files-2.19.so
7fc82151b000-7fc82171a000 ---p 0000b000 08:06 11273355                   /lib/x86_64-linux-gnu/libnss_files-2.19.so
7fc82171a000-7fc82171b000 r--p 0000a000 08:06 11273355                   /lib/x86_64-linux-gnu/libnss_files-2.19.so
7fc82171b000-7fc82171c000 rw-p 0000b000 08:06 11273355                   /lib/x86_64-linux-gnu/libnss_files-2.19.so
7fc821720000-7fc82172b000 r-xp 00000000 08:06 11273318                   /lib/x86_64-linux-gnu/libnss_nis-2.19.so
7fc82172b000-7fc82192a000 ---p 0000b000 08:06 11273318                   /lib/x86_64-linux-gnu/libnss_nis-2.19.so
7fc82192a000-7fc82192b000 r--p 0000a000 08:06 11273318                   /lib/x86_64-linux-gnu/libnss_nis-2.19.so
7fc82192b000-7fc82192c000 rw-p 0000b000 08:06 11273318                   /lib/x86_64-linux-gnu/libnss_nis-2.19.so
7fc821930000-7fc821947000 r-xp 00000000 08:06 11273308                   /lib/x86_64-linux-gnu/libnsl-2.19.so
7fc821947000-7fc821b46000 ---p 00017000 08:06 11273308                   /lib/x86_64-linux-gnu/libnsl-2.19.so
7fc821b46000-7fc821b47000 r--p 00016000 08:06 11273308                   /lib/x86_64-linux-gnu/libnsl-2.19.so
7fc821b47000-7fc821b48000 rw-p 00017000 08:06 11273308                   /lib/x86_64-linux-gnu/libnsl-2.19.so
7fc821b48000-7fc821b4a000 rw-p 00000000 00:00 0 
7fc821b50000-7fc821b59000 r-xp 00000000 08:06 11273302                   /lib/x86_64-linux-gnu/libnss_compat-2.19.so
7fc821b59000-7fc821d58000 ---p 00009000 08:06 11273302                   /lib/x86_64-linux-gnu/libnss_compat-2.19.so
7fc821d58000-7fc821d59000 r--p 00008000 08:06 11273302                   /lib/x86_64-linux-gnu/libnss_compat-2.19.so
7fc821d59000-7fc821d5a000 rw-p 00009000 08:06 11273302                   /lib/x86_64-linux-gnu/libnss_compat-2.19.so
7fc821d60000-7fc821d8b000 r-xp 00000000 08:06 10486230                   /usr/lib/jvm/jdk1.8.0_111/jre/lib/amd64/libjava.so
7fc821d8b000-7fc821f8a000 ---p 0002b000 08:06 10486230                   /usr/lib/jvm/jdk1.8.0_111/jre/lib/amd64/libjava.so
7fc821f8a000-7fc821f8c000 rw-p 0002a000 08:06 10486230                   /usr/lib/jvm/jdk1.8.0_111/jre/lib/amd64/libjava.so
7fc821f90000-7fc821f9d000 r-xp 00000000 08:06 10486181                   /usr/lib/jvm/jdk1.8.0_111/jre/lib/amd64/libverify.so
7fc821f9d000-7fc82219c000 ---p 0000d000 08:06 10486181                   /usr/lib/jvm/jdk1.8.0_111/jre/lib/amd64/libverify.so
7fc82219c000-7fc82219e000 rw-p 0000c000 08:06 10486181                   /usr/lib/jvm/jdk1.8.0_111/jre/lib/amd64/libverify.so
7fc8221a0000-7fc8221a7000 r-xp 00000000 08:06 11273343                   /lib/x86_64-linux-gnu/librt-2.19.so
7fc8221a7000-7fc8223a6000 ---p 00007000 08:06 11273343                   /lib/x86_64-linux-gnu/librt-2.19.so
7fc8223a6000-7fc8223a7000 r--p 00006000 08:06 11273343                   /lib/x86_64-linux-gnu/librt-2.19.so
7fc8223a7000-7fc8223a8000 rw-p 00007000 08:06 11273343                   /lib/x86_64-linux-gnu/librt-2.19.so
7fc8223a8000-7fc8224ad000 r-xp 00000000 08:06 11273293                   /lib/x86_64-linux-gnu/libm-2.19.so
7fc8224ad000-7fc8226ac000 ---p 00105000 08:06 11273293                   /lib/x86_64-linux-gnu/libm-2.19.so
7fc8226ac000-7fc8226ad000 r--p 00104000 08:06 11273293                   /lib/x86_64-linux-gnu/libm-2.19.so
7fc8226ad000-7fc8226ae000 rw-p 00105000 08:06 11273293                   /lib/x86_64-linux-gnu/libm-2.19.so
7fc8226b0000-7fc82337d000 r-xp 00000000 08:06 10486234                   /usr/lib/jvm/jdk1.8.0_111/jre/lib/amd64/server/libjvm.so
7fc82337d000-7fc82357c000 ---p 00ccd000 08:06 10486234                   /usr/lib/jvm/jdk1.8.0_111/jre/lib/amd64/server/libjvm.so
7fc82357c000-7fc823655000 rw-p 00ccc000 08:06 10486234                   /usr/lib/jvm/jdk1.8.0_111/jre/lib/amd64/server/libjvm.so
7fc823655000-7fc8236a0000 rw-p 00000000 00:00 0 
7fc8236a0000-7fc82385b000 r-xp 00000000 08:06 11273344                   /lib/x86_64-linux-gnu/libc-2.19.so
7fc82385b000-7fc823a5a000 ---p 001bb000 08:06 11273344                   /lib/x86_64-linux-gnu/libc-2.19.so
7fc823a5a000-7fc823a5e000 r--p 001ba000 08:06 11273344                   /lib/x86_64-linux-gnu/libc-2.19.so
7fc823a5e000-7fc823a60000 rw-p 001be000 08:06 11273344                   /lib/x86_64-linux-gnu/libc-2.19.so
7fc823a60000-7fc823a65000 rw-p 00000000 00:00 0 
7fc823a68000-7fc823a6b000 r-xp 00000000 08:06 11273295                   /lib/x86_64-linux-gnu/libdl-2.19.so
7fc823a6b000-7fc823c6a000 ---p 00003000 08:06 11273295                   /lib/x86_64-linux-gnu/libdl-2.19.so
7fc823c6a000-7fc823c6b000 r--p 00002000 08:06 11273295                   /lib/x86_64-linux-gnu/libdl-2.19.so
7fc823c6b000-7fc823c6c000 rw-p 00003000 08:06 11273295                   /lib/x86_64-linux-gnu/libdl-2.19.so
7fc823c70000-7fc823c85000 r-xp 00000000 08:06 10486219                   /usr/lib/jvm/jdk1.8.0_111/jre/lib/amd64/jli/libjli.so
7fc823c85000-7fc823e85000 ---p 00015000 08:06 10486219                   /usr/lib/jvm/jdk1.8.0_111/jre/lib/amd64/jli/libjli.so
7fc823e85000-7fc823e86000 rw-p 00015000 08:06 10486219                   /usr/lib/jvm/jdk1.8.0_111/jre/lib/amd64/jli/libjli.so
7fc823e88000-7fc823ea1000 r-xp 00000000 08:06 11273309                   /lib/x86_64-linux-gnu/libpthread-2.19.so
7fc823ea1000-7fc8240a0000 ---p 00019000 08:06 11273309                   /lib/x86_64-linux-gnu/libpthread-2.19.so
7fc8240a0000-7fc8240a1000 r--p 00018000 08:06 11273309                   /lib/x86_64-linux-gnu/libpthread-2.19.so
7fc8240a1000-7fc8240a2000 rw-p 00019000 08:06 11273309                   /lib/x86_64-linux-gnu/libpthread-2.19.so
7fc8240a2000-7fc8240a6000 rw-p 00000000 00:00 0 
7fc8240a8000-7fc8240cb000 r-xp 00000000 08:06 11273314                   /lib/x86_64-linux-gnu/ld-2.19.so
7fc8240d0000-7fc8240d2000 rw-s 00000000 08:06 131113                     /tmp/.gllUWhhk (deleted)
7fc8240d5000-7fc8240d6000 rw-s 1a3a25000 00:06 12147                     /dev/nvidiactl
7fc8240d7000-7fc8240db000 rw-s 1c347f000 00:06 12147                     /dev/nvidiactl
7fc8240e0000-7fc8240e1000 rw-s fd060000 00:06 12148                      /dev/nvidia0
7fc8240e6000-7fc8240e7000 rw-s cfee6000 00:06 12148                      /dev/nvidia0
7fc8240ee000-7fc8240ef000 rw-s cfee6000 00:06 12148                      /dev/nvidia0
7fc824119000-7fc82419b000 rw-p 00000000 00:00 0 
7fc82419b000-7fc82419e000 ---p 00000000 00:00 0 
7fc82419e000-7fc8242a0000 rw-p 00000000 00:00 0                          [stack:30851]
7fc8242a1000-7fc8242a2000 rw-s fd641000 00:06 12148                      /dev/nvidia0
7fc8242a9000-7fc8242aa000 rw-s 221909000 00:06 12147                     /dev/nvidiactl
7fc8242ad000-7fc8242ae000 rw-s 1efc7d000 00:06 12147                     /dev/nvidiactl
7fc8242b5000-7fc8242b7000 r--s 00025000 08:06 10619921                   /home/xmbeat/NetBeansProjects/FingerprintLogin/dist/run2060989083/FingerprintLogin.jar
7fc8242b8000-7fc8242c0000 rw-s 00000000 08:06 1185735                    /tmp/hsperfdata_xmbeat/30849
7fc8242c4000-7fc8242c7000 rw-p 00000000 00:00 0 
7fc8242c7000-7fc8242c8000 r--p 00000000 00:00 0 
7fc8242c8000-7fc8242ca000 rw-p 00000000 00:00 0 
7fc8242ca000-7fc8242cb000 r--p 00022000 08:06 11273314                   /lib/x86_64-linux-gnu/ld-2.19.so
7fc8242cb000-7fc8242cc000 rw-p 00023000 08:06 11273314                   /lib/x86_64-linux-gnu/ld-2.19.so
7fc8242cc000-7fc8242cd000 rw-p 00000000 00:00 0 
7ffd90ba2000-7ffd90bc3000 rw-p 00000000 00:00 0                          [stack]
7ffd90bf0000-7ffd90bf2000 r--p 00000000 00:00 0                          [vvar]
7ffd90bf2000-7ffd90bf4000 r-xp 00000000 00:00 0                          [vdso]
ffffffffff600000-ffffffffff601000 r-xp 00000000 00:00 0                  [vsyscall]

VM Arguments:
jvm_args: -Dfile.encoding=UTF-8 
java_command: /home/xmbeat/NetBeansProjects/FingerprintLogin/dist/run2060989083/FingerprintLogin.jar
java_class_path (initial): /home/xmbeat/NetBeansProjects/FingerprintLogin/dist/run2060989083/FingerprintLogin.jar
Launcher Type: SUN_STANDARD

Environment Variables:
PATH=/home/xmbeat/bin:/usr/local/sbin:/usr/local/bin:/usr/sbin:/usr/bin:/sbin:/bin:/usr/games:/usr/local/games
USERNAME=xmbeat
LD_LIBRARY_PATH=/usr/lib/jvm/jdk1.8.0_111/jre/lib/amd64:/usr/lib/jvm/jdk1.8.0_111/jre/lib/i386:
SHELL=/bin/bash
DISPLAY=:0

Signal Handlers:
SIGSEGV: [libjvm.so+0xac64b0], sa_mask[0]=11111111011111111101111111111110, sa_flags=SA_RESTART|SA_SIGINFO
SIGBUS: [libjvm.so+0xac64b0], sa_mask[0]=11111111011111111101111111111110, sa_flags=SA_RESTART|SA_SIGINFO
SIGFPE: [libjvm.so+0x91f950], sa_mask[0]=11111111011111111101111111111110, sa_flags=SA_RESTART|SA_SIGINFO
SIGPIPE: SIG_IGN, sa_mask[0]=00000000000000000000000000000000, sa_flags=none
SIGXFSZ: [libjvm.so+0x91f950], sa_mask[0]=11111111011111111101111111111110, sa_flags=SA_RESTART|SA_SIGINFO
SIGILL: [libjvm.so+0x91f950], sa_mask[0]=11111111011111111101111111111110, sa_flags=SA_RESTART|SA_SIGINFO
SIGUSR1: SIG_DFL, sa_mask[0]=00000000000000000000000000000000, sa_flags=none
SIGUSR2: [libjvm.so+0x920f80], sa_mask[0]=00100000000000000000000000000000, sa_flags=SA_RESTART|SA_SIGINFO
SIGHUP: [libjvm.so+0x922380], sa_mask[0]=11111111011111111101111111111110, sa_flags=SA_RESTART|SA_SIGINFO
SIGINT: SIG_IGN, sa_mask[0]=00000000000000000000000000000000, sa_flags=none
SIGTERM: [libjvm.so+0x922380], sa_mask[0]=11111111011111111101111111111110, sa_flags=SA_RESTART|SA_SIGINFO
SIGQUIT: [libjvm.so+0x922380], sa_mask[0]=11111111011111111101111111111110, sa_flags=SA_RESTART|SA_SIGINFO


---------------  S Y S T E M  ---------------

OS:DISTRIB_ID=LinuxMint
DISTRIB_RELEASE=17.3
DISTRIB_CODENAME=rosa
DISTRIB_DESCRIPTION="Linux Mint 17.3 Rosa"

uname:Linux 3.19.0-32-generic #37~14.04.1-Ubuntu SMP Thu Oct 22 09:41:40 UTC 2015 x86_64
libc:glibc 2.19 NPTL 2.19 
rlimit: STACK 8192k, CORE 0k, NPROC 31347, NOFILE 4096, AS infinity
load average:1.45 1.27 1.07

/proc/meminfo:
MemTotal:        8056656 kB
MemFree:         2549992 kB
MemAvailable:    4624656 kB
Buffers:          228160 kB
Cached:          2065304 kB
SwapCached:            0 kB
Active:          3689996 kB
Inactive:        1450156 kB
Active(anon):    2850220 kB
Inactive(anon):   122808 kB
Active(file):     839776 kB
Inactive(file):  1327348 kB
Unevictable:           0 kB
Mlocked:               0 kB
SwapTotal:       3998716 kB
SwapFree:        3998716 kB
Dirty:                52 kB
Writeback:             0 kB
AnonPages:       2846716 kB
Mapped:           653468 kB
Shmem:            126312 kB
Slab:             185220 kB
SReclaimable:     152948 kB
SUnreclaim:        32272 kB
KernelStack:        9408 kB
PageTables:        36320 kB
NFS_Unstable:          0 kB
Bounce:                0 kB
WritebackTmp:          0 kB
CommitLimit:     8027044 kB
Committed_AS:    6523904 kB
VmallocTotal:   34359738367 kB
VmallocUsed:      321148 kB
VmallocChunk:   34359405052 kB
HardwareCorrupted:     0 kB
AnonHugePages:   1591296 kB
CmaTotal:              0 kB
CmaFree:               0 kB
HugePages_Total:       0
HugePages_Free:        0
HugePages_Rsvd:        0
HugePages_Surp:        0
Hugepagesize:       2048 kB
DirectMap4k:      267700 kB
DirectMap2M:     7018496 kB
DirectMap1G:     1048576 kB


CPU:total 2 (2 cores per cpu, 1 threads per core) family 21 model 19 stepping 1, cmov, cx8, fxsr, mmx, sse, sse2, sse3, ssse3, sse4.1, sse4.2, popcnt, avx, aes, clmul, mmxext, 3dnowpref, lzcnt, sse4a, tsc, tscinvbit, tscinv, bmi1

/proc/cpuinfo:
processor	: 0
vendor_id	: AuthenticAMD
cpu family	: 21
model		: 19
model name	: AMD A4-4000 APU with Radeon(tm) HD Graphics
stepping	: 1
microcode	: 0x6001119
cpu MHz		: 3000.000
cache size	: 1024 KB
physical id	: 0
siblings	: 2
core id		: 0
cpu cores	: 1
apicid		: 16
initial apicid	: 0
fpu		: yes
fpu_exception	: yes
cpuid level	: 13
wp		: yes
flags		: fpu vme de pse tsc msr pae mce cx8 apic sep mtrr pge mca cmov pat pse36 clflush mmx fxsr sse sse2 ht syscall nx mmxext fxsr_opt pdpe1gb rdtscp lm constant_tsc rep_good nopl nonstop_tsc extd_apicid aperfmperf pni pclmulqdq monitor ssse3 fma cx16 sse4_1 sse4_2 popcnt aes xsave avx f16c lahf_lm cmp_legacy svm extapic cr8_legacy abm sse4a misalignsse 3dnowprefetch osvw ibs xop skinit wdt lwp fma4 tce nodeid_msr tbm topoext perfctr_core perfctr_nb arat cpb hw_pstate npt lbrv svm_lock nrip_save tsc_scale vmcb_clean flushbyasid decodeassists pausefilter pfthreshold vmmcall bmi1
bugs		: fxsave_leak
bogomips	: 5989.21
TLB size	: 1536 4K pages
clflush size	: 64
cache_alignment	: 64
address sizes	: 48 bits physical, 48 bits virtual
power management: ts ttp tm 100mhzsteps hwpstate cpb eff_freq_ro

processor	: 1
vendor_id	: AuthenticAMD
cpu family	: 21
model		: 19
model name	: AMD A4-4000 APU with Radeon(tm) HD Graphics    
stepping	: 1
microcode	: 0x6001119
cpu MHz		: 3000.000
cache size	: 1024 KB
physical id	: 0
siblings	: 2
core id		: 1
cpu cores	: 1
apicid		: 17
initial apicid	: 1
fpu		: yes
fpu_exception	: yes
cpuid level	: 13
wp		: yes
flags		: fpu vme de pse tsc msr pae mce cx8 apic sep mtrr pge mca cmov pat pse36 clflush mmx fxsr sse sse2 ht syscall nx mmxext fxsr_opt pdpe1gb rdtscp lm constant_tsc rep_good nopl nonstop_tsc extd_apicid aperfmperf pni pclmulqdq monitor ssse3 fma cx16 sse4_1 sse4_2 popcnt aes xsave avx f16c lahf_lm cmp_legacy svm extapic cr8_legacy abm sse4a misalignsse 3dnowprefetch osvw ibs xop skinit wdt lwp fma4 tce nodeid_msr tbm topoext perfctr_core perfctr_nb arat cpb hw_pstate npt lbrv svm_lock nrip_save tsc_scale vmcb_clean flushbyasid decodeassists pausefilter pfthreshold vmmcall bmi1
bugs		: fxsave_leak
bogomips	: 5989.21
TLB size	: 1536 4K pages
clflush size	: 64
cache_alignment	: 64
address sizes	: 48 bits physical, 48 bits virtual
power management: ts ttp tm 100mhzsteps hwpstate cpb eff_freq_ro



Memory: 4k page, physical 8056656k(2549992k free), swap 3998716k(3998716k free)

vm_info: Java HotSpot(TM) 64-Bit Server VM (25.111-b14) for linux-amd64 JRE (1.8.0_111-b14), built on Sep 22 2016 16:14:03 by "java_re" with gcc 4.3.0 20080428 (Red Hat 4.3.0-8)

time: Tue Dec  6 19:00:24 2016
elapsed time: 9 seconds (0d 0h 0m 9s)

