#
# A fatal error has been detected by the Java Runtime Environment:
#
#  SIGSEGV (0xb) at pc=0x00007f3c900001c8, pid=11925, tid=0x00007f3c8b28e700
#
# JRE version: Java(TM) SE Runtime Environment (8.0_111-b14) (build 1.8.0_111-b14)
# Java VM: Java HotSpot(TM) 64-Bit Server VM (25.111-b14 mixed mode linux-amd64 compressed oops)
# Problematic frame:
# C  0x00007f3c900001c8
#
# Failed to write core dump. Core dumps have been disabled. To enable core dumping, try "ulimit -c unlimited" before starting Java again
#
# If you would like to submit a bug report, please visit:
#   http://bugreport.java.com/bugreport/crash.jsp
# The crash happened outside the Java Virtual Machine in native code.
# See problematic frame for where to report the bug.
#

---------------  T H R E A D  ---------------

Current thread (0x00007f3c94017800):  JavaThread "Thread-4" daemon [_thread_in_native, id=12223, stack(0x00007f3c8b18e000,0x00007f3c8b28f000)]

siginfo: si_signo: 11 (SIGSEGV), si_code: 2 (SEGV_ACCERR), si_addr: 0x00007f3c900001c8

Registers:
RAX=0x00007f3c900001c8, RBX=0x00007f3c90153e70, RCX=0x00007f3c8cf163e8, RDX=0x00007f3c8cf16580
RSP=0x00007f3c8b28d588, RBP=0x00007f3c90000158, RSI=0x00007f3c8cf163f5, RDI=0x00007f3c90153e70
R8 =0x00007f3c8cf163e0, R9 =0x00000000000001eb, R10=0x00007f3c8b28d380, R11=0x00007f3c8ceecb50
R12=0x00007f3c903bdb60, R13=0x00007f3c9c4db166, R14=0x00007f3c8b28d6a8, R15=0x00007f3c94017800
RIP=0x00007f3c900001c8, EFLAGS=0x0000000000010202, CSGSFS=0x0000000000000033, ERR=0x0000000000000015
  TRAPNO=0x000000000000000e

Top of Stack: (sp=0x00007f3c8b28d588)
0x00007f3c8b28d588:   00007f3c8ceecbb6 00007f3c90153e70
0x00007f3c8b28d598:   00007f3cd8138ae8 00007f3c8b28d610
0x00007f3c8b28d5a8:   0000000000000000 00007f3cd8138ae8
0x00007f3c8b28d5b8:   00007f3c9c4dbcc2 00007f3c8b28d698
0x00007f3c8b28d5c8:   00007f3c8b28d6a0 00007f3c8b28d6a8
0x00007f3c8b28d5d8:   00007f3c940179f8 00007f3c8b28d620
0x00007f3c8b28d5e8:   00007f3c90138300 00007f3c90138308
0x00007f3c8b28d5f8:   0000000000000082 00007f3c90153e70
0x00007f3c8b28d608:   00007f3c903bdb60 00007f3c8b28d678
0x00007f3c8b28d618:   00007f3cdd0173f4 00007f3c8b28d678
0x00007f3c8b28d628:   00007f3cdd017187 00007f3cdd017142
0x00007f3c8b28d638:   00007f3c8b28d638 00007f3cd8138ae8
0x00007f3c8b28d648:   00007f3c8b28d6a8 00007f3cd813ab28
0x00007f3c8b28d658:   0000000000000000 00007f3cd8138ae8
0x00007f3c8b28d668:   0000000000000000 00007f3c8b28d6b0
0x00007f3c8b28d678:   00007f3c8b28d798 00007f3cddb9f70c
0x00007f3c8b28d688:   0000000000000000 00007f3cdd011536
0x00007f3c8b28d698:   00000000d7cf0100 00000000d749eea8
0x00007f3c8b28d6a8:   00000000d749eea8 00007f3c8b28d728
0x00007f3c8b28d6b8:   00000000d74a4068 00007f3cdd008040
0x00007f3c8b28d6c8:   00007f3cdd020558 00007f3c8b28d6d0
0x00007f3c8b28d6d8:   00007f3cddb9e550 00007f3c8b28d750
0x00007f3c8b28d6e8:   00007f3c9c745828 00007f3c9c746eb0
0x00007f3c8b28d6f8:   00007f3cd813d4b8 00000000d74a3e00
0x00007f3c8b28d708:   00000000d74a3e00 00000000d74a4068
0x00007f3c8b28d718:   00000000d7cf0100 0000000000000000
0x00007f3c8b28d728:   0000000000000003 00000000d74a4068
0x00007f3c8b28d738:   0000000000000000 00007f3c8b28d798
0x00007f3c8b28d748:   00007f3cdd008302 00000000d74a3e00
0x00007f3c8b28d758:   00007f3c8b28d758 00007f3cd7aaa94b
0x00007f3c8b28d768:   00007f3c8b28d7a8 00007f3cd7b31fd0
0x00007f3c8b28d778:   0000000000000000 00007f3cd7aaa958 

Instructions: (pc=0x00007f3c900001c8)
0x00007f3c900001a8:   98 01 00 90 3c 7f 00 00 98 01 00 90 3c 7f 00 00
0x00007f3c900001b8:   a8 01 00 90 3c 7f 00 00 a8 01 00 90 3c 7f 00 00
0x00007f3c900001c8:   b8 01 00 90 3c 7f 00 00 b8 01 00 90 3c 7f 00 00
0x00007f3c900001d8:   c8 01 00 90 3c 7f 00 00 c8 01 00 90 3c 7f 00 00 

Register to memory mapping:

RAX=0x00007f3c900001c8 is an unknown value
RBX=0x00007f3c90153e70 is an unknown value
RCX=0x00007f3c8cf163e8: <offset 0x363e8> in /usr/local/lib/libfprint.so.0 at 0x00007f3c8cee0000
RDX=0x00007f3c8cf16580: <offset 0x36580> in /usr/local/lib/libfprint.so.0 at 0x00007f3c8cee0000
RSP=0x00007f3c8b28d588 is pointing into the stack for thread: 0x00007f3c94017800
RBP=0x00007f3c90000158 is an unknown value
RSI=0x00007f3c8cf163f5: <offset 0x363f5> in /usr/local/lib/libfprint.so.0 at 0x00007f3c8cee0000
RDI=0x00007f3c90153e70 is an unknown value
R8 =0x00007f3c8cf163e0: <offset 0x363e0> in /usr/local/lib/libfprint.so.0 at 0x00007f3c8cee0000
R9 =0x00000000000001eb is an unknown value
R10=0x00007f3c8b28d380 is pointing into the stack for thread: 0x00007f3c94017800
R11=0x00007f3c8ceecb50: fp_async_capture_stop+0 in /usr/local/lib/libfprint.so.0 at 0x00007f3c8cee0000
R12=0x00007f3c903bdb60 is an unknown value
R13=0x00007f3c9c4db166: <offset 0x3166> in /tmp/libfingerprint2081847885034494630.so at 0x00007f3c9c4d8000
R14=0x00007f3c8b28d6a8 is pointing into the stack for thread: 0x00007f3c94017800
R15=0x00007f3c94017800 is a thread


Stack: [0x00007f3c8b18e000,0x00007f3c8b28f000],  sp=0x00007f3c8b28d588,  free space=1021k
Native frames: (J=compiled Java code, j=interpreted, Vv=VM code, C=native code)
C  0x00007f3c900001c8

Java frames: (J=compiled Java code, j=interpreted, Vv=VM code)
j  uaz.fingerprint.Reader.nativeStopCapture(Luaz/fingerprint/NativeReaderCallback;Ljava/lang/Object;)I+0
J 3800% C1 uaz.fingerprint.ReaderDispatcher.run()V (628 bytes) @ 0x00007f3cddb9f70c [0x00007f3cddb9e9a0+0xd6c]
j  java.lang.Thread.run()V+11
v  ~StubRoutines::call_stub

---------------  P R O C E S S  ---------------

Java Threads: ( => current thread )
  0x00007f3c9800a000 JavaThread "Thread-6" daemon [_thread_in_native, id=12338, stack(0x00007f3c89622000,0x00007f3c89723000)]
  0x00007f3c904d8800 JavaThread "Java2D Disposer" daemon [_thread_blocked, id=12324, stack(0x00007f3c9ffa7000,0x00007f3ca00a8000)]
=>0x00007f3c94017800 JavaThread "Thread-4" daemon [_thread_in_native, id=12223, stack(0x00007f3c8b18e000,0x00007f3c8b28f000)]
  0x00007f3c90342000 JavaThread "Prism Font Disposer" daemon [_thread_blocked, id=12044, stack(0x00007f3c9e393000,0x00007f3c9e494000)]
  0x00007f3cec267000 JavaThread "JavaFX-Launcher" [_thread_blocked, id=11984, stack(0x00007f3c9f875000,0x00007f3c9f976000)]
  0x00007f3cec263000 JavaThread "JavaFX Application Thread" [_thread_in_Java, id=11967, stack(0x00007f3c9f976000,0x00007f3c9fa77000)]
  0x00007f3cec25f000 JavaThread "Thread-1" daemon [_thread_blocked, id=11966, stack(0x00007f3c9fa77000,0x00007f3c9fb78000)]
  0x00007f3cec208800 JavaThread "QuantumRenderer-0" daemon [_thread_blocked, id=11965, stack(0x00007f3cd6042000,0x00007f3cd6143000)]
  0x00007f3cec141000 JavaThread "Service Thread" daemon [_thread_blocked, id=11938, stack(0x00007f3cd62dc000,0x00007f3cd63dd000)]
  0x00007f3cec13e800 JavaThread "C1 CompilerThread1" daemon [_thread_blocked, id=11937, stack(0x00007f3cd63dd000,0x00007f3cd64de000)]
  0x00007f3cec13b800 JavaThread "C2 CompilerThread0" daemon [_thread_blocked, id=11936, stack(0x00007f3cd64de000,0x00007f3cd65df000)]
  0x00007f3cec13a000 JavaThread "Signal Dispatcher" daemon [_thread_blocked, id=11935, stack(0x00007f3cd65df000,0x00007f3cd66e0000)]
  0x00007f3cec107000 JavaThread "Finalizer" daemon [_thread_blocked, id=11934, stack(0x00007f3cd6c1e000,0x00007f3cd6d1f000)]
  0x00007f3cec102800 JavaThread "Reference Handler" daemon [_thread_blocked, id=11933, stack(0x00007f3cd6d1f000,0x00007f3cd6e20000)]
  0x00007f3cec00a000 JavaThread "main" [_thread_blocked, id=11927, stack(0x00007f3cf2eed000,0x00007f3cf2fee000)]

Other Threads:
  0x00007f3cec0fa800 VMThread [stack: 0x00007f3cd6e20000,0x00007f3cd6f21000] [id=11932]
  0x00007f3cec144800 WatcherThread [stack: 0x00007f3cd61db000,0x00007f3cd62dc000] [id=11939]

VM state:not at safepoint (normal execution)

VM Mutex/Monitor currently owned by a thread: None

Heap:
 PSYoungGen      total 36864K, used 14522K [0x00000000d7000000, 0x00000000db800000, 0x0000000100000000)
  eden space 31744K, 45% used [0x00000000d7000000,0x00000000d7e2e848,0x00000000d8f00000)
  from space 5120K, 0% used [0x00000000d8f00000,0x00000000d8f00000,0x00000000d9400000)
  to   space 5120K, 0% used [0x00000000db300000,0x00000000db300000,0x00000000db800000)
 ParOldGen       total 60928K, used 11516K [0x0000000085000000, 0x0000000088b80000, 0x00000000d7000000)
  object space 60928K, 18% used [0x0000000085000000,0x0000000085b3f180,0x0000000088b80000)
 Metaspace       used 23649K, capacity 25092K, committed 25472K, reserved 1071104K
  class space    used 3314K, capacity 3595K, committed 3712K, reserved 1048576K

Card table byte_map: [0x00007f3cdc867000,0x00007f3cdcc40000] byte_map_base: 0x00007f3cdc43f000

Marking Bits: (ParMarkBitMap*) 0x00007f3cf23c3220
 Begin Bits: [0x00007f3cd8655000, 0x00007f3cda515000)
 End Bits:   [0x00007f3cda515000, 0x00007f3cdc3d5000)

Polling page: 0x00007f3cf3018000

CodeCache: size=245760Kb used=11902Kb max_used=11902Kb free=233857Kb
 bounds [0x00007f3cdd000000, 0x00007f3cddbb0000, 0x00007f3cec000000]
 total_blobs=4593 nmethods=3811 adapters=695
 compilation: enabled

Compilation events (10 events):
Event: 15.496 Thread 0x00007f3cec13e800 3804       3       java.lang.Enum::equals (11 bytes)
Event: 15.497 Thread 0x00007f3cec13e800 nmethod 3804 0x00007f3cddb96ed0 code [0x00007f3cddb97040, 0x00007f3cddb971f0]
Event: 15.499 Thread 0x00007f3cec13e800 3807       3       javafx.scene.layout.Region::snapPosition (14 bytes)
Event: 15.499 Thread 0x00007f3cec13e800 nmethod 3807 0x00007f3cddb96390 code [0x00007f3cddb96500, 0x00007f3cddb966c8]
Event: 15.499 Thread 0x00007f3cec13e800 3805       3       javafx.scene.layout.StackPane::getCssMetaData (4 bytes)
Event: 15.500 Thread 0x00007f3cec13e800 nmethod 3805 0x00007f3cddb95f50 code [0x00007f3cddb960c0, 0x00007f3cddb962d0]
Event: 15.500 Thread 0x00007f3cec13e800 3806       3       javafx.scene.layout.StackPane::getClassCssMetaData (4 bytes)
Event: 15.500 Thread 0x00007f3cec13e800 nmethod 3806 0x00007f3cddb95b90 code [0x00007f3cddb95d00, 0x00007f3cddb95e90]
Event: 15.508 Thread 0x00007f3cec13e800 3808       3       javafx.collections.WeakListChangeListener::wasGarbageCollected (16 bytes)
Event: 15.509 Thread 0x00007f3cec13e800 nmethod 3808 0x00007f3cddb95710 code [0x00007f3cddb95880, 0x00007f3cddb95ad0]

GC Heap History (8 events):
Event: 2.999 GC heap before
{Heap before GC invocations=1 (full 0):
 PSYoungGen      total 36864K, used 31689K [0x00000000d7000000, 0x00000000d9900000, 0x0000000100000000)
  eden space 31744K, 99% used [0x00000000d7000000,0x00000000d8ef26b0,0x00000000d8f00000)
  from space 5120K, 0% used [0x00000000d9400000,0x00000000d9400000,0x00000000d9900000)
  to   space 5120K, 0% used [0x00000000d8f00000,0x00000000d8f00000,0x00000000d9400000)
 ParOldGen       total 84992K, used 0K [0x0000000085000000, 0x000000008a300000, 0x00000000d7000000)
  object space 84992K, 0% used [0x0000000085000000,0x0000000085000000,0x000000008a300000)
 Metaspace       used 11846K, capacity 12350K, committed 12544K, reserved 1060864K
  class space    used 1587K, capacity 1726K, committed 1792K, reserved 1048576K
Event: 3.014 GC heap after
Heap after GC invocations=1 (full 0):
 PSYoungGen      total 36864K, used 4225K [0x00000000d7000000, 0x00000000d9900000, 0x0000000100000000)
  eden space 31744K, 0% used [0x00000000d7000000,0x00000000d7000000,0x00000000d8f00000)
  from space 5120K, 82% used [0x00000000d8f00000,0x00000000d9320428,0x00000000d9400000)
  to   space 5120K, 0% used [0x00000000d9400000,0x00000000d9400000,0x00000000d9900000)
 ParOldGen       total 84992K, used 72K [0x0000000085000000, 0x000000008a300000, 0x00000000d7000000)
  object space 84992K, 0% used [0x0000000085000000,0x0000000085012010,0x000000008a300000)
 Metaspace       used 11846K, capacity 12350K, committed 12544K, reserved 1060864K
  class space    used 1587K, capacity 1726K, committed 1792K, reserved 1048576K
}
Event: 6.440 GC heap before
{Heap before GC invocations=2 (full 0):
 PSYoungGen      total 36864K, used 35552K [0x00000000d7000000, 0x00000000d9900000, 0x0000000100000000)
  eden space 31744K, 98% used [0x00000000d7000000,0x00000000d8e97f40,0x00000000d8f00000)
  from space 5120K, 82% used [0x00000000d8f00000,0x00000000d9320428,0x00000000d9400000)
  to   space 5120K, 0% used [0x00000000d9400000,0x00000000d9400000,0x00000000d9900000)
 ParOldGen       total 84992K, used 72K [0x0000000085000000, 0x000000008a300000, 0x00000000d7000000)
  object space 84992K, 0% used [0x0000000085000000,0x0000000085012010,0x000000008a300000)
 Metaspace       used 19658K, capacity 21106K, committed 21248K, reserved 1067008K
  class space    used 2995K, capacity 3288K, committed 3328K, reserved 1048576K
Event: 6.487 GC heap after
Heap after GC invocations=2 (full 0):
 PSYoungGen      total 36864K, used 5117K [0x00000000d7000000, 0x00000000d9900000, 0x0000000100000000)
  eden space 31744K, 0% used [0x00000000d7000000,0x00000000d7000000,0x00000000d8f00000)
  from space 5120K, 99% used [0x00000000d9400000,0x00000000d98ff7b0,0x00000000d9900000)
  to   space 5120K, 0% used [0x00000000d8f00000,0x00000000d8f00000,0x00000000d9400000)
 ParOldGen       total 84992K, used 5557K [0x0000000085000000, 0x000000008a300000, 0x00000000d7000000)
  object space 84992K, 6% used [0x0000000085000000,0x000000008556d450,0x000000008a300000)
 Metaspace       used 19658K, capacity 21106K, committed 21248K, reserved 1067008K
  class space    used 2995K, capacity 3288K, committed 3328K, reserved 1048576K
}
Event: 6.662 GC heap before
{Heap before GC invocations=3 (full 0):
 PSYoungGen      total 36864K, used 7596K [0x00000000d7000000, 0x00000000d9900000, 0x0000000100000000)
  eden space 31744K, 7% used [0x00000000d7000000,0x00000000d726bc48,0x00000000d8f00000)
  from space 5120K, 99% used [0x00000000d9400000,0x00000000d98ff7b0,0x00000000d9900000)
  to   space 5120K, 0% used [0x00000000d8f00000,0x00000000d8f00000,0x00000000d9400000)
 ParOldGen       total 84992K, used 5557K [0x0000000085000000, 0x000000008a300000, 0x00000000d7000000)
  object space 84992K, 6% used [0x0000000085000000,0x000000008556d450,0x000000008a300000)
 Metaspace       used 19784K, capacity 21174K, committed 21248K, reserved 1067008K
  class space    used 3012K, capacity 3290K, committed 3328K, reserved 1048576K
Event: 6.691 GC heap after
Heap after GC invocations=3 (full 0):
 PSYoungGen      total 36864K, used 5101K [0x00000000d7000000, 0x00000000db800000, 0x0000000100000000)
  eden space 31744K, 0% used [0x00000000d7000000,0x00000000d7000000,0x00000000d8f00000)
  from space 5120K, 99% used [0x00000000d8f00000,0x00000000d93fb7a0,0x00000000d9400000)
  to   space 5120K, 0% used [0x00000000db300000,0x00000000db300000,0x00000000db800000)
 ParOldGen       total 84992K, used 6629K [0x0000000085000000, 0x000000008a300000, 0x00000000d7000000)
  object space 84992K, 7% used [0x0000000085000000,0x0000000085679460,0x000000008a300000)
 Metaspace       used 19784K, capacity 21174K, committed 21248K, reserved 1067008K
  class space    used 3012K, capacity 3290K, committed 3328K, reserved 1048576K
}
Event: 6.691 GC heap before
{Heap before GC invocations=4 (full 1):
 PSYoungGen      total 36864K, used 5101K [0x00000000d7000000, 0x00000000db800000, 0x0000000100000000)
  eden space 31744K, 0% used [0x00000000d7000000,0x00000000d7000000,0x00000000d8f00000)
  from space 5120K, 99% used [0x00000000d8f00000,0x00000000d93fb7a0,0x00000000d9400000)
  to   space 5120K, 0% used [0x00000000db300000,0x00000000db300000,0x00000000db800000)
 ParOldGen       total 84992K, used 6629K [0x0000000085000000, 0x000000008a300000, 0x00000000d7000000)
  object space 84992K, 7% used [0x0000000085000000,0x0000000085679460,0x000000008a300000)
 Metaspace       used 19784K, capacity 21174K, committed 21248K, reserved 1067008K
  class space    used 3012K, capacity 3290K, committed 3328K, reserved 1048576K
Event: 6.866 GC heap after
Heap after GC invocations=4 (full 1):
 PSYoungGen      total 36864K, used 0K [0x00000000d7000000, 0x00000000db800000, 0x0000000100000000)
  eden space 31744K, 0% used [0x00000000d7000000,0x00000000d7000000,0x00000000d8f00000)
  from space 5120K, 0% used [0x00000000d8f00000,0x00000000d8f00000,0x00000000d9400000)
  to   space 5120K, 0% used [0x00000000db300000,0x00000000db300000,0x00000000db800000)
 ParOldGen       total 60928K, used 11516K [0x0000000085000000, 0x0000000088b80000, 0x00000000d7000000)
  object space 60928K, 18% used [0x0000000085000000,0x0000000085b3f180,0x0000000088b80000)
 Metaspace       used 19784K, capacity 21174K, committed 21248K, reserved 1067008K
  class space    used 3012K, capacity 3290K, committed 3328K, reserved 1048576K
}

Deoptimization events (10 events):
Event: 11.582 Thread 0x00007f3cec263000 Uncommon trap: reason=unstable_if action=reinterpret pc=0x00007f3cdd9eee60 method=javafx.scene.Node.updateBounds()V @ 27
Event: 11.613 Thread 0x00007f3cec208800 Uncommon trap: reason=unstable_if action=reinterpret pc=0x00007f3cdd75ad64 method=com.sun.javafx.geom.RectBounds.isEmpty()Z @ 21
Event: 11.631 Thread 0x00007f3cec208800 Uncommon trap: reason=unstable_if action=reinterpret pc=0x00007f3cdd9157b0 method=com.sun.prism.es2.GLContext.updateViewportAndDepthTest(IIIIZ)V @ 30
Event: 11.718 Thread 0x00007f3cec208800 Uncommon trap: reason=unstable_if action=reinterpret pc=0x00007f3cdd91da8c method=com.sun.prism.es2.GLContext.updateViewportAndDepthTest(IIIIZ)V @ 30
Event: 12.202 Thread 0x00007f3cec263000 Uncommon trap: reason=class_check action=maybe_recompile pc=0x00007f3cdd8f778c method=javafx.scene.Node.updateLocalToParentTransform()V @ 327
Event: 14.698 Thread 0x00007f3c94017800 Uncommon trap: reason=unstable_if action=reinterpret pc=0x00007f3cdd2a0e80 method=java.lang.AbstractStringBuilder.append(Ljava/lang/String;)Ljava/lang/AbstractStringBuilder; @ 1
Event: 14.706 Thread 0x00007f3c94017800 Uncommon trap: reason=unstable_if action=reinterpret pc=0x00007f3cdd237cbc method=sun.nio.cs.UTF_8$Decoder.decode([BII[C)I @ 30
Event: 14.724 Thread 0x00007f3cec263000 Uncommon trap: reason=unstable_if action=reinterpret pc=0x00007f3cdd937ed4 method=java.lang.Math.round(F)I @ 23
Event: 14.865 Thread 0x00007f3cec208800 Uncommon trap: reason=unstable_if action=reinterpret pc=0x00007f3cddb12fe4 method=com.sun.javafx.sg.prism.NGNode.markCullRegions(Lcom/sun/javafx/geom/DirtyRegionContainer;ILcom/sun/javafx/geom/transform/BaseTransform;Lcom/sun/javafx/geom/transform/General
Event: 15.480 Thread 0x00007f3c94017800 Uncommon trap: reason=unstable_if action=reinterpret pc=0x00007f3cdda8db5c method=uaz.fingerprint.ReaderDispatcher.run()V @ 612

Internal exceptions (10 events):
Event: 2.368 Thread 0x00007f3cec263000 Exception <a 'java/lang/ArrayIndexOutOfBoundsException'> (0x00000000d8993268) thrown at [/HUDSON3/workspace/8-2-build-linux-amd64/jdk8u111/7883/hotspot/src/share/vm/runtime/sharedRuntime.cpp, line 605]
Event: 2.732 Thread 0x00007f3cec263000 Exception <a 'java/lang/ArrayIndexOutOfBoundsException'> (0x00000000d8b9b610) thrown at [/HUDSON3/workspace/8-2-build-linux-amd64/jdk8u111/7883/hotspot/src/share/vm/runtime/sharedRuntime.cpp, line 605]
Event: 2.989 Thread 0x00007f3cec263000 Exception <a 'java/lang/ArrayIndexOutOfBoundsException'> (0x00000000d8e66c28) thrown at [/HUDSON3/workspace/8-2-build-linux-amd64/jdk8u111/7883/hotspot/src/share/vm/runtime/sharedRuntime.cpp, line 605]
Event: 3.819 Thread 0x00007f3cec263000 Implicit null exception at 0x00007f3cdd285b75 to 0x00007f3cdd285d8d
Event: 4.788 Thread 0x00007f3cec263000 Implicit null exception at 0x00007f3cdd4c1290 to 0x00007f3cdd4c1795
Event: 10.619 Thread 0x00007f3cec263000 Implicit null exception at 0x00007f3cdd9467e2 to 0x00007f3cdd947419
Event: 10.689 Thread 0x00007f3c90482800 Implicit null exception at 0x00007f3cdd985dfc to 0x00007f3cdd985ec1
Event: 14.698 Thread 0x00007f3c94017800 Implicit null exception at 0x00007f3cdd2a0af5 to 0x00007f3cdd2a0e6d
Event: 14.761 Thread 0x00007f3cec263000 Exception <a 'java/io/FileNotFoundException'> (0x00000000d79b8928) thrown at [/HUDSON3/workspace/8-2-build-linux-amd64/jdk8u111/7883/hotspot/src/share/vm/prims/jni.cpp, line 709]
Event: 14.761 Thread 0x00007f3cec263000 Exception <a 'java/io/FileNotFoundException'> (0x00000000d79b93d8) thrown at [/HUDSON3/workspace/8-2-build-linux-amd64/jdk8u111/7883/hotspot/src/share/vm/prims/jni.cpp, line 709]

Events (10 events):
Event: 15.199 loading class uaz/fingerprint/VerifyResult
Event: 15.199 loading class uaz/fingerprint/VerifyResult done
Event: 15.476 Thread 0x00007f3c90442800 Thread added: 0x00007f3c90442800
Event: 15.480 Thread 0x00007f3c94017800 Uncommon trap: trap_request=0xffffff65 fr.pc=0x00007f3cdda8db5c
Event: 15.480 Thread 0x00007f3c94017800 DEOPT PACKING pc=0x00007f3cdda8db5c sp=0x00007f3c8b28d6f0
Event: 15.480 Thread 0x00007f3c94017800 DEOPT UNPACKING pc=0x00007f3cdd005229 sp=0x00007f3c8b28d6b8 mode 2
Event: 15.486 Thread 0x00007f3c9800a000 Thread added: 0x00007f3c9800a000
Event: 15.488 Executing VM operation: RevokeBias
Event: 15.495 Executing VM operation: RevokeBias done
Event: 15.495 Thread 0x00007f3c90442800 Thread exited: 0x00007f3c90442800


Dynamic libraries:
00400000-00401000 r-xp 00000000 08:06 10486455                           /usr/lib/jvm/jdk1.8.0_111/jre/bin/java
00600000-00601000 rw-p 00000000 08:06 10486455                           /usr/lib/jvm/jdk1.8.0_111/jre/bin/java
0173a000-0175b000 rw-p 00000000 00:00 0                                  [heap]
41e6d000-41f0c000 rw-p 00000000 00:00 0 
42000000-42002000 r-xs 00000000 08:06 131095                             /tmp/.glgDXF3r (deleted)
85000000-88b80000 rw-p 00000000 00:00 0 
88b80000-d7000000 ---p 00000000 00:00 0 
d7000000-db800000 rw-p 00000000 00:00 0 
db800000-100000000 ---p 00000000 00:00 0 
100000000-1003a0000 rw-p 00000000 00:00 0 
1003a0000-140000000 ---p 00000000 00:00 0 
7f3c89622000-7f3c89625000 ---p 00000000 00:00 0 
7f3c89625000-7f3c89723000 rw-p 00000000 00:00 0                          [stack:12338]
7f3c89723000-7f3c89726000 ---p 00000000 00:00 0 
7f3c89726000-7f3c89824000 rw-p 00000000 00:00 0 
7f3c89824000-7f3c89c24000 rw-s 160414000 00:06 11833                     /dev/nvidiactl
7f3c89c28000-7f3c89c8d000 r-xp 00000000 08:06 10486199                   /usr/lib/jvm/jdk1.8.0_111/jre/lib/amd64/libfontmanager.so
7f3c89c8d000-7f3c89e8c000 ---p 00065000 08:06 10486199                   /usr/lib/jvm/jdk1.8.0_111/jre/lib/amd64/libfontmanager.so
7f3c89e8c000-7f3c89e91000 rw-p 00064000 08:06 10486199                   /usr/lib/jvm/jdk1.8.0_111/jre/lib/amd64/libfontmanager.so
7f3c89e91000-7f3c89ea1000 rw-p 00000000 00:00 0 
7f3c89ea8000-7f3c89fe8000 rw-p 00000000 00:00 0 
7f3c89fe8000-7f3c8a0a8000 ---p 00000000 00:00 0 
7f3c8a0a8000-7f3c8a0be000 r-xp 00000000 08:06 10486180                   /usr/lib/jvm/jdk1.8.0_111/jre/lib/amd64/libnet.so
7f3c8a0be000-7f3c8a2be000 ---p 00016000 08:06 10486180                   /usr/lib/jvm/jdk1.8.0_111/jre/lib/amd64/libnet.so
7f3c8a2be000-7f3c8a2bf000 rw-p 00016000 08:06 10486180                   /usr/lib/jvm/jdk1.8.0_111/jre/lib/amd64/libnet.so
7f3c8a2c0000-7f3c8a314000 r-xp 00000000 08:06 10486207                   /usr/lib/jvm/jdk1.8.0_111/jre/lib/amd64/libawt_xawt.so
7f3c8a314000-7f3c8a514000 ---p 00054000 08:06 10486207                   /usr/lib/jvm/jdk1.8.0_111/jre/lib/amd64/libawt_xawt.so
7f3c8a514000-7f3c8a518000 rw-p 00054000 08:06 10486207                   /usr/lib/jvm/jdk1.8.0_111/jre/lib/amd64/libawt_xawt.so
7f3c8a518000-7f3c8a519000 rw-p 00000000 00:00 0 
7f3c8a520000-7f3c8a5c2000 r-xp 00000000 08:06 10486240                   /usr/lib/jvm/jdk1.8.0_111/jre/lib/amd64/libawt.so
7f3c8a5c2000-7f3c8a7c2000 ---p 000a2000 08:06 10486240                   /usr/lib/jvm/jdk1.8.0_111/jre/lib/amd64/libawt.so
7f3c8a7c2000-7f3c8a7ce000 rw-p 000a2000 08:06 10486240                   /usr/lib/jvm/jdk1.8.0_111/jre/lib/amd64/libawt.so
7f3c8a7ce000-7f3c8a7f2000 rw-p 00000000 00:00 0 
7f3c8a7f8000-7f3c8a8f8000 rw-s 00000000 00:05 5373996                    /SYSV00000000 (deleted)
7f3c8a8fd000-7f3c8a9fd000 rw-s 3db35000 00:06 11833                      /dev/nvidiactl
7f3c8aa00000-7f3c8aa7b000 r-xp 00000000 08:06 794106                     /usr/lib/x86_64-linux-gnu/nss/libfreebl3.so
7f3c8aa7b000-7f3c8ac7a000 ---p 0007b000 08:06 794106                     /usr/lib/x86_64-linux-gnu/nss/libfreebl3.so
7f3c8ac7a000-7f3c8ac7c000 r--p 0007a000 08:06 794106                     /usr/lib/x86_64-linux-gnu/nss/libfreebl3.so
7f3c8ac7c000-7f3c8ac7d000 rw-p 0007c000 08:06 794106                     /usr/lib/x86_64-linux-gnu/nss/libfreebl3.so
7f3c8ac7d000-7f3c8ac81000 rw-p 00000000 00:00 0 
7f3c8ac88000-7f3c8ad3c000 r-xp 00000000 08:06 271632                     /usr/lib/x86_64-linux-gnu/libsqlite3.so.0.8.6
7f3c8ad3c000-7f3c8af3c000 ---p 000b4000 08:06 271632                     /usr/lib/x86_64-linux-gnu/libsqlite3.so.0.8.6
7f3c8af3c000-7f3c8af3e000 r--p 000b4000 08:06 271632                     /usr/lib/x86_64-linux-gnu/libsqlite3.so.0.8.6
7f3c8af3e000-7f3c8af40000 rw-p 000b6000 08:06 271632                     /usr/lib/x86_64-linux-gnu/libsqlite3.so.0.8.6
7f3c8af40000-7f3c8af41000 rw-p 00000000 00:00 0 
7f3c8af48000-7f3c8af89000 r-xp 00000000 08:06 794105                     /usr/lib/x86_64-linux-gnu/nss/libsoftokn3.so
7f3c8af89000-7f3c8b188000 ---p 00041000 08:06 794105                     /usr/lib/x86_64-linux-gnu/nss/libsoftokn3.so
7f3c8b188000-7f3c8b189000 r--p 00040000 08:06 794105                     /usr/lib/x86_64-linux-gnu/nss/libsoftokn3.so
7f3c8b189000-7f3c8b18a000 rw-p 00041000 08:06 794105                     /usr/lib/x86_64-linux-gnu/nss/libsoftokn3.so
7f3c8b18e000-7f3c8b191000 ---p 00000000 00:00 0 
7f3c8b191000-7f3c8b28f000 rw-p 00000000 00:00 0                          [stack:12223]
7f3c8b28f000-7f3c8b290000 ---p 00000000 00:00 0 
7f3c8b290000-7f3c8ba90000 rw-p 00000000 00:00 0                          [stack:12222]
7f3c8ba90000-7f3c8bad4000 r-xp 00000000 08:06 11276542                   /lib/x86_64-linux-gnu/libdbus-1.so.3.7.6
7f3c8bad4000-7f3c8bcd3000 ---p 00044000 08:06 11276542                   /lib/x86_64-linux-gnu/libdbus-1.so.3.7.6
7f3c8bcd3000-7f3c8bcd4000 r--p 00043000 08:06 11276542                   /lib/x86_64-linux-gnu/libdbus-1.so.3.7.6
7f3c8bcd4000-7f3c8bcd5000 rw-p 00044000 08:06 11276542                   /lib/x86_64-linux-gnu/libdbus-1.so.3.7.6
7f3c8bcd8000-7f3c8bce0000 r-xp 00000000 08:06 11276591                   /lib/x86_64-linux-gnu/libnih-dbus.so.1.0.0
7f3c8bce0000-7f3c8bee0000 ---p 00008000 08:06 11276591                   /lib/x86_64-linux-gnu/libnih-dbus.so.1.0.0
7f3c8bee0000-7f3c8bee1000 r--p 00008000 08:06 11276591                   /lib/x86_64-linux-gnu/libnih-dbus.so.1.0.0
7f3c8bee1000-7f3c8bee2000 rw-p 00009000 08:06 11276591                   /lib/x86_64-linux-gnu/libnih-dbus.so.1.0.0
7f3c8bee8000-7f3c8beff000 r-xp 00000000 08:06 11276593                   /lib/x86_64-linux-gnu/libnih.so.1.0.0
7f3c8beff000-7f3c8c0fe000 ---p 00017000 08:06 11276593                   /lib/x86_64-linux-gnu/libnih.so.1.0.0
7f3c8c0fe000-7f3c8c0ff000 r--p 00016000 08:06 11276593                   /lib/x86_64-linux-gnu/libnih.so.1.0.0
7f3c8c0ff000-7f3c8c100000 rw-p 00017000 08:06 11276593                   /lib/x86_64-linux-gnu/libnih.so.1.0.0
7f3c8c100000-7f3c8c119000 r-xp 00000000 08:06 11276533                   /lib/x86_64-linux-gnu/libcgmanager.so.0.0.0
7f3c8c119000-7f3c8c318000 ---p 00019000 08:06 11276533                   /lib/x86_64-linux-gnu/libcgmanager.so.0.0.0
7f3c8c318000-7f3c8c31a000 r--p 00018000 08:06 11276533                   /lib/x86_64-linux-gnu/libcgmanager.so.0.0.0
7f3c8c31a000-7f3c8c31b000 rw-p 0001a000 08:06 11276533                   /lib/x86_64-linux-gnu/libcgmanager.so.0.0.0
7f3c8c320000-7f3c8c359000 r-xp 00000000 08:06 268901                     /usr/lib/x86_64-linux-gnu/libnspr4.so
7f3c8c359000-7f3c8c558000 ---p 00039000 08:06 268901                     /usr/lib/x86_64-linux-gnu/libnspr4.so
7f3c8c558000-7f3c8c559000 r--p 00038000 08:06 268901                     /usr/lib/x86_64-linux-gnu/libnspr4.so
7f3c8c559000-7f3c8c55a000 rw-p 00039000 08:06 268901                     /usr/lib/x86_64-linux-gnu/libnspr4.so
7f3c8c55a000-7f3c8c55d000 rw-p 00000000 00:00 0 
7f3c8c560000-7f3c8c563000 r-xp 00000000 08:06 268900                     /usr/lib/x86_64-linux-gnu/libplds4.so
7f3c8c563000-7f3c8c762000 ---p 00003000 08:06 268900                     /usr/lib/x86_64-linux-gnu/libplds4.so
7f3c8c762000-7f3c8c763000 r--p 00002000 08:06 268900                     /usr/lib/x86_64-linux-gnu/libplds4.so
7f3c8c763000-7f3c8c764000 rw-p 00003000 08:06 268900                     /usr/lib/x86_64-linux-gnu/libplds4.so
7f3c8c768000-7f3c8c76c000 r-xp 00000000 08:06 268861                     /usr/lib/x86_64-linux-gnu/libplc4.so
7f3c8c76c000-7f3c8c96b000 ---p 00004000 08:06 268861                     /usr/lib/x86_64-linux-gnu/libplc4.so
7f3c8c96b000-7f3c8c96c000 r--p 00003000 08:06 268861                     /usr/lib/x86_64-linux-gnu/libplc4.so
7f3c8c96c000-7f3c8c96d000 rw-p 00004000 08:06 268861                     /usr/lib/x86_64-linux-gnu/libplc4.so
7f3c8c970000-7f3c8c995000 r-xp 00000000 08:06 268074                     /usr/lib/x86_64-linux-gnu/libnssutil3.so
7f3c8c995000-7f3c8cb95000 ---p 00025000 08:06 268074                     /usr/lib/x86_64-linux-gnu/libnssutil3.so
7f3c8cb95000-7f3c8cb9b000 r--p 00025000 08:06 268074                     /usr/lib/x86_64-linux-gnu/libnssutil3.so
7f3c8cb9b000-7f3c8cb9c000 rw-p 0002b000 08:06 268074                     /usr/lib/x86_64-linux-gnu/libnssutil3.so
7f3c8cba0000-7f3c8ccd5000 r-xp 00000000 08:06 268076                     /usr/lib/x86_64-linux-gnu/libnss3.so
7f3c8ccd5000-7f3c8ced4000 ---p 00135000 08:06 268076                     /usr/lib/x86_64-linux-gnu/libnss3.so
7f3c8ced4000-7f3c8ced9000 r--p 00134000 08:06 268076                     /usr/lib/x86_64-linux-gnu/libnss3.so
7f3c8ced9000-7f3c8cedb000 rw-p 00139000 08:06 268076                     /usr/lib/x86_64-linux-gnu/libnss3.so
7f3c8cedb000-7f3c8cedc000 rw-p 00000000 00:00 0 
7f3c8cee0000-7f3c8cf37000 r-xp 00000000 08:06 787714                     /usr/local/lib/libfprint.so.0.0.0
7f3c8cf37000-7f3c8d136000 ---p 00057000 08:06 787714                     /usr/local/lib/libfprint.so.0.0.0
7f3c8d136000-7f3c8d137000 r--p 00056000 08:06 787714                     /usr/local/lib/libfprint.so.0.0.0
7f3c8d137000-7f3c8d148000 rw-p 00057000 08:06 787714                     /usr/local/lib/libfprint.so.0.0.0
7f3c8d148000-7f3c8fff9000 rw-p 00000000 00:00 0 
7f3c90000000-7f3c905f0000 rw-p 00000000 00:00 0 
7f3c905f0000-7f3c94000000 ---p 00000000 00:00 0 
7f3c94000000-7f3c94029000 rw-p 00000000 00:00 0 
7f3c94029000-7f3c98000000 ---p 00000000 00:00 0 
7f3c98000000-7f3c98021000 rw-p 00000000 00:00 0 
7f3c98021000-7f3c9c000000 ---p 00000000 00:00 0 
7f3c9c080000-7f3c9c090000 r-xp 00000000 08:06 11276675                   /lib/x86_64-linux-gnu/libudev.so.1.3.5
7f3c9c090000-7f3c9c28f000 ---p 00010000 08:06 11276675                   /lib/x86_64-linux-gnu/libudev.so.1.3.5
7f3c9c28f000-7f3c9c290000 r--p 0000f000 08:06 11276675                   /lib/x86_64-linux-gnu/libudev.so.1.3.5
7f3c9c290000-7f3c9c291000 rw-p 00010000 08:06 11276675                   /lib/x86_64-linux-gnu/libudev.so.1.3.5
7f3c9c298000-7f3c9c2ad000 r-xp 00000000 08:06 11276681                   /lib/x86_64-linux-gnu/libusb-1.0.so.0.1.0
7f3c9c2ad000-7f3c9c4ad000 ---p 00015000 08:06 11276681                   /lib/x86_64-linux-gnu/libusb-1.0.so.0.1.0
7f3c9c4ad000-7f3c9c4ae000 r--p 00015000 08:06 11276681                   /lib/x86_64-linux-gnu/libusb-1.0.so.0.1.0
7f3c9c4ae000-7f3c9c4af000 rw-p 00016000 08:06 11276681                   /lib/x86_64-linux-gnu/libusb-1.0.so.0.1.0
7f3c9c4d8000-7f3c9c4de000 r-xp 00000000 08:06 131110                     /tmp/libfingerprint2081847885034494630.so
7f3c9c4de000-7f3c9c6dd000 ---p 00006000 08:06 131110                     /tmp/libfingerprint2081847885034494630.so
7f3c9c6dd000-7f3c9c6de000 r--p 00005000 08:06 131110                     /tmp/libfingerprint2081847885034494630.so
7f3c9c6de000-7f3c9c6df000 rw-p 00006000 08:06 131110                     /tmp/libfingerprint2081847885034494630.so
7f3c9c6e5000-7f3c9c8e5000 rw-p 00000000 00:00 0 
7f3c9c8e5000-7f3c9cae5000 rw-s 16081d000 00:06 11833                     /dev/nvidiactl
7f3c9cae5000-7f3c9cee5000 rw-s 160555000 00:06 11833                     /dev/nvidiactl
7f3c9cee8000-7f3c9d17d000 rw-p 00000000 00:00 0 
7f3c9d17d000-7f3c9d37d000 rw-s 43edd000 00:06 11833                      /dev/nvidiactl
7f3c9d382000-7f3c9de18000 rw-p 00000000 00:00 0 
7f3c9de18000-7f3c9dec2000 r--p 00000000 08:06 1445411                    /usr/share/fonts/truetype/dejavu/DejaVuSans-Bold.ttf
7f3c9dec5000-7f3c9ded8000 r--s 00345000 08:06 10486404                   /usr/lib/jvm/jdk1.8.0_111/jre/lib/resources.jar
7f3c9ded8000-7f3c9e0d8000 rw-p 00000000 00:00 0 
7f3c9e0d8000-7f3c9e2d8000 rw-p 00000000 00:00 0 
7f3c9e2d8000-7f3c9e38e000 r--p 00000000 08:06 1445415                    /usr/share/fonts/truetype/dejavu/DejaVuSans.ttf
7f3c9e393000-7f3c9e396000 ---p 00000000 00:00 0 
7f3c9e396000-7f3c9e494000 rw-p 00000000 00:00 0                          [stack:12044]
7f3c9e494000-7f3c9e499000 r--s 00084000 08:06 10486279                   /usr/lib/jvm/jdk1.8.0_111/jre/lib/jfr.jar
7f3c9e4a0000-7f3c9e4cf000 r-xp 00000000 08:06 788682                     /usr/lib/x86_64-linux-gnu/gtk-2.0/2.10.0/engines/libmurrine.so
7f3c9e4cf000-7f3c9e6cf000 ---p 0002f000 08:06 788682                     /usr/lib/x86_64-linux-gnu/gtk-2.0/2.10.0/engines/libmurrine.so
7f3c9e6cf000-7f3c9e6d0000 r--p 0002f000 08:06 788682                     /usr/lib/x86_64-linux-gnu/gtk-2.0/2.10.0/engines/libmurrine.so
7f3c9e6d0000-7f3c9e6d1000 rw-p 00030000 08:06 788682                     /usr/lib/x86_64-linux-gnu/gtk-2.0/2.10.0/engines/libmurrine.so
7f3c9e6d8000-7f3c9e6e1000 r-xp 00000000 08:06 787773                     /usr/lib/x86_64-linux-gnu/gtk-2.0/2.10.0/engines/libpixmap.so
7f3c9e6e1000-7f3c9e8e1000 ---p 00009000 08:06 787773                     /usr/lib/x86_64-linux-gnu/gtk-2.0/2.10.0/engines/libpixmap.so
7f3c9e8e1000-7f3c9e8e2000 r--p 00009000 08:06 787773                     /usr/lib/x86_64-linux-gnu/gtk-2.0/2.10.0/engines/libpixmap.so
7f3c9e8e2000-7f3c9e8e3000 rw-p 0000a000 08:06 787773                     /usr/lib/x86_64-linux-gnu/gtk-2.0/2.10.0/engines/libpixmap.so
7f3c9e8e8000-7f3c9eae8000 rw-p 00000000 00:00 0 
7f3c9eae8000-7f3c9ece8000 rw-p 00000000 00:00 0 
7f3c9ece8000-7f3c9ed93000 r--p 00000000 08:06 10486268                   /usr/lib/jvm/jdk1.8.0_111/jre/lib/fonts/LucidaSansRegular.ttf
7f3c9ed98000-7f3c9edd2000 r--p 00000000 08:06 10486270                   /usr/lib/jvm/jdk1.8.0_111/jre/lib/fonts/LucidaTypewriterBold.ttf
7f3c9edd8000-7f3c9edeb000 r--p 00000000 08:06 10486276                   /usr/lib/jvm/jdk1.8.0_111/jre/lib/fonts/LucidaBrightDemiItalic.ttf
7f3c9edf0000-7f3c9ee3e000 r--p 00000000 08:06 10486275                   /usr/lib/jvm/jdk1.8.0_111/jre/lib/fonts/LucidaSansDemiBold.ttf
7f3c9ee40000-7f3c9ee7c000 r--p 00000000 08:06 10486274                   /usr/lib/jvm/jdk1.8.0_111/jre/lib/fonts/LucidaTypewriterRegular.ttf
7f3c9ee80000-7f3c9eed5000 r--p 00000000 08:06 10486271                   /usr/lib/jvm/jdk1.8.0_111/jre/lib/fonts/LucidaBrightRegular.ttf
7f3c9eed8000-7f3c9eeec000 r--p 00000000 08:06 10486272                   /usr/lib/jvm/jdk1.8.0_111/jre/lib/fonts/LucidaBrightItalic.ttf
7f3c9eef0000-7f3c9ef03000 r--p 00000000 08:06 10486269                   /usr/lib/jvm/jdk1.8.0_111/jre/lib/fonts/LucidaBrightDemiBold.ttf
7f3c9ef08000-7f3c9ef0c000 r-xp 00000000 08:06 10486217                   /usr/lib/jvm/jdk1.8.0_111/jre/lib/amd64/libjavafx_font_pango.so
7f3c9ef0c000-7f3c9f10b000 ---p 00004000 08:06 10486217                   /usr/lib/jvm/jdk1.8.0_111/jre/lib/amd64/libjavafx_font_pango.so
7f3c9f10b000-7f3c9f10c000 rw-p 00003000 08:06 10486217                   /usr/lib/jvm/jdk1.8.0_111/jre/lib/amd64/libjavafx_font_pango.so
7f3c9f110000-7f3c9f111000 r--s 00000000 08:06 3801416                    /var/cache/fontconfig/c05880de57d1f5e948fdfacc138775d9-le64.cache-4
7f3c9f118000-7f3c9f123000 r--s 00000000 08:06 3801409                    /var/cache/fontconfig/945677eb7aeaf62f1d50efc3fb3ec7d8-le64.cache-4
7f3c9f128000-7f3c9f12a000 r--s 00000000 08:06 3801411                    /var/cache/fontconfig/99e8ed0e538f840c565b6ed5dad60d56-le64.cache-4
7f3c9f130000-7f3c9f136000 r--s 00000000 08:06 3801393                    /var/cache/fontconfig/2cd17615ca594fa2959ae173292e504c-le64.cache-4
7f3c9f138000-7f3c9f139000 r--s 00000000 08:06 3801427                    /var/cache/fontconfig/e7071f4a29fa870f4323321c154eba04-le64.cache-4
7f3c9f140000-7f3c9f141000 r--s 00000000 08:06 3801390                    /var/cache/fontconfig/0d8c3b2ac0904cb8a57a757ad11a4a08-le64.cache-4
7f3c9f148000-7f3c9f14f000 r--s 00000000 08:06 3801413                    /var/cache/fontconfig/a755afe4a08bf5b97852ceb7400b47bc-le64.cache-4
7f3c9f150000-7f3c9f15c000 r--s 00000000 08:06 3801404                    /var/cache/fontconfig/6d41288fd70b0be22e8c3a91e032eec0-le64.cache-4
7f3c9f160000-7f3c9f174000 r--s 00000000 08:06 3801387                    /var/cache/fontconfig/04aabc0a78ac019cf9454389977116d2-le64.cache-4
7f3c9f178000-7f3c9f179000 r--s 00000000 08:06 3801392                    /var/cache/fontconfig/1ac9eb803944fde146138c791f5cc56a-le64.cache-4
7f3c9f180000-7f3c9f184000 r--s 00000000 08:06 3801396                    /var/cache/fontconfig/385c0604a188198f04d133e54aba7fe7-le64.cache-4
7f3c9f188000-7f3c9f189000 r--s 00000000 08:06 3801424                    /var/cache/fontconfig/dc05db6664285cc2f12bf69c139ae4c3-le64.cache-4
7f3c9f190000-7f3c9f192000 r--s 00000000 08:06 3801406                    /var/cache/fontconfig/767a8244fc0220cfb567a839d0392e0b-le64.cache-4
7f3c9f198000-7f3c9f199000 r--s 00000000 08:06 3801398                    /var/cache/fontconfig/4794a0821666d79190d59a36cb4f44b5-le64.cache-4
7f3c9f1a0000-7f3c9f1b2000 r--s 00000000 08:06 3801388                    /var/cache/fontconfig/0bd3dc0958fa2205aaaa8ebb13e2872b-le64.cache-4
7f3c9f1b8000-7f3c9f1bd000 r--s 00000000 08:06 3801408                    /var/cache/fontconfig/8801497958630a81b71ace7c5f9b32a8-le64.cache-4
7f3c9f1c0000-7f3c9f1c6000 r--s 00000000 08:06 3816246                    /var/cache/fontconfig/ca37dee8d6057f2a069c1b3d05990269-le64.cache-4
7f3c9f1c8000-7f3c9f1cc000 r--s 00000000 08:06 3815067                    /var/cache/fontconfig/c57959a16110560c8d0fcea73374aeeb-le64.cache-4
7f3c9f1d0000-7f3c9f1d7000 r--s 00000000 08:06 3801394                    /var/cache/fontconfig/3047814df9a2f067bd2d96a2b9c36e5a-le64.cache-4
7f3c9f1d8000-7f3c9f1d9000 r--s 00000000 08:06 3801400                    /var/cache/fontconfig/56cf4f4769d0f4abc89a4895d7bd3ae1-le64.cache-4
7f3c9f1e0000-7f3c9f1e1000 r--s 00000000 08:06 3801415                    /var/cache/fontconfig/b9d506c9ac06c20b433354fa67a72993-le64.cache-4
7f3c9f1e8000-7f3c9f1ee000 r--s 00000000 08:06 3801414                    /var/cache/fontconfig/b47c4e1ecd0709278f4910c18777a504-le64.cache-4
7f3c9f1f0000-7f3c9f203000 r--s 00000000 08:06 3801421                    /var/cache/fontconfig/d52a8644073d54c13679302ca1180695-le64.cache-4
7f3c9f208000-7f3c9f211000 r--s 00000000 08:06 3801397                    /var/cache/fontconfig/3f7329c5293ffd510edef78f73874cfd-le64.cache-4
7f3c9f218000-7f3c9f223000 r--s 00000000 08:06 3801422                    /var/cache/fontconfig/d589a48862398ed80a3d6066f4f56f4c-le64.cache-4
7f3c9f228000-7f3c9f231000 r--s 00000000 08:06 3801419                    /var/cache/fontconfig/d0972c3d32f097851eb916381fc38920-le64.cache-4
7f3c9f238000-7f3c9f23b000 r--s 00000000 08:06 3812658                    /var/cache/fontconfig/e13b20fdb08344e0e664864cc2ede53d-le64.cache-4
7f3c9f240000-7f3c9f244000 r--s 00000000 08:06 3816245                    /var/cache/fontconfig/7ef2298fde41cc6eeb7af42e48b7d293-le64.cache-4
7f3c9f248000-7f3c9f24d000 r-xp 00000000 08:06 10486213                   /usr/lib/jvm/jdk1.8.0_111/jre/lib/amd64/libjavafx_font_freetype.so
7f3c9f24d000-7f3c9f44c000 ---p 00005000 08:06 10486213                   /usr/lib/jvm/jdk1.8.0_111/jre/lib/amd64/libjavafx_font_freetype.so
7f3c9f44c000-7f3c9f44d000 rw-p 00004000 08:06 10486213                   /usr/lib/jvm/jdk1.8.0_111/jre/lib/amd64/libjavafx_font_freetype.so
7f3c9f450000-7f3c9f453000 r-xp 00000000 08:06 10486175                   /usr/lib/jvm/jdk1.8.0_111/jre/lib/amd64/libjavafx_font.so
7f3c9f453000-7f3c9f652000 ---p 00003000 08:06 10486175                   /usr/lib/jvm/jdk1.8.0_111/jre/lib/amd64/libjavafx_font.so
7f3c9f652000-7f3c9f653000 rw-p 00002000 08:06 10486175                   /usr/lib/jvm/jdk1.8.0_111/jre/lib/amd64/libjavafx_font.so
7f3c9f658000-7f3c9f858000 rw-p 00000000 00:00 0 
7f3c9f858000-7f3c9f85c000 r--s 00060000 08:06 10619568                   /home/xmbeat/NetBeansProjects/FingerprintLogin/dist/run356775945/lib/webcam-capture-0.3.10.jar
7f3c9f85d000-7f3c9f85f000 r--s 00005000 08:06 10619566                   /home/xmbeat/NetBeansProjects/FingerprintLogin/dist/run356775945/lib/slf4j-api-1.7.2.jar
7f3c9f862000-7f3c9f865000 r--s 0003a000 08:06 10619561                   /home/xmbeat/NetBeansProjects/FingerprintLogin/dist/run356775945/lib/mysql-connector-java-3.0.17-ga-bin.jar
7f3c9f867000-7f3c9f86f000 r--s 000cf000 08:06 10619558                   /home/xmbeat/NetBeansProjects/FingerprintLogin/dist/run356775945/lib/bridj-0.6.2.jar
7f3c9f875000-7f3c9f878000 ---p 00000000 00:00 0 
7f3c9f878000-7f3c9f976000 rw-p 00000000 00:00 0                          [stack:11984]
7f3c9f976000-7f3c9f979000 ---p 00000000 00:00 0 
7f3c9f979000-7f3c9fa77000 rw-p 00000000 00:00 0                          [stack:11967]
7f3c9fa77000-7f3c9fa7a000 ---p 00000000 00:00 0 
7f3c9fa7a000-7f3c9fb78000 rw-p 00000000 00:00 0                          [stack:11966]
7f3c9fb78000-7f3c9fba2000 r--p 00000000 08:06 1314249                    /usr/share/locale-langpack/es/LC_MESSAGES/gtk20-properties.mo
7f3c9fba8000-7f3c9fbce000 r--p 00000000 08:06 1314142                    /usr/share/locale-langpack/es/LC_MESSAGES/libc.mo
7f3c9fbd0000-7f3c9fbd7000 r--s 00000000 08:06 786750                     /usr/lib/x86_64-linux-gnu/gconv/gconv-modules.cache
7f3c9fbd8000-7f3c9fbe7000 r--p 00000000 08:06 1314186                    /usr/share/locale-langpack/es/LC_MESSAGES/gtk20.mo
7f3c9fbe8000-7f3c9fc11000 r-xp 00000000 08:06 10486225                   /usr/lib/jvm/jdk1.8.0_111/jre/lib/amd64/libglass.so
7f3c9fc11000-7f3c9fe10000 ---p 00029000 08:06 10486225                   /usr/lib/jvm/jdk1.8.0_111/jre/lib/amd64/libglass.so
7f3c9fe10000-7f3c9fe13000 rw-p 00028000 08:06 10486225                   /usr/lib/jvm/jdk1.8.0_111/jre/lib/amd64/libglass.so
7f3c9fe18000-7f3c9fe98000 rw-s 182b58000 00:06 11833                     /dev/nvidiactl
7f3c9fe9d000-7f3c9ff1d000 rw-s 1a41b5000 00:06 11833                     /dev/nvidiactl
7f3c9ff21000-7f3c9ffa1000 rw-s 167c89000 00:06 11833                     /dev/nvidiactl
7f3c9ffa7000-7f3c9ffaa000 ---p 00000000 00:00 0 
7f3c9ffaa000-7f3ca00a8000 rw-p 00000000 00:00 0                          [stack:12324]
7f3ca00a8000-7f3ca00c8000 rw-s c0320000 00:06 11834                      /dev/nvidia0
7f3ca00c9000-7f3ca0109000 rw-s 8a969000 00:06 11833                      /dev/nvidiactl
7f3ca0110000-7f3ca0116000 r-xp 00000000 08:06 270780                     /usr/lib/x86_64-linux-gnu/libdatrie.so.1.3.1
7f3ca0116000-7f3ca0315000 ---p 00006000 08:06 270780                     /usr/lib/x86_64-linux-gnu/libdatrie.so.1.3.1
7f3ca0315000-7f3ca0316000 r--p 00005000 08:06 270780                     /usr/lib/x86_64-linux-gnu/libdatrie.so.1.3.1
7f3ca0316000-7f3ca0317000 rw-p 00006000 08:06 270780                     /usr/lib/x86_64-linux-gnu/libdatrie.so.1.3.1
7f3ca0318000-7f3ca031d000 r-xp 00000000 08:06 270557                     /usr/lib/x86_64-linux-gnu/libXdmcp.so.6.0.0
7f3ca031d000-7f3ca051c000 ---p 00005000 08:06 270557                     /usr/lib/x86_64-linux-gnu/libXdmcp.so.6.0.0
7f3ca051c000-7f3ca051d000 r--p 00004000 08:06 270557                     /usr/lib/x86_64-linux-gnu/libXdmcp.so.6.0.0
7f3ca051d000-7f3ca051e000 rw-p 00005000 08:06 270557                     /usr/lib/x86_64-linux-gnu/libXdmcp.so.6.0.0
7f3ca0520000-7f3ca0522000 r-xp 00000000 08:06 270544                     /usr/lib/x86_64-linux-gnu/libXau.so.6.0.0
7f3ca0522000-7f3ca0722000 ---p 00002000 08:06 270544                     /usr/lib/x86_64-linux-gnu/libXau.so.6.0.0
7f3ca0722000-7f3ca0723000 r--p 00002000 08:06 270544                     /usr/lib/x86_64-linux-gnu/libXau.so.6.0.0
7f3ca0723000-7f3ca0724000 rw-p 00003000 08:06 270544                     /usr/lib/x86_64-linux-gnu/libXau.so.6.0.0
7f3ca0728000-7f3ca0742000 r-xp 00000000 08:06 263304                     /usr/lib/x86_64-linux-gnu/libgraphite2.so.3.0.1
7f3ca0742000-7f3ca0941000 ---p 0001a000 08:06 263304                     /usr/lib/x86_64-linux-gnu/libgraphite2.so.3.0.1
7f3ca0941000-7f3ca0943000 r--p 00019000 08:06 263304                     /usr/lib/x86_64-linux-gnu/libgraphite2.so.3.0.1
7f3ca0943000-7f3ca0944000 rw-p 0001b000 08:06 263304                     /usr/lib/x86_64-linux-gnu/libgraphite2.so.3.0.1
7f3ca0948000-7f3ca2345000 r-xp 00000000 08:06 921231                     /usr/lib/nvidia-352/libnvidia-glcore.so.352.63
7f3ca2345000-7f3ca2365000 rwxp 019fd000 08:06 921231                     /usr/lib/nvidia-352/libnvidia-glcore.so.352.63
7f3ca2365000-7f3ca262c000 r-xp 01a1d000 08:06 921231                     /usr/lib/nvidia-352/libnvidia-glcore.so.352.63
7f3ca262c000-7f3ca282b000 ---p 01ce4000 08:06 921231                     /usr/lib/nvidia-352/libnvidia-glcore.so.352.63
7f3ca282b000-7f3ca33c7000 rw-p 01ce3000 08:06 921231                     /usr/lib/nvidia-352/libnvidia-glcore.so.352.63
7f3ca33c7000-7f3ca33db000 rw-p 00000000 00:00 0 
7f3ca33e0000-7f3ca33e3000 r-xp 00000000 08:06 1184481                    /usr/lib/nvidia-352/tls/libnvidia-tls.so.352.63
7f3ca33e3000-7f3ca35e2000 ---p 00003000 08:06 1184481                    /usr/lib/nvidia-352/tls/libnvidia-tls.so.352.63
7f3ca35e2000-7f3ca35e3000 rw-p 00002000 08:06 1184481                    /usr/lib/nvidia-352/tls/libnvidia-tls.so.352.63
7f3ca35e8000-7f3ca3625000 r-xp 00000000 08:06 11276632                   /lib/x86_64-linux-gnu/libpcre.so.3.13.1
7f3ca3625000-7f3ca3824000 ---p 0003d000 08:06 11276632                   /lib/x86_64-linux-gnu/libpcre.so.3.13.1
7f3ca3824000-7f3ca3825000 r--p 0003c000 08:06 11276632                   /lib/x86_64-linux-gnu/libpcre.so.3.13.1
7f3ca3825000-7f3ca3826000 rw-p 0003d000 08:06 11276632                   /lib/x86_64-linux-gnu/libpcre.so.3.13.1
7f3ca3828000-7f3ca382f000 r-xp 00000000 08:06 262898                     /usr/lib/x86_64-linux-gnu/libffi.so.6.0.1
7f3ca382f000-7f3ca3a2e000 ---p 00007000 08:06 262898                     /usr/lib/x86_64-linux-gnu/libffi.so.6.0.1
7f3ca3a2e000-7f3ca3a2f000 r--p 00006000 08:06 262898                     /usr/lib/x86_64-linux-gnu/libffi.so.6.0.1
7f3ca3a2f000-7f3ca3a30000 rw-p 00007000 08:06 262898                     /usr/lib/x86_64-linux-gnu/libffi.so.6.0.1
7f3ca3a30000-7f3ca3a57000 r-xp 00000000 08:06 11276550                   /lib/x86_64-linux-gnu/libexpat.so.1.6.0
7f3ca3a57000-7f3ca3c57000 ---p 00027000 08:06 11276550                   /lib/x86_64-linux-gnu/libexpat.so.1.6.0
7f3ca3c57000-7f3ca3c59000 r--p 00027000 08:06 11276550                   /lib/x86_64-linux-gnu/libexpat.so.1.6.0
7f3ca3c59000-7f3ca3c5a000 rw-p 00029000 08:06 11276550                   /lib/x86_64-linux-gnu/libexpat.so.1.6.0
7f3ca3c60000-7f3ca3c68000 r-xp 00000000 08:06 271660                     /usr/lib/x86_64-linux-gnu/libthai.so.0.2.0
7f3ca3c68000-7f3ca3e67000 ---p 00008000 08:06 271660                     /usr/lib/x86_64-linux-gnu/libthai.so.0.2.0
7f3ca3e67000-7f3ca3e68000 r--p 00007000 08:06 271660                     /usr/lib/x86_64-linux-gnu/libthai.so.0.2.0
7f3ca3e68000-7f3ca3e69000 rw-p 00008000 08:06 271660                     /usr/lib/x86_64-linux-gnu/libthai.so.0.2.0
7f3ca3e70000-7f3ca3e8d000 r-xp 00000000 08:06 271805                     /usr/lib/x86_64-linux-gnu/libxcb.so.1.1.0
7f3ca3e8d000-7f3ca408d000 ---p 0001d000 08:06 271805                     /usr/lib/x86_64-linux-gnu/libxcb.so.1.1.0
7f3ca408d000-7f3ca408e000 r--p 0001d000 08:06 271805                     /usr/lib/x86_64-linux-gnu/libxcb.so.1.1.0
7f3ca408e000-7f3ca408f000 rw-p 0001e000 08:06 271805                     /usr/lib/x86_64-linux-gnu/libxcb.so.1.1.0
7f3ca4090000-7f3ca4098000 r-xp 00000000 08:06 271787                     /usr/lib/x86_64-linux-gnu/libxcb-render.so.0.0.0
7f3ca4098000-7f3ca4297000 ---p 00008000 08:06 271787                     /usr/lib/x86_64-linux-gnu/libxcb-render.so.0.0.0
7f3ca4297000-7f3ca4298000 r--p 00007000 08:06 271787                     /usr/lib/x86_64-linux-gnu/libxcb-render.so.0.0.0
7f3ca4298000-7f3ca4299000 rw-p 00008000 08:06 271787                     /usr/lib/x86_64-linux-gnu/libxcb-render.so.0.0.0
7f3ca42a0000-7f3ca42a2000 r-xp 00000000 08:06 271791                     /usr/lib/x86_64-linux-gnu/libxcb-shm.so.0.0.0
7f3ca42a2000-7f3ca44a1000 ---p 00002000 08:06 271791                     /usr/lib/x86_64-linux-gnu/libxcb-shm.so.0.0.0
7f3ca44a1000-7f3ca44a2000 r--p 00001000 08:06 271791                     /usr/lib/x86_64-linux-gnu/libxcb-shm.so.0.0.0
7f3ca44a2000-7f3ca44a3000 rw-p 00002000 08:06 271791                     /usr/lib/x86_64-linux-gnu/libxcb-shm.so.0.0.0
7f3ca44a8000-7f3ca44cd000 r-xp 00000000 08:06 11273421                   /lib/x86_64-linux-gnu/libpng12.so.0.50.0
7f3ca44cd000-7f3ca46cc000 ---p 00025000 08:06 11273421                   /lib/x86_64-linux-gnu/libpng12.so.0.50.0
7f3ca46cc000-7f3ca46cd000 r--p 00024000 08:06 11273421                   /lib/x86_64-linux-gnu/libpng12.so.0.50.0
7f3ca46cd000-7f3ca46ce000 rw-p 00025000 08:06 11273421                   /lib/x86_64-linux-gnu/libpng12.so.0.50.0
7f3ca46d0000-7f3ca4771000 r-xp 00000000 08:06 271486                     /usr/lib/x86_64-linux-gnu/libpixman-1.so.0.30.2
7f3ca4771000-7f3ca4971000 ---p 000a1000 08:06 271486                     /usr/lib/x86_64-linux-gnu/libpixman-1.so.0.30.2
7f3ca4971000-7f3ca4978000 r--p 000a1000 08:06 271486                     /usr/lib/x86_64-linux-gnu/libpixman-1.so.0.30.2
7f3ca4978000-7f3ca4979000 rw-p 000a8000 08:06 271486                     /usr/lib/x86_64-linux-gnu/libpixman-1.so.0.30.2
7f3ca4980000-7f3ca49d3000 r-xp 00000000 08:06 271186                     /usr/lib/x86_64-linux-gnu/libharfbuzz.so.0.927.0
7f3ca49d3000-7f3ca4bd3000 ---p 00053000 08:06 271186                     /usr/lib/x86_64-linux-gnu/libharfbuzz.so.0.927.0
7f3ca4bd3000-7f3ca4bd4000 r--p 00053000 08:06 271186                     /usr/lib/x86_64-linux-gnu/libharfbuzz.so.0.927.0
7f3ca4bd4000-7f3ca4bd5000 rw-p 00054000 08:06 271186                     /usr/lib/x86_64-linux-gnu/libharfbuzz.so.0.927.0
7f3ca4bd8000-7f3ca4bef000 r-xp 00000000 08:06 11272221                   /lib/x86_64-linux-gnu/libresolv-2.19.so
7f3ca4bef000-7f3ca4def000 ---p 00017000 08:06 11272221                   /lib/x86_64-linux-gnu/libresolv-2.19.so
7f3ca4def000-7f3ca4df0000 r--p 00017000 08:06 11272221                   /lib/x86_64-linux-gnu/libresolv-2.19.so
7f3ca4df0000-7f3ca4df1000 rw-p 00018000 08:06 11272221                   /lib/x86_64-linux-gnu/libresolv-2.19.so
7f3ca4df1000-7f3ca4df3000 rw-p 00000000 00:00 0 
7f3ca4df8000-7f3ca4e18000 r-xp 00000000 08:06 11276659                   /lib/x86_64-linux-gnu/libselinux.so.1
7f3ca4e18000-7f3ca5017000 ---p 00020000 08:06 11276659                   /lib/x86_64-linux-gnu/libselinux.so.1
7f3ca5017000-7f3ca5018000 r--p 0001f000 08:06 11276659                   /lib/x86_64-linux-gnu/libselinux.so.1
7f3ca5018000-7f3ca5019000 rw-p 00020000 08:06 11276659                   /lib/x86_64-linux-gnu/libselinux.so.1
7f3ca5019000-7f3ca501b000 rw-p 00000000 00:00 0 
7f3ca5020000-7f3ca5038000 r-xp 00000000 08:06 11276690                   /lib/x86_64-linux-gnu/libz.so.1.2.8
7f3ca5038000-7f3ca5237000 ---p 00018000 08:06 11276690                   /lib/x86_64-linux-gnu/libz.so.1.2.8
7f3ca5237000-7f3ca5238000 r--p 00017000 08:06 11276690                   /lib/x86_64-linux-gnu/libz.so.1.2.8
7f3ca5238000-7f3ca5239000 rw-p 00018000 08:06 11276690                   /lib/x86_64-linux-gnu/libz.so.1.2.8
7f3ca5240000-7f3ca5251000 r-xp 00000000 08:06 270559                     /usr/lib/x86_64-linux-gnu/libXext.so.6.4.0
7f3ca5251000-7f3ca5450000 ---p 00011000 08:06 270559                     /usr/lib/x86_64-linux-gnu/libXext.so.6.4.0
7f3ca5450000-7f3ca5451000 r--p 00010000 08:06 270559                     /usr/lib/x86_64-linux-gnu/libXext.so.6.4.0
7f3ca5451000-7f3ca5452000 rw-p 00011000 08:06 270559                     /usr/lib/x86_64-linux-gnu/libXext.so.6.4.0
7f3ca5458000-7f3ca545a000 r-xp 00000000 08:06 270553                     /usr/lib/x86_64-linux-gnu/libXdamage.so.1.1.0
7f3ca545a000-7f3ca5659000 ---p 00002000 08:06 270553                     /usr/lib/x86_64-linux-gnu/libXdamage.so.1.1.0
7f3ca5659000-7f3ca565a000 r--p 00001000 08:06 270553                     /usr/lib/x86_64-linux-gnu/libXdamage.so.1.1.0
7f3ca565a000-7f3ca565b000 rw-p 00002000 08:06 270553                     /usr/lib/x86_64-linux-gnu/libXdamage.so.1.1.0
7f3ca5660000-7f3ca5662000 r-xp 00000000 08:06 270549                     /usr/lib/x86_64-linux-gnu/libXcomposite.so.1.0.0
7f3ca5662000-7f3ca5861000 ---p 00002000 08:06 270549                     /usr/lib/x86_64-linux-gnu/libXcomposite.so.1.0.0
7f3ca5861000-7f3ca5862000 r--p 00001000 08:06 270549                     /usr/lib/x86_64-linux-gnu/libXcomposite.so.1.0.0
7f3ca5862000-7f3ca5863000 rw-p 00002000 08:06 270549                     /usr/lib/x86_64-linux-gnu/libXcomposite.so.1.0.0
7f3ca5868000-7f3ca5871000 r-xp 00000000 08:06 270551                     /usr/lib/x86_64-linux-gnu/libXcursor.so.1.0.2
7f3ca5871000-7f3ca5a70000 ---p 00009000 08:06 270551                     /usr/lib/x86_64-linux-gnu/libXcursor.so.1.0.2
7f3ca5a70000-7f3ca5a71000 r--p 00008000 08:06 270551                     /usr/lib/x86_64-linux-gnu/libXcursor.so.1.0.2
7f3ca5a71000-7f3ca5a72000 rw-p 00009000 08:06 270551                     /usr/lib/x86_64-linux-gnu/libXcursor.so.1.0.2
7f3ca5a78000-7f3ca5a81000 r-xp 00000000 08:06 270579                     /usr/lib/x86_64-linux-gnu/libXrandr.so.2.2.0
7f3ca5a81000-7f3ca5c80000 ---p 00009000 08:06 270579                     /usr/lib/x86_64-linux-gnu/libXrandr.so.2.2.0
7f3ca5c80000-7f3ca5c81000 r--p 00008000 08:06 270579                     /usr/lib/x86_64-linux-gnu/libXrandr.so.2.2.0
7f3ca5c81000-7f3ca5c82000 rw-p 00009000 08:06 270579                     /usr/lib/x86_64-linux-gnu/libXrandr.so.2.2.0
7f3ca5c88000-7f3ca5c97000 r-xp 00000000 08:06 270567                     /usr/lib/x86_64-linux-gnu/libXi.so.6.1.0
7f3ca5c97000-7f3ca5e96000 ---p 0000f000 08:06 270567                     /usr/lib/x86_64-linux-gnu/libXi.so.6.1.0
7f3ca5e96000-7f3ca5e97000 r--p 0000e000 08:06 270567                     /usr/lib/x86_64-linux-gnu/libXi.so.6.1.0
7f3ca5e97000-7f3ca5e98000 rw-p 0000f000 08:06 270567                     /usr/lib/x86_64-linux-gnu/libXi.so.6.1.0
7f3ca5e98000-7f3ca5e9a000 r-xp 00000000 08:06 270569                     /usr/lib/x86_64-linux-gnu/libXinerama.so.1.0.0
7f3ca5e9a000-7f3ca6099000 ---p 00002000 08:06 270569                     /usr/lib/x86_64-linux-gnu/libXinerama.so.1.0.0
7f3ca6099000-7f3ca609a000 r--p 00001000 08:06 270569                     /usr/lib/x86_64-linux-gnu/libXinerama.so.1.0.0
7f3ca609a000-7f3ca609b000 rw-p 00002000 08:06 270569                     /usr/lib/x86_64-linux-gnu/libXinerama.so.1.0.0
7f3ca60a0000-7f3ca60a9000 r-xp 00000000 08:06 270581                     /usr/lib/x86_64-linux-gnu/libXrender.so.1.3.0
7f3ca60a9000-7f3ca62a8000 ---p 00009000 08:06 270581                     /usr/lib/x86_64-linux-gnu/libXrender.so.1.3.0
7f3ca62a8000-7f3ca62a9000 r--p 00008000 08:06 270581                     /usr/lib/x86_64-linux-gnu/libXrender.so.1.3.0
7f3ca62a9000-7f3ca62aa000 rw-p 00009000 08:06 270581                     /usr/lib/x86_64-linux-gnu/libXrender.so.1.3.0
7f3ca62b0000-7f3ca62b5000 r-xp 00000000 08:06 270561                     /usr/lib/x86_64-linux-gnu/libXfixes.so.3.1.0
7f3ca62b5000-7f3ca64b4000 ---p 00005000 08:06 270561                     /usr/lib/x86_64-linux-gnu/libXfixes.so.3.1.0
7f3ca64b4000-7f3ca64b5000 r--p 00004000 08:06 270561                     /usr/lib/x86_64-linux-gnu/libXfixes.so.3.1.0
7f3ca64b5000-7f3ca64b6000 rw-p 00005000 08:06 270561                     /usr/lib/x86_64-linux-gnu/libXfixes.so.3.1.0
7f3ca64b8000-7f3ca64ce000 r-xp 00000000 08:06 11273328                   /lib/x86_64-linux-gnu/libgcc_s.so.1
7f3ca64ce000-7f3ca66cd000 ---p 00016000 08:06 11273328                   /lib/x86_64-linux-gnu/libgcc_s.so.1
7f3ca66cd000-7f3ca66ce000 rw-p 00015000 08:06 11273328                   /lib/x86_64-linux-gnu/libgcc_s.so.1
7f3ca66d0000-7f3ca67b6000 r-xp 00000000 08:06 262560                     /usr/lib/x86_64-linux-gnu/libstdc++.so.6.0.19
7f3ca67b6000-7f3ca69b5000 ---p 000e6000 08:06 262560                     /usr/lib/x86_64-linux-gnu/libstdc++.so.6.0.19
7f3ca69b5000-7f3ca69bd000 r--p 000e5000 08:06 262560                     /usr/lib/x86_64-linux-gnu/libstdc++.so.6.0.19
7f3ca69bd000-7f3ca69bf000 rw-p 000ed000 08:06 262560                     /usr/lib/x86_64-linux-gnu/libstdc++.so.6.0.19
7f3ca69bf000-7f3ca69d4000 rw-p 00000000 00:00 0 
7f3ca69d8000-7f3ca6a96000 r-xp 00000000 08:06 921224                     /usr/lib/nvidia-352/libGL.so.352.63
7f3ca6a96000-7f3ca6ac9000 rwxp 000be000 08:06 921224                     /usr/lib/nvidia-352/libGL.so.352.63
7f3ca6ac9000-7f3ca6adb000 r-xp 000f1000 08:06 921224                     /usr/lib/nvidia-352/libGL.so.352.63
7f3ca6adb000-7f3ca6cda000 ---p 00103000 08:06 921224                     /usr/lib/nvidia-352/libGL.so.352.63
7f3ca6cda000-7f3ca6d02000 rw-p 00102000 08:06 921224                     /usr/lib/nvidia-352/libGL.so.352.63
7f3ca6d02000-7f3ca6d08000 rw-p 00000000 00:00 0 
7f3ca6d08000-7f3ca6d0c000 r-xp 00000000 08:06 270597                     /usr/lib/x86_64-linux-gnu/libXxf86vm.so.1.0.0
7f3ca6d0c000-7f3ca6f0c000 ---p 00004000 08:06 270597                     /usr/lib/x86_64-linux-gnu/libXxf86vm.so.1.0.0
7f3ca6f0c000-7f3ca6f0d000 r--p 00004000 08:06 270597                     /usr/lib/x86_64-linux-gnu/libXxf86vm.so.1.0.0
7f3ca6f0d000-7f3ca6f0e000 rw-p 00005000 08:06 270597                     /usr/lib/x86_64-linux-gnu/libXxf86vm.so.1.0.0
7f3ca6f10000-7f3ca7040000 r-xp 00000000 08:06 270538                     /usr/lib/x86_64-linux-gnu/libX11.so.6.3.0
7f3ca7040000-7f3ca7240000 ---p 00130000 08:06 270538                     /usr/lib/x86_64-linux-gnu/libX11.so.6.3.0
7f3ca7240000-7f3ca7241000 r--p 00130000 08:06 270538                     /usr/lib/x86_64-linux-gnu/libX11.so.6.3.0
7f3ca7241000-7f3ca7245000 rw-p 00131000 08:06 270538                     /usr/lib/x86_64-linux-gnu/libX11.so.6.3.0
7f3ca7248000-7f3ca724d000 r-xp 00000000 08:06 270587                     /usr/lib/x86_64-linux-gnu/libXtst.so.6.1.0
7f3ca724d000-7f3ca744c000 ---p 00005000 08:06 270587                     /usr/lib/x86_64-linux-gnu/libXtst.so.6.1.0
7f3ca744c000-7f3ca744d000 r--p 00004000 08:06 270587                     /usr/lib/x86_64-linux-gnu/libXtst.so.6.1.0
7f3ca744d000-7f3ca744e000 rw-p 00005000 08:06 270587                     /usr/lib/x86_64-linux-gnu/libXtst.so.6.1.0
7f3ca7450000-7f3ca7556000 r-xp 00000000 08:06 11276559                   /lib/x86_64-linux-gnu/libglib-2.0.so.0.4002.0
7f3ca7556000-7f3ca7755000 ---p 00106000 08:06 11276559                   /lib/x86_64-linux-gnu/libglib-2.0.so.0.4002.0
7f3ca7755000-7f3ca7756000 r--p 00105000 08:06 11276559                   /lib/x86_64-linux-gnu/libglib-2.0.so.0.4002.0
7f3ca7756000-7f3ca7757000 rw-p 00106000 08:06 11276559                   /lib/x86_64-linux-gnu/libglib-2.0.so.0.4002.0
7f3ca7757000-7f3ca7758000 rw-p 00000000 00:00 0 
7f3ca7758000-7f3ca7759000 r-xp 00000000 08:06 271159                     /usr/lib/x86_64-linux-gnu/libgthread-2.0.so.0.4002.0
7f3ca7759000-7f3ca7958000 ---p 00001000 08:06 271159                     /usr/lib/x86_64-linux-gnu/libgthread-2.0.so.0.4002.0
7f3ca7958000-7f3ca7959000 r--p 00000000 08:06 271159                     /usr/lib/x86_64-linux-gnu/libgthread-2.0.so.0.4002.0
7f3ca7959000-7f3ca795a000 rw-p 00001000 08:06 271159                     /usr/lib/x86_64-linux-gnu/libgthread-2.0.so.0.4002.0
7f3ca7960000-7f3ca7963000 r-xp 00000000 08:06 271015                     /usr/lib/x86_64-linux-gnu/libgmodule-2.0.so.0.4002.0
7f3ca7963000-7f3ca7b62000 ---p 00003000 08:06 271015                     /usr/lib/x86_64-linux-gnu/libgmodule-2.0.so.0.4002.0
7f3ca7b62000-7f3ca7b63000 r--p 00002000 08:06 271015                     /usr/lib/x86_64-linux-gnu/libgmodule-2.0.so.0.4002.0
7f3ca7b63000-7f3ca7b64000 rw-p 00003000 08:06 271015                     /usr/lib/x86_64-linux-gnu/libgmodule-2.0.so.0.4002.0
7f3ca7b68000-7f3ca7bb7000 r-xp 00000000 08:06 271039                     /usr/lib/x86_64-linux-gnu/libgobject-2.0.so.0.4002.0
7f3ca7bb7000-7f3ca7db7000 ---p 0004f000 08:06 271039                     /usr/lib/x86_64-linux-gnu/libgobject-2.0.so.0.4002.0
7f3ca7db7000-7f3ca7db8000 r--p 0004f000 08:06 271039                     /usr/lib/x86_64-linux-gnu/libgobject-2.0.so.0.4002.0
7f3ca7db8000-7f3ca7db9000 rw-p 00050000 08:06 271039                     /usr/lib/x86_64-linux-gnu/libgobject-2.0.so.0.4002.0
7f3ca7dc0000-7f3ca7dfa000 r-xp 00000000 08:06 270920                     /usr/lib/x86_64-linux-gnu/libfontconfig.so.1.8.0
7f3ca7dfa000-7f3ca7ff9000 ---p 0003a000 08:06 270920                     /usr/lib/x86_64-linux-gnu/libfontconfig.so.1.8.0
7f3ca7ff9000-7f3ca7ffb000 r--p 00039000 08:06 270920                     /usr/lib/x86_64-linux-gnu/libfontconfig.so.1.8.0
7f3ca7ffb000-7f3ca7ffc000 rw-p 0003b000 08:06 270920                     /usr/lib/x86_64-linux-gnu/libfontconfig.so.1.8.0
7f3ca8000000-7f3ca8021000 rw-p 00000000 00:00 0 
7f3ca8021000-7f3cac000000 ---p 00000000 00:00 0 
7f3cac000000-7f3cac9cf000 rw-p 00000000 00:00 0 
7f3cac9cf000-7f3cb0000000 ---p 00000000 00:00 0 
7f3cb0000000-7f3cb06a4000 rw-p 00000000 00:00 0 
7f3cb06a4000-7f3cb4000000 ---p 00000000 00:00 0 
7f3cb4000000-7f3cb4021000 rw-p 00000000 00:00 0 
7f3cb4021000-7f3cb8000000 ---p 00000000 00:00 0 
7f3cb8000000-7f3cb8021000 rw-p 00000000 00:00 0 
7f3cb8021000-7f3cbc000000 ---p 00000000 00:00 0 
7f3cbc000000-7f3cbcfa2000 rw-p 00000000 00:00 0 
7f3cbcfa2000-7f3cc0000000 ---p 00000000 00:00 0 
7f3cc0000000-7f3cc0021000 rw-p 00000000 00:00 0 
7f3cc0021000-7f3cc4000000 ---p 00000000 00:00 0 
7f3cc4000000-7f3cc4021000 rw-p 00000000 00:00 0 
7f3cc4021000-7f3cc8000000 ---p 00000000 00:00 0 
7f3cc8000000-7f3cc8021000 rw-p 00000000 00:00 0 
7f3cc8021000-7f3ccc000000 ---p 00000000 00:00 0 
7f3ccc000000-7f3ccc021000 rw-p 00000000 00:00 0 
7f3ccc021000-7f3cd0000000 ---p 00000000 00:00 0 
7f3cd0000000-7f3cd0021000 rw-p 00000000 00:00 0 
7f3cd0021000-7f3cd4000000 ---p 00000000 00:00 0 
7f3cd4000000-7f3cd4001000 r--s 00000000 08:06 3801389                    /var/cache/fontconfig/0c9eb80ebd1c36541ebe2852d3bb0c49-le64.cache-4
7f3cd4008000-7f3cd400a000 rw-s 00000000 08:06 131095                     /tmp/.glgDXF3r (deleted)
7f3cd400d000-7f3cd4020000 rw-s 43ced000 00:06 11833                      /dev/nvidiactl
7f3cd4024000-7f3cd4025000 rw-s 3da34000 00:06 11833                      /dev/nvidiactl
7f3cd4026000-7f3cd4046000 rw-s 3d8e6000 00:06 11833                      /dev/nvidiactl
7f3cd4048000-7f3cd4088000 rw-s 43c88000 00:06 11833                      /dev/nvidiactl
7f3cd408b000-7f3cd413f000 rw-s 22218b000 00:06 11833                     /dev/nvidiactl
7f3cd4140000-7f3cd41dd000 r-xp 00000000 08:06 270946                     /usr/lib/x86_64-linux-gnu/libfreetype.so.6.11.1
7f3cd41dd000-7f3cd43dc000 ---p 0009d000 08:06 270946                     /usr/lib/x86_64-linux-gnu/libfreetype.so.6.11.1
7f3cd43dc000-7f3cd43e2000 r--p 0009c000 08:06 270946                     /usr/lib/x86_64-linux-gnu/libfreetype.so.6.11.1
7f3cd43e2000-7f3cd43e3000 rw-p 000a2000 08:06 270946                     /usr/lib/x86_64-linux-gnu/libfreetype.so.6.11.1
7f3cd43e8000-7f3cd4432000 r-xp 00000000 08:06 271463                     /usr/lib/x86_64-linux-gnu/libpango-1.0.so.0.3600.3
7f3cd4432000-7f3cd4632000 ---p 0004a000 08:06 271463                     /usr/lib/x86_64-linux-gnu/libpango-1.0.so.0.3600.3
7f3cd4632000-7f3cd4634000 r--p 0004a000 08:06 271463                     /usr/lib/x86_64-linux-gnu/libpango-1.0.so.0.3600.3
7f3cd4634000-7f3cd4635000 rw-p 0004c000 08:06 271463                     /usr/lib/x86_64-linux-gnu/libpango-1.0.so.0.3600.3
7f3cd4638000-7f3cd473e000 r-xp 00000000 08:06 270702                     /usr/lib/x86_64-linux-gnu/libcairo.so.2.11301.0
7f3cd473e000-7f3cd493d000 ---p 00106000 08:06 270702                     /usr/lib/x86_64-linux-gnu/libcairo.so.2.11301.0
7f3cd493d000-7f3cd4940000 r--p 00105000 08:06 270702                     /usr/lib/x86_64-linux-gnu/libcairo.so.2.11301.0
7f3cd4940000-7f3cd4941000 rw-p 00108000 08:06 270702                     /usr/lib/x86_64-linux-gnu/libcairo.so.2.11301.0
7f3cd4941000-7f3cd4943000 rw-p 00000000 00:00 0 
7f3cd4948000-7f3cd4953000 r-xp 00000000 08:06 271465                     /usr/lib/x86_64-linux-gnu/libpangocairo-1.0.so.0.3600.3
7f3cd4953000-7f3cd4b53000 ---p 0000b000 08:06 271465                     /usr/lib/x86_64-linux-gnu/libpangocairo-1.0.so.0.3600.3
7f3cd4b53000-7f3cd4b54000 r--p 0000b000 08:06 271465                     /usr/lib/x86_64-linux-gnu/libpangocairo-1.0.so.0.3600.3
7f3cd4b54000-7f3cd4b55000 rw-p 0000c000 08:06 271465                     /usr/lib/x86_64-linux-gnu/libpangocairo-1.0.so.0.3600.3
7f3cd4b58000-7f3cd4b78000 r-xp 00000000 08:06 270979                     /usr/lib/x86_64-linux-gnu/libgdk_pixbuf-2.0.so.0.3000.7
7f3cd4b78000-7f3cd4d77000 ---p 00020000 08:06 270979                     /usr/lib/x86_64-linux-gnu/libgdk_pixbuf-2.0.so.0.3000.7
7f3cd4d77000-7f3cd4d78000 r--p 0001f000 08:06 270979                     /usr/lib/x86_64-linux-gnu/libgdk_pixbuf-2.0.so.0.3000.7
7f3cd4d78000-7f3cd4d79000 rw-p 00020000 08:06 270979                     /usr/lib/x86_64-linux-gnu/libgdk_pixbuf-2.0.so.0.3000.7
7f3cd4d80000-7f3cd4d94000 r-xp 00000000 08:06 271467                     /usr/lib/x86_64-linux-gnu/libpangoft2-1.0.so.0.3600.3
7f3cd4d94000-7f3cd4f93000 ---p 00014000 08:06 271467                     /usr/lib/x86_64-linux-gnu/libpangoft2-1.0.so.0.3600.3
7f3cd4f93000-7f3cd4f94000 r--p 00013000 08:06 271467                     /usr/lib/x86_64-linux-gnu/libpangoft2-1.0.so.0.3600.3
7f3cd4f94000-7f3cd4f95000 rw-p 00014000 08:06 271467                     /usr/lib/x86_64-linux-gnu/libpangoft2-1.0.so.0.3600.3
7f3cd4f98000-7f3cd5104000 r-xp 00000000 08:06 271001                     /usr/lib/x86_64-linux-gnu/libgio-2.0.so.0.4002.0
7f3cd5104000-7f3cd5303000 ---p 0016c000 08:06 271001                     /usr/lib/x86_64-linux-gnu/libgio-2.0.so.0.4002.0
7f3cd5303000-7f3cd5307000 r--p 0016b000 08:06 271001                     /usr/lib/x86_64-linux-gnu/libgio-2.0.so.0.4002.0
7f3cd5307000-7f3cd5309000 rw-p 0016f000 08:06 271001                     /usr/lib/x86_64-linux-gnu/libgio-2.0.so.0.4002.0
7f3cd5309000-7f3cd530b000 rw-p 00000000 00:00 0 
7f3cd5310000-7f3cd532f000 r-xp 00000000 08:06 270646                     /usr/lib/x86_64-linux-gnu/libatk-1.0.so.0.21009.1
7f3cd532f000-7f3cd552f000 ---p 0001f000 08:06 270646                     /usr/lib/x86_64-linux-gnu/libatk-1.0.so.0.21009.1
7f3cd552f000-7f3cd5531000 r--p 0001f000 08:06 270646                     /usr/lib/x86_64-linux-gnu/libatk-1.0.so.0.21009.1
7f3cd5531000-7f3cd5532000 rw-p 00021000 08:06 270646                     /usr/lib/x86_64-linux-gnu/libatk-1.0.so.0.21009.1
7f3cd5538000-7f3cd55e5000 r-xp 00000000 08:06 262704                     /usr/lib/x86_64-linux-gnu/libgdk-x11-2.0.so.0.2400.23
7f3cd55e5000-7f3cd57e5000 ---p 000ad000 08:06 262704                     /usr/lib/x86_64-linux-gnu/libgdk-x11-2.0.so.0.2400.23
7f3cd57e5000-7f3cd57e9000 r--p 000ad000 08:06 262704                     /usr/lib/x86_64-linux-gnu/libgdk-x11-2.0.so.0.2400.23
7f3cd57e9000-7f3cd57eb000 rw-p 000b1000 08:06 262704                     /usr/lib/x86_64-linux-gnu/libgdk-x11-2.0.so.0.2400.23
7f3cd57f0000-7f3cd5c20000 r-xp 00000000 08:06 265442                     /usr/lib/x86_64-linux-gnu/libgtk-x11-2.0.so.0.2400.23
7f3cd5c20000-7f3cd5e1f000 ---p 00430000 08:06 265442                     /usr/lib/x86_64-linux-gnu/libgtk-x11-2.0.so.0.2400.23
7f3cd5e1f000-7f3cd5e26000 r--p 0042f000 08:06 265442                     /usr/lib/x86_64-linux-gnu/libgtk-x11-2.0.so.0.2400.23
7f3cd5e26000-7f3cd5e2a000 rw-p 00436000 08:06 265442                     /usr/lib/x86_64-linux-gnu/libgtk-x11-2.0.so.0.2400.23
7f3cd5e2a000-7f3cd5e2d000 rw-p 00000000 00:00 0 
7f3cd5e30000-7f3cd5e3c000 r-xp 00000000 08:06 10486192                   /usr/lib/jvm/jdk1.8.0_111/jre/lib/amd64/libprism_es2.so
7f3cd5e3c000-7f3cd603b000 ---p 0000c000 08:06 10486192                   /usr/lib/jvm/jdk1.8.0_111/jre/lib/amd64/libprism_es2.so
7f3cd603b000-7f3cd603c000 rw-p 0000b000 08:06 10486192                   /usr/lib/jvm/jdk1.8.0_111/jre/lib/amd64/libprism_es2.so
7f3cd6042000-7f3cd6045000 ---p 00000000 00:00 0 
7f3cd6045000-7f3cd6143000 rw-p 00000000 00:00 0                          [stack:11965]
7f3cd6143000-7f3cd61d9000 r--s 01103000 08:06 10486256                   /usr/lib/jvm/jdk1.8.0_111/jre/lib/ext/jfxrt.jar
7f3cd61db000-7f3cd61dc000 ---p 00000000 00:00 0 
7f3cd61dc000-7f3cd62dc000 rw-p 00000000 00:00 0                          [stack:11939]
7f3cd62dc000-7f3cd62df000 ---p 00000000 00:00 0 
7f3cd62df000-7f3cd63dd000 rw-p 00000000 00:00 0                          [stack:11938]
7f3cd63dd000-7f3cd63e0000 ---p 00000000 00:00 0 
7f3cd63e0000-7f3cd64de000 rw-p 00000000 00:00 0                          [stack:11937]
7f3cd64de000-7f3cd64e1000 ---p 00000000 00:00 0 
7f3cd64e1000-7f3cd65df000 rw-p 00000000 00:00 0                          [stack:11936]
7f3cd65df000-7f3cd65e2000 ---p 00000000 00:00 0 
7f3cd65e2000-7f3cd66e0000 rw-p 00000000 00:00 0                          [stack:11935]
7f3cd66e0000-7f3cd6c1e000 r--p 00000000 08:06 269140                     /usr/lib/locale/locale-archive
7f3cd6c1e000-7f3cd6c21000 ---p 00000000 00:00 0 
7f3cd6c21000-7f3cd6d1f000 rw-p 00000000 00:00 0                          [stack:11934]
7f3cd6d1f000-7f3cd6d22000 ---p 00000000 00:00 0 
7f3cd6d22000-7f3cd6e20000 rw-p 00000000 00:00 0                          [stack:11933]
7f3cd6e20000-7f3cd6e21000 ---p 00000000 00:00 0 
7f3cd6e21000-7f3cd782a000 rw-p 00000000 00:00 0                          [stack:11932]
7f3cd782a000-7f3cd7a02000 r--s 03d2a000 08:06 10486172                   /usr/lib/jvm/jdk1.8.0_111/jre/lib/rt.jar
7f3cd7a07000-7f3cdc3d5000 rw-p 00000000 00:00 0 
7f3cdc3d5000-7f3cdc3d6000 ---p 00000000 00:00 0 
7f3cdc3d6000-7f3cdc4d6000 rw-p 00000000 00:00 0                          [stack:11931]
7f3cdc4d6000-7f3cdc4d7000 ---p 00000000 00:00 0 
7f3cdc4d7000-7f3cdc5f5000 rw-p 00000000 00:00 0                          [stack:11930]
7f3cdc5f5000-7f3cdc867000 ---p 00000000 00:00 0 
7f3cdc867000-7f3cdc885000 rw-p 00000000 00:00 0 
7f3cdc885000-7f3cdcaf7000 ---p 00000000 00:00 0 
7f3cdcaf7000-7f3cdcb1b000 rw-p 00000000 00:00 0 
7f3cdcb1b000-7f3cdcc3f000 ---p 00000000 00:00 0 
7f3cdcc3f000-7f3cdcc6f000 rw-p 00000000 00:00 0 
7f3cdcc6f000-7f3cdd000000 ---p 00000000 00:00 0 
7f3cdd000000-7f3cddbb0000 rwxp 00000000 00:00 0 
7f3cddbb0000-7f3cec000000 ---p 00000000 00:00 0 
7f3cec000000-7f3cec457000 rw-p 00000000 00:00 0 
7f3cec457000-7f3cf0000000 ---p 00000000 00:00 0 
7f3cf0005000-7f3cf0009000 rw-s 3f1c5000 00:06 11833                      /dev/nvidiactl
7f3cf0010000-7f3cf0011000 rw-s fd060000 00:06 11834                      /dev/nvidia0
7f3cf0016000-7f3cf0017000 rw-s cfee6000 00:06 11834                      /dev/nvidia0
7f3cf0029000-7f3cf002e000 r--s 002f9000 08:06 10486125                   /usr/lib/jvm/jdk1.8.0_111/jre/lib/charsets.jar
7f3cf0030000-7f3cf0036000 r--p 00000000 08:06 1314243                    /usr/share/locale-langpack/es/LC_MESSAGES/gdk-pixbuf.mo
7f3cf0037000-7f3cf003b000 r--s 00097000 08:06 10486124                   /usr/lib/jvm/jdk1.8.0_111/jre/lib/jsse.jar
7f3cf0040000-7f3cf005a000 r-xp 00000000 08:06 10486203                   /usr/lib/jvm/jdk1.8.0_111/jre/lib/amd64/libzip.so
7f3cf005a000-7f3cf025a000 ---p 0001a000 08:06 10486203                   /usr/lib/jvm/jdk1.8.0_111/jre/lib/amd64/libzip.so
7f3cf025a000-7f3cf025b000 rw-p 0001a000 08:06 10486203                   /usr/lib/jvm/jdk1.8.0_111/jre/lib/amd64/libzip.so
7f3cf0260000-7f3cf026b000 r-xp 00000000 08:06 11273355                   /lib/x86_64-linux-gnu/libnss_files-2.19.so
7f3cf026b000-7f3cf046a000 ---p 0000b000 08:06 11273355                   /lib/x86_64-linux-gnu/libnss_files-2.19.so
7f3cf046a000-7f3cf046b000 r--p 0000a000 08:06 11273355                   /lib/x86_64-linux-gnu/libnss_files-2.19.so
7f3cf046b000-7f3cf046c000 rw-p 0000b000 08:06 11273355                   /lib/x86_64-linux-gnu/libnss_files-2.19.so
7f3cf0470000-7f3cf047b000 r-xp 00000000 08:06 11273318                   /lib/x86_64-linux-gnu/libnss_nis-2.19.so
7f3cf047b000-7f3cf067a000 ---p 0000b000 08:06 11273318                   /lib/x86_64-linux-gnu/libnss_nis-2.19.so
7f3cf067a000-7f3cf067b000 r--p 0000a000 08:06 11273318                   /lib/x86_64-linux-gnu/libnss_nis-2.19.so
7f3cf067b000-7f3cf067c000 rw-p 0000b000 08:06 11273318                   /lib/x86_64-linux-gnu/libnss_nis-2.19.so
7f3cf0680000-7f3cf0697000 r-xp 00000000 08:06 11273308                   /lib/x86_64-linux-gnu/libnsl-2.19.so
7f3cf0697000-7f3cf0896000 ---p 00017000 08:06 11273308                   /lib/x86_64-linux-gnu/libnsl-2.19.so
7f3cf0896000-7f3cf0897000 r--p 00016000 08:06 11273308                   /lib/x86_64-linux-gnu/libnsl-2.19.so
7f3cf0897000-7f3cf0898000 rw-p 00017000 08:06 11273308                   /lib/x86_64-linux-gnu/libnsl-2.19.so
7f3cf0898000-7f3cf089a000 rw-p 00000000 00:00 0 
7f3cf08a0000-7f3cf08a9000 r-xp 00000000 08:06 11273302                   /lib/x86_64-linux-gnu/libnss_compat-2.19.so
7f3cf08a9000-7f3cf0aa8000 ---p 00009000 08:06 11273302                   /lib/x86_64-linux-gnu/libnss_compat-2.19.so
7f3cf0aa8000-7f3cf0aa9000 r--p 00008000 08:06 11273302                   /lib/x86_64-linux-gnu/libnss_compat-2.19.so
7f3cf0aa9000-7f3cf0aaa000 rw-p 00009000 08:06 11273302                   /lib/x86_64-linux-gnu/libnss_compat-2.19.so
7f3cf0ab0000-7f3cf0adb000 r-xp 00000000 08:06 10486230                   /usr/lib/jvm/jdk1.8.0_111/jre/lib/amd64/libjava.so
7f3cf0adb000-7f3cf0cda000 ---p 0002b000 08:06 10486230                   /usr/lib/jvm/jdk1.8.0_111/jre/lib/amd64/libjava.so
7f3cf0cda000-7f3cf0cdc000 rw-p 0002a000 08:06 10486230                   /usr/lib/jvm/jdk1.8.0_111/jre/lib/amd64/libjava.so
7f3cf0ce0000-7f3cf0ced000 r-xp 00000000 08:06 10486181                   /usr/lib/jvm/jdk1.8.0_111/jre/lib/amd64/libverify.so
7f3cf0ced000-7f3cf0eec000 ---p 0000d000 08:06 10486181                   /usr/lib/jvm/jdk1.8.0_111/jre/lib/amd64/libverify.so
7f3cf0eec000-7f3cf0eee000 rw-p 0000c000 08:06 10486181                   /usr/lib/jvm/jdk1.8.0_111/jre/lib/amd64/libverify.so
7f3cf0ef0000-7f3cf0ef7000 r-xp 00000000 08:06 11273343                   /lib/x86_64-linux-gnu/librt-2.19.so
7f3cf0ef7000-7f3cf10f6000 ---p 00007000 08:06 11273343                   /lib/x86_64-linux-gnu/librt-2.19.so
7f3cf10f6000-7f3cf10f7000 r--p 00006000 08:06 11273343                   /lib/x86_64-linux-gnu/librt-2.19.so
7f3cf10f7000-7f3cf10f8000 rw-p 00007000 08:06 11273343                   /lib/x86_64-linux-gnu/librt-2.19.so
7f3cf10f8000-7f3cf11fd000 r-xp 00000000 08:06 11273293                   /lib/x86_64-linux-gnu/libm-2.19.so
7f3cf11fd000-7f3cf13fc000 ---p 00105000 08:06 11273293                   /lib/x86_64-linux-gnu/libm-2.19.so
7f3cf13fc000-7f3cf13fd000 r--p 00104000 08:06 11273293                   /lib/x86_64-linux-gnu/libm-2.19.so
7f3cf13fd000-7f3cf13fe000 rw-p 00105000 08:06 11273293                   /lib/x86_64-linux-gnu/libm-2.19.so
7f3cf1400000-7f3cf20cd000 r-xp 00000000 08:06 10486234                   /usr/lib/jvm/jdk1.8.0_111/jre/lib/amd64/server/libjvm.so
7f3cf20cd000-7f3cf22cc000 ---p 00ccd000 08:06 10486234                   /usr/lib/jvm/jdk1.8.0_111/jre/lib/amd64/server/libjvm.so
7f3cf22cc000-7f3cf23a5000 rw-p 00ccc000 08:06 10486234                   /usr/lib/jvm/jdk1.8.0_111/jre/lib/amd64/server/libjvm.so
7f3cf23a5000-7f3cf23f0000 rw-p 00000000 00:00 0 
7f3cf23f0000-7f3cf25ab000 r-xp 00000000 08:06 11273344                   /lib/x86_64-linux-gnu/libc-2.19.so
7f3cf25ab000-7f3cf27aa000 ---p 001bb000 08:06 11273344                   /lib/x86_64-linux-gnu/libc-2.19.so
7f3cf27aa000-7f3cf27ae000 r--p 001ba000 08:06 11273344                   /lib/x86_64-linux-gnu/libc-2.19.so
7f3cf27ae000-7f3cf27b0000 rw-p 001be000 08:06 11273344                   /lib/x86_64-linux-gnu/libc-2.19.so
7f3cf27b0000-7f3cf27b5000 rw-p 00000000 00:00 0 
7f3cf27b8000-7f3cf27bb000 r-xp 00000000 08:06 11273295                   /lib/x86_64-linux-gnu/libdl-2.19.so
7f3cf27bb000-7f3cf29ba000 ---p 00003000 08:06 11273295                   /lib/x86_64-linux-gnu/libdl-2.19.so
7f3cf29ba000-7f3cf29bb000 r--p 00002000 08:06 11273295                   /lib/x86_64-linux-gnu/libdl-2.19.so
7f3cf29bb000-7f3cf29bc000 rw-p 00003000 08:06 11273295                   /lib/x86_64-linux-gnu/libdl-2.19.so
7f3cf29c0000-7f3cf29d5000 r-xp 00000000 08:06 10486219                   /usr/lib/jvm/jdk1.8.0_111/jre/lib/amd64/jli/libjli.so
7f3cf29d5000-7f3cf2bd5000 ---p 00015000 08:06 10486219                   /usr/lib/jvm/jdk1.8.0_111/jre/lib/amd64/jli/libjli.so
7f3cf2bd5000-7f3cf2bd6000 rw-p 00015000 08:06 10486219                   /usr/lib/jvm/jdk1.8.0_111/jre/lib/amd64/jli/libjli.so
7f3cf2bd8000-7f3cf2bf1000 r-xp 00000000 08:06 11273309                   /lib/x86_64-linux-gnu/libpthread-2.19.so
7f3cf2bf1000-7f3cf2df0000 ---p 00019000 08:06 11273309                   /lib/x86_64-linux-gnu/libpthread-2.19.so
7f3cf2df0000-7f3cf2df1000 r--p 00018000 08:06 11273309                   /lib/x86_64-linux-gnu/libpthread-2.19.so
7f3cf2df1000-7f3cf2df2000 rw-p 00019000 08:06 11273309                   /lib/x86_64-linux-gnu/libpthread-2.19.so
7f3cf2df2000-7f3cf2df6000 rw-p 00000000 00:00 0 
7f3cf2df8000-7f3cf2e1b000 r-xp 00000000 08:06 11273314                   /lib/x86_64-linux-gnu/ld-2.19.so
7f3cf2e1c000-7f3cf2eed000 rw-p 00000000 00:00 0 
7f3cf2eed000-7f3cf2ef0000 ---p 00000000 00:00 0 
7f3cf2ef0000-7f3cf2ff0000 rw-p 00000000 00:00 0                          [stack:11927]
7f3cf2ff6000-7f3cf2ff7000 rw-s cfee6000 00:06 11834                      /dev/nvidia0
7f3cf2ff9000-7f3cf2ffa000 rw-s fd641000 00:06 11834                      /dev/nvidia0
7f3cf2ffc000-7f3cf2ffd000 rw-s 222edc000 00:06 11833                     /dev/nvidiactl
7f3cf2fff000-7f3cf3000000 rw-s 3d82f000 00:06 11833                      /dev/nvidiactl
7f3cf3004000-7f3cf3006000 r--s 00024000 08:06 10619549                   /home/xmbeat/NetBeansProjects/FingerprintLogin/dist/run356775945/FingerprintLogin.jar
7f3cf3008000-7f3cf3010000 rw-s 00000000 08:06 1185733                    /tmp/hsperfdata_xmbeat/11925
7f3cf3015000-7f3cf3018000 rw-p 00000000 00:00 0 
7f3cf3018000-7f3cf3019000 r--p 00000000 00:00 0 
7f3cf3019000-7f3cf301a000 rw-p 00000000 00:00 0 
7f3cf301a000-7f3cf301b000 r--p 00022000 08:06 11273314                   /lib/x86_64-linux-gnu/ld-2.19.so
7f3cf301b000-7f3cf301c000 rw-p 00023000 08:06 11273314                   /lib/x86_64-linux-gnu/ld-2.19.so
7f3cf301c000-7f3cf301e000 rw-p 00000000 00:00 0 
7f3cf301e000-7f3cf3020000 rw-p 00000000 00:00 0 
7ffcbe6ad000-7ffcbe6ce000 rw-p 00000000 00:00 0                          [stack]
7ffcbe768000-7ffcbe76a000 r--p 00000000 00:00 0                          [vvar]
7ffcbe76a000-7ffcbe76c000 r-xp 00000000 00:00 0                          [vdso]
ffffffffff600000-ffffffffff601000 r-xp 00000000 00:00 0                  [vsyscall]

VM Arguments:
jvm_args: -Dfile.encoding=UTF-8 
java_command: /home/xmbeat/NetBeansProjects/FingerprintLogin/dist/run356775945/FingerprintLogin.jar
java_class_path (initial): /home/xmbeat/NetBeansProjects/FingerprintLogin/dist/run356775945/FingerprintLogin.jar
Launcher Type: SUN_STANDARD

Environment Variables:
PATH=/home/xmbeat/bin:/usr/local/sbin:/usr/local/bin:/usr/sbin:/usr/bin:/sbin:/bin:/usr/games:/usr/local/games
USERNAME=xmbeat
LD_LIBRARY_PATH=/usr/lib/jvm/jdk1.8.0_111/jre/lib/amd64:/usr/lib/jvm/jdk1.8.0_111/jre/lib/i386:
SHELL=/bin/bash
DISPLAY=:0

Signal Handlers:
SIGSEGV: [libjvm.so+0xac64b0], sa_mask[0]=11111111011111111101111111111110, sa_flags=SA_RESTART|SA_SIGINFO
SIGBUS: [libjvm.so+0xac64b0], sa_mask[0]=11111111011111111101111111111110, sa_flags=SA_RESTART|SA_SIGINFO
SIGFPE: [libjvm.so+0x91f950], sa_mask[0]=11111111011111111101111111111110, sa_flags=SA_RESTART|SA_SIGINFO
SIGPIPE: SIG_IGN, sa_mask[0]=00000000000000000000000000000000, sa_flags=none
SIGXFSZ: [libjvm.so+0x91f950], sa_mask[0]=11111111011111111101111111111110, sa_flags=SA_RESTART|SA_SIGINFO
SIGILL: [libjvm.so+0x91f950], sa_mask[0]=11111111011111111101111111111110, sa_flags=SA_RESTART|SA_SIGINFO
SIGUSR1: SIG_DFL, sa_mask[0]=00000000000000000000000000000000, sa_flags=none
SIGUSR2: [libjvm.so+0x920f80], sa_mask[0]=00100000000000000000000000000000, sa_flags=SA_RESTART|SA_SIGINFO
SIGHUP: [libjvm.so+0x922380], sa_mask[0]=11111111011111111101111111111110, sa_flags=SA_RESTART|SA_SIGINFO
SIGINT: SIG_IGN, sa_mask[0]=00000000000000000000000000000000, sa_flags=none
SIGTERM: [libjvm.so+0x922380], sa_mask[0]=11111111011111111101111111111110, sa_flags=SA_RESTART|SA_SIGINFO
SIGQUIT: [libjvm.so+0x922380], sa_mask[0]=11111111011111111101111111111110, sa_flags=SA_RESTART|SA_SIGINFO


---------------  S Y S T E M  ---------------

OS:DISTRIB_ID=LinuxMint
DISTRIB_RELEASE=17.3
DISTRIB_CODENAME=rosa
DISTRIB_DESCRIPTION="Linux Mint 17.3 Rosa"

uname:Linux 3.19.0-32-generic #37~14.04.1-Ubuntu SMP Thu Oct 22 09:41:40 UTC 2015 x86_64
libc:glibc 2.19 NPTL 2.19 
rlimit: STACK 8192k, CORE 0k, NPROC 31347, NOFILE 4096, AS infinity
load average:4.83 3.54 2.66

/proc/meminfo:
MemTotal:        8056656 kB
MemFree:         2046092 kB
MemAvailable:    4242448 kB
Buffers:          196888 kB
Cached:          2212024 kB
SwapCached:            0 kB
Active:          4147556 kB
Inactive:        1493980 kB
Active(anon):    3236032 kB
Inactive(anon):   108276 kB
Active(file):     911524 kB
Inactive(file):  1385704 kB
Unevictable:           0 kB
Mlocked:               0 kB
SwapTotal:       3998716 kB
SwapFree:        3998716 kB
Dirty:              3796 kB
Writeback:             0 kB
AnonPages:       3232532 kB
Mapped:           654736 kB
Shmem:            111688 kB
Slab:             169772 kB
SReclaimable:     136128 kB
SUnreclaim:        33644 kB
KernelStack:        9616 kB
PageTables:        39984 kB
NFS_Unstable:          0 kB
Bounce:                0 kB
WritebackTmp:          0 kB
CommitLimit:     8027044 kB
Committed_AS:    7211696 kB
VmallocTotal:   34359738367 kB
VmallocUsed:      320996 kB
VmallocChunk:   34359412860 kB
HardwareCorrupted:     0 kB
AnonHugePages:   1863680 kB
CmaTotal:              0 kB
CmaFree:               0 kB
HugePages_Total:       0
HugePages_Free:        0
HugePages_Rsvd:        0
HugePages_Surp:        0
Hugepagesize:       2048 kB
DirectMap4k:      282036 kB
DirectMap2M:     7004160 kB
DirectMap1G:     1048576 kB


CPU:total 2 (2 cores per cpu, 1 threads per core) family 21 model 19 stepping 1, cmov, cx8, fxsr, mmx, sse, sse2, sse3, ssse3, sse4.1, sse4.2, popcnt, avx, aes, clmul, mmxext, 3dnowpref, lzcnt, sse4a, tsc, tscinvbit, tscinv, bmi1

/proc/cpuinfo:
processor	: 0
vendor_id	: AuthenticAMD
cpu family	: 21
model		: 19
model name	: AMD A4-4000 APU with Radeon(tm) HD Graphics
stepping	: 1
microcode	: 0x6001119
cpu MHz		: 3000.000
cache size	: 1024 KB
physical id	: 0
siblings	: 2
core id		: 0
cpu cores	: 1
apicid		: 16
initial apicid	: 0
fpu		: yes
fpu_exception	: yes
cpuid level	: 13
wp		: yes
flags		: fpu vme de pse tsc msr pae mce cx8 apic sep mtrr pge mca cmov pat pse36 clflush mmx fxsr sse sse2 ht syscall nx mmxext fxsr_opt pdpe1gb rdtscp lm constant_tsc rep_good nopl nonstop_tsc extd_apicid aperfmperf pni pclmulqdq monitor ssse3 fma cx16 sse4_1 sse4_2 popcnt aes xsave avx f16c lahf_lm cmp_legacy svm extapic cr8_legacy abm sse4a misalignsse 3dnowprefetch osvw ibs xop skinit wdt lwp fma4 tce nodeid_msr tbm topoext perfctr_core perfctr_nb arat cpb hw_pstate npt lbrv svm_lock nrip_save tsc_scale vmcb_clean flushbyasid decodeassists pausefilter pfthreshold vmmcall bmi1
bugs		: fxsave_leak
bogomips	: 5988.89
TLB size	: 1536 4K pages
clflush size	: 64
cache_alignment	: 64
address sizes	: 48 bits physical, 48 bits virtual
power management: ts ttp tm 100mhzsteps hwpstate cpb eff_freq_ro

processor	: 1
vendor_id	: AuthenticAMD
cpu family	: 21
model		: 19
model name	: AMD A4-4000 APU with Radeon(tm) HD Graphics    
stepping	: 1
microcode	: 0x6001119
cpu MHz		: 3000.000
cache size	: 1024 KB
physical id	: 0
siblings	: 2
core id		: 1
cpu cores	: 1
apicid		: 17
initial apicid	: 1
fpu		: yes
fpu_exception	: yes
cpuid level	: 13
wp		: yes
flags		: fpu vme de pse tsc msr pae mce cx8 apic sep mtrr pge mca cmov pat pse36 clflush mmx fxsr sse sse2 ht syscall nx mmxext fxsr_opt pdpe1gb rdtscp lm constant_tsc rep_good nopl nonstop_tsc extd_apicid aperfmperf pni pclmulqdq monitor ssse3 fma cx16 sse4_1 sse4_2 popcnt aes xsave avx f16c lahf_lm cmp_legacy svm extapic cr8_legacy abm sse4a misalignsse 3dnowprefetch osvw ibs xop skinit wdt lwp fma4 tce nodeid_msr tbm topoext perfctr_core perfctr_nb arat cpb hw_pstate npt lbrv svm_lock nrip_save tsc_scale vmcb_clean flushbyasid decodeassists pausefilter pfthreshold vmmcall bmi1
bugs		: fxsave_leak
bogomips	: 5988.89
TLB size	: 1536 4K pages
clflush size	: 64
cache_alignment	: 64
address sizes	: 48 bits physical, 48 bits virtual
power management: ts ttp tm 100mhzsteps hwpstate cpb eff_freq_ro



Memory: 4k page, physical 8056656k(2046052k free), swap 3998716k(3998716k free)

vm_info: Java HotSpot(TM) 64-Bit Server VM (25.111-b14) for linux-amd64 JRE (1.8.0_111-b14), built on Sep 22 2016 16:14:03 by "java_re" with gcc 4.3.0 20080428 (Red Hat 4.3.0-8)

time: Mon Dec  5 22:50:14 2016
elapsed time: 15 seconds (0d 0h 0m 15s)

