#
# A fatal error has been detected by the Java Runtime Environment:
#
#  SIGSEGV (0xb) at pc=0x00007f630e9b9ea3, pid=20063, tid=0x00007f62a77df700
#
# JRE version: Java(TM) SE Runtime Environment (8.0_111-b14) (build 1.8.0_111-b14)
# Java VM: Java HotSpot(TM) 64-Bit Server VM (25.111-b14 mixed mode linux-amd64 compressed oops)
# Problematic frame:
# V  [libjvm.so+0x6d1ea3]  jni_invoke_nonstatic(JNIEnv_*, JavaValue*, _jobject*, JNICallType, _jmethodID*, JNI_ArgumentPusher*, Thread*)+0x1b3
#
# Failed to write core dump. Core dumps have been disabled. To enable core dumping, try "ulimit -c unlimited" before starting Java again
#
# If you would like to submit a bug report, please visit:
#   http://bugreport.java.com/bugreport/crash.jsp
#

---------------  T H R E A D  ---------------

Current thread (0x00007f62b4002800):  JavaThread "Thread-6" daemon [_thread_in_vm, id=20334, stack(0x00007f62a76df000,0x00007f62a77e0000)]

siginfo: si_signo: 11 (SIGSEGV), si_code: 1 (SEGV_MAPERR), si_addr: 0x000000300000003c

Registers:
RAX=0x0000003000000018, RBX=0x0000000000000002, RCX=0x0000000000000006, RDX=0x00007f62b8003650
RSP=0x00007f62a77de200, RBP=0x00007f62a77de380, RSI=0x00007f62a77de340, RDI=0x00007f62b40197d0
R8 =0x000000000000001c, R9 =0x00007f62a77de3b0, R10=0x00007f630f694be0, R11=0x0000000000000000
R12=0x00000000d7b3b940, R13=0x00000001001048c0, R14=0x00007f62b40191a0, R15=0x00007f62b4002800
RIP=0x00007f630e9b9ea3, EFLAGS=0x0000000000010206, CSGSFS=0x0000000000000033, ERR=0x0000000000000004
  TRAPNO=0x000000000000000e

Top of Stack: (sp=0x00007f62a77de200)
0x00007f62a77de200:   00007f62a77de230 00007f630ecc8ea7
0x00007f62a77de210:   00007f62a77de260 00007f62a77de240
0x00007f62a77de220:   00007f62a77de3b0 00007f62a77de410
0x00007f62a77de230:   00007f62b40029f8 00007f630e9d9830
0x00007f62a77de240:   00007f62cc1e9b40 00007f62cc1e9b50
0x00007f62a77de250:   00007f62cc1e9f28 00000000000003d8
0x00007f62a77de260:   00007f62a77de280 00007f62b40196f8
0x00007f62a77de270:   00007f62a77de4c0 00007f62a77de560
0x00007f62a77de280:   00007f62a77de5a0 00007f630e96d6ed
0x00007f62a77de290:   00007f62a77de2d0 00000000856eb598
0x00007f62a77de2a0:   00000000d743b1a0 00007f62b4000100
0x00007f62a77de2b0:   00007f62cc1e9d80 00007f62a77de268
0x00007f62a77de2c0:   00007f62a77de2a9 0000000800000001
0x00007f62a77de2d0:   00007f62a77de300 00007f630e010138
0x00007f62a77de2e0:   00007f62b4019700 00007f62a77de298
0x00007f62a77de2f0:   00007f62a77de2d9 0000000800000002
0x00007f62a77de300:   0000000100002300 00007f62a77de340
0x00007f62a77de310:   00007f62a77de3d0 00007f630ebcb94a
0x00007f62a77de320:   00007f62b4002800 00007f62a77de370
0x00007f62a77de330:   00007f62a77de60f 00007f630fce9dc9
0x00007f62a77de340:   00000001001048c0 00000001001048c0
0x00007f62a77de350:   0000000000000001 00007f62a77de3b0
0x00007f62a77de360:   00007f62b4002800 00007f62a77de3f0
0x00007f62a77de370:   00007f62b40149a0 00007f62b40029f8
0x00007f62a77de380:   00007f62a77de470 00007f630e9be4cf
0x00007f62a77de390:   00007f62b4002800 0000000001397831
0x00007f62a77de3a0:   00007f62a77de4a8 00007f62b400ada8
0x00007f62a77de3b0:   00007f630f247750 00007f630fd574c0
0x00007f62a77de3c0:   00000000b400dc10 00007f6200000063
0x00007f62a77de3d0:   00007f62a77de260 0000003000000018
0x00007f62a77de3e0:   00007f62a77de580 00007f62a77de4c0
0x00007f62a77de3f0:   00007f62b4002800 0000000000000000 

Instructions: (pc=0x00007f630e9b9ea3)
0x00007f630e9b9e83:   48 8b 45 10 4c 89 6d c0 48 8d 75 c0 48 8b b8 40
0x00007f630e9b9e93:   01 00 00 e8 e5 60 c7 ff 4c 8b 7d 10 49 8b 45 08
0x00007f630e9b9ea3:   0f b7 50 24 48 8b 40 08 48 8b 74 d0 50 48 8d 95
0x00007f630e9b9eb3:   60 ff ff ff 48 89 d7 48 89 95 98 fe ff ff e8 7a 

Register to memory mapping:

RAX=0x0000003000000018 is an unknown value
RBX=0x0000000000000002 is an unknown value
RCX=0x0000000000000006 is an unknown value
RDX=0x00007f62b8003650 is an unknown value
RSP=0x00007f62a77de200 is pointing into the stack for thread: 0x00007f62b4002800
RBP=0x00007f62a77de380 is pointing into the stack for thread: 0x00007f62b4002800
RSI=0x00007f62a77de340 is pointing into the stack for thread: 0x00007f62b4002800
RDI=0x00007f62b40197d0 is an unknown value
R8 =0x000000000000001c is an unknown value
R9 =0x00007f62a77de3b0 is pointing into the stack for thread: 0x00007f62b4002800
R10=0x00007f630f694be0: <offset 0x3bcbe0> in /lib/x86_64-linux-gnu/libc.so.6 at 0x00007f630f2d8000
R11=0x0000000000000000 is an unknown value
R12=0x00000000d7b3b940 is an oop
uaz.fingerprint.Message 
 - klass: 'uaz/fingerprint/Message'
R13=0x00000001001048c0 is pointing into metadata
R14=0x00007f62b40191a0 is an unknown value
R15=0x00007f62b4002800 is a thread


Stack: [0x00007f62a76df000,0x00007f62a77e0000],  sp=0x00007f62a77de200,  free space=1020k
Native frames: (J=compiled Java code, j=interpreted, Vv=VM code, C=native code)
V  [libjvm.so+0x6d1ea3]  jni_invoke_nonstatic(JNIEnv_*, JavaValue*, _jobject*, JNICallType, _jmethodID*, JNI_ArgumentPusher*, Thread*)+0x1b3
V  [libjvm.so+0x6d64cf]  jni_CallVoidMethodV+0x10f
C  [libfingerprint1232366523876405741.so+0x4617]  JNIEnv_::CallVoidMethod(_jobject*, _jmethodID*, ...)+0xb5
C  [libfingerprint1232366523876405741.so+0x328d]  callbackStopCapture(fp_dev*, void*)+0x127
C  [libfprint.so.0+0xcc59]  fp_async_capture_stop+0x109

Java frames: (J=compiled Java code, j=interpreted, Vv=VM code)
j  uaz.fingerprint.Reader.nativeStopCapture(Luaz/fingerprint/NativeReaderCallback;Ljava/lang/Object;)I+0
J 3321% C2 uaz.fingerprint.ReaderDispatcher.run()V (668 bytes) @ 0x00007f62f9983ae0 [0x00007f62f99835e0+0x500]
j  java.lang.Thread.run()V+11
v  ~StubRoutines::call_stub

---------------  P R O C E S S  ---------------

Java Threads: ( => current thread )
  0x00007f62c8baf000 JavaThread "Thread-8" daemon [_thread_in_native, id=21342, stack(0x00007f62a6406000,0x00007f62a6507000)]
  0x00007f62b0490800 JavaThread "Java2D Disposer" daemon [_thread_blocked, id=20997, stack(0x00007f62ad43f000,0x00007f62ad540000)]
=>0x00007f62b4002800 JavaThread "Thread-6" daemon [_thread_in_vm, id=20334, stack(0x00007f62a76df000,0x00007f62a77e0000)]
  0x00007f62b4018000 JavaThread "Thread-4" daemon [_thread_in_Java, id=20306, stack(0x00007f62a7f6e000,0x00007f62a806f000)]
  0x00007f62b0343000 JavaThread "Prism Font Disposer" daemon [_thread_blocked, id=20178, stack(0x00007f62af273000,0x00007f62af374000)]
  0x00007f630827f000 JavaThread "JavaFX-Launcher" [_thread_blocked, id=20127, stack(0x00007f62bc72d000,0x00007f62bc82e000)]
  0x00007f630827b800 JavaThread "JavaFX Application Thread" [_thread_in_Java, id=20102, stack(0x00007f62bc82e000,0x00007f62bc92f000)]
  0x00007f6308277800 JavaThread "Thread-1" daemon [_thread_blocked, id=20101, stack(0x00007f62bc92f000,0x00007f62bca30000)]
  0x00007f6308220800 JavaThread "QuantumRenderer-0" daemon [_thread_blocked, id=20099, stack(0x00007f62eeeb2000,0x00007f62eefb3000)]
  0x00007f6308141000 JavaThread "Service Thread" daemon [_thread_blocked, id=20093, stack(0x00007f62ef0b4000,0x00007f62ef1b5000)]
  0x00007f630813e800 JavaThread "C1 CompilerThread1" daemon [_thread_blocked, id=20092, stack(0x00007f62ef1b5000,0x00007f62ef2b6000)]
  0x00007f630813b800 JavaThread "C2 CompilerThread0" daemon [_thread_in_native, id=20091, stack(0x00007f62ef2b6000,0x00007f62ef3b7000)]
  0x00007f630813a000 JavaThread "Signal Dispatcher" daemon [_thread_blocked, id=20090, stack(0x00007f62ef3b7000,0x00007f62ef4b8000)]
  0x00007f6308107000 JavaThread "Finalizer" daemon [_thread_blocked, id=20084, stack(0x00007f62ef9fa000,0x00007f62efafb000)]
  0x00007f6308102800 JavaThread "Reference Handler" daemon [_thread_blocked, id=20081, stack(0x00007f62efafb000,0x00007f62efbfc000)]
  0x00007f630800a000 JavaThread "main" [_thread_blocked, id=20067, stack(0x00007f630fdd5000,0x00007f630fed6000)]

Other Threads:
  0x00007f63080fa800 VMThread [stack: 0x00007f62efbfc000,0x00007f62efcfd000] [id=20080]
  0x00007f6308144800 WatcherThread [stack: 0x00007f62eefb3000,0x00007f62ef0b4000] [id=20094]

VM state:not at safepoint (normal execution)

VM Mutex/Monitor currently owned by a thread: None

Heap:
 PSYoungGen      total 57856K, used 14723K [0x00000000d7000000, 0x00000000db580000, 0x0000000100000000)
  eden space 55296K, 22% used [0x00000000d7000000,0x00000000d7c51188,0x00000000da600000)
  from space 2560K, 82% used [0x00000000db300000,0x00000000db50fc90,0x00000000db580000)
  to   space 5120K, 0% used [0x00000000dab80000,0x00000000dab80000,0x00000000db080000)
 ParOldGen       total 56832K, used 11655K [0x0000000085000000, 0x0000000088780000, 0x00000000d7000000)
  object space 56832K, 20% used [0x0000000085000000,0x0000000085b61eb0,0x0000000088780000)
 Metaspace       used 23822K, capacity 25386K, committed 25472K, reserved 1071104K
  class space    used 3320K, capacity 3628K, committed 3712K, reserved 1048576K

Card table byte_map: [0x00007f630c78f000,0x00007f630cb68000] byte_map_base: 0x00007f630c367000

Marking Bits: (ParMarkBitMap*) 0x00007f630f2ab220
 Begin Bits: [0x00007f62f5280000, 0x00007f62f7140000)
 End Bits:   [0x00007f62f7140000, 0x00007f62f9000000)

Polling page: 0x00007f630feff000

CodeCache: size=245760Kb used=11823Kb max_used=13086Kb free=233936Kb
 bounds [0x00007f62f9000000, 0x00007f62f9ce0000, 0x00007f6308000000]
 total_blobs=4504 nmethods=3723 adapters=695
 compilation: enabled

Compilation events (10 events):
Event: 50.043 Thread 0x00007f630813e800 4203       3       java.nio.CharBuffer::arrayOffset (35 bytes)
Event: 50.054 Thread 0x00007f630813e800 nmethod 4203 0x00007f62f947cf10 code [0x00007f62f947d0a0, 0x00007f62f947d3b8]
Event: 50.054 Thread 0x00007f630813e800 4204       1       javafx.scene.Parent::getChildrenUnmodifiable (5 bytes)
Event: 50.054 Thread 0x00007f630813e800 nmethod 4204 0x00007f62f94de410 code [0x00007f62f94de560, 0x00007f62f94de670]
Event: 50.054 Thread 0x00007f630813e800 4205       3       javafx.collections.FXCollections$UnmodifiableObservableListImpl::get (11 bytes)
Event: 50.055 Thread 0x00007f630813e800 nmethod 4205 0x00007f62f941fc50 code [0x00007f62f941fdc0, 0x00007f62f941ffe8]
Event: 50.055 Thread 0x00007f630813e800 4207       3       javafx.scene.Parent::getImpl_traversalEngine (22 bytes)
Event: 50.055 Thread 0x00007f630813e800 nmethod 4207 0x00007f62f9619ed0 code [0x00007f62f961a060, 0x00007f62f961a3c8]
Event: 50.055 Thread 0x00007f630813b800 4206       4       java.lang.StringBuilder::<init> (7 bytes)
Event: 50.056 Thread 0x00007f630813b800 nmethod 4206 0x00007f62f9504890 code [0x00007f62f95049e0, 0x00007f62f9504ab8]

GC Heap History (10 events):
Event: 2.563 GC heap before
{Heap before GC invocations=1 (full 0):
 PSYoungGen      total 36864K, used 31018K [0x00000000d7000000, 0x00000000d9900000, 0x0000000100000000)
  eden space 31744K, 97% used [0x00000000d7000000,0x00000000d8e4a9b0,0x00000000d8f00000)
  from space 5120K, 0% used [0x00000000d9400000,0x00000000d9400000,0x00000000d9900000)
  to   space 5120K, 0% used [0x00000000d8f00000,0x00000000d8f00000,0x00000000d9400000)
 ParOldGen       total 84992K, used 0K [0x0000000085000000, 0x000000008a300000, 0x00000000d7000000)
  object space 84992K, 0% used [0x0000000085000000,0x0000000085000000,0x000000008a300000)
 Metaspace       used 11816K, capacity 12286K, committed 12544K, reserved 1060864K
  class space    used 1580K, capacity 1726K, committed 1792K, reserved 1048576K
Event: 2.578 GC heap after
Heap after GC invocations=1 (full 0):
 PSYoungGen      total 36864K, used 4177K [0x00000000d7000000, 0x00000000d9900000, 0x0000000100000000)
  eden space 31744K, 0% used [0x00000000d7000000,0x00000000d7000000,0x00000000d8f00000)
  from space 5120K, 81% used [0x00000000d8f00000,0x00000000d9314418,0x00000000d9400000)
  to   space 5120K, 0% used [0x00000000d9400000,0x00000000d9400000,0x00000000d9900000)
 ParOldGen       total 84992K, used 72K [0x0000000085000000, 0x000000008a300000, 0x00000000d7000000)
  object space 84992K, 0% used [0x0000000085000000,0x0000000085012010,0x000000008a300000)
 Metaspace       used 11816K, capacity 12286K, committed 12544K, reserved 1060864K
  class space    used 1580K, capacity 1726K, committed 1792K, reserved 1048576K
}
Event: 5.661 GC heap before
{Heap before GC invocations=2 (full 0):
 PSYoungGen      total 36864K, used 35194K [0x00000000d7000000, 0x00000000d9900000, 0x0000000100000000)
  eden space 31744K, 97% used [0x00000000d7000000,0x00000000d8e4a608,0x00000000d8f00000)
  from space 5120K, 81% used [0x00000000d8f00000,0x00000000d9314418,0x00000000d9400000)
  to   space 5120K, 0% used [0x00000000d9400000,0x00000000d9400000,0x00000000d9900000)
 ParOldGen       total 84992K, used 72K [0x0000000085000000, 0x000000008a300000, 0x00000000d7000000)
  object space 84992K, 0% used [0x0000000085000000,0x0000000085012010,0x000000008a300000)
 Metaspace       used 19707K, capacity 21170K, committed 21248K, reserved 1067008K
  class space    used 2993K, capacity 3288K, committed 3328K, reserved 1048576K
Event: 5.697 GC heap after
Heap after GC invocations=2 (full 0):
 PSYoungGen      total 36864K, used 5102K [0x00000000d7000000, 0x00000000d9900000, 0x0000000100000000)
  eden space 31744K, 0% used [0x00000000d7000000,0x00000000d7000000,0x00000000d8f00000)
  from space 5120K, 99% used [0x00000000d9400000,0x00000000d98fbb78,0x00000000d9900000)
  to   space 5120K, 0% used [0x00000000d8f00000,0x00000000d8f00000,0x00000000d9400000)
 ParOldGen       total 84992K, used 5685K [0x0000000085000000, 0x000000008a300000, 0x00000000d7000000)
  object space 84992K, 6% used [0x0000000085000000,0x000000008558d490,0x000000008a300000)
 Metaspace       used 19707K, capacity 21170K, committed 21248K, reserved 1067008K
  class space    used 2993K, capacity 3288K, committed 3328K, reserved 1048576K
}
Event: 5.718 GC heap before
{Heap before GC invocations=3 (full 0):
 PSYoungGen      total 36864K, used 6581K [0x00000000d7000000, 0x00000000d9900000, 0x0000000100000000)
  eden space 31744K, 4% used [0x00000000d7000000,0x00000000d7171900,0x00000000d8f00000)
  from space 5120K, 99% used [0x00000000d9400000,0x00000000d98fbb78,0x00000000d9900000)
  to   space 5120K, 0% used [0x00000000d8f00000,0x00000000d8f00000,0x00000000d9400000)
 ParOldGen       total 84992K, used 5685K [0x0000000085000000, 0x000000008a300000, 0x00000000d7000000)
  object space 84992K, 6% used [0x0000000085000000,0x000000008558d490,0x000000008a300000)
 Metaspace       used 19763K, capacity 21174K, committed 21248K, reserved 1067008K
  class space    used 3002K, capacity 3290K, committed 3328K, reserved 1048576K
Event: 5.732 GC heap after
Heap after GC invocations=3 (full 0):
 PSYoungGen      total 36864K, used 5117K [0x00000000d7000000, 0x00000000db800000, 0x0000000100000000)
  eden space 31744K, 0% used [0x00000000d7000000,0x00000000d7000000,0x00000000d8f00000)
  from space 5120K, 99% used [0x00000000d8f00000,0x00000000d93ff7a0,0x00000000d9400000)
  to   space 5120K, 0% used [0x00000000db300000,0x00000000db300000,0x00000000db800000)
 ParOldGen       total 84992K, used 6733K [0x0000000085000000, 0x000000008a300000, 0x00000000d7000000)
  object space 84992K, 7% used [0x0000000085000000,0x0000000085693460,0x000000008a300000)
 Metaspace       used 19763K, capacity 21174K, committed 21248K, reserved 1067008K
  class space    used 3002K, capacity 3290K, committed 3328K, reserved 1048576K
}
Event: 5.732 GC heap before
{Heap before GC invocations=4 (full 1):
 PSYoungGen      total 36864K, used 5117K [0x00000000d7000000, 0x00000000db800000, 0x0000000100000000)
  eden space 31744K, 0% used [0x00000000d7000000,0x00000000d7000000,0x00000000d8f00000)
  from space 5120K, 99% used [0x00000000d8f00000,0x00000000d93ff7a0,0x00000000d9400000)
  to   space 5120K, 0% used [0x00000000db300000,0x00000000db300000,0x00000000db800000)
 ParOldGen       total 84992K, used 6733K [0x0000000085000000, 0x000000008a300000, 0x00000000d7000000)
  object space 84992K, 7% used [0x0000000085000000,0x0000000085693460,0x000000008a300000)
 Metaspace       used 19763K, capacity 21174K, committed 21248K, reserved 1067008K
  class space    used 3002K, capacity 3290K, committed 3328K, reserved 1048576K
Event: 5.944 GC heap after
Heap after GC invocations=4 (full 1):
 PSYoungGen      total 36864K, used 0K [0x00000000d7000000, 0x00000000db800000, 0x0000000100000000)
  eden space 31744K, 0% used [0x00000000d7000000,0x00000000d7000000,0x00000000d8f00000)
  from space 5120K, 0% used [0x00000000d8f00000,0x00000000d8f00000,0x00000000d9400000)
  to   space 5120K, 0% used [0x00000000db300000,0x00000000db300000,0x00000000db800000)
 ParOldGen       total 56832K, used 11647K [0x0000000085000000, 0x0000000088780000, 0x00000000d7000000)
  object space 56832K, 20% used [0x0000000085000000,0x0000000085b5feb0,0x0000000088780000)
 Metaspace       used 19763K, capacity 21174K, committed 21248K, reserved 1067008K
  class space    used 3002K, capacity 3290K, committed 3328K, reserved 1048576K
}
Event: 38.017 GC heap before
{Heap before GC invocations=5 (full 1):
 PSYoungGen      total 36864K, used 31744K [0x00000000d7000000, 0x00000000db800000, 0x0000000100000000)
  eden space 31744K, 100% used [0x00000000d7000000,0x00000000d8f00000,0x00000000d8f00000)
  from space 5120K, 0% used [0x00000000d8f00000,0x00000000d8f00000,0x00000000d9400000)
  to   space 5120K, 0% used [0x00000000db300000,0x00000000db300000,0x00000000db800000)
 ParOldGen       total 56832K, used 11647K [0x0000000085000000, 0x0000000088780000, 0x00000000d7000000)
  object space 56832K, 20% used [0x0000000085000000,0x0000000085b5feb0,0x0000000088780000)
 Metaspace       used 23750K, capacity 25290K, committed 25472K, reserved 1071104K
  class space    used 3313K, capacity 3596K, committed 3712K, reserved 1048576K
Event: 38.027 GC heap after
Heap after GC invocations=5 (full 1):
 PSYoungGen      total 57856K, used 2111K [0x00000000d7000000, 0x00000000db580000, 0x0000000100000000)
  eden space 55296K, 0% used [0x00000000d7000000,0x00000000d7000000,0x00000000da600000)
  from space 2560K, 82% used [0x00000000db300000,0x00000000db50fc90,0x00000000db580000)
  to   space 5120K, 0% used [0x00000000dab80000,0x00000000dab80000,0x00000000db080000)
 ParOldGen       total 56832K, used 11655K [0x0000000085000000, 0x0000000088780000, 0x00000000d7000000)
  object space 56832K, 20% used [0x0000000085000000,0x0000000085b61eb0,0x0000000088780000)
 Metaspace       used 23750K, capacity 25290K, committed 25472K, reserved 1071104K
  class space    used 3313K, capacity 3596K, committed 3712K, reserved 1048576K
}

Deoptimization events (10 events):
Event: 38.064 Thread 0x00007f6308220800 Uncommon trap: reason=unstable_if action=reinterpret pc=0x00007f62f9a2ad84 method=com.sun.prism.impl.ManagedResource._isgone(Lcom/sun/prism/impl/ManagedResource;)Z @ 1
Event: 45.520 Thread 0x00007f630827b800 Uncommon trap: reason=unstable_if action=reinterpret pc=0x00007f62f9c15918 method=com.sun.javafx.geom.transform.AffineBase.rotate(D)V @ 45
Event: 45.520 Thread 0x00007f630827b800 Uncommon trap: reason=unstable_if action=reinterpret pc=0x00007f62f9959ff4 method=com.sun.javafx.geom.transform.AffineBase.calculateType()I @ 441
Event: 45.526 Thread 0x00007f6308220800 Uncommon trap: reason=unstable_if action=reinterpret pc=0x00007f62f9a9a2cc method=com.sun.openpisces.TransformingPathConsumer2D$FilterSet.getConsumer(Lcom/sun/javafx/geom/PathConsumer2D;Lcom/sun/javafx/geom/transform/BaseTransform;)Lcom/sun/javafx/geom/Pa
Event: 45.526 Thread 0x00007f6308220800 Uncommon trap: reason=bimorphic action=maybe_recompile pc=0x00007f62f9a219d0 method=com.sun.prism.impl.shape.OpenPiscesPrismUtils.setupRenderer(Lcom/sun/javafx/geom/Path2D;Lcom/sun/prism/BasicStroke;Lcom/sun/javafx/geom/transform/BaseTransform;Lcom/sun/ja
Event: 45.526 Thread 0x00007f6308220800 Uncommon trap: reason=bimorphic action=maybe_recompile pc=0x00007f62f9a219d0 method=com.sun.prism.impl.shape.OpenPiscesPrismUtils.setupRenderer(Lcom/sun/javafx/geom/Path2D;Lcom/sun/prism/BasicStroke;Lcom/sun/javafx/geom/transform/BaseTransform;Lcom/sun/ja
Event: 45.527 Thread 0x00007f6308220800 Uncommon trap: reason=bimorphic action=maybe_recompile pc=0x00007f62f9a219d0 method=com.sun.prism.impl.shape.OpenPiscesPrismUtils.setupRenderer(Lcom/sun/javafx/geom/Path2D;Lcom/sun/prism/BasicStroke;Lcom/sun/javafx/geom/transform/BaseTransform;Lcom/sun/ja
Event: 45.528 Thread 0x00007f6308220800 Uncommon trap: reason=bimorphic action=maybe_recompile pc=0x00007f62f9a219d0 method=com.sun.prism.impl.shape.OpenPiscesPrismUtils.setupRenderer(Lcom/sun/javafx/geom/Path2D;Lcom/sun/prism/BasicStroke;Lcom/sun/javafx/geom/transform/BaseTransform;Lcom/sun/ja
Event: 48.723 Thread 0x00007f6308220800 Uncommon trap: reason=bimorphic action=maybe_recompile pc=0x00007f62f9b93cfc method=com.sun.javafx.sg.prism.NGNode.getOpaqueRegion()Lcom/sun/javafx/geom/RectBounds; @ 20
Event: 48.723 Thread 0x00007f6308220800 Uncommon trap: reason=unstable_if action=reinterpret pc=0x00007f62f9cba950 method=com.sun.prism.impl.ps.BaseShaderGraphics.renderGeneralRoundedRect(FFFFFFLcom/sun/prism/impl/ps/BaseShaderContext$MaskType;Lcom/sun/prism/BasicStroke;)V @ 191

Internal exceptions (10 events):
Event: 8.843 Thread 0x00007f62b0055000 Implicit null exception at 0x00007f62f98cdefc to 0x00007f62f98cdfc1
Event: 34.241 Thread 0x00007f6308220800 Implicit null exception at 0x00007f62f9b6e346 to 0x00007f62f9b73705
Event: 34.846 Thread 0x00007f630827b800 Implicit null exception at 0x00007f62f9966068 to 0x00007f62f9967221
Event: 35.989 Thread 0x00007f62b4002800 Implicit null exception at 0x00007f62f929f8f5 to 0x00007f62f929fc6d
Event: 36.031 Thread 0x00007f630827b800 Exception <a 'java/io/FileNotFoundException'> (0x00000000d897c870) thrown at [/HUDSON3/workspace/8-2-build-linux-amd64/jdk8u111/7883/hotspot/src/share/vm/prims/jni.cpp, line 709]
Event: 36.031 Thread 0x00007f630827b800 Exception <a 'java/io/FileNotFoundException'> (0x00000000d897d320) thrown at [/HUDSON3/workspace/8-2-build-linux-amd64/jdk8u111/7883/hotspot/src/share/vm/prims/jni.cpp, line 709]
Event: 36.267 Thread 0x00007f6308220800 Implicit null exception at 0x00007f62f9aa16ac to 0x00007f62f9aa1729
Event: 38.056 Thread 0x00007f6308107000 Exception <a 'java/net/SocketException': Socket closed> (0x00000000d718b700) thrown at [/HUDSON3/workspace/8-2-build-linux-amd64/jdk8u111/7883/hotspot/src/share/vm/prims/jni.cpp, line 735]
Event: 38.064 Thread 0x00007f6308107000 Exception <a 'java/net/SocketException': Socket closed> (0x00000000d71a9800) thrown at [/HUDSON3/workspace/8-2-build-linux-amd64/jdk8u111/7883/hotspot/src/share/vm/prims/jni.cpp, line 735]
Event: 38.064 Thread 0x00007f6308220800 Implicit null exception at 0x00007f62f9a2ad2c to 0x00007f62f9a2ad75

Events (10 events):
Event: 48.723 Thread 0x00007f6308220800 DEOPT PACKING pc=0x00007f62f9b93cfc sp=0x00007f62eefb0390
Event: 48.723 Thread 0x00007f6308220800 DEOPT UNPACKING pc=0x00007f62f9005229 sp=0x00007f62eefb02d0 mode 2
Event: 48.723 Thread 0x00007f6308220800 Uncommon trap: trap_request=0xffffff65 fr.pc=0x00007f62f9cba950
Event: 48.723 Thread 0x00007f6308220800 DEOPT PACKING pc=0x00007f62f9cba950 sp=0x00007f62eefaf5f0
Event: 48.723 Thread 0x00007f6308220800 DEOPT UNPACKING pc=0x00007f62f9005229 sp=0x00007f62eefaf550 mode 2
Event: 50.026 Thread 0x00007f62b045b000 Thread added: 0x00007f62b045b000
Event: 50.040 Thread 0x00007f62c8baf000 Thread added: 0x00007f62c8baf000
Event: 50.044 Executing VM operation: RevokeBias
Event: 50.052 Executing VM operation: RevokeBias done
Event: 50.052 Thread 0x00007f62b045b000 Thread exited: 0x00007f62b045b000


Dynamic libraries:
00400000-00401000 r-xp 00000000 08:06 10486455                           /usr/lib/jvm/jdk1.8.0_111/jre/bin/java
00600000-00601000 rw-p 00000000 08:06 10486455                           /usr/lib/jvm/jdk1.8.0_111/jre/bin/java
019d4000-019f5000 rw-p 00000000 00:00 0                                  [heap]
40c00000-40c02000 r-xs 00000000 08:06 131095                             /tmp/.glEm3lDE (deleted)
41aae000-41b4d000 rw-p 00000000 00:00 0 
85000000-88780000 rw-p 00000000 00:00 0 
88780000-d7000000 ---p 00000000 00:00 0 
d7000000-db580000 rw-p 00000000 00:00 0 
db580000-100000000 ---p 00000000 00:00 0 
100000000-1003a0000 rw-p 00000000 00:00 0 
1003a0000-140000000 ---p 00000000 00:00 0 
7f62a6406000-7f62a6409000 ---p 00000000 00:00 0 
7f62a6409000-7f62a6507000 rw-p 00000000 00:00 0                          [stack:21342]
7f62a6507000-7f62a650a000 ---p 00000000 00:00 0 
7f62a650a000-7f62a6608000 rw-p 00000000 00:00 0 
7f62a6608000-7f62a661e000 r-xp 00000000 08:06 10486180                   /usr/lib/jvm/jdk1.8.0_111/jre/lib/amd64/libnet.so
7f62a661e000-7f62a681e000 ---p 00016000 08:06 10486180                   /usr/lib/jvm/jdk1.8.0_111/jre/lib/amd64/libnet.so
7f62a681e000-7f62a681f000 rw-p 00016000 08:06 10486180                   /usr/lib/jvm/jdk1.8.0_111/jre/lib/amd64/libnet.so
7f62a6820000-7f62a6885000 r-xp 00000000 08:06 10486199                   /usr/lib/jvm/jdk1.8.0_111/jre/lib/amd64/libfontmanager.so
7f62a6885000-7f62a6a84000 ---p 00065000 08:06 10486199                   /usr/lib/jvm/jdk1.8.0_111/jre/lib/amd64/libfontmanager.so
7f62a6a84000-7f62a6a89000 rw-p 00064000 08:06 10486199                   /usr/lib/jvm/jdk1.8.0_111/jre/lib/amd64/libfontmanager.so
7f62a6a89000-7f62a6a99000 rw-p 00000000 00:00 0 
7f62a6aa0000-7f62a6be0000 rw-p 00000000 00:00 0 
7f62a6be0000-7f62a6ca0000 ---p 00000000 00:00 0 
7f62a6ca0000-7f62a6cf4000 r-xp 00000000 08:06 10486207                   /usr/lib/jvm/jdk1.8.0_111/jre/lib/amd64/libawt_xawt.so
7f62a6cf4000-7f62a6ef4000 ---p 00054000 08:06 10486207                   /usr/lib/jvm/jdk1.8.0_111/jre/lib/amd64/libawt_xawt.so
7f62a6ef4000-7f62a6ef8000 rw-p 00054000 08:06 10486207                   /usr/lib/jvm/jdk1.8.0_111/jre/lib/amd64/libawt_xawt.so
7f62a6ef8000-7f62a6ef9000 rw-p 00000000 00:00 0 
7f62a6f00000-7f62a6fa2000 r-xp 00000000 08:06 10486240                   /usr/lib/jvm/jdk1.8.0_111/jre/lib/amd64/libawt.so
7f62a6fa2000-7f62a71a2000 ---p 000a2000 08:06 10486240                   /usr/lib/jvm/jdk1.8.0_111/jre/lib/amd64/libawt.so
7f62a71a2000-7f62a71ae000 rw-p 000a2000 08:06 10486240                   /usr/lib/jvm/jdk1.8.0_111/jre/lib/amd64/libawt.so
7f62a71ae000-7f62a71d2000 rw-p 00000000 00:00 0 
7f62a71d8000-7f62a72d8000 rw-s 00000000 00:05 6455323                    /SYSV00000000 (deleted)
7f62a72dd000-7f62a76dd000 rw-s 1a4035000 00:06 11833                     /dev/nvidiactl
7f62a76df000-7f62a76e2000 ---p 00000000 00:00 0 
7f62a76e2000-7f62a77e0000 rw-p 00000000 00:00 0                          [stack:20334]
7f62a77e0000-7f62a785b000 r-xp 00000000 08:06 794106                     /usr/lib/x86_64-linux-gnu/nss/libfreebl3.so
7f62a785b000-7f62a7a5a000 ---p 0007b000 08:06 794106                     /usr/lib/x86_64-linux-gnu/nss/libfreebl3.so
7f62a7a5a000-7f62a7a5c000 r--p 0007a000 08:06 794106                     /usr/lib/x86_64-linux-gnu/nss/libfreebl3.so
7f62a7a5c000-7f62a7a5d000 rw-p 0007c000 08:06 794106                     /usr/lib/x86_64-linux-gnu/nss/libfreebl3.so
7f62a7a5d000-7f62a7a61000 rw-p 00000000 00:00 0 
7f62a7a68000-7f62a7b1c000 r-xp 00000000 08:06 271632                     /usr/lib/x86_64-linux-gnu/libsqlite3.so.0.8.6
7f62a7b1c000-7f62a7d1c000 ---p 000b4000 08:06 271632                     /usr/lib/x86_64-linux-gnu/libsqlite3.so.0.8.6
7f62a7d1c000-7f62a7d1e000 r--p 000b4000 08:06 271632                     /usr/lib/x86_64-linux-gnu/libsqlite3.so.0.8.6
7f62a7d1e000-7f62a7d20000 rw-p 000b6000 08:06 271632                     /usr/lib/x86_64-linux-gnu/libsqlite3.so.0.8.6
7f62a7d20000-7f62a7d21000 rw-p 00000000 00:00 0 
7f62a7d28000-7f62a7d69000 r-xp 00000000 08:06 794105                     /usr/lib/x86_64-linux-gnu/nss/libsoftokn3.so
7f62a7d69000-7f62a7f68000 ---p 00041000 08:06 794105                     /usr/lib/x86_64-linux-gnu/nss/libsoftokn3.so
7f62a7f68000-7f62a7f69000 r--p 00040000 08:06 794105                     /usr/lib/x86_64-linux-gnu/nss/libsoftokn3.so
7f62a7f69000-7f62a7f6a000 rw-p 00041000 08:06 794105                     /usr/lib/x86_64-linux-gnu/nss/libsoftokn3.so
7f62a7f6e000-7f62a7f71000 ---p 00000000 00:00 0 
7f62a7f71000-7f62a806f000 rw-p 00000000 00:00 0                          [stack:20306]
7f62a806f000-7f62a8070000 ---p 00000000 00:00 0 
7f62a8070000-7f62a8870000 rw-p 00000000 00:00 0                          [stack:20305]
7f62a8870000-7f62a88b4000 r-xp 00000000 08:06 11276542                   /lib/x86_64-linux-gnu/libdbus-1.so.3.7.6
7f62a88b4000-7f62a8ab3000 ---p 00044000 08:06 11276542                   /lib/x86_64-linux-gnu/libdbus-1.so.3.7.6
7f62a8ab3000-7f62a8ab4000 r--p 00043000 08:06 11276542                   /lib/x86_64-linux-gnu/libdbus-1.so.3.7.6
7f62a8ab4000-7f62a8ab5000 rw-p 00044000 08:06 11276542                   /lib/x86_64-linux-gnu/libdbus-1.so.3.7.6
7f62a8ab8000-7f62a8ac0000 r-xp 00000000 08:06 11276591                   /lib/x86_64-linux-gnu/libnih-dbus.so.1.0.0
7f62a8ac0000-7f62a8cc0000 ---p 00008000 08:06 11276591                   /lib/x86_64-linux-gnu/libnih-dbus.so.1.0.0
7f62a8cc0000-7f62a8cc1000 r--p 00008000 08:06 11276591                   /lib/x86_64-linux-gnu/libnih-dbus.so.1.0.0
7f62a8cc1000-7f62a8cc2000 rw-p 00009000 08:06 11276591                   /lib/x86_64-linux-gnu/libnih-dbus.so.1.0.0
7f62a8cc8000-7f62a8cdf000 r-xp 00000000 08:06 11276593                   /lib/x86_64-linux-gnu/libnih.so.1.0.0
7f62a8cdf000-7f62a8ede000 ---p 00017000 08:06 11276593                   /lib/x86_64-linux-gnu/libnih.so.1.0.0
7f62a8ede000-7f62a8edf000 r--p 00016000 08:06 11276593                   /lib/x86_64-linux-gnu/libnih.so.1.0.0
7f62a8edf000-7f62a8ee0000 rw-p 00017000 08:06 11276593                   /lib/x86_64-linux-gnu/libnih.so.1.0.0
7f62a8ee0000-7f62a8ef9000 r-xp 00000000 08:06 11276533                   /lib/x86_64-linux-gnu/libcgmanager.so.0.0.0
7f62a8ef9000-7f62a90f8000 ---p 00019000 08:06 11276533                   /lib/x86_64-linux-gnu/libcgmanager.so.0.0.0
7f62a90f8000-7f62a90fa000 r--p 00018000 08:06 11276533                   /lib/x86_64-linux-gnu/libcgmanager.so.0.0.0
7f62a90fa000-7f62a90fb000 rw-p 0001a000 08:06 11276533                   /lib/x86_64-linux-gnu/libcgmanager.so.0.0.0
7f62a9100000-7f62a9139000 r-xp 00000000 08:06 268901                     /usr/lib/x86_64-linux-gnu/libnspr4.so
7f62a9139000-7f62a9338000 ---p 00039000 08:06 268901                     /usr/lib/x86_64-linux-gnu/libnspr4.so
7f62a9338000-7f62a9339000 r--p 00038000 08:06 268901                     /usr/lib/x86_64-linux-gnu/libnspr4.so
7f62a9339000-7f62a933a000 rw-p 00039000 08:06 268901                     /usr/lib/x86_64-linux-gnu/libnspr4.so
7f62a933a000-7f62a933d000 rw-p 00000000 00:00 0 
7f62a9340000-7f62a9343000 r-xp 00000000 08:06 268900                     /usr/lib/x86_64-linux-gnu/libplds4.so
7f62a9343000-7f62a9542000 ---p 00003000 08:06 268900                     /usr/lib/x86_64-linux-gnu/libplds4.so
7f62a9542000-7f62a9543000 r--p 00002000 08:06 268900                     /usr/lib/x86_64-linux-gnu/libplds4.so
7f62a9543000-7f62a9544000 rw-p 00003000 08:06 268900                     /usr/lib/x86_64-linux-gnu/libplds4.so
7f62a9548000-7f62a954c000 r-xp 00000000 08:06 268861                     /usr/lib/x86_64-linux-gnu/libplc4.so
7f62a954c000-7f62a974b000 ---p 00004000 08:06 268861                     /usr/lib/x86_64-linux-gnu/libplc4.so
7f62a974b000-7f62a974c000 r--p 00003000 08:06 268861                     /usr/lib/x86_64-linux-gnu/libplc4.so
7f62a974c000-7f62a974d000 rw-p 00004000 08:06 268861                     /usr/lib/x86_64-linux-gnu/libplc4.so
7f62a9750000-7f62a9775000 r-xp 00000000 08:06 268074                     /usr/lib/x86_64-linux-gnu/libnssutil3.so
7f62a9775000-7f62a9975000 ---p 00025000 08:06 268074                     /usr/lib/x86_64-linux-gnu/libnssutil3.so
7f62a9975000-7f62a997b000 r--p 00025000 08:06 268074                     /usr/lib/x86_64-linux-gnu/libnssutil3.so
7f62a997b000-7f62a997c000 rw-p 0002b000 08:06 268074                     /usr/lib/x86_64-linux-gnu/libnssutil3.so
7f62a9980000-7f62a9990000 r-xp 00000000 08:06 11276675                   /lib/x86_64-linux-gnu/libudev.so.1.3.5
7f62a9990000-7f62a9b8f000 ---p 00010000 08:06 11276675                   /lib/x86_64-linux-gnu/libudev.so.1.3.5
7f62a9b8f000-7f62a9b90000 r--p 0000f000 08:06 11276675                   /lib/x86_64-linux-gnu/libudev.so.1.3.5
7f62a9b90000-7f62a9b91000 rw-p 00010000 08:06 11276675                   /lib/x86_64-linux-gnu/libudev.so.1.3.5
7f62a9b98000-7f62a9ccd000 r-xp 00000000 08:06 268076                     /usr/lib/x86_64-linux-gnu/libnss3.so
7f62a9ccd000-7f62a9ecc000 ---p 00135000 08:06 268076                     /usr/lib/x86_64-linux-gnu/libnss3.so
7f62a9ecc000-7f62a9ed1000 r--p 00134000 08:06 268076                     /usr/lib/x86_64-linux-gnu/libnss3.so
7f62a9ed1000-7f62a9ed3000 rw-p 00139000 08:06 268076                     /usr/lib/x86_64-linux-gnu/libnss3.so
7f62a9ed3000-7f62a9ed4000 rw-p 00000000 00:00 0 
7f62a9ed8000-7f62a9eed000 r-xp 00000000 08:06 11276681                   /lib/x86_64-linux-gnu/libusb-1.0.so.0.1.0
7f62a9eed000-7f62aa0ed000 ---p 00015000 08:06 11276681                   /lib/x86_64-linux-gnu/libusb-1.0.so.0.1.0
7f62aa0ed000-7f62aa0ee000 r--p 00015000 08:06 11276681                   /lib/x86_64-linux-gnu/libusb-1.0.so.0.1.0
7f62aa0ee000-7f62aa0ef000 rw-p 00016000 08:06 11276681                   /lib/x86_64-linux-gnu/libusb-1.0.so.0.1.0
7f62aa0f0000-7f62aa147000 r-xp 00000000 08:06 787714                     /usr/local/lib/libfprint.so.0.0.0
7f62aa147000-7f62aa346000 ---p 00057000 08:06 787714                     /usr/local/lib/libfprint.so.0.0.0
7f62aa346000-7f62aa347000 r--p 00056000 08:06 787714                     /usr/local/lib/libfprint.so.0.0.0
7f62aa347000-7f62aa358000 rw-p 00057000 08:06 787714                     /usr/local/lib/libfprint.so.0.0.0
7f62aa358000-7f62ad209000 rw-p 00000000 00:00 0 
7f62ad238000-7f62ad23e000 r-xp 00000000 08:06 131114                     /tmp/libfingerprint1232366523876405741.so
7f62ad23e000-7f62ad43d000 ---p 00006000 08:06 131114                     /tmp/libfingerprint1232366523876405741.so
7f62ad43d000-7f62ad43e000 r--p 00005000 08:06 131114                     /tmp/libfingerprint1232366523876405741.so
7f62ad43e000-7f62ad43f000 rw-p 00006000 08:06 131114                     /tmp/libfingerprint1232366523876405741.so
7f62ad43f000-7f62ad442000 ---p 00000000 00:00 0 
7f62ad442000-7f62ad540000 rw-p 00000000 00:00 0                          [stack:20997]
7f62ad5c7000-7f62ad7c7000 rw-p 00000000 00:00 0 
7f62ad7c7000-7f62ad9c7000 rw-s 160927000 00:06 11833                     /dev/nvidiactl
7f62ad9c8000-7f62addc8000 rw-s 3db58000 00:06 11833                      /dev/nvidiactl
7f62addca000-7f62ae05f000 rw-p 00000000 00:00 0 
7f62ae05f000-7f62ae25f000 rw-s 1a4197000 00:06 11833                     /dev/nvidiactl
7f62ae262000-7f62aecf8000 rw-p 00000000 00:00 0 
7f62aecf8000-7f62aeda2000 r--p 00000000 08:06 1445411                    /usr/share/fonts/truetype/dejavu/DejaVuSans-Bold.ttf
7f62aeda5000-7f62aefa5000 rw-p 00000000 00:00 0 
7f62aefa5000-7f62aefb8000 r--s 00345000 08:06 10486404                   /usr/lib/jvm/jdk1.8.0_111/jre/lib/resources.jar
7f62aefb8000-7f62af1b8000 rw-p 00000000 00:00 0 
7f62af1b8000-7f62af26e000 r--p 00000000 08:06 1445415                    /usr/share/fonts/truetype/dejavu/DejaVuSans.ttf
7f62af273000-7f62af276000 ---p 00000000 00:00 0 
7f62af276000-7f62af374000 rw-p 00000000 00:00 0                          [stack:20178]
7f62af374000-7f62af379000 r--s 00084000 08:06 10486279                   /usr/lib/jvm/jdk1.8.0_111/jre/lib/jfr.jar
7f62af380000-7f62af3af000 r-xp 00000000 08:06 788682                     /usr/lib/x86_64-linux-gnu/gtk-2.0/2.10.0/engines/libmurrine.so
7f62af3af000-7f62af5af000 ---p 0002f000 08:06 788682                     /usr/lib/x86_64-linux-gnu/gtk-2.0/2.10.0/engines/libmurrine.so
7f62af5af000-7f62af5b0000 r--p 0002f000 08:06 788682                     /usr/lib/x86_64-linux-gnu/gtk-2.0/2.10.0/engines/libmurrine.so
7f62af5b0000-7f62af5b1000 rw-p 00030000 08:06 788682                     /usr/lib/x86_64-linux-gnu/gtk-2.0/2.10.0/engines/libmurrine.so
7f62af5b8000-7f62af5c1000 r-xp 00000000 08:06 787773                     /usr/lib/x86_64-linux-gnu/gtk-2.0/2.10.0/engines/libpixmap.so
7f62af5c1000-7f62af7c1000 ---p 00009000 08:06 787773                     /usr/lib/x86_64-linux-gnu/gtk-2.0/2.10.0/engines/libpixmap.so
7f62af7c1000-7f62af7c2000 r--p 00009000 08:06 787773                     /usr/lib/x86_64-linux-gnu/gtk-2.0/2.10.0/engines/libpixmap.so
7f62af7c2000-7f62af7c3000 rw-p 0000a000 08:06 787773                     /usr/lib/x86_64-linux-gnu/gtk-2.0/2.10.0/engines/libpixmap.so
7f62af7c8000-7f62af9c8000 rw-p 00000000 00:00 0 
7f62af9c8000-7f62afbc8000 rw-p 00000000 00:00 0 
7f62afbc8000-7f62afc73000 r--p 00000000 08:06 10486268                   /usr/lib/jvm/jdk1.8.0_111/jre/lib/fonts/LucidaSansRegular.ttf
7f62afc78000-7f62afcb2000 r--p 00000000 08:06 10486270                   /usr/lib/jvm/jdk1.8.0_111/jre/lib/fonts/LucidaTypewriterBold.ttf
7f62afcb8000-7f62afccb000 r--p 00000000 08:06 10486276                   /usr/lib/jvm/jdk1.8.0_111/jre/lib/fonts/LucidaBrightDemiItalic.ttf
7f62afcd0000-7f62afd1e000 r--p 00000000 08:06 10486275                   /usr/lib/jvm/jdk1.8.0_111/jre/lib/fonts/LucidaSansDemiBold.ttf
7f62afd20000-7f62afd5c000 r--p 00000000 08:06 10486274                   /usr/lib/jvm/jdk1.8.0_111/jre/lib/fonts/LucidaTypewriterRegular.ttf
7f62afd60000-7f62afdb5000 r--p 00000000 08:06 10486271                   /usr/lib/jvm/jdk1.8.0_111/jre/lib/fonts/LucidaBrightRegular.ttf
7f62afdb8000-7f62afdcc000 r--p 00000000 08:06 10486272                   /usr/lib/jvm/jdk1.8.0_111/jre/lib/fonts/LucidaBrightItalic.ttf
7f62afdd0000-7f62afde3000 r--p 00000000 08:06 10486269                   /usr/lib/jvm/jdk1.8.0_111/jre/lib/fonts/LucidaBrightDemiBold.ttf
7f62afde8000-7f62afdec000 r-xp 00000000 08:06 10486217                   /usr/lib/jvm/jdk1.8.0_111/jre/lib/amd64/libjavafx_font_pango.so
7f62afdec000-7f62affeb000 ---p 00004000 08:06 10486217                   /usr/lib/jvm/jdk1.8.0_111/jre/lib/amd64/libjavafx_font_pango.so
7f62affeb000-7f62affec000 rw-p 00003000 08:06 10486217                   /usr/lib/jvm/jdk1.8.0_111/jre/lib/amd64/libjavafx_font_pango.so
7f62afff0000-7f62afffb000 r--s 00000000 08:06 3801409                    /var/cache/fontconfig/945677eb7aeaf62f1d50efc3fb3ec7d8-le64.cache-4
7f62b0000000-7f62b0536000 rw-p 00000000 00:00 0 
7f62b0536000-7f62b4000000 ---p 00000000 00:00 0 
7f62b4000000-7f62b4029000 rw-p 00000000 00:00 0 
7f62b4029000-7f62b8000000 ---p 00000000 00:00 0 
7f62b8000000-7f62b8362000 rw-p 00000000 00:00 0 
7f62b8362000-7f62bc000000 ---p 00000000 00:00 0 
7f62bc000000-7f62bc001000 r--s 00000000 08:06 3801416                    /var/cache/fontconfig/c05880de57d1f5e948fdfacc138775d9-le64.cache-4
7f62bc008000-7f62bc00a000 r--s 00000000 08:06 3801411                    /var/cache/fontconfig/99e8ed0e538f840c565b6ed5dad60d56-le64.cache-4
7f62bc010000-7f62bc016000 r--s 00000000 08:06 3801393                    /var/cache/fontconfig/2cd17615ca594fa2959ae173292e504c-le64.cache-4
7f62bc018000-7f62bc019000 r--s 00000000 08:06 3801427                    /var/cache/fontconfig/e7071f4a29fa870f4323321c154eba04-le64.cache-4
7f62bc020000-7f62bc021000 r--s 00000000 08:06 3801390                    /var/cache/fontconfig/0d8c3b2ac0904cb8a57a757ad11a4a08-le64.cache-4
7f62bc028000-7f62bc02f000 r--s 00000000 08:06 3801413                    /var/cache/fontconfig/a755afe4a08bf5b97852ceb7400b47bc-le64.cache-4
7f62bc030000-7f62bc03c000 r--s 00000000 08:06 3801404                    /var/cache/fontconfig/6d41288fd70b0be22e8c3a91e032eec0-le64.cache-4
7f62bc040000-7f62bc054000 r--s 00000000 08:06 3801387                    /var/cache/fontconfig/04aabc0a78ac019cf9454389977116d2-le64.cache-4
7f62bc058000-7f62bc059000 r--s 00000000 08:06 3801392                    /var/cache/fontconfig/1ac9eb803944fde146138c791f5cc56a-le64.cache-4
7f62bc060000-7f62bc064000 r--s 00000000 08:06 3801396                    /var/cache/fontconfig/385c0604a188198f04d133e54aba7fe7-le64.cache-4
7f62bc068000-7f62bc069000 r--s 00000000 08:06 3801424                    /var/cache/fontconfig/dc05db6664285cc2f12bf69c139ae4c3-le64.cache-4
7f62bc070000-7f62bc072000 r--s 00000000 08:06 3801406                    /var/cache/fontconfig/767a8244fc0220cfb567a839d0392e0b-le64.cache-4
7f62bc078000-7f62bc079000 r--s 00000000 08:06 3801398                    /var/cache/fontconfig/4794a0821666d79190d59a36cb4f44b5-le64.cache-4
7f62bc080000-7f62bc092000 r--s 00000000 08:06 3801388                    /var/cache/fontconfig/0bd3dc0958fa2205aaaa8ebb13e2872b-le64.cache-4
7f62bc098000-7f62bc09d000 r--s 00000000 08:06 3801408                    /var/cache/fontconfig/8801497958630a81b71ace7c5f9b32a8-le64.cache-4
7f62bc0a0000-7f62bc0a6000 r--s 00000000 08:06 3816246                    /var/cache/fontconfig/ca37dee8d6057f2a069c1b3d05990269-le64.cache-4
7f62bc0a8000-7f62bc0ac000 r--s 00000000 08:06 3815067                    /var/cache/fontconfig/c57959a16110560c8d0fcea73374aeeb-le64.cache-4
7f62bc0b0000-7f62bc0b7000 r--s 00000000 08:06 3801394                    /var/cache/fontconfig/3047814df9a2f067bd2d96a2b9c36e5a-le64.cache-4
7f62bc0b8000-7f62bc0b9000 r--s 00000000 08:06 3801400                    /var/cache/fontconfig/56cf4f4769d0f4abc89a4895d7bd3ae1-le64.cache-4
7f62bc0c0000-7f62bc0c6000 r--s 00000000 08:06 3801414                    /var/cache/fontconfig/b47c4e1ecd0709278f4910c18777a504-le64.cache-4
7f62bc0c8000-7f62bc0db000 r--s 00000000 08:06 3801421                    /var/cache/fontconfig/d52a8644073d54c13679302ca1180695-le64.cache-4
7f62bc0e0000-7f62bc0e9000 r--s 00000000 08:06 3801397                    /var/cache/fontconfig/3f7329c5293ffd510edef78f73874cfd-le64.cache-4
7f62bc0f0000-7f62bc0fb000 r--s 00000000 08:06 3801422                    /var/cache/fontconfig/d589a48862398ed80a3d6066f4f56f4c-le64.cache-4
7f62bc100000-7f62bc109000 r--s 00000000 08:06 3801419                    /var/cache/fontconfig/d0972c3d32f097851eb916381fc38920-le64.cache-4
7f62bc110000-7f62bc113000 r--s 00000000 08:06 3812658                    /var/cache/fontconfig/e13b20fdb08344e0e664864cc2ede53d-le64.cache-4
7f62bc118000-7f62bc11c000 r--s 00000000 08:06 3816245                    /var/cache/fontconfig/7ef2298fde41cc6eeb7af42e48b7d293-le64.cache-4
7f62bc120000-7f62bc125000 r-xp 00000000 08:06 10486213                   /usr/lib/jvm/jdk1.8.0_111/jre/lib/amd64/libjavafx_font_freetype.so
7f62bc125000-7f62bc324000 ---p 00005000 08:06 10486213                   /usr/lib/jvm/jdk1.8.0_111/jre/lib/amd64/libjavafx_font_freetype.so
7f62bc324000-7f62bc325000 rw-p 00004000 08:06 10486213                   /usr/lib/jvm/jdk1.8.0_111/jre/lib/amd64/libjavafx_font_freetype.so
7f62bc328000-7f62bc32b000 r-xp 00000000 08:06 10486175                   /usr/lib/jvm/jdk1.8.0_111/jre/lib/amd64/libjavafx_font.so
7f62bc32b000-7f62bc52a000 ---p 00003000 08:06 10486175                   /usr/lib/jvm/jdk1.8.0_111/jre/lib/amd64/libjavafx_font.so
7f62bc52a000-7f62bc52b000 rw-p 00002000 08:06 10486175                   /usr/lib/jvm/jdk1.8.0_111/jre/lib/amd64/libjavafx_font.so
7f62bc52d000-7f62bc72d000 rw-p 00000000 00:00 0 
7f62bc72d000-7f62bc730000 ---p 00000000 00:00 0 
7f62bc730000-7f62bc82e000 rw-p 00000000 00:00 0                          [stack:20127]
7f62bc82e000-7f62bc831000 ---p 00000000 00:00 0 
7f62bc831000-7f62bc92f000 rw-p 00000000 00:00 0                          [stack:20102]
7f62bc92f000-7f62bc932000 ---p 00000000 00:00 0 
7f62bc932000-7f62bca30000 rw-p 00000000 00:00 0                          [stack:20101]
7f62bca30000-7f62bca5a000 r--p 00000000 08:06 1314249                    /usr/share/locale-langpack/es/LC_MESSAGES/gtk20-properties.mo
7f62bca60000-7f62bca86000 r--p 00000000 08:06 1314142                    /usr/share/locale-langpack/es/LC_MESSAGES/libc.mo
7f62bca88000-7f62bcab1000 r-xp 00000000 08:06 10486225                   /usr/lib/jvm/jdk1.8.0_111/jre/lib/amd64/libglass.so
7f62bcab1000-7f62bccb0000 ---p 00029000 08:06 10486225                   /usr/lib/jvm/jdk1.8.0_111/jre/lib/amd64/libglass.so
7f62bccb0000-7f62bccb3000 rw-p 00028000 08:06 10486225                   /usr/lib/jvm/jdk1.8.0_111/jre/lib/amd64/libglass.so
7f62bccb9000-7f62bcd39000 rw-s 167e21000 00:06 11833                     /dev/nvidiactl
7f62bcd3d000-7f62bcdbd000 rw-s 167d8d000 00:06 11833                     /dev/nvidiactl
7f62bcdc3000-7f62bcec3000 rw-s 1a40bb000 00:06 11833                     /dev/nvidiactl
7f62bcec8000-7f62bcece000 r-xp 00000000 08:06 270780                     /usr/lib/x86_64-linux-gnu/libdatrie.so.1.3.1
7f62bcece000-7f62bd0cd000 ---p 00006000 08:06 270780                     /usr/lib/x86_64-linux-gnu/libdatrie.so.1.3.1
7f62bd0cd000-7f62bd0ce000 r--p 00005000 08:06 270780                     /usr/lib/x86_64-linux-gnu/libdatrie.so.1.3.1
7f62bd0ce000-7f62bd0cf000 rw-p 00006000 08:06 270780                     /usr/lib/x86_64-linux-gnu/libdatrie.so.1.3.1
7f62bd0d0000-7f62bd0d5000 r-xp 00000000 08:06 270557                     /usr/lib/x86_64-linux-gnu/libXdmcp.so.6.0.0
7f62bd0d5000-7f62bd2d4000 ---p 00005000 08:06 270557                     /usr/lib/x86_64-linux-gnu/libXdmcp.so.6.0.0
7f62bd2d4000-7f62bd2d5000 r--p 00004000 08:06 270557                     /usr/lib/x86_64-linux-gnu/libXdmcp.so.6.0.0
7f62bd2d5000-7f62bd2d6000 rw-p 00005000 08:06 270557                     /usr/lib/x86_64-linux-gnu/libXdmcp.so.6.0.0
7f62bd2d8000-7f62bd2da000 r-xp 00000000 08:06 270544                     /usr/lib/x86_64-linux-gnu/libXau.so.6.0.0
7f62bd2da000-7f62bd4da000 ---p 00002000 08:06 270544                     /usr/lib/x86_64-linux-gnu/libXau.so.6.0.0
7f62bd4da000-7f62bd4db000 r--p 00002000 08:06 270544                     /usr/lib/x86_64-linux-gnu/libXau.so.6.0.0
7f62bd4db000-7f62bd4dc000 rw-p 00003000 08:06 270544                     /usr/lib/x86_64-linux-gnu/libXau.so.6.0.0
7f62bd4e0000-7f62bd4fa000 r-xp 00000000 08:06 263304                     /usr/lib/x86_64-linux-gnu/libgraphite2.so.3.0.1
7f62bd4fa000-7f62bd6f9000 ---p 0001a000 08:06 263304                     /usr/lib/x86_64-linux-gnu/libgraphite2.so.3.0.1
7f62bd6f9000-7f62bd6fb000 r--p 00019000 08:06 263304                     /usr/lib/x86_64-linux-gnu/libgraphite2.so.3.0.1
7f62bd6fb000-7f62bd6fc000 rw-p 0001b000 08:06 263304                     /usr/lib/x86_64-linux-gnu/libgraphite2.so.3.0.1
7f62bd700000-7f62bf0fd000 r-xp 00000000 08:06 921231                     /usr/lib/nvidia-352/libnvidia-glcore.so.352.63
7f62bf0fd000-7f62bf11d000 rwxp 019fd000 08:06 921231                     /usr/lib/nvidia-352/libnvidia-glcore.so.352.63
7f62bf11d000-7f62bf3e4000 r-xp 01a1d000 08:06 921231                     /usr/lib/nvidia-352/libnvidia-glcore.so.352.63
7f62bf3e4000-7f62bf5e3000 ---p 01ce4000 08:06 921231                     /usr/lib/nvidia-352/libnvidia-glcore.so.352.63
7f62bf5e3000-7f62c017f000 rw-p 01ce3000 08:06 921231                     /usr/lib/nvidia-352/libnvidia-glcore.so.352.63
7f62c017f000-7f62c0193000 rw-p 00000000 00:00 0 
7f62c0198000-7f62c019b000 r-xp 00000000 08:06 1184481                    /usr/lib/nvidia-352/tls/libnvidia-tls.so.352.63
7f62c019b000-7f62c039a000 ---p 00003000 08:06 1184481                    /usr/lib/nvidia-352/tls/libnvidia-tls.so.352.63
7f62c039a000-7f62c039b000 rw-p 00002000 08:06 1184481                    /usr/lib/nvidia-352/tls/libnvidia-tls.so.352.63
7f62c03a0000-7f62c03dd000 r-xp 00000000 08:06 11276632                   /lib/x86_64-linux-gnu/libpcre.so.3.13.1
7f62c03dd000-7f62c05dc000 ---p 0003d000 08:06 11276632                   /lib/x86_64-linux-gnu/libpcre.so.3.13.1
7f62c05dc000-7f62c05dd000 r--p 0003c000 08:06 11276632                   /lib/x86_64-linux-gnu/libpcre.so.3.13.1
7f62c05dd000-7f62c05de000 rw-p 0003d000 08:06 11276632                   /lib/x86_64-linux-gnu/libpcre.so.3.13.1
7f62c05e0000-7f62c05e7000 r-xp 00000000 08:06 262898                     /usr/lib/x86_64-linux-gnu/libffi.so.6.0.1
7f62c05e7000-7f62c07e6000 ---p 00007000 08:06 262898                     /usr/lib/x86_64-linux-gnu/libffi.so.6.0.1
7f62c07e6000-7f62c07e7000 r--p 00006000 08:06 262898                     /usr/lib/x86_64-linux-gnu/libffi.so.6.0.1
7f62c07e7000-7f62c07e8000 rw-p 00007000 08:06 262898                     /usr/lib/x86_64-linux-gnu/libffi.so.6.0.1
7f62c07e8000-7f62c080f000 r-xp 00000000 08:06 11276550                   /lib/x86_64-linux-gnu/libexpat.so.1.6.0
7f62c080f000-7f62c0a0f000 ---p 00027000 08:06 11276550                   /lib/x86_64-linux-gnu/libexpat.so.1.6.0
7f62c0a0f000-7f62c0a11000 r--p 00027000 08:06 11276550                   /lib/x86_64-linux-gnu/libexpat.so.1.6.0
7f62c0a11000-7f62c0a12000 rw-p 00029000 08:06 11276550                   /lib/x86_64-linux-gnu/libexpat.so.1.6.0
7f62c0a18000-7f62c0a20000 r-xp 00000000 08:06 271660                     /usr/lib/x86_64-linux-gnu/libthai.so.0.2.0
7f62c0a20000-7f62c0c1f000 ---p 00008000 08:06 271660                     /usr/lib/x86_64-linux-gnu/libthai.so.0.2.0
7f62c0c1f000-7f62c0c20000 r--p 00007000 08:06 271660                     /usr/lib/x86_64-linux-gnu/libthai.so.0.2.0
7f62c0c20000-7f62c0c21000 rw-p 00008000 08:06 271660                     /usr/lib/x86_64-linux-gnu/libthai.so.0.2.0
7f62c0c28000-7f62c0c45000 r-xp 00000000 08:06 271805                     /usr/lib/x86_64-linux-gnu/libxcb.so.1.1.0
7f62c0c45000-7f62c0e45000 ---p 0001d000 08:06 271805                     /usr/lib/x86_64-linux-gnu/libxcb.so.1.1.0
7f62c0e45000-7f62c0e46000 r--p 0001d000 08:06 271805                     /usr/lib/x86_64-linux-gnu/libxcb.so.1.1.0
7f62c0e46000-7f62c0e47000 rw-p 0001e000 08:06 271805                     /usr/lib/x86_64-linux-gnu/libxcb.so.1.1.0
7f62c0e48000-7f62c0e50000 r-xp 00000000 08:06 271787                     /usr/lib/x86_64-linux-gnu/libxcb-render.so.0.0.0
7f62c0e50000-7f62c104f000 ---p 00008000 08:06 271787                     /usr/lib/x86_64-linux-gnu/libxcb-render.so.0.0.0
7f62c104f000-7f62c1050000 r--p 00007000 08:06 271787                     /usr/lib/x86_64-linux-gnu/libxcb-render.so.0.0.0
7f62c1050000-7f62c1051000 rw-p 00008000 08:06 271787                     /usr/lib/x86_64-linux-gnu/libxcb-render.so.0.0.0
7f62c1058000-7f62c105a000 r-xp 00000000 08:06 271791                     /usr/lib/x86_64-linux-gnu/libxcb-shm.so.0.0.0
7f62c105a000-7f62c1259000 ---p 00002000 08:06 271791                     /usr/lib/x86_64-linux-gnu/libxcb-shm.so.0.0.0
7f62c1259000-7f62c125a000 r--p 00001000 08:06 271791                     /usr/lib/x86_64-linux-gnu/libxcb-shm.so.0.0.0
7f62c125a000-7f62c125b000 rw-p 00002000 08:06 271791                     /usr/lib/x86_64-linux-gnu/libxcb-shm.so.0.0.0
7f62c1260000-7f62c1285000 r-xp 00000000 08:06 11273421                   /lib/x86_64-linux-gnu/libpng12.so.0.50.0
7f62c1285000-7f62c1484000 ---p 00025000 08:06 11273421                   /lib/x86_64-linux-gnu/libpng12.so.0.50.0
7f62c1484000-7f62c1485000 r--p 00024000 08:06 11273421                   /lib/x86_64-linux-gnu/libpng12.so.0.50.0
7f62c1485000-7f62c1486000 rw-p 00025000 08:06 11273421                   /lib/x86_64-linux-gnu/libpng12.so.0.50.0
7f62c1488000-7f62c1529000 r-xp 00000000 08:06 271486                     /usr/lib/x86_64-linux-gnu/libpixman-1.so.0.30.2
7f62c1529000-7f62c1729000 ---p 000a1000 08:06 271486                     /usr/lib/x86_64-linux-gnu/libpixman-1.so.0.30.2
7f62c1729000-7f62c1730000 r--p 000a1000 08:06 271486                     /usr/lib/x86_64-linux-gnu/libpixman-1.so.0.30.2
7f62c1730000-7f62c1731000 rw-p 000a8000 08:06 271486                     /usr/lib/x86_64-linux-gnu/libpixman-1.so.0.30.2
7f62c1738000-7f62c178b000 r-xp 00000000 08:06 271186                     /usr/lib/x86_64-linux-gnu/libharfbuzz.so.0.927.0
7f62c178b000-7f62c198b000 ---p 00053000 08:06 271186                     /usr/lib/x86_64-linux-gnu/libharfbuzz.so.0.927.0
7f62c198b000-7f62c198c000 r--p 00053000 08:06 271186                     /usr/lib/x86_64-linux-gnu/libharfbuzz.so.0.927.0
7f62c198c000-7f62c198d000 rw-p 00054000 08:06 271186                     /usr/lib/x86_64-linux-gnu/libharfbuzz.so.0.927.0
7f62c1990000-7f62c19a7000 r-xp 00000000 08:06 11272221                   /lib/x86_64-linux-gnu/libresolv-2.19.so
7f62c19a7000-7f62c1ba7000 ---p 00017000 08:06 11272221                   /lib/x86_64-linux-gnu/libresolv-2.19.so
7f62c1ba7000-7f62c1ba8000 r--p 00017000 08:06 11272221                   /lib/x86_64-linux-gnu/libresolv-2.19.so
7f62c1ba8000-7f62c1ba9000 rw-p 00018000 08:06 11272221                   /lib/x86_64-linux-gnu/libresolv-2.19.so
7f62c1ba9000-7f62c1bab000 rw-p 00000000 00:00 0 
7f62c1bb0000-7f62c1bd0000 r-xp 00000000 08:06 11276659                   /lib/x86_64-linux-gnu/libselinux.so.1
7f62c1bd0000-7f62c1dcf000 ---p 00020000 08:06 11276659                   /lib/x86_64-linux-gnu/libselinux.so.1
7f62c1dcf000-7f62c1dd0000 r--p 0001f000 08:06 11276659                   /lib/x86_64-linux-gnu/libselinux.so.1
7f62c1dd0000-7f62c1dd1000 rw-p 00020000 08:06 11276659                   /lib/x86_64-linux-gnu/libselinux.so.1
7f62c1dd1000-7f62c1dd3000 rw-p 00000000 00:00 0 
7f62c1dd8000-7f62c1df0000 r-xp 00000000 08:06 11276690                   /lib/x86_64-linux-gnu/libz.so.1.2.8
7f62c1df0000-7f62c1fef000 ---p 00018000 08:06 11276690                   /lib/x86_64-linux-gnu/libz.so.1.2.8
7f62c1fef000-7f62c1ff0000 r--p 00017000 08:06 11276690                   /lib/x86_64-linux-gnu/libz.so.1.2.8
7f62c1ff0000-7f62c1ff1000 rw-p 00018000 08:06 11276690                   /lib/x86_64-linux-gnu/libz.so.1.2.8
7f62c1ff8000-7f62c2009000 r-xp 00000000 08:06 270559                     /usr/lib/x86_64-linux-gnu/libXext.so.6.4.0
7f62c2009000-7f62c2208000 ---p 00011000 08:06 270559                     /usr/lib/x86_64-linux-gnu/libXext.so.6.4.0
7f62c2208000-7f62c2209000 r--p 00010000 08:06 270559                     /usr/lib/x86_64-linux-gnu/libXext.so.6.4.0
7f62c2209000-7f62c220a000 rw-p 00011000 08:06 270559                     /usr/lib/x86_64-linux-gnu/libXext.so.6.4.0
7f62c2210000-7f62c2212000 r-xp 00000000 08:06 270553                     /usr/lib/x86_64-linux-gnu/libXdamage.so.1.1.0
7f62c2212000-7f62c2411000 ---p 00002000 08:06 270553                     /usr/lib/x86_64-linux-gnu/libXdamage.so.1.1.0
7f62c2411000-7f62c2412000 r--p 00001000 08:06 270553                     /usr/lib/x86_64-linux-gnu/libXdamage.so.1.1.0
7f62c2412000-7f62c2413000 rw-p 00002000 08:06 270553                     /usr/lib/x86_64-linux-gnu/libXdamage.so.1.1.0
7f62c2418000-7f62c241a000 r-xp 00000000 08:06 270549                     /usr/lib/x86_64-linux-gnu/libXcomposite.so.1.0.0
7f62c241a000-7f62c2619000 ---p 00002000 08:06 270549                     /usr/lib/x86_64-linux-gnu/libXcomposite.so.1.0.0
7f62c2619000-7f62c261a000 r--p 00001000 08:06 270549                     /usr/lib/x86_64-linux-gnu/libXcomposite.so.1.0.0
7f62c261a000-7f62c261b000 rw-p 00002000 08:06 270549                     /usr/lib/x86_64-linux-gnu/libXcomposite.so.1.0.0
7f62c2620000-7f62c2629000 r-xp 00000000 08:06 270551                     /usr/lib/x86_64-linux-gnu/libXcursor.so.1.0.2
7f62c2629000-7f62c2828000 ---p 00009000 08:06 270551                     /usr/lib/x86_64-linux-gnu/libXcursor.so.1.0.2
7f62c2828000-7f62c2829000 r--p 00008000 08:06 270551                     /usr/lib/x86_64-linux-gnu/libXcursor.so.1.0.2
7f62c2829000-7f62c282a000 rw-p 00009000 08:06 270551                     /usr/lib/x86_64-linux-gnu/libXcursor.so.1.0.2
7f62c2830000-7f62c2839000 r-xp 00000000 08:06 270579                     /usr/lib/x86_64-linux-gnu/libXrandr.so.2.2.0
7f62c2839000-7f62c2a38000 ---p 00009000 08:06 270579                     /usr/lib/x86_64-linux-gnu/libXrandr.so.2.2.0
7f62c2a38000-7f62c2a39000 r--p 00008000 08:06 270579                     /usr/lib/x86_64-linux-gnu/libXrandr.so.2.2.0
7f62c2a39000-7f62c2a3a000 rw-p 00009000 08:06 270579                     /usr/lib/x86_64-linux-gnu/libXrandr.so.2.2.0
7f62c2a40000-7f62c2a4f000 r-xp 00000000 08:06 270567                     /usr/lib/x86_64-linux-gnu/libXi.so.6.1.0
7f62c2a4f000-7f62c2c4e000 ---p 0000f000 08:06 270567                     /usr/lib/x86_64-linux-gnu/libXi.so.6.1.0
7f62c2c4e000-7f62c2c4f000 r--p 0000e000 08:06 270567                     /usr/lib/x86_64-linux-gnu/libXi.so.6.1.0
7f62c2c4f000-7f62c2c50000 rw-p 0000f000 08:06 270567                     /usr/lib/x86_64-linux-gnu/libXi.so.6.1.0
7f62c2c50000-7f62c2c52000 r-xp 00000000 08:06 270569                     /usr/lib/x86_64-linux-gnu/libXinerama.so.1.0.0
7f62c2c52000-7f62c2e51000 ---p 00002000 08:06 270569                     /usr/lib/x86_64-linux-gnu/libXinerama.so.1.0.0
7f62c2e51000-7f62c2e52000 r--p 00001000 08:06 270569                     /usr/lib/x86_64-linux-gnu/libXinerama.so.1.0.0
7f62c2e52000-7f62c2e53000 rw-p 00002000 08:06 270569                     /usr/lib/x86_64-linux-gnu/libXinerama.so.1.0.0
7f62c2e58000-7f62c2e61000 r-xp 00000000 08:06 270581                     /usr/lib/x86_64-linux-gnu/libXrender.so.1.3.0
7f62c2e61000-7f62c3060000 ---p 00009000 08:06 270581                     /usr/lib/x86_64-linux-gnu/libXrender.so.1.3.0
7f62c3060000-7f62c3061000 r--p 00008000 08:06 270581                     /usr/lib/x86_64-linux-gnu/libXrender.so.1.3.0
7f62c3061000-7f62c3062000 rw-p 00009000 08:06 270581                     /usr/lib/x86_64-linux-gnu/libXrender.so.1.3.0
7f62c3068000-7f62c306d000 r-xp 00000000 08:06 270561                     /usr/lib/x86_64-linux-gnu/libXfixes.so.3.1.0
7f62c306d000-7f62c326c000 ---p 00005000 08:06 270561                     /usr/lib/x86_64-linux-gnu/libXfixes.so.3.1.0
7f62c326c000-7f62c326d000 r--p 00004000 08:06 270561                     /usr/lib/x86_64-linux-gnu/libXfixes.so.3.1.0
7f62c326d000-7f62c326e000 rw-p 00005000 08:06 270561                     /usr/lib/x86_64-linux-gnu/libXfixes.so.3.1.0
7f62c3270000-7f62c3286000 r-xp 00000000 08:06 11273328                   /lib/x86_64-linux-gnu/libgcc_s.so.1
7f62c3286000-7f62c3485000 ---p 00016000 08:06 11273328                   /lib/x86_64-linux-gnu/libgcc_s.so.1
7f62c3485000-7f62c3486000 rw-p 00015000 08:06 11273328                   /lib/x86_64-linux-gnu/libgcc_s.so.1
7f62c3488000-7f62c356e000 r-xp 00000000 08:06 262560                     /usr/lib/x86_64-linux-gnu/libstdc++.so.6.0.19
7f62c356e000-7f62c376d000 ---p 000e6000 08:06 262560                     /usr/lib/x86_64-linux-gnu/libstdc++.so.6.0.19
7f62c376d000-7f62c3775000 r--p 000e5000 08:06 262560                     /usr/lib/x86_64-linux-gnu/libstdc++.so.6.0.19
7f62c3775000-7f62c3777000 rw-p 000ed000 08:06 262560                     /usr/lib/x86_64-linux-gnu/libstdc++.so.6.0.19
7f62c3777000-7f62c378c000 rw-p 00000000 00:00 0 
7f62c3790000-7f62c384e000 r-xp 00000000 08:06 921224                     /usr/lib/nvidia-352/libGL.so.352.63
7f62c384e000-7f62c3881000 rwxp 000be000 08:06 921224                     /usr/lib/nvidia-352/libGL.so.352.63
7f62c3881000-7f62c3893000 r-xp 000f1000 08:06 921224                     /usr/lib/nvidia-352/libGL.so.352.63
7f62c3893000-7f62c3a92000 ---p 00103000 08:06 921224                     /usr/lib/nvidia-352/libGL.so.352.63
7f62c3a92000-7f62c3aba000 rw-p 00102000 08:06 921224                     /usr/lib/nvidia-352/libGL.so.352.63
7f62c3aba000-7f62c3ac0000 rw-p 00000000 00:00 0 
7f62c3ac0000-7f62c3ac4000 r-xp 00000000 08:06 270597                     /usr/lib/x86_64-linux-gnu/libXxf86vm.so.1.0.0
7f62c3ac4000-7f62c3cc4000 ---p 00004000 08:06 270597                     /usr/lib/x86_64-linux-gnu/libXxf86vm.so.1.0.0
7f62c3cc4000-7f62c3cc5000 r--p 00004000 08:06 270597                     /usr/lib/x86_64-linux-gnu/libXxf86vm.so.1.0.0
7f62c3cc5000-7f62c3cc6000 rw-p 00005000 08:06 270597                     /usr/lib/x86_64-linux-gnu/libXxf86vm.so.1.0.0
7f62c3cc8000-7f62c3df8000 r-xp 00000000 08:06 270538                     /usr/lib/x86_64-linux-gnu/libX11.so.6.3.0
7f62c3df8000-7f62c3ff8000 ---p 00130000 08:06 270538                     /usr/lib/x86_64-linux-gnu/libX11.so.6.3.0
7f62c3ff8000-7f62c3ff9000 r--p 00130000 08:06 270538                     /usr/lib/x86_64-linux-gnu/libX11.so.6.3.0
7f62c3ff9000-7f62c3ffd000 rw-p 00131000 08:06 270538                     /usr/lib/x86_64-linux-gnu/libX11.so.6.3.0
7f62c4000000-7f62c4021000 rw-p 00000000 00:00 0 
7f62c4021000-7f62c8000000 ---p 00000000 00:00 0 
7f62c8000000-7f62c8c7d000 rw-p 00000000 00:00 0 
7f62c8c7d000-7f62cc000000 ---p 00000000 00:00 0 
7f62cc000000-7f62cc792000 rw-p 00000000 00:00 0 
7f62cc792000-7f62d0000000 ---p 00000000 00:00 0 
7f62d0000000-7f62d0021000 rw-p 00000000 00:00 0 
7f62d0021000-7f62d4000000 ---p 00000000 00:00 0 
7f62d4000000-7f62d4021000 rw-p 00000000 00:00 0 
7f62d4021000-7f62d8000000 ---p 00000000 00:00 0 
7f62d8000000-7f62d8926000 rw-p 00000000 00:00 0 
7f62d8926000-7f62dc000000 ---p 00000000 00:00 0 
7f62dc000000-7f62dc021000 rw-p 00000000 00:00 0 
7f62dc021000-7f62e0000000 ---p 00000000 00:00 0 
7f62e0000000-7f62e0033000 rw-p 00000000 00:00 0 
7f62e0033000-7f62e4000000 ---p 00000000 00:00 0 
7f62e4000000-7f62e4021000 rw-p 00000000 00:00 0 
7f62e4021000-7f62e8000000 ---p 00000000 00:00 0 
7f62e8000000-7f62e8021000 rw-p 00000000 00:00 0 
7f62e8021000-7f62ec000000 ---p 00000000 00:00 0 
7f62ec000000-7f62ec001000 r--s 00000000 08:06 3801415                    /var/cache/fontconfig/b9d506c9ac06c20b433354fa67a72993-le64.cache-4
7f62ec008000-7f62ec00c000 r--s 00060000 08:06 10619410                   /home/xmbeat/NetBeansProjects/FingerprintLogin/dist/run1427355152/lib/webcam-capture-0.3.10.jar
7f62ec00d000-7f62ec00f000 r--s 00005000 08:06 10619409                   /home/xmbeat/NetBeansProjects/FingerprintLogin/dist/run1427355152/lib/slf4j-api-1.7.2.jar
7f62ec012000-7f62ec015000 r--s 0003a000 08:06 10619399                   /home/xmbeat/NetBeansProjects/FingerprintLogin/dist/run1427355152/lib/mysql-connector-java-3.0.17-ga-bin.jar
7f62ec017000-7f62ec01f000 r--s 000cf000 08:06 10619393                   /home/xmbeat/NetBeansProjects/FingerprintLogin/dist/run1427355152/lib/bridj-0.6.2.jar
7f62ec020000-7f62ec022000 rw-s 00000000 08:06 131095                     /tmp/.glEm3lDE (deleted)
7f62ec028000-7f62ec037000 r--p 00000000 08:06 1314186                    /usr/share/locale-langpack/es/LC_MESSAGES/gtk20.mo
7f62ec039000-7f62ec0b9000 rw-s 1604f1000 00:06 11833                     /dev/nvidiactl
7f62ec0be000-7f62ec0d1000 rw-s 163286000 00:06 11833                     /dev/nvidiactl
7f62ec0d8000-7f62ec0f8000 rw-s c0320000 00:06 11834                      /dev/nvidia0
7f62ec0fc000-7f62ec13c000 rw-s 16329c000 00:06 11833                     /dev/nvidiactl
7f62ec143000-7f62ec1f7000 rw-s 22218b000 00:06 11833                     /dev/nvidiactl
7f62ec1f8000-7f62ec1fd000 r-xp 00000000 08:06 270587                     /usr/lib/x86_64-linux-gnu/libXtst.so.6.1.0
7f62ec1fd000-7f62ec3fc000 ---p 00005000 08:06 270587                     /usr/lib/x86_64-linux-gnu/libXtst.so.6.1.0
7f62ec3fc000-7f62ec3fd000 r--p 00004000 08:06 270587                     /usr/lib/x86_64-linux-gnu/libXtst.so.6.1.0
7f62ec3fd000-7f62ec3fe000 rw-p 00005000 08:06 270587                     /usr/lib/x86_64-linux-gnu/libXtst.so.6.1.0
7f62ec400000-7f62ec506000 r-xp 00000000 08:06 11276559                   /lib/x86_64-linux-gnu/libglib-2.0.so.0.4002.0
7f62ec506000-7f62ec705000 ---p 00106000 08:06 11276559                   /lib/x86_64-linux-gnu/libglib-2.0.so.0.4002.0
7f62ec705000-7f62ec706000 r--p 00105000 08:06 11276559                   /lib/x86_64-linux-gnu/libglib-2.0.so.0.4002.0
7f62ec706000-7f62ec707000 rw-p 00106000 08:06 11276559                   /lib/x86_64-linux-gnu/libglib-2.0.so.0.4002.0
7f62ec707000-7f62ec708000 rw-p 00000000 00:00 0 
7f62ec708000-7f62ec709000 r-xp 00000000 08:06 271159                     /usr/lib/x86_64-linux-gnu/libgthread-2.0.so.0.4002.0
7f62ec709000-7f62ec908000 ---p 00001000 08:06 271159                     /usr/lib/x86_64-linux-gnu/libgthread-2.0.so.0.4002.0
7f62ec908000-7f62ec909000 r--p 00000000 08:06 271159                     /usr/lib/x86_64-linux-gnu/libgthread-2.0.so.0.4002.0
7f62ec909000-7f62ec90a000 rw-p 00001000 08:06 271159                     /usr/lib/x86_64-linux-gnu/libgthread-2.0.so.0.4002.0
7f62ec910000-7f62ec913000 r-xp 00000000 08:06 271015                     /usr/lib/x86_64-linux-gnu/libgmodule-2.0.so.0.4002.0
7f62ec913000-7f62ecb12000 ---p 00003000 08:06 271015                     /usr/lib/x86_64-linux-gnu/libgmodule-2.0.so.0.4002.0
7f62ecb12000-7f62ecb13000 r--p 00002000 08:06 271015                     /usr/lib/x86_64-linux-gnu/libgmodule-2.0.so.0.4002.0
7f62ecb13000-7f62ecb14000 rw-p 00003000 08:06 271015                     /usr/lib/x86_64-linux-gnu/libgmodule-2.0.so.0.4002.0
7f62ecb18000-7f62ecb67000 r-xp 00000000 08:06 271039                     /usr/lib/x86_64-linux-gnu/libgobject-2.0.so.0.4002.0
7f62ecb67000-7f62ecd67000 ---p 0004f000 08:06 271039                     /usr/lib/x86_64-linux-gnu/libgobject-2.0.so.0.4002.0
7f62ecd67000-7f62ecd68000 r--p 0004f000 08:06 271039                     /usr/lib/x86_64-linux-gnu/libgobject-2.0.so.0.4002.0
7f62ecd68000-7f62ecd69000 rw-p 00050000 08:06 271039                     /usr/lib/x86_64-linux-gnu/libgobject-2.0.so.0.4002.0
7f62ecd70000-7f62ecdaa000 r-xp 00000000 08:06 270920                     /usr/lib/x86_64-linux-gnu/libfontconfig.so.1.8.0
7f62ecdaa000-7f62ecfa9000 ---p 0003a000 08:06 270920                     /usr/lib/x86_64-linux-gnu/libfontconfig.so.1.8.0
7f62ecfa9000-7f62ecfab000 r--p 00039000 08:06 270920                     /usr/lib/x86_64-linux-gnu/libfontconfig.so.1.8.0
7f62ecfab000-7f62ecfac000 rw-p 0003b000 08:06 270920                     /usr/lib/x86_64-linux-gnu/libfontconfig.so.1.8.0
7f62ecfb0000-7f62ed04d000 r-xp 00000000 08:06 270946                     /usr/lib/x86_64-linux-gnu/libfreetype.so.6.11.1
7f62ed04d000-7f62ed24c000 ---p 0009d000 08:06 270946                     /usr/lib/x86_64-linux-gnu/libfreetype.so.6.11.1
7f62ed24c000-7f62ed252000 r--p 0009c000 08:06 270946                     /usr/lib/x86_64-linux-gnu/libfreetype.so.6.11.1
7f62ed252000-7f62ed253000 rw-p 000a2000 08:06 270946                     /usr/lib/x86_64-linux-gnu/libfreetype.so.6.11.1
7f62ed258000-7f62ed2a2000 r-xp 00000000 08:06 271463                     /usr/lib/x86_64-linux-gnu/libpango-1.0.so.0.3600.3
7f62ed2a2000-7f62ed4a2000 ---p 0004a000 08:06 271463                     /usr/lib/x86_64-linux-gnu/libpango-1.0.so.0.3600.3
7f62ed4a2000-7f62ed4a4000 r--p 0004a000 08:06 271463                     /usr/lib/x86_64-linux-gnu/libpango-1.0.so.0.3600.3
7f62ed4a4000-7f62ed4a5000 rw-p 0004c000 08:06 271463                     /usr/lib/x86_64-linux-gnu/libpango-1.0.so.0.3600.3
7f62ed4a8000-7f62ed5ae000 r-xp 00000000 08:06 270702                     /usr/lib/x86_64-linux-gnu/libcairo.so.2.11301.0
7f62ed5ae000-7f62ed7ad000 ---p 00106000 08:06 270702                     /usr/lib/x86_64-linux-gnu/libcairo.so.2.11301.0
7f62ed7ad000-7f62ed7b0000 r--p 00105000 08:06 270702                     /usr/lib/x86_64-linux-gnu/libcairo.so.2.11301.0
7f62ed7b0000-7f62ed7b1000 rw-p 00108000 08:06 270702                     /usr/lib/x86_64-linux-gnu/libcairo.so.2.11301.0
7f62ed7b1000-7f62ed7b3000 rw-p 00000000 00:00 0 
7f62ed7b8000-7f62ed7c3000 r-xp 00000000 08:06 271465                     /usr/lib/x86_64-linux-gnu/libpangocairo-1.0.so.0.3600.3
7f62ed7c3000-7f62ed9c3000 ---p 0000b000 08:06 271465                     /usr/lib/x86_64-linux-gnu/libpangocairo-1.0.so.0.3600.3
7f62ed9c3000-7f62ed9c4000 r--p 0000b000 08:06 271465                     /usr/lib/x86_64-linux-gnu/libpangocairo-1.0.so.0.3600.3
7f62ed9c4000-7f62ed9c5000 rw-p 0000c000 08:06 271465                     /usr/lib/x86_64-linux-gnu/libpangocairo-1.0.so.0.3600.3
7f62ed9c8000-7f62ed9e8000 r-xp 00000000 08:06 270979                     /usr/lib/x86_64-linux-gnu/libgdk_pixbuf-2.0.so.0.3000.7
7f62ed9e8000-7f62edbe7000 ---p 00020000 08:06 270979                     /usr/lib/x86_64-linux-gnu/libgdk_pixbuf-2.0.so.0.3000.7
7f62edbe7000-7f62edbe8000 r--p 0001f000 08:06 270979                     /usr/lib/x86_64-linux-gnu/libgdk_pixbuf-2.0.so.0.3000.7
7f62edbe8000-7f62edbe9000 rw-p 00020000 08:06 270979                     /usr/lib/x86_64-linux-gnu/libgdk_pixbuf-2.0.so.0.3000.7
7f62edbf0000-7f62edc04000 r-xp 00000000 08:06 271467                     /usr/lib/x86_64-linux-gnu/libpangoft2-1.0.so.0.3600.3
7f62edc04000-7f62ede03000 ---p 00014000 08:06 271467                     /usr/lib/x86_64-linux-gnu/libpangoft2-1.0.so.0.3600.3
7f62ede03000-7f62ede04000 r--p 00013000 08:06 271467                     /usr/lib/x86_64-linux-gnu/libpangoft2-1.0.so.0.3600.3
7f62ede04000-7f62ede05000 rw-p 00014000 08:06 271467                     /usr/lib/x86_64-linux-gnu/libpangoft2-1.0.so.0.3600.3
7f62ede08000-7f62edf74000 r-xp 00000000 08:06 271001                     /usr/lib/x86_64-linux-gnu/libgio-2.0.so.0.4002.0
7f62edf74000-7f62ee173000 ---p 0016c000 08:06 271001                     /usr/lib/x86_64-linux-gnu/libgio-2.0.so.0.4002.0
7f62ee173000-7f62ee177000 r--p 0016b000 08:06 271001                     /usr/lib/x86_64-linux-gnu/libgio-2.0.so.0.4002.0
7f62ee177000-7f62ee179000 rw-p 0016f000 08:06 271001                     /usr/lib/x86_64-linux-gnu/libgio-2.0.so.0.4002.0
7f62ee179000-7f62ee17b000 rw-p 00000000 00:00 0 
7f62ee180000-7f62ee19f000 r-xp 00000000 08:06 270646                     /usr/lib/x86_64-linux-gnu/libatk-1.0.so.0.21009.1
7f62ee19f000-7f62ee39f000 ---p 0001f000 08:06 270646                     /usr/lib/x86_64-linux-gnu/libatk-1.0.so.0.21009.1
7f62ee39f000-7f62ee3a1000 r--p 0001f000 08:06 270646                     /usr/lib/x86_64-linux-gnu/libatk-1.0.so.0.21009.1
7f62ee3a1000-7f62ee3a2000 rw-p 00021000 08:06 270646                     /usr/lib/x86_64-linux-gnu/libatk-1.0.so.0.21009.1
7f62ee3a8000-7f62ee455000 r-xp 00000000 08:06 262704                     /usr/lib/x86_64-linux-gnu/libgdk-x11-2.0.so.0.2400.23
7f62ee455000-7f62ee655000 ---p 000ad000 08:06 262704                     /usr/lib/x86_64-linux-gnu/libgdk-x11-2.0.so.0.2400.23
7f62ee655000-7f62ee659000 r--p 000ad000 08:06 262704                     /usr/lib/x86_64-linux-gnu/libgdk-x11-2.0.so.0.2400.23
7f62ee659000-7f62ee65b000 rw-p 000b1000 08:06 262704                     /usr/lib/x86_64-linux-gnu/libgdk-x11-2.0.so.0.2400.23
7f62ee660000-7f62eea90000 r-xp 00000000 08:06 265442                     /usr/lib/x86_64-linux-gnu/libgtk-x11-2.0.so.0.2400.23
7f62eea90000-7f62eec8f000 ---p 00430000 08:06 265442                     /usr/lib/x86_64-linux-gnu/libgtk-x11-2.0.so.0.2400.23
7f62eec8f000-7f62eec96000 r--p 0042f000 08:06 265442                     /usr/lib/x86_64-linux-gnu/libgtk-x11-2.0.so.0.2400.23
7f62eec96000-7f62eec9a000 rw-p 00436000 08:06 265442                     /usr/lib/x86_64-linux-gnu/libgtk-x11-2.0.so.0.2400.23
7f62eec9a000-7f62eec9d000 rw-p 00000000 00:00 0 
7f62eeca0000-7f62eecac000 r-xp 00000000 08:06 10486192                   /usr/lib/jvm/jdk1.8.0_111/jre/lib/amd64/libprism_es2.so
7f62eecac000-7f62eeeab000 ---p 0000c000 08:06 10486192                   /usr/lib/jvm/jdk1.8.0_111/jre/lib/amd64/libprism_es2.so
7f62eeeab000-7f62eeeac000 rw-p 0000b000 08:06 10486192                   /usr/lib/jvm/jdk1.8.0_111/jre/lib/amd64/libprism_es2.so
7f62eeeb2000-7f62eeeb5000 ---p 00000000 00:00 0 
7f62eeeb5000-7f62eefb3000 rw-p 00000000 00:00 0                          [stack:20099]
7f62eefb3000-7f62eefb4000 ---p 00000000 00:00 0 
7f62eefb4000-7f62ef0b4000 rw-p 00000000 00:00 0                          [stack:20094]
7f62ef0b4000-7f62ef0b7000 ---p 00000000 00:00 0 
7f62ef0b7000-7f62ef1b5000 rw-p 00000000 00:00 0                          [stack:20093]
7f62ef1b5000-7f62ef1b8000 ---p 00000000 00:00 0 
7f62ef1b8000-7f62ef2b6000 rw-p 00000000 00:00 0                          [stack:20092]
7f62ef2b6000-7f62ef2b9000 ---p 00000000 00:00 0 
7f62ef2b9000-7f62ef3b7000 rw-p 00000000 00:00 0                          [stack:20091]
7f62ef3b7000-7f62ef3ba000 ---p 00000000 00:00 0 
7f62ef3ba000-7f62ef4b8000 rw-p 00000000 00:00 0                          [stack:20090]
7f62ef4b8000-7f62ef9f6000 r--p 00000000 08:06 269140                     /usr/lib/locale/locale-archive
7f62ef9fa000-7f62ef9fd000 ---p 00000000 00:00 0 
7f62ef9fd000-7f62efafb000 rw-p 00000000 00:00 0                          [stack:20084]
7f62efafb000-7f62efafe000 ---p 00000000 00:00 0 
7f62efafe000-7f62efbfc000 rw-p 00000000 00:00 0                          [stack:20081]
7f62efbfc000-7f62efbfd000 ---p 00000000 00:00 0 
7f62efbfd000-7f62f0000000 rw-p 00000000 00:00 0                          [stack:20080]
7f62f0000000-7f62f0021000 rw-p 00000000 00:00 0 
7f62f0021000-7f62f4000000 ---p 00000000 00:00 0 
7f62f4000000-7f62f4001000 r--s 00000000 08:06 3801389                    /var/cache/fontconfig/0c9eb80ebd1c36541ebe2852d3bb0c49-le64.cache-4
7f62f4008000-7f62f400f000 r--s 00000000 08:06 786750                     /usr/lib/x86_64-linux-gnu/gconv/gconv-modules.cache
7f62f400f000-7f62f4010000 rw-s 167f1f000 00:06 11833                     /dev/nvidiactl
7f62f4017000-7f62f401b000 rw-s 167ee7000 00:06 11833                     /dev/nvidiactl
7f62f401d000-7f62f403d000 rw-s 182ba5000 00:06 11833                     /dev/nvidiactl
7f62f4040000-7f62f4080000 rw-s 1e9410000 00:06 11833                     /dev/nvidiactl
7f62f4089000-7f62f408e000 r--s 002f9000 08:06 10486125                   /usr/lib/jvm/jdk1.8.0_111/jre/lib/charsets.jar
7f62f408f000-7f62f4093000 r--s 00097000 08:06 10486124                   /usr/lib/jvm/jdk1.8.0_111/jre/lib/jsse.jar
7f62f4098000-7f62f409e000 r--p 00000000 08:06 1314243                    /usr/share/locale-langpack/es/LC_MESSAGES/gdk-pixbuf.mo
7f62f40a2000-7f62f9000000 rw-p 00000000 00:00 0 
7f62f9000000-7f62f9ce0000 rwxp 00000000 00:00 0 
7f62f9ce0000-7f6308000000 ---p 00000000 00:00 0 
7f6308000000-7f630846d000 rw-p 00000000 00:00 0 
7f630846d000-7f630c000000 ---p 00000000 00:00 0 
7f630c006000-7f630c007000 rw-s cfee6000 00:06 11834                      /dev/nvidia0
7f630c00e000-7f630c00f000 rw-s cfee6000 00:06 11834                      /dev/nvidia0
7f630c011000-7f630c012000 rw-s fd641000 00:06 11834                      /dev/nvidia0
7f630c013000-7f630c0a9000 r--s 01103000 08:06 10486256                   /usr/lib/jvm/jdk1.8.0_111/jre/lib/ext/jfxrt.jar
7f630c0aa000-7f630c282000 r--s 03d2a000 08:06 10486172                   /usr/lib/jvm/jdk1.8.0_111/jre/lib/rt.jar
7f630c287000-7f630c2fd000 rw-p 00000000 00:00 0 
7f630c2fd000-7f630c2fe000 ---p 00000000 00:00 0 
7f630c2fe000-7f630c3fe000 rw-p 00000000 00:00 0                          [stack:20075]
7f630c3fe000-7f630c3ff000 ---p 00000000 00:00 0 
7f630c3ff000-7f630c51b000 rw-p 00000000 00:00 0                          [stack:20074]
7f630c51b000-7f630c78f000 ---p 00000000 00:00 0 
7f630c78f000-7f630c7ab000 rw-p 00000000 00:00 0 
7f630c7ab000-7f630ca1f000 ---p 00000000 00:00 0 
7f630ca1f000-7f630ca42000 rw-p 00000000 00:00 0 
7f630ca42000-7f630cb67000 ---p 00000000 00:00 0 
7f630cb67000-7f630cb9c000 rw-p 00000000 00:00 0 
7f630cb9c000-7f630cf28000 ---p 00000000 00:00 0 
7f630cf28000-7f630cf42000 r-xp 00000000 08:06 10486203                   /usr/lib/jvm/jdk1.8.0_111/jre/lib/amd64/libzip.so
7f630cf42000-7f630d142000 ---p 0001a000 08:06 10486203                   /usr/lib/jvm/jdk1.8.0_111/jre/lib/amd64/libzip.so
7f630d142000-7f630d143000 rw-p 0001a000 08:06 10486203                   /usr/lib/jvm/jdk1.8.0_111/jre/lib/amd64/libzip.so
7f630d148000-7f630d153000 r-xp 00000000 08:06 11273355                   /lib/x86_64-linux-gnu/libnss_files-2.19.so
7f630d153000-7f630d352000 ---p 0000b000 08:06 11273355                   /lib/x86_64-linux-gnu/libnss_files-2.19.so
7f630d352000-7f630d353000 r--p 0000a000 08:06 11273355                   /lib/x86_64-linux-gnu/libnss_files-2.19.so
7f630d353000-7f630d354000 rw-p 0000b000 08:06 11273355                   /lib/x86_64-linux-gnu/libnss_files-2.19.so
7f630d358000-7f630d363000 r-xp 00000000 08:06 11273318                   /lib/x86_64-linux-gnu/libnss_nis-2.19.so
7f630d363000-7f630d562000 ---p 0000b000 08:06 11273318                   /lib/x86_64-linux-gnu/libnss_nis-2.19.so
7f630d562000-7f630d563000 r--p 0000a000 08:06 11273318                   /lib/x86_64-linux-gnu/libnss_nis-2.19.so
7f630d563000-7f630d564000 rw-p 0000b000 08:06 11273318                   /lib/x86_64-linux-gnu/libnss_nis-2.19.so
7f630d568000-7f630d57f000 r-xp 00000000 08:06 11273308                   /lib/x86_64-linux-gnu/libnsl-2.19.so
7f630d57f000-7f630d77e000 ---p 00017000 08:06 11273308                   /lib/x86_64-linux-gnu/libnsl-2.19.so
7f630d77e000-7f630d77f000 r--p 00016000 08:06 11273308                   /lib/x86_64-linux-gnu/libnsl-2.19.so
7f630d77f000-7f630d780000 rw-p 00017000 08:06 11273308                   /lib/x86_64-linux-gnu/libnsl-2.19.so
7f630d780000-7f630d782000 rw-p 00000000 00:00 0 
7f630d788000-7f630d791000 r-xp 00000000 08:06 11273302                   /lib/x86_64-linux-gnu/libnss_compat-2.19.so
7f630d791000-7f630d990000 ---p 00009000 08:06 11273302                   /lib/x86_64-linux-gnu/libnss_compat-2.19.so
7f630d990000-7f630d991000 r--p 00008000 08:06 11273302                   /lib/x86_64-linux-gnu/libnss_compat-2.19.so
7f630d991000-7f630d992000 rw-p 00009000 08:06 11273302                   /lib/x86_64-linux-gnu/libnss_compat-2.19.so
7f630d998000-7f630d9c3000 r-xp 00000000 08:06 10486230                   /usr/lib/jvm/jdk1.8.0_111/jre/lib/amd64/libjava.so
7f630d9c3000-7f630dbc2000 ---p 0002b000 08:06 10486230                   /usr/lib/jvm/jdk1.8.0_111/jre/lib/amd64/libjava.so
7f630dbc2000-7f630dbc4000 rw-p 0002a000 08:06 10486230                   /usr/lib/jvm/jdk1.8.0_111/jre/lib/amd64/libjava.so
7f630dbc8000-7f630dbd5000 r-xp 00000000 08:06 10486181                   /usr/lib/jvm/jdk1.8.0_111/jre/lib/amd64/libverify.so
7f630dbd5000-7f630ddd4000 ---p 0000d000 08:06 10486181                   /usr/lib/jvm/jdk1.8.0_111/jre/lib/amd64/libverify.so
7f630ddd4000-7f630ddd6000 rw-p 0000c000 08:06 10486181                   /usr/lib/jvm/jdk1.8.0_111/jre/lib/amd64/libverify.so
7f630ddd8000-7f630dddf000 r-xp 00000000 08:06 11273343                   /lib/x86_64-linux-gnu/librt-2.19.so
7f630dddf000-7f630dfde000 ---p 00007000 08:06 11273343                   /lib/x86_64-linux-gnu/librt-2.19.so
7f630dfde000-7f630dfdf000 r--p 00006000 08:06 11273343                   /lib/x86_64-linux-gnu/librt-2.19.so
7f630dfdf000-7f630dfe0000 rw-p 00007000 08:06 11273343                   /lib/x86_64-linux-gnu/librt-2.19.so
7f630dfe0000-7f630e0e5000 r-xp 00000000 08:06 11273293                   /lib/x86_64-linux-gnu/libm-2.19.so
7f630e0e5000-7f630e2e4000 ---p 00105000 08:06 11273293                   /lib/x86_64-linux-gnu/libm-2.19.so
7f630e2e4000-7f630e2e5000 r--p 00104000 08:06 11273293                   /lib/x86_64-linux-gnu/libm-2.19.so
7f630e2e5000-7f630e2e6000 rw-p 00105000 08:06 11273293                   /lib/x86_64-linux-gnu/libm-2.19.so
7f630e2e8000-7f630efb5000 r-xp 00000000 08:06 10486234                   /usr/lib/jvm/jdk1.8.0_111/jre/lib/amd64/server/libjvm.so
7f630efb5000-7f630f1b4000 ---p 00ccd000 08:06 10486234                   /usr/lib/jvm/jdk1.8.0_111/jre/lib/amd64/server/libjvm.so
7f630f1b4000-7f630f28d000 rw-p 00ccc000 08:06 10486234                   /usr/lib/jvm/jdk1.8.0_111/jre/lib/amd64/server/libjvm.so
7f630f28d000-7f630f2d8000 rw-p 00000000 00:00 0 
7f630f2d8000-7f630f493000 r-xp 00000000 08:06 11273344                   /lib/x86_64-linux-gnu/libc-2.19.so
7f630f493000-7f630f692000 ---p 001bb000 08:06 11273344                   /lib/x86_64-linux-gnu/libc-2.19.so
7f630f692000-7f630f696000 r--p 001ba000 08:06 11273344                   /lib/x86_64-linux-gnu/libc-2.19.so
7f630f696000-7f630f698000 rw-p 001be000 08:06 11273344                   /lib/x86_64-linux-gnu/libc-2.19.so
7f630f698000-7f630f69d000 rw-p 00000000 00:00 0 
7f630f6a0000-7f630f6a3000 r-xp 00000000 08:06 11273295                   /lib/x86_64-linux-gnu/libdl-2.19.so
7f630f6a3000-7f630f8a2000 ---p 00003000 08:06 11273295                   /lib/x86_64-linux-gnu/libdl-2.19.so
7f630f8a2000-7f630f8a3000 r--p 00002000 08:06 11273295                   /lib/x86_64-linux-gnu/libdl-2.19.so
7f630f8a3000-7f630f8a4000 rw-p 00003000 08:06 11273295                   /lib/x86_64-linux-gnu/libdl-2.19.so
7f630f8a8000-7f630f8bd000 r-xp 00000000 08:06 10486219                   /usr/lib/jvm/jdk1.8.0_111/jre/lib/amd64/jli/libjli.so
7f630f8bd000-7f630fabd000 ---p 00015000 08:06 10486219                   /usr/lib/jvm/jdk1.8.0_111/jre/lib/amd64/jli/libjli.so
7f630fabd000-7f630fabe000 rw-p 00015000 08:06 10486219                   /usr/lib/jvm/jdk1.8.0_111/jre/lib/amd64/jli/libjli.so
7f630fac0000-7f630fad9000 r-xp 00000000 08:06 11273309                   /lib/x86_64-linux-gnu/libpthread-2.19.so
7f630fad9000-7f630fcd8000 ---p 00019000 08:06 11273309                   /lib/x86_64-linux-gnu/libpthread-2.19.so
7f630fcd8000-7f630fcd9000 r--p 00018000 08:06 11273309                   /lib/x86_64-linux-gnu/libpthread-2.19.so
7f630fcd9000-7f630fcda000 rw-p 00019000 08:06 11273309                   /lib/x86_64-linux-gnu/libpthread-2.19.so
7f630fcda000-7f630fcde000 rw-p 00000000 00:00 0 
7f630fce0000-7f630fd03000 r-xp 00000000 08:06 11273314                   /lib/x86_64-linux-gnu/ld-2.19.so
7f630fd04000-7f630fdd5000 rw-p 00000000 00:00 0 
7f630fdd5000-7f630fdd8000 ---p 00000000 00:00 0 
7f630fdd8000-7f630fed8000 rw-p 00000000 00:00 0                          [stack:20067]
7f630fedc000-7f630fedd000 rw-s 222edc000 00:06 11833                     /dev/nvidiactl
7f630fee0000-7f630fee1000 rw-s 1605e0000 00:06 11833                     /dev/nvidiactl
7f630fee8000-7f630fee9000 rw-s fd060000 00:06 11834                      /dev/nvidia0
7f630feec000-7f630feee000 r--s 00024000 08:06 10619376                   /home/xmbeat/NetBeansProjects/FingerprintLogin/dist/run1427355152/FingerprintLogin.jar
7f630fef0000-7f630fef8000 rw-s 00000000 08:06 1185733                    /tmp/hsperfdata_xmbeat/20063
7f630fefa000-7f630feff000 rw-p 00000000 00:00 0 
7f630feff000-7f630ff00000 r--p 00000000 00:00 0 
7f630ff00000-7f630ff02000 rw-p 00000000 00:00 0 
7f630ff02000-7f630ff03000 r--p 00022000 08:06 11273314                   /lib/x86_64-linux-gnu/ld-2.19.so
7f630ff03000-7f630ff04000 rw-p 00023000 08:06 11273314                   /lib/x86_64-linux-gnu/ld-2.19.so
7f630ff04000-7f630ff07000 rw-p 00000000 00:00 0 
7ffd29f18000-7ffd29f39000 rw-p 00000000 00:00 0                          [stack]
7ffd29fa8000-7ffd29faa000 r--p 00000000 00:00 0                          [vvar]
7ffd29faa000-7ffd29fac000 r-xp 00000000 00:00 0                          [vdso]
ffffffffff600000-ffffffffff601000 r-xp 00000000 00:00 0                  [vsyscall]

VM Arguments:
jvm_args: -Dfile.encoding=UTF-8 
java_command: /home/xmbeat/NetBeansProjects/FingerprintLogin/dist/run1427355152/FingerprintLogin.jar
java_class_path (initial): /home/xmbeat/NetBeansProjects/FingerprintLogin/dist/run1427355152/FingerprintLogin.jar
Launcher Type: SUN_STANDARD

Environment Variables:
PATH=/home/xmbeat/bin:/usr/local/sbin:/usr/local/bin:/usr/sbin:/usr/bin:/sbin:/bin:/usr/games:/usr/local/games
USERNAME=xmbeat
LD_LIBRARY_PATH=/usr/lib/jvm/jdk1.8.0_111/jre/lib/amd64:/usr/lib/jvm/jdk1.8.0_111/jre/lib/i386:
SHELL=/bin/bash
DISPLAY=:0

Signal Handlers:
SIGSEGV: [libjvm.so+0xac64b0], sa_mask[0]=11111111011111111101111111111110, sa_flags=SA_RESTART|SA_SIGINFO
SIGBUS: [libjvm.so+0xac64b0], sa_mask[0]=11111111011111111101111111111110, sa_flags=SA_RESTART|SA_SIGINFO
SIGFPE: [libjvm.so+0x91f950], sa_mask[0]=11111111011111111101111111111110, sa_flags=SA_RESTART|SA_SIGINFO
SIGPIPE: SIG_IGN, sa_mask[0]=00000000000000000000000000000000, sa_flags=none
SIGXFSZ: [libjvm.so+0x91f950], sa_mask[0]=11111111011111111101111111111110, sa_flags=SA_RESTART|SA_SIGINFO
SIGILL: [libjvm.so+0x91f950], sa_mask[0]=11111111011111111101111111111110, sa_flags=SA_RESTART|SA_SIGINFO
SIGUSR1: SIG_DFL, sa_mask[0]=00000000000000000000000000000000, sa_flags=none
SIGUSR2: [libjvm.so+0x920f80], sa_mask[0]=00100000000000000000000000000000, sa_flags=SA_RESTART|SA_SIGINFO
SIGHUP: [libjvm.so+0x922380], sa_mask[0]=11111111011111111101111111111110, sa_flags=SA_RESTART|SA_SIGINFO
SIGINT: SIG_IGN, sa_mask[0]=00000000000000000000000000000000, sa_flags=none
SIGTERM: [libjvm.so+0x922380], sa_mask[0]=11111111011111111101111111111110, sa_flags=SA_RESTART|SA_SIGINFO
SIGQUIT: [libjvm.so+0x922380], sa_mask[0]=11111111011111111101111111111110, sa_flags=SA_RESTART|SA_SIGINFO


---------------  S Y S T E M  ---------------

OS:DISTRIB_ID=LinuxMint
DISTRIB_RELEASE=17.3
DISTRIB_CODENAME=rosa
DISTRIB_DESCRIPTION="Linux Mint 17.3 Rosa"

uname:Linux 3.19.0-32-generic #37~14.04.1-Ubuntu SMP Thu Oct 22 09:41:40 UTC 2015 x86_64
libc:glibc 2.19 NPTL 2.19 
rlimit: STACK 8192k, CORE 0k, NPROC 31347, NOFILE 4096, AS infinity
load average:4.60 3.49 2.87

/proc/meminfo:
MemTotal:        8056656 kB
MemFree:         1789744 kB
MemAvailable:    4062768 kB
Buffers:          203428 kB
Cached:          2281664 kB
SwapCached:            0 kB
Active:          4347864 kB
Inactive:        1547184 kB
Active(anon):    3413368 kB
Inactive(anon):   108844 kB
Active(file):     934496 kB
Inactive(file):  1438340 kB
Unevictable:           0 kB
Mlocked:               0 kB
SwapTotal:       3998716 kB
SwapFree:        3998716 kB
Dirty:               288 kB
Writeback:             0 kB
AnonPages:       3410064 kB
Mapped:           656500 kB
Shmem:            112260 kB
Slab:             172036 kB
SReclaimable:     138248 kB
SUnreclaim:        33788 kB
KernelStack:        9696 kB
PageTables:        39896 kB
NFS_Unstable:          0 kB
Bounce:                0 kB
WritebackTmp:          0 kB
CommitLimit:     8027044 kB
Committed_AS:    7315580 kB
VmallocTotal:   34359738367 kB
VmallocUsed:      320996 kB
VmallocChunk:   34359412860 kB
HardwareCorrupted:     0 kB
AnonHugePages:   2033664 kB
CmaTotal:              0 kB
CmaFree:               0 kB
HugePages_Total:       0
HugePages_Free:        0
HugePages_Rsvd:        0
HugePages_Surp:        0
Hugepagesize:       2048 kB
DirectMap4k:      282036 kB
DirectMap2M:     7004160 kB
DirectMap1G:     1048576 kB


CPU:total 2 (2 cores per cpu, 1 threads per core) family 21 model 19 stepping 1, cmov, cx8, fxsr, mmx, sse, sse2, sse3, ssse3, sse4.1, sse4.2, popcnt, avx, aes, clmul, mmxext, 3dnowpref, lzcnt, sse4a, tsc, tscinvbit, tscinv, bmi1

/proc/cpuinfo:
processor	: 0
vendor_id	: AuthenticAMD
cpu family	: 21
model		: 19
model name	: AMD A4-4000 APU with Radeon(tm) HD Graphics
stepping	: 1
microcode	: 0x6001119
cpu MHz		: 3000.000
cache size	: 1024 KB
physical id	: 0
siblings	: 2
core id		: 0
cpu cores	: 1
apicid		: 16
initial apicid	: 0
fpu		: yes
fpu_exception	: yes
cpuid level	: 13
wp		: yes
flags		: fpu vme de pse tsc msr pae mce cx8 apic sep mtrr pge mca cmov pat pse36 clflush mmx fxsr sse sse2 ht syscall nx mmxext fxsr_opt pdpe1gb rdtscp lm constant_tsc rep_good nopl nonstop_tsc extd_apicid aperfmperf pni pclmulqdq monitor ssse3 fma cx16 sse4_1 sse4_2 popcnt aes xsave avx f16c lahf_lm cmp_legacy svm extapic cr8_legacy abm sse4a misalignsse 3dnowprefetch osvw ibs xop skinit wdt lwp fma4 tce nodeid_msr tbm topoext perfctr_core perfctr_nb arat cpb hw_pstate npt lbrv svm_lock nrip_save tsc_scale vmcb_clean flushbyasid decodeassists pausefilter pfthreshold vmmcall bmi1
bugs		: fxsave_leak
bogomips	: 5988.89
TLB size	: 1536 4K pages
clflush size	: 64
cache_alignment	: 64
address sizes	: 48 bits physical, 48 bits virtual
power management: ts ttp tm 100mhzsteps hwpstate cpb eff_freq_ro

processor	: 1
vendor_id	: AuthenticAMD
cpu family	: 21
model		: 19
model name	: AMD A4-4000 APU with Radeon(tm) HD Graphics    
stepping	: 1
microcode	: 0x6001119
cpu MHz		: 3000.000
cache size	: 1024 KB
physical id	: 0
siblings	: 2
core id		: 1
cpu cores	: 1
apicid		: 17
initial apicid	: 1
fpu		: yes
fpu_exception	: yes
cpuid level	: 13
wp		: yes
flags		: fpu vme de pse tsc msr pae mce cx8 apic sep mtrr pge mca cmov pat pse36 clflush mmx fxsr sse sse2 ht syscall nx mmxext fxsr_opt pdpe1gb rdtscp lm constant_tsc rep_good nopl nonstop_tsc extd_apicid aperfmperf pni pclmulqdq monitor ssse3 fma cx16 sse4_1 sse4_2 popcnt aes xsave avx f16c lahf_lm cmp_legacy svm extapic cr8_legacy abm sse4a misalignsse 3dnowprefetch osvw ibs xop skinit wdt lwp fma4 tce nodeid_msr tbm topoext perfctr_core perfctr_nb arat cpb hw_pstate npt lbrv svm_lock nrip_save tsc_scale vmcb_clean flushbyasid decodeassists pausefilter pfthreshold vmmcall bmi1
bugs		: fxsave_leak
bogomips	: 5988.89
TLB size	: 1536 4K pages
clflush size	: 64
cache_alignment	: 64
address sizes	: 48 bits physical, 48 bits virtual
power management: ts ttp tm 100mhzsteps hwpstate cpb eff_freq_ro



Memory: 4k page, physical 8056656k(1789744k free), swap 3998716k(3998716k free)

vm_info: Java HotSpot(TM) 64-Bit Server VM (25.111-b14) for linux-amd64 JRE (1.8.0_111-b14), built on Sep 22 2016 16:14:03 by "java_re" with gcc 4.3.0 20080428 (Red Hat 4.3.0-8)

time: Mon Dec  5 23:17:02 2016
elapsed time: 50 seconds (0d 0h 0m 50s)

