#
# A fatal error has been detected by the Java Runtime Environment:
#
#  SIGSEGV (0xb) at pc=0x00007efd2c0001c8, pid=15003, tid=0x00007efd0704e700
#
# JRE version: Java(TM) SE Runtime Environment (8.0_111-b14) (build 1.8.0_111-b14)
# Java VM: Java HotSpot(TM) 64-Bit Server VM (25.111-b14 mixed mode linux-amd64 compressed oops)
# Problematic frame:
# C  0x00007efd2c0001c8
#
# Failed to write core dump. Core dumps have been disabled. To enable core dumping, try "ulimit -c unlimited" before starting Java again
#
# If you would like to submit a bug report, please visit:
#   http://bugreport.java.com/bugreport/crash.jsp
# The crash happened outside the Java Virtual Machine in native code.
# See problematic frame for where to report the bug.
#

---------------  T H R E A D  ---------------

Current thread (0x00007efd14051000):  JavaThread "Thread-11" daemon [_thread_in_native, id=16014, stack(0x00007efd06f4e000,0x00007efd0704f000)]

siginfo: si_signo: 11 (SIGSEGV), si_code: 2 (SEGV_ACCERR), si_addr: 0x00007efd2c0001c8

Registers:
RAX=0x00007efd2c0001c8, RBX=0x00007efd2c000d90, RCX=0x00007efd0970e3e8, RDX=0x00007efd0970e580
RSP=0x00007efd0704d608, RBP=0x00007efd2c000158, RSI=0x00007efd0970e3f5, RDI=0x00007efd2c000d90
R8 =0x00007efd0970e3e0, R9 =0x00000000000001eb, R10=0x00007efd0704d400, R11=0x00007efd096e4b50
R12=0x00007efd2c019800, R13=0x00007efd0e2b3166, R14=0x00007efd0704d728, R15=0x00007efd14051000
RIP=0x00007efd2c0001c8, EFLAGS=0x0000000000010202, CSGSFS=0x0000000000000033, ERR=0x0000000000000015
  TRAPNO=0x000000000000000e

Top of Stack: (sp=0x00007efd0704d608)
0x00007efd0704d608:   00007efd096e4bb6 00007efd2c000d90
0x00007efd0704d618:   00007efd551390f0 00007efd0704d690
0x00007efd0704d628:   0000000000000000 00007efd551390f0
0x00007efd0704d638:   00007efd0e2b3e11 00007efd0704d718
0x00007efd0704d648:   00007efd0704d720 00007efd0704d728
0x00007efd0704d658:   00007efd140511f8 00007efd0704d6a0
0x00007efd0704d668:   00007efd2c000bb0 00007efd2c000bb8
0x00007efd0704d678:   0000000000000082 00007efd2c000d90
0x00007efd0704d688:   00007efd2c019800 00007efd0704d6f8
0x00007efd0704d698:   00007efd590173f4 00007efd0704d6f8
0x00007efd0704d6a8:   00007efd59017187 00007efd59017142
0x00007efd0704d6b8:   00007efd0704d6b8 00007efd551390f0
0x00007efd0704d6c8:   00007efd0704d728 00007efd0d659f88
0x00007efd0704d6d8:   0000000000000000 00007efd551390f0
0x00007efd0704d6e8:   0000000000000000 00007efd0704d730
0x00007efd0704d6f8:   00000000d9bc4b80 00007efd5920f42c
0x00007efd0704d708:   0000000000000000 00007efd59011536
0x00007efd0704d718:   00000000d7a05a20 00000000d9bc4b20
0x00007efd0704d728:   00000000d9bc4b20 0000000100346eb0
0x00007efd0704d738:   0000000000000007 00000000d7a05a20
0x00007efd0704d748:   7ffffff700000001 00000000d9bc4b80
0x00007efd0704d758:   00000014855e68b8 00000000d7aad498
0x00007efd0704d768:   0000000000000013 0000000000000000
0x00007efd0704d778:   00007efd00000022 00007efd0704d818
0x00007efd0704d788:   00007efd59008302 00000000d7aad440
0x00007efd0704d798:   0000000000000000 0000000000000003
0x00007efd0704d7a8:   0000000000000000 00007efd0704d818
0x00007efd0704d7b8:   00007efd59008302 00000000d8bb7da8
0x00007efd0704d7c8:   00007efd59008302 00000000d8bb7da8
0x00007efd0704d7d8:   00007efd0704d7d8 00007efd54aad94b
0x00007efd0704d7e8:   00007efd0704d828 00007efd54b34fd0
0x00007efd0704d7f8:   0000000000000000 00007efd54aad958 

Instructions: (pc=0x00007efd2c0001c8)
0x00007efd2c0001a8:   98 01 00 2c fd 7e 00 00 98 01 00 2c fd 7e 00 00
0x00007efd2c0001b8:   a8 01 00 2c fd 7e 00 00 a8 01 00 2c fd 7e 00 00
0x00007efd2c0001c8:   b8 01 00 2c fd 7e 00 00 b8 01 00 2c fd 7e 00 00
0x00007efd2c0001d8:   c8 01 00 2c fd 7e 00 00 c8 01 00 2c fd 7e 00 00 

Register to memory mapping:

RAX=0x00007efd2c0001c8 is an unknown value
RBX=0x00007efd2c000d90 is an unknown value
RCX=0x00007efd0970e3e8: <offset 0x363e8> in /usr/local/lib/libfprint.so.0 at 0x00007efd096d8000
RDX=0x00007efd0970e580: <offset 0x36580> in /usr/local/lib/libfprint.so.0 at 0x00007efd096d8000
RSP=0x00007efd0704d608 is pointing into the stack for thread: 0x00007efd14051000
RBP=0x00007efd2c000158 is an unknown value
RSI=0x00007efd0970e3f5: <offset 0x363f5> in /usr/local/lib/libfprint.so.0 at 0x00007efd096d8000
RDI=0x00007efd2c000d90 is an unknown value
R8 =0x00007efd0970e3e0: <offset 0x363e0> in /usr/local/lib/libfprint.so.0 at 0x00007efd096d8000
R9 =0x00000000000001eb is an unknown value
R10=0x00007efd0704d400 is pointing into the stack for thread: 0x00007efd14051000
R11=0x00007efd096e4b50: fp_async_capture_stop+0 in /usr/local/lib/libfprint.so.0 at 0x00007efd096d8000
R12=0x00007efd2c019800 is an unknown value
R13=0x00007efd0e2b3166: <offset 0x3166> in /tmp/libfingerprint4652073880711211313.so at 0x00007efd0e2b0000
R14=0x00007efd0704d728 is pointing into the stack for thread: 0x00007efd14051000
R15=0x00007efd14051000 is a thread


Stack: [0x00007efd06f4e000,0x00007efd0704f000],  sp=0x00007efd0704d608,  free space=1021k
Native frames: (J=compiled Java code, j=interpreted, Vv=VM code, C=native code)
C  0x00007efd2c0001c8

Java frames: (J=compiled Java code, j=interpreted, Vv=VM code)
j  uaz.fingerprint.Reader.nativeStopCapture(Luaz/fingerprint/NativeReaderCallback;Ljava/lang/Object;)I+0
J 4242% C2 uaz.fingerprint.ReaderDispatcher.run()V (680 bytes) @ 0x00007efd5920f42c [0x00007efd5920eb00+0x92c]
j  java.lang.Thread.run()V+11
v  ~StubRoutines::call_stub

---------------  P R O C E S S  ---------------

Java Threads: ( => current thread )
  0x00007efd300f0800 JavaThread "Thread-17" daemon [_thread_in_Java, id=17646, stack(0x00007efd05ddf000,0x00007efd05ee0000)]
  0x00007efd10465800 JavaThread "Java2D Disposer" daemon [_thread_blocked, id=16141, stack(0x00007efd1d25f000,0x00007efd1d360000)]
=>0x00007efd14051000 JavaThread "Thread-11" daemon [_thread_in_native, id=16014, stack(0x00007efd06f4e000,0x00007efd0704f000)]
  0x00007efd1404f800 JavaThread "Thread-9" daemon [_thread_in_Java, id=15658, stack(0x00007efd0704f000,0x00007efd07150000)]
  0x00007efd1404d800 JavaThread "Thread-7" daemon [_thread_in_Java, id=15581, stack(0x00007efd07350000,0x00007efd07451000)]
  0x00007efd14034000 JavaThread "Thread-5" daemon [_thread_in_Java, id=15504, stack(0x00007efd07556000,0x00007efd07657000)]
  0x00007efd10342800 JavaThread "Prism Font Disposer" daemon [_thread_blocked, id=15123, stack(0x00007efd0f6b7000,0x00007efd0f7b8000)]
  0x00007efd68276800 JavaThread "JavaFX-Launcher" [_thread_blocked, id=15065, stack(0x00007efd1cbaf000,0x00007efd1ccb0000)]
  0x00007efd68273000 JavaThread "JavaFX Application Thread" [_thread_in_native, id=15046, stack(0x00007efd1ccb6000,0x00007efd1cdb7000)]
  0x00007efd6826f000 JavaThread "Thread-1" daemon [_thread_blocked, id=15045, stack(0x00007efd1cdb7000,0x00007efd1ceb8000)]
  0x00007efd68218800 JavaThread "QuantumRenderer-0" daemon [_thread_blocked, id=15044, stack(0x00007efd47322000,0x00007efd47423000)]
  0x00007efd6814b000 JavaThread "Service Thread" daemon [_thread_blocked, id=15017, stack(0x00007efd475bc000,0x00007efd476bd000)]
  0x00007efd6813e800 JavaThread "C1 CompilerThread1" daemon [_thread_blocked, id=15016, stack(0x00007efd476bd000,0x00007efd477be000)]
  0x00007efd6813b800 JavaThread "C2 CompilerThread0" daemon [_thread_blocked, id=15015, stack(0x00007efd477be000,0x00007efd478bf000)]
  0x00007efd6813a000 JavaThread "Signal Dispatcher" daemon [_thread_blocked, id=15014, stack(0x00007efd478bf000,0x00007efd479c0000)]
  0x00007efd68107000 JavaThread "Finalizer" daemon [_thread_blocked, id=15012, stack(0x00007efd47eff000,0x00007efd48000000)]
  0x00007efd68102800 JavaThread "Reference Handler" daemon [_thread_blocked, id=15011, stack(0x00007efd54076000,0x00007efd54177000)]
  0x00007efd6800a000 JavaThread "main" [_thread_blocked, id=15005, stack(0x00007efd70257000,0x00007efd70358000)]

Other Threads:
  0x00007efd680fa800 VMThread [stack: 0x00007efd54177000,0x00007efd54278000] [id=15010]
  0x00007efd6814e000 WatcherThread [stack: 0x00007efd474bb000,0x00007efd475bc000] [id=15018]

VM state:not at safepoint (normal execution)

VM Mutex/Monitor currently owned by a thread: None

Heap:
 PSYoungGen      total 43008K, used 15604K [0x00000000d7000000, 0x00000000da000000, 0x0000000100000000)
  eden space 38400K, 28% used [0x00000000d7000000,0x00000000d7add040,0x00000000d9580000)
  from space 4608K, 97% used [0x00000000d9b80000,0x00000000d9fdffd0,0x00000000da000000)
  to   space 5120K, 0% used [0x00000000d9600000,0x00000000d9600000,0x00000000d9b00000)
 ParOldGen       total 72704K, used 11110K [0x0000000085000000, 0x0000000089700000, 0x00000000d7000000)
  object space 72704K, 15% used [0x0000000085000000,0x0000000085ad9b68,0x0000000089700000)
 Metaspace       used 24622K, capacity 26184K, committed 26496K, reserved 1073152K
  class space    used 3366K, capacity 3649K, committed 3712K, reserved 1048576K

Card table byte_map: [0x00007efd6cbe7000,0x00007efd6cfc0000] byte_map_base: 0x00007efd6c7bf000

Marking Bits: (ParMarkBitMap*) 0x00007efd6f703220
 Begin Bits: [0x00007efd55280000, 0x00007efd57140000)
 End Bits:   [0x00007efd57140000, 0x00007efd59000000)

Polling page: 0x00007efd7035d000

CodeCache: size=245760Kb used=14571Kb max_used=14572Kb free=231188Kb
 bounds [0x00007efd59000000, 0x00007efd59e70000, 0x00007efd68000000]
 total_blobs=5209 nmethods=4424 adapters=698
 compilation: enabled

Compilation events (10 events):
Event: 103.573 Thread 0x00007efd6813b800 5074       4       javafx.scene.Node$StyleableProperties$2::isSettable (9 bytes)
Event: 103.575 Thread 0x00007efd6813b800 nmethod 5074 0x00007efd59e021d0 code [0x00007efd59e02320, 0x00007efd59e02438]
Event: 103.575 Thread 0x00007efd6813e800 5079       1       javafx.css.StyleableBooleanProperty::getStyleOrigin (5 bytes)
Event: 103.575 Thread 0x00007efd6813e800 nmethod 5079 0x00007efd59194190 code [0x00007efd591942e0, 0x00007efd591943f0]
Event: 103.612 Thread 0x00007efd6813e800 5080       3       javafx.event.ActionEvent::getEventType (5 bytes)
Event: 103.612 Thread 0x00007efd6813e800 nmethod 5080 0x00007efd59196ad0 code [0x00007efd59196c40, 0x00007efd59196db0]
Event: 103.614 Thread 0x00007efd6813e800 5081       3       javafx.scene.control.IndexRange::<init> (28 bytes)
Event: 103.614 Thread 0x00007efd6813e800 nmethod 5081 0x00007efd59196590 code [0x00007efd59196700, 0x00007efd591969a8]
Event: 103.660 Thread 0x00007efd6813e800 5082       3       com.sun.javafx.collections.NonIterableChange::checkState (18 bytes)
Event: 103.660 Thread 0x00007efd6813e800 nmethod 5082 0x00007efd59196110 code [0x00007efd59196280, 0x00007efd591964c8]

GC Heap History (10 events):
Event: 3.123 GC heap before
{Heap before GC invocations=1 (full 0):
 PSYoungGen      total 36864K, used 31142K [0x00000000d7000000, 0x00000000d9900000, 0x0000000100000000)
  eden space 31744K, 98% used [0x00000000d7000000,0x00000000d8e69bd0,0x00000000d8f00000)
  from space 5120K, 0% used [0x00000000d9400000,0x00000000d9400000,0x00000000d9900000)
  to   space 5120K, 0% used [0x00000000d8f00000,0x00000000d8f00000,0x00000000d9400000)
 ParOldGen       total 84992K, used 0K [0x0000000085000000, 0x000000008a300000, 0x00000000d7000000)
  object space 84992K, 0% used [0x0000000085000000,0x0000000085000000,0x000000008a300000)
 Metaspace       used 11881K, capacity 12296K, committed 12544K, reserved 1060864K
  class space    used 1588K, capacity 1729K, committed 1792K, reserved 1048576K
Event: 3.141 GC heap after
Heap after GC invocations=1 (full 0):
 PSYoungGen      total 36864K, used 4321K [0x00000000d7000000, 0x00000000d9900000, 0x0000000100000000)
  eden space 31744K, 0% used [0x00000000d7000000,0x00000000d7000000,0x00000000d8f00000)
  from space 5120K, 84% used [0x00000000d8f00000,0x00000000d9338660,0x00000000d9400000)
  to   space 5120K, 0% used [0x00000000d9400000,0x00000000d9400000,0x00000000d9900000)
 ParOldGen       total 84992K, used 8K [0x0000000085000000, 0x000000008a300000, 0x00000000d7000000)
  object space 84992K, 0% used [0x0000000085000000,0x0000000085002000,0x000000008a300000)
 Metaspace       used 11881K, capacity 12296K, committed 12544K, reserved 1060864K
  class space    used 1588K, capacity 1729K, committed 1792K, reserved 1048576K
}
Event: 6.670 GC heap before
{Heap before GC invocations=2 (full 0):
 PSYoungGen      total 36864K, used 34692K [0x00000000d7000000, 0x00000000d9900000, 0x0000000100000000)
  eden space 31744K, 95% used [0x00000000d7000000,0x00000000d8da8bc0,0x00000000d8f00000)
  from space 5120K, 84% used [0x00000000d8f00000,0x00000000d9338660,0x00000000d9400000)
  to   space 5120K, 0% used [0x00000000d9400000,0x00000000d9400000,0x00000000d9900000)
 ParOldGen       total 84992K, used 8K [0x0000000085000000, 0x000000008a300000, 0x00000000d7000000)
  object space 84992K, 0% used [0x0000000085000000,0x0000000085002000,0x000000008a300000)
 Metaspace       used 19808K, capacity 21166K, committed 21248K, reserved 1067008K
  class space    used 3003K, capacity 3280K, committed 3328K, reserved 1048576K
Event: 6.710 GC heap after
Heap after GC invocations=2 (full 0):
 PSYoungGen      total 36864K, used 5100K [0x00000000d7000000, 0x00000000d9900000, 0x0000000100000000)
  eden space 31744K, 0% used [0x00000000d7000000,0x00000000d7000000,0x00000000d8f00000)
  from space 5120K, 99% used [0x00000000d9400000,0x00000000d98fb048,0x00000000d9900000)
  to   space 5120K, 0% used [0x00000000d8f00000,0x00000000d8f00000,0x00000000d9400000)
 ParOldGen       total 84992K, used 6181K [0x0000000085000000, 0x000000008a300000, 0x00000000d7000000)
  object space 84992K, 7% used [0x0000000085000000,0x0000000085609790,0x000000008a300000)
 Metaspace       used 19808K, capacity 21166K, committed 21248K, reserved 1067008K
  class space    used 3003K, capacity 3280K, committed 3328K, reserved 1048576K
}
Event: 6.710 GC heap before
{Heap before GC invocations=3 (full 1):
 PSYoungGen      total 36864K, used 5100K [0x00000000d7000000, 0x00000000d9900000, 0x0000000100000000)
  eden space 31744K, 0% used [0x00000000d7000000,0x00000000d7000000,0x00000000d8f00000)
  from space 5120K, 99% used [0x00000000d9400000,0x00000000d98fb048,0x00000000d9900000)
  to   space 5120K, 0% used [0x00000000d8f00000,0x00000000d8f00000,0x00000000d9400000)
 ParOldGen       total 84992K, used 6181K [0x0000000085000000, 0x000000008a300000, 0x00000000d7000000)
  object space 84992K, 7% used [0x0000000085000000,0x0000000085609790,0x000000008a300000)
 Metaspace       used 19808K, capacity 21166K, committed 21248K, reserved 1067008K
  class space    used 3003K, capacity 3280K, committed 3328K, reserved 1048576K
Event: 6.829 GC heap after
Heap after GC invocations=3 (full 1):
 PSYoungGen      total 36864K, used 0K [0x00000000d7000000, 0x00000000d9900000, 0x0000000100000000)
  eden space 31744K, 0% used [0x00000000d7000000,0x00000000d7000000,0x00000000d8f00000)
  from space 5120K, 0% used [0x00000000d9400000,0x00000000d9400000,0x00000000d9900000)
  to   space 5120K, 0% used [0x00000000d8f00000,0x00000000d8f00000,0x00000000d9400000)
 ParOldGen       total 72704K, used 11094K [0x0000000085000000, 0x0000000089700000, 0x00000000d7000000)
  object space 72704K, 15% used [0x0000000085000000,0x0000000085ad5b68,0x0000000089700000)
 Metaspace       used 19808K, capacity 21166K, committed 21248K, reserved 1067008K
  class space    used 3003K, capacity 3280K, committed 3328K, reserved 1048576K
}
Event: 44.052 GC heap before
{Heap before GC invocations=4 (full 1):
 PSYoungGen      total 36864K, used 31525K [0x00000000d7000000, 0x00000000d9900000, 0x0000000100000000)
  eden space 31744K, 99% used [0x00000000d7000000,0x00000000d8ec9798,0x00000000d8f00000)
  from space 5120K, 0% used [0x00000000d9400000,0x00000000d9400000,0x00000000d9900000)
  to   space 5120K, 0% used [0x00000000d8f00000,0x00000000d8f00000,0x00000000d9400000)
 ParOldGen       total 72704K, used 11094K [0x0000000085000000, 0x0000000089700000, 0x00000000d7000000)
  object space 72704K, 15% used [0x0000000085000000,0x0000000085ad5b68,0x0000000089700000)
 Metaspace       used 23942K, capacity 25516K, committed 25728K, reserved 1071104K
  class space    used 3325K, capacity 3645K, committed 3712K, reserved 1048576K
Event: 44.064 GC heap after
Heap after GC invocations=4 (full 1):
 PSYoungGen      total 36864K, used 4043K [0x00000000d7000000, 0x00000000da080000, 0x0000000100000000)
  eden space 31744K, 0% used [0x00000000d7000000,0x00000000d7000000,0x00000000d8f00000)
  from space 5120K, 78% used [0x00000000d8f00000,0x00000000d92f2dc8,0x00000000d9400000)
  to   space 5120K, 0% used [0x00000000d9b80000,0x00000000d9b80000,0x00000000da080000)
 ParOldGen       total 72704K, used 11102K [0x0000000085000000, 0x0000000089700000, 0x00000000d7000000)
  object space 72704K, 15% used [0x0000000085000000,0x0000000085ad7b68,0x0000000089700000)
 Metaspace       used 23942K, capacity 25516K, committed 25728K, reserved 1071104K
  class space    used 3325K, capacity 3645K, committed 3712K, reserved 1048576K
}
Event: 77.837 GC heap before
{Heap before GC invocations=5 (full 1):
 PSYoungGen      total 36864K, used 35787K [0x00000000d7000000, 0x00000000da080000, 0x0000000100000000)
  eden space 31744K, 100% used [0x00000000d7000000,0x00000000d8f00000,0x00000000d8f00000)
  from space 5120K, 78% used [0x00000000d8f00000,0x00000000d92f2dc8,0x00000000d9400000)
  to   space 5120K, 0% used [0x00000000d9b80000,0x00000000d9b80000,0x00000000da080000)
 ParOldGen       total 72704K, used 11102K [0x0000000085000000, 0x0000000089700000, 0x00000000d7000000)
  object space 72704K, 15% used [0x0000000085000000,0x0000000085ad7b68,0x0000000089700000)
 Metaspace       used 24480K, capacity 26054K, committed 26240K, reserved 1071104K
  class space    used 3355K, capacity 3648K, committed 3712K, reserved 1048576K
Event: 77.860 GC heap after
Heap after GC invocations=5 (full 1):
 PSYoungGen      total 43008K, used 4479K [0x00000000d7000000, 0x00000000da000000, 0x0000000100000000)
  eden space 38400K, 0% used [0x00000000d7000000,0x00000000d7000000,0x00000000d9580000)
  from space 4608K, 97% used [0x00000000d9b80000,0x00000000d9fdffd0,0x00000000da000000)
  to   space 5120K, 0% used [0x00000000d9600000,0x00000000d9600000,0x00000000d9b00000)
 ParOldGen       total 72704K, used 11110K [0x0000000085000000, 0x0000000089700000, 0x00000000d7000000)
  object space 72704K, 15% used [0x0000000085000000,0x0000000085ad9b68,0x0000000089700000)
 Metaspace       used 24480K, capacity 26054K, committed 26240K, reserved 1071104K
  class space    used 3355K, capacity 3648K, committed 3712K, reserved 1048576K
}

Deoptimization events (10 events):
Event: 67.352 Thread 0x00007efd68273000 Uncommon trap: reason=unstable_if action=reinterpret pc=0x00007efd59ce4cd8 method=javafx.scene.CssStyleHelper.transitionToState(Ljavafx/scene/Node;)V @ 684
Event: 67.362 Thread 0x00007efd68218800 Uncommon trap: reason=unstable_if action=reinterpret pc=0x00007efd59acdea4 method=com.sun.javafx.geom.transform.AffineBase.translate(DD)V @ 438
Event: 68.567 Thread 0x00007efd68273000 Uncommon trap: reason=class_check action=maybe_recompile pc=0x00007efd59c8b7e0 method=com.sun.javafx.event.CompositeEventHandler.dispatchBubblingEvent(Ljavafx/event/Event;)V @ 12
Event: 76.645 Thread 0x00007efd68273000 Uncommon trap: reason=bimorphic action=maybe_recompile pc=0x00007efd59223eb4 method=javafx.scene.Node.localToParent(Lcom/sun/javafx/geom/Vec3d;)V @ 10
Event: 76.645 Thread 0x00007efd68273000 Uncommon trap: reason=bimorphic action=maybe_recompile pc=0x00007efd59223eb4 method=javafx.scene.Node.localToParent(Lcom/sun/javafx/geom/Vec3d;)V @ 10
Event: 76.645 Thread 0x00007efd68273000 Uncommon trap: reason=bimorphic action=maybe_recompile pc=0x00007efd59223eb4 method=javafx.scene.Node.localToParent(Lcom/sun/javafx/geom/Vec3d;)V @ 10
Event: 76.645 Thread 0x00007efd68273000 Uncommon trap: reason=bimorphic action=maybe_recompile pc=0x00007efd59223eb4 method=javafx.scene.Node.localToParent(Lcom/sun/javafx/geom/Vec3d;)V @ 10
Event: 76.645 Thread 0x00007efd68273000 Uncommon trap: reason=bimorphic action=maybe_recompile pc=0x00007efd59826d20 method=javafx.scene.Node.localToParent(Lcom/sun/javafx/geom/Vec3d;)V @ 10
Event: 76.646 Thread 0x00007efd68273000 Uncommon trap: reason=bimorphic action=maybe_recompile pc=0x00007efd59bd288c method=javafx.scene.Node.localToParent(Lcom/sun/javafx/geom/Vec3d;)V @ 10
Event: 76.646 Thread 0x00007efd68273000 Uncommon trap: reason=bimorphic action=maybe_recompile pc=0x00007efd59b292f4 method=javafx.scene.Node.localToParent(Lcom/sun/javafx/geom/Vec3d;)V @ 10

Internal exceptions (10 events):
Event: 40.368 Thread 0x00007efd68273000 Implicit null exception at 0x00007efd59c64f75 to 0x00007efd59c658c1
Event: 40.368 Thread 0x00007efd68273000 Implicit null exception at 0x00007efd5988b204 to 0x00007efd5988c255
Event: 43.910 Thread 0x00007efd68273000 Exception <a 'java/io/FileNotFoundException'> (0x00000000d8dbba68) thrown at [/HUDSON3/workspace/8-2-build-linux-amd64/jdk8u111/7883/hotspot/src/share/vm/prims/jni.cpp, line 709]
Event: 43.910 Thread 0x00007efd68273000 Exception <a 'java/io/FileNotFoundException'> (0x00000000d8dbc518) thrown at [/HUDSON3/workspace/8-2-build-linux-amd64/jdk8u111/7883/hotspot/src/share/vm/prims/jni.cpp, line 709]
Event: 44.236 Thread 0x00007efd68218800 Implicit null exception at 0x00007efd59c838ec to 0x00007efd59c83935
Event: 57.016 Thread 0x00007efd68218800 Implicit null exception at 0x00007efd59b17056 to 0x00007efd59b1996d
Event: 77.863 Thread 0x00007efd68107000 Exception <a 'java/net/SocketException': Socket closed> (0x00000000d70bd6c8) thrown at [/HUDSON3/workspace/8-2-build-linux-amd64/jdk8u111/7883/hotspot/src/share/vm/prims/jni.cpp, line 735]
Event: 77.900 Thread 0x00007efd68107000 Exception <a 'java/net/SocketException': Socket closed> (0x00000000d70db7c8) thrown at [/HUDSON3/workspace/8-2-build-linux-amd64/jdk8u111/7883/hotspot/src/share/vm/prims/jni.cpp, line 735]
Event: 77.902 Thread 0x00007efd68107000 Exception <a 'java/net/SocketException': Socket closed> (0x00000000d70e5178) thrown at [/HUDSON3/workspace/8-2-build-linux-amd64/jdk8u111/7883/hotspot/src/share/vm/prims/jni.cpp, line 735]
Event: 77.906 Thread 0x00007efd68107000 Exception <a 'java/net/SocketException': Socket closed> (0x00000000d70eeb28) thrown at [/HUDSON3/workspace/8-2-build-linux-amd64/jdk8u111/7883/hotspot/src/share/vm/prims/jni.cpp, line 735]

Events (10 events):
Event: 79.318 Thread 0x00007efd6813b800 flushing nmethod 0x00007efd59c83790
Event: 79.619 Thread 0x00007efd68273000 DEOPT PACKING pc=0x00007efd59d8c82d sp=0x00007efd1cdb33f0
Event: 79.619 Thread 0x00007efd68273000 DEOPT UNPACKING pc=0x00007efd59047233 sp=0x00007efd1cdb3230 mode 0
Event: 80.051 Thread 0x00007efd68273000 DEOPT PACKING pc=0x00007efd59d8c82d sp=0x00007efd1cdb32d0
Event: 80.051 Thread 0x00007efd68273000 DEOPT UNPACKING pc=0x00007efd59047233 sp=0x00007efd1cdb3110 mode 0
Event: 103.612 Thread 0x00007efd1046a800 Thread added: 0x00007efd1046a800
Event: 103.632 Thread 0x00007efd300f0800 Thread added: 0x00007efd300f0800
Event: 103.635 Executing VM operation: RevokeBias
Event: 103.668 Executing VM operation: RevokeBias done
Event: 103.668 Thread 0x00007efd1046a800 Thread exited: 0x00007efd1046a800


Dynamic libraries:
00400000-00401000 r-xp 00000000 08:06 10486455                           /usr/lib/jvm/jdk1.8.0_111/jre/bin/java
00600000-00601000 rw-p 00000000 08:06 10486455                           /usr/lib/jvm/jdk1.8.0_111/jre/bin/java
024f8000-02519000 rw-p 00000000 00:00 0                                  [heap]
40eca000-40f69000 rw-p 00000000 00:00 0 
41978000-4197a000 r-xs 00000000 08:06 131104                             /tmp/.glfsyVq5 (deleted)
85000000-89700000 rw-p 00000000 00:00 0 
89700000-d7000000 ---p 00000000 00:00 0 
d7000000-da000000 rw-p 00000000 00:00 0 
da000000-100000000 ---p 00000000 00:00 0 
100000000-1003a0000 rw-p 00000000 00:00 0 
1003a0000-140000000 ---p 00000000 00:00 0 
7efd058dc000-7efd0591c000 rw-p 00000000 00:00 0 
7efd0591c000-7efd05adf000 ---p 00000000 00:00 0 
7efd05adf000-7efd05bdd000 rw-p 00000000 00:00 0 
7efd05bdd000-7efd05be0000 ---p 00000000 00:00 0 
7efd05be0000-7efd05cde000 rw-p 00000000 00:00 0 
7efd05cde000-7efd05ce1000 ---p 00000000 00:00 0 
7efd05ce1000-7efd05ddf000 rw-p 00000000 00:00 0 
7efd05ddf000-7efd05de2000 ---p 00000000 00:00 0 
7efd05de2000-7efd05ee0000 rw-p 00000000 00:00 0                          [stack:17646]
7efd05ee0000-7efd05f45000 r-xp 00000000 08:06 10486199                   /usr/lib/jvm/jdk1.8.0_111/jre/lib/amd64/libfontmanager.so
7efd05f45000-7efd06144000 ---p 00065000 08:06 10486199                   /usr/lib/jvm/jdk1.8.0_111/jre/lib/amd64/libfontmanager.so
7efd06144000-7efd06149000 rw-p 00064000 08:06 10486199                   /usr/lib/jvm/jdk1.8.0_111/jre/lib/amd64/libfontmanager.so
7efd06149000-7efd06159000 rw-p 00000000 00:00 0 
7efd06160000-7efd061b4000 r-xp 00000000 08:06 10486207                   /usr/lib/jvm/jdk1.8.0_111/jre/lib/amd64/libawt_xawt.so
7efd061b4000-7efd063b4000 ---p 00054000 08:06 10486207                   /usr/lib/jvm/jdk1.8.0_111/jre/lib/amd64/libawt_xawt.so
7efd063b4000-7efd063b8000 rw-p 00054000 08:06 10486207                   /usr/lib/jvm/jdk1.8.0_111/jre/lib/amd64/libawt_xawt.so
7efd063b8000-7efd063b9000 rw-p 00000000 00:00 0 
7efd063c0000-7efd06462000 r-xp 00000000 08:06 10486240                   /usr/lib/jvm/jdk1.8.0_111/jre/lib/amd64/libawt.so
7efd06462000-7efd06662000 ---p 000a2000 08:06 10486240                   /usr/lib/jvm/jdk1.8.0_111/jre/lib/amd64/libawt.so
7efd06662000-7efd0666e000 rw-p 000a2000 08:06 10486240                   /usr/lib/jvm/jdk1.8.0_111/jre/lib/amd64/libawt.so
7efd0666e000-7efd06692000 rw-p 00000000 00:00 0 
7efd06698000-7efd06798000 rw-s 00000000 00:05 28966940                   /SYSV00000000 (deleted)
7efd06798000-7efd06813000 r-xp 00000000 08:06 794106                     /usr/lib/x86_64-linux-gnu/nss/libfreebl3.so
7efd06813000-7efd06a12000 ---p 0007b000 08:06 794106                     /usr/lib/x86_64-linux-gnu/nss/libfreebl3.so
7efd06a12000-7efd06a14000 r--p 0007a000 08:06 794106                     /usr/lib/x86_64-linux-gnu/nss/libfreebl3.so
7efd06a14000-7efd06a15000 rw-p 0007c000 08:06 794106                     /usr/lib/x86_64-linux-gnu/nss/libfreebl3.so
7efd06a15000-7efd06a19000 rw-p 00000000 00:00 0 
7efd06a20000-7efd06ad4000 r-xp 00000000 08:06 271632                     /usr/lib/x86_64-linux-gnu/libsqlite3.so.0.8.6
7efd06ad4000-7efd06cd4000 ---p 000b4000 08:06 271632                     /usr/lib/x86_64-linux-gnu/libsqlite3.so.0.8.6
7efd06cd4000-7efd06cd6000 r--p 000b4000 08:06 271632                     /usr/lib/x86_64-linux-gnu/libsqlite3.so.0.8.6
7efd06cd6000-7efd06cd8000 rw-p 000b6000 08:06 271632                     /usr/lib/x86_64-linux-gnu/libsqlite3.so.0.8.6
7efd06cd8000-7efd06cd9000 rw-p 00000000 00:00 0 
7efd06d08000-7efd06d49000 r-xp 00000000 08:06 794105                     /usr/lib/x86_64-linux-gnu/nss/libsoftokn3.so
7efd06d49000-7efd06f48000 ---p 00041000 08:06 794105                     /usr/lib/x86_64-linux-gnu/nss/libsoftokn3.so
7efd06f48000-7efd06f49000 r--p 00040000 08:06 794105                     /usr/lib/x86_64-linux-gnu/nss/libsoftokn3.so
7efd06f49000-7efd06f4a000 rw-p 00041000 08:06 794105                     /usr/lib/x86_64-linux-gnu/nss/libsoftokn3.so
7efd06f4e000-7efd06f51000 ---p 00000000 00:00 0 
7efd06f51000-7efd0704f000 rw-p 00000000 00:00 0                          [stack:16014]
7efd0704f000-7efd07052000 ---p 00000000 00:00 0 
7efd07052000-7efd07350000 rw-p 00000000 00:00 0                          [stack:15658]
7efd07350000-7efd07353000 ---p 00000000 00:00 0 
7efd07353000-7efd07451000 rw-p 00000000 00:00 0                          [stack:15581]
7efd07451000-7efd07551000 rw-s 1c3709000 00:06 12147                     /dev/nvidiactl
7efd07556000-7efd07559000 ---p 00000000 00:00 0 
7efd07559000-7efd07657000 rw-p 00000000 00:00 0                          [stack:15504]
7efd07657000-7efd07658000 ---p 00000000 00:00 0 
7efd07658000-7efd07e58000 rw-p 00000000 00:00 0                          [stack:15503]
7efd07e58000-7efd07e9c000 r-xp 00000000 08:06 11276542                   /lib/x86_64-linux-gnu/libdbus-1.so.3.7.6
7efd07e9c000-7efd0809b000 ---p 00044000 08:06 11276542                   /lib/x86_64-linux-gnu/libdbus-1.so.3.7.6
7efd0809b000-7efd0809c000 r--p 00043000 08:06 11276542                   /lib/x86_64-linux-gnu/libdbus-1.so.3.7.6
7efd0809c000-7efd0809d000 rw-p 00044000 08:06 11276542                   /lib/x86_64-linux-gnu/libdbus-1.so.3.7.6
7efd080a0000-7efd080a8000 r-xp 00000000 08:06 11276591                   /lib/x86_64-linux-gnu/libnih-dbus.so.1.0.0
7efd080a8000-7efd082a8000 ---p 00008000 08:06 11276591                   /lib/x86_64-linux-gnu/libnih-dbus.so.1.0.0
7efd082a8000-7efd082a9000 r--p 00008000 08:06 11276591                   /lib/x86_64-linux-gnu/libnih-dbus.so.1.0.0
7efd082a9000-7efd082aa000 rw-p 00009000 08:06 11276591                   /lib/x86_64-linux-gnu/libnih-dbus.so.1.0.0
7efd082b0000-7efd082c7000 r-xp 00000000 08:06 11276593                   /lib/x86_64-linux-gnu/libnih.so.1.0.0
7efd082c7000-7efd084c6000 ---p 00017000 08:06 11276593                   /lib/x86_64-linux-gnu/libnih.so.1.0.0
7efd084c6000-7efd084c7000 r--p 00016000 08:06 11276593                   /lib/x86_64-linux-gnu/libnih.so.1.0.0
7efd084c7000-7efd084c8000 rw-p 00017000 08:06 11276593                   /lib/x86_64-linux-gnu/libnih.so.1.0.0
7efd084c8000-7efd084e1000 r-xp 00000000 08:06 11276533                   /lib/x86_64-linux-gnu/libcgmanager.so.0.0.0
7efd084e1000-7efd086e0000 ---p 00019000 08:06 11276533                   /lib/x86_64-linux-gnu/libcgmanager.so.0.0.0
7efd086e0000-7efd086e2000 r--p 00018000 08:06 11276533                   /lib/x86_64-linux-gnu/libcgmanager.so.0.0.0
7efd086e2000-7efd086e3000 rw-p 0001a000 08:06 11276533                   /lib/x86_64-linux-gnu/libcgmanager.so.0.0.0
7efd086e8000-7efd08721000 r-xp 00000000 08:06 268901                     /usr/lib/x86_64-linux-gnu/libnspr4.so
7efd08721000-7efd08920000 ---p 00039000 08:06 268901                     /usr/lib/x86_64-linux-gnu/libnspr4.so
7efd08920000-7efd08921000 r--p 00038000 08:06 268901                     /usr/lib/x86_64-linux-gnu/libnspr4.so
7efd08921000-7efd08922000 rw-p 00039000 08:06 268901                     /usr/lib/x86_64-linux-gnu/libnspr4.so
7efd08922000-7efd08925000 rw-p 00000000 00:00 0 
7efd08928000-7efd0892b000 r-xp 00000000 08:06 268900                     /usr/lib/x86_64-linux-gnu/libplds4.so
7efd0892b000-7efd08b2a000 ---p 00003000 08:06 268900                     /usr/lib/x86_64-linux-gnu/libplds4.so
7efd08b2a000-7efd08b2b000 r--p 00002000 08:06 268900                     /usr/lib/x86_64-linux-gnu/libplds4.so
7efd08b2b000-7efd08b2c000 rw-p 00003000 08:06 268900                     /usr/lib/x86_64-linux-gnu/libplds4.so
7efd08b30000-7efd08b34000 r-xp 00000000 08:06 268861                     /usr/lib/x86_64-linux-gnu/libplc4.so
7efd08b34000-7efd08d33000 ---p 00004000 08:06 268861                     /usr/lib/x86_64-linux-gnu/libplc4.so
7efd08d33000-7efd08d34000 r--p 00003000 08:06 268861                     /usr/lib/x86_64-linux-gnu/libplc4.so
7efd08d34000-7efd08d35000 rw-p 00004000 08:06 268861                     /usr/lib/x86_64-linux-gnu/libplc4.so
7efd08d38000-7efd08d5d000 r-xp 00000000 08:06 268074                     /usr/lib/x86_64-linux-gnu/libnssutil3.so
7efd08d5d000-7efd08f5d000 ---p 00025000 08:06 268074                     /usr/lib/x86_64-linux-gnu/libnssutil3.so
7efd08f5d000-7efd08f63000 r--p 00025000 08:06 268074                     /usr/lib/x86_64-linux-gnu/libnssutil3.so
7efd08f63000-7efd08f64000 rw-p 0002b000 08:06 268074                     /usr/lib/x86_64-linux-gnu/libnssutil3.so
7efd08f68000-7efd08f78000 r-xp 00000000 08:06 11276675                   /lib/x86_64-linux-gnu/libudev.so.1.3.5
7efd08f78000-7efd09177000 ---p 00010000 08:06 11276675                   /lib/x86_64-linux-gnu/libudev.so.1.3.5
7efd09177000-7efd09178000 r--p 0000f000 08:06 11276675                   /lib/x86_64-linux-gnu/libudev.so.1.3.5
7efd09178000-7efd09179000 rw-p 00010000 08:06 11276675                   /lib/x86_64-linux-gnu/libudev.so.1.3.5
7efd09180000-7efd092b5000 r-xp 00000000 08:06 268076                     /usr/lib/x86_64-linux-gnu/libnss3.so
7efd092b5000-7efd094b4000 ---p 00135000 08:06 268076                     /usr/lib/x86_64-linux-gnu/libnss3.so
7efd094b4000-7efd094b9000 r--p 00134000 08:06 268076                     /usr/lib/x86_64-linux-gnu/libnss3.so
7efd094b9000-7efd094bb000 rw-p 00139000 08:06 268076                     /usr/lib/x86_64-linux-gnu/libnss3.so
7efd094bb000-7efd094bc000 rw-p 00000000 00:00 0 
7efd094c0000-7efd094d5000 r-xp 00000000 08:06 11276681                   /lib/x86_64-linux-gnu/libusb-1.0.so.0.1.0
7efd094d5000-7efd096d5000 ---p 00015000 08:06 11276681                   /lib/x86_64-linux-gnu/libusb-1.0.so.0.1.0
7efd096d5000-7efd096d6000 r--p 00015000 08:06 11276681                   /lib/x86_64-linux-gnu/libusb-1.0.so.0.1.0
7efd096d6000-7efd096d7000 rw-p 00016000 08:06 11276681                   /lib/x86_64-linux-gnu/libusb-1.0.so.0.1.0
7efd096d8000-7efd0972f000 r-xp 00000000 08:06 787714                     /usr/local/lib/libfprint.so.0.0.0
7efd0972f000-7efd0992e000 ---p 00057000 08:06 787714                     /usr/local/lib/libfprint.so.0.0.0
7efd0992e000-7efd0992f000 r--p 00056000 08:06 787714                     /usr/local/lib/libfprint.so.0.0.0
7efd0992f000-7efd09940000 rw-p 00057000 08:06 787714                     /usr/local/lib/libfprint.so.0.0.0
7efd09940000-7efd0c7f1000 rw-p 00000000 00:00 0 
7efd0c7f3000-7efd0cbf3000 rw-s 18bdfb000 00:06 12147                     /dev/nvidiactl
7efd0cbfa000-7efd0d597000 rw-p 00000000 00:00 0 
7efd0d597000-7efd0d59b000 r--s 00097000 08:06 10486124                   /usr/lib/jvm/jdk1.8.0_111/jre/lib/jsse.jar
7efd0d5a0000-7efd0d7a0000 rw-p 00000000 00:00 0 
7efd0d7a0000-7efd0d7b6000 r-xp 00000000 08:06 10486180                   /usr/lib/jvm/jdk1.8.0_111/jre/lib/amd64/libnet.so
7efd0d7b6000-7efd0d9b6000 ---p 00016000 08:06 10486180                   /usr/lib/jvm/jdk1.8.0_111/jre/lib/amd64/libnet.so
7efd0d9b6000-7efd0d9b7000 rw-p 00016000 08:06 10486180                   /usr/lib/jvm/jdk1.8.0_111/jre/lib/amd64/libnet.so
7efd0d9ba000-7efd0dc1c000 rw-p 00000000 00:00 0 
7efd0dc1c000-7efd0de1c000 rw-s 1a3a94000 00:06 12147                     /dev/nvidiactl
7efd0de21000-7efd0e221000 rw-s 1a53b1000 00:06 12147                     /dev/nvidiactl
7efd0e2b0000-7efd0e2b6000 r-xp 00000000 08:06 131106                     /tmp/libfingerprint4652073880711211313.so
7efd0e2b6000-7efd0e4b5000 ---p 00006000 08:06 131106                     /tmp/libfingerprint4652073880711211313.so
7efd0e4b5000-7efd0e4b6000 r--p 00005000 08:06 131106                     /tmp/libfingerprint4652073880711211313.so
7efd0e4b6000-7efd0e4b7000 rw-p 00006000 08:06 131106                     /tmp/libfingerprint4652073880711211313.so
7efd0e4ba000-7efd0e6ba000 rw-s 6f4ba000 00:06 12147                      /dev/nvidiactl
7efd0e6ba000-7efd0f150000 rw-p 00000000 00:00 0 
7efd0f150000-7efd0f1fa000 r--p 00000000 08:06 1445411                    /usr/share/fonts/truetype/dejavu/DejaVuSans-Bold.ttf
7efd0f200000-7efd0f400000 rw-p 00000000 00:00 0 
7efd0f400000-7efd0f600000 rw-p 00000000 00:00 0 
7efd0f600000-7efd0f6b6000 r--p 00000000 08:06 1445415                    /usr/share/fonts/truetype/dejavu/DejaVuSans.ttf
7efd0f6b7000-7efd0f6ba000 ---p 00000000 00:00 0 
7efd0f6ba000-7efd0f7b8000 rw-p 00000000 00:00 0                          [stack:15123]
7efd0f7b8000-7efd0f7e7000 r-xp 00000000 08:06 788682                     /usr/lib/x86_64-linux-gnu/gtk-2.0/2.10.0/engines/libmurrine.so
7efd0f7e7000-7efd0f9e7000 ---p 0002f000 08:06 788682                     /usr/lib/x86_64-linux-gnu/gtk-2.0/2.10.0/engines/libmurrine.so
7efd0f9e7000-7efd0f9e8000 r--p 0002f000 08:06 788682                     /usr/lib/x86_64-linux-gnu/gtk-2.0/2.10.0/engines/libmurrine.so
7efd0f9e8000-7efd0f9e9000 rw-p 00030000 08:06 788682                     /usr/lib/x86_64-linux-gnu/gtk-2.0/2.10.0/engines/libmurrine.so
7efd0f9f0000-7efd0f9f9000 r-xp 00000000 08:06 787773                     /usr/lib/x86_64-linux-gnu/gtk-2.0/2.10.0/engines/libpixmap.so
7efd0f9f9000-7efd0fbf9000 ---p 00009000 08:06 787773                     /usr/lib/x86_64-linux-gnu/gtk-2.0/2.10.0/engines/libpixmap.so
7efd0fbf9000-7efd0fbfa000 r--p 00009000 08:06 787773                     /usr/lib/x86_64-linux-gnu/gtk-2.0/2.10.0/engines/libpixmap.so
7efd0fbfa000-7efd0fbfb000 rw-p 0000a000 08:06 787773                     /usr/lib/x86_64-linux-gnu/gtk-2.0/2.10.0/engines/libpixmap.so
7efd0fc00000-7efd0fe00000 rw-p 00000000 00:00 0 
7efd0fe00000-7efd10000000 rw-p 00000000 00:00 0 
7efd10000000-7efd105f2000 rw-p 00000000 00:00 0 
7efd105f2000-7efd14000000 ---p 00000000 00:00 0 
7efd14000000-7efd1418c000 rw-p 00000000 00:00 0 
7efd1418c000-7efd18000000 ---p 00000000 00:00 0 
7efd18000000-7efd18021000 rw-p 00000000 00:00 0 
7efd18021000-7efd1c000000 ---p 00000000 00:00 0 
7efd1c005000-7efd1c018000 r--s 00345000 08:06 10486404                   /usr/lib/jvm/jdk1.8.0_111/jre/lib/resources.jar
7efd1c01c000-7efd1c021000 r--s 00084000 08:06 10486279                   /usr/lib/jvm/jdk1.8.0_111/jre/lib/jfr.jar
7efd1c028000-7efd1c0d3000 r--p 00000000 08:06 10486268                   /usr/lib/jvm/jdk1.8.0_111/jre/lib/fonts/LucidaSansRegular.ttf
7efd1c0d8000-7efd1c112000 r--p 00000000 08:06 10486270                   /usr/lib/jvm/jdk1.8.0_111/jre/lib/fonts/LucidaTypewriterBold.ttf
7efd1c118000-7efd1c12b000 r--p 00000000 08:06 10486276                   /usr/lib/jvm/jdk1.8.0_111/jre/lib/fonts/LucidaBrightDemiItalic.ttf
7efd1c130000-7efd1c17e000 r--p 00000000 08:06 10486275                   /usr/lib/jvm/jdk1.8.0_111/jre/lib/fonts/LucidaSansDemiBold.ttf
7efd1c180000-7efd1c1bc000 r--p 00000000 08:06 10486274                   /usr/lib/jvm/jdk1.8.0_111/jre/lib/fonts/LucidaTypewriterRegular.ttf
7efd1c1c0000-7efd1c215000 r--p 00000000 08:06 10486271                   /usr/lib/jvm/jdk1.8.0_111/jre/lib/fonts/LucidaBrightRegular.ttf
7efd1c218000-7efd1c22c000 r--p 00000000 08:06 10486272                   /usr/lib/jvm/jdk1.8.0_111/jre/lib/fonts/LucidaBrightItalic.ttf
7efd1c230000-7efd1c243000 r--p 00000000 08:06 10486269                   /usr/lib/jvm/jdk1.8.0_111/jre/lib/fonts/LucidaBrightDemiBold.ttf
7efd1c248000-7efd1c24c000 r-xp 00000000 08:06 10486217                   /usr/lib/jvm/jdk1.8.0_111/jre/lib/amd64/libjavafx_font_pango.so
7efd1c24c000-7efd1c44b000 ---p 00004000 08:06 10486217                   /usr/lib/jvm/jdk1.8.0_111/jre/lib/amd64/libjavafx_font_pango.so
7efd1c44b000-7efd1c44c000 rw-p 00003000 08:06 10486217                   /usr/lib/jvm/jdk1.8.0_111/jre/lib/amd64/libjavafx_font_pango.so
7efd1c450000-7efd1c451000 r--s 00000000 08:06 3801416                    /var/cache/fontconfig/c05880de57d1f5e948fdfacc138775d9-le64.cache-4
7efd1c458000-7efd1c463000 r--s 00000000 08:06 3801409                    /var/cache/fontconfig/945677eb7aeaf62f1d50efc3fb3ec7d8-le64.cache-4
7efd1c468000-7efd1c46a000 r--s 00000000 08:06 3801411                    /var/cache/fontconfig/99e8ed0e538f840c565b6ed5dad60d56-le64.cache-4
7efd1c470000-7efd1c476000 r--s 00000000 08:06 3801393                    /var/cache/fontconfig/2cd17615ca594fa2959ae173292e504c-le64.cache-4
7efd1c478000-7efd1c479000 r--s 00000000 08:06 3801427                    /var/cache/fontconfig/e7071f4a29fa870f4323321c154eba04-le64.cache-4
7efd1c480000-7efd1c481000 r--s 00000000 08:06 3801390                    /var/cache/fontconfig/0d8c3b2ac0904cb8a57a757ad11a4a08-le64.cache-4
7efd1c488000-7efd1c48f000 r--s 00000000 08:06 3801413                    /var/cache/fontconfig/a755afe4a08bf5b97852ceb7400b47bc-le64.cache-4
7efd1c490000-7efd1c49c000 r--s 00000000 08:06 3801404                    /var/cache/fontconfig/6d41288fd70b0be22e8c3a91e032eec0-le64.cache-4
7efd1c4a0000-7efd1c4b4000 r--s 00000000 08:06 3801387                    /var/cache/fontconfig/04aabc0a78ac019cf9454389977116d2-le64.cache-4
7efd1c4b8000-7efd1c4b9000 r--s 00000000 08:06 3801392                    /var/cache/fontconfig/1ac9eb803944fde146138c791f5cc56a-le64.cache-4
7efd1c4c0000-7efd1c4c4000 r--s 00000000 08:06 3801396                    /var/cache/fontconfig/385c0604a188198f04d133e54aba7fe7-le64.cache-4
7efd1c4c8000-7efd1c4c9000 r--s 00000000 08:06 3801424                    /var/cache/fontconfig/dc05db6664285cc2f12bf69c139ae4c3-le64.cache-4
7efd1c4d0000-7efd1c4d2000 r--s 00000000 08:06 3801406                    /var/cache/fontconfig/767a8244fc0220cfb567a839d0392e0b-le64.cache-4
7efd1c4d8000-7efd1c4d9000 r--s 00000000 08:06 3801398                    /var/cache/fontconfig/4794a0821666d79190d59a36cb4f44b5-le64.cache-4
7efd1c4e0000-7efd1c4f2000 r--s 00000000 08:06 3801388                    /var/cache/fontconfig/0bd3dc0958fa2205aaaa8ebb13e2872b-le64.cache-4
7efd1c4f8000-7efd1c4fd000 r--s 00000000 08:06 3801408                    /var/cache/fontconfig/8801497958630a81b71ace7c5f9b32a8-le64.cache-4
7efd1c500000-7efd1c506000 r--s 00000000 08:06 3816246                    /var/cache/fontconfig/ca37dee8d6057f2a069c1b3d05990269-le64.cache-4
7efd1c508000-7efd1c50c000 r--s 00000000 08:06 3815067                    /var/cache/fontconfig/c57959a16110560c8d0fcea73374aeeb-le64.cache-4
7efd1c510000-7efd1c517000 r--s 00000000 08:06 3801394                    /var/cache/fontconfig/3047814df9a2f067bd2d96a2b9c36e5a-le64.cache-4
7efd1c518000-7efd1c519000 r--s 00000000 08:06 3801400                    /var/cache/fontconfig/56cf4f4769d0f4abc89a4895d7bd3ae1-le64.cache-4
7efd1c520000-7efd1c521000 r--s 00000000 08:06 3801415                    /var/cache/fontconfig/b9d506c9ac06c20b433354fa67a72993-le64.cache-4
7efd1c528000-7efd1c52e000 r--s 00000000 08:06 3801414                    /var/cache/fontconfig/b47c4e1ecd0709278f4910c18777a504-le64.cache-4
7efd1c530000-7efd1c543000 r--s 00000000 08:06 3801421                    /var/cache/fontconfig/d52a8644073d54c13679302ca1180695-le64.cache-4
7efd1c548000-7efd1c551000 r--s 00000000 08:06 3801397                    /var/cache/fontconfig/3f7329c5293ffd510edef78f73874cfd-le64.cache-4
7efd1c558000-7efd1c563000 r--s 00000000 08:06 3801422                    /var/cache/fontconfig/d589a48862398ed80a3d6066f4f56f4c-le64.cache-4
7efd1c568000-7efd1c571000 r--s 00000000 08:06 3801419                    /var/cache/fontconfig/d0972c3d32f097851eb916381fc38920-le64.cache-4
7efd1c578000-7efd1c57b000 r--s 00000000 08:06 3812658                    /var/cache/fontconfig/e13b20fdb08344e0e664864cc2ede53d-le64.cache-4
7efd1c580000-7efd1c584000 r--s 00000000 08:06 3816245                    /var/cache/fontconfig/7ef2298fde41cc6eeb7af42e48b7d293-le64.cache-4
7efd1c588000-7efd1c58d000 r-xp 00000000 08:06 10486213                   /usr/lib/jvm/jdk1.8.0_111/jre/lib/amd64/libjavafx_font_freetype.so
7efd1c58d000-7efd1c78c000 ---p 00005000 08:06 10486213                   /usr/lib/jvm/jdk1.8.0_111/jre/lib/amd64/libjavafx_font_freetype.so
7efd1c78c000-7efd1c78d000 rw-p 00004000 08:06 10486213                   /usr/lib/jvm/jdk1.8.0_111/jre/lib/amd64/libjavafx_font_freetype.so
7efd1c790000-7efd1c793000 r-xp 00000000 08:06 10486175                   /usr/lib/jvm/jdk1.8.0_111/jre/lib/amd64/libjavafx_font.so
7efd1c793000-7efd1c992000 ---p 00003000 08:06 10486175                   /usr/lib/jvm/jdk1.8.0_111/jre/lib/amd64/libjavafx_font.so
7efd1c992000-7efd1c993000 rw-p 00002000 08:06 10486175                   /usr/lib/jvm/jdk1.8.0_111/jre/lib/amd64/libjavafx_font.so
7efd1c998000-7efd1cb98000 rw-p 00000000 00:00 0 
7efd1cb98000-7efd1cb9c000 r--s 00060000 08:06 10619700                   /home/xmbeat/NetBeansProjects/FingerprintLogin/dist/run1478823802/lib/webcam-capture-0.3.10.jar
7efd1cb9d000-7efd1cb9f000 r--s 00005000 08:06 10619699                   /home/xmbeat/NetBeansProjects/FingerprintLogin/dist/run1478823802/lib/slf4j-api-1.7.2.jar
7efd1cba2000-7efd1cba5000 r--s 0003a000 08:06 10619698                   /home/xmbeat/NetBeansProjects/FingerprintLogin/dist/run1478823802/lib/mysql-connector-java-3.0.17-ga-bin.jar
7efd1cba7000-7efd1cbaf000 r--s 000cf000 08:06 10619697                   /home/xmbeat/NetBeansProjects/FingerprintLogin/dist/run1478823802/lib/bridj-0.6.2.jar
7efd1cbaf000-7efd1cbb2000 ---p 00000000 00:00 0 
7efd1cbb2000-7efd1ccb0000 rw-p 00000000 00:00 0                          [stack:15065]
7efd1ccb0000-7efd1ccb2000 rw-s 00000000 08:06 131104                     /tmp/.glfsyVq5 (deleted)
7efd1ccb6000-7efd1ccb9000 ---p 00000000 00:00 0 
7efd1ccb9000-7efd1cdb7000 rw-p 00000000 00:00 0                          [stack:15046]
7efd1cdb7000-7efd1cdba000 ---p 00000000 00:00 0 
7efd1cdba000-7efd1ceb8000 rw-p 00000000 00:00 0                          [stack:15045]
7efd1ceb8000-7efd1cee2000 r--p 00000000 08:06 1314249                    /usr/share/locale-langpack/es/LC_MESSAGES/gtk20-properties.mo
7efd1cee8000-7efd1cf0e000 r--p 00000000 08:06 1314142                    /usr/share/locale-langpack/es/LC_MESSAGES/libc.mo
7efd1cf10000-7efd1cf17000 r--s 00000000 08:06 786750                     /usr/lib/x86_64-linux-gnu/gconv/gconv-modules.cache
7efd1cf18000-7efd1cf27000 r--p 00000000 08:06 1314186                    /usr/share/locale-langpack/es/LC_MESSAGES/gtk20.mo
7efd1cf28000-7efd1cf51000 r-xp 00000000 08:06 10486225                   /usr/lib/jvm/jdk1.8.0_111/jre/lib/amd64/libglass.so
7efd1cf51000-7efd1d150000 ---p 00029000 08:06 10486225                   /usr/lib/jvm/jdk1.8.0_111/jre/lib/amd64/libglass.so
7efd1d150000-7efd1d153000 rw-p 00028000 08:06 10486225                   /usr/lib/jvm/jdk1.8.0_111/jre/lib/amd64/libglass.so
7efd1d157000-7efd1d1d7000 rw-s 6f59f000 00:06 12147                      /dev/nvidiactl
7efd1d1de000-7efd1d25e000 rw-s 79b9e000 00:06 12147                      /dev/nvidiactl
7efd1d25f000-7efd1d262000 ---p 00000000 00:00 0 
7efd1d262000-7efd1d360000 rw-p 00000000 00:00 0                          [stack:16141]
7efd1d360000-7efd1d366000 r-xp 00000000 08:06 270780                     /usr/lib/x86_64-linux-gnu/libdatrie.so.1.3.1
7efd1d366000-7efd1d565000 ---p 00006000 08:06 270780                     /usr/lib/x86_64-linux-gnu/libdatrie.so.1.3.1
7efd1d565000-7efd1d566000 r--p 00005000 08:06 270780                     /usr/lib/x86_64-linux-gnu/libdatrie.so.1.3.1
7efd1d566000-7efd1d567000 rw-p 00006000 08:06 270780                     /usr/lib/x86_64-linux-gnu/libdatrie.so.1.3.1
7efd1d568000-7efd1ef65000 r-xp 00000000 08:06 921231                     /usr/lib/nvidia-352/libnvidia-glcore.so.352.63
7efd1ef65000-7efd1ef85000 rwxp 019fd000 08:06 921231                     /usr/lib/nvidia-352/libnvidia-glcore.so.352.63
7efd1ef85000-7efd1f24c000 r-xp 01a1d000 08:06 921231                     /usr/lib/nvidia-352/libnvidia-glcore.so.352.63
7efd1f24c000-7efd1f44b000 ---p 01ce4000 08:06 921231                     /usr/lib/nvidia-352/libnvidia-glcore.so.352.63
7efd1f44b000-7efd1ffe7000 rw-p 01ce3000 08:06 921231                     /usr/lib/nvidia-352/libnvidia-glcore.so.352.63
7efd1ffe7000-7efd1fffb000 rw-p 00000000 00:00 0 
7efd20000000-7efd224c9000 rw-p 00000000 00:00 0 
7efd224c9000-7efd24000000 ---p 00000000 00:00 0 
7efd24006000-7efd24086000 rw-s 6f40e000 00:06 12147                      /dev/nvidiactl
7efd24088000-7efd240a8000 rw-s c0320000 00:06 12148                      /dev/nvidia0
7efd240a8000-7efd240ad000 r-xp 00000000 08:06 270557                     /usr/lib/x86_64-linux-gnu/libXdmcp.so.6.0.0
7efd240ad000-7efd242ac000 ---p 00005000 08:06 270557                     /usr/lib/x86_64-linux-gnu/libXdmcp.so.6.0.0
7efd242ac000-7efd242ad000 r--p 00004000 08:06 270557                     /usr/lib/x86_64-linux-gnu/libXdmcp.so.6.0.0
7efd242ad000-7efd242ae000 rw-p 00005000 08:06 270557                     /usr/lib/x86_64-linux-gnu/libXdmcp.so.6.0.0
7efd242b0000-7efd242b2000 r-xp 00000000 08:06 270544                     /usr/lib/x86_64-linux-gnu/libXau.so.6.0.0
7efd242b2000-7efd244b2000 ---p 00002000 08:06 270544                     /usr/lib/x86_64-linux-gnu/libXau.so.6.0.0
7efd244b2000-7efd244b3000 r--p 00002000 08:06 270544                     /usr/lib/x86_64-linux-gnu/libXau.so.6.0.0
7efd244b3000-7efd244b4000 rw-p 00003000 08:06 270544                     /usr/lib/x86_64-linux-gnu/libXau.so.6.0.0
7efd244b8000-7efd244d2000 r-xp 00000000 08:06 263304                     /usr/lib/x86_64-linux-gnu/libgraphite2.so.3.0.1
7efd244d2000-7efd246d1000 ---p 0001a000 08:06 263304                     /usr/lib/x86_64-linux-gnu/libgraphite2.so.3.0.1
7efd246d1000-7efd246d3000 r--p 00019000 08:06 263304                     /usr/lib/x86_64-linux-gnu/libgraphite2.so.3.0.1
7efd246d3000-7efd246d4000 rw-p 0001b000 08:06 263304                     /usr/lib/x86_64-linux-gnu/libgraphite2.so.3.0.1
7efd246d8000-7efd246db000 r-xp 00000000 08:06 1184481                    /usr/lib/nvidia-352/tls/libnvidia-tls.so.352.63
7efd246db000-7efd248da000 ---p 00003000 08:06 1184481                    /usr/lib/nvidia-352/tls/libnvidia-tls.so.352.63
7efd248da000-7efd248db000 rw-p 00002000 08:06 1184481                    /usr/lib/nvidia-352/tls/libnvidia-tls.so.352.63
7efd248e0000-7efd2491d000 r-xp 00000000 08:06 11276632                   /lib/x86_64-linux-gnu/libpcre.so.3.13.1
7efd2491d000-7efd24b1c000 ---p 0003d000 08:06 11276632                   /lib/x86_64-linux-gnu/libpcre.so.3.13.1
7efd24b1c000-7efd24b1d000 r--p 0003c000 08:06 11276632                   /lib/x86_64-linux-gnu/libpcre.so.3.13.1
7efd24b1d000-7efd24b1e000 rw-p 0003d000 08:06 11276632                   /lib/x86_64-linux-gnu/libpcre.so.3.13.1
7efd24b20000-7efd24b27000 r-xp 00000000 08:06 262898                     /usr/lib/x86_64-linux-gnu/libffi.so.6.0.1
7efd24b27000-7efd24d26000 ---p 00007000 08:06 262898                     /usr/lib/x86_64-linux-gnu/libffi.so.6.0.1
7efd24d26000-7efd24d27000 r--p 00006000 08:06 262898                     /usr/lib/x86_64-linux-gnu/libffi.so.6.0.1
7efd24d27000-7efd24d28000 rw-p 00007000 08:06 262898                     /usr/lib/x86_64-linux-gnu/libffi.so.6.0.1
7efd24d28000-7efd24d4f000 r-xp 00000000 08:06 11276550                   /lib/x86_64-linux-gnu/libexpat.so.1.6.0
7efd24d4f000-7efd24f4f000 ---p 00027000 08:06 11276550                   /lib/x86_64-linux-gnu/libexpat.so.1.6.0
7efd24f4f000-7efd24f51000 r--p 00027000 08:06 11276550                   /lib/x86_64-linux-gnu/libexpat.so.1.6.0
7efd24f51000-7efd24f52000 rw-p 00029000 08:06 11276550                   /lib/x86_64-linux-gnu/libexpat.so.1.6.0
7efd24f58000-7efd24f60000 r-xp 00000000 08:06 271660                     /usr/lib/x86_64-linux-gnu/libthai.so.0.2.0
7efd24f60000-7efd2515f000 ---p 00008000 08:06 271660                     /usr/lib/x86_64-linux-gnu/libthai.so.0.2.0
7efd2515f000-7efd25160000 r--p 00007000 08:06 271660                     /usr/lib/x86_64-linux-gnu/libthai.so.0.2.0
7efd25160000-7efd25161000 rw-p 00008000 08:06 271660                     /usr/lib/x86_64-linux-gnu/libthai.so.0.2.0
7efd25168000-7efd25185000 r-xp 00000000 08:06 271805                     /usr/lib/x86_64-linux-gnu/libxcb.so.1.1.0
7efd25185000-7efd25385000 ---p 0001d000 08:06 271805                     /usr/lib/x86_64-linux-gnu/libxcb.so.1.1.0
7efd25385000-7efd25386000 r--p 0001d000 08:06 271805                     /usr/lib/x86_64-linux-gnu/libxcb.so.1.1.0
7efd25386000-7efd25387000 rw-p 0001e000 08:06 271805                     /usr/lib/x86_64-linux-gnu/libxcb.so.1.1.0
7efd25388000-7efd25390000 r-xp 00000000 08:06 271787                     /usr/lib/x86_64-linux-gnu/libxcb-render.so.0.0.0
7efd25390000-7efd2558f000 ---p 00008000 08:06 271787                     /usr/lib/x86_64-linux-gnu/libxcb-render.so.0.0.0
7efd2558f000-7efd25590000 r--p 00007000 08:06 271787                     /usr/lib/x86_64-linux-gnu/libxcb-render.so.0.0.0
7efd25590000-7efd25591000 rw-p 00008000 08:06 271787                     /usr/lib/x86_64-linux-gnu/libxcb-render.so.0.0.0
7efd25598000-7efd2559a000 r-xp 00000000 08:06 271791                     /usr/lib/x86_64-linux-gnu/libxcb-shm.so.0.0.0
7efd2559a000-7efd25799000 ---p 00002000 08:06 271791                     /usr/lib/x86_64-linux-gnu/libxcb-shm.so.0.0.0
7efd25799000-7efd2579a000 r--p 00001000 08:06 271791                     /usr/lib/x86_64-linux-gnu/libxcb-shm.so.0.0.0
7efd2579a000-7efd2579b000 rw-p 00002000 08:06 271791                     /usr/lib/x86_64-linux-gnu/libxcb-shm.so.0.0.0
7efd257a0000-7efd257c5000 r-xp 00000000 08:06 11273421                   /lib/x86_64-linux-gnu/libpng12.so.0.50.0
7efd257c5000-7efd259c4000 ---p 00025000 08:06 11273421                   /lib/x86_64-linux-gnu/libpng12.so.0.50.0
7efd259c4000-7efd259c5000 r--p 00024000 08:06 11273421                   /lib/x86_64-linux-gnu/libpng12.so.0.50.0
7efd259c5000-7efd259c6000 rw-p 00025000 08:06 11273421                   /lib/x86_64-linux-gnu/libpng12.so.0.50.0
7efd259c8000-7efd25a69000 r-xp 00000000 08:06 271486                     /usr/lib/x86_64-linux-gnu/libpixman-1.so.0.30.2
7efd25a69000-7efd25c69000 ---p 000a1000 08:06 271486                     /usr/lib/x86_64-linux-gnu/libpixman-1.so.0.30.2
7efd25c69000-7efd25c70000 r--p 000a1000 08:06 271486                     /usr/lib/x86_64-linux-gnu/libpixman-1.so.0.30.2
7efd25c70000-7efd25c71000 rw-p 000a8000 08:06 271486                     /usr/lib/x86_64-linux-gnu/libpixman-1.so.0.30.2
7efd25c78000-7efd25ccb000 r-xp 00000000 08:06 271186                     /usr/lib/x86_64-linux-gnu/libharfbuzz.so.0.927.0
7efd25ccb000-7efd25ecb000 ---p 00053000 08:06 271186                     /usr/lib/x86_64-linux-gnu/libharfbuzz.so.0.927.0
7efd25ecb000-7efd25ecc000 r--p 00053000 08:06 271186                     /usr/lib/x86_64-linux-gnu/libharfbuzz.so.0.927.0
7efd25ecc000-7efd25ecd000 rw-p 00054000 08:06 271186                     /usr/lib/x86_64-linux-gnu/libharfbuzz.so.0.927.0
7efd25ed0000-7efd25ee7000 r-xp 00000000 08:06 11272221                   /lib/x86_64-linux-gnu/libresolv-2.19.so
7efd25ee7000-7efd260e7000 ---p 00017000 08:06 11272221                   /lib/x86_64-linux-gnu/libresolv-2.19.so
7efd260e7000-7efd260e8000 r--p 00017000 08:06 11272221                   /lib/x86_64-linux-gnu/libresolv-2.19.so
7efd260e8000-7efd260e9000 rw-p 00018000 08:06 11272221                   /lib/x86_64-linux-gnu/libresolv-2.19.so
7efd260e9000-7efd260eb000 rw-p 00000000 00:00 0 
7efd260f0000-7efd26110000 r-xp 00000000 08:06 11276659                   /lib/x86_64-linux-gnu/libselinux.so.1
7efd26110000-7efd2630f000 ---p 00020000 08:06 11276659                   /lib/x86_64-linux-gnu/libselinux.so.1
7efd2630f000-7efd26310000 r--p 0001f000 08:06 11276659                   /lib/x86_64-linux-gnu/libselinux.so.1
7efd26310000-7efd26311000 rw-p 00020000 08:06 11276659                   /lib/x86_64-linux-gnu/libselinux.so.1
7efd26311000-7efd26313000 rw-p 00000000 00:00 0 
7efd26318000-7efd26330000 r-xp 00000000 08:06 11276690                   /lib/x86_64-linux-gnu/libz.so.1.2.8
7efd26330000-7efd2652f000 ---p 00018000 08:06 11276690                   /lib/x86_64-linux-gnu/libz.so.1.2.8
7efd2652f000-7efd26530000 r--p 00017000 08:06 11276690                   /lib/x86_64-linux-gnu/libz.so.1.2.8
7efd26530000-7efd26531000 rw-p 00018000 08:06 11276690                   /lib/x86_64-linux-gnu/libz.so.1.2.8
7efd26538000-7efd26549000 r-xp 00000000 08:06 270559                     /usr/lib/x86_64-linux-gnu/libXext.so.6.4.0
7efd26549000-7efd26748000 ---p 00011000 08:06 270559                     /usr/lib/x86_64-linux-gnu/libXext.so.6.4.0
7efd26748000-7efd26749000 r--p 00010000 08:06 270559                     /usr/lib/x86_64-linux-gnu/libXext.so.6.4.0
7efd26749000-7efd2674a000 rw-p 00011000 08:06 270559                     /usr/lib/x86_64-linux-gnu/libXext.so.6.4.0
7efd26750000-7efd26752000 r-xp 00000000 08:06 270553                     /usr/lib/x86_64-linux-gnu/libXdamage.so.1.1.0
7efd26752000-7efd26951000 ---p 00002000 08:06 270553                     /usr/lib/x86_64-linux-gnu/libXdamage.so.1.1.0
7efd26951000-7efd26952000 r--p 00001000 08:06 270553                     /usr/lib/x86_64-linux-gnu/libXdamage.so.1.1.0
7efd26952000-7efd26953000 rw-p 00002000 08:06 270553                     /usr/lib/x86_64-linux-gnu/libXdamage.so.1.1.0
7efd26958000-7efd2695a000 r-xp 00000000 08:06 270549                     /usr/lib/x86_64-linux-gnu/libXcomposite.so.1.0.0
7efd2695a000-7efd26b59000 ---p 00002000 08:06 270549                     /usr/lib/x86_64-linux-gnu/libXcomposite.so.1.0.0
7efd26b59000-7efd26b5a000 r--p 00001000 08:06 270549                     /usr/lib/x86_64-linux-gnu/libXcomposite.so.1.0.0
7efd26b5a000-7efd26b5b000 rw-p 00002000 08:06 270549                     /usr/lib/x86_64-linux-gnu/libXcomposite.so.1.0.0
7efd26b60000-7efd26b69000 r-xp 00000000 08:06 270551                     /usr/lib/x86_64-linux-gnu/libXcursor.so.1.0.2
7efd26b69000-7efd26d68000 ---p 00009000 08:06 270551                     /usr/lib/x86_64-linux-gnu/libXcursor.so.1.0.2
7efd26d68000-7efd26d69000 r--p 00008000 08:06 270551                     /usr/lib/x86_64-linux-gnu/libXcursor.so.1.0.2
7efd26d69000-7efd26d6a000 rw-p 00009000 08:06 270551                     /usr/lib/x86_64-linux-gnu/libXcursor.so.1.0.2
7efd26d70000-7efd26d79000 r-xp 00000000 08:06 270579                     /usr/lib/x86_64-linux-gnu/libXrandr.so.2.2.0
7efd26d79000-7efd26f78000 ---p 00009000 08:06 270579                     /usr/lib/x86_64-linux-gnu/libXrandr.so.2.2.0
7efd26f78000-7efd26f79000 r--p 00008000 08:06 270579                     /usr/lib/x86_64-linux-gnu/libXrandr.so.2.2.0
7efd26f79000-7efd26f7a000 rw-p 00009000 08:06 270579                     /usr/lib/x86_64-linux-gnu/libXrandr.so.2.2.0
7efd26f80000-7efd26f8f000 r-xp 00000000 08:06 270567                     /usr/lib/x86_64-linux-gnu/libXi.so.6.1.0
7efd26f8f000-7efd2718e000 ---p 0000f000 08:06 270567                     /usr/lib/x86_64-linux-gnu/libXi.so.6.1.0
7efd2718e000-7efd2718f000 r--p 0000e000 08:06 270567                     /usr/lib/x86_64-linux-gnu/libXi.so.6.1.0
7efd2718f000-7efd27190000 rw-p 0000f000 08:06 270567                     /usr/lib/x86_64-linux-gnu/libXi.so.6.1.0
7efd27190000-7efd27192000 r-xp 00000000 08:06 270569                     /usr/lib/x86_64-linux-gnu/libXinerama.so.1.0.0
7efd27192000-7efd27391000 ---p 00002000 08:06 270569                     /usr/lib/x86_64-linux-gnu/libXinerama.so.1.0.0
7efd27391000-7efd27392000 r--p 00001000 08:06 270569                     /usr/lib/x86_64-linux-gnu/libXinerama.so.1.0.0
7efd27392000-7efd27393000 rw-p 00002000 08:06 270569                     /usr/lib/x86_64-linux-gnu/libXinerama.so.1.0.0
7efd27398000-7efd273a1000 r-xp 00000000 08:06 270581                     /usr/lib/x86_64-linux-gnu/libXrender.so.1.3.0
7efd273a1000-7efd275a0000 ---p 00009000 08:06 270581                     /usr/lib/x86_64-linux-gnu/libXrender.so.1.3.0
7efd275a0000-7efd275a1000 r--p 00008000 08:06 270581                     /usr/lib/x86_64-linux-gnu/libXrender.so.1.3.0
7efd275a1000-7efd275a2000 rw-p 00009000 08:06 270581                     /usr/lib/x86_64-linux-gnu/libXrender.so.1.3.0
7efd275a8000-7efd275ad000 r-xp 00000000 08:06 270561                     /usr/lib/x86_64-linux-gnu/libXfixes.so.3.1.0
7efd275ad000-7efd277ac000 ---p 00005000 08:06 270561                     /usr/lib/x86_64-linux-gnu/libXfixes.so.3.1.0
7efd277ac000-7efd277ad000 r--p 00004000 08:06 270561                     /usr/lib/x86_64-linux-gnu/libXfixes.so.3.1.0
7efd277ad000-7efd277ae000 rw-p 00005000 08:06 270561                     /usr/lib/x86_64-linux-gnu/libXfixes.so.3.1.0
7efd277b0000-7efd277c6000 r-xp 00000000 08:06 11273328                   /lib/x86_64-linux-gnu/libgcc_s.so.1
7efd277c6000-7efd279c5000 ---p 00016000 08:06 11273328                   /lib/x86_64-linux-gnu/libgcc_s.so.1
7efd279c5000-7efd279c6000 rw-p 00015000 08:06 11273328                   /lib/x86_64-linux-gnu/libgcc_s.so.1
7efd279c8000-7efd27aae000 r-xp 00000000 08:06 262560                     /usr/lib/x86_64-linux-gnu/libstdc++.so.6.0.19
7efd27aae000-7efd27cad000 ---p 000e6000 08:06 262560                     /usr/lib/x86_64-linux-gnu/libstdc++.so.6.0.19
7efd27cad000-7efd27cb5000 r--p 000e5000 08:06 262560                     /usr/lib/x86_64-linux-gnu/libstdc++.so.6.0.19
7efd27cb5000-7efd27cb7000 rw-p 000ed000 08:06 262560                     /usr/lib/x86_64-linux-gnu/libstdc++.so.6.0.19
7efd27cb7000-7efd27ccc000 rw-p 00000000 00:00 0 
7efd27cd0000-7efd27d8e000 r-xp 00000000 08:06 921224                     /usr/lib/nvidia-352/libGL.so.352.63
7efd27d8e000-7efd27dc1000 rwxp 000be000 08:06 921224                     /usr/lib/nvidia-352/libGL.so.352.63
7efd27dc1000-7efd27dd3000 r-xp 000f1000 08:06 921224                     /usr/lib/nvidia-352/libGL.so.352.63
7efd27dd3000-7efd27fd2000 ---p 00103000 08:06 921224                     /usr/lib/nvidia-352/libGL.so.352.63
7efd27fd2000-7efd27ffa000 rw-p 00102000 08:06 921224                     /usr/lib/nvidia-352/libGL.so.352.63
7efd27ffa000-7efd28000000 rw-p 00000000 00:00 0 
7efd28000000-7efd28021000 rw-p 00000000 00:00 0 
7efd28021000-7efd2c000000 ---p 00000000 00:00 0 
7efd2c000000-7efd2c1e1000 rw-p 00000000 00:00 0 
7efd2c1e1000-7efd30000000 ---p 00000000 00:00 0 
7efd30000000-7efd31870000 rw-p 00000000 00:00 0 
7efd31870000-7efd34000000 ---p 00000000 00:00 0 
7efd34000000-7efd348b8000 rw-p 00000000 00:00 0 
7efd348b8000-7efd38000000 ---p 00000000 00:00 0 
7efd38000000-7efd38033000 rw-p 00000000 00:00 0 
7efd38033000-7efd3c000000 ---p 00000000 00:00 0 
7efd3c000000-7efd3c021000 rw-p 00000000 00:00 0 
7efd3c021000-7efd40000000 ---p 00000000 00:00 0 
7efd40000000-7efd40021000 rw-p 00000000 00:00 0 
7efd40021000-7efd44000000 ---p 00000000 00:00 0 
7efd44000000-7efd44001000 r--s 00000000 08:06 3801389                    /var/cache/fontconfig/0c9eb80ebd1c36541ebe2852d3bb0c49-le64.cache-4
7efd44008000-7efd4401b000 rw-s 799d8000 00:06 12147                      /dev/nvidiactl
7efd44021000-7efd44022000 rw-s 79841000 00:06 12147                      /dev/nvidiactl
7efd44028000-7efd4402c000 rw-s 8fe98000 00:06 12147                      /dev/nvidiactl
7efd44030000-7efd44070000 rw-s 1a3858000 00:06 12147                     /dev/nvidiactl
7efd44071000-7efd44125000 rw-s 221d19000 00:06 12147                     /dev/nvidiactl
7efd44128000-7efd4412c000 r-xp 00000000 08:06 270597                     /usr/lib/x86_64-linux-gnu/libXxf86vm.so.1.0.0
7efd4412c000-7efd4432c000 ---p 00004000 08:06 270597                     /usr/lib/x86_64-linux-gnu/libXxf86vm.so.1.0.0
7efd4432c000-7efd4432d000 r--p 00004000 08:06 270597                     /usr/lib/x86_64-linux-gnu/libXxf86vm.so.1.0.0
7efd4432d000-7efd4432e000 rw-p 00005000 08:06 270597                     /usr/lib/x86_64-linux-gnu/libXxf86vm.so.1.0.0
7efd44330000-7efd44460000 r-xp 00000000 08:06 270538                     /usr/lib/x86_64-linux-gnu/libX11.so.6.3.0
7efd44460000-7efd44660000 ---p 00130000 08:06 270538                     /usr/lib/x86_64-linux-gnu/libX11.so.6.3.0
7efd44660000-7efd44661000 r--p 00130000 08:06 270538                     /usr/lib/x86_64-linux-gnu/libX11.so.6.3.0
7efd44661000-7efd44665000 rw-p 00131000 08:06 270538                     /usr/lib/x86_64-linux-gnu/libX11.so.6.3.0
7efd44668000-7efd4466d000 r-xp 00000000 08:06 270587                     /usr/lib/x86_64-linux-gnu/libXtst.so.6.1.0
7efd4466d000-7efd4486c000 ---p 00005000 08:06 270587                     /usr/lib/x86_64-linux-gnu/libXtst.so.6.1.0
7efd4486c000-7efd4486d000 r--p 00004000 08:06 270587                     /usr/lib/x86_64-linux-gnu/libXtst.so.6.1.0
7efd4486d000-7efd4486e000 rw-p 00005000 08:06 270587                     /usr/lib/x86_64-linux-gnu/libXtst.so.6.1.0
7efd44870000-7efd44976000 r-xp 00000000 08:06 11276559                   /lib/x86_64-linux-gnu/libglib-2.0.so.0.4002.0
7efd44976000-7efd44b75000 ---p 00106000 08:06 11276559                   /lib/x86_64-linux-gnu/libglib-2.0.so.0.4002.0
7efd44b75000-7efd44b76000 r--p 00105000 08:06 11276559                   /lib/x86_64-linux-gnu/libglib-2.0.so.0.4002.0
7efd44b76000-7efd44b77000 rw-p 00106000 08:06 11276559                   /lib/x86_64-linux-gnu/libglib-2.0.so.0.4002.0
7efd44b77000-7efd44b78000 rw-p 00000000 00:00 0 
7efd44b78000-7efd44b79000 r-xp 00000000 08:06 271159                     /usr/lib/x86_64-linux-gnu/libgthread-2.0.so.0.4002.0
7efd44b79000-7efd44d78000 ---p 00001000 08:06 271159                     /usr/lib/x86_64-linux-gnu/libgthread-2.0.so.0.4002.0
7efd44d78000-7efd44d79000 r--p 00000000 08:06 271159                     /usr/lib/x86_64-linux-gnu/libgthread-2.0.so.0.4002.0
7efd44d79000-7efd44d7a000 rw-p 00001000 08:06 271159                     /usr/lib/x86_64-linux-gnu/libgthread-2.0.so.0.4002.0
7efd44d80000-7efd44d83000 r-xp 00000000 08:06 271015                     /usr/lib/x86_64-linux-gnu/libgmodule-2.0.so.0.4002.0
7efd44d83000-7efd44f82000 ---p 00003000 08:06 271015                     /usr/lib/x86_64-linux-gnu/libgmodule-2.0.so.0.4002.0
7efd44f82000-7efd44f83000 r--p 00002000 08:06 271015                     /usr/lib/x86_64-linux-gnu/libgmodule-2.0.so.0.4002.0
7efd44f83000-7efd44f84000 rw-p 00003000 08:06 271015                     /usr/lib/x86_64-linux-gnu/libgmodule-2.0.so.0.4002.0
7efd44f88000-7efd44fd7000 r-xp 00000000 08:06 271039                     /usr/lib/x86_64-linux-gnu/libgobject-2.0.so.0.4002.0
7efd44fd7000-7efd451d7000 ---p 0004f000 08:06 271039                     /usr/lib/x86_64-linux-gnu/libgobject-2.0.so.0.4002.0
7efd451d7000-7efd451d8000 r--p 0004f000 08:06 271039                     /usr/lib/x86_64-linux-gnu/libgobject-2.0.so.0.4002.0
7efd451d8000-7efd451d9000 rw-p 00050000 08:06 271039                     /usr/lib/x86_64-linux-gnu/libgobject-2.0.so.0.4002.0
7efd451e0000-7efd4521a000 r-xp 00000000 08:06 270920                     /usr/lib/x86_64-linux-gnu/libfontconfig.so.1.8.0
7efd4521a000-7efd45419000 ---p 0003a000 08:06 270920                     /usr/lib/x86_64-linux-gnu/libfontconfig.so.1.8.0
7efd45419000-7efd4541b000 r--p 00039000 08:06 270920                     /usr/lib/x86_64-linux-gnu/libfontconfig.so.1.8.0
7efd4541b000-7efd4541c000 rw-p 0003b000 08:06 270920                     /usr/lib/x86_64-linux-gnu/libfontconfig.so.1.8.0
7efd45420000-7efd454bd000 r-xp 00000000 08:06 270946                     /usr/lib/x86_64-linux-gnu/libfreetype.so.6.11.1
7efd454bd000-7efd456bc000 ---p 0009d000 08:06 270946                     /usr/lib/x86_64-linux-gnu/libfreetype.so.6.11.1
7efd456bc000-7efd456c2000 r--p 0009c000 08:06 270946                     /usr/lib/x86_64-linux-gnu/libfreetype.so.6.11.1
7efd456c2000-7efd456c3000 rw-p 000a2000 08:06 270946                     /usr/lib/x86_64-linux-gnu/libfreetype.so.6.11.1
7efd456c8000-7efd45712000 r-xp 00000000 08:06 271463                     /usr/lib/x86_64-linux-gnu/libpango-1.0.so.0.3600.3
7efd45712000-7efd45912000 ---p 0004a000 08:06 271463                     /usr/lib/x86_64-linux-gnu/libpango-1.0.so.0.3600.3
7efd45912000-7efd45914000 r--p 0004a000 08:06 271463                     /usr/lib/x86_64-linux-gnu/libpango-1.0.so.0.3600.3
7efd45914000-7efd45915000 rw-p 0004c000 08:06 271463                     /usr/lib/x86_64-linux-gnu/libpango-1.0.so.0.3600.3
7efd45918000-7efd45a1e000 r-xp 00000000 08:06 270702                     /usr/lib/x86_64-linux-gnu/libcairo.so.2.11301.0
7efd45a1e000-7efd45c1d000 ---p 00106000 08:06 270702                     /usr/lib/x86_64-linux-gnu/libcairo.so.2.11301.0
7efd45c1d000-7efd45c20000 r--p 00105000 08:06 270702                     /usr/lib/x86_64-linux-gnu/libcairo.so.2.11301.0
7efd45c20000-7efd45c21000 rw-p 00108000 08:06 270702                     /usr/lib/x86_64-linux-gnu/libcairo.so.2.11301.0
7efd45c21000-7efd45c23000 rw-p 00000000 00:00 0 
7efd45c28000-7efd45c33000 r-xp 00000000 08:06 271465                     /usr/lib/x86_64-linux-gnu/libpangocairo-1.0.so.0.3600.3
7efd45c33000-7efd45e33000 ---p 0000b000 08:06 271465                     /usr/lib/x86_64-linux-gnu/libpangocairo-1.0.so.0.3600.3
7efd45e33000-7efd45e34000 r--p 0000b000 08:06 271465                     /usr/lib/x86_64-linux-gnu/libpangocairo-1.0.so.0.3600.3
7efd45e34000-7efd45e35000 rw-p 0000c000 08:06 271465                     /usr/lib/x86_64-linux-gnu/libpangocairo-1.0.so.0.3600.3
7efd45e38000-7efd45e58000 r-xp 00000000 08:06 270979                     /usr/lib/x86_64-linux-gnu/libgdk_pixbuf-2.0.so.0.3000.7
7efd45e58000-7efd46057000 ---p 00020000 08:06 270979                     /usr/lib/x86_64-linux-gnu/libgdk_pixbuf-2.0.so.0.3000.7
7efd46057000-7efd46058000 r--p 0001f000 08:06 270979                     /usr/lib/x86_64-linux-gnu/libgdk_pixbuf-2.0.so.0.3000.7
7efd46058000-7efd46059000 rw-p 00020000 08:06 270979                     /usr/lib/x86_64-linux-gnu/libgdk_pixbuf-2.0.so.0.3000.7
7efd46060000-7efd46074000 r-xp 00000000 08:06 271467                     /usr/lib/x86_64-linux-gnu/libpangoft2-1.0.so.0.3600.3
7efd46074000-7efd46273000 ---p 00014000 08:06 271467                     /usr/lib/x86_64-linux-gnu/libpangoft2-1.0.so.0.3600.3
7efd46273000-7efd46274000 r--p 00013000 08:06 271467                     /usr/lib/x86_64-linux-gnu/libpangoft2-1.0.so.0.3600.3
7efd46274000-7efd46275000 rw-p 00014000 08:06 271467                     /usr/lib/x86_64-linux-gnu/libpangoft2-1.0.so.0.3600.3
7efd46278000-7efd463e4000 r-xp 00000000 08:06 271001                     /usr/lib/x86_64-linux-gnu/libgio-2.0.so.0.4002.0
7efd463e4000-7efd465e3000 ---p 0016c000 08:06 271001                     /usr/lib/x86_64-linux-gnu/libgio-2.0.so.0.4002.0
7efd465e3000-7efd465e7000 r--p 0016b000 08:06 271001                     /usr/lib/x86_64-linux-gnu/libgio-2.0.so.0.4002.0
7efd465e7000-7efd465e9000 rw-p 0016f000 08:06 271001                     /usr/lib/x86_64-linux-gnu/libgio-2.0.so.0.4002.0
7efd465e9000-7efd465eb000 rw-p 00000000 00:00 0 
7efd465f0000-7efd4660f000 r-xp 00000000 08:06 270646                     /usr/lib/x86_64-linux-gnu/libatk-1.0.so.0.21009.1
7efd4660f000-7efd4680f000 ---p 0001f000 08:06 270646                     /usr/lib/x86_64-linux-gnu/libatk-1.0.so.0.21009.1
7efd4680f000-7efd46811000 r--p 0001f000 08:06 270646                     /usr/lib/x86_64-linux-gnu/libatk-1.0.so.0.21009.1
7efd46811000-7efd46812000 rw-p 00021000 08:06 270646                     /usr/lib/x86_64-linux-gnu/libatk-1.0.so.0.21009.1
7efd46818000-7efd468c5000 r-xp 00000000 08:06 262704                     /usr/lib/x86_64-linux-gnu/libgdk-x11-2.0.so.0.2400.23
7efd468c5000-7efd46ac5000 ---p 000ad000 08:06 262704                     /usr/lib/x86_64-linux-gnu/libgdk-x11-2.0.so.0.2400.23
7efd46ac5000-7efd46ac9000 r--p 000ad000 08:06 262704                     /usr/lib/x86_64-linux-gnu/libgdk-x11-2.0.so.0.2400.23
7efd46ac9000-7efd46acb000 rw-p 000b1000 08:06 262704                     /usr/lib/x86_64-linux-gnu/libgdk-x11-2.0.so.0.2400.23
7efd46ad0000-7efd46f00000 r-xp 00000000 08:06 265442                     /usr/lib/x86_64-linux-gnu/libgtk-x11-2.0.so.0.2400.23
7efd46f00000-7efd470ff000 ---p 00430000 08:06 265442                     /usr/lib/x86_64-linux-gnu/libgtk-x11-2.0.so.0.2400.23
7efd470ff000-7efd47106000 r--p 0042f000 08:06 265442                     /usr/lib/x86_64-linux-gnu/libgtk-x11-2.0.so.0.2400.23
7efd47106000-7efd4710a000 rw-p 00436000 08:06 265442                     /usr/lib/x86_64-linux-gnu/libgtk-x11-2.0.so.0.2400.23
7efd4710a000-7efd4710d000 rw-p 00000000 00:00 0 
7efd47110000-7efd4711c000 r-xp 00000000 08:06 10486192                   /usr/lib/jvm/jdk1.8.0_111/jre/lib/amd64/libprism_es2.so
7efd4711c000-7efd4731b000 ---p 0000c000 08:06 10486192                   /usr/lib/jvm/jdk1.8.0_111/jre/lib/amd64/libprism_es2.so
7efd4731b000-7efd4731c000 rw-p 0000b000 08:06 10486192                   /usr/lib/jvm/jdk1.8.0_111/jre/lib/amd64/libprism_es2.so
7efd47322000-7efd47325000 ---p 00000000 00:00 0 
7efd47325000-7efd47423000 rw-p 00000000 00:00 0                          [stack:15044]
7efd47423000-7efd474b9000 r--s 01103000 08:06 10486256                   /usr/lib/jvm/jdk1.8.0_111/jre/lib/ext/jfxrt.jar
7efd474bb000-7efd474bc000 ---p 00000000 00:00 0 
7efd474bc000-7efd475bc000 rw-p 00000000 00:00 0                          [stack:15018]
7efd475bc000-7efd475bf000 ---p 00000000 00:00 0 
7efd475bf000-7efd476bd000 rw-p 00000000 00:00 0                          [stack:15017]
7efd476bd000-7efd476c0000 ---p 00000000 00:00 0 
7efd476c0000-7efd477be000 rw-p 00000000 00:00 0                          [stack:15016]
7efd477be000-7efd477c1000 ---p 00000000 00:00 0 
7efd477c1000-7efd478bf000 rw-p 00000000 00:00 0                          [stack:15015]
7efd478bf000-7efd478c2000 ---p 00000000 00:00 0 
7efd478c2000-7efd479c0000 rw-p 00000000 00:00 0                          [stack:15014]
7efd479c0000-7efd47efe000 r--p 00000000 08:06 269140                     /usr/lib/locale/locale-archive
7efd47eff000-7efd47f02000 ---p 00000000 00:00 0 
7efd47f02000-7efd48000000 rw-p 00000000 00:00 0                          [stack:15012]
7efd48000000-7efd48021000 rw-p 00000000 00:00 0 
7efd48021000-7efd4c000000 ---p 00000000 00:00 0 
7efd4c000000-7efd4c021000 rw-p 00000000 00:00 0 
7efd4c021000-7efd50000000 ---p 00000000 00:00 0 
7efd50000000-7efd50021000 rw-p 00000000 00:00 0 
7efd50021000-7efd54000000 ---p 00000000 00:00 0 
7efd54006000-7efd54007000 rw-s cfee6000 00:06 12148                      /dev/nvidia0
7efd5400d000-7efd5402d000 rw-s 1c35bd000 00:06 12147                     /dev/nvidiactl
7efd5402e000-7efd5402f000 rw-s cfee6000 00:06 12148                      /dev/nvidia0
7efd5402f000-7efd5406f000 rw-s 1a3847000 00:06 12147                     /dev/nvidiactl
7efd54076000-7efd54079000 ---p 00000000 00:00 0 
7efd54079000-7efd54177000 rw-p 00000000 00:00 0                          [stack:15011]
7efd54177000-7efd54178000 ---p 00000000 00:00 0 
7efd54178000-7efd59000000 rw-p 00000000 00:00 0                          [stack:15010]
7efd59000000-7efd59e70000 rwxp 00000000 00:00 0 
7efd59e70000-7efd68000000 ---p 00000000 00:00 0 
7efd68000000-7efd68464000 rw-p 00000000 00:00 0 
7efd68464000-7efd6c000000 ---p 00000000 00:00 0 
7efd6c019000-7efd6c01e000 r--s 002f9000 08:06 10486125                   /usr/lib/jvm/jdk1.8.0_111/jre/lib/charsets.jar
7efd6c020000-7efd6c026000 r--p 00000000 08:06 1314243                    /usr/share/locale-langpack/es/LC_MESSAGES/gdk-pixbuf.mo
7efd6c029000-7efd6c12a000 rw-p 00000000 00:00 0 
7efd6c12a000-7efd6c302000 r--s 03d2a000 08:06 10486172                   /usr/lib/jvm/jdk1.8.0_111/jre/lib/rt.jar
7efd6c307000-7efd6c755000 rw-p 00000000 00:00 0 
7efd6c755000-7efd6c756000 ---p 00000000 00:00 0 
7efd6c756000-7efd6c856000 rw-p 00000000 00:00 0                          [stack:15009]
7efd6c856000-7efd6c857000 ---p 00000000 00:00 0 
7efd6c857000-7efd6c97b000 rw-p 00000000 00:00 0                          [stack:15008]
7efd6c97b000-7efd6cbe7000 ---p 00000000 00:00 0 
7efd6cbe7000-7efd6cc0b000 rw-p 00000000 00:00 0 
7efd6cc0b000-7efd6ce77000 ---p 00000000 00:00 0 
7efd6ce77000-7efd6ce8f000 rw-p 00000000 00:00 0 
7efd6ce8f000-7efd6cfbf000 ---p 00000000 00:00 0 
7efd6cfbf000-7efd6cffa000 rw-p 00000000 00:00 0 
7efd6cffa000-7efd6d380000 ---p 00000000 00:00 0 
7efd6d380000-7efd6d39a000 r-xp 00000000 08:06 10486203                   /usr/lib/jvm/jdk1.8.0_111/jre/lib/amd64/libzip.so
7efd6d39a000-7efd6d59a000 ---p 0001a000 08:06 10486203                   /usr/lib/jvm/jdk1.8.0_111/jre/lib/amd64/libzip.so
7efd6d59a000-7efd6d59b000 rw-p 0001a000 08:06 10486203                   /usr/lib/jvm/jdk1.8.0_111/jre/lib/amd64/libzip.so
7efd6d5a0000-7efd6d5ab000 r-xp 00000000 08:06 11273355                   /lib/x86_64-linux-gnu/libnss_files-2.19.so
7efd6d5ab000-7efd6d7aa000 ---p 0000b000 08:06 11273355                   /lib/x86_64-linux-gnu/libnss_files-2.19.so
7efd6d7aa000-7efd6d7ab000 r--p 0000a000 08:06 11273355                   /lib/x86_64-linux-gnu/libnss_files-2.19.so
7efd6d7ab000-7efd6d7ac000 rw-p 0000b000 08:06 11273355                   /lib/x86_64-linux-gnu/libnss_files-2.19.so
7efd6d7b0000-7efd6d7bb000 r-xp 00000000 08:06 11273318                   /lib/x86_64-linux-gnu/libnss_nis-2.19.so
7efd6d7bb000-7efd6d9ba000 ---p 0000b000 08:06 11273318                   /lib/x86_64-linux-gnu/libnss_nis-2.19.so
7efd6d9ba000-7efd6d9bb000 r--p 0000a000 08:06 11273318                   /lib/x86_64-linux-gnu/libnss_nis-2.19.so
7efd6d9bb000-7efd6d9bc000 rw-p 0000b000 08:06 11273318                   /lib/x86_64-linux-gnu/libnss_nis-2.19.so
7efd6d9c0000-7efd6d9d7000 r-xp 00000000 08:06 11273308                   /lib/x86_64-linux-gnu/libnsl-2.19.so
7efd6d9d7000-7efd6dbd6000 ---p 00017000 08:06 11273308                   /lib/x86_64-linux-gnu/libnsl-2.19.so
7efd6dbd6000-7efd6dbd7000 r--p 00016000 08:06 11273308                   /lib/x86_64-linux-gnu/libnsl-2.19.so
7efd6dbd7000-7efd6dbd8000 rw-p 00017000 08:06 11273308                   /lib/x86_64-linux-gnu/libnsl-2.19.so
7efd6dbd8000-7efd6dbda000 rw-p 00000000 00:00 0 
7efd6dbe0000-7efd6dbe9000 r-xp 00000000 08:06 11273302                   /lib/x86_64-linux-gnu/libnss_compat-2.19.so
7efd6dbe9000-7efd6dde8000 ---p 00009000 08:06 11273302                   /lib/x86_64-linux-gnu/libnss_compat-2.19.so
7efd6dde8000-7efd6dde9000 r--p 00008000 08:06 11273302                   /lib/x86_64-linux-gnu/libnss_compat-2.19.so
7efd6dde9000-7efd6ddea000 rw-p 00009000 08:06 11273302                   /lib/x86_64-linux-gnu/libnss_compat-2.19.so
7efd6ddf0000-7efd6de1b000 r-xp 00000000 08:06 10486230                   /usr/lib/jvm/jdk1.8.0_111/jre/lib/amd64/libjava.so
7efd6de1b000-7efd6e01a000 ---p 0002b000 08:06 10486230                   /usr/lib/jvm/jdk1.8.0_111/jre/lib/amd64/libjava.so
7efd6e01a000-7efd6e01c000 rw-p 0002a000 08:06 10486230                   /usr/lib/jvm/jdk1.8.0_111/jre/lib/amd64/libjava.so
7efd6e020000-7efd6e02d000 r-xp 00000000 08:06 10486181                   /usr/lib/jvm/jdk1.8.0_111/jre/lib/amd64/libverify.so
7efd6e02d000-7efd6e22c000 ---p 0000d000 08:06 10486181                   /usr/lib/jvm/jdk1.8.0_111/jre/lib/amd64/libverify.so
7efd6e22c000-7efd6e22e000 rw-p 0000c000 08:06 10486181                   /usr/lib/jvm/jdk1.8.0_111/jre/lib/amd64/libverify.so
7efd6e230000-7efd6e237000 r-xp 00000000 08:06 11273343                   /lib/x86_64-linux-gnu/librt-2.19.so
7efd6e237000-7efd6e436000 ---p 00007000 08:06 11273343                   /lib/x86_64-linux-gnu/librt-2.19.so
7efd6e436000-7efd6e437000 r--p 00006000 08:06 11273343                   /lib/x86_64-linux-gnu/librt-2.19.so
7efd6e437000-7efd6e438000 rw-p 00007000 08:06 11273343                   /lib/x86_64-linux-gnu/librt-2.19.so
7efd6e438000-7efd6e53d000 r-xp 00000000 08:06 11273293                   /lib/x86_64-linux-gnu/libm-2.19.so
7efd6e53d000-7efd6e73c000 ---p 00105000 08:06 11273293                   /lib/x86_64-linux-gnu/libm-2.19.so
7efd6e73c000-7efd6e73d000 r--p 00104000 08:06 11273293                   /lib/x86_64-linux-gnu/libm-2.19.so
7efd6e73d000-7efd6e73e000 rw-p 00105000 08:06 11273293                   /lib/x86_64-linux-gnu/libm-2.19.so
7efd6e740000-7efd6f40d000 r-xp 00000000 08:06 10486234                   /usr/lib/jvm/jdk1.8.0_111/jre/lib/amd64/server/libjvm.so
7efd6f40d000-7efd6f60c000 ---p 00ccd000 08:06 10486234                   /usr/lib/jvm/jdk1.8.0_111/jre/lib/amd64/server/libjvm.so
7efd6f60c000-7efd6f6e5000 rw-p 00ccc000 08:06 10486234                   /usr/lib/jvm/jdk1.8.0_111/jre/lib/amd64/server/libjvm.so
7efd6f6e5000-7efd6f730000 rw-p 00000000 00:00 0 
7efd6f730000-7efd6f8eb000 r-xp 00000000 08:06 11273344                   /lib/x86_64-linux-gnu/libc-2.19.so
7efd6f8eb000-7efd6faea000 ---p 001bb000 08:06 11273344                   /lib/x86_64-linux-gnu/libc-2.19.so
7efd6faea000-7efd6faee000 r--p 001ba000 08:06 11273344                   /lib/x86_64-linux-gnu/libc-2.19.so
7efd6faee000-7efd6faf0000 rw-p 001be000 08:06 11273344                   /lib/x86_64-linux-gnu/libc-2.19.so
7efd6faf0000-7efd6faf5000 rw-p 00000000 00:00 0 
7efd6faf8000-7efd6fafb000 r-xp 00000000 08:06 11273295                   /lib/x86_64-linux-gnu/libdl-2.19.so
7efd6fafb000-7efd6fcfa000 ---p 00003000 08:06 11273295                   /lib/x86_64-linux-gnu/libdl-2.19.so
7efd6fcfa000-7efd6fcfb000 r--p 00002000 08:06 11273295                   /lib/x86_64-linux-gnu/libdl-2.19.so
7efd6fcfb000-7efd6fcfc000 rw-p 00003000 08:06 11273295                   /lib/x86_64-linux-gnu/libdl-2.19.so
7efd6fd00000-7efd6fd15000 r-xp 00000000 08:06 10486219                   /usr/lib/jvm/jdk1.8.0_111/jre/lib/amd64/jli/libjli.so
7efd6fd15000-7efd6ff15000 ---p 00015000 08:06 10486219                   /usr/lib/jvm/jdk1.8.0_111/jre/lib/amd64/jli/libjli.so
7efd6ff15000-7efd6ff16000 rw-p 00015000 08:06 10486219                   /usr/lib/jvm/jdk1.8.0_111/jre/lib/amd64/jli/libjli.so
7efd6ff18000-7efd6ff31000 r-xp 00000000 08:06 11273309                   /lib/x86_64-linux-gnu/libpthread-2.19.so
7efd6ff31000-7efd70130000 ---p 00019000 08:06 11273309                   /lib/x86_64-linux-gnu/libpthread-2.19.so
7efd70130000-7efd70131000 r--p 00018000 08:06 11273309                   /lib/x86_64-linux-gnu/libpthread-2.19.so
7efd70131000-7efd70132000 rw-p 00019000 08:06 11273309                   /lib/x86_64-linux-gnu/libpthread-2.19.so
7efd70132000-7efd70136000 rw-p 00000000 00:00 0 
7efd70138000-7efd7015b000 r-xp 00000000 08:06 11273314                   /lib/x86_64-linux-gnu/ld-2.19.so
7efd70161000-7efd70162000 rw-s fd641000 00:06 12148                      /dev/nvidia0
7efd70169000-7efd7016a000 rw-s 221909000 00:06 12147                     /dev/nvidiactl
7efd7016c000-7efd7016d000 rw-s 1c3414000 00:06 12147                     /dev/nvidiactl
7efd70170000-7efd70171000 rw-s fd060000 00:06 12148                      /dev/nvidia0
7efd70175000-7efd70177000 r--s 00025000 08:06 10619694                   /home/xmbeat/NetBeansProjects/FingerprintLogin/dist/run1478823802/FingerprintLogin.jar
7efd70177000-7efd70248000 rw-p 00000000 00:00 0 
7efd70248000-7efd70250000 rw-s 00000000 08:06 1185733                    /tmp/hsperfdata_xmbeat/15003
7efd70254000-7efd70257000 rw-p 00000000 00:00 0 
7efd70257000-7efd7025a000 ---p 00000000 00:00 0 
7efd7025a000-7efd7035a000 rw-p 00000000 00:00 0                          [stack:15005]
7efd7035a000-7efd7035b000 r--p 00022000 08:06 11273314                   /lib/x86_64-linux-gnu/ld-2.19.so
7efd7035b000-7efd7035c000 rw-p 00023000 08:06 11273314                   /lib/x86_64-linux-gnu/ld-2.19.so
7efd7035c000-7efd7035d000 rw-p 00000000 00:00 0 
7efd7035d000-7efd7035e000 r--p 00000000 00:00 0 
7efd7035e000-7efd70362000 rw-p 00000000 00:00 0 
7ffc26f11000-7ffc26f32000 rw-p 00000000 00:00 0                          [stack]
7ffc26fd8000-7ffc26fda000 r--p 00000000 00:00 0                          [vvar]
7ffc26fda000-7ffc26fdc000 r-xp 00000000 00:00 0                          [vdso]
ffffffffff600000-ffffffffff601000 r-xp 00000000 00:00 0                  [vsyscall]

VM Arguments:
jvm_args: -Dfile.encoding=UTF-8 
java_command: /home/xmbeat/NetBeansProjects/FingerprintLogin/dist/run1478823802/FingerprintLogin.jar
java_class_path (initial): /home/xmbeat/NetBeansProjects/FingerprintLogin/dist/run1478823802/FingerprintLogin.jar
Launcher Type: SUN_STANDARD

Environment Variables:
PATH=/home/xmbeat/bin:/usr/local/sbin:/usr/local/bin:/usr/sbin:/usr/bin:/sbin:/bin:/usr/games:/usr/local/games
USERNAME=xmbeat
LD_LIBRARY_PATH=/usr/lib/jvm/jdk1.8.0_111/jre/lib/amd64:/usr/lib/jvm/jdk1.8.0_111/jre/lib/i386:
SHELL=/bin/bash
DISPLAY=:0

Signal Handlers:
SIGSEGV: [libjvm.so+0xac64b0], sa_mask[0]=11111111011111111101111111111110, sa_flags=SA_RESTART|SA_SIGINFO
SIGBUS: [libjvm.so+0xac64b0], sa_mask[0]=11111111011111111101111111111110, sa_flags=SA_RESTART|SA_SIGINFO
SIGFPE: [libjvm.so+0x91f950], sa_mask[0]=11111111011111111101111111111110, sa_flags=SA_RESTART|SA_SIGINFO
SIGPIPE: SIG_IGN, sa_mask[0]=00000000000000000000000000000000, sa_flags=none
SIGXFSZ: [libjvm.so+0x91f950], sa_mask[0]=11111111011111111101111111111110, sa_flags=SA_RESTART|SA_SIGINFO
SIGILL: [libjvm.so+0x91f950], sa_mask[0]=11111111011111111101111111111110, sa_flags=SA_RESTART|SA_SIGINFO
SIGUSR1: SIG_DFL, sa_mask[0]=00000000000000000000000000000000, sa_flags=none
SIGUSR2: [libjvm.so+0x920f80], sa_mask[0]=00100000000000000000000000000000, sa_flags=SA_RESTART|SA_SIGINFO
SIGHUP: [libjvm.so+0x922380], sa_mask[0]=11111111011111111101111111111110, sa_flags=SA_RESTART|SA_SIGINFO
SIGINT: SIG_IGN, sa_mask[0]=00000000000000000000000000000000, sa_flags=none
SIGTERM: [libjvm.so+0x922380], sa_mask[0]=11111111011111111101111111111110, sa_flags=SA_RESTART|SA_SIGINFO
SIGQUIT: [libjvm.so+0x922380], sa_mask[0]=11111111011111111101111111111110, sa_flags=SA_RESTART|SA_SIGINFO


---------------  S Y S T E M  ---------------

OS:DISTRIB_ID=LinuxMint
DISTRIB_RELEASE=17.3
DISTRIB_CODENAME=rosa
DISTRIB_DESCRIPTION="Linux Mint 17.3 Rosa"

uname:Linux 3.19.0-32-generic #37~14.04.1-Ubuntu SMP Thu Oct 22 09:41:40 UTC 2015 x86_64
libc:glibc 2.19 NPTL 2.19 
rlimit: STACK 8192k, CORE 0k, NPROC 31347, NOFILE 4096, AS infinity
load average:4.66 2.34 1.25

/proc/meminfo:
MemTotal:        8056656 kB
MemFree:         3733076 kB
MemAvailable:    5319084 kB
Buffers:          198796 kB
Cached:          1563168 kB
SwapCached:            0 kB
Active:          2878008 kB
Inactive:        1103136 kB
Active(anon):    2221384 kB
Inactive(anon):    74860 kB
Active(file):     656624 kB
Inactive(file):  1028276 kB
Unevictable:           0 kB
Mlocked:               0 kB
SwapTotal:       3998716 kB
SwapFree:        3998716 kB
Dirty:               104 kB
Writeback:             0 kB
AnonPages:       2219068 kB
Mapped:           535404 kB
Shmem:             77060 kB
Slab:             170432 kB
SReclaimable:     140088 kB
SUnreclaim:        30344 kB
KernelStack:        8688 kB
PageTables:        33532 kB
NFS_Unstable:          0 kB
Bounce:                0 kB
WritebackTmp:          0 kB
CommitLimit:     8027044 kB
Committed_AS:    5415336 kB
VmallocTotal:   34359738367 kB
VmallocUsed:      320996 kB
VmallocChunk:   34359405052 kB
HardwareCorrupted:     0 kB
AnonHugePages:   1308672 kB
CmaTotal:              0 kB
CmaFree:               0 kB
HugePages_Total:       0
HugePages_Free:        0
HugePages_Rsvd:        0
HugePages_Surp:        0
Hugepagesize:       2048 kB
DirectMap4k:      239028 kB
DirectMap2M:     5998592 kB
DirectMap1G:     2097152 kB


CPU:total 2 (2 cores per cpu, 1 threads per core) family 21 model 19 stepping 1, cmov, cx8, fxsr, mmx, sse, sse2, sse3, ssse3, sse4.1, sse4.2, popcnt, avx, aes, clmul, mmxext, 3dnowpref, lzcnt, sse4a, tsc, tscinvbit, tscinv, bmi1

/proc/cpuinfo:
processor	: 0
vendor_id	: AuthenticAMD
cpu family	: 21
model		: 19
model name	: AMD A4-4000 APU with Radeon(tm) HD Graphics
stepping	: 1
microcode	: 0x6001119
cpu MHz		: 3000.000
cache size	: 1024 KB
physical id	: 0
siblings	: 2
core id		: 0
cpu cores	: 1
apicid		: 16
initial apicid	: 0
fpu		: yes
fpu_exception	: yes
cpuid level	: 13
wp		: yes
flags		: fpu vme de pse tsc msr pae mce cx8 apic sep mtrr pge mca cmov pat pse36 clflush mmx fxsr sse sse2 ht syscall nx mmxext fxsr_opt pdpe1gb rdtscp lm constant_tsc rep_good nopl nonstop_tsc extd_apicid aperfmperf pni pclmulqdq monitor ssse3 fma cx16 sse4_1 sse4_2 popcnt aes xsave avx f16c lahf_lm cmp_legacy svm extapic cr8_legacy abm sse4a misalignsse 3dnowprefetch osvw ibs xop skinit wdt lwp fma4 tce nodeid_msr tbm topoext perfctr_core perfctr_nb arat cpb hw_pstate npt lbrv svm_lock nrip_save tsc_scale vmcb_clean flushbyasid decodeassists pausefilter pfthreshold vmmcall bmi1
bugs		: fxsave_leak
bogomips	: 5989.21
TLB size	: 1536 4K pages
clflush size	: 64
cache_alignment	: 64
address sizes	: 48 bits physical, 48 bits virtual
power management: ts ttp tm 100mhzsteps hwpstate cpb eff_freq_ro

processor	: 1
vendor_id	: AuthenticAMD
cpu family	: 21
model		: 19
model name	: AMD A4-4000 APU with Radeon(tm) HD Graphics    
stepping	: 1
microcode	: 0x6001119
cpu MHz		: 3000.000
cache size	: 1024 KB
physical id	: 0
siblings	: 2
core id		: 1
cpu cores	: 1
apicid		: 17
initial apicid	: 1
fpu		: yes
fpu_exception	: yes
cpuid level	: 13
wp		: yes
flags		: fpu vme de pse tsc msr pae mce cx8 apic sep mtrr pge mca cmov pat pse36 clflush mmx fxsr sse sse2 ht syscall nx mmxext fxsr_opt pdpe1gb rdtscp lm constant_tsc rep_good nopl nonstop_tsc extd_apicid aperfmperf pni pclmulqdq monitor ssse3 fma cx16 sse4_1 sse4_2 popcnt aes xsave avx f16c lahf_lm cmp_legacy svm extapic cr8_legacy abm sse4a misalignsse 3dnowprefetch osvw ibs xop skinit wdt lwp fma4 tce nodeid_msr tbm topoext perfctr_core perfctr_nb arat cpb hw_pstate npt lbrv svm_lock nrip_save tsc_scale vmcb_clean flushbyasid decodeassists pausefilter pfthreshold vmmcall bmi1
bugs		: fxsave_leak
bogomips	: 5989.21
TLB size	: 1536 4K pages
clflush size	: 64
cache_alignment	: 64
address sizes	: 48 bits physical, 48 bits virtual
power management: ts ttp tm 100mhzsteps hwpstate cpb eff_freq_ro



Memory: 4k page, physical 8056656k(3733076k free), swap 3998716k(3998716k free)

vm_info: Java HotSpot(TM) 64-Bit Server VM (25.111-b14) for linux-amd64 JRE (1.8.0_111-b14), built on Sep 22 2016 16:14:03 by "java_re" with gcc 4.3.0 20080428 (Red Hat 4.3.0-8)

time: Tue Dec  6 15:42:13 2016
elapsed time: 103 seconds (0d 0h 1m 43s)

