#
# A fatal error has been detected by the Java Runtime Environment:
#
#  SIGSEGV (0xb) at pc=0x00007fab0b941ea3, pid=6678, tid=0x00007faaa5126700
#
# JRE version: Java(TM) SE Runtime Environment (8.0_111-b14) (build 1.8.0_111-b14)
# Java VM: Java HotSpot(TM) 64-Bit Server VM (25.111-b14 mixed mode linux-amd64 compressed oops)
# Problematic frame:
# V  [libjvm.so+0x6d1ea3]  jni_invoke_nonstatic(JNIEnv_*, JavaValue*, _jobject*, JNICallType, _jmethodID*, JNI_ArgumentPusher*, Thread*)+0x1b3
#
# Failed to write core dump. Core dumps have been disabled. To enable core dumping, try "ulimit -c unlimited" before starting Java again
#
# If you would like to submit a bug report, please visit:
#   http://bugreport.java.com/bugreport/crash.jsp
#

---------------  T H R E A D  ---------------

Current thread (0x00007faab0017800):  JavaThread "Thread-4" daemon [_thread_in_vm, id=6928, stack(0x00007faaa5026000,0x00007faaa5127000)]

siginfo: si_signo: 11 (SIGSEGV), si_code: 1 (SEGV_MAPERR), si_addr: 0x000000300000003c

Registers:
RAX=0x0000003000000018, RBX=0x0000000000000002, RCX=0x0000000000000006, RDX=0x00007faaac42c1b0
RSP=0x00007faaa5125130, RBP=0x00007faaa51252b0, RSI=0x00007faaa5125270, RDI=0x00007faab00182a0
R8 =0x000000000000001c, R9 =0x00007faaa51252e0, R10=0x00007fab0c61cbe0, R11=0x0000000000000000
R12=0x00000000d74ea960, R13=0x00000001001048c0, R14=0x00007faab0014330, R15=0x00007faab0017800
RIP=0x00007fab0b941ea3, EFLAGS=0x0000000000010202, CSGSFS=0x0000000000000033, ERR=0x0000000000000004
  TRAPNO=0x000000000000000e

Top of Stack: (sp=0x00007faaa5125130)
0x00007faaa5125130:   00007faaa5125160 00007fab0bc50ea7
0x00007faaa5125140:   00007faaa5125190 00007faaa5125170
0x00007faaa5125150:   00007faaa51252e0 00007faaa5125340
0x00007faaa5125160:   00007faab00179f8 00007fab0b961830
0x00007faaa5125170:   00007faad8056680 00007faad8056690
0x00007faaa5125180:   00007faad8056a68 00000000000003d8
0x00007faaa5125190:   00007faaa51251b0 00007faab00181c8
0x00007faaa51251a0:   00007faaa51253f0 00007faaa5125490
0x00007faaa51251b0:   00007faaa51254d0 00007fab0b8f56ed
0x00007faaa51251c0:   00007faaa5125200 00000000856eb9c8
0x00007faaa51251d0:   00000000d76d35f8 00007faab0010100
0x00007faaa51251e0:   00007faad80568c0 00007faaa5125198
0x00007faaa51251f0:   00007faaa51251d9 0000000800000001
0x00007faaa5125200:   00007faaa5125200 00007fab0b010138
0x00007faaa5125210:   00007faab00181d0 00007faaa51251c8
0x00007faaa5125220:   00007faaa5125209 0000000800000002
0x00007faaa5125230:   0000000100002300 00007faaa5125270
0x00007faaa5125240:   00007faaa5125300 00007fab0bb5394a
0x00007faaa5125250:   00007faab0017800 00007faaa51252a0
0x00007faaa5125260:   00007faaa512553f 00007fab0cc71dc9
0x00007faaa5125270:   00000001001048c0 00000001001048c0
0x00007faaa5125280:   0000000000000001 00007faaa51252e0
0x00007faaa5125290:   00007faab0017800 00007faaa5125320
0x00007faaa51252a0:   00007faab00149a0 00007faab00179f8
0x00007faaa51252b0:   00007faaa51253a0 00007fab0b9464cf
0x00007faaa51252c0:   00007faab0017800 0000000001397831
0x00007faaa51252d0:   00007faaa51253d8 00007faaac425b90
0x00007faaa51252e0:   00007fab0c1cf750 00007fab0ccdd4c0
0x00007faaa51252f0:   00000000b000dc10 00007faa00000063
0x00007faaa5125300:   00007faaa5125190 0000003000000018
0x00007faaa5125310:   00007faaa51254b0 00007faaa51253f0
0x00007faaa5125320:   00007faab0017800 0000000000000000 

Instructions: (pc=0x00007fab0b941ea3)
0x00007fab0b941e83:   48 8b 45 10 4c 89 6d c0 48 8d 75 c0 48 8b b8 40
0x00007fab0b941e93:   01 00 00 e8 e5 60 c7 ff 4c 8b 7d 10 49 8b 45 08
0x00007fab0b941ea3:   0f b7 50 24 48 8b 40 08 48 8b 74 d0 50 48 8d 95
0x00007fab0b941eb3:   60 ff ff ff 48 89 d7 48 89 95 98 fe ff ff e8 7a 

Register to memory mapping:

RAX=0x0000003000000018 is an unknown value
RBX=0x0000000000000002 is an unknown value
RCX=0x0000000000000006 is an unknown value
RDX=0x00007faaac42c1b0 is an unknown value
RSP=0x00007faaa5125130 is pointing into the stack for thread: 0x00007faab0017800
RBP=0x00007faaa51252b0 is pointing into the stack for thread: 0x00007faab0017800
RSI=0x00007faaa5125270 is pointing into the stack for thread: 0x00007faab0017800
RDI=0x00007faab00182a0 is an unknown value
R8 =0x000000000000001c is an unknown value
R9 =0x00007faaa51252e0 is pointing into the stack for thread: 0x00007faab0017800
R10=0x00007fab0c61cbe0: <offset 0x3bcbe0> in /lib/x86_64-linux-gnu/libc.so.6 at 0x00007fab0c260000
R11=0x0000000000000000 is an unknown value
R12=0x00000000d74ea960 is an oop
uaz.fingerprint.Message 
 - klass: 'uaz/fingerprint/Message'
R13=0x00000001001048c0 is pointing into metadata
R14=0x00007faab0014330 is an unknown value
R15=0x00007faab0017800 is a thread


Stack: [0x00007faaa5026000,0x00007faaa5127000],  sp=0x00007faaa5125130,  free space=1020k
Native frames: (J=compiled Java code, j=interpreted, Vv=VM code, C=native code)
V  [libjvm.so+0x6d1ea3]  jni_invoke_nonstatic(JNIEnv_*, JavaValue*, _jobject*, JNICallType, _jmethodID*, JNI_ArgumentPusher*, Thread*)+0x1b3
V  [libjvm.so+0x6d64cf]  jni_CallVoidMethodV+0x10f
C  [libfingerprint6987139794176920834.so+0x4617]  JNIEnv_::CallVoidMethod(_jobject*, _jmethodID*, ...)+0xb5
C  [libfingerprint6987139794176920834.so+0x328d]  callbackStopCapture(fp_dev*, void*)+0x127
C  [libfprint.so.0+0xcc59]  fp_async_capture_stop+0x109

Java frames: (J=compiled Java code, j=interpreted, Vv=VM code)
j  uaz.fingerprint.Reader.nativeStopCapture(Luaz/fingerprint/NativeReaderCallback;Ljava/lang/Object;)I+0
J 5679% C1 uaz.fingerprint.ReaderDispatcher.run()V (668 bytes) @ 0x00007faaf578efd4 [0x00007faaf578d900+0x16d4]
j  java.lang.Thread.run()V+11
v  ~StubRoutines::call_stub

---------------  P R O C E S S  ---------------

Java Threads: ( => current thread )
  0x00007faad80a1000 JavaThread "Thread-6" daemon [_thread_in_native, id=10547, stack(0x00007faa9285f000,0x00007faa92960000)]
  0x00007faaac4e1000 JavaThread "Java2D Disposer" daemon [_thread_blocked, id=7089, stack(0x00007faab9df2000,0x00007faab9ef3000)]
=>0x00007faab0017800 JavaThread "Thread-4" daemon [_thread_in_vm, id=6928, stack(0x00007faaa5026000,0x00007faaa5127000)]
  0x00007faaac354800 JavaThread "Prism Font Disposer" daemon [_thread_blocked, id=6796, stack(0x00007faab81eb000,0x00007faab82ec000)]
  0x00007fab04296800 JavaThread "JavaFX-Launcher" [_thread_blocked, id=6745, stack(0x00007faab96c5000,0x00007faab97c6000)]
  0x00007fab04293000 JavaThread "JavaFX Application Thread" [_thread_blocked, id=6723, stack(0x00007faab97c6000,0x00007faab98c7000)]
  0x00007fab0428f000 JavaThread "Thread-1" daemon [_thread_blocked, id=6722, stack(0x00007faab98c7000,0x00007faab99c8000)]
  0x00007fab04238800 JavaThread "QuantumRenderer-0" daemon [_thread_in_native, id=6721, stack(0x00007faacbe62000,0x00007faacbf63000)]
  0x00007fab04153000 JavaThread "Service Thread" daemon [_thread_blocked, id=6691, stack(0x00007faaf0134000,0x00007faaf0235000)]
  0x00007fab0413e800 JavaThread "C1 CompilerThread1" daemon [_thread_blocked, id=6690, stack(0x00007faaf0235000,0x00007faaf0336000)]
  0x00007fab0413b800 JavaThread "C2 CompilerThread0" daemon [_thread_in_native, id=6689, stack(0x00007faaf0336000,0x00007faaf0437000)]
  0x00007fab0413a000 JavaThread "Signal Dispatcher" daemon [_thread_blocked, id=6688, stack(0x00007faaf0437000,0x00007faaf0538000)]
  0x00007fab04107000 JavaThread "Finalizer" daemon [_thread_blocked, id=6687, stack(0x00007faaf0a78000,0x00007faaf0b79000)]
  0x00007fab04102800 JavaThread "Reference Handler" daemon [_thread_blocked, id=6686, stack(0x00007faaf0b79000,0x00007faaf0c7a000)]
  0x00007fab0400a000 JavaThread "main" [_thread_blocked, id=6680, stack(0x00007fab0cd5b000,0x00007fab0ce5c000)]

Other Threads:
  0x00007fab040fa800 VMThread [stack: 0x00007faaf0c7a000,0x00007faaf0d7b000] [id=6685]
  0x00007fab04166800 WatcherThread [stack: 0x00007faaf0033000,0x00007faaf0134000] [id=6692]

VM state:not at safepoint (normal execution)

VM Mutex/Monitor currently owned by a thread: None

Heap:
 PSYoungGen      total 90112K, used 15739K [0x00000000d7000000, 0x00000000ddf80000, 0x0000000100000000)
  eden space 78336K, 9% used [0x00000000d7000000,0x00000000d774a2c8,0x00000000dbc80000)
  from space 11776K, 70% used [0x00000000dc880000,0x00000000dd094c70,0x00000000dd400000)
  to   space 12288K, 0% used [0x00000000dbc80000,0x00000000dbc80000,0x00000000dc880000)
 ParOldGen       total 60416K, used 20623K [0x0000000085000000, 0x0000000088b00000, 0x00000000d7000000)
  object space 60416K, 34% used [0x0000000085000000,0x0000000086423ce0,0x0000000088b00000)
 Metaspace       used 25151K, capacity 26810K, committed 27136K, reserved 1073152K
  class space    used 3430K, capacity 3720K, committed 3840K, reserved 1048576K

Card table byte_map: [0x00007fab09717000,0x00007fab09af0000] byte_map_base: 0x00007fab092ef000

Marking Bits: (ParMarkBitMap*) 0x00007fab0c233220
 Begin Bits: [0x00007faaf1280000, 0x00007faaf3140000)
 End Bits:   [0x00007faaf3140000, 0x00007faaf5000000)

Polling page: 0x00007fab0ce87000

CodeCache: size=245760Kb used=14942Kb max_used=15616Kb free=230817Kb
 bounds [0x00007faaf5000000, 0x00007faaf5f60000, 0x00007fab04000000]
 total_blobs=5406 nmethods=4614 adapters=704
 compilation: enabled

Compilation events (10 events):
Event: 149.557 Thread 0x00007fab0413e800 5681       3       javafx.scene.control.TextInputControl::getTextFormatter (11 bytes)
Event: 149.558 Thread 0x00007fab0413e800 nmethod 5681 0x00007faaf55fe7d0 code [0x00007faaf55fe940, 0x00007faaf55fec48]
Event: 149.558 Thread 0x00007fab0413e800 5682       3       javafx.beans.binding.StringBinding::invalidate (24 bytes)
Event: 149.558 Thread 0x00007fab0413e800 nmethod 5682 0x00007faaf5114e10 code [0x00007faaf5114fa0, 0x00007faaf5115358]
Event: 149.561 Thread 0x00007fab0413e800 5683       3       java.util.PriorityQueue::poll (64 bytes)
Event: 149.562 Thread 0x00007fab0413e800 nmethod 5683 0x00007faaf59b7b50 code [0x00007faaf59b7d00, 0x00007faaf59b8198]
Event: 149.578 Thread 0x00007fab0413e800 5685       3       javafx.collections.ListChangeListener$Change::wasPermutated (14 bytes)
Event: 149.579 Thread 0x00007fab0413e800 nmethod 5685 0x00007faaf54df250 code [0x00007faaf54df3c0, 0x00007faaf54df628]
Event: 149.579 Thread 0x00007fab0413e800 5686       3       javafx.collections.WeakListChangeListener::wasGarbageCollected (16 bytes)
Event: 149.579 Thread 0x00007fab0413e800 nmethod 5686 0x00007faaf56a5450 code [0x00007faaf56a55c0, 0x00007faaf56a5810]

GC Heap History (10 events):
Event: 5.575 GC heap before
{Heap before GC invocations=3 (full 0):
 PSYoungGen      total 36864K, used 7582K [0x00000000d7000000, 0x00000000d9900000, 0x0000000100000000)
  eden space 31744K, 7% used [0x00000000d7000000,0x00000000d72680b0,0x00000000d8f00000)
  from space 5120K, 99% used [0x00000000d9400000,0x00000000d98ff7a0,0x00000000d9900000)
  to   space 5120K, 0% used [0x00000000d8f00000,0x00000000d8f00000,0x00000000d9400000)
 ParOldGen       total 84992K, used 5657K [0x0000000085000000, 0x000000008a300000, 0x00000000d7000000)
  object space 84992K, 6% used [0x0000000085000000,0x0000000085586670,0x000000008a300000)
 Metaspace       used 19753K, capacity 21172K, committed 21248K, reserved 1067008K
  class space    used 3009K, capacity 3291K, committed 3328K, reserved 1048576K
Event: 5.600 GC heap after
Heap after GC invocations=3 (full 0):
 PSYoungGen      total 36864K, used 5101K [0x00000000d7000000, 0x00000000db800000, 0x0000000100000000)
  eden space 31744K, 0% used [0x00000000d7000000,0x00000000d7000000,0x00000000d8f00000)
  from space 5120K, 99% used [0x00000000d8f00000,0x00000000d93fb7b0,0x00000000d9400000)
  to   space 5120K, 0% used [0x00000000db300000,0x00000000db300000,0x00000000db800000)
 ParOldGen       total 84992K, used 6729K [0x0000000085000000, 0x000000008a300000, 0x00000000d7000000)
  object space 84992K, 7% used [0x0000000085000000,0x0000000085692680,0x000000008a300000)
 Metaspace       used 19753K, capacity 21172K, committed 21248K, reserved 1067008K
  class space    used 3009K, capacity 3291K, committed 3328K, reserved 1048576K
}
Event: 5.600 GC heap before
{Heap before GC invocations=4 (full 1):
 PSYoungGen      total 36864K, used 5101K [0x00000000d7000000, 0x00000000db800000, 0x0000000100000000)
  eden space 31744K, 0% used [0x00000000d7000000,0x00000000d7000000,0x00000000d8f00000)
  from space 5120K, 99% used [0x00000000d8f00000,0x00000000d93fb7b0,0x00000000d9400000)
  to   space 5120K, 0% used [0x00000000db300000,0x00000000db300000,0x00000000db800000)
 ParOldGen       total 84992K, used 6729K [0x0000000085000000, 0x000000008a300000, 0x00000000d7000000)
  object space 84992K, 7% used [0x0000000085000000,0x0000000085692680,0x000000008a300000)
 Metaspace       used 19753K, capacity 21172K, committed 21248K, reserved 1067008K
  class space    used 3009K, capacity 3291K, committed 3328K, reserved 1048576K
Event: 5.789 GC heap after
Heap after GC invocations=4 (full 1):
 PSYoungGen      total 36864K, used 0K [0x00000000d7000000, 0x00000000db800000, 0x0000000100000000)
  eden space 31744K, 0% used [0x00000000d7000000,0x00000000d7000000,0x00000000d8f00000)
  from space 5120K, 0% used [0x00000000d8f00000,0x00000000d8f00000,0x00000000d9400000)
  to   space 5120K, 0% used [0x00000000db300000,0x00000000db300000,0x00000000db800000)
 ParOldGen       total 60416K, used 11655K [0x0000000085000000, 0x0000000088b00000, 0x00000000d7000000)
  object space 60416K, 19% used [0x0000000085000000,0x0000000085b61cc0,0x0000000088b00000)
 Metaspace       used 19753K, capacity 21172K, committed 21248K, reserved 1067008K
  class space    used 3009K, capacity 3291K, committed 3328K, reserved 1048576K
}
Event: 37.804 GC heap before
{Heap before GC invocations=5 (full 1):
 PSYoungGen      total 36864K, used 31744K [0x00000000d7000000, 0x00000000db800000, 0x0000000100000000)
  eden space 31744K, 100% used [0x00000000d7000000,0x00000000d8f00000,0x00000000d8f00000)
  from space 5120K, 0% used [0x00000000d8f00000,0x00000000d8f00000,0x00000000d9400000)
  to   space 5120K, 0% used [0x00000000db300000,0x00000000db300000,0x00000000db800000)
 ParOldGen       total 60416K, used 11655K [0x0000000085000000, 0x0000000088b00000, 0x00000000d7000000)
  object space 60416K, 19% used [0x0000000085000000,0x0000000085b61cc0,0x0000000088b00000)
 Metaspace       used 23702K, capacity 25284K, committed 25472K, reserved 1071104K
  class space    used 3321K, capacity 3639K, committed 3712K, reserved 1048576K
Event: 37.815 GC heap after
Heap after GC invocations=5 (full 1):
 PSYoungGen      total 53760K, used 2239K [0x00000000d7000000, 0x00000000db580000, 0x0000000100000000)
  eden space 51200K, 0% used [0x00000000d7000000,0x00000000d7000000,0x00000000da200000)
  from space 2560K, 87% used [0x00000000db300000,0x00000000db52fcb0,0x00000000db580000)
  to   space 5120K, 0% used [0x00000000dab80000,0x00000000dab80000,0x00000000db080000)
 ParOldGen       total 60416K, used 11655K [0x0000000085000000, 0x0000000088b00000, 0x00000000d7000000)
  object space 60416K, 19% used [0x0000000085000000,0x0000000085b61cc0,0x0000000088b00000)
 Metaspace       used 23702K, capacity 25284K, committed 25472K, reserved 1071104K
  class space    used 3321K, capacity 3639K, committed 3712K, reserved 1048576K
}
Event: 72.203 GC heap before
{Heap before GC invocations=6 (full 1):
 PSYoungGen      total 53760K, used 50833K [0x00000000d7000000, 0x00000000db580000, 0x0000000100000000)
  eden space 51200K, 94% used [0x00000000d7000000,0x00000000d9f74b18,0x00000000da200000)
  from space 2560K, 87% used [0x00000000db300000,0x00000000db52fcb0,0x00000000db580000)
  to   space 5120K, 0% used [0x00000000dab80000,0x00000000dab80000,0x00000000db080000)
 ParOldGen       total 60416K, used 11655K [0x0000000085000000, 0x0000000088b00000, 0x00000000d7000000)
  object space 60416K, 19% used [0x0000000085000000,0x0000000085b61cc0,0x0000000088b00000)
 Metaspace       used 24664K, capacity 26240K, committed 26496K, reserved 1073152K
  class space    used 3396K, capacity 3673K, committed 3712K, reserved 1048576K
Event: 72.230 GC heap after
Heap after GC invocations=6 (full 1):
 PSYoungGen      total 66048K, used 2755K [0x00000000d7000000, 0x00000000dd400000, 0x0000000100000000)
  eden space 60928K, 0% used [0x00000000d7000000,0x00000000d7000000,0x00000000dab80000)
  from space 5120K, 53% used [0x00000000dab80000,0x00000000dae30c50,0x00000000db080000)
  to   space 11776K, 0% used [0x00000000dc880000,0x00000000dc880000,0x00000000dd400000)
 ParOldGen       total 60416K, used 20623K [0x0000000085000000, 0x0000000088b00000, 0x00000000d7000000)
  object space 60416K, 34% used [0x0000000085000000,0x0000000086423ce0,0x0000000088b00000)
 Metaspace       used 24664K, capacity 26240K, committed 26496K, reserved 1073152K
  class space    used 3396K, capacity 3673K, committed 3712K, reserved 1048576K
}
Event: 142.338 GC heap before
{Heap before GC invocations=7 (full 1):
 PSYoungGen      total 66048K, used 63683K [0x00000000d7000000, 0x00000000dd400000, 0x0000000100000000)
  eden space 60928K, 100% used [0x00000000d7000000,0x00000000dab80000,0x00000000dab80000)
  from space 5120K, 53% used [0x00000000dab80000,0x00000000dae30c50,0x00000000db080000)
  to   space 11776K, 0% used [0x00000000dc880000,0x00000000dc880000,0x00000000dd400000)
 ParOldGen       total 60416K, used 20623K [0x0000000085000000, 0x0000000088b00000, 0x00000000d7000000)
  object space 60416K, 34% used [0x0000000085000000,0x0000000086423ce0,0x0000000088b00000)
 Metaspace       used 25137K, capacity 26810K, committed 27136K, reserved 1073152K
  class space    used 3430K, capacity 3720K, committed 3840K, reserved 1048576K
Event: 142.358 GC heap after
Heap after GC invocations=7 (full 1):
 PSYoungGen      total 90112K, used 8275K [0x00000000d7000000, 0x00000000ddf80000, 0x0000000100000000)
  eden space 78336K, 0% used [0x00000000d7000000,0x00000000d7000000,0x00000000dbc80000)
  from space 11776K, 70% used [0x00000000dc880000,0x00000000dd094c70,0x00000000dd400000)
  to   space 12288K, 0% used [0x00000000dbc80000,0x00000000dbc80000,0x00000000dc880000)
 ParOldGen       total 60416K, used 20623K [0x0000000085000000, 0x0000000088b00000, 0x00000000d7000000)
  object space 60416K, 34% used [0x0000000085000000,0x0000000086423ce0,0x0000000088b00000)
 Metaspace       used 25137K, capacity 26810K, committed 27136K, reserved 1073152K
  class space    used 3430K, capacity 3720K, committed 3840K, reserved 1048576K
}

Deoptimization events (10 events):
Event: 138.014 Thread 0x00007fab04293000 Uncommon trap: reason=unstable_if action=reinterpret pc=0x00007faaf57526b8 method=java.util.EnumMap.values()Ljava/util/Collection; @ 6
Event: 139.112 Thread 0x00007fab04293000 Uncommon trap: reason=unstable_if action=reinterpret pc=0x00007faaf55eebf8 method=java.util.HashMap.removeNode(ILjava/lang/Object;Ljava/lang/Object;ZZ)Ljava/util/HashMap$Node; @ 46
Event: 139.121 Thread 0x00007fab04293000 Uncommon trap: reason=class_check action=maybe_recompile pc=0x00007faaf584009c method=com.sun.javafx.tk.quantum.ViewScene.isSynchronous()Z @ 11
Event: 139.622 Thread 0x00007fab04293000 Uncommon trap: reason=class_check action=maybe_recompile pc=0x00007faaf584009c method=com.sun.javafx.tk.quantum.ViewScene.isSynchronous()Z @ 11
Event: 140.163 Thread 0x00007fab04293000 Uncommon trap: reason=predicate action=maybe_recompile pc=0x00007faaf5947694 method=java.util.ArrayList.remove(Ljava/lang/Object;)Z @ 49
Event: 140.553 Thread 0x00007fab04293000 Uncommon trap: reason=class_check action=maybe_recompile pc=0x00007faaf5b8bb6c method=javafx.scene.Parent.impl_updatePeer()V @ 210
Event: 140.554 Thread 0x00007fab04293000 Uncommon trap: reason=class_check action=maybe_recompile pc=0x00007faaf584009c method=com.sun.javafx.tk.quantum.ViewScene.isSynchronous()Z @ 11
Event: 142.570 Thread 0x00007fab04293000 Uncommon trap: reason=unstable_if action=reinterpret pc=0x00007faaf5ccca40 method=com.sun.scenario.animation.shared.InfiniteClipEnvelope.timePulse(J)V @ 245
Event: 149.541 Thread 0x00007faab0017800 Uncommon trap: reason=unstable_if action=reinterpret pc=0x00007faaf5a4df14 method=uaz.fingerprint.ReaderDispatcher.run()V @ 652
Event: 149.554 Thread 0x00007faad80a1000 Uncommon trap: reason=unstable_if action=reinterpret pc=0x00007faaf58bd0b4 method=java.util.PriorityQueue.poll()Ljava/lang/Object; @ 4

Internal exceptions (10 events):
Event: 37.832 Thread 0x00007fab04107000 Exception <a 'java/net/SocketException': Socket closed> (0x00000000d718ea18) thrown at [/HUDSON3/workspace/8-2-build-linux-amd64/jdk8u111/7883/hotspot/src/share/vm/prims/jni.cpp, line 735]
Event: 37.841 Thread 0x00007fab04107000 Exception <a 'java/net/SocketException': Socket closed> (0x00000000d71983c8) thrown at [/HUDSON3/workspace/8-2-build-linux-amd64/jdk8u111/7883/hotspot/src/share/vm/prims/jni.cpp, line 735]
Event: 53.973 Thread 0x00007fab04293000 Implicit null exception at 0x00007faaf5ccc2e1 to 0x00007faaf5cccc0d
Event: 64.224 Thread 0x00007fab04238800 Implicit null exception at 0x00007faaf5807699 to 0x00007faaf5809be1
Event: 72.243 Thread 0x00007fab04107000 Exception <a 'java/net/SocketException': Socket closed> (0x00000000d75cc260) thrown at [/HUDSON3/workspace/8-2-build-linux-amd64/jdk8u111/7883/hotspot/src/share/vm/prims/jni.cpp, line 735]
Event: 137.848 Thread 0x00007fab04293000 Implicit null exception at 0x00007faaf5bb3c98 to 0x00007faaf5bb8ce9
Event: 137.896 Thread 0x00007fab04293000 Implicit null exception at 0x00007faaf54ed43a to 0x00007faaf54edc09
Event: 137.913 Thread 0x00007fab04293000 Implicit null exception at 0x00007faaf56fc784 to 0x00007faaf56fcff9
Event: 142.362 Thread 0x00007fab04107000 Exception <a 'java/net/SocketException': Socket closed> (0x00000000d71c4c48) thrown at [/HUDSON3/workspace/8-2-build-linux-amd64/jdk8u111/7883/hotspot/src/share/vm/prims/jni.cpp, line 735]
Event: 142.363 Thread 0x00007fab04107000 Exception <a 'java/net/SocketException': Socket closed> (0x00000000d71cecd8) thrown at [/HUDSON3/workspace/8-2-build-linux-amd64/jdk8u111/7883/hotspot/src/share/vm/prims/jni.cpp, line 735]

Events (10 events):
Event: 149.541 Thread 0x00007faab0017800 Uncommon trap: trap_request=0xffffff65 fr.pc=0x00007faaf5a4df14
Event: 149.541 Thread 0x00007faab0017800 DEOPT PACKING pc=0x00007faaf5a4df14 sp=0x00007faaa5125660
Event: 149.541 Thread 0x00007faab0017800 DEOPT UNPACKING pc=0x00007faaf5005229 sp=0x00007faaa5125638 mode 2
Event: 149.553 Thread 0x00007faad80a1000 Thread added: 0x00007faad80a1000
Event: 149.554 Thread 0x00007faad80a1000 Uncommon trap: trap_request=0xffffff65 fr.pc=0x00007faaf58bd0b4
Event: 149.554 Thread 0x00007faad80a1000 DEOPT PACKING pc=0x00007faaf58bd0b4 sp=0x00007faa9295e650
Event: 149.554 Thread 0x00007faad80a1000 DEOPT UNPACKING pc=0x00007faaf5005229 sp=0x00007faa9295e5f8 mode 2
Event: 149.565 Executing VM operation: RevokeBias
Event: 149.571 Executing VM operation: RevokeBias done
Event: 149.571 Thread 0x00007faaac576800 Thread exited: 0x00007faaac576800


Dynamic libraries:
00400000-00401000 r-xp 00000000 08:06 10486455                           /usr/lib/jvm/jdk1.8.0_111/jre/bin/java
00600000-00601000 rw-p 00000000 08:06 10486455                           /usr/lib/jvm/jdk1.8.0_111/jre/bin/java
01024000-01045000 rw-p 00000000 00:00 0                                  [heap]
41178000-4117a000 r-xs 00000000 08:06 131094                             /tmp/.gljutxRq (deleted)
41519000-415b8000 rw-p 00000000 00:00 0 
85000000-88b00000 rw-p 00000000 00:00 0 
88b00000-d7000000 ---p 00000000 00:00 0 
d7000000-ddf80000 rw-p 00000000 00:00 0 
ddf80000-100000000 ---p 00000000 00:00 0 
100000000-1003c0000 rw-p 00000000 00:00 0 
1003c0000-140000000 ---p 00000000 00:00 0 
7faa8ed04000-7faa8ed05000 ---p 00000000 00:00 0 
7faa8ed05000-7faa8f505000 rw-p 00000000 00:00 0 
7faa8f505000-7faa8f506000 ---p 00000000 00:00 0 
7faa8f506000-7faa8fd06000 rw-p 00000000 00:00 0 
7faa8fd06000-7faa8fd07000 ---p 00000000 00:00 0 
7faa8fd07000-7faa90507000 rw-p 00000000 00:00 0 
7faa90507000-7faa90508000 ---p 00000000 00:00 0 
7faa90508000-7faa90d08000 rw-p 00000000 00:00 0 
7faa90d08000-7faa90f08000 rw-s 00000000 00:05 6717466                    /SYSV00000000 (deleted)
7faa90f88000-7faa90fd5000 r--p 00000000 08:06 1445502                    /usr/share/fonts/truetype/noto/NotoSans-Bold.ttf
7faa90fd8000-7faa9108e000 r--p 00000000 08:06 1445415                    /usr/share/fonts/truetype/dejavu/DejaVuSans.ttf
7faa91090000-7faa91094000 r-xp 00000000 08:06 787977                     /usr/lib/x86_64-linux-gnu/gdk-pixbuf-2.0/2.10.0/loaders/libpixbufloader-png.so
7faa91094000-7faa91294000 ---p 00004000 08:06 787977                     /usr/lib/x86_64-linux-gnu/gdk-pixbuf-2.0/2.10.0/loaders/libpixbufloader-png.so
7faa91294000-7faa91295000 r--p 00004000 08:06 787977                     /usr/lib/x86_64-linux-gnu/gdk-pixbuf-2.0/2.10.0/loaders/libpixbufloader-png.so
7faa91295000-7faa91296000 rw-p 00005000 08:06 787977                     /usr/lib/x86_64-linux-gnu/gdk-pixbuf-2.0/2.10.0/loaders/libpixbufloader-png.so
7faa91298000-7faa912b9000 r-xp 00000000 08:06 11276576                   /lib/x86_64-linux-gnu/liblzma.so.5.0.0
7faa912b9000-7faa914b8000 ---p 00021000 08:06 11276576                   /lib/x86_64-linux-gnu/liblzma.so.5.0.0
7faa914b8000-7faa914b9000 r--p 00020000 08:06 11276576                   /lib/x86_64-linux-gnu/liblzma.so.5.0.0
7faa914b9000-7faa914ba000 rw-p 00021000 08:06 11276576                   /lib/x86_64-linux-gnu/liblzma.so.5.0.0
7faa914c0000-7faa9161c000 r-xp 00000000 08:06 263905                     /usr/lib/x86_64-linux-gnu/libxml2.so.2.9.1
7faa9161c000-7faa9181c000 ---p 0015c000 08:06 263905                     /usr/lib/x86_64-linux-gnu/libxml2.so.2.9.1
7faa9181c000-7faa91824000 r--p 0015c000 08:06 263905                     /usr/lib/x86_64-linux-gnu/libxml2.so.2.9.1
7faa91824000-7faa91826000 rw-p 00164000 08:06 263905                     /usr/lib/x86_64-linux-gnu/libxml2.so.2.9.1
7faa91826000-7faa91827000 rw-p 00000000 00:00 0 
7faa91828000-7faa91860000 r-xp 00000000 08:06 270760                     /usr/lib/x86_64-linux-gnu/libcroco-0.6.so.3.0.1
7faa91860000-7faa91a5f000 ---p 00038000 08:06 270760                     /usr/lib/x86_64-linux-gnu/libcroco-0.6.so.3.0.1
7faa91a5f000-7faa91a62000 r--p 00037000 08:06 270760                     /usr/lib/x86_64-linux-gnu/libcroco-0.6.so.3.0.1
7faa91a62000-7faa91a63000 rw-p 0003a000 08:06 270760                     /usr/lib/x86_64-linux-gnu/libcroco-0.6.so.3.0.1
7faa91a68000-7faa91a9c000 r-xp 00000000 08:06 271561                     /usr/lib/x86_64-linux-gnu/librsvg-2.so.2.40.2
7faa91a9c000-7faa91c9b000 ---p 00034000 08:06 271561                     /usr/lib/x86_64-linux-gnu/librsvg-2.so.2.40.2
7faa91c9b000-7faa91c9c000 r--p 00033000 08:06 271561                     /usr/lib/x86_64-linux-gnu/librsvg-2.so.2.40.2
7faa91c9c000-7faa91c9d000 rw-p 00034000 08:06 271561                     /usr/lib/x86_64-linux-gnu/librsvg-2.so.2.40.2
7faa91ca0000-7faa91ca2000 r-xp 00000000 08:06 787981                     /usr/lib/x86_64-linux-gnu/gdk-pixbuf-2.0/2.10.0/loaders/libpixbufloader-svg.so
7faa91ca2000-7faa91ea1000 ---p 00002000 08:06 787981                     /usr/lib/x86_64-linux-gnu/gdk-pixbuf-2.0/2.10.0/loaders/libpixbufloader-svg.so
7faa91ea1000-7faa91ea2000 r--p 00001000 08:06 787981                     /usr/lib/x86_64-linux-gnu/gdk-pixbuf-2.0/2.10.0/loaders/libpixbufloader-svg.so
7faa91ea2000-7faa91ea3000 rw-p 00002000 08:06 787981                     /usr/lib/x86_64-linux-gnu/gdk-pixbuf-2.0/2.10.0/loaders/libpixbufloader-svg.so
7faa9285f000-7faa92862000 ---p 00000000 00:00 0 
7faa92862000-7faa92960000 rw-p 00000000 00:00 0                          [stack:10547]
7faa92960000-7faa92d60000 rw-s 1a4018000 00:06 11833                     /dev/nvidiactl
7faa92d67000-7faa93268000 rw-p 00000000 00:00 0 
7faa93268000-7faa932a3000 r-xp 00000000 08:06 10486176                   /usr/lib/jvm/jdk1.8.0_111/jre/lib/amd64/libjpeg.so
7faa932a3000-7faa934a2000 ---p 0003b000 08:06 10486176                   /usr/lib/jvm/jdk1.8.0_111/jre/lib/amd64/libjpeg.so
7faa934a2000-7faa934a3000 rw-p 0003a000 08:06 10486176                   /usr/lib/jvm/jdk1.8.0_111/jre/lib/amd64/libjpeg.so
7faa934a8000-7faa93568000 rw-p 00000000 00:00 0 
7faa93568000-7faa936a8000 ---p 00000000 00:00 0 
7faa936a8000-7faa98067000 r--p 00000000 08:06 1447089                    /usr/share/icons/mate/icon-theme.cache
7faa98068000-7faa9b31a000 r--p 00000000 08:06 1450141                    /usr/share/icons/hicolor/icon-theme.cache
7faa9b320000-7faaa0527000 r--p 00000000 08:06 1315413                    /usr/share/icons/gnome/icon-theme.cache
7faaa0528000-7faaa1428000 r--p 00000000 08:06 1313338                    /usr/share/icons/Mint-X/icon-theme.cache
7faaa1428000-7faaa1441000 r-xp 00000000 08:06 788114                     /usr/lib/x86_64-linux-gnu/gio/modules/libgioremote-volume-monitor.so
7faaa1441000-7faaa1641000 ---p 00019000 08:06 788114                     /usr/lib/x86_64-linux-gnu/gio/modules/libgioremote-volume-monitor.so
7faaa1641000-7faaa1644000 r--p 00019000 08:06 788114                     /usr/lib/x86_64-linux-gnu/gio/modules/libgioremote-volume-monitor.so
7faaa1644000-7faaa1645000 rw-p 0001c000 08:06 788114                     /usr/lib/x86_64-linux-gnu/gio/modules/libgioremote-volume-monitor.so
7faaa1646000-7faaa1647000 ---p 00000000 00:00 0 
7faaa1647000-7faaa1e47000 rw-p 00000000 00:00 0                          [stack:8503]
7faaa1e47000-7faaa1e48000 ---p 00000000 00:00 0 
7faaa1e48000-7faaa2648000 rw-p 00000000 00:00 0                          [stack:8502]
7faaa2648000-7faaa267c000 r-xp 00000000 08:06 788745                     /usr/lib/x86_64-linux-gnu/gvfs/libgvfscommon.so
7faaa267c000-7faaa287c000 ---p 00034000 08:06 788745                     /usr/lib/x86_64-linux-gnu/gvfs/libgvfscommon.so
7faaa287c000-7faaa2881000 r--p 00034000 08:06 788745                     /usr/lib/x86_64-linux-gnu/gvfs/libgvfscommon.so
7faaa2881000-7faaa2882000 rw-p 00039000 08:06 788745                     /usr/lib/x86_64-linux-gnu/gvfs/libgvfscommon.so
7faaa2888000-7faaa28b7000 r-xp 00000000 08:06 788115                     /usr/lib/x86_64-linux-gnu/gio/modules/libgvfsdbus.so
7faaa28b7000-7faaa2ab7000 ---p 0002f000 08:06 788115                     /usr/lib/x86_64-linux-gnu/gio/modules/libgvfsdbus.so
7faaa2ab7000-7faaa2ab8000 r--p 0002f000 08:06 788115                     /usr/lib/x86_64-linux-gnu/gio/modules/libgvfsdbus.so
7faaa2ab8000-7faaa2ab9000 rw-p 00030000 08:06 788115                     /usr/lib/x86_64-linux-gnu/gio/modules/libgvfsdbus.so
7faaa2ab9000-7faaa2aba000 rw-p 00000000 00:00 0 
7faaa2ac1000-7faaa36c0000 rw-p 00000000 00:00 0 
7faaa36c0000-7faaa3ac0000 rw-s 3f138000 00:06 11833                      /dev/nvidiactl
7faaa3ac0000-7faaa3ad6000 r-xp 00000000 08:06 10486180                   /usr/lib/jvm/jdk1.8.0_111/jre/lib/amd64/libnet.so
7faaa3ad6000-7faaa3cd6000 ---p 00016000 08:06 10486180                   /usr/lib/jvm/jdk1.8.0_111/jre/lib/amd64/libnet.so
7faaa3cd6000-7faaa3cd7000 rw-p 00016000 08:06 10486180                   /usr/lib/jvm/jdk1.8.0_111/jre/lib/amd64/libnet.so
7faaa3cd8000-7faaa3d3d000 r-xp 00000000 08:06 10486199                   /usr/lib/jvm/jdk1.8.0_111/jre/lib/amd64/libfontmanager.so
7faaa3d3d000-7faaa3f3c000 ---p 00065000 08:06 10486199                   /usr/lib/jvm/jdk1.8.0_111/jre/lib/amd64/libfontmanager.so
7faaa3f3c000-7faaa3f41000 rw-p 00064000 08:06 10486199                   /usr/lib/jvm/jdk1.8.0_111/jre/lib/amd64/libfontmanager.so
7faaa3f41000-7faaa3f51000 rw-p 00000000 00:00 0 
7faaa3f58000-7faaa4158000 rw-p 00000000 00:00 0 
7faaa4158000-7faaa41ac000 r-xp 00000000 08:06 10486207                   /usr/lib/jvm/jdk1.8.0_111/jre/lib/amd64/libawt_xawt.so
7faaa41ac000-7faaa43ac000 ---p 00054000 08:06 10486207                   /usr/lib/jvm/jdk1.8.0_111/jre/lib/amd64/libawt_xawt.so
7faaa43ac000-7faaa43b0000 rw-p 00054000 08:06 10486207                   /usr/lib/jvm/jdk1.8.0_111/jre/lib/amd64/libawt_xawt.so
7faaa43b0000-7faaa43b1000 rw-p 00000000 00:00 0 
7faaa43b8000-7faaa445a000 r-xp 00000000 08:06 10486240                   /usr/lib/jvm/jdk1.8.0_111/jre/lib/amd64/libawt.so
7faaa445a000-7faaa465a000 ---p 000a2000 08:06 10486240                   /usr/lib/jvm/jdk1.8.0_111/jre/lib/amd64/libawt.so
7faaa465a000-7faaa4666000 rw-p 000a2000 08:06 10486240                   /usr/lib/jvm/jdk1.8.0_111/jre/lib/amd64/libawt.so
7faaa4666000-7faaa468a000 rw-p 00000000 00:00 0 
7faaa4695000-7faaa4698000 ---p 00000000 00:00 0 
7faaa4698000-7faaa4796000 rw-p 00000000 00:00 0 
7faaa4796000-7faaa4896000 rw-s 163066000 00:06 11833                     /dev/nvidiactl
7faaa4898000-7faaa4913000 r-xp 00000000 08:06 794106                     /usr/lib/x86_64-linux-gnu/nss/libfreebl3.so
7faaa4913000-7faaa4b12000 ---p 0007b000 08:06 794106                     /usr/lib/x86_64-linux-gnu/nss/libfreebl3.so
7faaa4b12000-7faaa4b14000 r--p 0007a000 08:06 794106                     /usr/lib/x86_64-linux-gnu/nss/libfreebl3.so
7faaa4b14000-7faaa4b15000 rw-p 0007c000 08:06 794106                     /usr/lib/x86_64-linux-gnu/nss/libfreebl3.so
7faaa4b15000-7faaa4b19000 rw-p 00000000 00:00 0 
7faaa4b20000-7faaa4bd4000 r-xp 00000000 08:06 271632                     /usr/lib/x86_64-linux-gnu/libsqlite3.so.0.8.6
7faaa4bd4000-7faaa4dd4000 ---p 000b4000 08:06 271632                     /usr/lib/x86_64-linux-gnu/libsqlite3.so.0.8.6
7faaa4dd4000-7faaa4dd6000 r--p 000b4000 08:06 271632                     /usr/lib/x86_64-linux-gnu/libsqlite3.so.0.8.6
7faaa4dd6000-7faaa4dd8000 rw-p 000b6000 08:06 271632                     /usr/lib/x86_64-linux-gnu/libsqlite3.so.0.8.6
7faaa4dd8000-7faaa4dd9000 rw-p 00000000 00:00 0 
7faaa4de0000-7faaa4e21000 r-xp 00000000 08:06 794105                     /usr/lib/x86_64-linux-gnu/nss/libsoftokn3.so
7faaa4e21000-7faaa5020000 ---p 00041000 08:06 794105                     /usr/lib/x86_64-linux-gnu/nss/libsoftokn3.so
7faaa5020000-7faaa5021000 r--p 00040000 08:06 794105                     /usr/lib/x86_64-linux-gnu/nss/libsoftokn3.so
7faaa5021000-7faaa5022000 rw-p 00041000 08:06 794105                     /usr/lib/x86_64-linux-gnu/nss/libsoftokn3.so
7faaa5026000-7faaa5029000 ---p 00000000 00:00 0 
7faaa5029000-7faaa5127000 rw-p 00000000 00:00 0                          [stack:6928]
7faaa5127000-7faaa5128000 ---p 00000000 00:00 0 
7faaa5128000-7faaa5928000 rw-p 00000000 00:00 0                          [stack:6927]
7faaa5928000-7faaa596c000 r-xp 00000000 08:06 11276542                   /lib/x86_64-linux-gnu/libdbus-1.so.3.7.6
7faaa596c000-7faaa5b6b000 ---p 00044000 08:06 11276542                   /lib/x86_64-linux-gnu/libdbus-1.so.3.7.6
7faaa5b6b000-7faaa5b6c000 r--p 00043000 08:06 11276542                   /lib/x86_64-linux-gnu/libdbus-1.so.3.7.6
7faaa5b6c000-7faaa5b6d000 rw-p 00044000 08:06 11276542                   /lib/x86_64-linux-gnu/libdbus-1.so.3.7.6
7faaa5b70000-7faaa5b78000 r-xp 00000000 08:06 11276591                   /lib/x86_64-linux-gnu/libnih-dbus.so.1.0.0
7faaa5b78000-7faaa5d78000 ---p 00008000 08:06 11276591                   /lib/x86_64-linux-gnu/libnih-dbus.so.1.0.0
7faaa5d78000-7faaa5d79000 r--p 00008000 08:06 11276591                   /lib/x86_64-linux-gnu/libnih-dbus.so.1.0.0
7faaa5d79000-7faaa5d7a000 rw-p 00009000 08:06 11276591                   /lib/x86_64-linux-gnu/libnih-dbus.so.1.0.0
7faaa5d80000-7faaa5d97000 r-xp 00000000 08:06 11276593                   /lib/x86_64-linux-gnu/libnih.so.1.0.0
7faaa5d97000-7faaa5f96000 ---p 00017000 08:06 11276593                   /lib/x86_64-linux-gnu/libnih.so.1.0.0
7faaa5f96000-7faaa5f97000 r--p 00016000 08:06 11276593                   /lib/x86_64-linux-gnu/libnih.so.1.0.0
7faaa5f97000-7faaa5f98000 rw-p 00017000 08:06 11276593                   /lib/x86_64-linux-gnu/libnih.so.1.0.0
7faaa5f98000-7faaa5fb1000 r-xp 00000000 08:06 11276533                   /lib/x86_64-linux-gnu/libcgmanager.so.0.0.0
7faaa5fb1000-7faaa61b0000 ---p 00019000 08:06 11276533                   /lib/x86_64-linux-gnu/libcgmanager.so.0.0.0
7faaa61b0000-7faaa61b2000 r--p 00018000 08:06 11276533                   /lib/x86_64-linux-gnu/libcgmanager.so.0.0.0
7faaa61b2000-7faaa61b3000 rw-p 0001a000 08:06 11276533                   /lib/x86_64-linux-gnu/libcgmanager.so.0.0.0
7faaa61b8000-7faaa61f1000 r-xp 00000000 08:06 268901                     /usr/lib/x86_64-linux-gnu/libnspr4.so
7faaa61f1000-7faaa63f0000 ---p 00039000 08:06 268901                     /usr/lib/x86_64-linux-gnu/libnspr4.so
7faaa63f0000-7faaa63f1000 r--p 00038000 08:06 268901                     /usr/lib/x86_64-linux-gnu/libnspr4.so
7faaa63f1000-7faaa63f2000 rw-p 00039000 08:06 268901                     /usr/lib/x86_64-linux-gnu/libnspr4.so
7faaa63f2000-7faaa63f5000 rw-p 00000000 00:00 0 
7faaa63f8000-7faaa63fb000 r-xp 00000000 08:06 268900                     /usr/lib/x86_64-linux-gnu/libplds4.so
7faaa63fb000-7faaa65fa000 ---p 00003000 08:06 268900                     /usr/lib/x86_64-linux-gnu/libplds4.so
7faaa65fa000-7faaa65fb000 r--p 00002000 08:06 268900                     /usr/lib/x86_64-linux-gnu/libplds4.so
7faaa65fb000-7faaa65fc000 rw-p 00003000 08:06 268900                     /usr/lib/x86_64-linux-gnu/libplds4.so
7faaa6600000-7faaa6604000 r-xp 00000000 08:06 268861                     /usr/lib/x86_64-linux-gnu/libplc4.so
7faaa6604000-7faaa6803000 ---p 00004000 08:06 268861                     /usr/lib/x86_64-linux-gnu/libplc4.so
7faaa6803000-7faaa6804000 r--p 00003000 08:06 268861                     /usr/lib/x86_64-linux-gnu/libplc4.so
7faaa6804000-7faaa6805000 rw-p 00004000 08:06 268861                     /usr/lib/x86_64-linux-gnu/libplc4.so
7faaa6808000-7faaa682d000 r-xp 00000000 08:06 268074                     /usr/lib/x86_64-linux-gnu/libnssutil3.so
7faaa682d000-7faaa6a2d000 ---p 00025000 08:06 268074                     /usr/lib/x86_64-linux-gnu/libnssutil3.so
7faaa6a2d000-7faaa6a33000 r--p 00025000 08:06 268074                     /usr/lib/x86_64-linux-gnu/libnssutil3.so
7faaa6a33000-7faaa6a34000 rw-p 0002b000 08:06 268074                     /usr/lib/x86_64-linux-gnu/libnssutil3.so
7faaa6a38000-7faaa6a48000 r-xp 00000000 08:06 11276675                   /lib/x86_64-linux-gnu/libudev.so.1.3.5
7faaa6a48000-7faaa6c47000 ---p 00010000 08:06 11276675                   /lib/x86_64-linux-gnu/libudev.so.1.3.5
7faaa6c47000-7faaa6c48000 r--p 0000f000 08:06 11276675                   /lib/x86_64-linux-gnu/libudev.so.1.3.5
7faaa6c48000-7faaa6c49000 rw-p 00010000 08:06 11276675                   /lib/x86_64-linux-gnu/libudev.so.1.3.5
7faaa6c50000-7faaa6d85000 r-xp 00000000 08:06 268076                     /usr/lib/x86_64-linux-gnu/libnss3.so
7faaa6d85000-7faaa6f84000 ---p 00135000 08:06 268076                     /usr/lib/x86_64-linux-gnu/libnss3.so
7faaa6f84000-7faaa6f89000 r--p 00134000 08:06 268076                     /usr/lib/x86_64-linux-gnu/libnss3.so
7faaa6f89000-7faaa6f8b000 rw-p 00139000 08:06 268076                     /usr/lib/x86_64-linux-gnu/libnss3.so
7faaa6f8b000-7faaa6f8c000 rw-p 00000000 00:00 0 
7faaa6f90000-7faaa6fa5000 r-xp 00000000 08:06 11276681                   /lib/x86_64-linux-gnu/libusb-1.0.so.0.1.0
7faaa6fa5000-7faaa71a5000 ---p 00015000 08:06 11276681                   /lib/x86_64-linux-gnu/libusb-1.0.so.0.1.0
7faaa71a5000-7faaa71a6000 r--p 00015000 08:06 11276681                   /lib/x86_64-linux-gnu/libusb-1.0.so.0.1.0
7faaa71a6000-7faaa71a7000 rw-p 00016000 08:06 11276681                   /lib/x86_64-linux-gnu/libusb-1.0.so.0.1.0
7faaa71a8000-7faaa71ff000 r-xp 00000000 08:06 787714                     /usr/local/lib/libfprint.so.0.0.0
7faaa71ff000-7faaa73fe000 ---p 00057000 08:06 787714                     /usr/local/lib/libfprint.so.0.0.0
7faaa73fe000-7faaa73ff000 r--p 00056000 08:06 787714                     /usr/local/lib/libfprint.so.0.0.0
7faaa73ff000-7faaa7410000 rw-p 00057000 08:06 787714                     /usr/local/lib/libfprint.so.0.0.0
7faaa7410000-7faaaa2c1000 rw-p 00000000 00:00 0 
7faaaa2c8000-7faaaa2ce000 r-xp 00000000 08:06 131115                     /tmp/libfingerprint6987139794176920834.so
7faaaa2ce000-7faaaa4cd000 ---p 00006000 08:06 131115                     /tmp/libfingerprint6987139794176920834.so
7faaaa4cd000-7faaaa4ce000 r--p 00005000 08:06 131115                     /tmp/libfingerprint6987139794176920834.so
7faaaa4ce000-7faaaa4cf000 rw-p 00006000 08:06 131115                     /tmp/libfingerprint6987139794176920834.so
7faaaa4cf000-7faaaa6cf000 rw-p 00000000 00:00 0 
7faaaa6cf000-7faaaa8cf000 rw-s 43fff000 00:06 11833                      /dev/nvidiactl
7faaaa8d1000-7faaaacd1000 rw-s 160861000 00:06 11833                     /dev/nvidiactl
7faaaad00000-7faaaad60000 rw-s 00000000 00:05 6651949                    /SYSV00000000 (deleted)
7faaaad66000-7faaaaf66000 rw-s 3f08e000 00:06 11833                      /dev/nvidiactl
7faaaaf69000-7faaab169000 rw-s 1a4309000 00:06 11833                     /dev/nvidiactl
7faaab16a000-7faaabe00000 rw-p 00000000 00:00 0 
7faaabe00000-7faaac000000 rw-p 00000000 00:00 0 
7faaac000000-7faaacbee000 rw-p 00000000 00:00 0 
7faaacbee000-7faab0000000 ---p 00000000 00:00 0 
7faab0000000-7faab0029000 rw-p 00000000 00:00 0 
7faab0029000-7faab4000000 ---p 00000000 00:00 0 
7faab4000000-7faab4021000 rw-p 00000000 00:00 0 
7faab4021000-7faab8000000 ---p 00000000 00:00 0 
7faab8020000-7faab806b000 r--p 00000000 08:06 1445505                    /usr/share/fonts/truetype/noto/NotoSans-Regular.ttf
7faab8070000-7faab811a000 r--p 00000000 08:06 1445411                    /usr/share/fonts/truetype/dejavu/DejaVuSans-Bold.ttf
7faab811d000-7faab8130000 r--s 00345000 08:06 10486404                   /usr/lib/jvm/jdk1.8.0_111/jre/lib/resources.jar
7faab8130000-7faab81e6000 r--p 00000000 08:06 1445415                    /usr/share/fonts/truetype/dejavu/DejaVuSans.ttf
7faab81eb000-7faab81ee000 ---p 00000000 00:00 0 
7faab81ee000-7faab82ec000 rw-p 00000000 00:00 0                          [stack:6796]
7faab82ec000-7faab82f1000 r--s 00084000 08:06 10486279                   /usr/lib/jvm/jdk1.8.0_111/jre/lib/jfr.jar
7faab82f8000-7faab8327000 r-xp 00000000 08:06 788682                     /usr/lib/x86_64-linux-gnu/gtk-2.0/2.10.0/engines/libmurrine.so
7faab8327000-7faab8527000 ---p 0002f000 08:06 788682                     /usr/lib/x86_64-linux-gnu/gtk-2.0/2.10.0/engines/libmurrine.so
7faab8527000-7faab8528000 r--p 0002f000 08:06 788682                     /usr/lib/x86_64-linux-gnu/gtk-2.0/2.10.0/engines/libmurrine.so
7faab8528000-7faab8529000 rw-p 00030000 08:06 788682                     /usr/lib/x86_64-linux-gnu/gtk-2.0/2.10.0/engines/libmurrine.so
7faab8530000-7faab8539000 r-xp 00000000 08:06 787773                     /usr/lib/x86_64-linux-gnu/gtk-2.0/2.10.0/engines/libpixmap.so
7faab8539000-7faab8739000 ---p 00009000 08:06 787773                     /usr/lib/x86_64-linux-gnu/gtk-2.0/2.10.0/engines/libpixmap.so
7faab8739000-7faab873a000 r--p 00009000 08:06 787773                     /usr/lib/x86_64-linux-gnu/gtk-2.0/2.10.0/engines/libpixmap.so
7faab873a000-7faab873b000 rw-p 0000a000 08:06 787773                     /usr/lib/x86_64-linux-gnu/gtk-2.0/2.10.0/engines/libpixmap.so
7faab8740000-7faab8940000 rw-p 00000000 00:00 0 
7faab8940000-7faab8b40000 rw-p 00000000 00:00 0 
7faab8b40000-7faab8beb000 r--p 00000000 08:06 10486268                   /usr/lib/jvm/jdk1.8.0_111/jre/lib/fonts/LucidaSansRegular.ttf
7faab8bf0000-7faab8c2a000 r--p 00000000 08:06 10486270                   /usr/lib/jvm/jdk1.8.0_111/jre/lib/fonts/LucidaTypewriterBold.ttf
7faab8c30000-7faab8c43000 r--p 00000000 08:06 10486276                   /usr/lib/jvm/jdk1.8.0_111/jre/lib/fonts/LucidaBrightDemiItalic.ttf
7faab8c48000-7faab8c96000 r--p 00000000 08:06 10486275                   /usr/lib/jvm/jdk1.8.0_111/jre/lib/fonts/LucidaSansDemiBold.ttf
7faab8c98000-7faab8cd4000 r--p 00000000 08:06 10486274                   /usr/lib/jvm/jdk1.8.0_111/jre/lib/fonts/LucidaTypewriterRegular.ttf
7faab8cd8000-7faab8d2d000 r--p 00000000 08:06 10486271                   /usr/lib/jvm/jdk1.8.0_111/jre/lib/fonts/LucidaBrightRegular.ttf
7faab8d30000-7faab8d44000 r--p 00000000 08:06 10486272                   /usr/lib/jvm/jdk1.8.0_111/jre/lib/fonts/LucidaBrightItalic.ttf
7faab8d48000-7faab8d5b000 r--p 00000000 08:06 10486269                   /usr/lib/jvm/jdk1.8.0_111/jre/lib/fonts/LucidaBrightDemiBold.ttf
7faab8d60000-7faab8d64000 r-xp 00000000 08:06 10486217                   /usr/lib/jvm/jdk1.8.0_111/jre/lib/amd64/libjavafx_font_pango.so
7faab8d64000-7faab8f63000 ---p 00004000 08:06 10486217                   /usr/lib/jvm/jdk1.8.0_111/jre/lib/amd64/libjavafx_font_pango.so
7faab8f63000-7faab8f64000 rw-p 00003000 08:06 10486217                   /usr/lib/jvm/jdk1.8.0_111/jre/lib/amd64/libjavafx_font_pango.so
7faab8f68000-7faab8f69000 r--s 00000000 08:06 3801416                    /var/cache/fontconfig/c05880de57d1f5e948fdfacc138775d9-le64.cache-4
7faab8f70000-7faab8f7b000 r--s 00000000 08:06 3801409                    /var/cache/fontconfig/945677eb7aeaf62f1d50efc3fb3ec7d8-le64.cache-4
7faab8f80000-7faab8f82000 r--s 00000000 08:06 3801411                    /var/cache/fontconfig/99e8ed0e538f840c565b6ed5dad60d56-le64.cache-4
7faab8f88000-7faab8f8e000 r--s 00000000 08:06 3801393                    /var/cache/fontconfig/2cd17615ca594fa2959ae173292e504c-le64.cache-4
7faab8f90000-7faab8f91000 r--s 00000000 08:06 3801427                    /var/cache/fontconfig/e7071f4a29fa870f4323321c154eba04-le64.cache-4
7faab8f98000-7faab8f99000 r--s 00000000 08:06 3801390                    /var/cache/fontconfig/0d8c3b2ac0904cb8a57a757ad11a4a08-le64.cache-4
7faab8fa0000-7faab8fa7000 r--s 00000000 08:06 3801413                    /var/cache/fontconfig/a755afe4a08bf5b97852ceb7400b47bc-le64.cache-4
7faab8fa8000-7faab8fb4000 r--s 00000000 08:06 3801404                    /var/cache/fontconfig/6d41288fd70b0be22e8c3a91e032eec0-le64.cache-4
7faab8fb8000-7faab8fcc000 r--s 00000000 08:06 3801387                    /var/cache/fontconfig/04aabc0a78ac019cf9454389977116d2-le64.cache-4
7faab8fd0000-7faab8fd1000 r--s 00000000 08:06 3801392                    /var/cache/fontconfig/1ac9eb803944fde146138c791f5cc56a-le64.cache-4
7faab8fd8000-7faab8fdc000 r--s 00000000 08:06 3801396                    /var/cache/fontconfig/385c0604a188198f04d133e54aba7fe7-le64.cache-4
7faab8fe0000-7faab8fe1000 r--s 00000000 08:06 3801424                    /var/cache/fontconfig/dc05db6664285cc2f12bf69c139ae4c3-le64.cache-4
7faab8fe8000-7faab8fea000 r--s 00000000 08:06 3801406                    /var/cache/fontconfig/767a8244fc0220cfb567a839d0392e0b-le64.cache-4
7faab8ff0000-7faab8ff1000 r--s 00000000 08:06 3801398                    /var/cache/fontconfig/4794a0821666d79190d59a36cb4f44b5-le64.cache-4
7faab8ff8000-7faab900a000 r--s 00000000 08:06 3801388                    /var/cache/fontconfig/0bd3dc0958fa2205aaaa8ebb13e2872b-le64.cache-4
7faab9010000-7faab9015000 r--s 00000000 08:06 3801408                    /var/cache/fontconfig/8801497958630a81b71ace7c5f9b32a8-le64.cache-4
7faab9018000-7faab901e000 r--s 00000000 08:06 3816246                    /var/cache/fontconfig/ca37dee8d6057f2a069c1b3d05990269-le64.cache-4
7faab9020000-7faab9024000 r--s 00000000 08:06 3815067                    /var/cache/fontconfig/c57959a16110560c8d0fcea73374aeeb-le64.cache-4
7faab9028000-7faab902f000 r--s 00000000 08:06 3801394                    /var/cache/fontconfig/3047814df9a2f067bd2d96a2b9c36e5a-le64.cache-4
7faab9030000-7faab9031000 r--s 00000000 08:06 3801400                    /var/cache/fontconfig/56cf4f4769d0f4abc89a4895d7bd3ae1-le64.cache-4
7faab9038000-7faab9039000 r--s 00000000 08:06 3801415                    /var/cache/fontconfig/b9d506c9ac06c20b433354fa67a72993-le64.cache-4
7faab9040000-7faab9046000 r--s 00000000 08:06 3801414                    /var/cache/fontconfig/b47c4e1ecd0709278f4910c18777a504-le64.cache-4
7faab9048000-7faab905b000 r--s 00000000 08:06 3801421                    /var/cache/fontconfig/d52a8644073d54c13679302ca1180695-le64.cache-4
7faab9060000-7faab9069000 r--s 00000000 08:06 3801397                    /var/cache/fontconfig/3f7329c5293ffd510edef78f73874cfd-le64.cache-4
7faab9070000-7faab907b000 r--s 00000000 08:06 3801422                    /var/cache/fontconfig/d589a48862398ed80a3d6066f4f56f4c-le64.cache-4
7faab9080000-7faab9089000 r--s 00000000 08:06 3801419                    /var/cache/fontconfig/d0972c3d32f097851eb916381fc38920-le64.cache-4
7faab9090000-7faab9093000 r--s 00000000 08:06 3812658                    /var/cache/fontconfig/e13b20fdb08344e0e664864cc2ede53d-le64.cache-4
7faab9098000-7faab909c000 r--s 00000000 08:06 3816245                    /var/cache/fontconfig/7ef2298fde41cc6eeb7af42e48b7d293-le64.cache-4
7faab90a0000-7faab90a5000 r-xp 00000000 08:06 10486213                   /usr/lib/jvm/jdk1.8.0_111/jre/lib/amd64/libjavafx_font_freetype.so
7faab90a5000-7faab92a4000 ---p 00005000 08:06 10486213                   /usr/lib/jvm/jdk1.8.0_111/jre/lib/amd64/libjavafx_font_freetype.so
7faab92a4000-7faab92a5000 rw-p 00004000 08:06 10486213                   /usr/lib/jvm/jdk1.8.0_111/jre/lib/amd64/libjavafx_font_freetype.so
7faab92a8000-7faab92ab000 r-xp 00000000 08:06 10486175                   /usr/lib/jvm/jdk1.8.0_111/jre/lib/amd64/libjavafx_font.so
7faab92ab000-7faab94aa000 ---p 00003000 08:06 10486175                   /usr/lib/jvm/jdk1.8.0_111/jre/lib/amd64/libjavafx_font.so
7faab94aa000-7faab94ab000 rw-p 00002000 08:06 10486175                   /usr/lib/jvm/jdk1.8.0_111/jre/lib/amd64/libjavafx_font.so
7faab94b0000-7faab96b0000 rw-p 00000000 00:00 0 
7faab96b0000-7faab96b4000 r--s 00060000 08:06 10355048                   /home/xmbeat/NetBeansProjects/FingerprintLogin/dist/run1483599988/lib/webcam-capture-0.3.10.jar
7faab96b5000-7faab96b7000 r--s 00005000 08:06 10355047                   /home/xmbeat/NetBeansProjects/FingerprintLogin/dist/run1483599988/lib/slf4j-api-1.7.2.jar
7faab96b7000-7faab96bf000 r--s 000cf000 08:06 10354773                   /home/xmbeat/NetBeansProjects/FingerprintLogin/dist/run1483599988/lib/bridj-0.6.2.jar
7faab96c5000-7faab96c8000 ---p 00000000 00:00 0 
7faab96c8000-7faab97c6000 rw-p 00000000 00:00 0                          [stack:6745]
7faab97c6000-7faab97c9000 ---p 00000000 00:00 0 
7faab97c9000-7faab98c7000 rw-p 00000000 00:00 0                          [stack:6723]
7faab98c7000-7faab98ca000 ---p 00000000 00:00 0 
7faab98ca000-7faab99c8000 rw-p 00000000 00:00 0                          [stack:6722]
7faab99c8000-7faab99f2000 r--p 00000000 08:06 1314249                    /usr/share/locale-langpack/es/LC_MESSAGES/gtk20-properties.mo
7faab99f8000-7faab9a1e000 r--p 00000000 08:06 1314142                    /usr/share/locale-langpack/es/LC_MESSAGES/libc.mo
7faab9a20000-7faab9a27000 r--s 00000000 08:06 786750                     /usr/lib/x86_64-linux-gnu/gconv/gconv-modules.cache
7faab9a28000-7faab9a37000 r--p 00000000 08:06 1314186                    /usr/share/locale-langpack/es/LC_MESSAGES/gtk20.mo
7faab9a38000-7faab9a61000 r-xp 00000000 08:06 10486225                   /usr/lib/jvm/jdk1.8.0_111/jre/lib/amd64/libglass.so
7faab9a61000-7faab9c60000 ---p 00029000 08:06 10486225                   /usr/lib/jvm/jdk1.8.0_111/jre/lib/amd64/libglass.so
7faab9c60000-7faab9c63000 rw-p 00028000 08:06 10486225                   /usr/lib/jvm/jdk1.8.0_111/jre/lib/amd64/libglass.so
7faab9c64000-7faab9ce4000 rw-s 92bbc000 00:06 11833                      /dev/nvidiactl
7faab9d20000-7faab9d23000 r--p 00000000 08:06 1314304                    /usr/share/locale-langpack/es/LC_MESSAGES/atk10.mo
7faab9d28000-7faab9d47000 r--s 00000000 08:06 793913                     /usr/share/mime/mime.cache
7faab9d48000-7faab9d49000 r--s 00000000 08:06 8783805                    /home/xmbeat/.local/share/mime/mime.cache
7faab9d50000-7faab9d69000 r--p 00000000 08:06 1314305                    /usr/share/locale-langpack/es/LC_MESSAGES/glib20.mo
7faab9d6d000-7faab9ded000 rw-s 43ff5000 00:06 11833                      /dev/nvidiactl
7faab9df2000-7faab9df5000 ---p 00000000 00:00 0 
7faab9df5000-7faab9ef3000 rw-p 00000000 00:00 0                          [stack:7089]
7faab9ef3000-7faab9f06000 rw-s 8a99b000 00:06 11833                      /dev/nvidiactl
7faab9f08000-7faab9f28000 rw-s c0320000 00:06 11834                      /dev/nvidia0
7faab9f2e000-7faab9f6e000 rw-s 16082e000 00:06 11833                     /dev/nvidiactl
7faab9f6f000-7faab9faf000 rw-s 1e95ef000 00:06 11833                     /dev/nvidiactl
7faab9fb3000-7faaba067000 rw-s 22218b000 00:06 11833                     /dev/nvidiactl
7faaba068000-7faaba06e000 r-xp 00000000 08:06 270780                     /usr/lib/x86_64-linux-gnu/libdatrie.so.1.3.1
7faaba06e000-7faaba26d000 ---p 00006000 08:06 270780                     /usr/lib/x86_64-linux-gnu/libdatrie.so.1.3.1
7faaba26d000-7faaba26e000 r--p 00005000 08:06 270780                     /usr/lib/x86_64-linux-gnu/libdatrie.so.1.3.1
7faaba26e000-7faaba26f000 rw-p 00006000 08:06 270780                     /usr/lib/x86_64-linux-gnu/libdatrie.so.1.3.1
7faaba270000-7faaba275000 r-xp 00000000 08:06 270557                     /usr/lib/x86_64-linux-gnu/libXdmcp.so.6.0.0
7faaba275000-7faaba474000 ---p 00005000 08:06 270557                     /usr/lib/x86_64-linux-gnu/libXdmcp.so.6.0.0
7faaba474000-7faaba475000 r--p 00004000 08:06 270557                     /usr/lib/x86_64-linux-gnu/libXdmcp.so.6.0.0
7faaba475000-7faaba476000 rw-p 00005000 08:06 270557                     /usr/lib/x86_64-linux-gnu/libXdmcp.so.6.0.0
7faaba478000-7faaba47a000 r-xp 00000000 08:06 270544                     /usr/lib/x86_64-linux-gnu/libXau.so.6.0.0
7faaba47a000-7faaba67a000 ---p 00002000 08:06 270544                     /usr/lib/x86_64-linux-gnu/libXau.so.6.0.0
7faaba67a000-7faaba67b000 r--p 00002000 08:06 270544                     /usr/lib/x86_64-linux-gnu/libXau.so.6.0.0
7faaba67b000-7faaba67c000 rw-p 00003000 08:06 270544                     /usr/lib/x86_64-linux-gnu/libXau.so.6.0.0
7faaba680000-7faaba69a000 r-xp 00000000 08:06 263304                     /usr/lib/x86_64-linux-gnu/libgraphite2.so.3.0.1
7faaba69a000-7faaba899000 ---p 0001a000 08:06 263304                     /usr/lib/x86_64-linux-gnu/libgraphite2.so.3.0.1
7faaba899000-7faaba89b000 r--p 00019000 08:06 263304                     /usr/lib/x86_64-linux-gnu/libgraphite2.so.3.0.1
7faaba89b000-7faaba89c000 rw-p 0001b000 08:06 263304                     /usr/lib/x86_64-linux-gnu/libgraphite2.so.3.0.1
7faaba8a0000-7faabc29d000 r-xp 00000000 08:06 921231                     /usr/lib/nvidia-352/libnvidia-glcore.so.352.63
7faabc29d000-7faabc2bd000 rwxp 019fd000 08:06 921231                     /usr/lib/nvidia-352/libnvidia-glcore.so.352.63
7faabc2bd000-7faabc584000 r-xp 01a1d000 08:06 921231                     /usr/lib/nvidia-352/libnvidia-glcore.so.352.63
7faabc584000-7faabc783000 ---p 01ce4000 08:06 921231                     /usr/lib/nvidia-352/libnvidia-glcore.so.352.63
7faabc783000-7faabd31f000 rw-p 01ce3000 08:06 921231                     /usr/lib/nvidia-352/libnvidia-glcore.so.352.63
7faabd31f000-7faabd333000 rw-p 00000000 00:00 0 
7faabd338000-7faabd33b000 r-xp 00000000 08:06 1184481                    /usr/lib/nvidia-352/tls/libnvidia-tls.so.352.63
7faabd33b000-7faabd53a000 ---p 00003000 08:06 1184481                    /usr/lib/nvidia-352/tls/libnvidia-tls.so.352.63
7faabd53a000-7faabd53b000 rw-p 00002000 08:06 1184481                    /usr/lib/nvidia-352/tls/libnvidia-tls.so.352.63
7faabd540000-7faabd57d000 r-xp 00000000 08:06 11276632                   /lib/x86_64-linux-gnu/libpcre.so.3.13.1
7faabd57d000-7faabd77c000 ---p 0003d000 08:06 11276632                   /lib/x86_64-linux-gnu/libpcre.so.3.13.1
7faabd77c000-7faabd77d000 r--p 0003c000 08:06 11276632                   /lib/x86_64-linux-gnu/libpcre.so.3.13.1
7faabd77d000-7faabd77e000 rw-p 0003d000 08:06 11276632                   /lib/x86_64-linux-gnu/libpcre.so.3.13.1
7faabd780000-7faabd787000 r-xp 00000000 08:06 262898                     /usr/lib/x86_64-linux-gnu/libffi.so.6.0.1
7faabd787000-7faabd986000 ---p 00007000 08:06 262898                     /usr/lib/x86_64-linux-gnu/libffi.so.6.0.1
7faabd986000-7faabd987000 r--p 00006000 08:06 262898                     /usr/lib/x86_64-linux-gnu/libffi.so.6.0.1
7faabd987000-7faabd988000 rw-p 00007000 08:06 262898                     /usr/lib/x86_64-linux-gnu/libffi.so.6.0.1
7faabd988000-7faabd9af000 r-xp 00000000 08:06 11276550                   /lib/x86_64-linux-gnu/libexpat.so.1.6.0
7faabd9af000-7faabdbaf000 ---p 00027000 08:06 11276550                   /lib/x86_64-linux-gnu/libexpat.so.1.6.0
7faabdbaf000-7faabdbb1000 r--p 00027000 08:06 11276550                   /lib/x86_64-linux-gnu/libexpat.so.1.6.0
7faabdbb1000-7faabdbb2000 rw-p 00029000 08:06 11276550                   /lib/x86_64-linux-gnu/libexpat.so.1.6.0
7faabdbb8000-7faabdbc0000 r-xp 00000000 08:06 271660                     /usr/lib/x86_64-linux-gnu/libthai.so.0.2.0
7faabdbc0000-7faabddbf000 ---p 00008000 08:06 271660                     /usr/lib/x86_64-linux-gnu/libthai.so.0.2.0
7faabddbf000-7faabddc0000 r--p 00007000 08:06 271660                     /usr/lib/x86_64-linux-gnu/libthai.so.0.2.0
7faabddc0000-7faabddc1000 rw-p 00008000 08:06 271660                     /usr/lib/x86_64-linux-gnu/libthai.so.0.2.0
7faabddc8000-7faabdde5000 r-xp 00000000 08:06 271805                     /usr/lib/x86_64-linux-gnu/libxcb.so.1.1.0
7faabdde5000-7faabdfe5000 ---p 0001d000 08:06 271805                     /usr/lib/x86_64-linux-gnu/libxcb.so.1.1.0
7faabdfe5000-7faabdfe6000 r--p 0001d000 08:06 271805                     /usr/lib/x86_64-linux-gnu/libxcb.so.1.1.0
7faabdfe6000-7faabdfe7000 rw-p 0001e000 08:06 271805                     /usr/lib/x86_64-linux-gnu/libxcb.so.1.1.0
7faabdfe8000-7faabdff0000 r-xp 00000000 08:06 271787                     /usr/lib/x86_64-linux-gnu/libxcb-render.so.0.0.0
7faabdff0000-7faabe1ef000 ---p 00008000 08:06 271787                     /usr/lib/x86_64-linux-gnu/libxcb-render.so.0.0.0
7faabe1ef000-7faabe1f0000 r--p 00007000 08:06 271787                     /usr/lib/x86_64-linux-gnu/libxcb-render.so.0.0.0
7faabe1f0000-7faabe1f1000 rw-p 00008000 08:06 271787                     /usr/lib/x86_64-linux-gnu/libxcb-render.so.0.0.0
7faabe1f8000-7faabe1fa000 r-xp 00000000 08:06 271791                     /usr/lib/x86_64-linux-gnu/libxcb-shm.so.0.0.0
7faabe1fa000-7faabe3f9000 ---p 00002000 08:06 271791                     /usr/lib/x86_64-linux-gnu/libxcb-shm.so.0.0.0
7faabe3f9000-7faabe3fa000 r--p 00001000 08:06 271791                     /usr/lib/x86_64-linux-gnu/libxcb-shm.so.0.0.0
7faabe3fa000-7faabe3fb000 rw-p 00002000 08:06 271791                     /usr/lib/x86_64-linux-gnu/libxcb-shm.so.0.0.0
7faabe400000-7faabe425000 r-xp 00000000 08:06 11273421                   /lib/x86_64-linux-gnu/libpng12.so.0.50.0
7faabe425000-7faabe624000 ---p 00025000 08:06 11273421                   /lib/x86_64-linux-gnu/libpng12.so.0.50.0
7faabe624000-7faabe625000 r--p 00024000 08:06 11273421                   /lib/x86_64-linux-gnu/libpng12.so.0.50.0
7faabe625000-7faabe626000 rw-p 00025000 08:06 11273421                   /lib/x86_64-linux-gnu/libpng12.so.0.50.0
7faabe628000-7faabe6c9000 r-xp 00000000 08:06 271486                     /usr/lib/x86_64-linux-gnu/libpixman-1.so.0.30.2
7faabe6c9000-7faabe8c9000 ---p 000a1000 08:06 271486                     /usr/lib/x86_64-linux-gnu/libpixman-1.so.0.30.2
7faabe8c9000-7faabe8d0000 r--p 000a1000 08:06 271486                     /usr/lib/x86_64-linux-gnu/libpixman-1.so.0.30.2
7faabe8d0000-7faabe8d1000 rw-p 000a8000 08:06 271486                     /usr/lib/x86_64-linux-gnu/libpixman-1.so.0.30.2
7faabe8d8000-7faabe92b000 r-xp 00000000 08:06 271186                     /usr/lib/x86_64-linux-gnu/libharfbuzz.so.0.927.0
7faabe92b000-7faabeb2b000 ---p 00053000 08:06 271186                     /usr/lib/x86_64-linux-gnu/libharfbuzz.so.0.927.0
7faabeb2b000-7faabeb2c000 r--p 00053000 08:06 271186                     /usr/lib/x86_64-linux-gnu/libharfbuzz.so.0.927.0
7faabeb2c000-7faabeb2d000 rw-p 00054000 08:06 271186                     /usr/lib/x86_64-linux-gnu/libharfbuzz.so.0.927.0
7faabeb30000-7faabeb47000 r-xp 00000000 08:06 11272221                   /lib/x86_64-linux-gnu/libresolv-2.19.so
7faabeb47000-7faabed47000 ---p 00017000 08:06 11272221                   /lib/x86_64-linux-gnu/libresolv-2.19.so
7faabed47000-7faabed48000 r--p 00017000 08:06 11272221                   /lib/x86_64-linux-gnu/libresolv-2.19.so
7faabed48000-7faabed49000 rw-p 00018000 08:06 11272221                   /lib/x86_64-linux-gnu/libresolv-2.19.so
7faabed49000-7faabed4b000 rw-p 00000000 00:00 0 
7faabed50000-7faabed70000 r-xp 00000000 08:06 11276659                   /lib/x86_64-linux-gnu/libselinux.so.1
7faabed70000-7faabef6f000 ---p 00020000 08:06 11276659                   /lib/x86_64-linux-gnu/libselinux.so.1
7faabef6f000-7faabef70000 r--p 0001f000 08:06 11276659                   /lib/x86_64-linux-gnu/libselinux.so.1
7faabef70000-7faabef71000 rw-p 00020000 08:06 11276659                   /lib/x86_64-linux-gnu/libselinux.so.1
7faabef71000-7faabef73000 rw-p 00000000 00:00 0 
7faabef78000-7faabef90000 r-xp 00000000 08:06 11276690                   /lib/x86_64-linux-gnu/libz.so.1.2.8
7faabef90000-7faabf18f000 ---p 00018000 08:06 11276690                   /lib/x86_64-linux-gnu/libz.so.1.2.8
7faabf18f000-7faabf190000 r--p 00017000 08:06 11276690                   /lib/x86_64-linux-gnu/libz.so.1.2.8
7faabf190000-7faabf191000 rw-p 00018000 08:06 11276690                   /lib/x86_64-linux-gnu/libz.so.1.2.8
7faabf198000-7faabf1a9000 r-xp 00000000 08:06 270559                     /usr/lib/x86_64-linux-gnu/libXext.so.6.4.0
7faabf1a9000-7faabf3a8000 ---p 00011000 08:06 270559                     /usr/lib/x86_64-linux-gnu/libXext.so.6.4.0
7faabf3a8000-7faabf3a9000 r--p 00010000 08:06 270559                     /usr/lib/x86_64-linux-gnu/libXext.so.6.4.0
7faabf3a9000-7faabf3aa000 rw-p 00011000 08:06 270559                     /usr/lib/x86_64-linux-gnu/libXext.so.6.4.0
7faabf3b0000-7faabf3b2000 r-xp 00000000 08:06 270553                     /usr/lib/x86_64-linux-gnu/libXdamage.so.1.1.0
7faabf3b2000-7faabf5b1000 ---p 00002000 08:06 270553                     /usr/lib/x86_64-linux-gnu/libXdamage.so.1.1.0
7faabf5b1000-7faabf5b2000 r--p 00001000 08:06 270553                     /usr/lib/x86_64-linux-gnu/libXdamage.so.1.1.0
7faabf5b2000-7faabf5b3000 rw-p 00002000 08:06 270553                     /usr/lib/x86_64-linux-gnu/libXdamage.so.1.1.0
7faabf5b8000-7faabf5ba000 r-xp 00000000 08:06 270549                     /usr/lib/x86_64-linux-gnu/libXcomposite.so.1.0.0
7faabf5ba000-7faabf7b9000 ---p 00002000 08:06 270549                     /usr/lib/x86_64-linux-gnu/libXcomposite.so.1.0.0
7faabf7b9000-7faabf7ba000 r--p 00001000 08:06 270549                     /usr/lib/x86_64-linux-gnu/libXcomposite.so.1.0.0
7faabf7ba000-7faabf7bb000 rw-p 00002000 08:06 270549                     /usr/lib/x86_64-linux-gnu/libXcomposite.so.1.0.0
7faabf7c0000-7faabf7c9000 r-xp 00000000 08:06 270551                     /usr/lib/x86_64-linux-gnu/libXcursor.so.1.0.2
7faabf7c9000-7faabf9c8000 ---p 00009000 08:06 270551                     /usr/lib/x86_64-linux-gnu/libXcursor.so.1.0.2
7faabf9c8000-7faabf9c9000 r--p 00008000 08:06 270551                     /usr/lib/x86_64-linux-gnu/libXcursor.so.1.0.2
7faabf9c9000-7faabf9ca000 rw-p 00009000 08:06 270551                     /usr/lib/x86_64-linux-gnu/libXcursor.so.1.0.2
7faabf9d0000-7faabf9d9000 r-xp 00000000 08:06 270579                     /usr/lib/x86_64-linux-gnu/libXrandr.so.2.2.0
7faabf9d9000-7faabfbd8000 ---p 00009000 08:06 270579                     /usr/lib/x86_64-linux-gnu/libXrandr.so.2.2.0
7faabfbd8000-7faabfbd9000 r--p 00008000 08:06 270579                     /usr/lib/x86_64-linux-gnu/libXrandr.so.2.2.0
7faabfbd9000-7faabfbda000 rw-p 00009000 08:06 270579                     /usr/lib/x86_64-linux-gnu/libXrandr.so.2.2.0
7faabfbe0000-7faabfbef000 r-xp 00000000 08:06 270567                     /usr/lib/x86_64-linux-gnu/libXi.so.6.1.0
7faabfbef000-7faabfdee000 ---p 0000f000 08:06 270567                     /usr/lib/x86_64-linux-gnu/libXi.so.6.1.0
7faabfdee000-7faabfdef000 r--p 0000e000 08:06 270567                     /usr/lib/x86_64-linux-gnu/libXi.so.6.1.0
7faabfdef000-7faabfdf0000 rw-p 0000f000 08:06 270567                     /usr/lib/x86_64-linux-gnu/libXi.so.6.1.0
7faabfdf0000-7faabfdf9000 r-xp 00000000 08:06 270581                     /usr/lib/x86_64-linux-gnu/libXrender.so.1.3.0
7faabfdf9000-7faabfff8000 ---p 00009000 08:06 270581                     /usr/lib/x86_64-linux-gnu/libXrender.so.1.3.0
7faabfff8000-7faabfff9000 r--p 00008000 08:06 270581                     /usr/lib/x86_64-linux-gnu/libXrender.so.1.3.0
7faabfff9000-7faabfffa000 rw-p 00009000 08:06 270581                     /usr/lib/x86_64-linux-gnu/libXrender.so.1.3.0
7faac0000000-7faac2507000 rw-p 00000000 00:00 0 
7faac2507000-7faac4000000 ---p 00000000 00:00 0 
7faac4000000-7faac4021000 rw-p 00000000 00:00 0 
7faac4021000-7faac8000000 ---p 00000000 00:00 0 
7faac8000000-7faac8001000 r--s 00000000 08:06 3801389                    /var/cache/fontconfig/0c9eb80ebd1c36541ebe2852d3bb0c49-le64.cache-4
7faac8008000-7faac800a000 r-xp 00000000 08:06 270569                     /usr/lib/x86_64-linux-gnu/libXinerama.so.1.0.0
7faac800a000-7faac8209000 ---p 00002000 08:06 270569                     /usr/lib/x86_64-linux-gnu/libXinerama.so.1.0.0
7faac8209000-7faac820a000 r--p 00001000 08:06 270569                     /usr/lib/x86_64-linux-gnu/libXinerama.so.1.0.0
7faac820a000-7faac820b000 rw-p 00002000 08:06 270569                     /usr/lib/x86_64-linux-gnu/libXinerama.so.1.0.0
7faac8210000-7faac8215000 r-xp 00000000 08:06 270561                     /usr/lib/x86_64-linux-gnu/libXfixes.so.3.1.0
7faac8215000-7faac8414000 ---p 00005000 08:06 270561                     /usr/lib/x86_64-linux-gnu/libXfixes.so.3.1.0
7faac8414000-7faac8415000 r--p 00004000 08:06 270561                     /usr/lib/x86_64-linux-gnu/libXfixes.so.3.1.0
7faac8415000-7faac8416000 rw-p 00005000 08:06 270561                     /usr/lib/x86_64-linux-gnu/libXfixes.so.3.1.0
7faac8418000-7faac842e000 r-xp 00000000 08:06 11273328                   /lib/x86_64-linux-gnu/libgcc_s.so.1
7faac842e000-7faac862d000 ---p 00016000 08:06 11273328                   /lib/x86_64-linux-gnu/libgcc_s.so.1
7faac862d000-7faac862e000 rw-p 00015000 08:06 11273328                   /lib/x86_64-linux-gnu/libgcc_s.so.1
7faac8630000-7faac8716000 r-xp 00000000 08:06 262560                     /usr/lib/x86_64-linux-gnu/libstdc++.so.6.0.19
7faac8716000-7faac8915000 ---p 000e6000 08:06 262560                     /usr/lib/x86_64-linux-gnu/libstdc++.so.6.0.19
7faac8915000-7faac891d000 r--p 000e5000 08:06 262560                     /usr/lib/x86_64-linux-gnu/libstdc++.so.6.0.19
7faac891d000-7faac891f000 rw-p 000ed000 08:06 262560                     /usr/lib/x86_64-linux-gnu/libstdc++.so.6.0.19
7faac891f000-7faac8934000 rw-p 00000000 00:00 0 
7faac8938000-7faac89f6000 r-xp 00000000 08:06 921224                     /usr/lib/nvidia-352/libGL.so.352.63
7faac89f6000-7faac8a29000 rwxp 000be000 08:06 921224                     /usr/lib/nvidia-352/libGL.so.352.63
7faac8a29000-7faac8a3b000 r-xp 000f1000 08:06 921224                     /usr/lib/nvidia-352/libGL.so.352.63
7faac8a3b000-7faac8c3a000 ---p 00103000 08:06 921224                     /usr/lib/nvidia-352/libGL.so.352.63
7faac8c3a000-7faac8c62000 rw-p 00102000 08:06 921224                     /usr/lib/nvidia-352/libGL.so.352.63
7faac8c62000-7faac8c68000 rw-p 00000000 00:00 0 
7faac8c68000-7faac8c6c000 r-xp 00000000 08:06 270597                     /usr/lib/x86_64-linux-gnu/libXxf86vm.so.1.0.0
7faac8c6c000-7faac8e6c000 ---p 00004000 08:06 270597                     /usr/lib/x86_64-linux-gnu/libXxf86vm.so.1.0.0
7faac8e6c000-7faac8e6d000 r--p 00004000 08:06 270597                     /usr/lib/x86_64-linux-gnu/libXxf86vm.so.1.0.0
7faac8e6d000-7faac8e6e000 rw-p 00005000 08:06 270597                     /usr/lib/x86_64-linux-gnu/libXxf86vm.so.1.0.0
7faac8e70000-7faac8fa0000 r-xp 00000000 08:06 270538                     /usr/lib/x86_64-linux-gnu/libX11.so.6.3.0
7faac8fa0000-7faac91a0000 ---p 00130000 08:06 270538                     /usr/lib/x86_64-linux-gnu/libX11.so.6.3.0
7faac91a0000-7faac91a1000 r--p 00130000 08:06 270538                     /usr/lib/x86_64-linux-gnu/libX11.so.6.3.0
7faac91a1000-7faac91a5000 rw-p 00131000 08:06 270538                     /usr/lib/x86_64-linux-gnu/libX11.so.6.3.0
7faac91a8000-7faac91ad000 r-xp 00000000 08:06 270587                     /usr/lib/x86_64-linux-gnu/libXtst.so.6.1.0
7faac91ad000-7faac93ac000 ---p 00005000 08:06 270587                     /usr/lib/x86_64-linux-gnu/libXtst.so.6.1.0
7faac93ac000-7faac93ad000 r--p 00004000 08:06 270587                     /usr/lib/x86_64-linux-gnu/libXtst.so.6.1.0
7faac93ad000-7faac93ae000 rw-p 00005000 08:06 270587                     /usr/lib/x86_64-linux-gnu/libXtst.so.6.1.0
7faac93b0000-7faac94b6000 r-xp 00000000 08:06 11276559                   /lib/x86_64-linux-gnu/libglib-2.0.so.0.4002.0
7faac94b6000-7faac96b5000 ---p 00106000 08:06 11276559                   /lib/x86_64-linux-gnu/libglib-2.0.so.0.4002.0
7faac96b5000-7faac96b6000 r--p 00105000 08:06 11276559                   /lib/x86_64-linux-gnu/libglib-2.0.so.0.4002.0
7faac96b6000-7faac96b7000 rw-p 00106000 08:06 11276559                   /lib/x86_64-linux-gnu/libglib-2.0.so.0.4002.0
7faac96b7000-7faac96b8000 rw-p 00000000 00:00 0 
7faac96b8000-7faac96b9000 r-xp 00000000 08:06 271159                     /usr/lib/x86_64-linux-gnu/libgthread-2.0.so.0.4002.0
7faac96b9000-7faac98b8000 ---p 00001000 08:06 271159                     /usr/lib/x86_64-linux-gnu/libgthread-2.0.so.0.4002.0
7faac98b8000-7faac98b9000 r--p 00000000 08:06 271159                     /usr/lib/x86_64-linux-gnu/libgthread-2.0.so.0.4002.0
7faac98b9000-7faac98ba000 rw-p 00001000 08:06 271159                     /usr/lib/x86_64-linux-gnu/libgthread-2.0.so.0.4002.0
7faac98c0000-7faac98c3000 r-xp 00000000 08:06 271015                     /usr/lib/x86_64-linux-gnu/libgmodule-2.0.so.0.4002.0
7faac98c3000-7faac9ac2000 ---p 00003000 08:06 271015                     /usr/lib/x86_64-linux-gnu/libgmodule-2.0.so.0.4002.0
7faac9ac2000-7faac9ac3000 r--p 00002000 08:06 271015                     /usr/lib/x86_64-linux-gnu/libgmodule-2.0.so.0.4002.0
7faac9ac3000-7faac9ac4000 rw-p 00003000 08:06 271015                     /usr/lib/x86_64-linux-gnu/libgmodule-2.0.so.0.4002.0
7faac9ac8000-7faac9b17000 r-xp 00000000 08:06 271039                     /usr/lib/x86_64-linux-gnu/libgobject-2.0.so.0.4002.0
7faac9b17000-7faac9d17000 ---p 0004f000 08:06 271039                     /usr/lib/x86_64-linux-gnu/libgobject-2.0.so.0.4002.0
7faac9d17000-7faac9d18000 r--p 0004f000 08:06 271039                     /usr/lib/x86_64-linux-gnu/libgobject-2.0.so.0.4002.0
7faac9d18000-7faac9d19000 rw-p 00050000 08:06 271039                     /usr/lib/x86_64-linux-gnu/libgobject-2.0.so.0.4002.0
7faac9d20000-7faac9d5a000 r-xp 00000000 08:06 270920                     /usr/lib/x86_64-linux-gnu/libfontconfig.so.1.8.0
7faac9d5a000-7faac9f59000 ---p 0003a000 08:06 270920                     /usr/lib/x86_64-linux-gnu/libfontconfig.so.1.8.0
7faac9f59000-7faac9f5b000 r--p 00039000 08:06 270920                     /usr/lib/x86_64-linux-gnu/libfontconfig.so.1.8.0
7faac9f5b000-7faac9f5c000 rw-p 0003b000 08:06 270920                     /usr/lib/x86_64-linux-gnu/libfontconfig.so.1.8.0
7faac9f60000-7faac9ffd000 r-xp 00000000 08:06 270946                     /usr/lib/x86_64-linux-gnu/libfreetype.so.6.11.1
7faac9ffd000-7faaca1fc000 ---p 0009d000 08:06 270946                     /usr/lib/x86_64-linux-gnu/libfreetype.so.6.11.1
7faaca1fc000-7faaca202000 r--p 0009c000 08:06 270946                     /usr/lib/x86_64-linux-gnu/libfreetype.so.6.11.1
7faaca202000-7faaca203000 rw-p 000a2000 08:06 270946                     /usr/lib/x86_64-linux-gnu/libfreetype.so.6.11.1
7faaca208000-7faaca252000 r-xp 00000000 08:06 271463                     /usr/lib/x86_64-linux-gnu/libpango-1.0.so.0.3600.3
7faaca252000-7faaca452000 ---p 0004a000 08:06 271463                     /usr/lib/x86_64-linux-gnu/libpango-1.0.so.0.3600.3
7faaca452000-7faaca454000 r--p 0004a000 08:06 271463                     /usr/lib/x86_64-linux-gnu/libpango-1.0.so.0.3600.3
7faaca454000-7faaca455000 rw-p 0004c000 08:06 271463                     /usr/lib/x86_64-linux-gnu/libpango-1.0.so.0.3600.3
7faaca458000-7faaca55e000 r-xp 00000000 08:06 270702                     /usr/lib/x86_64-linux-gnu/libcairo.so.2.11301.0
7faaca55e000-7faaca75d000 ---p 00106000 08:06 270702                     /usr/lib/x86_64-linux-gnu/libcairo.so.2.11301.0
7faaca75d000-7faaca760000 r--p 00105000 08:06 270702                     /usr/lib/x86_64-linux-gnu/libcairo.so.2.11301.0
7faaca760000-7faaca761000 rw-p 00108000 08:06 270702                     /usr/lib/x86_64-linux-gnu/libcairo.so.2.11301.0
7faaca761000-7faaca763000 rw-p 00000000 00:00 0 
7faaca768000-7faaca773000 r-xp 00000000 08:06 271465                     /usr/lib/x86_64-linux-gnu/libpangocairo-1.0.so.0.3600.3
7faaca773000-7faaca973000 ---p 0000b000 08:06 271465                     /usr/lib/x86_64-linux-gnu/libpangocairo-1.0.so.0.3600.3
7faaca973000-7faaca974000 r--p 0000b000 08:06 271465                     /usr/lib/x86_64-linux-gnu/libpangocairo-1.0.so.0.3600.3
7faaca974000-7faaca975000 rw-p 0000c000 08:06 271465                     /usr/lib/x86_64-linux-gnu/libpangocairo-1.0.so.0.3600.3
7faaca978000-7faaca998000 r-xp 00000000 08:06 270979                     /usr/lib/x86_64-linux-gnu/libgdk_pixbuf-2.0.so.0.3000.7
7faaca998000-7faacab97000 ---p 00020000 08:06 270979                     /usr/lib/x86_64-linux-gnu/libgdk_pixbuf-2.0.so.0.3000.7
7faacab97000-7faacab98000 r--p 0001f000 08:06 270979                     /usr/lib/x86_64-linux-gnu/libgdk_pixbuf-2.0.so.0.3000.7
7faacab98000-7faacab99000 rw-p 00020000 08:06 270979                     /usr/lib/x86_64-linux-gnu/libgdk_pixbuf-2.0.so.0.3000.7
7faacaba0000-7faacabb4000 r-xp 00000000 08:06 271467                     /usr/lib/x86_64-linux-gnu/libpangoft2-1.0.so.0.3600.3
7faacabb4000-7faacadb3000 ---p 00014000 08:06 271467                     /usr/lib/x86_64-linux-gnu/libpangoft2-1.0.so.0.3600.3
7faacadb3000-7faacadb4000 r--p 00013000 08:06 271467                     /usr/lib/x86_64-linux-gnu/libpangoft2-1.0.so.0.3600.3
7faacadb4000-7faacadb5000 rw-p 00014000 08:06 271467                     /usr/lib/x86_64-linux-gnu/libpangoft2-1.0.so.0.3600.3
7faacadb8000-7faacaf24000 r-xp 00000000 08:06 271001                     /usr/lib/x86_64-linux-gnu/libgio-2.0.so.0.4002.0
7faacaf24000-7faacb123000 ---p 0016c000 08:06 271001                     /usr/lib/x86_64-linux-gnu/libgio-2.0.so.0.4002.0
7faacb123000-7faacb127000 r--p 0016b000 08:06 271001                     /usr/lib/x86_64-linux-gnu/libgio-2.0.so.0.4002.0
7faacb127000-7faacb129000 rw-p 0016f000 08:06 271001                     /usr/lib/x86_64-linux-gnu/libgio-2.0.so.0.4002.0
7faacb129000-7faacb12b000 rw-p 00000000 00:00 0 
7faacb130000-7faacb14f000 r-xp 00000000 08:06 270646                     /usr/lib/x86_64-linux-gnu/libatk-1.0.so.0.21009.1
7faacb14f000-7faacb34f000 ---p 0001f000 08:06 270646                     /usr/lib/x86_64-linux-gnu/libatk-1.0.so.0.21009.1
7faacb34f000-7faacb351000 r--p 0001f000 08:06 270646                     /usr/lib/x86_64-linux-gnu/libatk-1.0.so.0.21009.1
7faacb351000-7faacb352000 rw-p 00021000 08:06 270646                     /usr/lib/x86_64-linux-gnu/libatk-1.0.so.0.21009.1
7faacb358000-7faacb405000 r-xp 00000000 08:06 262704                     /usr/lib/x86_64-linux-gnu/libgdk-x11-2.0.so.0.2400.23
7faacb405000-7faacb605000 ---p 000ad000 08:06 262704                     /usr/lib/x86_64-linux-gnu/libgdk-x11-2.0.so.0.2400.23
7faacb605000-7faacb609000 r--p 000ad000 08:06 262704                     /usr/lib/x86_64-linux-gnu/libgdk-x11-2.0.so.0.2400.23
7faacb609000-7faacb60b000 rw-p 000b1000 08:06 262704                     /usr/lib/x86_64-linux-gnu/libgdk-x11-2.0.so.0.2400.23
7faacb610000-7faacba40000 r-xp 00000000 08:06 265442                     /usr/lib/x86_64-linux-gnu/libgtk-x11-2.0.so.0.2400.23
7faacba40000-7faacbc3f000 ---p 00430000 08:06 265442                     /usr/lib/x86_64-linux-gnu/libgtk-x11-2.0.so.0.2400.23
7faacbc3f000-7faacbc46000 r--p 0042f000 08:06 265442                     /usr/lib/x86_64-linux-gnu/libgtk-x11-2.0.so.0.2400.23
7faacbc46000-7faacbc4a000 rw-p 00436000 08:06 265442                     /usr/lib/x86_64-linux-gnu/libgtk-x11-2.0.so.0.2400.23
7faacbc4a000-7faacbc4d000 rw-p 00000000 00:00 0 
7faacbc50000-7faacbc5c000 r-xp 00000000 08:06 10486192                   /usr/lib/jvm/jdk1.8.0_111/jre/lib/amd64/libprism_es2.so
7faacbc5c000-7faacbe5b000 ---p 0000c000 08:06 10486192                   /usr/lib/jvm/jdk1.8.0_111/jre/lib/amd64/libprism_es2.so
7faacbe5b000-7faacbe5c000 rw-p 0000b000 08:06 10486192                   /usr/lib/jvm/jdk1.8.0_111/jre/lib/amd64/libprism_es2.so
7faacbe62000-7faacbe65000 ---p 00000000 00:00 0 
7faacbe65000-7faacbf63000 rw-p 00000000 00:00 0                          [stack:6721]
7faacbf63000-7faacbff9000 r--s 01103000 08:06 10486256                   /usr/lib/jvm/jdk1.8.0_111/jre/lib/ext/jfxrt.jar
7faacc000000-7faacc9a1000 rw-p 00000000 00:00 0 
7faacc9a1000-7faad0000000 ---p 00000000 00:00 0 
7faad0000000-7faad0021000 rw-p 00000000 00:00 0 
7faad0021000-7faad4000000 ---p 00000000 00:00 0 
7faad4000000-7faad4021000 rw-p 00000000 00:00 0 
7faad4021000-7faad8000000 ---p 00000000 00:00 0 
7faad8000000-7faad95ee000 rw-p 00000000 00:00 0 
7faad95ee000-7faadc000000 ---p 00000000 00:00 0 
7faadc000000-7faadc021000 rw-p 00000000 00:00 0 
7faadc021000-7faae0000000 ---p 00000000 00:00 0 
7faae0000000-7faae0034000 rw-p 00000000 00:00 0 
7faae0034000-7faae4000000 ---p 00000000 00:00 0 
7faae4000000-7faae4021000 rw-p 00000000 00:00 0 
7faae4021000-7faae8000000 ---p 00000000 00:00 0 
7faae8000000-7faae8021000 rw-p 00000000 00:00 0 
7faae8021000-7faaec000000 ---p 00000000 00:00 0 
7faaec000000-7faaec021000 rw-p 00000000 00:00 0 
7faaec021000-7faaf0000000 ---p 00000000 00:00 0 
7faaf0002000-7faaf0005000 r--s 0003a000 08:06 10355046                   /home/xmbeat/NetBeansProjects/FingerprintLogin/dist/run1483599988/lib/mysql-connector-java-3.0.17-ga-bin.jar
7faaf000c000-7faaf002c000 rw-s 16329c000 00:06 11833                     /dev/nvidiactl
7faaf0033000-7faaf0034000 ---p 00000000 00:00 0 
7faaf0034000-7faaf0134000 rw-p 00000000 00:00 0                          [stack:6692]
7faaf0134000-7faaf0137000 ---p 00000000 00:00 0 
7faaf0137000-7faaf0235000 rw-p 00000000 00:00 0                          [stack:6691]
7faaf0235000-7faaf0238000 ---p 00000000 00:00 0 
7faaf0238000-7faaf0336000 rw-p 00000000 00:00 0                          [stack:6690]
7faaf0336000-7faaf0339000 ---p 00000000 00:00 0 
7faaf0339000-7faaf0437000 rw-p 00000000 00:00 0                          [stack:6689]
7faaf0437000-7faaf043a000 ---p 00000000 00:00 0 
7faaf043a000-7faaf0538000 rw-p 00000000 00:00 0                          [stack:6688]
7faaf0538000-7faaf0a76000 r--p 00000000 08:06 269140                     /usr/lib/locale/locale-archive
7faaf0a78000-7faaf0a7b000 ---p 00000000 00:00 0 
7faaf0a7b000-7faaf0b79000 rw-p 00000000 00:00 0                          [stack:6687]
7faaf0b79000-7faaf0b7c000 ---p 00000000 00:00 0 
7faaf0b7c000-7faaf0c7a000 rw-p 00000000 00:00 0                          [stack:6686]
7faaf0c7a000-7faaf0c7b000 ---p 00000000 00:00 0 
7faaf0c7b000-7faaf5000000 rw-p 00000000 00:00 0                          [stack:6685]
7faaf5000000-7faaf5f60000 rwxp 00000000 00:00 0 
7faaf5f60000-7fab04000000 ---p 00000000 00:00 0 
7fab04000000-7fab04487000 rw-p 00000000 00:00 0 
7fab04487000-7fab08000000 ---p 00000000 00:00 0 
7fab08007000-7fab0845a000 rw-p 00000000 00:00 0 
7fab0845a000-7fab08632000 r--s 03d2a000 08:06 10486172                   /usr/lib/jvm/jdk1.8.0_111/jre/lib/rt.jar
7fab08637000-7fab09285000 rw-p 00000000 00:00 0 
7fab09285000-7fab09286000 ---p 00000000 00:00 0 
7fab09286000-7fab09386000 rw-p 00000000 00:00 0                          [stack:6684]
7fab09386000-7fab09387000 ---p 00000000 00:00 0 
7fab09387000-7fab094a5000 rw-p 00000000 00:00 0                          [stack:6683]
7fab094a5000-7fab09717000 ---p 00000000 00:00 0 
7fab09717000-7fab09735000 rw-p 00000000 00:00 0 
7fab09735000-7fab099a7000 ---p 00000000 00:00 0 
7fab099a7000-7fab099df000 rw-p 00000000 00:00 0 
7fab099df000-7fab09aef000 ---p 00000000 00:00 0 
7fab09aef000-7fab09b2e000 rw-p 00000000 00:00 0 
7fab09b2e000-7fab09eb0000 ---p 00000000 00:00 0 
7fab09eb0000-7fab09eca000 r-xp 00000000 08:06 10486203                   /usr/lib/jvm/jdk1.8.0_111/jre/lib/amd64/libzip.so
7fab09eca000-7fab0a0ca000 ---p 0001a000 08:06 10486203                   /usr/lib/jvm/jdk1.8.0_111/jre/lib/amd64/libzip.so
7fab0a0ca000-7fab0a0cb000 rw-p 0001a000 08:06 10486203                   /usr/lib/jvm/jdk1.8.0_111/jre/lib/amd64/libzip.so
7fab0a0d0000-7fab0a0db000 r-xp 00000000 08:06 11273355                   /lib/x86_64-linux-gnu/libnss_files-2.19.so
7fab0a0db000-7fab0a2da000 ---p 0000b000 08:06 11273355                   /lib/x86_64-linux-gnu/libnss_files-2.19.so
7fab0a2da000-7fab0a2db000 r--p 0000a000 08:06 11273355                   /lib/x86_64-linux-gnu/libnss_files-2.19.so
7fab0a2db000-7fab0a2dc000 rw-p 0000b000 08:06 11273355                   /lib/x86_64-linux-gnu/libnss_files-2.19.so
7fab0a2e0000-7fab0a2eb000 r-xp 00000000 08:06 11273318                   /lib/x86_64-linux-gnu/libnss_nis-2.19.so
7fab0a2eb000-7fab0a4ea000 ---p 0000b000 08:06 11273318                   /lib/x86_64-linux-gnu/libnss_nis-2.19.so
7fab0a4ea000-7fab0a4eb000 r--p 0000a000 08:06 11273318                   /lib/x86_64-linux-gnu/libnss_nis-2.19.so
7fab0a4eb000-7fab0a4ec000 rw-p 0000b000 08:06 11273318                   /lib/x86_64-linux-gnu/libnss_nis-2.19.so
7fab0a4f0000-7fab0a507000 r-xp 00000000 08:06 11273308                   /lib/x86_64-linux-gnu/libnsl-2.19.so
7fab0a507000-7fab0a706000 ---p 00017000 08:06 11273308                   /lib/x86_64-linux-gnu/libnsl-2.19.so
7fab0a706000-7fab0a707000 r--p 00016000 08:06 11273308                   /lib/x86_64-linux-gnu/libnsl-2.19.so
7fab0a707000-7fab0a708000 rw-p 00017000 08:06 11273308                   /lib/x86_64-linux-gnu/libnsl-2.19.so
7fab0a708000-7fab0a70a000 rw-p 00000000 00:00 0 
7fab0a710000-7fab0a719000 r-xp 00000000 08:06 11273302                   /lib/x86_64-linux-gnu/libnss_compat-2.19.so
7fab0a719000-7fab0a918000 ---p 00009000 08:06 11273302                   /lib/x86_64-linux-gnu/libnss_compat-2.19.so
7fab0a918000-7fab0a919000 r--p 00008000 08:06 11273302                   /lib/x86_64-linux-gnu/libnss_compat-2.19.so
7fab0a919000-7fab0a91a000 rw-p 00009000 08:06 11273302                   /lib/x86_64-linux-gnu/libnss_compat-2.19.so
7fab0a920000-7fab0a94b000 r-xp 00000000 08:06 10486230                   /usr/lib/jvm/jdk1.8.0_111/jre/lib/amd64/libjava.so
7fab0a94b000-7fab0ab4a000 ---p 0002b000 08:06 10486230                   /usr/lib/jvm/jdk1.8.0_111/jre/lib/amd64/libjava.so
7fab0ab4a000-7fab0ab4c000 rw-p 0002a000 08:06 10486230                   /usr/lib/jvm/jdk1.8.0_111/jre/lib/amd64/libjava.so
7fab0ab50000-7fab0ab5d000 r-xp 00000000 08:06 10486181                   /usr/lib/jvm/jdk1.8.0_111/jre/lib/amd64/libverify.so
7fab0ab5d000-7fab0ad5c000 ---p 0000d000 08:06 10486181                   /usr/lib/jvm/jdk1.8.0_111/jre/lib/amd64/libverify.so
7fab0ad5c000-7fab0ad5e000 rw-p 0000c000 08:06 10486181                   /usr/lib/jvm/jdk1.8.0_111/jre/lib/amd64/libverify.so
7fab0ad60000-7fab0ad67000 r-xp 00000000 08:06 11273343                   /lib/x86_64-linux-gnu/librt-2.19.so
7fab0ad67000-7fab0af66000 ---p 00007000 08:06 11273343                   /lib/x86_64-linux-gnu/librt-2.19.so
7fab0af66000-7fab0af67000 r--p 00006000 08:06 11273343                   /lib/x86_64-linux-gnu/librt-2.19.so
7fab0af67000-7fab0af68000 rw-p 00007000 08:06 11273343                   /lib/x86_64-linux-gnu/librt-2.19.so
7fab0af68000-7fab0b06d000 r-xp 00000000 08:06 11273293                   /lib/x86_64-linux-gnu/libm-2.19.so
7fab0b06d000-7fab0b26c000 ---p 00105000 08:06 11273293                   /lib/x86_64-linux-gnu/libm-2.19.so
7fab0b26c000-7fab0b26d000 r--p 00104000 08:06 11273293                   /lib/x86_64-linux-gnu/libm-2.19.so
7fab0b26d000-7fab0b26e000 rw-p 00105000 08:06 11273293                   /lib/x86_64-linux-gnu/libm-2.19.so
7fab0b270000-7fab0bf3d000 r-xp 00000000 08:06 10486234                   /usr/lib/jvm/jdk1.8.0_111/jre/lib/amd64/server/libjvm.so
7fab0bf3d000-7fab0c13c000 ---p 00ccd000 08:06 10486234                   /usr/lib/jvm/jdk1.8.0_111/jre/lib/amd64/server/libjvm.so
7fab0c13c000-7fab0c215000 rw-p 00ccc000 08:06 10486234                   /usr/lib/jvm/jdk1.8.0_111/jre/lib/amd64/server/libjvm.so
7fab0c215000-7fab0c260000 rw-p 00000000 00:00 0 
7fab0c260000-7fab0c41b000 r-xp 00000000 08:06 11273344                   /lib/x86_64-linux-gnu/libc-2.19.so
7fab0c41b000-7fab0c61a000 ---p 001bb000 08:06 11273344                   /lib/x86_64-linux-gnu/libc-2.19.so
7fab0c61a000-7fab0c61e000 r--p 001ba000 08:06 11273344                   /lib/x86_64-linux-gnu/libc-2.19.so
7fab0c61e000-7fab0c620000 rw-p 001be000 08:06 11273344                   /lib/x86_64-linux-gnu/libc-2.19.so
7fab0c620000-7fab0c625000 rw-p 00000000 00:00 0 
7fab0c628000-7fab0c62b000 r-xp 00000000 08:06 11273295                   /lib/x86_64-linux-gnu/libdl-2.19.so
7fab0c62b000-7fab0c82a000 ---p 00003000 08:06 11273295                   /lib/x86_64-linux-gnu/libdl-2.19.so
7fab0c82a000-7fab0c82b000 r--p 00002000 08:06 11273295                   /lib/x86_64-linux-gnu/libdl-2.19.so
7fab0c82b000-7fab0c82c000 rw-p 00003000 08:06 11273295                   /lib/x86_64-linux-gnu/libdl-2.19.so
7fab0c830000-7fab0c845000 r-xp 00000000 08:06 10486219                   /usr/lib/jvm/jdk1.8.0_111/jre/lib/amd64/jli/libjli.so
7fab0c845000-7fab0ca45000 ---p 00015000 08:06 10486219                   /usr/lib/jvm/jdk1.8.0_111/jre/lib/amd64/jli/libjli.so
7fab0ca45000-7fab0ca46000 rw-p 00015000 08:06 10486219                   /usr/lib/jvm/jdk1.8.0_111/jre/lib/amd64/jli/libjli.so
7fab0ca48000-7fab0ca61000 r-xp 00000000 08:06 11273309                   /lib/x86_64-linux-gnu/libpthread-2.19.so
7fab0ca61000-7fab0cc60000 ---p 00019000 08:06 11273309                   /lib/x86_64-linux-gnu/libpthread-2.19.so
7fab0cc60000-7fab0cc61000 r--p 00018000 08:06 11273309                   /lib/x86_64-linux-gnu/libpthread-2.19.so
7fab0cc61000-7fab0cc62000 rw-p 00019000 08:06 11273309                   /lib/x86_64-linux-gnu/libpthread-2.19.so
7fab0cc62000-7fab0cc66000 rw-p 00000000 00:00 0 
7fab0cc68000-7fab0cc8b000 r-xp 00000000 08:06 11273314                   /lib/x86_64-linux-gnu/ld-2.19.so
7fab0cc90000-7fab0cc92000 rw-s 00000000 08:06 131094                     /tmp/.gljutxRq (deleted)
7fab0cc97000-7fab0cc98000 rw-s 92b6f000 00:06 11833                      /dev/nvidiactl
7fab0cc9b000-7fab0cc9f000 rw-s 43d1b000 00:06 11833                      /dev/nvidiactl
7fab0cca6000-7fab0cca7000 rw-s cfee6000 00:06 11834                      /dev/nvidia0
7fab0ccae000-7fab0ccaf000 rw-s cfee6000 00:06 11834                      /dev/nvidia0
7fab0ccb0000-7fab0ccb2000 r--p 00000000 08:06 1313351                    /usr/share/icons/Mint-X-Orange/icon-theme.cache
7fab0ccb9000-7fab0ccbe000 r--s 002f9000 08:06 10486125                   /usr/lib/jvm/jdk1.8.0_111/jre/lib/charsets.jar
7fab0ccc0000-7fab0ccc6000 r--p 00000000 08:06 1314243                    /usr/share/locale-langpack/es/LC_MESSAGES/gdk-pixbuf.mo
7fab0ccc7000-7fab0cccb000 r--s 00097000 08:06 10486124                   /usr/lib/jvm/jdk1.8.0_111/jre/lib/jsse.jar
7fab0ccd1000-7fab0ccd2000 rw-s fd641000 00:06 11834                      /dev/nvidia0
7fab0ccd9000-7fab0cd5b000 rw-p 00000000 00:00 0 
7fab0cd5b000-7fab0cd5e000 ---p 00000000 00:00 0 
7fab0cd5e000-7fab0ce60000 rw-p 00000000 00:00 0                          [stack:6680]
7fab0ce64000-7fab0ce65000 rw-s 222edc000 00:06 11833                     /dev/nvidiactl
7fab0ce6b000-7fab0ce6c000 rw-s 182ba3000 00:06 11833                     /dev/nvidiactl
7fab0ce70000-7fab0ce71000 rw-s fd060000 00:06 11834                      /dev/nvidia0
7fab0ce74000-7fab0ce76000 r--s 00024000 08:06 10229180                   /home/xmbeat/NetBeansProjects/FingerprintLogin/dist/run1483599988/FingerprintLogin.jar
7fab0ce78000-7fab0ce80000 rw-s 00000000 08:06 1185733                    /tmp/hsperfdata_xmbeat/6678
7fab0ce82000-7fab0ce87000 rw-p 00000000 00:00 0 
7fab0ce87000-7fab0ce88000 r--p 00000000 00:00 0 
7fab0ce88000-7fab0ce8a000 rw-p 00000000 00:00 0 
7fab0ce8a000-7fab0ce8b000 r--p 00022000 08:06 11273314                   /lib/x86_64-linux-gnu/ld-2.19.so
7fab0ce8b000-7fab0ce8c000 rw-p 00023000 08:06 11273314                   /lib/x86_64-linux-gnu/ld-2.19.so
7fab0ce8c000-7fab0ce8d000 rw-p 00000000 00:00 0 
7ffc4410c000-7ffc4412d000 rw-p 00000000 00:00 0                          [stack]
7ffc44198000-7ffc4419a000 r--p 00000000 00:00 0                          [vvar]
7ffc4419a000-7ffc4419c000 r-xp 00000000 00:00 0                          [vdso]
ffffffffff600000-ffffffffff601000 r-xp 00000000 00:00 0                  [vsyscall]

VM Arguments:
jvm_args: -Dfile.encoding=UTF-8 
java_command: /home/xmbeat/NetBeansProjects/FingerprintLogin/dist/run1483599988/FingerprintLogin.jar
java_class_path (initial): /home/xmbeat/NetBeansProjects/FingerprintLogin/dist/run1483599988/FingerprintLogin.jar
Launcher Type: SUN_STANDARD

Environment Variables:
PATH=/home/xmbeat/bin:/usr/local/sbin:/usr/local/bin:/usr/sbin:/usr/bin:/sbin:/bin:/usr/games:/usr/local/games
USERNAME=xmbeat
LD_LIBRARY_PATH=/usr/lib/jvm/jdk1.8.0_111/jre/lib/amd64:/usr/lib/jvm/jdk1.8.0_111/jre/lib/i386:
SHELL=/bin/bash
DISPLAY=:0

Signal Handlers:
SIGSEGV: [libjvm.so+0xac64b0], sa_mask[0]=11111111011111111101111111111110, sa_flags=SA_RESTART|SA_SIGINFO
SIGBUS: [libjvm.so+0xac64b0], sa_mask[0]=11111111011111111101111111111110, sa_flags=SA_RESTART|SA_SIGINFO
SIGFPE: [libjvm.so+0x91f950], sa_mask[0]=11111111011111111101111111111110, sa_flags=SA_RESTART|SA_SIGINFO
SIGPIPE: SIG_IGN, sa_mask[0]=00000000000010000000000000000000, sa_flags=SA_RESTART
SIGXFSZ: [libjvm.so+0x91f950], sa_mask[0]=11111111011111111101111111111110, sa_flags=SA_RESTART|SA_SIGINFO
SIGILL: [libjvm.so+0x91f950], sa_mask[0]=11111111011111111101111111111110, sa_flags=SA_RESTART|SA_SIGINFO
SIGUSR1: SIG_DFL, sa_mask[0]=00000000000000000000000000000000, sa_flags=none
SIGUSR2: [libjvm.so+0x920f80], sa_mask[0]=00100000000000000000000000000000, sa_flags=SA_RESTART|SA_SIGINFO
SIGHUP: [libjvm.so+0x922380], sa_mask[0]=11111111011111111101111111111110, sa_flags=SA_RESTART|SA_SIGINFO
SIGINT: SIG_IGN, sa_mask[0]=00000000000000000000000000000000, sa_flags=none
SIGTERM: [libjvm.so+0x922380], sa_mask[0]=11111111011111111101111111111110, sa_flags=SA_RESTART|SA_SIGINFO
SIGQUIT: [libjvm.so+0x922380], sa_mask[0]=11111111011111111101111111111110, sa_flags=SA_RESTART|SA_SIGINFO


---------------  S Y S T E M  ---------------

OS:DISTRIB_ID=LinuxMint
DISTRIB_RELEASE=17.3
DISTRIB_CODENAME=rosa
DISTRIB_DESCRIPTION="Linux Mint 17.3 Rosa"

uname:Linux 3.19.0-32-generic #37~14.04.1-Ubuntu SMP Thu Oct 22 09:41:40 UTC 2015 x86_64
libc:glibc 2.19 NPTL 2.19 
rlimit: STACK 8192k, CORE 0k, NPROC 31347, NOFILE 4096, AS infinity
load average:2.06 1.86 2.19

/proc/meminfo:
MemTotal:        8056656 kB
MemFree:         1665612 kB
MemAvailable:    3941732 kB
Buffers:          204976 kB
Cached:          2284212 kB
SwapCached:            0 kB
Active:          4464092 kB
Inactive:        1548932 kB
Active(anon):    3527248 kB
Inactive(anon):   110008 kB
Active(file):     936844 kB
Inactive(file):  1438924 kB
Unevictable:           0 kB
Mlocked:               0 kB
SwapTotal:       3998716 kB
SwapFree:        3998716 kB
Dirty:               196 kB
Writeback:             0 kB
AnonPages:       3523832 kB
Mapped:           663604 kB
Shmem:            113424 kB
Slab:             172372 kB
SReclaimable:     138572 kB
SUnreclaim:        33800 kB
KernelStack:        9632 kB
PageTables:        40252 kB
NFS_Unstable:          0 kB
Bounce:                0 kB
WritebackTmp:          0 kB
CommitLimit:     8027044 kB
Committed_AS:    7483796 kB
VmallocTotal:   34359738367 kB
VmallocUsed:      320996 kB
VmallocChunk:   34359412860 kB
HardwareCorrupted:     0 kB
AnonHugePages:   2142208 kB
CmaTotal:              0 kB
CmaFree:               0 kB
HugePages_Total:       0
HugePages_Free:        0
HugePages_Rsvd:        0
HugePages_Surp:        0
Hugepagesize:       2048 kB
DirectMap4k:      282036 kB
DirectMap2M:     7004160 kB
DirectMap1G:     1048576 kB


CPU:total 2 (2 cores per cpu, 1 threads per core) family 21 model 19 stepping 1, cmov, cx8, fxsr, mmx, sse, sse2, sse3, ssse3, sse4.1, sse4.2, popcnt, avx, aes, clmul, mmxext, 3dnowpref, lzcnt, sse4a, tsc, tscinvbit, tscinv, bmi1

/proc/cpuinfo:
processor	: 0
vendor_id	: AuthenticAMD
cpu family	: 21
model		: 19
model name	: AMD A4-4000 APU with Radeon(tm) HD Graphics
stepping	: 1
microcode	: 0x6001119
cpu MHz		: 3000.000
cache size	: 1024 KB
physical id	: 0
siblings	: 2
core id		: 0
cpu cores	: 1
apicid		: 16
initial apicid	: 0
fpu		: yes
fpu_exception	: yes
cpuid level	: 13
wp		: yes
flags		: fpu vme de pse tsc msr pae mce cx8 apic sep mtrr pge mca cmov pat pse36 clflush mmx fxsr sse sse2 ht syscall nx mmxext fxsr_opt pdpe1gb rdtscp lm constant_tsc rep_good nopl nonstop_tsc extd_apicid aperfmperf pni pclmulqdq monitor ssse3 fma cx16 sse4_1 sse4_2 popcnt aes xsave avx f16c lahf_lm cmp_legacy svm extapic cr8_legacy abm sse4a misalignsse 3dnowprefetch osvw ibs xop skinit wdt lwp fma4 tce nodeid_msr tbm topoext perfctr_core perfctr_nb arat cpb hw_pstate npt lbrv svm_lock nrip_save tsc_scale vmcb_clean flushbyasid decodeassists pausefilter pfthreshold vmmcall bmi1
bugs		: fxsave_leak
bogomips	: 5988.89
TLB size	: 1536 4K pages
clflush size	: 64
cache_alignment	: 64
address sizes	: 48 bits physical, 48 bits virtual
power management: ts ttp tm 100mhzsteps hwpstate cpb eff_freq_ro

processor	: 1
vendor_id	: AuthenticAMD
cpu family	: 21
model		: 19
model name	: AMD A4-4000 APU with Radeon(tm) HD Graphics    
stepping	: 1
microcode	: 0x6001119
cpu MHz		: 3000.000
cache size	: 1024 KB
physical id	: 0
siblings	: 2
core id		: 1
cpu cores	: 1
apicid		: 17
initial apicid	: 1
fpu		: yes
fpu_exception	: yes
cpuid level	: 13
wp		: yes
flags		: fpu vme de pse tsc msr pae mce cx8 apic sep mtrr pge mca cmov pat pse36 clflush mmx fxsr sse sse2 ht syscall nx mmxext fxsr_opt pdpe1gb rdtscp lm constant_tsc rep_good nopl nonstop_tsc extd_apicid aperfmperf pni pclmulqdq monitor ssse3 fma cx16 sse4_1 sse4_2 popcnt aes xsave avx f16c lahf_lm cmp_legacy svm extapic cr8_legacy abm sse4a misalignsse 3dnowprefetch osvw ibs xop skinit wdt lwp fma4 tce nodeid_msr tbm topoext perfctr_core perfctr_nb arat cpb hw_pstate npt lbrv svm_lock nrip_save tsc_scale vmcb_clean flushbyasid decodeassists pausefilter pfthreshold vmmcall bmi1
bugs		: fxsave_leak
bogomips	: 5988.89
TLB size	: 1536 4K pages
clflush size	: 64
cache_alignment	: 64
address sizes	: 48 bits physical, 48 bits virtual
power management: ts ttp tm 100mhzsteps hwpstate cpb eff_freq_ro



Memory: 4k page, physical 8056656k(1665612k free), swap 3998716k(3998716k free)

vm_info: Java HotSpot(TM) 64-Bit Server VM (25.111-b14) for linux-amd64 JRE (1.8.0_111-b14), built on Sep 22 2016 16:14:03 by "java_re" with gcc 4.3.0 20080428 (Red Hat 4.3.0-8)

time: Mon Dec  5 23:30:03 2016
elapsed time: 149 seconds (0d 0h 2m 29s)

