#
# A fatal error has been detected by the Java Runtime Environment:
#
#  SIGSEGV (0xb) at pc=0x00007f18c40001c8, pid=11131, tid=0x00007f18be346700
#
# JRE version: Java(TM) SE Runtime Environment (8.0_111-b14) (build 1.8.0_111-b14)
# Java VM: Java HotSpot(TM) 64-Bit Server VM (25.111-b14 mixed mode linux-amd64 compressed oops)
# Problematic frame:
# C  0x00007f18c40001c8
#
# Failed to write core dump. Core dumps have been disabled. To enable core dumping, try "ulimit -c unlimited" before starting Java again
#
# If you would like to submit a bug report, please visit:
#   http://bugreport.java.com/bugreport/crash.jsp
# The crash happened outside the Java Virtual Machine in native code.
# See problematic frame for where to report the bug.
#

---------------  T H R E A D  ---------------

Current thread (0x00007f18c8018000):  JavaThread "Thread-4" daemon [_thread_in_native, id=11392, stack(0x00007f18be246000,0x00007f18be347000)]

siginfo: si_signo: 11 (SIGSEGV), si_code: 2 (SEGV_ACCERR), si_addr: 0x00007f18c40001c8

Registers:
RAX=0x00007f18c40001c8, RBX=0x00007f18c4457fc0, RCX=0x00007f18c03fe3e8, RDX=0x00007f18c03fe580
RSP=0x00007f18be345688, RBP=0x00007f18c4000158, RSI=0x00007f18c03fe3f5, RDI=0x00007f18c4457fc0
R8 =0x00007f18c03fe3e0, R9 =0x00000000000001eb, R10=0x00007f18be345480, R11=0x00007f18c03d4b50
R12=0x00007f18c4482000, R13=0x00007f18c34eb166, R14=0x00007f18be3457a8, R15=0x00007f18c8018000
RIP=0x00007f18c40001c8, EFLAGS=0x0000000000010202, CSGSFS=0x0000000000000033, ERR=0x0000000000000015
  TRAPNO=0x000000000000000e

Top of Stack: (sp=0x00007f18be345688)
0x00007f18be345688:   00007f18c03d4bb6 00007f18c4457fc0
0x00007f18be345698:   00007f190b387ae8 00007f18be345710
0x00007f18be3456a8:   0000000000000000 00007f190b387ae8
0x00007f18be3456b8:   00007f18c34ebcc2 00007f18be345798
0x00007f18be3456c8:   00007f18be3457a0 00007f18be3457a8
0x00007f18be3456d8:   00007f18c80181f8 00007f18be345720
0x00007f18be3456e8:   00007f18c444b2c0 00007f18c444b2c8
0x00007f18be3456f8:   0000000000000082 00007f18c4457fc0
0x00007f18be345708:   00007f18c4482000 00007f18be345778
0x00007f18be345718:   00007f19101673f4 00007f18be345778
0x00007f18be345728:   00007f1910167187 00007f1910167142
0x00007f18be345738:   00007f18be345738 00007f190b387ae8
0x00007f18be345748:   00007f18be3457a8 00007f190b389b28
0x00007f18be345758:   0000000000000000 00007f190b387ae8
0x00007f18be345768:   0000000000000000 00007f18be3457b0
0x00007f18be345778:   00007f18be345898 00007f1910cdce0c
0x00007f18be345788:   0000000000000000 00007f1910161536
0x00007f18be345798:   00000000d7af1b38 00000000d74661d8
0x00007f18be3457a8:   00000000d74661d8 00007f18be345828
0x00007f18be3457b8:   00000000d746b3a8 00007f1910158040
0x00007f18be3457c8:   00007f1910170558 00007f18be3457d0
0x00007f18be3457d8:   00007f1910cdbc50 00007f18be345850
0x00007f18be3457e8:   00007f18c3847028 00007f18c38486b0
0x00007f18be3457f8:   00007f190b38c4b8 00000000d746b140
0x00007f18be345808:   00000000d746b140 00000000d746b3a8
0x00007f18be345818:   00000000d7af1b38 0000000000000000
0x00007f18be345828:   0000000000000003 00000000d746b3a8
0x00007f18be345838:   0000000000000000 00007f18be345898
0x00007f18be345848:   00007f1910158302 00000000d746b140
0x00007f18be345858:   00007f18be345858 00007f190acfb94b
0x00007f18be345868:   00007f18be3458a8 00007f190ad82fd0
0x00007f18be345878:   0000000000000000 00007f190acfb958 

Instructions: (pc=0x00007f18c40001c8)
0x00007f18c40001a8:   98 01 00 c4 18 7f 00 00 98 01 00 c4 18 7f 00 00
0x00007f18c40001b8:   a8 01 00 c4 18 7f 00 00 a8 01 00 c4 18 7f 00 00
0x00007f18c40001c8:   b8 01 00 c4 18 7f 00 00 b8 01 00 c4 18 7f 00 00
0x00007f18c40001d8:   c8 01 00 c4 18 7f 00 00 c8 01 00 c4 18 7f 00 00 

Register to memory mapping:

RAX=0x00007f18c40001c8 is an unknown value
RBX=0x00007f18c4457fc0 is an unknown value
RCX=0x00007f18c03fe3e8: <offset 0x363e8> in /usr/local/lib/libfprint.so.0 at 0x00007f18c03c8000
RDX=0x00007f18c03fe580: <offset 0x36580> in /usr/local/lib/libfprint.so.0 at 0x00007f18c03c8000
RSP=0x00007f18be345688 is pointing into the stack for thread: 0x00007f18c8018000
RBP=0x00007f18c4000158 is an unknown value
RSI=0x00007f18c03fe3f5: <offset 0x363f5> in /usr/local/lib/libfprint.so.0 at 0x00007f18c03c8000
RDI=0x00007f18c4457fc0 is an unknown value
R8 =0x00007f18c03fe3e0: <offset 0x363e0> in /usr/local/lib/libfprint.so.0 at 0x00007f18c03c8000
R9 =0x00000000000001eb is an unknown value
R10=0x00007f18be345480 is pointing into the stack for thread: 0x00007f18c8018000
R11=0x00007f18c03d4b50: fp_async_capture_stop+0 in /usr/local/lib/libfprint.so.0 at 0x00007f18c03c8000
R12=0x00007f18c4482000 is an unknown value
R13=0x00007f18c34eb166: <offset 0x3166> in /tmp/libfingerprint8607976604250756454.so at 0x00007f18c34e8000
R14=0x00007f18be3457a8 is pointing into the stack for thread: 0x00007f18c8018000
R15=0x00007f18c8018000 is a thread


Stack: [0x00007f18be246000,0x00007f18be347000],  sp=0x00007f18be345688,  free space=1021k
Native frames: (J=compiled Java code, j=interpreted, Vv=VM code, C=native code)
C  0x00007f18c40001c8

Java frames: (J=compiled Java code, j=interpreted, Vv=VM code)
j  uaz.fingerprint.Reader.nativeStopCapture(Luaz/fingerprint/NativeReaderCallback;Ljava/lang/Object;)I+0
J 3666% C1 uaz.fingerprint.ReaderDispatcher.run()V (628 bytes) @ 0x00007f1910cdce0c [0x00007f1910cdc0a0+0xd6c]
j  java.lang.Thread.run()V+11
v  ~StubRoutines::call_stub

---------------  P R O C E S S  ---------------

Java Threads: ( => current thread )
  0x00007f18c8002800 JavaThread "Thread-6" daemon [_thread_in_native, id=11530, stack(0x00007f18d31b7000,0x00007f18d32b8000)]
=>0x00007f18c8018000 JavaThread "Thread-4" daemon [_thread_in_native, id=11392, stack(0x00007f18be246000,0x00007f18be347000)]
  0x00007f18c4336800 JavaThread "Prism Font Disposer" daemon [_thread_blocked, id=11250, stack(0x00007f18d15eb000,0x00007f18d16ec000)]
  0x00007f1920276800 JavaThread "JavaFX-Launcher" [_thread_blocked, id=11182, stack(0x00007f18d2acd000,0x00007f18d2bce000)]
  0x00007f1920273000 JavaThread "JavaFX Application Thread" [_thread_in_native, id=11173, stack(0x00007f18d2bce000,0x00007f18d2ccf000)]
  0x00007f192026f000 JavaThread "Thread-1" daemon [_thread_blocked, id=11172, stack(0x00007f18d2ccf000,0x00007f18d2dd0000)]
  0x00007f1920218800 JavaThread "QuantumRenderer-0" daemon [_thread_in_native, id=11171, stack(0x00007f1909292000,0x00007f1909393000)]
  0x00007f1920153000 JavaThread "Service Thread" daemon [_thread_blocked, id=11144, stack(0x00007f190952c000,0x00007f190962d000)]
  0x00007f192013e800 JavaThread "C1 CompilerThread1" daemon [_thread_blocked, id=11143, stack(0x00007f190962d000,0x00007f190972e000)]
  0x00007f192013b800 JavaThread "C2 CompilerThread0" daemon [_thread_in_native, id=11142, stack(0x00007f190972e000,0x00007f190982f000)]
  0x00007f192013a000 JavaThread "Signal Dispatcher" daemon [_thread_blocked, id=11141, stack(0x00007f190982f000,0x00007f1909930000)]
  0x00007f1920107000 JavaThread "Finalizer" daemon [_thread_blocked, id=11140, stack(0x00007f1909e6e000,0x00007f1909f6f000)]
  0x00007f1920102800 JavaThread "Reference Handler" daemon [_thread_blocked, id=11139, stack(0x00007f1909f6f000,0x00007f190a070000)]
  0x00007f192000a000 JavaThread "main" [_thread_blocked, id=11134, stack(0x00007f192614d000,0x00007f192624e000)]

Other Threads:
  0x00007f19200fa800 VMThread [stack: 0x00007f190a070000,0x00007f190a171000] [id=11138]
  0x00007f1920156000 WatcherThread [stack: 0x00007f190942b000,0x00007f190952c000] [id=11145]

VM state:not at safepoint (normal execution)

VM Mutex/Monitor currently owned by a thread: None

Heap:
 PSYoungGen      total 36864K, used 12097K [0x00000000d7000000, 0x00000000db800000, 0x0000000100000000)
  eden space 31744K, 38% used [0x00000000d7000000,0x00000000d7bd04a0,0x00000000d8f00000)
  from space 5120K, 0% used [0x00000000d8f00000,0x00000000d8f00000,0x00000000d9400000)
  to   space 5120K, 0% used [0x00000000db300000,0x00000000db300000,0x00000000db800000)
 ParOldGen       total 57856K, used 11648K [0x0000000085000000, 0x0000000088880000, 0x00000000d7000000)
  object space 57856K, 20% used [0x0000000085000000,0x0000000085b600a0,0x0000000088880000)
 Metaspace       used 21031K, capacity 22616K, committed 22912K, reserved 1069056K
  class space    used 3066K, capacity 3369K, committed 3456K, reserved 1048576K

Card table byte_map: [0x00007f190f9b7000,0x00007f190fd90000] byte_map_base: 0x00007f190f58f000

Marking Bits: (ParMarkBitMap*) 0x00007f1925623220
 Begin Bits: [0x00007f190b8a6000, 0x00007f190d766000)
 End Bits:   [0x00007f190d766000, 0x00007f190f626000)

Polling page: 0x00007f1926277000

CodeCache: size=245760Kb used=11814Kb max_used=11814Kb free=233945Kb
 bounds [0x00007f1910150000, 0x00007f1910cf0000, 0x00007f191f150000]
 total_blobs=4330 nmethods=3663 adapters=580
 compilation: enabled

Compilation events (10 events):
Event: 15.206 Thread 0x00007f192013e800 3664       3       com.sun.javafx.text.PrismTextLayout::setLineSpacing (22 bytes)
Event: 15.206 Thread 0x00007f192013e800 nmethod 3664 0x00007f1910cdb390 code [0x00007f1910cdb500, 0x00007f1910cdb708]
Event: 15.210 Thread 0x00007f192013e800 3665       3       com.sun.scenario.effect.Effect::releaseCompatibleImage (9 bytes)
Event: 15.211 Thread 0x00007f192013e800 nmethod 3665 0x00007f1910cdb7d0 code [0x00007f1910cdb940, 0x00007f1910cdbb58]
Event: 15.219 Thread 0x00007f192013e800 3666 % !   3       uaz.fingerprint.ReaderDispatcher::run @ 0 (628 bytes)
Event: 15.222 Thread 0x00007f192013e800 nmethod 3666% 0x00007f1910cdbc50 code [0x00007f1910cdc0a0, 0x00007f1910cde028]
Event: 15.236 Thread 0x00007f192013e800 3667       2       java.util.PriorityQueue::poll (64 bytes)
Event: 15.236 Thread 0x00007f192013e800 nmethod 3667 0x00007f1910cdf190 code [0x00007f1910cdf320, 0x00007f1910cdf578]
Event: 15.241 Thread 0x00007f192013e800 3669       2       javafx.collections.WeakListChangeListener::wasGarbageCollected (16 bytes)
Event: 15.241 Thread 0x00007f192013e800 nmethod 3669 0x00007f1910cdf710 code [0x00007f1910cdf860, 0x00007f1910cdf9d0]

GC Heap History (8 events):
Event: 2.994 GC heap before
{Heap before GC invocations=1 (full 0):
 PSYoungGen      total 36864K, used 31690K [0x00000000d7000000, 0x00000000d9900000, 0x0000000100000000)
  eden space 31744K, 99% used [0x00000000d7000000,0x00000000d8ef28f8,0x00000000d8f00000)
  from space 5120K, 0% used [0x00000000d9400000,0x00000000d9400000,0x00000000d9900000)
  to   space 5120K, 0% used [0x00000000d8f00000,0x00000000d8f00000,0x00000000d9400000)
 ParOldGen       total 84992K, used 0K [0x0000000085000000, 0x000000008a300000, 0x00000000d7000000)
  object space 84992K, 0% used [0x0000000085000000,0x0000000085000000,0x000000008a300000)
 Metaspace       used 11840K, capacity 12342K, committed 12544K, reserved 1060864K
  class space    used 1587K, capacity 1726K, committed 1792K, reserved 1048576K
Event: 3.009 GC heap after
Heap after GC invocations=1 (full 0):
 PSYoungGen      total 36864K, used 4225K [0x00000000d7000000, 0x00000000d9900000, 0x0000000100000000)
  eden space 31744K, 0% used [0x00000000d7000000,0x00000000d7000000,0x00000000d8f00000)
  from space 5120K, 82% used [0x00000000d8f00000,0x00000000d9320428,0x00000000d9400000)
  to   space 5120K, 0% used [0x00000000d9400000,0x00000000d9400000,0x00000000d9900000)
 ParOldGen       total 84992K, used 72K [0x0000000085000000, 0x000000008a300000, 0x00000000d7000000)
  object space 84992K, 0% used [0x0000000085000000,0x0000000085012010,0x000000008a300000)
 Metaspace       used 11840K, capacity 12342K, committed 12544K, reserved 1060864K
  class space    used 1587K, capacity 1726K, committed 1792K, reserved 1048576K
}
Event: 6.387 GC heap before
{Heap before GC invocations=2 (full 0):
 PSYoungGen      total 36864K, used 35490K [0x00000000d7000000, 0x00000000d9900000, 0x0000000100000000)
  eden space 31744K, 98% used [0x00000000d7000000,0x00000000d8e886e8,0x00000000d8f00000)
  from space 5120K, 82% used [0x00000000d8f00000,0x00000000d9320428,0x00000000d9400000)
  to   space 5120K, 0% used [0x00000000d9400000,0x00000000d9400000,0x00000000d9900000)
 ParOldGen       total 84992K, used 72K [0x0000000085000000, 0x000000008a300000, 0x00000000d7000000)
  object space 84992K, 0% used [0x0000000085000000,0x0000000085012010,0x000000008a300000)
 Metaspace       used 19702K, capacity 21162K, committed 21248K, reserved 1067008K
  class space    used 2995K, capacity 3288K, committed 3328K, reserved 1048576K
Event: 6.434 GC heap after
Heap after GC invocations=2 (full 0):
 PSYoungGen      total 36864K, used 5102K [0x00000000d7000000, 0x00000000d9900000, 0x0000000100000000)
  eden space 31744K, 0% used [0x00000000d7000000,0x00000000d7000000,0x00000000d8f00000)
  from space 5120K, 99% used [0x00000000d9400000,0x00000000d98fbb68,0x00000000d9900000)
  to   space 5120K, 0% used [0x00000000d8f00000,0x00000000d8f00000,0x00000000d9400000)
 ParOldGen       total 84992K, used 5593K [0x0000000085000000, 0x000000008a300000, 0x00000000d7000000)
  object space 84992K, 6% used [0x0000000085000000,0x0000000085576490,0x000000008a300000)
 Metaspace       used 19702K, capacity 21162K, committed 21248K, reserved 1067008K
  class space    used 2995K, capacity 3288K, committed 3328K, reserved 1048576K
}
Event: 6.480 GC heap before
{Heap before GC invocations=3 (full 0):
 PSYoungGen      total 36864K, used 6596K [0x00000000d7000000, 0x00000000d9900000, 0x0000000100000000)
  eden space 31744K, 4% used [0x00000000d7000000,0x00000000d7175790,0x00000000d8f00000)
  from space 5120K, 99% used [0x00000000d9400000,0x00000000d98fbb68,0x00000000d9900000)
  to   space 5120K, 0% used [0x00000000d8f00000,0x00000000d8f00000,0x00000000d9400000)
 ParOldGen       total 84992K, used 5593K [0x0000000085000000, 0x000000008a300000, 0x00000000d7000000)
  object space 84992K, 6% used [0x0000000085000000,0x0000000085576490,0x000000008a300000)
 Metaspace       used 19771K, capacity 21166K, committed 21248K, reserved 1067008K
  class space    used 3008K, capacity 3290K, committed 3328K, reserved 1048576K
Event: 6.498 GC heap after
Heap after GC invocations=3 (full 0):
 PSYoungGen      total 36864K, used 5117K [0x00000000d7000000, 0x00000000db800000, 0x0000000100000000)
  eden space 31744K, 0% used [0x00000000d7000000,0x00000000d7000000,0x00000000d8f00000)
  from space 5120K, 99% used [0x00000000d8f00000,0x00000000d93ff790,0x00000000d9400000)
  to   space 5120K, 0% used [0x00000000db300000,0x00000000db300000,0x00000000db800000)
 ParOldGen       total 84992K, used 6625K [0x0000000085000000, 0x000000008a300000, 0x00000000d7000000)
  object space 84992K, 7% used [0x0000000085000000,0x00000000856784a0,0x000000008a300000)
 Metaspace       used 19771K, capacity 21166K, committed 21248K, reserved 1067008K
  class space    used 3008K, capacity 3290K, committed 3328K, reserved 1048576K
}
Event: 6.498 GC heap before
{Heap before GC invocations=4 (full 1):
 PSYoungGen      total 36864K, used 5117K [0x00000000d7000000, 0x00000000db800000, 0x0000000100000000)
  eden space 31744K, 0% used [0x00000000d7000000,0x00000000d7000000,0x00000000d8f00000)
  from space 5120K, 99% used [0x00000000d8f00000,0x00000000d93ff790,0x00000000d9400000)
  to   space 5120K, 0% used [0x00000000db300000,0x00000000db300000,0x00000000db800000)
 ParOldGen       total 84992K, used 6625K [0x0000000085000000, 0x000000008a300000, 0x00000000d7000000)
  object space 84992K, 7% used [0x0000000085000000,0x00000000856784a0,0x000000008a300000)
 Metaspace       used 19771K, capacity 21166K, committed 21248K, reserved 1067008K
  class space    used 3008K, capacity 3290K, committed 3328K, reserved 1048576K
Event: 6.708 GC heap after
Heap after GC invocations=4 (full 1):
 PSYoungGen      total 36864K, used 0K [0x00000000d7000000, 0x00000000db800000, 0x0000000100000000)
  eden space 31744K, 0% used [0x00000000d7000000,0x00000000d7000000,0x00000000d8f00000)
  from space 5120K, 0% used [0x00000000d8f00000,0x00000000d8f00000,0x00000000d9400000)
  to   space 5120K, 0% used [0x00000000db300000,0x00000000db300000,0x00000000db800000)
 ParOldGen       total 57856K, used 11648K [0x0000000085000000, 0x0000000088880000, 0x00000000d7000000)
  object space 57856K, 20% used [0x0000000085000000,0x0000000085b600a0,0x0000000088880000)
 Metaspace       used 19771K, capacity 21166K, committed 21248K, reserved 1067008K
  class space    used 3008K, capacity 3290K, committed 3328K, reserved 1048576K
}

Deoptimization events (10 events):
Event: 10.458 Thread 0x00007f1920273000 Uncommon trap: reason=class_check action=maybe_recompile pc=0x00007f19109d0294 method=javafx.scene.Node.updateLocalToParentTransform()V @ 327
Event: 10.531 Thread 0x00007f1920273000 Uncommon trap: reason=unstable_if action=reinterpret pc=0x00007f1910a9232c method=javafx.scene.Node.updateBounds()V @ 70
Event: 10.531 Thread 0x00007f1920273000 Uncommon trap: reason=unstable_if action=reinterpret pc=0x00007f1910a92214 method=javafx.scene.Node.updateBounds()V @ 70
Event: 10.531 Thread 0x00007f1920273000 Uncommon trap: reason=class_check action=maybe_recompile pc=0x00007f19109d0294 method=javafx.scene.Node.updateLocalToParentTransform()V @ 327
Event: 10.538 Thread 0x00007f1920218800 Uncommon trap: reason=unstable_if action=reinterpret pc=0x00007f1910833064 method=com.sun.javafx.geom.RectBounds.isEmpty()Z @ 21
Event: 11.172 Thread 0x00007f18c8018000 Uncommon trap: reason=unstable_if action=reinterpret pc=0x00007f1910b35180 method=java.util.PriorityQueue.poll()Ljava/lang/Object; @ 4
Event: 11.178 Thread 0x00007f1920273000 Uncommon trap: reason=null_check action=make_not_entrant pc=0x00007f1910ab5094 method=javafx.scene.Node$MiscProperties.getClip()Ljavafx/scene/Node; @ 20
Event: 11.178 Thread 0x00007f1920273000 Uncommon trap: reason=null_check action=make_not_entrant pc=0x00007f1910ac5f8c method=javafx.scene.Node$MiscProperties.getClip()Ljavafx/scene/Node; @ 20
Event: 15.218 Thread 0x00007f18c8018000 Uncommon trap: reason=unstable_if action=reinterpret pc=0x00007f1910c286f0 method=uaz.fingerprint.ReaderDispatcher.run()V @ 612
Event: 15.224 Thread 0x00007f18c8002800 Uncommon trap: reason=unstable_if action=reinterpret pc=0x00007f1910ad74b4 method=java.util.PriorityQueue.poll()Ljava/lang/Object; @ 4

Internal exceptions (10 events):
Event: 2.308 Thread 0x00007f1920273000 Exception <a 'java/lang/ArrayIndexOutOfBoundsException'> (0x00000000d88921d0) thrown at [/HUDSON3/workspace/8-2-build-linux-amd64/jdk8u111/7883/hotspot/src/share/vm/runtime/sharedRuntime.cpp, line 605]
Event: 2.342 Thread 0x00007f1920273000 Exception <a 'java/lang/ArrayIndexOutOfBoundsException'> (0x00000000d89938c0) thrown at [/HUDSON3/workspace/8-2-build-linux-amd64/jdk8u111/7883/hotspot/src/share/vm/runtime/sharedRuntime.cpp, line 605]
Event: 2.636 Thread 0x00007f1920273000 Exception <a 'java/lang/ArrayIndexOutOfBoundsException'> (0x00000000d8b9b780) thrown at [/HUDSON3/workspace/8-2-build-linux-amd64/jdk8u111/7883/hotspot/src/share/vm/runtime/sharedRuntime.cpp, line 605]
Event: 2.970 Thread 0x00007f1920273000 Exception <a 'java/lang/ArrayIndexOutOfBoundsException': 57> (0x00000000d8e673a0) thrown at [/HUDSON3/workspace/8-2-build-linux-amd64/jdk8u111/7883/hotspot/src/share/vm/interpreter/interpreterRuntime.cpp, line 366]
Event: 3.788 Thread 0x00007f1920273000 Implicit null exception at 0x00007f19103d3eb5 to 0x00007f19103d40d1
Event: 4.738 Thread 0x00007f1920273000 Implicit null exception at 0x00007f19105dd2d0 to 0x00007f19105dd7d5
Event: 8.429 Thread 0x00007f1920273000 Implicit null exception at 0x00007f1910a43a9d to 0x00007f1910a44b15
Event: 9.422 Thread 0x00007f18c4469000 Implicit null exception at 0x00007f1910ac475a to 0x00007f1910ac47ed
Event: 11.178 Thread 0x00007f1920273000 Implicit null exception at 0x00007f1910ab306a to 0x00007f1910ab5085
Event: 11.178 Thread 0x00007f1920273000 Implicit null exception at 0x00007f1910ac54dc to 0x00007f1910ac5f75

Events (10 events):
Event: 15.218 Thread 0x00007f18c8018000 Uncommon trap: trap_request=0xffffff65 fr.pc=0x00007f1910c286f0
Event: 15.218 Thread 0x00007f18c8018000 DEOPT PACKING pc=0x00007f1910c286f0 sp=0x00007f18be3457f0
Event: 15.218 Thread 0x00007f18c8018000 DEOPT UNPACKING pc=0x00007f1910155229 sp=0x00007f18be3457b8 mode 2
Event: 15.224 Thread 0x00007f18c8002800 Thread added: 0x00007f18c8002800
Event: 15.224 Thread 0x00007f18c8002800 Uncommon trap: trap_request=0xffffff65 fr.pc=0x00007f1910ad74b4
Event: 15.224 Thread 0x00007f18c8002800 DEOPT PACKING pc=0x00007f1910ad74b4 sp=0x00007f18d32b6870
Event: 15.224 Thread 0x00007f18c8002800 DEOPT UNPACKING pc=0x00007f1910155229 sp=0x00007f18d32b6818 mode 2
Event: 15.226 Executing VM operation: RevokeBias
Event: 15.231 Executing VM operation: RevokeBias done
Event: 15.232 Thread 0x00007f18c4402000 Thread exited: 0x00007f18c4402000


Dynamic libraries:
00400000-00401000 r-xp 00000000 08:06 10486455                           /usr/lib/jvm/jdk1.8.0_111/jre/bin/java
00600000-00601000 rw-p 00000000 08:06 10486455                           /usr/lib/jvm/jdk1.8.0_111/jre/bin/java
008df000-00900000 rw-p 00000000 00:00 0                                  [heap]
40433000-404d2000 rw-p 00000000 00:00 0 
40510000-40512000 r-xs 00000000 08:06 131095                             /tmp/.glouTAsa (deleted)
85000000-88880000 rw-p 00000000 00:00 0 
88880000-d7000000 ---p 00000000 00:00 0 
d7000000-db800000 rw-p 00000000 00:00 0 
db800000-100000000 ---p 00000000 00:00 0 
100000000-100360000 rw-p 00000000 00:00 0 
100360000-140000000 ---p 00000000 00:00 0 
7f18bd9b8000-7f18bdab8000 rw-s 00000000 00:05 5275693                    /SYSV00000000 (deleted)
7f18bdab8000-7f18bdb33000 r-xp 00000000 08:06 794106                     /usr/lib/x86_64-linux-gnu/nss/libfreebl3.so
7f18bdb33000-7f18bdd32000 ---p 0007b000 08:06 794106                     /usr/lib/x86_64-linux-gnu/nss/libfreebl3.so
7f18bdd32000-7f18bdd34000 r--p 0007a000 08:06 794106                     /usr/lib/x86_64-linux-gnu/nss/libfreebl3.so
7f18bdd34000-7f18bdd35000 rw-p 0007c000 08:06 794106                     /usr/lib/x86_64-linux-gnu/nss/libfreebl3.so
7f18bdd35000-7f18bdd39000 rw-p 00000000 00:00 0 
7f18bdd40000-7f18bddf4000 r-xp 00000000 08:06 271632                     /usr/lib/x86_64-linux-gnu/libsqlite3.so.0.8.6
7f18bddf4000-7f18bdff4000 ---p 000b4000 08:06 271632                     /usr/lib/x86_64-linux-gnu/libsqlite3.so.0.8.6
7f18bdff4000-7f18bdff6000 r--p 000b4000 08:06 271632                     /usr/lib/x86_64-linux-gnu/libsqlite3.so.0.8.6
7f18bdff6000-7f18bdff8000 rw-p 000b6000 08:06 271632                     /usr/lib/x86_64-linux-gnu/libsqlite3.so.0.8.6
7f18bdff8000-7f18bdff9000 rw-p 00000000 00:00 0 
7f18be000000-7f18be041000 r-xp 00000000 08:06 794105                     /usr/lib/x86_64-linux-gnu/nss/libsoftokn3.so
7f18be041000-7f18be240000 ---p 00041000 08:06 794105                     /usr/lib/x86_64-linux-gnu/nss/libsoftokn3.so
7f18be240000-7f18be241000 r--p 00040000 08:06 794105                     /usr/lib/x86_64-linux-gnu/nss/libsoftokn3.so
7f18be241000-7f18be242000 rw-p 00041000 08:06 794105                     /usr/lib/x86_64-linux-gnu/nss/libsoftokn3.so
7f18be246000-7f18be249000 ---p 00000000 00:00 0 
7f18be249000-7f18be347000 rw-p 00000000 00:00 0                          [stack:11392]
7f18be347000-7f18be348000 ---p 00000000 00:00 0 
7f18be348000-7f18beb48000 rw-p 00000000 00:00 0                          [stack:11390]
7f18beb48000-7f18beb8c000 r-xp 00000000 08:06 11276542                   /lib/x86_64-linux-gnu/libdbus-1.so.3.7.6
7f18beb8c000-7f18bed8b000 ---p 00044000 08:06 11276542                   /lib/x86_64-linux-gnu/libdbus-1.so.3.7.6
7f18bed8b000-7f18bed8c000 r--p 00043000 08:06 11276542                   /lib/x86_64-linux-gnu/libdbus-1.so.3.7.6
7f18bed8c000-7f18bed8d000 rw-p 00044000 08:06 11276542                   /lib/x86_64-linux-gnu/libdbus-1.so.3.7.6
7f18bed90000-7f18bed98000 r-xp 00000000 08:06 11276591                   /lib/x86_64-linux-gnu/libnih-dbus.so.1.0.0
7f18bed98000-7f18bef98000 ---p 00008000 08:06 11276591                   /lib/x86_64-linux-gnu/libnih-dbus.so.1.0.0
7f18bef98000-7f18bef99000 r--p 00008000 08:06 11276591                   /lib/x86_64-linux-gnu/libnih-dbus.so.1.0.0
7f18bef99000-7f18bef9a000 rw-p 00009000 08:06 11276591                   /lib/x86_64-linux-gnu/libnih-dbus.so.1.0.0
7f18befa0000-7f18befb7000 r-xp 00000000 08:06 11276593                   /lib/x86_64-linux-gnu/libnih.so.1.0.0
7f18befb7000-7f18bf1b6000 ---p 00017000 08:06 11276593                   /lib/x86_64-linux-gnu/libnih.so.1.0.0
7f18bf1b6000-7f18bf1b7000 r--p 00016000 08:06 11276593                   /lib/x86_64-linux-gnu/libnih.so.1.0.0
7f18bf1b7000-7f18bf1b8000 rw-p 00017000 08:06 11276593                   /lib/x86_64-linux-gnu/libnih.so.1.0.0
7f18bf1b8000-7f18bf1d1000 r-xp 00000000 08:06 11276533                   /lib/x86_64-linux-gnu/libcgmanager.so.0.0.0
7f18bf1d1000-7f18bf3d0000 ---p 00019000 08:06 11276533                   /lib/x86_64-linux-gnu/libcgmanager.so.0.0.0
7f18bf3d0000-7f18bf3d2000 r--p 00018000 08:06 11276533                   /lib/x86_64-linux-gnu/libcgmanager.so.0.0.0
7f18bf3d2000-7f18bf3d3000 rw-p 0001a000 08:06 11276533                   /lib/x86_64-linux-gnu/libcgmanager.so.0.0.0
7f18bf3d8000-7f18bf411000 r-xp 00000000 08:06 268901                     /usr/lib/x86_64-linux-gnu/libnspr4.so
7f18bf411000-7f18bf610000 ---p 00039000 08:06 268901                     /usr/lib/x86_64-linux-gnu/libnspr4.so
7f18bf610000-7f18bf611000 r--p 00038000 08:06 268901                     /usr/lib/x86_64-linux-gnu/libnspr4.so
7f18bf611000-7f18bf612000 rw-p 00039000 08:06 268901                     /usr/lib/x86_64-linux-gnu/libnspr4.so
7f18bf612000-7f18bf615000 rw-p 00000000 00:00 0 
7f18bf618000-7f18bf61b000 r-xp 00000000 08:06 268900                     /usr/lib/x86_64-linux-gnu/libplds4.so
7f18bf61b000-7f18bf81a000 ---p 00003000 08:06 268900                     /usr/lib/x86_64-linux-gnu/libplds4.so
7f18bf81a000-7f18bf81b000 r--p 00002000 08:06 268900                     /usr/lib/x86_64-linux-gnu/libplds4.so
7f18bf81b000-7f18bf81c000 rw-p 00003000 08:06 268900                     /usr/lib/x86_64-linux-gnu/libplds4.so
7f18bf820000-7f18bf824000 r-xp 00000000 08:06 268861                     /usr/lib/x86_64-linux-gnu/libplc4.so
7f18bf824000-7f18bfa23000 ---p 00004000 08:06 268861                     /usr/lib/x86_64-linux-gnu/libplc4.so
7f18bfa23000-7f18bfa24000 r--p 00003000 08:06 268861                     /usr/lib/x86_64-linux-gnu/libplc4.so
7f18bfa24000-7f18bfa25000 rw-p 00004000 08:06 268861                     /usr/lib/x86_64-linux-gnu/libplc4.so
7f18bfa28000-7f18bfa4d000 r-xp 00000000 08:06 268074                     /usr/lib/x86_64-linux-gnu/libnssutil3.so
7f18bfa4d000-7f18bfc4d000 ---p 00025000 08:06 268074                     /usr/lib/x86_64-linux-gnu/libnssutil3.so
7f18bfc4d000-7f18bfc53000 r--p 00025000 08:06 268074                     /usr/lib/x86_64-linux-gnu/libnssutil3.so
7f18bfc53000-7f18bfc54000 rw-p 0002b000 08:06 268074                     /usr/lib/x86_64-linux-gnu/libnssutil3.so
7f18bfc58000-7f18bfc68000 r-xp 00000000 08:06 11276675                   /lib/x86_64-linux-gnu/libudev.so.1.3.5
7f18bfc68000-7f18bfe67000 ---p 00010000 08:06 11276675                   /lib/x86_64-linux-gnu/libudev.so.1.3.5
7f18bfe67000-7f18bfe68000 r--p 0000f000 08:06 11276675                   /lib/x86_64-linux-gnu/libudev.so.1.3.5
7f18bfe68000-7f18bfe69000 rw-p 00010000 08:06 11276675                   /lib/x86_64-linux-gnu/libudev.so.1.3.5
7f18bfe70000-7f18bffa5000 r-xp 00000000 08:06 268076                     /usr/lib/x86_64-linux-gnu/libnss3.so
7f18bffa5000-7f18c01a4000 ---p 00135000 08:06 268076                     /usr/lib/x86_64-linux-gnu/libnss3.so
7f18c01a4000-7f18c01a9000 r--p 00134000 08:06 268076                     /usr/lib/x86_64-linux-gnu/libnss3.so
7f18c01a9000-7f18c01ab000 rw-p 00139000 08:06 268076                     /usr/lib/x86_64-linux-gnu/libnss3.so
7f18c01ab000-7f18c01ac000 rw-p 00000000 00:00 0 
7f18c01b0000-7f18c01c5000 r-xp 00000000 08:06 11276681                   /lib/x86_64-linux-gnu/libusb-1.0.so.0.1.0
7f18c01c5000-7f18c03c5000 ---p 00015000 08:06 11276681                   /lib/x86_64-linux-gnu/libusb-1.0.so.0.1.0
7f18c03c5000-7f18c03c6000 r--p 00015000 08:06 11276681                   /lib/x86_64-linux-gnu/libusb-1.0.so.0.1.0
7f18c03c6000-7f18c03c7000 rw-p 00016000 08:06 11276681                   /lib/x86_64-linux-gnu/libusb-1.0.so.0.1.0
7f18c03c8000-7f18c041f000 r-xp 00000000 08:06 787714                     /usr/local/lib/libfprint.so.0.0.0
7f18c041f000-7f18c061e000 ---p 00057000 08:06 787714                     /usr/local/lib/libfprint.so.0.0.0
7f18c061e000-7f18c061f000 r--p 00056000 08:06 787714                     /usr/local/lib/libfprint.so.0.0.0
7f18c061f000-7f18c0630000 rw-p 00057000 08:06 787714                     /usr/local/lib/libfprint.so.0.0.0
7f18c0630000-7f18c34e1000 rw-p 00000000 00:00 0 
7f18c34e8000-7f18c34ee000 r-xp 00000000 08:06 131109                     /tmp/libfingerprint8607976604250756454.so
7f18c34ee000-7f18c36ed000 ---p 00006000 08:06 131109                     /tmp/libfingerprint8607976604250756454.so
7f18c36ed000-7f18c36ee000 r--p 00005000 08:06 131109                     /tmp/libfingerprint8607976604250756454.so
7f18c36ee000-7f18c36ef000 rw-p 00006000 08:06 131109                     /tmp/libfingerprint8607976604250756454.so
7f18c36f1000-7f18c36f4000 ---p 00000000 00:00 0 
7f18c36f4000-7f18c38f2000 rw-p 00000000 00:00 0 
7f18c38f2000-7f18c39f2000 ---p 00000000 00:00 0 
7f18c39f2000-7f18c3bf2000 rw-s 3f08a000 00:06 11833                      /dev/nvidiactl
7f18c3bf9000-7f18c3ff9000 rw-s 43df1000 00:06 11833                      /dev/nvidiactl
7f18c4000000-7f18c4484000 rw-p 00000000 00:00 0 
7f18c4484000-7f18c8000000 ---p 00000000 00:00 0 
7f18c8000000-7f18c8029000 rw-p 00000000 00:00 0 
7f18c8029000-7f18cc000000 ---p 00000000 00:00 0 
7f18cc000000-7f18cc021000 rw-p 00000000 00:00 0 
7f18cc021000-7f18d0000000 ---p 00000000 00:00 0 
7f18d0041000-7f18d0141000 rw-s 1605b1000 00:06 11833                     /dev/nvidiactl
7f18d0142000-7f18d03d7000 rw-p 00000000 00:00 0 
7f18d03d7000-7f18d05d7000 rw-s 43edf000 00:06 11833                      /dev/nvidiactl
7f18d05da000-7f18d1070000 rw-p 00000000 00:00 0 
7f18d1070000-7f18d111a000 r--p 00000000 08:06 1445411                    /usr/share/fonts/truetype/dejavu/DejaVuSans-Bold.ttf
7f18d111d000-7f18d1130000 r--s 00345000 08:06 10486404                   /usr/lib/jvm/jdk1.8.0_111/jre/lib/resources.jar
7f18d1130000-7f18d1330000 rw-p 00000000 00:00 0 
7f18d1330000-7f18d1530000 rw-p 00000000 00:00 0 
7f18d1530000-7f18d15e6000 r--p 00000000 08:06 1445415                    /usr/share/fonts/truetype/dejavu/DejaVuSans.ttf
7f18d15eb000-7f18d15ee000 ---p 00000000 00:00 0 
7f18d15ee000-7f18d16ec000 rw-p 00000000 00:00 0                          [stack:11250]
7f18d16ec000-7f18d16f1000 r--s 00084000 08:06 10486279                   /usr/lib/jvm/jdk1.8.0_111/jre/lib/jfr.jar
7f18d16f8000-7f18d1727000 r-xp 00000000 08:06 788682                     /usr/lib/x86_64-linux-gnu/gtk-2.0/2.10.0/engines/libmurrine.so
7f18d1727000-7f18d1927000 ---p 0002f000 08:06 788682                     /usr/lib/x86_64-linux-gnu/gtk-2.0/2.10.0/engines/libmurrine.so
7f18d1927000-7f18d1928000 r--p 0002f000 08:06 788682                     /usr/lib/x86_64-linux-gnu/gtk-2.0/2.10.0/engines/libmurrine.so
7f18d1928000-7f18d1929000 rw-p 00030000 08:06 788682                     /usr/lib/x86_64-linux-gnu/gtk-2.0/2.10.0/engines/libmurrine.so
7f18d1930000-7f18d1939000 r-xp 00000000 08:06 787773                     /usr/lib/x86_64-linux-gnu/gtk-2.0/2.10.0/engines/libpixmap.so
7f18d1939000-7f18d1b39000 ---p 00009000 08:06 787773                     /usr/lib/x86_64-linux-gnu/gtk-2.0/2.10.0/engines/libpixmap.so
7f18d1b39000-7f18d1b3a000 r--p 00009000 08:06 787773                     /usr/lib/x86_64-linux-gnu/gtk-2.0/2.10.0/engines/libpixmap.so
7f18d1b3a000-7f18d1b3b000 rw-p 0000a000 08:06 787773                     /usr/lib/x86_64-linux-gnu/gtk-2.0/2.10.0/engines/libpixmap.so
7f18d1b40000-7f18d1d40000 rw-p 00000000 00:00 0 
7f18d1d40000-7f18d1f40000 rw-p 00000000 00:00 0 
7f18d1f40000-7f18d1feb000 r--p 00000000 08:06 10486268                   /usr/lib/jvm/jdk1.8.0_111/jre/lib/fonts/LucidaSansRegular.ttf
7f18d1ff0000-7f18d202a000 r--p 00000000 08:06 10486270                   /usr/lib/jvm/jdk1.8.0_111/jre/lib/fonts/LucidaTypewriterBold.ttf
7f18d2030000-7f18d2043000 r--p 00000000 08:06 10486276                   /usr/lib/jvm/jdk1.8.0_111/jre/lib/fonts/LucidaBrightDemiItalic.ttf
7f18d2048000-7f18d2096000 r--p 00000000 08:06 10486275                   /usr/lib/jvm/jdk1.8.0_111/jre/lib/fonts/LucidaSansDemiBold.ttf
7f18d2098000-7f18d20d4000 r--p 00000000 08:06 10486274                   /usr/lib/jvm/jdk1.8.0_111/jre/lib/fonts/LucidaTypewriterRegular.ttf
7f18d20d8000-7f18d212d000 r--p 00000000 08:06 10486271                   /usr/lib/jvm/jdk1.8.0_111/jre/lib/fonts/LucidaBrightRegular.ttf
7f18d2130000-7f18d2144000 r--p 00000000 08:06 10486272                   /usr/lib/jvm/jdk1.8.0_111/jre/lib/fonts/LucidaBrightItalic.ttf
7f18d2148000-7f18d215b000 r--p 00000000 08:06 10486269                   /usr/lib/jvm/jdk1.8.0_111/jre/lib/fonts/LucidaBrightDemiBold.ttf
7f18d2160000-7f18d2164000 r-xp 00000000 08:06 10486217                   /usr/lib/jvm/jdk1.8.0_111/jre/lib/amd64/libjavafx_font_pango.so
7f18d2164000-7f18d2363000 ---p 00004000 08:06 10486217                   /usr/lib/jvm/jdk1.8.0_111/jre/lib/amd64/libjavafx_font_pango.so
7f18d2363000-7f18d2364000 rw-p 00003000 08:06 10486217                   /usr/lib/jvm/jdk1.8.0_111/jre/lib/amd64/libjavafx_font_pango.so
7f18d2368000-7f18d2369000 r--s 00000000 08:06 3801416                    /var/cache/fontconfig/c05880de57d1f5e948fdfacc138775d9-le64.cache-4
7f18d2370000-7f18d237b000 r--s 00000000 08:06 3801409                    /var/cache/fontconfig/945677eb7aeaf62f1d50efc3fb3ec7d8-le64.cache-4
7f18d2380000-7f18d2382000 r--s 00000000 08:06 3801411                    /var/cache/fontconfig/99e8ed0e538f840c565b6ed5dad60d56-le64.cache-4
7f18d2388000-7f18d238e000 r--s 00000000 08:06 3801393                    /var/cache/fontconfig/2cd17615ca594fa2959ae173292e504c-le64.cache-4
7f18d2390000-7f18d2391000 r--s 00000000 08:06 3801427                    /var/cache/fontconfig/e7071f4a29fa870f4323321c154eba04-le64.cache-4
7f18d2398000-7f18d2399000 r--s 00000000 08:06 3801390                    /var/cache/fontconfig/0d8c3b2ac0904cb8a57a757ad11a4a08-le64.cache-4
7f18d23a0000-7f18d23a7000 r--s 00000000 08:06 3801413                    /var/cache/fontconfig/a755afe4a08bf5b97852ceb7400b47bc-le64.cache-4
7f18d23a8000-7f18d23b4000 r--s 00000000 08:06 3801404                    /var/cache/fontconfig/6d41288fd70b0be22e8c3a91e032eec0-le64.cache-4
7f18d23b8000-7f18d23cc000 r--s 00000000 08:06 3801387                    /var/cache/fontconfig/04aabc0a78ac019cf9454389977116d2-le64.cache-4
7f18d23d0000-7f18d23d1000 r--s 00000000 08:06 3801392                    /var/cache/fontconfig/1ac9eb803944fde146138c791f5cc56a-le64.cache-4
7f18d23d8000-7f18d23dc000 r--s 00000000 08:06 3801396                    /var/cache/fontconfig/385c0604a188198f04d133e54aba7fe7-le64.cache-4
7f18d23e0000-7f18d23e1000 r--s 00000000 08:06 3801424                    /var/cache/fontconfig/dc05db6664285cc2f12bf69c139ae4c3-le64.cache-4
7f18d23e8000-7f18d23ea000 r--s 00000000 08:06 3801406                    /var/cache/fontconfig/767a8244fc0220cfb567a839d0392e0b-le64.cache-4
7f18d23f0000-7f18d23f1000 r--s 00000000 08:06 3801398                    /var/cache/fontconfig/4794a0821666d79190d59a36cb4f44b5-le64.cache-4
7f18d23f8000-7f18d240a000 r--s 00000000 08:06 3801388                    /var/cache/fontconfig/0bd3dc0958fa2205aaaa8ebb13e2872b-le64.cache-4
7f18d2410000-7f18d2415000 r--s 00000000 08:06 3801408                    /var/cache/fontconfig/8801497958630a81b71ace7c5f9b32a8-le64.cache-4
7f18d2418000-7f18d241e000 r--s 00000000 08:06 3816246                    /var/cache/fontconfig/ca37dee8d6057f2a069c1b3d05990269-le64.cache-4
7f18d2420000-7f18d2424000 r--s 00000000 08:06 3815067                    /var/cache/fontconfig/c57959a16110560c8d0fcea73374aeeb-le64.cache-4
7f18d2428000-7f18d242f000 r--s 00000000 08:06 3801394                    /var/cache/fontconfig/3047814df9a2f067bd2d96a2b9c36e5a-le64.cache-4
7f18d2430000-7f18d2431000 r--s 00000000 08:06 3801400                    /var/cache/fontconfig/56cf4f4769d0f4abc89a4895d7bd3ae1-le64.cache-4
7f18d2438000-7f18d2439000 r--s 00000000 08:06 3801415                    /var/cache/fontconfig/b9d506c9ac06c20b433354fa67a72993-le64.cache-4
7f18d2440000-7f18d2446000 r--s 00000000 08:06 3801414                    /var/cache/fontconfig/b47c4e1ecd0709278f4910c18777a504-le64.cache-4
7f18d2448000-7f18d245b000 r--s 00000000 08:06 3801421                    /var/cache/fontconfig/d52a8644073d54c13679302ca1180695-le64.cache-4
7f18d2460000-7f18d2469000 r--s 00000000 08:06 3801397                    /var/cache/fontconfig/3f7329c5293ffd510edef78f73874cfd-le64.cache-4
7f18d2470000-7f18d247b000 r--s 00000000 08:06 3801422                    /var/cache/fontconfig/d589a48862398ed80a3d6066f4f56f4c-le64.cache-4
7f18d2480000-7f18d2489000 r--s 00000000 08:06 3801419                    /var/cache/fontconfig/d0972c3d32f097851eb916381fc38920-le64.cache-4
7f18d2490000-7f18d2493000 r--s 00000000 08:06 3812658                    /var/cache/fontconfig/e13b20fdb08344e0e664864cc2ede53d-le64.cache-4
7f18d2498000-7f18d249c000 r--s 00000000 08:06 3816245                    /var/cache/fontconfig/7ef2298fde41cc6eeb7af42e48b7d293-le64.cache-4
7f18d24a0000-7f18d24a5000 r-xp 00000000 08:06 10486213                   /usr/lib/jvm/jdk1.8.0_111/jre/lib/amd64/libjavafx_font_freetype.so
7f18d24a5000-7f18d26a4000 ---p 00005000 08:06 10486213                   /usr/lib/jvm/jdk1.8.0_111/jre/lib/amd64/libjavafx_font_freetype.so
7f18d26a4000-7f18d26a5000 rw-p 00004000 08:06 10486213                   /usr/lib/jvm/jdk1.8.0_111/jre/lib/amd64/libjavafx_font_freetype.so
7f18d26a8000-7f18d26ab000 r-xp 00000000 08:06 10486175                   /usr/lib/jvm/jdk1.8.0_111/jre/lib/amd64/libjavafx_font.so
7f18d26ab000-7f18d28aa000 ---p 00003000 08:06 10486175                   /usr/lib/jvm/jdk1.8.0_111/jre/lib/amd64/libjavafx_font.so
7f18d28aa000-7f18d28ab000 rw-p 00002000 08:06 10486175                   /usr/lib/jvm/jdk1.8.0_111/jre/lib/amd64/libjavafx_font.so
7f18d28b0000-7f18d2ab0000 rw-p 00000000 00:00 0 
7f18d2ab0000-7f18d2ab4000 r--s 00060000 08:06 10619568                   /home/xmbeat/NetBeansProjects/FingerprintLogin/dist/run1330308631/lib/webcam-capture-0.3.10.jar
7f18d2ab5000-7f18d2ab7000 r--s 00005000 08:06 10619566                   /home/xmbeat/NetBeansProjects/FingerprintLogin/dist/run1330308631/lib/slf4j-api-1.7.2.jar
7f18d2aba000-7f18d2abd000 r--s 0003a000 08:06 10619561                   /home/xmbeat/NetBeansProjects/FingerprintLogin/dist/run1330308631/lib/mysql-connector-java-3.0.17-ga-bin.jar
7f18d2abf000-7f18d2ac7000 r--s 000cf000 08:06 10619558                   /home/xmbeat/NetBeansProjects/FingerprintLogin/dist/run1330308631/lib/bridj-0.6.2.jar
7f18d2acd000-7f18d2ad0000 ---p 00000000 00:00 0 
7f18d2ad0000-7f18d2bce000 rw-p 00000000 00:00 0                          [stack:11182]
7f18d2bce000-7f18d2bd1000 ---p 00000000 00:00 0 
7f18d2bd1000-7f18d2ccf000 rw-p 00000000 00:00 0                          [stack:11173]
7f18d2ccf000-7f18d2cd2000 ---p 00000000 00:00 0 
7f18d2cd2000-7f18d2dd0000 rw-p 00000000 00:00 0                          [stack:11172]
7f18d2dd0000-7f18d2dfa000 r--p 00000000 08:06 1314249                    /usr/share/locale-langpack/es/LC_MESSAGES/gtk20-properties.mo
7f18d2e00000-7f18d2e29000 r-xp 00000000 08:06 10486225                   /usr/lib/jvm/jdk1.8.0_111/jre/lib/amd64/libglass.so
7f18d2e29000-7f18d3028000 ---p 00029000 08:06 10486225                   /usr/lib/jvm/jdk1.8.0_111/jre/lib/amd64/libglass.so
7f18d3028000-7f18d302b000 rw-p 00028000 08:06 10486225                   /usr/lib/jvm/jdk1.8.0_111/jre/lib/amd64/libglass.so
7f18d3032000-7f18d30b2000 rw-s 182b62000 00:06 11833                     /dev/nvidiactl
7f18d30b2000-7f18d3132000 rw-s 16327a000 00:06 11833                     /dev/nvidiactl
7f18d3136000-7f18d31b6000 rw-s 167c2e000 00:06 11833                     /dev/nvidiactl
7f18d31b7000-7f18d31ba000 ---p 00000000 00:00 0 
7f18d31ba000-7f18d32b8000 rw-p 00000000 00:00 0                          [stack:11530]
7f18d32b8000-7f18d32be000 r-xp 00000000 08:06 270780                     /usr/lib/x86_64-linux-gnu/libdatrie.so.1.3.1
7f18d32be000-7f18d34bd000 ---p 00006000 08:06 270780                     /usr/lib/x86_64-linux-gnu/libdatrie.so.1.3.1
7f18d34bd000-7f18d34be000 r--p 00005000 08:06 270780                     /usr/lib/x86_64-linux-gnu/libdatrie.so.1.3.1
7f18d34be000-7f18d34bf000 rw-p 00006000 08:06 270780                     /usr/lib/x86_64-linux-gnu/libdatrie.so.1.3.1
7f18d34c0000-7f18d34c5000 r-xp 00000000 08:06 270557                     /usr/lib/x86_64-linux-gnu/libXdmcp.so.6.0.0
7f18d34c5000-7f18d36c4000 ---p 00005000 08:06 270557                     /usr/lib/x86_64-linux-gnu/libXdmcp.so.6.0.0
7f18d36c4000-7f18d36c5000 r--p 00004000 08:06 270557                     /usr/lib/x86_64-linux-gnu/libXdmcp.so.6.0.0
7f18d36c5000-7f18d36c6000 rw-p 00005000 08:06 270557                     /usr/lib/x86_64-linux-gnu/libXdmcp.so.6.0.0
7f18d36c8000-7f18d36ca000 r-xp 00000000 08:06 270544                     /usr/lib/x86_64-linux-gnu/libXau.so.6.0.0
7f18d36ca000-7f18d38ca000 ---p 00002000 08:06 270544                     /usr/lib/x86_64-linux-gnu/libXau.so.6.0.0
7f18d38ca000-7f18d38cb000 r--p 00002000 08:06 270544                     /usr/lib/x86_64-linux-gnu/libXau.so.6.0.0
7f18d38cb000-7f18d38cc000 rw-p 00003000 08:06 270544                     /usr/lib/x86_64-linux-gnu/libXau.so.6.0.0
7f18d38d0000-7f18d38ea000 r-xp 00000000 08:06 263304                     /usr/lib/x86_64-linux-gnu/libgraphite2.so.3.0.1
7f18d38ea000-7f18d3ae9000 ---p 0001a000 08:06 263304                     /usr/lib/x86_64-linux-gnu/libgraphite2.so.3.0.1
7f18d3ae9000-7f18d3aeb000 r--p 00019000 08:06 263304                     /usr/lib/x86_64-linux-gnu/libgraphite2.so.3.0.1
7f18d3aeb000-7f18d3aec000 rw-p 0001b000 08:06 263304                     /usr/lib/x86_64-linux-gnu/libgraphite2.so.3.0.1
7f18d3af0000-7f18d54ed000 r-xp 00000000 08:06 921231                     /usr/lib/nvidia-352/libnvidia-glcore.so.352.63
7f18d54ed000-7f18d550d000 rwxp 019fd000 08:06 921231                     /usr/lib/nvidia-352/libnvidia-glcore.so.352.63
7f18d550d000-7f18d57d4000 r-xp 01a1d000 08:06 921231                     /usr/lib/nvidia-352/libnvidia-glcore.so.352.63
7f18d57d4000-7f18d59d3000 ---p 01ce4000 08:06 921231                     /usr/lib/nvidia-352/libnvidia-glcore.so.352.63
7f18d59d3000-7f18d656f000 rw-p 01ce3000 08:06 921231                     /usr/lib/nvidia-352/libnvidia-glcore.so.352.63
7f18d656f000-7f18d6583000 rw-p 00000000 00:00 0 
7f18d6588000-7f18d658b000 r-xp 00000000 08:06 1184481                    /usr/lib/nvidia-352/tls/libnvidia-tls.so.352.63
7f18d658b000-7f18d678a000 ---p 00003000 08:06 1184481                    /usr/lib/nvidia-352/tls/libnvidia-tls.so.352.63
7f18d678a000-7f18d678b000 rw-p 00002000 08:06 1184481                    /usr/lib/nvidia-352/tls/libnvidia-tls.so.352.63
7f18d6790000-7f18d67cd000 r-xp 00000000 08:06 11276632                   /lib/x86_64-linux-gnu/libpcre.so.3.13.1
7f18d67cd000-7f18d69cc000 ---p 0003d000 08:06 11276632                   /lib/x86_64-linux-gnu/libpcre.so.3.13.1
7f18d69cc000-7f18d69cd000 r--p 0003c000 08:06 11276632                   /lib/x86_64-linux-gnu/libpcre.so.3.13.1
7f18d69cd000-7f18d69ce000 rw-p 0003d000 08:06 11276632                   /lib/x86_64-linux-gnu/libpcre.so.3.13.1
7f18d69d0000-7f18d69d7000 r-xp 00000000 08:06 262898                     /usr/lib/x86_64-linux-gnu/libffi.so.6.0.1
7f18d69d7000-7f18d6bd6000 ---p 00007000 08:06 262898                     /usr/lib/x86_64-linux-gnu/libffi.so.6.0.1
7f18d6bd6000-7f18d6bd7000 r--p 00006000 08:06 262898                     /usr/lib/x86_64-linux-gnu/libffi.so.6.0.1
7f18d6bd7000-7f18d6bd8000 rw-p 00007000 08:06 262898                     /usr/lib/x86_64-linux-gnu/libffi.so.6.0.1
7f18d6bd8000-7f18d6bff000 r-xp 00000000 08:06 11276550                   /lib/x86_64-linux-gnu/libexpat.so.1.6.0
7f18d6bff000-7f18d6dff000 ---p 00027000 08:06 11276550                   /lib/x86_64-linux-gnu/libexpat.so.1.6.0
7f18d6dff000-7f18d6e01000 r--p 00027000 08:06 11276550                   /lib/x86_64-linux-gnu/libexpat.so.1.6.0
7f18d6e01000-7f18d6e02000 rw-p 00029000 08:06 11276550                   /lib/x86_64-linux-gnu/libexpat.so.1.6.0
7f18d6e08000-7f18d6e10000 r-xp 00000000 08:06 271660                     /usr/lib/x86_64-linux-gnu/libthai.so.0.2.0
7f18d6e10000-7f18d700f000 ---p 00008000 08:06 271660                     /usr/lib/x86_64-linux-gnu/libthai.so.0.2.0
7f18d700f000-7f18d7010000 r--p 00007000 08:06 271660                     /usr/lib/x86_64-linux-gnu/libthai.so.0.2.0
7f18d7010000-7f18d7011000 rw-p 00008000 08:06 271660                     /usr/lib/x86_64-linux-gnu/libthai.so.0.2.0
7f18d7018000-7f18d7035000 r-xp 00000000 08:06 271805                     /usr/lib/x86_64-linux-gnu/libxcb.so.1.1.0
7f18d7035000-7f18d7235000 ---p 0001d000 08:06 271805                     /usr/lib/x86_64-linux-gnu/libxcb.so.1.1.0
7f18d7235000-7f18d7236000 r--p 0001d000 08:06 271805                     /usr/lib/x86_64-linux-gnu/libxcb.so.1.1.0
7f18d7236000-7f18d7237000 rw-p 0001e000 08:06 271805                     /usr/lib/x86_64-linux-gnu/libxcb.so.1.1.0
7f18d7238000-7f18d7240000 r-xp 00000000 08:06 271787                     /usr/lib/x86_64-linux-gnu/libxcb-render.so.0.0.0
7f18d7240000-7f18d743f000 ---p 00008000 08:06 271787                     /usr/lib/x86_64-linux-gnu/libxcb-render.so.0.0.0
7f18d743f000-7f18d7440000 r--p 00007000 08:06 271787                     /usr/lib/x86_64-linux-gnu/libxcb-render.so.0.0.0
7f18d7440000-7f18d7441000 rw-p 00008000 08:06 271787                     /usr/lib/x86_64-linux-gnu/libxcb-render.so.0.0.0
7f18d7448000-7f18d744a000 r-xp 00000000 08:06 271791                     /usr/lib/x86_64-linux-gnu/libxcb-shm.so.0.0.0
7f18d744a000-7f18d7649000 ---p 00002000 08:06 271791                     /usr/lib/x86_64-linux-gnu/libxcb-shm.so.0.0.0
7f18d7649000-7f18d764a000 r--p 00001000 08:06 271791                     /usr/lib/x86_64-linux-gnu/libxcb-shm.so.0.0.0
7f18d764a000-7f18d764b000 rw-p 00002000 08:06 271791                     /usr/lib/x86_64-linux-gnu/libxcb-shm.so.0.0.0
7f18d7650000-7f18d7675000 r-xp 00000000 08:06 11273421                   /lib/x86_64-linux-gnu/libpng12.so.0.50.0
7f18d7675000-7f18d7874000 ---p 00025000 08:06 11273421                   /lib/x86_64-linux-gnu/libpng12.so.0.50.0
7f18d7874000-7f18d7875000 r--p 00024000 08:06 11273421                   /lib/x86_64-linux-gnu/libpng12.so.0.50.0
7f18d7875000-7f18d7876000 rw-p 00025000 08:06 11273421                   /lib/x86_64-linux-gnu/libpng12.so.0.50.0
7f18d7878000-7f18d7919000 r-xp 00000000 08:06 271486                     /usr/lib/x86_64-linux-gnu/libpixman-1.so.0.30.2
7f18d7919000-7f18d7b19000 ---p 000a1000 08:06 271486                     /usr/lib/x86_64-linux-gnu/libpixman-1.so.0.30.2
7f18d7b19000-7f18d7b20000 r--p 000a1000 08:06 271486                     /usr/lib/x86_64-linux-gnu/libpixman-1.so.0.30.2
7f18d7b20000-7f18d7b21000 rw-p 000a8000 08:06 271486                     /usr/lib/x86_64-linux-gnu/libpixman-1.so.0.30.2
7f18d7b28000-7f18d7b7b000 r-xp 00000000 08:06 271186                     /usr/lib/x86_64-linux-gnu/libharfbuzz.so.0.927.0
7f18d7b7b000-7f18d7d7b000 ---p 00053000 08:06 271186                     /usr/lib/x86_64-linux-gnu/libharfbuzz.so.0.927.0
7f18d7d7b000-7f18d7d7c000 r--p 00053000 08:06 271186                     /usr/lib/x86_64-linux-gnu/libharfbuzz.so.0.927.0
7f18d7d7c000-7f18d7d7d000 rw-p 00054000 08:06 271186                     /usr/lib/x86_64-linux-gnu/libharfbuzz.so.0.927.0
7f18d7d80000-7f18d7d97000 r-xp 00000000 08:06 11272221                   /lib/x86_64-linux-gnu/libresolv-2.19.so
7f18d7d97000-7f18d7f97000 ---p 00017000 08:06 11272221                   /lib/x86_64-linux-gnu/libresolv-2.19.so
7f18d7f97000-7f18d7f98000 r--p 00017000 08:06 11272221                   /lib/x86_64-linux-gnu/libresolv-2.19.so
7f18d7f98000-7f18d7f99000 rw-p 00018000 08:06 11272221                   /lib/x86_64-linux-gnu/libresolv-2.19.so
7f18d7f99000-7f18d7f9b000 rw-p 00000000 00:00 0 
7f18d7fa0000-7f18d7fc0000 r-xp 00000000 08:06 11276659                   /lib/x86_64-linux-gnu/libselinux.so.1
7f18d7fc0000-7f18d81bf000 ---p 00020000 08:06 11276659                   /lib/x86_64-linux-gnu/libselinux.so.1
7f18d81bf000-7f18d81c0000 r--p 0001f000 08:06 11276659                   /lib/x86_64-linux-gnu/libselinux.so.1
7f18d81c0000-7f18d81c1000 rw-p 00020000 08:06 11276659                   /lib/x86_64-linux-gnu/libselinux.so.1
7f18d81c1000-7f18d81c3000 rw-p 00000000 00:00 0 
7f18d81c8000-7f18d81e0000 r-xp 00000000 08:06 11276690                   /lib/x86_64-linux-gnu/libz.so.1.2.8
7f18d81e0000-7f18d83df000 ---p 00018000 08:06 11276690                   /lib/x86_64-linux-gnu/libz.so.1.2.8
7f18d83df000-7f18d83e0000 r--p 00017000 08:06 11276690                   /lib/x86_64-linux-gnu/libz.so.1.2.8
7f18d83e0000-7f18d83e1000 rw-p 00018000 08:06 11276690                   /lib/x86_64-linux-gnu/libz.so.1.2.8
7f18d83e8000-7f18d83f9000 r-xp 00000000 08:06 270559                     /usr/lib/x86_64-linux-gnu/libXext.so.6.4.0
7f18d83f9000-7f18d85f8000 ---p 00011000 08:06 270559                     /usr/lib/x86_64-linux-gnu/libXext.so.6.4.0
7f18d85f8000-7f18d85f9000 r--p 00010000 08:06 270559                     /usr/lib/x86_64-linux-gnu/libXext.so.6.4.0
7f18d85f9000-7f18d85fa000 rw-p 00011000 08:06 270559                     /usr/lib/x86_64-linux-gnu/libXext.so.6.4.0
7f18d8600000-7f18d8602000 r-xp 00000000 08:06 270553                     /usr/lib/x86_64-linux-gnu/libXdamage.so.1.1.0
7f18d8602000-7f18d8801000 ---p 00002000 08:06 270553                     /usr/lib/x86_64-linux-gnu/libXdamage.so.1.1.0
7f18d8801000-7f18d8802000 r--p 00001000 08:06 270553                     /usr/lib/x86_64-linux-gnu/libXdamage.so.1.1.0
7f18d8802000-7f18d8803000 rw-p 00002000 08:06 270553                     /usr/lib/x86_64-linux-gnu/libXdamage.so.1.1.0
7f18d8808000-7f18d880a000 r-xp 00000000 08:06 270549                     /usr/lib/x86_64-linux-gnu/libXcomposite.so.1.0.0
7f18d880a000-7f18d8a09000 ---p 00002000 08:06 270549                     /usr/lib/x86_64-linux-gnu/libXcomposite.so.1.0.0
7f18d8a09000-7f18d8a0a000 r--p 00001000 08:06 270549                     /usr/lib/x86_64-linux-gnu/libXcomposite.so.1.0.0
7f18d8a0a000-7f18d8a0b000 rw-p 00002000 08:06 270549                     /usr/lib/x86_64-linux-gnu/libXcomposite.so.1.0.0
7f18d8a10000-7f18d8a19000 r-xp 00000000 08:06 270551                     /usr/lib/x86_64-linux-gnu/libXcursor.so.1.0.2
7f18d8a19000-7f18d8c18000 ---p 00009000 08:06 270551                     /usr/lib/x86_64-linux-gnu/libXcursor.so.1.0.2
7f18d8c18000-7f18d8c19000 r--p 00008000 08:06 270551                     /usr/lib/x86_64-linux-gnu/libXcursor.so.1.0.2
7f18d8c19000-7f18d8c1a000 rw-p 00009000 08:06 270551                     /usr/lib/x86_64-linux-gnu/libXcursor.so.1.0.2
7f18d8c20000-7f18d8c29000 r-xp 00000000 08:06 270579                     /usr/lib/x86_64-linux-gnu/libXrandr.so.2.2.0
7f18d8c29000-7f18d8e28000 ---p 00009000 08:06 270579                     /usr/lib/x86_64-linux-gnu/libXrandr.so.2.2.0
7f18d8e28000-7f18d8e29000 r--p 00008000 08:06 270579                     /usr/lib/x86_64-linux-gnu/libXrandr.so.2.2.0
7f18d8e29000-7f18d8e2a000 rw-p 00009000 08:06 270579                     /usr/lib/x86_64-linux-gnu/libXrandr.so.2.2.0
7f18d8e30000-7f18d8e3f000 r-xp 00000000 08:06 270567                     /usr/lib/x86_64-linux-gnu/libXi.so.6.1.0
7f18d8e3f000-7f18d903e000 ---p 0000f000 08:06 270567                     /usr/lib/x86_64-linux-gnu/libXi.so.6.1.0
7f18d903e000-7f18d903f000 r--p 0000e000 08:06 270567                     /usr/lib/x86_64-linux-gnu/libXi.so.6.1.0
7f18d903f000-7f18d9040000 rw-p 0000f000 08:06 270567                     /usr/lib/x86_64-linux-gnu/libXi.so.6.1.0
7f18d9040000-7f18d9042000 r-xp 00000000 08:06 270569                     /usr/lib/x86_64-linux-gnu/libXinerama.so.1.0.0
7f18d9042000-7f18d9241000 ---p 00002000 08:06 270569                     /usr/lib/x86_64-linux-gnu/libXinerama.so.1.0.0
7f18d9241000-7f18d9242000 r--p 00001000 08:06 270569                     /usr/lib/x86_64-linux-gnu/libXinerama.so.1.0.0
7f18d9242000-7f18d9243000 rw-p 00002000 08:06 270569                     /usr/lib/x86_64-linux-gnu/libXinerama.so.1.0.0
7f18d9248000-7f18d9251000 r-xp 00000000 08:06 270581                     /usr/lib/x86_64-linux-gnu/libXrender.so.1.3.0
7f18d9251000-7f18d9450000 ---p 00009000 08:06 270581                     /usr/lib/x86_64-linux-gnu/libXrender.so.1.3.0
7f18d9450000-7f18d9451000 r--p 00008000 08:06 270581                     /usr/lib/x86_64-linux-gnu/libXrender.so.1.3.0
7f18d9451000-7f18d9452000 rw-p 00009000 08:06 270581                     /usr/lib/x86_64-linux-gnu/libXrender.so.1.3.0
7f18d9458000-7f18d945d000 r-xp 00000000 08:06 270561                     /usr/lib/x86_64-linux-gnu/libXfixes.so.3.1.0
7f18d945d000-7f18d965c000 ---p 00005000 08:06 270561                     /usr/lib/x86_64-linux-gnu/libXfixes.so.3.1.0
7f18d965c000-7f18d965d000 r--p 00004000 08:06 270561                     /usr/lib/x86_64-linux-gnu/libXfixes.so.3.1.0
7f18d965d000-7f18d965e000 rw-p 00005000 08:06 270561                     /usr/lib/x86_64-linux-gnu/libXfixes.so.3.1.0
7f18d9660000-7f18d9676000 r-xp 00000000 08:06 11273328                   /lib/x86_64-linux-gnu/libgcc_s.so.1
7f18d9676000-7f18d9875000 ---p 00016000 08:06 11273328                   /lib/x86_64-linux-gnu/libgcc_s.so.1
7f18d9875000-7f18d9876000 rw-p 00015000 08:06 11273328                   /lib/x86_64-linux-gnu/libgcc_s.so.1
7f18d9878000-7f18d995e000 r-xp 00000000 08:06 262560                     /usr/lib/x86_64-linux-gnu/libstdc++.so.6.0.19
7f18d995e000-7f18d9b5d000 ---p 000e6000 08:06 262560                     /usr/lib/x86_64-linux-gnu/libstdc++.so.6.0.19
7f18d9b5d000-7f18d9b65000 r--p 000e5000 08:06 262560                     /usr/lib/x86_64-linux-gnu/libstdc++.so.6.0.19
7f18d9b65000-7f18d9b67000 rw-p 000ed000 08:06 262560                     /usr/lib/x86_64-linux-gnu/libstdc++.so.6.0.19
7f18d9b67000-7f18d9b7c000 rw-p 00000000 00:00 0 
7f18d9b80000-7f18d9c3e000 r-xp 00000000 08:06 921224                     /usr/lib/nvidia-352/libGL.so.352.63
7f18d9c3e000-7f18d9c71000 rwxp 000be000 08:06 921224                     /usr/lib/nvidia-352/libGL.so.352.63
7f18d9c71000-7f18d9c83000 r-xp 000f1000 08:06 921224                     /usr/lib/nvidia-352/libGL.so.352.63
7f18d9c83000-7f18d9e82000 ---p 00103000 08:06 921224                     /usr/lib/nvidia-352/libGL.so.352.63
7f18d9e82000-7f18d9eaa000 rw-p 00102000 08:06 921224                     /usr/lib/nvidia-352/libGL.so.352.63
7f18d9eaa000-7f18d9eb0000 rw-p 00000000 00:00 0 
7f18d9eb0000-7f18d9eb4000 r-xp 00000000 08:06 270597                     /usr/lib/x86_64-linux-gnu/libXxf86vm.so.1.0.0
7f18d9eb4000-7f18da0b4000 ---p 00004000 08:06 270597                     /usr/lib/x86_64-linux-gnu/libXxf86vm.so.1.0.0
7f18da0b4000-7f18da0b5000 r--p 00004000 08:06 270597                     /usr/lib/x86_64-linux-gnu/libXxf86vm.so.1.0.0
7f18da0b5000-7f18da0b6000 rw-p 00005000 08:06 270597                     /usr/lib/x86_64-linux-gnu/libXxf86vm.so.1.0.0
7f18da0b8000-7f18da1e8000 r-xp 00000000 08:06 270538                     /usr/lib/x86_64-linux-gnu/libX11.so.6.3.0
7f18da1e8000-7f18da3e8000 ---p 00130000 08:06 270538                     /usr/lib/x86_64-linux-gnu/libX11.so.6.3.0
7f18da3e8000-7f18da3e9000 r--p 00130000 08:06 270538                     /usr/lib/x86_64-linux-gnu/libX11.so.6.3.0
7f18da3e9000-7f18da3ed000 rw-p 00131000 08:06 270538                     /usr/lib/x86_64-linux-gnu/libX11.so.6.3.0
7f18da3f0000-7f18da3f5000 r-xp 00000000 08:06 270587                     /usr/lib/x86_64-linux-gnu/libXtst.so.6.1.0
7f18da3f5000-7f18da5f4000 ---p 00005000 08:06 270587                     /usr/lib/x86_64-linux-gnu/libXtst.so.6.1.0
7f18da5f4000-7f18da5f5000 r--p 00004000 08:06 270587                     /usr/lib/x86_64-linux-gnu/libXtst.so.6.1.0
7f18da5f5000-7f18da5f6000 rw-p 00005000 08:06 270587                     /usr/lib/x86_64-linux-gnu/libXtst.so.6.1.0
7f18da5f8000-7f18da6fe000 r-xp 00000000 08:06 11276559                   /lib/x86_64-linux-gnu/libglib-2.0.so.0.4002.0
7f18da6fe000-7f18da8fd000 ---p 00106000 08:06 11276559                   /lib/x86_64-linux-gnu/libglib-2.0.so.0.4002.0
7f18da8fd000-7f18da8fe000 r--p 00105000 08:06 11276559                   /lib/x86_64-linux-gnu/libglib-2.0.so.0.4002.0
7f18da8fe000-7f18da8ff000 rw-p 00106000 08:06 11276559                   /lib/x86_64-linux-gnu/libglib-2.0.so.0.4002.0
7f18da8ff000-7f18da900000 rw-p 00000000 00:00 0 
7f18da900000-7f18da901000 r-xp 00000000 08:06 271159                     /usr/lib/x86_64-linux-gnu/libgthread-2.0.so.0.4002.0
7f18da901000-7f18dab00000 ---p 00001000 08:06 271159                     /usr/lib/x86_64-linux-gnu/libgthread-2.0.so.0.4002.0
7f18dab00000-7f18dab01000 r--p 00000000 08:06 271159                     /usr/lib/x86_64-linux-gnu/libgthread-2.0.so.0.4002.0
7f18dab01000-7f18dab02000 rw-p 00001000 08:06 271159                     /usr/lib/x86_64-linux-gnu/libgthread-2.0.so.0.4002.0
7f18dab08000-7f18dab0b000 r-xp 00000000 08:06 271015                     /usr/lib/x86_64-linux-gnu/libgmodule-2.0.so.0.4002.0
7f18dab0b000-7f18dad0a000 ---p 00003000 08:06 271015                     /usr/lib/x86_64-linux-gnu/libgmodule-2.0.so.0.4002.0
7f18dad0a000-7f18dad0b000 r--p 00002000 08:06 271015                     /usr/lib/x86_64-linux-gnu/libgmodule-2.0.so.0.4002.0
7f18dad0b000-7f18dad0c000 rw-p 00003000 08:06 271015                     /usr/lib/x86_64-linux-gnu/libgmodule-2.0.so.0.4002.0
7f18dad10000-7f18dad5f000 r-xp 00000000 08:06 271039                     /usr/lib/x86_64-linux-gnu/libgobject-2.0.so.0.4002.0
7f18dad5f000-7f18daf5f000 ---p 0004f000 08:06 271039                     /usr/lib/x86_64-linux-gnu/libgobject-2.0.so.0.4002.0
7f18daf5f000-7f18daf60000 r--p 0004f000 08:06 271039                     /usr/lib/x86_64-linux-gnu/libgobject-2.0.so.0.4002.0
7f18daf60000-7f18daf61000 rw-p 00050000 08:06 271039                     /usr/lib/x86_64-linux-gnu/libgobject-2.0.so.0.4002.0
7f18daf68000-7f18dafa2000 r-xp 00000000 08:06 270920                     /usr/lib/x86_64-linux-gnu/libfontconfig.so.1.8.0
7f18dafa2000-7f18db1a1000 ---p 0003a000 08:06 270920                     /usr/lib/x86_64-linux-gnu/libfontconfig.so.1.8.0
7f18db1a1000-7f18db1a3000 r--p 00039000 08:06 270920                     /usr/lib/x86_64-linux-gnu/libfontconfig.so.1.8.0
7f18db1a3000-7f18db1a4000 rw-p 0003b000 08:06 270920                     /usr/lib/x86_64-linux-gnu/libfontconfig.so.1.8.0
7f18db1a8000-7f18db245000 r-xp 00000000 08:06 270946                     /usr/lib/x86_64-linux-gnu/libfreetype.so.6.11.1
7f18db245000-7f18db444000 ---p 0009d000 08:06 270946                     /usr/lib/x86_64-linux-gnu/libfreetype.so.6.11.1
7f18db444000-7f18db44a000 r--p 0009c000 08:06 270946                     /usr/lib/x86_64-linux-gnu/libfreetype.so.6.11.1
7f18db44a000-7f18db44b000 rw-p 000a2000 08:06 270946                     /usr/lib/x86_64-linux-gnu/libfreetype.so.6.11.1
7f18db450000-7f18db49a000 r-xp 00000000 08:06 271463                     /usr/lib/x86_64-linux-gnu/libpango-1.0.so.0.3600.3
7f18db49a000-7f18db69a000 ---p 0004a000 08:06 271463                     /usr/lib/x86_64-linux-gnu/libpango-1.0.so.0.3600.3
7f18db69a000-7f18db69c000 r--p 0004a000 08:06 271463                     /usr/lib/x86_64-linux-gnu/libpango-1.0.so.0.3600.3
7f18db69c000-7f18db69d000 rw-p 0004c000 08:06 271463                     /usr/lib/x86_64-linux-gnu/libpango-1.0.so.0.3600.3
7f18db6a0000-7f18db7a6000 r-xp 00000000 08:06 270702                     /usr/lib/x86_64-linux-gnu/libcairo.so.2.11301.0
7f18db7a6000-7f18db9a5000 ---p 00106000 08:06 270702                     /usr/lib/x86_64-linux-gnu/libcairo.so.2.11301.0
7f18db9a5000-7f18db9a8000 r--p 00105000 08:06 270702                     /usr/lib/x86_64-linux-gnu/libcairo.so.2.11301.0
7f18db9a8000-7f18db9a9000 rw-p 00108000 08:06 270702                     /usr/lib/x86_64-linux-gnu/libcairo.so.2.11301.0
7f18db9a9000-7f18db9ab000 rw-p 00000000 00:00 0 
7f18db9b0000-7f18db9bb000 r-xp 00000000 08:06 271465                     /usr/lib/x86_64-linux-gnu/libpangocairo-1.0.so.0.3600.3
7f18db9bb000-7f18dbbbb000 ---p 0000b000 08:06 271465                     /usr/lib/x86_64-linux-gnu/libpangocairo-1.0.so.0.3600.3
7f18dbbbb000-7f18dbbbc000 r--p 0000b000 08:06 271465                     /usr/lib/x86_64-linux-gnu/libpangocairo-1.0.so.0.3600.3
7f18dbbbc000-7f18dbbbd000 rw-p 0000c000 08:06 271465                     /usr/lib/x86_64-linux-gnu/libpangocairo-1.0.so.0.3600.3
7f18dbbc0000-7f18dbbe0000 r-xp 00000000 08:06 270979                     /usr/lib/x86_64-linux-gnu/libgdk_pixbuf-2.0.so.0.3000.7
7f18dbbe0000-7f18dbddf000 ---p 00020000 08:06 270979                     /usr/lib/x86_64-linux-gnu/libgdk_pixbuf-2.0.so.0.3000.7
7f18dbddf000-7f18dbde0000 r--p 0001f000 08:06 270979                     /usr/lib/x86_64-linux-gnu/libgdk_pixbuf-2.0.so.0.3000.7
7f18dbde0000-7f18dbde1000 rw-p 00020000 08:06 270979                     /usr/lib/x86_64-linux-gnu/libgdk_pixbuf-2.0.so.0.3000.7
7f18dbde8000-7f18dbdfc000 r-xp 00000000 08:06 271467                     /usr/lib/x86_64-linux-gnu/libpangoft2-1.0.so.0.3600.3
7f18dbdfc000-7f18dbffb000 ---p 00014000 08:06 271467                     /usr/lib/x86_64-linux-gnu/libpangoft2-1.0.so.0.3600.3
7f18dbffb000-7f18dbffc000 r--p 00013000 08:06 271467                     /usr/lib/x86_64-linux-gnu/libpangoft2-1.0.so.0.3600.3
7f18dbffc000-7f18dbffd000 rw-p 00014000 08:06 271467                     /usr/lib/x86_64-linux-gnu/libpangoft2-1.0.so.0.3600.3
7f18dc000000-7f18dc021000 rw-p 00000000 00:00 0 
7f18dc021000-7f18e0000000 ---p 00000000 00:00 0 
7f18e0000000-7f18e09a2000 rw-p 00000000 00:00 0 
7f18e09a2000-7f18e4000000 ---p 00000000 00:00 0 
7f18e4000000-7f18e46f4000 rw-p 00000000 00:00 0 
7f18e46f4000-7f18e8000000 ---p 00000000 00:00 0 
7f18e8000000-7f18e8021000 rw-p 00000000 00:00 0 
7f18e8021000-7f18ec000000 ---p 00000000 00:00 0 
7f18ec000000-7f18ec021000 rw-p 00000000 00:00 0 
7f18ec021000-7f18f0000000 ---p 00000000 00:00 0 
7f18f0000000-7f18f07aa000 rw-p 00000000 00:00 0 
7f18f07aa000-7f18f4000000 ---p 00000000 00:00 0 
7f18f4000000-7f18f4021000 rw-p 00000000 00:00 0 
7f18f4021000-7f18f8000000 ---p 00000000 00:00 0 
7f18f8000000-7f18f8021000 rw-p 00000000 00:00 0 
7f18f8021000-7f18fc000000 ---p 00000000 00:00 0 
7f18fc000000-7f18fc021000 rw-p 00000000 00:00 0 
7f18fc021000-7f1900000000 ---p 00000000 00:00 0 
7f1900000000-7f1900021000 rw-p 00000000 00:00 0 
7f1900021000-7f1904000000 ---p 00000000 00:00 0 
7f1904000000-7f1904021000 rw-p 00000000 00:00 0 
7f1904021000-7f1908000000 ---p 00000000 00:00 0 
7f1908000000-7f1908001000 r--s 00000000 08:06 3801389                    /var/cache/fontconfig/0c9eb80ebd1c36541ebe2852d3bb0c49-le64.cache-4
7f1908008000-7f190800a000 rw-s 00000000 08:06 131095                     /tmp/.glouTAsa (deleted)
7f1908010000-7f1908036000 r--p 00000000 08:06 1314142                    /usr/share/locale-langpack/es/LC_MESSAGES/libc.mo
7f1908038000-7f190803f000 r--s 00000000 08:06 786750                     /usr/lib/x86_64-linux-gnu/gconv/gconv-modules.cache
7f1908040000-7f190804f000 r--p 00000000 08:06 1314186                    /usr/share/locale-langpack/es/LC_MESSAGES/gtk20.mo
7f1908056000-7f1908069000 rw-s 19b436000 00:06 11833                     /dev/nvidiactl
7f1908070000-7f1908090000 rw-s c0320000 00:06 11834                      /dev/nvidia0
7f1908093000-7f1908094000 rw-s 1a418b000 00:06 11833                     /dev/nvidiactl
7f190809a000-7f190809e000 rw-s 1631ca000 00:06 11833                     /dev/nvidiactl
7f19080a0000-7f19080a1000 rw-s fd060000 00:06 11834                      /dev/nvidia0
7f19080a6000-7f19080a7000 rw-s cfee6000 00:06 11834                      /dev/nvidia0
7f19080ac000-7f19080ec000 rw-s 182bb4000 00:06 11833                     /dev/nvidiactl
7f19080ec000-7f190812c000 rw-s 163274000 00:06 11833                     /dev/nvidiactl
7f1908133000-7f19081e7000 rw-s 22218b000 00:06 11833                     /dev/nvidiactl
7f19081e8000-7f1908354000 r-xp 00000000 08:06 271001                     /usr/lib/x86_64-linux-gnu/libgio-2.0.so.0.4002.0
7f1908354000-7f1908553000 ---p 0016c000 08:06 271001                     /usr/lib/x86_64-linux-gnu/libgio-2.0.so.0.4002.0
7f1908553000-7f1908557000 r--p 0016b000 08:06 271001                     /usr/lib/x86_64-linux-gnu/libgio-2.0.so.0.4002.0
7f1908557000-7f1908559000 rw-p 0016f000 08:06 271001                     /usr/lib/x86_64-linux-gnu/libgio-2.0.so.0.4002.0
7f1908559000-7f190855b000 rw-p 00000000 00:00 0 
7f1908560000-7f190857f000 r-xp 00000000 08:06 270646                     /usr/lib/x86_64-linux-gnu/libatk-1.0.so.0.21009.1
7f190857f000-7f190877f000 ---p 0001f000 08:06 270646                     /usr/lib/x86_64-linux-gnu/libatk-1.0.so.0.21009.1
7f190877f000-7f1908781000 r--p 0001f000 08:06 270646                     /usr/lib/x86_64-linux-gnu/libatk-1.0.so.0.21009.1
7f1908781000-7f1908782000 rw-p 00021000 08:06 270646                     /usr/lib/x86_64-linux-gnu/libatk-1.0.so.0.21009.1
7f1908788000-7f1908835000 r-xp 00000000 08:06 262704                     /usr/lib/x86_64-linux-gnu/libgdk-x11-2.0.so.0.2400.23
7f1908835000-7f1908a35000 ---p 000ad000 08:06 262704                     /usr/lib/x86_64-linux-gnu/libgdk-x11-2.0.so.0.2400.23
7f1908a35000-7f1908a39000 r--p 000ad000 08:06 262704                     /usr/lib/x86_64-linux-gnu/libgdk-x11-2.0.so.0.2400.23
7f1908a39000-7f1908a3b000 rw-p 000b1000 08:06 262704                     /usr/lib/x86_64-linux-gnu/libgdk-x11-2.0.so.0.2400.23
7f1908a40000-7f1908e70000 r-xp 00000000 08:06 265442                     /usr/lib/x86_64-linux-gnu/libgtk-x11-2.0.so.0.2400.23
7f1908e70000-7f190906f000 ---p 00430000 08:06 265442                     /usr/lib/x86_64-linux-gnu/libgtk-x11-2.0.so.0.2400.23
7f190906f000-7f1909076000 r--p 0042f000 08:06 265442                     /usr/lib/x86_64-linux-gnu/libgtk-x11-2.0.so.0.2400.23
7f1909076000-7f190907a000 rw-p 00436000 08:06 265442                     /usr/lib/x86_64-linux-gnu/libgtk-x11-2.0.so.0.2400.23
7f190907a000-7f190907d000 rw-p 00000000 00:00 0 
7f1909080000-7f190908c000 r-xp 00000000 08:06 10486192                   /usr/lib/jvm/jdk1.8.0_111/jre/lib/amd64/libprism_es2.so
7f190908c000-7f190928b000 ---p 0000c000 08:06 10486192                   /usr/lib/jvm/jdk1.8.0_111/jre/lib/amd64/libprism_es2.so
7f190928b000-7f190928c000 rw-p 0000b000 08:06 10486192                   /usr/lib/jvm/jdk1.8.0_111/jre/lib/amd64/libprism_es2.so
7f1909292000-7f1909295000 ---p 00000000 00:00 0 
7f1909295000-7f1909393000 rw-p 00000000 00:00 0                          [stack:11171]
7f1909393000-7f1909429000 r--s 01103000 08:06 10486256                   /usr/lib/jvm/jdk1.8.0_111/jre/lib/ext/jfxrt.jar
7f190942b000-7f190942c000 ---p 00000000 00:00 0 
7f190942c000-7f190952c000 rw-p 00000000 00:00 0                          [stack:11145]
7f190952c000-7f190952f000 ---p 00000000 00:00 0 
7f190952f000-7f190962d000 rw-p 00000000 00:00 0                          [stack:11144]
7f190962d000-7f1909630000 ---p 00000000 00:00 0 
7f1909630000-7f190972e000 rw-p 00000000 00:00 0                          [stack:11143]
7f190972e000-7f1909731000 ---p 00000000 00:00 0 
7f1909731000-7f190982f000 rw-p 00000000 00:00 0                          [stack:11142]
7f190982f000-7f1909832000 ---p 00000000 00:00 0 
7f1909832000-7f1909930000 rw-p 00000000 00:00 0                          [stack:11141]
7f1909930000-7f1909e6e000 r--p 00000000 08:06 269140                     /usr/lib/locale/locale-archive
7f1909e6e000-7f1909e71000 ---p 00000000 00:00 0 
7f1909e71000-7f1909f6f000 rw-p 00000000 00:00 0                          [stack:11140]
7f1909f6f000-7f1909f72000 ---p 00000000 00:00 0 
7f1909f72000-7f190a070000 rw-p 00000000 00:00 0                          [stack:11139]
7f190a070000-7f190a071000 ---p 00000000 00:00 0 
7f190a071000-7f190aa7a000 rw-p 00000000 00:00 0                          [stack:11138]
7f190aa7a000-7f190ac52000 r--s 03d2a000 08:06 10486172                   /usr/lib/jvm/jdk1.8.0_111/jre/lib/rt.jar
7f190ac58000-7f190f626000 rw-p 00000000 00:00 0 
7f190f626000-7f190f627000 ---p 00000000 00:00 0 
7f190f627000-7f190f744000 rw-p 00000000 00:00 0                          [stack:11137]
7f190f744000-7f190f9b7000 ---p 00000000 00:00 0 
7f190f9b7000-7f190f9d4000 rw-p 00000000 00:00 0 
7f190f9d4000-7f190fc47000 ---p 00000000 00:00 0 
7f190fc47000-7f190fc6b000 rw-p 00000000 00:00 0 
7f190fc6b000-7f190fd8f000 ---p 00000000 00:00 0 
7f190fd8f000-7f190fdbf000 rw-p 00000000 00:00 0 
7f190fdbf000-7f1910150000 ---p 00000000 00:00 0 
7f1910150000-7f1910cf0000 rwxp 00000000 00:00 0 
7f1910cf0000-7f191f150000 ---p 00000000 00:00 0 
7f191f150000-7f191f16a000 r-xp 00000000 08:06 10486203                   /usr/lib/jvm/jdk1.8.0_111/jre/lib/amd64/libzip.so
7f191f16a000-7f191f36a000 ---p 0001a000 08:06 10486203                   /usr/lib/jvm/jdk1.8.0_111/jre/lib/amd64/libzip.so
7f191f36a000-7f191f36b000 rw-p 0001a000 08:06 10486203                   /usr/lib/jvm/jdk1.8.0_111/jre/lib/amd64/libzip.so
7f191f370000-7f191f37b000 r-xp 00000000 08:06 11273355                   /lib/x86_64-linux-gnu/libnss_files-2.19.so
7f191f37b000-7f191f57a000 ---p 0000b000 08:06 11273355                   /lib/x86_64-linux-gnu/libnss_files-2.19.so
7f191f57a000-7f191f57b000 r--p 0000a000 08:06 11273355                   /lib/x86_64-linux-gnu/libnss_files-2.19.so
7f191f57b000-7f191f57c000 rw-p 0000b000 08:06 11273355                   /lib/x86_64-linux-gnu/libnss_files-2.19.so
7f191f580000-7f191f58b000 r-xp 00000000 08:06 11273318                   /lib/x86_64-linux-gnu/libnss_nis-2.19.so
7f191f58b000-7f191f78a000 ---p 0000b000 08:06 11273318                   /lib/x86_64-linux-gnu/libnss_nis-2.19.so
7f191f78a000-7f191f78b000 r--p 0000a000 08:06 11273318                   /lib/x86_64-linux-gnu/libnss_nis-2.19.so
7f191f78b000-7f191f78c000 rw-p 0000b000 08:06 11273318                   /lib/x86_64-linux-gnu/libnss_nis-2.19.so
7f191f790000-7f191f7a7000 r-xp 00000000 08:06 11273308                   /lib/x86_64-linux-gnu/libnsl-2.19.so
7f191f7a7000-7f191f9a6000 ---p 00017000 08:06 11273308                   /lib/x86_64-linux-gnu/libnsl-2.19.so
7f191f9a6000-7f191f9a7000 r--p 00016000 08:06 11273308                   /lib/x86_64-linux-gnu/libnsl-2.19.so
7f191f9a7000-7f191f9a8000 rw-p 00017000 08:06 11273308                   /lib/x86_64-linux-gnu/libnsl-2.19.so
7f191f9a8000-7f191f9aa000 rw-p 00000000 00:00 0 
7f191f9b0000-7f191f9b9000 r-xp 00000000 08:06 11273302                   /lib/x86_64-linux-gnu/libnss_compat-2.19.so
7f191f9b9000-7f191fbb8000 ---p 00009000 08:06 11273302                   /lib/x86_64-linux-gnu/libnss_compat-2.19.so
7f191fbb8000-7f191fbb9000 r--p 00008000 08:06 11273302                   /lib/x86_64-linux-gnu/libnss_compat-2.19.so
7f191fbb9000-7f191fbba000 rw-p 00009000 08:06 11273302                   /lib/x86_64-linux-gnu/libnss_compat-2.19.so
7f191fbc0000-7f191fbeb000 r-xp 00000000 08:06 10486230                   /usr/lib/jvm/jdk1.8.0_111/jre/lib/amd64/libjava.so
7f191fbeb000-7f191fdea000 ---p 0002b000 08:06 10486230                   /usr/lib/jvm/jdk1.8.0_111/jre/lib/amd64/libjava.so
7f191fdea000-7f191fdec000 rw-p 0002a000 08:06 10486230                   /usr/lib/jvm/jdk1.8.0_111/jre/lib/amd64/libjava.so
7f191fdf0000-7f191fdfd000 r-xp 00000000 08:06 10486181                   /usr/lib/jvm/jdk1.8.0_111/jre/lib/amd64/libverify.so
7f191fdfd000-7f191fffc000 ---p 0000d000 08:06 10486181                   /usr/lib/jvm/jdk1.8.0_111/jre/lib/amd64/libverify.so
7f191fffc000-7f191fffe000 rw-p 0000c000 08:06 10486181                   /usr/lib/jvm/jdk1.8.0_111/jre/lib/amd64/libverify.so
7f1920000000-7f1920466000 rw-p 00000000 00:00 0 
7f1920466000-7f1924000000 ---p 00000000 00:00 0 
7f1924007000-7f1924027000 rw-s 163037000 00:06 11833                     /dev/nvidiactl
7f192403f000-7f1924043000 r--s 00097000 08:06 10486124                   /usr/lib/jvm/jdk1.8.0_111/jre/lib/jsse.jar
7f1924048000-7f192404e000 r--p 00000000 08:06 1314243                    /usr/share/locale-langpack/es/LC_MESSAGES/gdk-pixbuf.mo
7f192404f000-7f1924050000 ---p 00000000 00:00 0 
7f1924050000-7f1924150000 rw-p 00000000 00:00 0                          [stack:11136]
7f1924150000-7f1924157000 r-xp 00000000 08:06 11273343                   /lib/x86_64-linux-gnu/librt-2.19.so
7f1924157000-7f1924356000 ---p 00007000 08:06 11273343                   /lib/x86_64-linux-gnu/librt-2.19.so
7f1924356000-7f1924357000 r--p 00006000 08:06 11273343                   /lib/x86_64-linux-gnu/librt-2.19.so
7f1924357000-7f1924358000 rw-p 00007000 08:06 11273343                   /lib/x86_64-linux-gnu/librt-2.19.so
7f1924358000-7f192445d000 r-xp 00000000 08:06 11273293                   /lib/x86_64-linux-gnu/libm-2.19.so
7f192445d000-7f192465c000 ---p 00105000 08:06 11273293                   /lib/x86_64-linux-gnu/libm-2.19.so
7f192465c000-7f192465d000 r--p 00104000 08:06 11273293                   /lib/x86_64-linux-gnu/libm-2.19.so
7f192465d000-7f192465e000 rw-p 00105000 08:06 11273293                   /lib/x86_64-linux-gnu/libm-2.19.so
7f1924660000-7f192532d000 r-xp 00000000 08:06 10486234                   /usr/lib/jvm/jdk1.8.0_111/jre/lib/amd64/server/libjvm.so
7f192532d000-7f192552c000 ---p 00ccd000 08:06 10486234                   /usr/lib/jvm/jdk1.8.0_111/jre/lib/amd64/server/libjvm.so
7f192552c000-7f1925605000 rw-p 00ccc000 08:06 10486234                   /usr/lib/jvm/jdk1.8.0_111/jre/lib/amd64/server/libjvm.so
7f1925605000-7f1925650000 rw-p 00000000 00:00 0 
7f1925650000-7f192580b000 r-xp 00000000 08:06 11273344                   /lib/x86_64-linux-gnu/libc-2.19.so
7f192580b000-7f1925a0a000 ---p 001bb000 08:06 11273344                   /lib/x86_64-linux-gnu/libc-2.19.so
7f1925a0a000-7f1925a0e000 r--p 001ba000 08:06 11273344                   /lib/x86_64-linux-gnu/libc-2.19.so
7f1925a0e000-7f1925a10000 rw-p 001be000 08:06 11273344                   /lib/x86_64-linux-gnu/libc-2.19.so
7f1925a10000-7f1925a15000 rw-p 00000000 00:00 0 
7f1925a18000-7f1925a1b000 r-xp 00000000 08:06 11273295                   /lib/x86_64-linux-gnu/libdl-2.19.so
7f1925a1b000-7f1925c1a000 ---p 00003000 08:06 11273295                   /lib/x86_64-linux-gnu/libdl-2.19.so
7f1925c1a000-7f1925c1b000 r--p 00002000 08:06 11273295                   /lib/x86_64-linux-gnu/libdl-2.19.so
7f1925c1b000-7f1925c1c000 rw-p 00003000 08:06 11273295                   /lib/x86_64-linux-gnu/libdl-2.19.so
7f1925c20000-7f1925c35000 r-xp 00000000 08:06 10486219                   /usr/lib/jvm/jdk1.8.0_111/jre/lib/amd64/jli/libjli.so
7f1925c35000-7f1925e35000 ---p 00015000 08:06 10486219                   /usr/lib/jvm/jdk1.8.0_111/jre/lib/amd64/jli/libjli.so
7f1925e35000-7f1925e36000 rw-p 00015000 08:06 10486219                   /usr/lib/jvm/jdk1.8.0_111/jre/lib/amd64/jli/libjli.so
7f1925e38000-7f1925e51000 r-xp 00000000 08:06 11273309                   /lib/x86_64-linux-gnu/libpthread-2.19.so
7f1925e51000-7f1926050000 ---p 00019000 08:06 11273309                   /lib/x86_64-linux-gnu/libpthread-2.19.so
7f1926050000-7f1926051000 r--p 00018000 08:06 11273309                   /lib/x86_64-linux-gnu/libpthread-2.19.so
7f1926051000-7f1926052000 rw-p 00019000 08:06 11273309                   /lib/x86_64-linux-gnu/libpthread-2.19.so
7f1926052000-7f1926056000 rw-p 00000000 00:00 0 
7f1926058000-7f192607b000 r-xp 00000000 08:06 11273314                   /lib/x86_64-linux-gnu/ld-2.19.so
7f192607c000-7f192614d000 rw-p 00000000 00:00 0 
7f192614d000-7f1926150000 ---p 00000000 00:00 0 
7f1926150000-7f1926250000 rw-p 00000000 00:00 0                          [stack:11134]
7f1926256000-7f1926257000 rw-s cfee6000 00:06 11834                      /dev/nvidia0
7f1926259000-7f192625a000 rw-s fd641000 00:06 11834                      /dev/nvidia0
7f192625c000-7f192625d000 rw-s 222edc000 00:06 11833                     /dev/nvidiactl
7f192625d000-7f192625e000 rw-s 182b85000 00:06 11833                     /dev/nvidiactl
7f1926264000-7f1926266000 r--s 00024000 08:06 10619549                   /home/xmbeat/NetBeansProjects/FingerprintLogin/dist/run1330308631/FingerprintLogin.jar
7f1926268000-7f1926270000 rw-s 00000000 08:06 1185733                    /tmp/hsperfdata_xmbeat/11131
7f1926274000-7f1926277000 rw-p 00000000 00:00 0 
7f1926277000-7f1926278000 r--p 00000000 00:00 0 
7f1926278000-7f192627a000 rw-p 00000000 00:00 0 
7f192627a000-7f192627b000 r--p 00022000 08:06 11273314                   /lib/x86_64-linux-gnu/ld-2.19.so
7f192627b000-7f192627c000 rw-p 00023000 08:06 11273314                   /lib/x86_64-linux-gnu/ld-2.19.so
7f192627c000-7f192627f000 rw-p 00000000 00:00 0 
7fffea699000-7fffea6ba000 rw-p 00000000 00:00 0                          [stack]
7fffea6d0000-7fffea6d2000 r--p 00000000 00:00 0                          [vvar]
7fffea6d2000-7fffea6d4000 r-xp 00000000 00:00 0                          [vdso]
ffffffffff600000-ffffffffff601000 r-xp 00000000 00:00 0                  [vsyscall]

VM Arguments:
jvm_args: -Dfile.encoding=UTF-8 
java_command: /home/xmbeat/NetBeansProjects/FingerprintLogin/dist/run1330308631/FingerprintLogin.jar
java_class_path (initial): /home/xmbeat/NetBeansProjects/FingerprintLogin/dist/run1330308631/FingerprintLogin.jar
Launcher Type: SUN_STANDARD

Environment Variables:
PATH=/home/xmbeat/bin:/usr/local/sbin:/usr/local/bin:/usr/sbin:/usr/bin:/sbin:/bin:/usr/games:/usr/local/games
USERNAME=xmbeat
LD_LIBRARY_PATH=/usr/lib/jvm/jdk1.8.0_111/jre/lib/amd64:/usr/lib/jvm/jdk1.8.0_111/jre/lib/i386:
SHELL=/bin/bash
DISPLAY=:0

Signal Handlers:
SIGSEGV: [libjvm.so+0xac64b0], sa_mask[0]=11111111011111111101111111111110, sa_flags=SA_RESTART|SA_SIGINFO
SIGBUS: [libjvm.so+0xac64b0], sa_mask[0]=11111111011111111101111111111110, sa_flags=SA_RESTART|SA_SIGINFO
SIGFPE: [libjvm.so+0x91f950], sa_mask[0]=11111111011111111101111111111110, sa_flags=SA_RESTART|SA_SIGINFO
SIGPIPE: SIG_IGN, sa_mask[0]=00000000000000000000000000000000, sa_flags=none
SIGXFSZ: [libjvm.so+0x91f950], sa_mask[0]=11111111011111111101111111111110, sa_flags=SA_RESTART|SA_SIGINFO
SIGILL: [libjvm.so+0x91f950], sa_mask[0]=11111111011111111101111111111110, sa_flags=SA_RESTART|SA_SIGINFO
SIGUSR1: SIG_DFL, sa_mask[0]=00000000000000000000000000000000, sa_flags=none
SIGUSR2: [libjvm.so+0x920f80], sa_mask[0]=00100000000000000000000000000000, sa_flags=SA_RESTART|SA_SIGINFO
SIGHUP: [libjvm.so+0x922380], sa_mask[0]=11111111011111111101111111111110, sa_flags=SA_RESTART|SA_SIGINFO
SIGINT: SIG_IGN, sa_mask[0]=00000000000000000000000000000000, sa_flags=none
SIGTERM: [libjvm.so+0x922380], sa_mask[0]=11111111011111111101111111111110, sa_flags=SA_RESTART|SA_SIGINFO
SIGQUIT: [libjvm.so+0x922380], sa_mask[0]=11111111011111111101111111111110, sa_flags=SA_RESTART|SA_SIGINFO


---------------  S Y S T E M  ---------------

OS:DISTRIB_ID=LinuxMint
DISTRIB_RELEASE=17.3
DISTRIB_CODENAME=rosa
DISTRIB_DESCRIPTION="Linux Mint 17.3 Rosa"

uname:Linux 3.19.0-32-generic #37~14.04.1-Ubuntu SMP Thu Oct 22 09:41:40 UTC 2015 x86_64
libc:glibc 2.19 NPTL 2.19 
rlimit: STACK 8192k, CORE 0k, NPROC 31347, NOFILE 4096, AS infinity
load average:5.88 3.59 2.65

/proc/meminfo:
MemTotal:        8056656 kB
MemFree:         2068956 kB
MemAvailable:    4264740 kB
Buffers:          196816 kB
Cached:          2211508 kB
SwapCached:            0 kB
Active:          4129764 kB
Inactive:        1493724 kB
Active(anon):    3218572 kB
Inactive(anon):   108276 kB
Active(file):     911192 kB
Inactive(file):  1385448 kB
Unevictable:           0 kB
Mlocked:               0 kB
SwapTotal:       3998716 kB
SwapFree:        3998716 kB
Dirty:              4944 kB
Writeback:             0 kB
AnonPages:       3215192 kB
Mapped:           650520 kB
Shmem:            111688 kB
Slab:             169828 kB
SReclaimable:     136156 kB
SUnreclaim:        33672 kB
KernelStack:        9616 kB
PageTables:        39432 kB
NFS_Unstable:          0 kB
Bounce:                0 kB
WritebackTmp:          0 kB
CommitLimit:     8027044 kB
Committed_AS:    7176508 kB
VmallocTotal:   34359738367 kB
VmallocUsed:      320996 kB
VmallocChunk:   34359412860 kB
HardwareCorrupted:     0 kB
AnonHugePages:   1861632 kB
CmaTotal:              0 kB
CmaFree:               0 kB
HugePages_Total:       0
HugePages_Free:        0
HugePages_Rsvd:        0
HugePages_Surp:        0
Hugepagesize:       2048 kB
DirectMap4k:      282036 kB
DirectMap2M:     7004160 kB
DirectMap1G:     1048576 kB


CPU:total 2 (2 cores per cpu, 1 threads per core) family 21 model 19 stepping 1, cmov, cx8, fxsr, mmx, sse, sse2, sse3, ssse3, sse4.1, sse4.2, popcnt, avx, aes, clmul, mmxext, 3dnowpref, lzcnt, sse4a, tsc, tscinvbit, tscinv, bmi1

/proc/cpuinfo:
processor	: 0
vendor_id	: AuthenticAMD
cpu family	: 21
model		: 19
model name	: AMD A4-4000 APU with Radeon(tm) HD Graphics
stepping	: 1
microcode	: 0x6001119
cpu MHz		: 3000.000
cache size	: 1024 KB
physical id	: 0
siblings	: 2
core id		: 0
cpu cores	: 1
apicid		: 16
initial apicid	: 0
fpu		: yes
fpu_exception	: yes
cpuid level	: 13
wp		: yes
flags		: fpu vme de pse tsc msr pae mce cx8 apic sep mtrr pge mca cmov pat pse36 clflush mmx fxsr sse sse2 ht syscall nx mmxext fxsr_opt pdpe1gb rdtscp lm constant_tsc rep_good nopl nonstop_tsc extd_apicid aperfmperf pni pclmulqdq monitor ssse3 fma cx16 sse4_1 sse4_2 popcnt aes xsave avx f16c lahf_lm cmp_legacy svm extapic cr8_legacy abm sse4a misalignsse 3dnowprefetch osvw ibs xop skinit wdt lwp fma4 tce nodeid_msr tbm topoext perfctr_core perfctr_nb arat cpb hw_pstate npt lbrv svm_lock nrip_save tsc_scale vmcb_clean flushbyasid decodeassists pausefilter pfthreshold vmmcall bmi1
bugs		: fxsave_leak
bogomips	: 5988.89
TLB size	: 1536 4K pages
clflush size	: 64
cache_alignment	: 64
address sizes	: 48 bits physical, 48 bits virtual
power management: ts ttp tm 100mhzsteps hwpstate cpb eff_freq_ro

processor	: 1
vendor_id	: AuthenticAMD
cpu family	: 21
model		: 19
model name	: AMD A4-4000 APU with Radeon(tm) HD Graphics    
stepping	: 1
microcode	: 0x6001119
cpu MHz		: 3000.000
cache size	: 1024 KB
physical id	: 0
siblings	: 2
core id		: 1
cpu cores	: 1
apicid		: 17
initial apicid	: 1
fpu		: yes
fpu_exception	: yes
cpuid level	: 13
wp		: yes
flags		: fpu vme de pse tsc msr pae mce cx8 apic sep mtrr pge mca cmov pat pse36 clflush mmx fxsr sse sse2 ht syscall nx mmxext fxsr_opt pdpe1gb rdtscp lm constant_tsc rep_good nopl nonstop_tsc extd_apicid aperfmperf pni pclmulqdq monitor ssse3 fma cx16 sse4_1 sse4_2 popcnt aes xsave avx f16c lahf_lm cmp_legacy svm extapic cr8_legacy abm sse4a misalignsse 3dnowprefetch osvw ibs xop skinit wdt lwp fma4 tce nodeid_msr tbm topoext perfctr_core perfctr_nb arat cpb hw_pstate npt lbrv svm_lock nrip_save tsc_scale vmcb_clean flushbyasid decodeassists pausefilter pfthreshold vmmcall bmi1
bugs		: fxsave_leak
bogomips	: 5988.89
TLB size	: 1536 4K pages
clflush size	: 64
cache_alignment	: 64
address sizes	: 48 bits physical, 48 bits virtual
power management: ts ttp tm 100mhzsteps hwpstate cpb eff_freq_ro



Memory: 4k page, physical 8056656k(2068956k free), swap 3998716k(3998716k free)

vm_info: Java HotSpot(TM) 64-Bit Server VM (25.111-b14) for linux-amd64 JRE (1.8.0_111-b14), built on Sep 22 2016 16:14:03 by "java_re" with gcc 4.3.0 20080428 (Red Hat 4.3.0-8)

time: Mon Dec  5 22:49:44 2016
elapsed time: 15 seconds (0d 0h 0m 15s)

