#
# A fatal error has been detected by the Java Runtime Environment:
#
#  SIGSEGV (0xb) at pc=0x00007f3bd3f81e9f, pid=9902, tid=0x00007f3b901b7700
#
# JRE version: Java(TM) SE Runtime Environment (8.0_111-b14) (build 1.8.0_111-b14)
# Java VM: Java HotSpot(TM) 64-Bit Server VM (25.111-b14 mixed mode linux-amd64 compressed oops)
# Problematic frame:
# V  [libjvm.so+0x6d1e9f]  jni_invoke_nonstatic(JNIEnv_*, JavaValue*, _jobject*, JNICallType, _jmethodID*, JNI_ArgumentPusher*, Thread*)+0x1af
#
# Failed to write core dump. Core dumps have been disabled. To enable core dumping, try "ulimit -c unlimited" before starting Java again
#
# If you would like to submit a bug report, please visit:
#   http://bugreport.java.com/bugreport/crash.jsp
#

---------------  T H R E A D  ---------------

Current thread (0x00007f3bcc114000):  JavaThread "Thread-0" [_thread_in_vm, id=9918, stack(0x00007f3b900b7000,0x00007f3b901b8000)]

siginfo: si_signo: 11 (SIGSEGV), si_code: 1 (SEGV_MAPERR), si_addr: 0x0000000000000008

Registers:
RAX=0x00007f3bd3fa1830, RBX=0x0000000000000002, RCX=0x0000000000000000, RDX=0x00007f3b901b6250
RSP=0x00007f3b901b60a0, RBP=0x00007f3b901b6220, RSI=0x0000000100060828, RDI=0x00007f3bcc1141f8
R8 =0x0000000000000015, R9 =0x00007f3b901b6250, R10=0x00007f3bd4c5cbe0, R11=0x0000000000000000
R12=0x00000000d71fd670, R13=0x0000000000000000, R14=0x00007f3bcc113450, R15=0x0000000000000000
RIP=0x00007f3bd3f81e9f, EFLAGS=0x0000000000010246, CSGSFS=0x0000000000000033, ERR=0x0000000000000004
  TRAPNO=0x000000000000000e

Top of Stack: (sp=0x00007f3b901b60a0)
0x00007f3b901b60a0:   00007f3b901b60e0 00007f3bd3eef12f
0x00007f3b901b60b0:   00007f3b901b6100 00007f3b901b6170
0x00007f3b901b60c0:   00007f3b901b6250 00007f3b901b62b0
0x00007f3b901b60d0:   00007f3bcc1141f8 00007f3bd3fa1830
0x00007f3b901b60e0:   00007f3ba0011e50 00007f3ba0011e60
0x00007f3b901b60f0:   00007f3ba0012238 00000000000003d8
0x00007f3b901b6100:   00007f3b901b66c0 00007f3bcc1134e8
0x00007f3b901b6110:   00007f3bd43b0b67 0001b462901b6400
0x00007f3b901b6120:   00007f3b901b6270 00000000cc113490
0x00007f3b901b6130:   00007f3bcc1134d0 00007f3bcc1134f8
0x00007f3b901b6140:   00007f3bcc1135b8 00000000000001d8
0x00007f3b901b6150:   00007f3b901b6910 00007f3b901b6108
0x00007f3b901b6160:   00007f3b901b6149 0000000800000001
0x00007f3b901b6170:   00007f3bd10f5c00 00007f3bcc114000
0x00007f3b901b6180:   00007f3bd0d046e8 00007f3bcc114000
0x00007f3b901b6190:   00007f3bcc114000 00007f3bcc114000
0x00007f3b901b61a0:   00007f3b901b61d0 00007f3bd52f68c0
0x00007f3b901b61b0:   00007f3bd0d046e8 00007f3bd52b1dc9
0x00007f3b901b61c0:   00007f3bd10f5c30 0000000008a5f2ef
0x00007f3b901b61d0:   0000000000000005 0000000000000018
0x00007f3b901b61e0:   00007f3bcc108448 00007f3bd52b2816
0x00007f3b901b61f0:   00007f3bd10f5c30 00007f3b901b6250
0x00007f3b901b6200:   00007f3bcc114000 00007f3b901b6290
0x00007f3b901b6210:   00007f3bcc0e3ad0 00007f3bcc1141f8
0x00007f3b901b6220:   00007f3b901b6310 00007f3bd3f864cf
0x00007f3b901b6230:   00007f3bcc114000 0000000000000000
0x00007f3b901b6240:   00007f3b901b6348 00007f3bcc06d5b0
0x00007f3b901b6250:   00007f3bd480f750 00007f3bd52f64c0
0x00007f3b901b6260:   0000000000000000 0000000100000063
0x00007f3b901b6270:   00007f3b901b6100 0000003000000018
0x00007f3b901b6280:   00007f3b901b6420 00007f3b901b6360
0x00007f3b901b6290:   00007f3bcc114000 0000000000000000 

Instructions: (pc=0x00007f3bd3f81e9f)
0x00007f3bd3f81e7f:   ff ff 74 1c 48 8b 45 10 4c 89 6d c0 48 8d 75 c0
0x00007f3bd3f81e8f:   48 8b b8 40 01 00 00 e8 e5 60 c7 ff 4c 8b 7d 10
0x00007f3bd3f81e9f:   49 8b 45 08 0f b7 50 24 48 8b 40 08 48 8b 74 d0
0x00007f3bd3f81eaf:   50 48 8d 95 60 ff ff ff 48 89 d7 48 89 95 98 fe 

Register to memory mapping:

RAX=0x00007f3bd3fa1830: <offset 0x6f1830> in /usr/lib/jvm/jdk1.8.0_111/jre/lib/amd64/server/libjvm.so at 0x00007f3bd38b0000
RBX=0x0000000000000002 is an unknown value
RCX=0x0000000000000000 is an unknown value
RDX=0x00007f3b901b6250 is pointing into the stack for thread: 0x00007f3bcc114000
RSP=0x00007f3b901b60a0 is pointing into the stack for thread: 0x00007f3bcc114000
RBP=0x00007f3b901b6220 is pointing into the stack for thread: 0x00007f3bcc114000
RSI=0x0000000100060828 is pointing into metadata
RDI=0x00007f3bcc1141f8 is an unknown value
R8 =0x0000000000000015 is an unknown value
R9 =0x00007f3b901b6250 is pointing into the stack for thread: 0x00007f3bcc114000
R10=0x00007f3bd4c5cbe0: <offset 0x3bcbe0> in /lib/x86_64-linux-gnu/libc.so.6 at 0x00007f3bd48a0000
R11=0x0000000000000000 is an unknown value
R12=0x00000000d71fd670 is an oop
uaz.fingerprint.Message 
 - klass: 'uaz/fingerprint/Message'
R13=0x0000000000000000 is an unknown value
R14=0x00007f3bcc113450 is an unknown value
R15=0x0000000000000000 is an unknown value


Stack: [0x00007f3b900b7000,0x00007f3b901b8000],  sp=0x00007f3b901b60a0,  free space=1020k
Native frames: (J=compiled Java code, j=interpreted, Vv=VM code, C=native code)
V  [libjvm.so+0x6d1e9f]  jni_invoke_nonstatic(JNIEnv_*, JavaValue*, _jobject*, JNICallType, _jmethodID*, JNI_ArgumentPusher*, Thread*)+0x1af
V  [libjvm.so+0x6d64cf]  jni_CallVoidMethodV+0x10f
C  [libfingerprint2616056632399983648.so+0x473d]  JNIEnv_::CallVoidMethod(_jobject*, _jmethodID*, ...)+0xb5
C  [libfingerprint2616056632399983648.so+0x32be]  callbackStopCapture(fp_dev*, void*)+0x158
C  [libfprint.so.0+0xfa4a]  fpi_imgdev_deactivate_complete+0x2a

Java frames: (J=compiled Java code, j=interpreted, Vv=VM code)
J 69  uaz.fingerprint.Reader.nativeHandleEvents(I)I (0 bytes) @ 0x00007f3bbd1299b8 [0x00007f3bbd129980+0x38]
j  uaz.fingerprint.ReaderDispatcher.run()V+660
j  java.lang.Thread.run()V+11
v  ~StubRoutines::call_stub

---------------  P R O C E S S  ---------------

Java Threads: ( => current thread )
  0x00007f3bcc00a000 JavaThread "DestroyJavaVM" [_thread_blocked, id=9905, stack(0x00007f3bd539c000,0x00007f3bd549d000)]
=>0x00007f3bcc114000 JavaThread "Thread-0" [_thread_in_vm, id=9918, stack(0x00007f3b900b7000,0x00007f3b901b8000)]
  0x00007f3bcc0ba000 JavaThread "Service Thread" daemon [_thread_blocked, id=9915, stack(0x00007f3bb8634000,0x00007f3bb8735000)]
  0x00007f3bcc0b7800 JavaThread "C1 CompilerThread1" daemon [_thread_blocked, id=9914, stack(0x00007f3bb8735000,0x00007f3bb8836000)]
  0x00007f3bcc0b4800 JavaThread "C2 CompilerThread0" daemon [_thread_blocked, id=9913, stack(0x00007f3bb8836000,0x00007f3bb8937000)]
  0x00007f3bcc0b3000 JavaThread "Signal Dispatcher" daemon [_thread_blocked, id=9912, stack(0x00007f3bb8937000,0x00007f3bb8a38000)]
  0x00007f3bcc080000 JavaThread "Finalizer" daemon [_thread_blocked, id=9911, stack(0x00007f3bb8f7d000,0x00007f3bb907e000)]
  0x00007f3bcc07b800 JavaThread "Reference Handler" daemon [_thread_blocked, id=9910, stack(0x00007f3bb907e000,0x00007f3bb917f000)]

Other Threads:
  0x00007f3bcc073800 VMThread [stack: 0x00007f3bb917f000,0x00007f3bb9280000] [id=9909]
  0x00007f3bcc0bd000 WatcherThread [stack: 0x00007f3bb8533000,0x00007f3bb8634000] [id=9916]

VM state:not at safepoint (normal execution)

VM Mutex/Monitor currently owned by a thread: None

Heap:
 PSYoungGen      total 36864K, used 3174K [0x00000000d7000000, 0x00000000d9900000, 0x0000000100000000)
  eden space 31744K, 10% used [0x00000000d7000000,0x00000000d7319b58,0x00000000d8f00000)
  from space 5120K, 0% used [0x00000000d9400000,0x00000000d9400000,0x00000000d9900000)
  to   space 5120K, 0% used [0x00000000d8f00000,0x00000000d8f00000,0x00000000d9400000)
 ParOldGen       total 84992K, used 0K [0x0000000085000000, 0x000000008a300000, 0x00000000d7000000)
  object space 84992K, 0% used [0x0000000085000000,0x0000000085000000,0x000000008a300000)
 Metaspace       used 3450K, capacity 4600K, committed 4864K, reserved 1056768K
  class space    used 384K, capacity 424K, committed 512K, reserved 1048576K

Card table byte_map: [0x00007f3bd1d57000,0x00007f3bd2130000] byte_map_base: 0x00007f3bd192f000

Marking Bits: (ParMarkBitMap*) 0x00007f3bd4873220
 Begin Bits: [0x00007f3bb9280000, 0x00007f3bbb140000)
 End Bits:   [0x00007f3bbb140000, 0x00007f3bbd000000)

Polling page: 0x00007f3bd54c7000

CodeCache: size=245760Kb used=1250Kb max_used=1250Kb free=244510Kb
 bounds [0x00007f3bbd000000, 0x00007f3bbd270000, 0x00007f3bcc000000]
 total_blobs=327 nmethods=76 adapters=166
 compilation: enabled

Compilation events (10 events):
Event: 0.382 Thread 0x00007f3bcc0b4800 nmethod 71 0x00007f3bbd12d050 code [0x00007f3bbd12d1a0, 0x00007f3bbd12d218]
Event: 0.383 Thread 0x00007f3bcc0b4800   72   !   4       uaz.fingerprint.ReaderDispatcher::pickMessage (25 bytes)
Event: 0.385 Thread 0x00007f3bcc0b4800 nmethod 72 0x00007f3bbd12b650 code [0x00007f3bbd12b7a0, 0x00007f3bbd12ba18]
Event: 0.452 Thread 0x00007f3bcc0b7800   73 % !   3       uaz.fingerprint.ReaderDispatcher::run @ 0 (668 bytes)
Event: 0.458 Thread 0x00007f3bcc0b7800 nmethod 73% 0x00007f3bbd12ec10 code [0x00007f3bbd12f140, 0x00007f3bbd131c98]
Event: 0.459 Thread 0x00007f3bcc0b7800   74   !   3       uaz.fingerprint.ReaderDispatcher::run (668 bytes)
Event: 0.463 Thread 0x00007f3bcc0b7800 nmethod 74 0x00007f3bbd1333d0 code [0x00007f3bbd133900, 0x00007f3bbd136338]
Event: 0.553 Thread 0x00007f3bcc0b4800   75 % !   4       uaz.fingerprint.ReaderDispatcher::run @ 0 (668 bytes)
Event: 0.559 Thread 0x00007f3bcc0b4800 nmethod 75% 0x00007f3bbd12af10 code [0x00007f3bbd12b080, 0x00007f3bbd12b3a8]
Event: 2.367 Thread 0x00007f3bcc0b7800   76 % !   3       uaz.fingerprint.ReaderDispatcher::run @ 0 (668 bytes)

GC Heap History (0 events):
No events

Deoptimization events (1 events):
Event: 2.365 Thread 0x00007f3bcc114000 Uncommon trap: reason=unstable_if action=reinterpret pc=0x00007f3bbd12b300 method=java.util.PriorityQueue.poll()Ljava/lang/Object; @ 4

Internal exceptions (6 events):
Event: 0.043 Thread 0x00007f3bcc00a000 Exception <a 'java/lang/NoSuchMethodError': Method sun.misc.Unsafe.defineClass(Ljava/lang/String;[BII)Ljava/lang/Class; name or signature does not match> (0x00000000d7007c78) thrown at [/HUDSON3/workspace/8-2-build-linux-amd64/jdk8u111/7883/hotspot/src/sh
Event: 0.043 Thread 0x00007f3bcc00a000 Exception <a 'java/lang/NoSuchMethodError': Method sun.misc.Unsafe.prefetchRead(Ljava/lang/Object;J)V name or signature does not match> (0x00000000d7007f60) thrown at [/HUDSON3/workspace/8-2-build-linux-amd64/jdk8u111/7883/hotspot/src/share/vm/prims/jni.c
Event: 0.224 Thread 0x00007f3bcc00a000 Exception <a 'java/security/PrivilegedActionException'> (0x00000000d7175e60) thrown at [/HUDSON3/workspace/8-2-build-linux-amd64/jdk8u111/7883/hotspot/src/share/vm/prims/jvm.cpp, line 1386]
Event: 0.224 Thread 0x00007f3bcc00a000 Exception <a 'java/security/PrivilegedActionException'> (0x00000000d7176070) thrown at [/HUDSON3/workspace/8-2-build-linux-amd64/jdk8u111/7883/hotspot/src/share/vm/prims/jvm.cpp, line 1386]
Event: 0.225 Thread 0x00007f3bcc00a000 Exception <a 'java/security/PrivilegedActionException'> (0x00000000d7178448) thrown at [/HUDSON3/workspace/8-2-build-linux-amd64/jdk8u111/7883/hotspot/src/share/vm/prims/jvm.cpp, line 1386]
Event: 0.225 Thread 0x00007f3bcc00a000 Exception <a 'java/security/PrivilegedActionException'> (0x00000000d7178658) thrown at [/HUDSON3/workspace/8-2-build-linux-amd64/jdk8u111/7883/hotspot/src/share/vm/prims/jvm.cpp, line 1386]

Events (10 events):
Event: 0.367 loading class java/util/TreeMap$Entry done
Event: 0.368 Thread 0x00007f3bcc00a000 Thread exited: 0x00007f3bcc00a000
Event: 0.369 Thread 0x00007f3bcc00a000 Thread added: 0x00007f3bcc00a000
Event: 0.574 Thread 0x00007f3bcc114000 DEOPT PACKING pc=0x00007f3bbd131975 sp=0x00007f3b901b6710
Event: 0.574 Thread 0x00007f3bcc114000 DEOPT UNPACKING pc=0x00007f3bbd047233 sp=0x00007f3b901b64b0 mode 0
Event: 2.364 loading class uaz/fingerprint/FingerprintImage
Event: 2.364 loading class uaz/fingerprint/FingerprintImage done
Event: 2.365 Thread 0x00007f3bcc114000 Uncommon trap: trap_request=0xffffff65 fr.pc=0x00007f3bbd12b300
Event: 2.365 Thread 0x00007f3bcc114000 DEOPT PACKING pc=0x00007f3bbd12b300 sp=0x00007f3b901b6790
Event: 2.365 Thread 0x00007f3bcc114000 DEOPT UNPACKING pc=0x00007f3bbd005229 sp=0x00007f3b901b6650 mode 2


Dynamic libraries:
00400000-00401000 r-xp 00000000 08:06 10486455                           /usr/lib/jvm/jdk1.8.0_111/jre/bin/java
00600000-00601000 rw-p 00000000 08:06 10486455                           /usr/lib/jvm/jdk1.8.0_111/jre/bin/java
02289000-022aa000 rw-p 00000000 00:00 0                                  [heap]
85000000-8a300000 rw-p 00000000 00:00 0 
8a300000-d7000000 ---p 00000000 00:00 0 
d7000000-d9900000 rw-p 00000000 00:00 0 
d9900000-100000000 ---p 00000000 00:00 0 
100000000-100080000 rw-p 00000000 00:00 0 
100080000-140000000 ---p 00000000 00:00 0 
7f3b84000000-7f3b840fa000 rw-p 00000000 00:00 0 
7f3b840fa000-7f3b88000000 ---p 00000000 00:00 0 
7f3b89971000-7f3b89b08000 rw-p 00000000 00:00 0 
7f3b89b08000-7f3b89b83000 r-xp 00000000 08:06 794106                     /usr/lib/x86_64-linux-gnu/nss/libfreebl3.so
7f3b89b83000-7f3b89d82000 ---p 0007b000 08:06 794106                     /usr/lib/x86_64-linux-gnu/nss/libfreebl3.so
7f3b89d82000-7f3b89d84000 r--p 0007a000 08:06 794106                     /usr/lib/x86_64-linux-gnu/nss/libfreebl3.so
7f3b89d84000-7f3b89d85000 rw-p 0007c000 08:06 794106                     /usr/lib/x86_64-linux-gnu/nss/libfreebl3.so
7f3b89d85000-7f3b89d89000 rw-p 00000000 00:00 0 
7f3b89d90000-7f3b89e44000 r-xp 00000000 08:06 271632                     /usr/lib/x86_64-linux-gnu/libsqlite3.so.0.8.6
7f3b89e44000-7f3b8a044000 ---p 000b4000 08:06 271632                     /usr/lib/x86_64-linux-gnu/libsqlite3.so.0.8.6
7f3b8a044000-7f3b8a046000 r--p 000b4000 08:06 271632                     /usr/lib/x86_64-linux-gnu/libsqlite3.so.0.8.6
7f3b8a046000-7f3b8a048000 rw-p 000b6000 08:06 271632                     /usr/lib/x86_64-linux-gnu/libsqlite3.so.0.8.6
7f3b8a048000-7f3b8a049000 rw-p 00000000 00:00 0 
7f3b8a050000-7f3b8a091000 r-xp 00000000 08:06 794105                     /usr/lib/x86_64-linux-gnu/nss/libsoftokn3.so
7f3b8a091000-7f3b8a290000 ---p 00041000 08:06 794105                     /usr/lib/x86_64-linux-gnu/nss/libsoftokn3.so
7f3b8a290000-7f3b8a291000 r--p 00040000 08:06 794105                     /usr/lib/x86_64-linux-gnu/nss/libsoftokn3.so
7f3b8a291000-7f3b8a292000 rw-p 00041000 08:06 794105                     /usr/lib/x86_64-linux-gnu/nss/libsoftokn3.so
7f3b8a297000-7f3b8a298000 ---p 00000000 00:00 0 
7f3b8a298000-7f3b8aa98000 rw-p 00000000 00:00 0                          [stack:9917]
7f3b8aa98000-7f3b8aadc000 r-xp 00000000 08:06 11276542                   /lib/x86_64-linux-gnu/libdbus-1.so.3.7.6
7f3b8aadc000-7f3b8acdb000 ---p 00044000 08:06 11276542                   /lib/x86_64-linux-gnu/libdbus-1.so.3.7.6
7f3b8acdb000-7f3b8acdc000 r--p 00043000 08:06 11276542                   /lib/x86_64-linux-gnu/libdbus-1.so.3.7.6
7f3b8acdc000-7f3b8acdd000 rw-p 00044000 08:06 11276542                   /lib/x86_64-linux-gnu/libdbus-1.so.3.7.6
7f3b8ace0000-7f3b8ace8000 r-xp 00000000 08:06 11276591                   /lib/x86_64-linux-gnu/libnih-dbus.so.1.0.0
7f3b8ace8000-7f3b8aee8000 ---p 00008000 08:06 11276591                   /lib/x86_64-linux-gnu/libnih-dbus.so.1.0.0
7f3b8aee8000-7f3b8aee9000 r--p 00008000 08:06 11276591                   /lib/x86_64-linux-gnu/libnih-dbus.so.1.0.0
7f3b8aee9000-7f3b8aeea000 rw-p 00009000 08:06 11276591                   /lib/x86_64-linux-gnu/libnih-dbus.so.1.0.0
7f3b8aef0000-7f3b8af07000 r-xp 00000000 08:06 11276593                   /lib/x86_64-linux-gnu/libnih.so.1.0.0
7f3b8af07000-7f3b8b106000 ---p 00017000 08:06 11276593                   /lib/x86_64-linux-gnu/libnih.so.1.0.0
7f3b8b106000-7f3b8b107000 r--p 00016000 08:06 11276593                   /lib/x86_64-linux-gnu/libnih.so.1.0.0
7f3b8b107000-7f3b8b108000 rw-p 00017000 08:06 11276593                   /lib/x86_64-linux-gnu/libnih.so.1.0.0
7f3b8b108000-7f3b8b121000 r-xp 00000000 08:06 11276533                   /lib/x86_64-linux-gnu/libcgmanager.so.0.0.0
7f3b8b121000-7f3b8b320000 ---p 00019000 08:06 11276533                   /lib/x86_64-linux-gnu/libcgmanager.so.0.0.0
7f3b8b320000-7f3b8b322000 r--p 00018000 08:06 11276533                   /lib/x86_64-linux-gnu/libcgmanager.so.0.0.0
7f3b8b322000-7f3b8b323000 rw-p 0001a000 08:06 11276533                   /lib/x86_64-linux-gnu/libcgmanager.so.0.0.0
7f3b8b328000-7f3b8b361000 r-xp 00000000 08:06 268901                     /usr/lib/x86_64-linux-gnu/libnspr4.so
7f3b8b361000-7f3b8b560000 ---p 00039000 08:06 268901                     /usr/lib/x86_64-linux-gnu/libnspr4.so
7f3b8b560000-7f3b8b561000 r--p 00038000 08:06 268901                     /usr/lib/x86_64-linux-gnu/libnspr4.so
7f3b8b561000-7f3b8b562000 rw-p 00039000 08:06 268901                     /usr/lib/x86_64-linux-gnu/libnspr4.so
7f3b8b562000-7f3b8b565000 rw-p 00000000 00:00 0 
7f3b8b568000-7f3b8b56b000 r-xp 00000000 08:06 268900                     /usr/lib/x86_64-linux-gnu/libplds4.so
7f3b8b56b000-7f3b8b76a000 ---p 00003000 08:06 268900                     /usr/lib/x86_64-linux-gnu/libplds4.so
7f3b8b76a000-7f3b8b76b000 r--p 00002000 08:06 268900                     /usr/lib/x86_64-linux-gnu/libplds4.so
7f3b8b76b000-7f3b8b76c000 rw-p 00003000 08:06 268900                     /usr/lib/x86_64-linux-gnu/libplds4.so
7f3b8b770000-7f3b8b774000 r-xp 00000000 08:06 268861                     /usr/lib/x86_64-linux-gnu/libplc4.so
7f3b8b774000-7f3b8b973000 ---p 00004000 08:06 268861                     /usr/lib/x86_64-linux-gnu/libplc4.so
7f3b8b973000-7f3b8b974000 r--p 00003000 08:06 268861                     /usr/lib/x86_64-linux-gnu/libplc4.so
7f3b8b974000-7f3b8b975000 rw-p 00004000 08:06 268861                     /usr/lib/x86_64-linux-gnu/libplc4.so
7f3b8b978000-7f3b8b99d000 r-xp 00000000 08:06 268074                     /usr/lib/x86_64-linux-gnu/libnssutil3.so
7f3b8b99d000-7f3b8bb9d000 ---p 00025000 08:06 268074                     /usr/lib/x86_64-linux-gnu/libnssutil3.so
7f3b8bb9d000-7f3b8bba3000 r--p 00025000 08:06 268074                     /usr/lib/x86_64-linux-gnu/libnssutil3.so
7f3b8bba3000-7f3b8bba4000 rw-p 0002b000 08:06 268074                     /usr/lib/x86_64-linux-gnu/libnssutil3.so
7f3b8bba8000-7f3b8bbe5000 r-xp 00000000 08:06 11276632                   /lib/x86_64-linux-gnu/libpcre.so.3.13.1
7f3b8bbe5000-7f3b8bde4000 ---p 0003d000 08:06 11276632                   /lib/x86_64-linux-gnu/libpcre.so.3.13.1
7f3b8bde4000-7f3b8bde5000 r--p 0003c000 08:06 11276632                   /lib/x86_64-linux-gnu/libpcre.so.3.13.1
7f3b8bde5000-7f3b8bde6000 rw-p 0003d000 08:06 11276632                   /lib/x86_64-linux-gnu/libpcre.so.3.13.1
7f3b8bde8000-7f3b8bdf8000 r-xp 00000000 08:06 11276675                   /lib/x86_64-linux-gnu/libudev.so.1.3.5
7f3b8bdf8000-7f3b8bff7000 ---p 00010000 08:06 11276675                   /lib/x86_64-linux-gnu/libudev.so.1.3.5
7f3b8bff7000-7f3b8bff8000 r--p 0000f000 08:06 11276675                   /lib/x86_64-linux-gnu/libudev.so.1.3.5
7f3b8bff8000-7f3b8bff9000 rw-p 00010000 08:06 11276675                   /lib/x86_64-linux-gnu/libudev.so.1.3.5
7f3b8c000000-7f3b8c021000 rw-p 00000000 00:00 0 
7f3b8c021000-7f3b90000000 ---p 00000000 00:00 0 
7f3b900b7000-7f3b900ba000 ---p 00000000 00:00 0 
7f3b900ba000-7f3b901b8000 rw-p 00000000 00:00 0                          [stack:9918]
7f3b901b8000-7f3b901ce000 r-xp 00000000 08:06 11273328                   /lib/x86_64-linux-gnu/libgcc_s.so.1
7f3b901ce000-7f3b903cd000 ---p 00016000 08:06 11273328                   /lib/x86_64-linux-gnu/libgcc_s.so.1
7f3b903cd000-7f3b903ce000 rw-p 00015000 08:06 11273328                   /lib/x86_64-linux-gnu/libgcc_s.so.1
7f3b903d0000-7f3b90471000 r-xp 00000000 08:06 271486                     /usr/lib/x86_64-linux-gnu/libpixman-1.so.0.30.2
7f3b90471000-7f3b90671000 ---p 000a1000 08:06 271486                     /usr/lib/x86_64-linux-gnu/libpixman-1.so.0.30.2
7f3b90671000-7f3b90678000 r--p 000a1000 08:06 271486                     /usr/lib/x86_64-linux-gnu/libpixman-1.so.0.30.2
7f3b90678000-7f3b90679000 rw-p 000a8000 08:06 271486                     /usr/lib/x86_64-linux-gnu/libpixman-1.so.0.30.2
7f3b90680000-7f3b907b5000 r-xp 00000000 08:06 268076                     /usr/lib/x86_64-linux-gnu/libnss3.so
7f3b907b5000-7f3b909b4000 ---p 00135000 08:06 268076                     /usr/lib/x86_64-linux-gnu/libnss3.so
7f3b909b4000-7f3b909b9000 r--p 00134000 08:06 268076                     /usr/lib/x86_64-linux-gnu/libnss3.so
7f3b909b9000-7f3b909bb000 rw-p 00139000 08:06 268076                     /usr/lib/x86_64-linux-gnu/libnss3.so
7f3b909bb000-7f3b909bc000 rw-p 00000000 00:00 0 
7f3b909c0000-7f3b90ac6000 r-xp 00000000 08:06 11276559                   /lib/x86_64-linux-gnu/libglib-2.0.so.0.4002.0
7f3b90ac6000-7f3b90cc5000 ---p 00106000 08:06 11276559                   /lib/x86_64-linux-gnu/libglib-2.0.so.0.4002.0
7f3b90cc5000-7f3b90cc6000 r--p 00105000 08:06 11276559                   /lib/x86_64-linux-gnu/libglib-2.0.so.0.4002.0
7f3b90cc6000-7f3b90cc7000 rw-p 00106000 08:06 11276559                   /lib/x86_64-linux-gnu/libglib-2.0.so.0.4002.0
7f3b90cc7000-7f3b90cc8000 rw-p 00000000 00:00 0 
7f3b90cc8000-7f3b90cdd000 r-xp 00000000 08:06 11276681                   /lib/x86_64-linux-gnu/libusb-1.0.so.0.1.0
7f3b90cdd000-7f3b90edd000 ---p 00015000 08:06 11276681                   /lib/x86_64-linux-gnu/libusb-1.0.so.0.1.0
7f3b90edd000-7f3b90ede000 r--p 00015000 08:06 11276681                   /lib/x86_64-linux-gnu/libusb-1.0.so.0.1.0
7f3b90ede000-7f3b90edf000 rw-p 00016000 08:06 11276681                   /lib/x86_64-linux-gnu/libusb-1.0.so.0.1.0
7f3b90ee0000-7f3b90f37000 r-xp 00000000 08:06 787714                     /usr/local/lib/libfprint.so.0.0.0
7f3b90f37000-7f3b91136000 ---p 00057000 08:06 787714                     /usr/local/lib/libfprint.so.0.0.0
7f3b91136000-7f3b91137000 r--p 00056000 08:06 787714                     /usr/local/lib/libfprint.so.0.0.0
7f3b91137000-7f3b91148000 rw-p 00057000 08:06 787714                     /usr/local/lib/libfprint.so.0.0.0
7f3b91148000-7f3b93ff9000 rw-p 00000000 00:00 0 
7f3b94000000-7f3b940dd000 rw-p 00000000 00:00 0 
7f3b940dd000-7f3b98000000 ---p 00000000 00:00 0 
7f3b98000000-7f3b98021000 rw-p 00000000 00:00 0 
7f3b98021000-7f3b9c000000 ---p 00000000 00:00 0 
7f3b9c000000-7f3b9c021000 rw-p 00000000 00:00 0 
7f3b9c021000-7f3ba0000000 ---p 00000000 00:00 0 
7f3ba0000000-7f3ba006f000 rw-p 00000000 00:00 0 
7f3ba006f000-7f3ba4000000 ---p 00000000 00:00 0 
7f3ba4000000-7f3ba4021000 rw-p 00000000 00:00 0 
7f3ba4021000-7f3ba8000000 ---p 00000000 00:00 0 
7f3ba8000000-7f3ba8021000 rw-p 00000000 00:00 0 
7f3ba8021000-7f3bac000000 ---p 00000000 00:00 0 
7f3bac000000-7f3bac021000 rw-p 00000000 00:00 0 
7f3bac021000-7f3bb0000000 ---p 00000000 00:00 0 
7f3bb0000000-7f3bb0021000 rw-p 00000000 00:00 0 
7f3bb0021000-7f3bb4000000 ---p 00000000 00:00 0 
7f3bb4000000-7f3bb4021000 rw-p 00000000 00:00 0 
7f3bb4021000-7f3bb8000000 ---p 00000000 00:00 0 
7f3bb8020000-7f3bb8106000 r-xp 00000000 08:06 262560                     /usr/lib/x86_64-linux-gnu/libstdc++.so.6.0.19
7f3bb8106000-7f3bb8305000 ---p 000e6000 08:06 262560                     /usr/lib/x86_64-linux-gnu/libstdc++.so.6.0.19
7f3bb8305000-7f3bb830d000 r--p 000e5000 08:06 262560                     /usr/lib/x86_64-linux-gnu/libstdc++.so.6.0.19
7f3bb830d000-7f3bb830f000 rw-p 000ed000 08:06 262560                     /usr/lib/x86_64-linux-gnu/libstdc++.so.6.0.19
7f3bb830f000-7f3bb8324000 rw-p 00000000 00:00 0 
7f3bb8328000-7f3bb832e000 r-xp 00000000 08:06 131101                     /tmp/libfingerprint2616056632399983648.so
7f3bb832e000-7f3bb852d000 ---p 00006000 08:06 131101                     /tmp/libfingerprint2616056632399983648.so
7f3bb852d000-7f3bb852e000 r--p 00005000 08:06 131101                     /tmp/libfingerprint2616056632399983648.so
7f3bb852e000-7f3bb852f000 rw-p 00006000 08:06 131101                     /tmp/libfingerprint2616056632399983648.so
7f3bb8533000-7f3bb8534000 ---p 00000000 00:00 0 
7f3bb8534000-7f3bb8634000 rw-p 00000000 00:00 0                          [stack:9916]
7f3bb8634000-7f3bb8637000 ---p 00000000 00:00 0 
7f3bb8637000-7f3bb8735000 rw-p 00000000 00:00 0                          [stack:9915]
7f3bb8735000-7f3bb8738000 ---p 00000000 00:00 0 
7f3bb8738000-7f3bb8836000 rw-p 00000000 00:00 0                          [stack:9914]
7f3bb8836000-7f3bb8839000 ---p 00000000 00:00 0 
7f3bb8839000-7f3bb8937000 rw-p 00000000 00:00 0                          [stack:9913]
7f3bb8937000-7f3bb893a000 ---p 00000000 00:00 0 
7f3bb893a000-7f3bb8a38000 rw-p 00000000 00:00 0                          [stack:9912]
7f3bb8a38000-7f3bb8f76000 r--p 00000000 08:06 269140                     /usr/lib/locale/locale-archive
7f3bb8f7d000-7f3bb8f80000 ---p 00000000 00:00 0 
7f3bb8f80000-7f3bb907e000 rw-p 00000000 00:00 0                          [stack:9911]
7f3bb907e000-7f3bb9081000 ---p 00000000 00:00 0 
7f3bb9081000-7f3bb917f000 rw-p 00000000 00:00 0                          [stack:9910]
7f3bb917f000-7f3bb9180000 ---p 00000000 00:00 0 
7f3bb9180000-7f3bbd000000 rw-p 00000000 00:00 0                          [stack:9909]
7f3bbd000000-7f3bbd270000 rwxp 00000000 00:00 0 
7f3bbd270000-7f3bcc000000 ---p 00000000 00:00 0 
7f3bcc000000-7f3bcc123000 rw-p 00000000 00:00 0 
7f3bcc123000-7f3bd0000000 ---p 00000000 00:00 0 
7f3bd0010000-7f3bd0a9a000 rw-p 00000000 00:00 0 
7f3bd0a9a000-7f3bd0c72000 r--s 03d2a000 08:06 10486172                   /usr/lib/jvm/jdk1.8.0_111/jre/lib/rt.jar
7f3bd0c77000-7f3bd112d000 rw-p 00000000 00:00 0 
7f3bd112d000-7f3bd14ed000 ---p 00000000 00:00 0 
7f3bd14ed000-7f3bd18c5000 rw-p 00000000 00:00 0 
7f3bd18c5000-7f3bd18c6000 ---p 00000000 00:00 0 
7f3bd18c6000-7f3bd19c6000 rw-p 00000000 00:00 0                          [stack:9908]
7f3bd19c6000-7f3bd19c7000 ---p 00000000 00:00 0 
7f3bd19c7000-7f3bd1af1000 rw-p 00000000 00:00 0                          [stack:9907]
7f3bd1af1000-7f3bd1d57000 ---p 00000000 00:00 0 
7f3bd1d57000-7f3bd1d81000 rw-p 00000000 00:00 0 
7f3bd1d81000-7f3bd1fe7000 ---p 00000000 00:00 0 
7f3bd1fe7000-7f3bd1ffc000 rw-p 00000000 00:00 0 
7f3bd1ffc000-7f3bd212f000 ---p 00000000 00:00 0 
7f3bd212f000-7f3bd213a000 rw-p 00000000 00:00 0 
7f3bd213a000-7f3bd24f0000 ---p 00000000 00:00 0 
7f3bd24f0000-7f3bd250a000 r-xp 00000000 08:06 10486203                   /usr/lib/jvm/jdk1.8.0_111/jre/lib/amd64/libzip.so
7f3bd250a000-7f3bd270a000 ---p 0001a000 08:06 10486203                   /usr/lib/jvm/jdk1.8.0_111/jre/lib/amd64/libzip.so
7f3bd270a000-7f3bd270b000 rw-p 0001a000 08:06 10486203                   /usr/lib/jvm/jdk1.8.0_111/jre/lib/amd64/libzip.so
7f3bd2710000-7f3bd271b000 r-xp 00000000 08:06 11273355                   /lib/x86_64-linux-gnu/libnss_files-2.19.so
7f3bd271b000-7f3bd291a000 ---p 0000b000 08:06 11273355                   /lib/x86_64-linux-gnu/libnss_files-2.19.so
7f3bd291a000-7f3bd291b000 r--p 0000a000 08:06 11273355                   /lib/x86_64-linux-gnu/libnss_files-2.19.so
7f3bd291b000-7f3bd291c000 rw-p 0000b000 08:06 11273355                   /lib/x86_64-linux-gnu/libnss_files-2.19.so
7f3bd2920000-7f3bd292b000 r-xp 00000000 08:06 11273318                   /lib/x86_64-linux-gnu/libnss_nis-2.19.so
7f3bd292b000-7f3bd2b2a000 ---p 0000b000 08:06 11273318                   /lib/x86_64-linux-gnu/libnss_nis-2.19.so
7f3bd2b2a000-7f3bd2b2b000 r--p 0000a000 08:06 11273318                   /lib/x86_64-linux-gnu/libnss_nis-2.19.so
7f3bd2b2b000-7f3bd2b2c000 rw-p 0000b000 08:06 11273318                   /lib/x86_64-linux-gnu/libnss_nis-2.19.so
7f3bd2b30000-7f3bd2b47000 r-xp 00000000 08:06 11273308                   /lib/x86_64-linux-gnu/libnsl-2.19.so
7f3bd2b47000-7f3bd2d46000 ---p 00017000 08:06 11273308                   /lib/x86_64-linux-gnu/libnsl-2.19.so
7f3bd2d46000-7f3bd2d47000 r--p 00016000 08:06 11273308                   /lib/x86_64-linux-gnu/libnsl-2.19.so
7f3bd2d47000-7f3bd2d48000 rw-p 00017000 08:06 11273308                   /lib/x86_64-linux-gnu/libnsl-2.19.so
7f3bd2d48000-7f3bd2d4a000 rw-p 00000000 00:00 0 
7f3bd2d50000-7f3bd2d59000 r-xp 00000000 08:06 11273302                   /lib/x86_64-linux-gnu/libnss_compat-2.19.so
7f3bd2d59000-7f3bd2f58000 ---p 00009000 08:06 11273302                   /lib/x86_64-linux-gnu/libnss_compat-2.19.so
7f3bd2f58000-7f3bd2f59000 r--p 00008000 08:06 11273302                   /lib/x86_64-linux-gnu/libnss_compat-2.19.so
7f3bd2f59000-7f3bd2f5a000 rw-p 00009000 08:06 11273302                   /lib/x86_64-linux-gnu/libnss_compat-2.19.so
7f3bd2f60000-7f3bd2f8b000 r-xp 00000000 08:06 10486230                   /usr/lib/jvm/jdk1.8.0_111/jre/lib/amd64/libjava.so
7f3bd2f8b000-7f3bd318a000 ---p 0002b000 08:06 10486230                   /usr/lib/jvm/jdk1.8.0_111/jre/lib/amd64/libjava.so
7f3bd318a000-7f3bd318c000 rw-p 0002a000 08:06 10486230                   /usr/lib/jvm/jdk1.8.0_111/jre/lib/amd64/libjava.so
7f3bd3190000-7f3bd319d000 r-xp 00000000 08:06 10486181                   /usr/lib/jvm/jdk1.8.0_111/jre/lib/amd64/libverify.so
7f3bd319d000-7f3bd339c000 ---p 0000d000 08:06 10486181                   /usr/lib/jvm/jdk1.8.0_111/jre/lib/amd64/libverify.so
7f3bd339c000-7f3bd339e000 rw-p 0000c000 08:06 10486181                   /usr/lib/jvm/jdk1.8.0_111/jre/lib/amd64/libverify.so
7f3bd33a0000-7f3bd33a7000 r-xp 00000000 08:06 11273343                   /lib/x86_64-linux-gnu/librt-2.19.so
7f3bd33a7000-7f3bd35a6000 ---p 00007000 08:06 11273343                   /lib/x86_64-linux-gnu/librt-2.19.so
7f3bd35a6000-7f3bd35a7000 r--p 00006000 08:06 11273343                   /lib/x86_64-linux-gnu/librt-2.19.so
7f3bd35a7000-7f3bd35a8000 rw-p 00007000 08:06 11273343                   /lib/x86_64-linux-gnu/librt-2.19.so
7f3bd35a8000-7f3bd36ad000 r-xp 00000000 08:06 11273293                   /lib/x86_64-linux-gnu/libm-2.19.so
7f3bd36ad000-7f3bd38ac000 ---p 00105000 08:06 11273293                   /lib/x86_64-linux-gnu/libm-2.19.so
7f3bd38ac000-7f3bd38ad000 r--p 00104000 08:06 11273293                   /lib/x86_64-linux-gnu/libm-2.19.so
7f3bd38ad000-7f3bd38ae000 rw-p 00105000 08:06 11273293                   /lib/x86_64-linux-gnu/libm-2.19.so
7f3bd38b0000-7f3bd457d000 r-xp 00000000 08:06 10486234                   /usr/lib/jvm/jdk1.8.0_111/jre/lib/amd64/server/libjvm.so
7f3bd457d000-7f3bd477c000 ---p 00ccd000 08:06 10486234                   /usr/lib/jvm/jdk1.8.0_111/jre/lib/amd64/server/libjvm.so
7f3bd477c000-7f3bd4855000 rw-p 00ccc000 08:06 10486234                   /usr/lib/jvm/jdk1.8.0_111/jre/lib/amd64/server/libjvm.so
7f3bd4855000-7f3bd48a0000 rw-p 00000000 00:00 0 
7f3bd48a0000-7f3bd4a5b000 r-xp 00000000 08:06 11273344                   /lib/x86_64-linux-gnu/libc-2.19.so
7f3bd4a5b000-7f3bd4c5a000 ---p 001bb000 08:06 11273344                   /lib/x86_64-linux-gnu/libc-2.19.so
7f3bd4c5a000-7f3bd4c5e000 r--p 001ba000 08:06 11273344                   /lib/x86_64-linux-gnu/libc-2.19.so
7f3bd4c5e000-7f3bd4c60000 rw-p 001be000 08:06 11273344                   /lib/x86_64-linux-gnu/libc-2.19.so
7f3bd4c60000-7f3bd4c65000 rw-p 00000000 00:00 0 
7f3bd4c68000-7f3bd4c6b000 r-xp 00000000 08:06 11273295                   /lib/x86_64-linux-gnu/libdl-2.19.so
7f3bd4c6b000-7f3bd4e6a000 ---p 00003000 08:06 11273295                   /lib/x86_64-linux-gnu/libdl-2.19.so
7f3bd4e6a000-7f3bd4e6b000 r--p 00002000 08:06 11273295                   /lib/x86_64-linux-gnu/libdl-2.19.so
7f3bd4e6b000-7f3bd4e6c000 rw-p 00003000 08:06 11273295                   /lib/x86_64-linux-gnu/libdl-2.19.so
7f3bd4e70000-7f3bd4e85000 r-xp 00000000 08:06 10486219                   /usr/lib/jvm/jdk1.8.0_111/jre/lib/amd64/jli/libjli.so
7f3bd4e85000-7f3bd5085000 ---p 00015000 08:06 10486219                   /usr/lib/jvm/jdk1.8.0_111/jre/lib/amd64/jli/libjli.so
7f3bd5085000-7f3bd5086000 rw-p 00015000 08:06 10486219                   /usr/lib/jvm/jdk1.8.0_111/jre/lib/amd64/jli/libjli.so
7f3bd5088000-7f3bd50a1000 r-xp 00000000 08:06 11273309                   /lib/x86_64-linux-gnu/libpthread-2.19.so
7f3bd50a1000-7f3bd52a0000 ---p 00019000 08:06 11273309                   /lib/x86_64-linux-gnu/libpthread-2.19.so
7f3bd52a0000-7f3bd52a1000 r--p 00018000 08:06 11273309                   /lib/x86_64-linux-gnu/libpthread-2.19.so
7f3bd52a1000-7f3bd52a2000 rw-p 00019000 08:06 11273309                   /lib/x86_64-linux-gnu/libpthread-2.19.so
7f3bd52a2000-7f3bd52a6000 rw-p 00000000 00:00 0 
7f3bd52a8000-7f3bd52cb000 r-xp 00000000 08:06 11273314                   /lib/x86_64-linux-gnu/ld-2.19.so
7f3bd52d1000-7f3bd539c000 rw-p 00000000 00:00 0 
7f3bd539c000-7f3bd539f000 ---p 00000000 00:00 0 
7f3bd539f000-7f3bd54a0000 rw-p 00000000 00:00 0                          [stack:9905]
7f3bd54a8000-7f3bd54af000 r--s 00000000 08:06 786750                     /usr/lib/x86_64-linux-gnu/gconv/gconv-modules.cache
7f3bd54af000-7f3bd54b3000 r--s 00097000 08:06 10486124                   /usr/lib/jvm/jdk1.8.0_111/jre/lib/jsse.jar
7f3bd54b5000-7f3bd54b7000 r--s 00025000 08:06 10229182                   /home/xmbeat/NetBeansProjects/FingerprintLogin/dist/FingerprintLogin.jar
7f3bd54b8000-7f3bd54c0000 rw-s 00000000 08:06 1185732                    /tmp/hsperfdata_xmbeat/9902
7f3bd54c3000-7f3bd54c7000 rw-p 00000000 00:00 0 
7f3bd54c7000-7f3bd54c8000 r--p 00000000 00:00 0 
7f3bd54c8000-7f3bd54ca000 rw-p 00000000 00:00 0 
7f3bd54ca000-7f3bd54cb000 r--p 00022000 08:06 11273314                   /lib/x86_64-linux-gnu/ld-2.19.so
7f3bd54cb000-7f3bd54cc000 rw-p 00023000 08:06 11273314                   /lib/x86_64-linux-gnu/ld-2.19.so
7f3bd54cc000-7f3bd54ce000 rw-p 00000000 00:00 0 
7ffe12891000-7ffe128b2000 rw-p 00000000 00:00 0                          [stack]
7ffe12928000-7ffe1292a000 r--p 00000000 00:00 0                          [vvar]
7ffe1292a000-7ffe1292c000 r-xp 00000000 00:00 0                          [vdso]
ffffffffff600000-ffffffffff601000 r-xp 00000000 00:00 0                  [vsyscall]

VM Arguments:
jvm_args: -Dfile.encoding=UTF-8 
java_command: uaz.fingerprint.TestReader
java_class_path (initial): /home/xmbeat/NetBeansProjects/FingerprintLogin/dist/FingerprintLogin.jar:/usr/lib/jvm/jdk1.8.0_111/jre/lib/javaws.jar:/usr/lib/jvm/jdk1.8.0_111/jre/lib/deploy.jar:/usr/lib/jvm/jdk1.8.0_111/jre/lib/plugin.jar:/home/xmbeat/NetBeansProjects/FingerprintLogin/libs/bridj-0.6.2.jar:/home/xmbeat/NetBeansProjects/FingerprintLogin/libs/slf4j-api-1.7.2.jar:/home/xmbeat/NetBeansProjects/FingerprintLogin/libs/webcam-capture-0.3.10.jar:/home/xmbeat/NetBeansProjects/FingerprintLogin/libs/mysql-connector-java-3.0.17-ga-bin.jar:/home/xmbeat/NetBeansProjects/FingerprintLogin/build/classes
Launcher Type: SUN_STANDARD

Environment Variables:
PATH=/home/xmbeat/bin:/usr/local/sbin:/usr/local/bin:/usr/sbin:/usr/bin:/sbin:/bin:/usr/games:/usr/local/games
USERNAME=xmbeat
LD_LIBRARY_PATH=/usr/lib/jvm/jdk1.8.0_111/jre/lib/amd64:/usr/lib/jvm/jdk1.8.0_111/jre/lib/i386:
SHELL=/bin/bash
DISPLAY=:0

Signal Handlers:
SIGSEGV: [libjvm.so+0xac64b0], sa_mask[0]=11111111011111111101111111111110, sa_flags=SA_RESTART|SA_SIGINFO
SIGBUS: [libjvm.so+0xac64b0], sa_mask[0]=11111111011111111101111111111110, sa_flags=SA_RESTART|SA_SIGINFO
SIGFPE: [libjvm.so+0x91f950], sa_mask[0]=11111111011111111101111111111110, sa_flags=SA_RESTART|SA_SIGINFO
SIGPIPE: SIG_IGN, sa_mask[0]=00000000000000000000000000000000, sa_flags=none
SIGXFSZ: [libjvm.so+0x91f950], sa_mask[0]=11111111011111111101111111111110, sa_flags=SA_RESTART|SA_SIGINFO
SIGILL: [libjvm.so+0x91f950], sa_mask[0]=11111111011111111101111111111110, sa_flags=SA_RESTART|SA_SIGINFO
SIGUSR1: SIG_DFL, sa_mask[0]=00000000000000000000000000000000, sa_flags=none
SIGUSR2: [libjvm.so+0x920f80], sa_mask[0]=00100000000000000000000000000000, sa_flags=SA_RESTART|SA_SIGINFO
SIGHUP: [libjvm.so+0x922380], sa_mask[0]=11111111011111111101111111111110, sa_flags=SA_RESTART|SA_SIGINFO
SIGINT: SIG_IGN, sa_mask[0]=00000000000000000000000000000000, sa_flags=none
SIGTERM: [libjvm.so+0x922380], sa_mask[0]=11111111011111111101111111111110, sa_flags=SA_RESTART|SA_SIGINFO
SIGQUIT: [libjvm.so+0x922380], sa_mask[0]=11111111011111111101111111111110, sa_flags=SA_RESTART|SA_SIGINFO


---------------  S Y S T E M  ---------------

OS:DISTRIB_ID=LinuxMint
DISTRIB_RELEASE=17.3
DISTRIB_CODENAME=rosa
DISTRIB_DESCRIPTION="Linux Mint 17.3 Rosa"

uname:Linux 3.19.0-32-generic #37~14.04.1-Ubuntu SMP Thu Oct 22 09:41:40 UTC 2015 x86_64
libc:glibc 2.19 NPTL 2.19 
rlimit: STACK 8192k, CORE 0k, NPROC 31347, NOFILE 4096, AS infinity
load average:1.39 0.79 0.70

/proc/meminfo:
MemTotal:        8056656 kB
MemFree:         4083872 kB
MemAvailable:    5614012 kB
Buffers:          195540 kB
Cached:          1509164 kB
SwapCached:            0 kB
Active:          2577840 kB
Inactive:        1071612 kB
Active(anon):    1946332 kB
Inactive(anon):    73480 kB
Active(file):     631508 kB
Inactive(file):   998132 kB
Unevictable:           0 kB
Mlocked:               0 kB
SwapTotal:       3998716 kB
SwapFree:        3998716 kB
Dirty:              2480 kB
Writeback:             0 kB
AnonPages:       1944684 kB
Mapped:           514980 kB
Shmem:             75068 kB
Slab:             168208 kB
SReclaimable:     138872 kB
SUnreclaim:        29336 kB
KernelStack:        8528 kB
PageTables:        32356 kB
NFS_Unstable:          0 kB
Bounce:                0 kB
WritebackTmp:          0 kB
CommitLimit:     8027044 kB
Committed_AS:    5235716 kB
VmallocTotal:   34359738367 kB
VmallocUsed:      320844 kB
VmallocChunk:   34359405052 kB
HardwareCorrupted:     0 kB
AnonHugePages:   1110016 kB
CmaTotal:              0 kB
CmaFree:               0 kB
HugePages_Total:       0
HugePages_Free:        0
HugePages_Rsvd:        0
HugePages_Surp:        0
Hugepagesize:       2048 kB
DirectMap4k:      224692 kB
DirectMap2M:     6012928 kB
DirectMap1G:     2097152 kB


CPU:total 2 (2 cores per cpu, 1 threads per core) family 21 model 19 stepping 1, cmov, cx8, fxsr, mmx, sse, sse2, sse3, ssse3, sse4.1, sse4.2, popcnt, avx, aes, clmul, mmxext, 3dnowpref, lzcnt, sse4a, tsc, tscinvbit, tscinv, bmi1

/proc/cpuinfo:
processor	: 0
vendor_id	: AuthenticAMD
cpu family	: 21
model		: 19
model name	: AMD A4-4000 APU with Radeon(tm) HD Graphics
stepping	: 1
microcode	: 0x6001119
cpu MHz		: 2800.000
cache size	: 1024 KB
physical id	: 0
siblings	: 2
core id		: 0
cpu cores	: 1
apicid		: 16
initial apicid	: 0
fpu		: yes
fpu_exception	: yes
cpuid level	: 13
wp		: yes
flags		: fpu vme de pse tsc msr pae mce cx8 apic sep mtrr pge mca cmov pat pse36 clflush mmx fxsr sse sse2 ht syscall nx mmxext fxsr_opt pdpe1gb rdtscp lm constant_tsc rep_good nopl nonstop_tsc extd_apicid aperfmperf pni pclmulqdq monitor ssse3 fma cx16 sse4_1 sse4_2 popcnt aes xsave avx f16c lahf_lm cmp_legacy svm extapic cr8_legacy abm sse4a misalignsse 3dnowprefetch osvw ibs xop skinit wdt lwp fma4 tce nodeid_msr tbm topoext perfctr_core perfctr_nb arat cpb hw_pstate npt lbrv svm_lock nrip_save tsc_scale vmcb_clean flushbyasid decodeassists pausefilter pfthreshold vmmcall bmi1
bugs		: fxsave_leak
bogomips	: 5989.21
TLB size	: 1536 4K pages
clflush size	: 64
cache_alignment	: 64
address sizes	: 48 bits physical, 48 bits virtual
power management: ts ttp tm 100mhzsteps hwpstate cpb eff_freq_ro

processor	: 1
vendor_id	: AuthenticAMD
cpu family	: 21
model		: 19
model name	: AMD A4-4000 APU with Radeon(tm) HD Graphics    
stepping	: 1
microcode	: 0x6001119
cpu MHz		: 2500.000
cache size	: 1024 KB
physical id	: 0
siblings	: 2
core id		: 1
cpu cores	: 1
apicid		: 17
initial apicid	: 1
fpu		: yes
fpu_exception	: yes
cpuid level	: 13
wp		: yes
flags		: fpu vme de pse tsc msr pae mce cx8 apic sep mtrr pge mca cmov pat pse36 clflush mmx fxsr sse sse2 ht syscall nx mmxext fxsr_opt pdpe1gb rdtscp lm constant_tsc rep_good nopl nonstop_tsc extd_apicid aperfmperf pni pclmulqdq monitor ssse3 fma cx16 sse4_1 sse4_2 popcnt aes xsave avx f16c lahf_lm cmp_legacy svm extapic cr8_legacy abm sse4a misalignsse 3dnowprefetch osvw ibs xop skinit wdt lwp fma4 tce nodeid_msr tbm topoext perfctr_core perfctr_nb arat cpb hw_pstate npt lbrv svm_lock nrip_save tsc_scale vmcb_clean flushbyasid decodeassists pausefilter pfthreshold vmmcall bmi1
bugs		: fxsave_leak
bogomips	: 5989.21
TLB size	: 1536 4K pages
clflush size	: 64
cache_alignment	: 64
address sizes	: 48 bits physical, 48 bits virtual
power management: ts ttp tm 100mhzsteps hwpstate cpb eff_freq_ro



Memory: 4k page, physical 8056656k(4083872k free), swap 3998716k(3998716k free)

vm_info: Java HotSpot(TM) 64-Bit Server VM (25.111-b14) for linux-amd64 JRE (1.8.0_111-b14), built on Sep 22 2016 16:14:03 by "java_re" with gcc 4.3.0 20080428 (Red Hat 4.3.0-8)

time: Tue Dec  6 15:15:58 2016
elapsed time: 2 seconds (0d 0h 0m 2s)

