#
# A fatal error has been detected by the Java Runtime Environment:
#
#  SIGSEGV (0xb) at pc=0x00007f60a45e9ea3, pid=12596, tid=0x00007f603d59f700
#
# JRE version: Java(TM) SE Runtime Environment (8.0_111-b14) (build 1.8.0_111-b14)
# Java VM: Java HotSpot(TM) 64-Bit Server VM (25.111-b14 mixed mode linux-amd64 compressed oops)
# Problematic frame:
# V  [libjvm.so+0x6d1ea3]  jni_invoke_nonstatic(JNIEnv_*, JavaValue*, _jobject*, JNICallType, _jmethodID*, JNI_ArgumentPusher*, Thread*)+0x1b3
#
# Failed to write core dump. Core dumps have been disabled. To enable core dumping, try "ulimit -c unlimited" before starting Java again
#
# If you would like to submit a bug report, please visit:
#   http://bugreport.java.com/bugreport/crash.jsp
#

---------------  T H R E A D  ---------------

Current thread (0x00007f6048019000):  JavaThread "Thread-6" daemon [_thread_in_vm, id=12871, stack(0x00007f603d49f000,0x00007f603d5a0000)]

siginfo: si_signo: 11 (SIGSEGV), si_code: 1 (SEGV_MAPERR), si_addr: 0x000000300000003c

Registers:
RAX=0x0000003000000018, RBX=0x0000000000000002, RCX=0x0000000000000006, RDX=0x00007f6048018470
RSP=0x00007f603d59e170, RBP=0x00007f603d59e2f0, RSI=0x00007f603d59e2b0, RDI=0x00007f6048002580
R8 =0x000000000000001c, R9 =0x00007f603d59e320, R10=0x00007f603d59e2b0, R11=0x00007f6042ffc8b6
R12=0x00000000d7c0ac98, R13=0x00000001001048c0, R14=0x00007f6048017f00, R15=0x00007f6048019000
RIP=0x00007f60a45e9ea3, EFLAGS=0x0000000000010206, CSGSFS=0x0000000000000033, ERR=0x0000000000000004
  TRAPNO=0x000000000000000e

Top of Stack: (sp=0x00007f603d59e170)
0x00007f603d59e170:   00007f603d59e1a0 00007f60a48f8ea7
0x00007f603d59e180:   00007f603d59e1d0 00007f603d59e1b0
0x00007f603d59e190:   00007f603d59e320 00007f603d59e380
0x00007f603d59e1a0:   00007f60480191f8 00007f60a4609830
0x00007f603d59e1b0:   00007f606c20d510 00007f606c20d520
0x00007f603d59e1c0:   00007f606c20d8f8 00000000000003d8
0x00007f603d59e1d0:   00007f603d59e1f0 00007f6048002658
0x00007f603d59e1e0:   00007f603d59e430 00007f603d59e4d0
0x00007f603d59e1f0:   00007f603d59e510 00007f60a459d6ed
0x00007f603d59e200:   00007f603d59e240 0000000085672fa0
0x00007f603d59e210:   00000000d73e37e8 00007f6048010100
0x00007f603d59e220:   00007f606c20d750 00007f603d59e1d8
0x00007f603d59e230:   00007f603d59e219 0000000800000001
0x00007f603d59e240:   00007f603d59e200 00000000acff77aa
0x00007f603d59e250:   0000000000000000 0000000000000018
0x00007f603d59e260:   00007f6048010b68 00007f60a591a816
0x00007f603d59e270:   0000000100002300 00007f603d59e2b0
0x00007f603d59e280:   00007f6042ff8368 00007f603d59e3c0
0x00007f603d59e290:   00007f6042ff88c0 0000000002b3fdde
0x00007f603d59e2a0:   00007f603d59e3b0 00007f60a5919dc9
0x00007f603d59e2b0:   00000001001048c0 00000001001048c0
0x00007f603d59e2c0:   00007f604800c4b0 00007f603d59e320
0x00007f603d59e2d0:   00007f6048019000 00007f603d59e360
0x00007f603d59e2e0:   00007f6048012b38 00007f60480191f8
0x00007f603d59e2f0:   00007f603d59e3e0 00007f60a45ee4cf
0x00007f603d59e300:   00007f6048019000 0000000000000000
0x00007f603d59e310:   00007f603d59e418 00007f609c094618
0x00007f603d59e320:   00007f60a4e77750 00007f60a59aa4c0
0x00007f603d59e330:   0000000000000000 0000000000000063
0x00007f603d59e340:   00007f603d59e1d0 0000003000000018
0x00007f603d59e350:   00007f603d59e4f0 00007f603d59e430
0x00007f603d59e360:   00007f6048019000 0000000000000000 

Instructions: (pc=0x00007f60a45e9ea3)
0x00007f60a45e9e83:   48 8b 45 10 4c 89 6d c0 48 8d 75 c0 48 8b b8 40
0x00007f60a45e9e93:   01 00 00 e8 e5 60 c7 ff 4c 8b 7d 10 49 8b 45 08
0x00007f60a45e9ea3:   0f b7 50 24 48 8b 40 08 48 8b 74 d0 50 48 8d 95
0x00007f60a45e9eb3:   60 ff ff ff 48 89 d7 48 89 95 98 fe ff ff e8 7a 

Register to memory mapping:

RAX=0x0000003000000018 is an unknown value
RBX=0x0000000000000002 is an unknown value
RCX=0x0000000000000006 is an unknown value
RDX=0x00007f6048018470 is an unknown value
RSP=0x00007f603d59e170 is pointing into the stack for thread: 0x00007f6048019000
RBP=0x00007f603d59e2f0 is pointing into the stack for thread: 0x00007f6048019000
RSI=0x00007f603d59e2b0 is pointing into the stack for thread: 0x00007f6048019000
RDI=0x00007f6048002580 is an unknown value
R8 =0x000000000000001c is an unknown value
R9 =0x00007f603d59e320 is pointing into the stack for thread: 0x00007f6048019000
R10=0x00007f603d59e2b0 is pointing into the stack for thread: 0x00007f6048019000
R11=0x00007f6042ffc8b6: _ZN7JavaVM_6GetEnvEPPvi+0 in /tmp/libfingerprint1988922950302731290.so at 0x00007f6042ff8000
R12=0x00000000d7c0ac98 is an oop
uaz.fingerprint.Message 
 - klass: 'uaz/fingerprint/Message'
R13=0x00000001001048c0 is pointing into metadata
R14=0x00007f6048017f00 is an unknown value
R15=0x00007f6048019000 is a thread


Stack: [0x00007f603d49f000,0x00007f603d5a0000],  sp=0x00007f603d59e170,  free space=1020k
Native frames: (J=compiled Java code, j=interpreted, Vv=VM code, C=native code)
V  [libjvm.so+0x6d1ea3]  jni_invoke_nonstatic(JNIEnv_*, JavaValue*, _jobject*, JNICallType, _jmethodID*, JNI_ArgumentPusher*, Thread*)+0x1b3
V  [libjvm.so+0x6d64cf]  jni_CallVoidMethodV+0x10f
C  [libfingerprint1988922950302731290.so+0x4617]  JNIEnv_::CallVoidMethod(_jobject*, _jmethodID*, ...)+0xb5
C  [libfingerprint1988922950302731290.so+0x328d]  callbackStopCapture(fp_dev*, void*)+0x127
C  [libfprint.so.0+0xcc59]  fp_async_capture_stop+0x109

Java frames: (J=compiled Java code, j=interpreted, Vv=VM code)
j  uaz.fingerprint.Reader.nativeStopCapture(Luaz/fingerprint/NativeReaderCallback;Ljava/lang/Object;)I+0
J 3082% C2 uaz.fingerprint.ReaderDispatcher.run()V (628 bytes) @ 0x00007f608d9a48b4 [0x00007f608d9a4420+0x494]
j  java.lang.Thread.run()V+11
v  ~StubRoutines::call_stub

---------------  P R O C E S S  ---------------

Java Threads: ( => current thread )
  0x00007f604801b000 JavaThread "Thread-8" daemon [_thread_in_native, id=13075, stack(0x00007f603cd93000,0x00007f603ce94000)]
=>0x00007f6048019000 JavaThread "Thread-6" daemon [_thread_in_vm, id=12871, stack(0x00007f603d49f000,0x00007f603d5a0000)]
  0x00007f6048016800 JavaThread "Thread-4" daemon [_thread_in_Java, id=12843, stack(0x00007f603dd2e000,0x00007f603de2f000)]
  0x00007f604435c800 JavaThread "Prism Font Disposer" daemon [_thread_blocked, id=12715, stack(0x00007f6050ebb000,0x00007f6050fbc000)]
  0x00007f609c286800 JavaThread "JavaFX-Launcher" [_thread_blocked, id=12664, stack(0x00007f605238d000,0x00007f605248e000)]
  0x00007f609c283000 JavaThread "JavaFX Application Thread" [_thread_blocked, id=12638, stack(0x00007f605248e000,0x00007f605258f000)]
  0x00007f609c27e800 JavaThread "Thread-1" daemon [_thread_blocked, id=12637, stack(0x00007f605258f000,0x00007f6052690000)]
  0x00007f609c228800 JavaThread "QuantumRenderer-0" daemon [_thread_in_native, id=12636, stack(0x00007f608c8be000,0x00007f608c9bf000)]
  0x00007f609c141000 JavaThread "Service Thread" daemon [_thread_blocked, id=12609, stack(0x00007f60a00f2000,0x00007f60a01f3000)]
  0x00007f609c13e800 JavaThread "C1 CompilerThread1" daemon [_thread_in_native, id=12608, stack(0x00007f60a01f3000,0x00007f60a02f4000)]
  0x00007f609c13b800 JavaThread "C2 CompilerThread0" daemon [_thread_in_native, id=12607, stack(0x00007f60a02f4000,0x00007f60a03f5000)]
  0x00007f609c13a000 JavaThread "Signal Dispatcher" daemon [_thread_blocked, id=12606, stack(0x00007f60a03f5000,0x00007f60a04f6000)]
  0x00007f609c107000 JavaThread "Finalizer" daemon [_thread_blocked, id=12605, stack(0x00007f60a04f6000,0x00007f60a05f7000)]
  0x00007f609c102800 JavaThread "Reference Handler" daemon [_thread_blocked, id=12604, stack(0x00007f60a05f7000,0x00007f60a06f8000)]
  0x00007f609c00a000 JavaThread "main" [_thread_blocked, id=12598, stack(0x00007f60a5a31000,0x00007f60a5b32000)]

Other Threads:
  0x00007f609c0fa800 VMThread [stack: 0x00007f60a06f8000,0x00007f60a07f9000] [id=12603]
  0x00007f609c144000 WatcherThread [stack: 0x00007f608c9bf000,0x00007f608cac0000] [id=12610]

VM state:not at safepoint (normal execution)

VM Mutex/Monitor currently owned by a thread: None

Heap:
 PSYoungGen      total 36864K, used 13559K [0x00000000d7000000, 0x00000000db800000, 0x0000000100000000)
  eden space 31744K, 42% used [0x00000000d7000000,0x00000000d7d3dd30,0x00000000d8f00000)
  from space 5120K, 0% used [0x00000000d8f00000,0x00000000d8f00000,0x00000000d9400000)
  to   space 5120K, 0% used [0x00000000db300000,0x00000000db300000,0x00000000db800000)
 ParOldGen       total 60416K, used 11655K [0x0000000085000000, 0x0000000088b00000, 0x00000000d7000000)
  object space 60416K, 19% used [0x0000000085000000,0x0000000085b61fe8,0x0000000088b00000)
 Metaspace       used 21022K, capacity 22552K, committed 22656K, reserved 1069056K
  class space    used 3066K, capacity 3369K, committed 3456K, reserved 1048576K

Card table byte_map: [0x00007f60a23bf000,0x00007f60a2798000] byte_map_base: 0x00007f60a1f97000

Marking Bits: (ParMarkBitMap*) 0x00007f60a4edb220
 Begin Bits: [0x00007f6084280000, 0x00007f6086140000)
 End Bits:   [0x00007f6086140000, 0x00007f6088000000)

Polling page: 0x00007f60a5b35000

CodeCache: size=245760Kb used=11759Kb max_used=11759Kb free=234000Kb
 bounds [0x00007f608d000000, 0x00007f608db90000, 0x00007f609c000000]
 total_blobs=4387 nmethods=3720 adapters=580
 compilation: enabled

Compilation events (10 events):
Event: 18.102 Thread 0x00007f609c13e800 nmethod 3724 0x00007f608db75dd0 code [0x00007f608db75f40, 0x00007f608db76190]
Event: 18.106 Thread 0x00007f609c13b800 3725       4       com.sun.javafx.geom.RectBounds::deriveWithUnion (64 bytes)
Event: 18.107 Thread 0x00007f609c13e800 3726       3       javafx.scene.Node::getScaleX (19 bytes)
Event: 18.108 Thread 0x00007f609c13e800 nmethod 3726 0x00007f608db75550 code [0x00007f608db75720, 0x00007f608db75c28]
Event: 18.108 Thread 0x00007f609c13e800 3727       3       javafx.scene.Node::getScaleY (19 bytes)
Event: 18.109 Thread 0x00007f609c13e800 nmethod 3727 0x00007f608db74cd0 code [0x00007f608db74ea0, 0x00007f608db753a8]
Event: 18.109 Thread 0x00007f609c13e800 3728       3       javafx.scene.Node::getScaleZ (19 bytes)
Event: 18.109 Thread 0x00007f609c13e800 nmethod 3728 0x00007f608db74450 code [0x00007f608db74620, 0x00007f608db74b28]
Event: 18.109 Thread 0x00007f609c13e800 3729       3       javafx.scene.Node::getRotate (19 bytes)
Event: 18.110 Thread 0x00007f609c13e800 nmethod 3729 0x00007f608db78990 code [0x00007f608db78b20, 0x00007f608db79028]

GC Heap History (8 events):
Event: 2.877 GC heap before
{Heap before GC invocations=1 (full 0):
 PSYoungGen      total 36864K, used 31689K [0x00000000d7000000, 0x00000000d9900000, 0x0000000100000000)
  eden space 31744K, 99% used [0x00000000d7000000,0x00000000d8ef24d8,0x00000000d8f00000)
  from space 5120K, 0% used [0x00000000d9400000,0x00000000d9400000,0x00000000d9900000)
  to   space 5120K, 0% used [0x00000000d8f00000,0x00000000d8f00000,0x00000000d9400000)
 ParOldGen       total 84992K, used 0K [0x0000000085000000, 0x000000008a300000, 0x00000000d7000000)
  object space 84992K, 0% used [0x0000000085000000,0x0000000085000000,0x000000008a300000)
 Metaspace       used 11797K, capacity 12218K, committed 12288K, reserved 1060864K
  class space    used 1587K, capacity 1726K, committed 1792K, reserved 1048576K
Event: 2.900 GC heap after
Heap after GC invocations=1 (full 0):
 PSYoungGen      total 36864K, used 4193K [0x00000000d7000000, 0x00000000d9900000, 0x0000000100000000)
  eden space 31744K, 0% used [0x00000000d7000000,0x00000000d7000000,0x00000000d8f00000)
  from space 5120K, 81% used [0x00000000d8f00000,0x00000000d9318428,0x00000000d9400000)
  to   space 5120K, 0% used [0x00000000d9400000,0x00000000d9400000,0x00000000d9900000)
 ParOldGen       total 84992K, used 72K [0x0000000085000000, 0x000000008a300000, 0x00000000d7000000)
  object space 84992K, 0% used [0x0000000085000000,0x0000000085012010,0x000000008a300000)
 Metaspace       used 11797K, capacity 12218K, committed 12288K, reserved 1060864K
  class space    used 1587K, capacity 1726K, committed 1792K, reserved 1048576K
}
Event: 6.617 GC heap before
{Heap before GC invocations=2 (full 0):
 PSYoungGen      total 36864K, used 35526K [0x00000000d7000000, 0x00000000d9900000, 0x0000000100000000)
  eden space 31744K, 98% used [0x00000000d7000000,0x00000000d8e99530,0x00000000d8f00000)
  from space 5120K, 81% used [0x00000000d8f00000,0x00000000d9318428,0x00000000d9400000)
  to   space 5120K, 0% used [0x00000000d9400000,0x00000000d9400000,0x00000000d9900000)
 ParOldGen       total 84992K, used 72K [0x0000000085000000, 0x000000008a300000, 0x00000000d7000000)
  object space 84992K, 0% used [0x0000000085000000,0x0000000085012010,0x000000008a300000)
 Metaspace       used 19687K, capacity 21162K, committed 21248K, reserved 1067008K
  class space    used 2995K, capacity 3288K, committed 3328K, reserved 1048576K
Event: 6.653 GC heap after
Heap after GC invocations=2 (full 0):
 PSYoungGen      total 36864K, used 5118K [0x00000000d7000000, 0x00000000d9900000, 0x0000000100000000)
  eden space 31744K, 0% used [0x00000000d7000000,0x00000000d7000000,0x00000000d8f00000)
  from space 5120K, 99% used [0x00000000d9400000,0x00000000d98ffb78,0x00000000d9900000)
  to   space 5120K, 0% used [0x00000000d8f00000,0x00000000d8f00000,0x00000000d9400000)
 ParOldGen       total 84992K, used 5573K [0x0000000085000000, 0x000000008a300000, 0x00000000d7000000)
  object space 84992K, 6% used [0x0000000085000000,0x00000000855714a0,0x000000008a300000)
 Metaspace       used 19687K, capacity 21162K, committed 21248K, reserved 1067008K
  class space    used 2995K, capacity 3288K, committed 3328K, reserved 1048576K
}
Event: 6.728 GC heap before
{Heap before GC invocations=3 (full 0):
 PSYoungGen      total 36864K, used 6819K [0x00000000d7000000, 0x00000000d9900000, 0x0000000100000000)
  eden space 31744K, 5% used [0x00000000d7000000,0x00000000d71a90e8,0x00000000d8f00000)
  from space 5120K, 99% used [0x00000000d9400000,0x00000000d98ffb78,0x00000000d9900000)
  to   space 5120K, 0% used [0x00000000d8f00000,0x00000000d8f00000,0x00000000d9400000)
 ParOldGen       total 84992K, used 5573K [0x0000000085000000, 0x000000008a300000, 0x00000000d7000000)
  object space 84992K, 6% used [0x0000000085000000,0x00000000855714a0,0x000000008a300000)
 Metaspace       used 19767K, capacity 21166K, committed 21248K, reserved 1067008K
  class space    used 3008K, capacity 3290K, committed 3328K, reserved 1048576K
Event: 6.743 GC heap after
Heap after GC invocations=3 (full 0):
 PSYoungGen      total 36864K, used 5102K [0x00000000d7000000, 0x00000000db800000, 0x0000000100000000)
  eden space 31744K, 0% used [0x00000000d7000000,0x00000000d7000000,0x00000000d8f00000)
  from space 5120K, 99% used [0x00000000d8f00000,0x00000000d93fbb68,0x00000000d9400000)
  to   space 5120K, 0% used [0x00000000db300000,0x00000000db300000,0x00000000db800000)
 ParOldGen       total 84992K, used 6661K [0x0000000085000000, 0x000000008a300000, 0x00000000d7000000)
  object space 84992K, 7% used [0x0000000085000000,0x00000000856814b0,0x000000008a300000)
 Metaspace       used 19767K, capacity 21166K, committed 21248K, reserved 1067008K
  class space    used 3008K, capacity 3290K, committed 3328K, reserved 1048576K
}
Event: 6.743 GC heap before
{Heap before GC invocations=4 (full 1):
 PSYoungGen      total 36864K, used 5102K [0x00000000d7000000, 0x00000000db800000, 0x0000000100000000)
  eden space 31744K, 0% used [0x00000000d7000000,0x00000000d7000000,0x00000000d8f00000)
  from space 5120K, 99% used [0x00000000d8f00000,0x00000000d93fbb68,0x00000000d9400000)
  to   space 5120K, 0% used [0x00000000db300000,0x00000000db300000,0x00000000db800000)
 ParOldGen       total 84992K, used 6661K [0x0000000085000000, 0x000000008a300000, 0x00000000d7000000)
  object space 84992K, 7% used [0x0000000085000000,0x00000000856814b0,0x000000008a300000)
 Metaspace       used 19767K, capacity 21166K, committed 21248K, reserved 1067008K
  class space    used 3008K, capacity 3290K, committed 3328K, reserved 1048576K
Event: 6.930 GC heap after
Heap after GC invocations=4 (full 1):
 PSYoungGen      total 36864K, used 0K [0x00000000d7000000, 0x00000000db800000, 0x0000000100000000)
  eden space 31744K, 0% used [0x00000000d7000000,0x00000000d7000000,0x00000000d8f00000)
  from space 5120K, 0% used [0x00000000d8f00000,0x00000000d8f00000,0x00000000d9400000)
  to   space 5120K, 0% used [0x00000000db300000,0x00000000db300000,0x00000000db800000)
 ParOldGen       total 60416K, used 11655K [0x0000000085000000, 0x0000000088b00000, 0x00000000d7000000)
  object space 60416K, 19% used [0x0000000085000000,0x0000000085b61fe8,0x0000000088b00000)
 Metaspace       used 19767K, capacity 21166K, committed 21248K, reserved 1067008K
  class space    used 3008K, capacity 3290K, committed 3328K, reserved 1048576K
}

Deoptimization events (10 events):
Event: 11.032 Thread 0x00007f609c228800 Uncommon trap: reason=unstable_if action=reinterpret pc=0x00007f608d753324 method=com.sun.javafx.geom.RectBounds.isEmpty()Z @ 21
Event: 11.037 Thread 0x00007f609c228800 Uncommon trap: reason=null_check action=make_not_entrant pc=0x00007f608d99afa8 method=com.sun.prism.es2.ES2Shader.getUniform(Ljava/lang/String;)Lcom/sun/prism/es2/ES2Shader$Uniform; @ 10
Event: 11.038 Thread 0x00007f609c228800 Uncommon trap: reason=unstable_if action=reinterpret pc=0x00007f608d8fc9d4 method=com.sun.prism.es2.GLContext.updateViewportAndDepthTest(IIIIZ)V @ 30
Event: 11.106 Thread 0x00007f609c228800 Uncommon trap: reason=unstable_if action=reinterpret pc=0x00007f608d909cf8 method=com.sun.prism.es2.GLContext.updateViewportAndDepthTest(IIIIZ)V @ 30
Event: 11.752 Thread 0x00007f609c283000 Uncommon trap: reason=null_check action=make_not_entrant pc=0x00007f608da1c060 method=javafx.scene.Node$MiscProperties.getClip()Ljavafx/scene/Node; @ 20
Event: 11.752 Thread 0x00007f609c283000 Uncommon trap: reason=class_check action=maybe_recompile pc=0x00007f608d8c4ee4 method=javafx.scene.Node.updateLocalToParentTransform()V @ 327
Event: 11.752 Thread 0x00007f609c283000 Uncommon trap: reason=null_check action=make_not_entrant pc=0x00007f608d9686a0 method=javafx.scene.Node$MiscProperties.getClip()Ljavafx/scene/Node; @ 20
Event: 11.771 Thread 0x00007f609c228800 Uncommon trap: reason=unstable_if action=reinterpret pc=0x00007f608d9e7be0 method=com.sun.javafx.sg.prism.NGNode.getOpaqueRegion()Lcom/sun/javafx/geom/RectBounds; @ 11
Event: 18.105 Thread 0x00007f609c283000 Uncommon trap: reason=null_check action=make_not_entrant pc=0x00007f608d8a03a4 method=javafx.scene.Node$MiscProperties.getClip()Ljavafx/scene/Node; @ 20
Event: 18.105 Thread 0x00007f609c283000 Uncommon trap: reason=class_check action=maybe_recompile pc=0x00007f608d8c4ee4 method=javafx.scene.Node.updateLocalToParentTransform()V @ 327

Internal exceptions (10 events):
Event: 2.382 Thread 0x00007f609c283000 Exception <a 'java/lang/ArrayIndexOutOfBoundsException'> (0x00000000d872bc48) thrown at [/HUDSON3/workspace/8-2-build-linux-amd64/jdk8u111/7883/hotspot/src/share/vm/runtime/sharedRuntime.cpp, line 605]
Event: 2.489 Thread 0x00007f609c283000 Exception <a 'java/lang/ArrayIndexOutOfBoundsException'> (0x00000000d8892a08) thrown at [/HUDSON3/workspace/8-2-build-linux-amd64/jdk8u111/7883/hotspot/src/share/vm/runtime/sharedRuntime.cpp, line 605]
Event: 2.522 Thread 0x00007f609c283000 Exception <a 'java/lang/ArrayIndexOutOfBoundsException'> (0x00000000d8994100) thrown at [/HUDSON3/workspace/8-2-build-linux-amd64/jdk8u111/7883/hotspot/src/share/vm/runtime/sharedRuntime.cpp, line 605]
Event: 2.705 Thread 0x00007f609c283000 Exception <a 'java/lang/ArrayIndexOutOfBoundsException'> (0x00000000d8b9c770) thrown at [/HUDSON3/workspace/8-2-build-linux-amd64/jdk8u111/7883/hotspot/src/share/vm/runtime/sharedRuntime.cpp, line 605]
Event: 2.864 Thread 0x00007f609c283000 Exception <a 'java/lang/ArrayIndexOutOfBoundsException'> (0x00000000d8e67b28) thrown at [/HUDSON3/workspace/8-2-build-linux-amd64/jdk8u111/7883/hotspot/src/share/vm/runtime/sharedRuntime.cpp, line 605]
Event: 3.796 Thread 0x00007f609c283000 Implicit null exception at 0x00007f608d26e5f5 to 0x00007f608d26e811
Event: 4.800 Thread 0x00007f609c283000 Implicit null exception at 0x00007f608d4ae990 to 0x00007f608d4aee95
Event: 11.752 Thread 0x00007f609c283000 Implicit null exception at 0x00007f608da1b9b5 to 0x00007f608da1c051
Event: 11.752 Thread 0x00007f609c283000 Implicit null exception at 0x00007f608d967591 to 0x00007f608d968689
Event: 18.105 Thread 0x00007f609c283000 Implicit null exception at 0x00007f608d8a0347 to 0x00007f608d8a0399

Events (10 events):
Event: 18.091 Thread 0x00007f604801b000 Thread added: 0x00007f604801b000
Event: 18.091 Executing VM operation: RevokeBias
Event: 18.099 Executing VM operation: RevokeBias done
Event: 18.099 Thread 0x00007f604428d000 Thread exited: 0x00007f604428d000
Event: 18.105 Thread 0x00007f609c283000 Uncommon trap: trap_request=0xfffffff4 fr.pc=0x00007f608d8a03a4
Event: 18.105 Thread 0x00007f609c283000 DEOPT PACKING pc=0x00007f608d8a03a4 sp=0x00007f605258bc30
Event: 18.105 Thread 0x00007f609c283000 DEOPT UNPACKING pc=0x00007f608d005229 sp=0x00007f605258bb90 mode 2
Event: 18.105 Thread 0x00007f609c283000 Uncommon trap: trap_request=0xffffffde fr.pc=0x00007f608d8c4ee4
Event: 18.105 Thread 0x00007f609c283000 DEOPT PACKING pc=0x00007f608d8c4ee4 sp=0x00007f605258bff0
Event: 18.105 Thread 0x00007f609c283000 DEOPT UNPACKING pc=0x00007f608d005229 sp=0x00007f605258bf80 mode 2


Dynamic libraries:
00400000-00401000 r-xp 00000000 08:06 10486455                           /usr/lib/jvm/jdk1.8.0_111/jre/bin/java
00600000-00601000 rw-p 00000000 08:06 10486455                           /usr/lib/jvm/jdk1.8.0_111/jre/bin/java
012c0000-012e1000 rw-p 00000000 00:00 0                                  [heap]
41170000-41172000 r-xs 00000000 08:06 131095                             /tmp/.glorMjej (deleted)
41f3d000-41fdc000 rw-p 00000000 00:00 0 
85000000-88b00000 rw-p 00000000 00:00 0 
88b00000-d7000000 ---p 00000000 00:00 0 
d7000000-db800000 rw-p 00000000 00:00 0 
db800000-100000000 ---p 00000000 00:00 0 
100000000-100360000 rw-p 00000000 00:00 0 
100360000-140000000 ---p 00000000 00:00 0 
7f603cd93000-7f603cd96000 ---p 00000000 00:00 0 
7f603cd96000-7f603ce94000 rw-p 00000000 00:00 0                          [stack:13075]
7f603ce94000-7f603d294000 rw-s 16308c000 00:06 11833                     /dev/nvidiactl
7f603d298000-7f603d398000 rw-s 00000000 00:05 5505068                    /SYSV00000000 (deleted)
7f603d39f000-7f603d49f000 rw-s 16075f000 00:06 11833                     /dev/nvidiactl
7f603d49f000-7f603d4a2000 ---p 00000000 00:00 0 
7f603d4a2000-7f603d5a0000 rw-p 00000000 00:00 0                          [stack:12871]
7f603d5a0000-7f603d61b000 r-xp 00000000 08:06 794106                     /usr/lib/x86_64-linux-gnu/nss/libfreebl3.so
7f603d61b000-7f603d81a000 ---p 0007b000 08:06 794106                     /usr/lib/x86_64-linux-gnu/nss/libfreebl3.so
7f603d81a000-7f603d81c000 r--p 0007a000 08:06 794106                     /usr/lib/x86_64-linux-gnu/nss/libfreebl3.so
7f603d81c000-7f603d81d000 rw-p 0007c000 08:06 794106                     /usr/lib/x86_64-linux-gnu/nss/libfreebl3.so
7f603d81d000-7f603d821000 rw-p 00000000 00:00 0 
7f603d828000-7f603d8dc000 r-xp 00000000 08:06 271632                     /usr/lib/x86_64-linux-gnu/libsqlite3.so.0.8.6
7f603d8dc000-7f603dadc000 ---p 000b4000 08:06 271632                     /usr/lib/x86_64-linux-gnu/libsqlite3.so.0.8.6
7f603dadc000-7f603dade000 r--p 000b4000 08:06 271632                     /usr/lib/x86_64-linux-gnu/libsqlite3.so.0.8.6
7f603dade000-7f603dae0000 rw-p 000b6000 08:06 271632                     /usr/lib/x86_64-linux-gnu/libsqlite3.so.0.8.6
7f603dae0000-7f603dae1000 rw-p 00000000 00:00 0 
7f603dae8000-7f603db29000 r-xp 00000000 08:06 794105                     /usr/lib/x86_64-linux-gnu/nss/libsoftokn3.so
7f603db29000-7f603dd28000 ---p 00041000 08:06 794105                     /usr/lib/x86_64-linux-gnu/nss/libsoftokn3.so
7f603dd28000-7f603dd29000 r--p 00040000 08:06 794105                     /usr/lib/x86_64-linux-gnu/nss/libsoftokn3.so
7f603dd29000-7f603dd2a000 rw-p 00041000 08:06 794105                     /usr/lib/x86_64-linux-gnu/nss/libsoftokn3.so
7f603dd2e000-7f603dd31000 ---p 00000000 00:00 0 
7f603dd31000-7f603de2f000 rw-p 00000000 00:00 0                          [stack:12843]
7f603de2f000-7f603de30000 ---p 00000000 00:00 0 
7f603de30000-7f603e630000 rw-p 00000000 00:00 0                          [stack:12842]
7f603e630000-7f603e674000 r-xp 00000000 08:06 11276542                   /lib/x86_64-linux-gnu/libdbus-1.so.3.7.6
7f603e674000-7f603e873000 ---p 00044000 08:06 11276542                   /lib/x86_64-linux-gnu/libdbus-1.so.3.7.6
7f603e873000-7f603e874000 r--p 00043000 08:06 11276542                   /lib/x86_64-linux-gnu/libdbus-1.so.3.7.6
7f603e874000-7f603e875000 rw-p 00044000 08:06 11276542                   /lib/x86_64-linux-gnu/libdbus-1.so.3.7.6
7f603e878000-7f603e880000 r-xp 00000000 08:06 11276591                   /lib/x86_64-linux-gnu/libnih-dbus.so.1.0.0
7f603e880000-7f603ea80000 ---p 00008000 08:06 11276591                   /lib/x86_64-linux-gnu/libnih-dbus.so.1.0.0
7f603ea80000-7f603ea81000 r--p 00008000 08:06 11276591                   /lib/x86_64-linux-gnu/libnih-dbus.so.1.0.0
7f603ea81000-7f603ea82000 rw-p 00009000 08:06 11276591                   /lib/x86_64-linux-gnu/libnih-dbus.so.1.0.0
7f603ea88000-7f603ea9f000 r-xp 00000000 08:06 11276593                   /lib/x86_64-linux-gnu/libnih.so.1.0.0
7f603ea9f000-7f603ec9e000 ---p 00017000 08:06 11276593                   /lib/x86_64-linux-gnu/libnih.so.1.0.0
7f603ec9e000-7f603ec9f000 r--p 00016000 08:06 11276593                   /lib/x86_64-linux-gnu/libnih.so.1.0.0
7f603ec9f000-7f603eca0000 rw-p 00017000 08:06 11276593                   /lib/x86_64-linux-gnu/libnih.so.1.0.0
7f603eca0000-7f603ecb9000 r-xp 00000000 08:06 11276533                   /lib/x86_64-linux-gnu/libcgmanager.so.0.0.0
7f603ecb9000-7f603eeb8000 ---p 00019000 08:06 11276533                   /lib/x86_64-linux-gnu/libcgmanager.so.0.0.0
7f603eeb8000-7f603eeba000 r--p 00018000 08:06 11276533                   /lib/x86_64-linux-gnu/libcgmanager.so.0.0.0
7f603eeba000-7f603eebb000 rw-p 0001a000 08:06 11276533                   /lib/x86_64-linux-gnu/libcgmanager.so.0.0.0
7f603eec0000-7f603eef9000 r-xp 00000000 08:06 268901                     /usr/lib/x86_64-linux-gnu/libnspr4.so
7f603eef9000-7f603f0f8000 ---p 00039000 08:06 268901                     /usr/lib/x86_64-linux-gnu/libnspr4.so
7f603f0f8000-7f603f0f9000 r--p 00038000 08:06 268901                     /usr/lib/x86_64-linux-gnu/libnspr4.so
7f603f0f9000-7f603f0fa000 rw-p 00039000 08:06 268901                     /usr/lib/x86_64-linux-gnu/libnspr4.so
7f603f0fa000-7f603f0fd000 rw-p 00000000 00:00 0 
7f603f100000-7f603f103000 r-xp 00000000 08:06 268900                     /usr/lib/x86_64-linux-gnu/libplds4.so
7f603f103000-7f603f302000 ---p 00003000 08:06 268900                     /usr/lib/x86_64-linux-gnu/libplds4.so
7f603f302000-7f603f303000 r--p 00002000 08:06 268900                     /usr/lib/x86_64-linux-gnu/libplds4.so
7f603f303000-7f603f304000 rw-p 00003000 08:06 268900                     /usr/lib/x86_64-linux-gnu/libplds4.so
7f603f308000-7f603f30c000 r-xp 00000000 08:06 268861                     /usr/lib/x86_64-linux-gnu/libplc4.so
7f603f30c000-7f603f50b000 ---p 00004000 08:06 268861                     /usr/lib/x86_64-linux-gnu/libplc4.so
7f603f50b000-7f603f50c000 r--p 00003000 08:06 268861                     /usr/lib/x86_64-linux-gnu/libplc4.so
7f603f50c000-7f603f50d000 rw-p 00004000 08:06 268861                     /usr/lib/x86_64-linux-gnu/libplc4.so
7f603f510000-7f603f535000 r-xp 00000000 08:06 268074                     /usr/lib/x86_64-linux-gnu/libnssutil3.so
7f603f535000-7f603f735000 ---p 00025000 08:06 268074                     /usr/lib/x86_64-linux-gnu/libnssutil3.so
7f603f735000-7f603f73b000 r--p 00025000 08:06 268074                     /usr/lib/x86_64-linux-gnu/libnssutil3.so
7f603f73b000-7f603f73c000 rw-p 0002b000 08:06 268074                     /usr/lib/x86_64-linux-gnu/libnssutil3.so
7f603f740000-7f603f750000 r-xp 00000000 08:06 11276675                   /lib/x86_64-linux-gnu/libudev.so.1.3.5
7f603f750000-7f603f94f000 ---p 00010000 08:06 11276675                   /lib/x86_64-linux-gnu/libudev.so.1.3.5
7f603f94f000-7f603f950000 r--p 0000f000 08:06 11276675                   /lib/x86_64-linux-gnu/libudev.so.1.3.5
7f603f950000-7f603f951000 rw-p 00010000 08:06 11276675                   /lib/x86_64-linux-gnu/libudev.so.1.3.5
7f603f958000-7f603fa8d000 r-xp 00000000 08:06 268076                     /usr/lib/x86_64-linux-gnu/libnss3.so
7f603fa8d000-7f603fc8c000 ---p 00135000 08:06 268076                     /usr/lib/x86_64-linux-gnu/libnss3.so
7f603fc8c000-7f603fc91000 r--p 00134000 08:06 268076                     /usr/lib/x86_64-linux-gnu/libnss3.so
7f603fc91000-7f603fc93000 rw-p 00139000 08:06 268076                     /usr/lib/x86_64-linux-gnu/libnss3.so
7f603fc93000-7f603fc94000 rw-p 00000000 00:00 0 
7f603fc98000-7f603fcad000 r-xp 00000000 08:06 11276681                   /lib/x86_64-linux-gnu/libusb-1.0.so.0.1.0
7f603fcad000-7f603fead000 ---p 00015000 08:06 11276681                   /lib/x86_64-linux-gnu/libusb-1.0.so.0.1.0
7f603fead000-7f603feae000 r--p 00015000 08:06 11276681                   /lib/x86_64-linux-gnu/libusb-1.0.so.0.1.0
7f603feae000-7f603feaf000 rw-p 00016000 08:06 11276681                   /lib/x86_64-linux-gnu/libusb-1.0.so.0.1.0
7f603feb0000-7f603ff07000 r-xp 00000000 08:06 787714                     /usr/local/lib/libfprint.so.0.0.0
7f603ff07000-7f6040106000 ---p 00057000 08:06 787714                     /usr/local/lib/libfprint.so.0.0.0
7f6040106000-7f6040107000 r--p 00056000 08:06 787714                     /usr/local/lib/libfprint.so.0.0.0
7f6040107000-7f6040118000 rw-p 00057000 08:06 787714                     /usr/local/lib/libfprint.so.0.0.0
7f6040118000-7f6042fc9000 rw-p 00000000 00:00 0 
7f6042ff8000-7f6042ffe000 r-xp 00000000 08:06 131111                     /tmp/libfingerprint1988922950302731290.so
7f6042ffe000-7f60431fd000 ---p 00006000 08:06 131111                     /tmp/libfingerprint1988922950302731290.so
7f60431fd000-7f60431fe000 r--p 00005000 08:06 131111                     /tmp/libfingerprint1988922950302731290.so
7f60431fe000-7f60431ff000 rw-p 00006000 08:06 131111                     /tmp/libfingerprint1988922950302731290.so
7f60431ff000-7f60432bf000 rw-p 00000000 00:00 0 
7f60432bf000-7f60433ff000 ---p 00000000 00:00 0 
7f60433ff000-7f60437ff000 rw-s 16079f000 00:06 11833                     /dev/nvidiactl
7f60437ff000-7f6044000000 rw-p 00000000 00:00 0 
7f6044000000-7f6044436000 rw-p 00000000 00:00 0 
7f6044436000-7f6048000000 ---p 00000000 00:00 0 
7f6048000000-7f6048028000 rw-p 00000000 00:00 0 
7f6048028000-7f604c000000 ---p 00000000 00:00 0 
7f604c000000-7f604c294000 rw-p 00000000 00:00 0 
7f604c294000-7f6050000000 ---p 00000000 00:00 0 
7f6050011000-7f6050211000 rw-s 43da9000 00:06 11833                      /dev/nvidiactl
7f6050214000-7f60504a9000 rw-p 00000000 00:00 0 
7f60504a9000-7f60506a9000 rw-s 182ae1000 00:06 11833                     /dev/nvidiactl
7f60506ab000-7f6050940000 rw-p 00000000 00:00 0 
7f6050940000-7f60509ea000 r--p 00000000 08:06 1445411                    /usr/share/fonts/truetype/dejavu/DejaVuSans-Bold.ttf
7f60509ed000-7f6050bed000 rw-p 00000000 00:00 0 
7f6050bed000-7f6050c00000 r--s 00345000 08:06 10486404                   /usr/lib/jvm/jdk1.8.0_111/jre/lib/resources.jar
7f6050c00000-7f6050e00000 rw-p 00000000 00:00 0 
7f6050e00000-7f6050eb6000 r--p 00000000 08:06 1445415                    /usr/share/fonts/truetype/dejavu/DejaVuSans.ttf
7f6050ebb000-7f6050ebe000 ---p 00000000 00:00 0 
7f6050ebe000-7f6050fbc000 rw-p 00000000 00:00 0                          [stack:12715]
7f6050fbc000-7f6050fc1000 r--s 00084000 08:06 10486279                   /usr/lib/jvm/jdk1.8.0_111/jre/lib/jfr.jar
7f6050fc8000-7f6050ff7000 r-xp 00000000 08:06 788682                     /usr/lib/x86_64-linux-gnu/gtk-2.0/2.10.0/engines/libmurrine.so
7f6050ff7000-7f60511f7000 ---p 0002f000 08:06 788682                     /usr/lib/x86_64-linux-gnu/gtk-2.0/2.10.0/engines/libmurrine.so
7f60511f7000-7f60511f8000 r--p 0002f000 08:06 788682                     /usr/lib/x86_64-linux-gnu/gtk-2.0/2.10.0/engines/libmurrine.so
7f60511f8000-7f60511f9000 rw-p 00030000 08:06 788682                     /usr/lib/x86_64-linux-gnu/gtk-2.0/2.10.0/engines/libmurrine.so
7f6051200000-7f6051209000 r-xp 00000000 08:06 787773                     /usr/lib/x86_64-linux-gnu/gtk-2.0/2.10.0/engines/libpixmap.so
7f6051209000-7f6051409000 ---p 00009000 08:06 787773                     /usr/lib/x86_64-linux-gnu/gtk-2.0/2.10.0/engines/libpixmap.so
7f6051409000-7f605140a000 r--p 00009000 08:06 787773                     /usr/lib/x86_64-linux-gnu/gtk-2.0/2.10.0/engines/libpixmap.so
7f605140a000-7f605140b000 rw-p 0000a000 08:06 787773                     /usr/lib/x86_64-linux-gnu/gtk-2.0/2.10.0/engines/libpixmap.so
7f6051410000-7f6051610000 rw-p 00000000 00:00 0 
7f6051610000-7f6051810000 rw-p 00000000 00:00 0 
7f6051810000-7f60518bb000 r--p 00000000 08:06 10486268                   /usr/lib/jvm/jdk1.8.0_111/jre/lib/fonts/LucidaSansRegular.ttf
7f60518c0000-7f60518fa000 r--p 00000000 08:06 10486270                   /usr/lib/jvm/jdk1.8.0_111/jre/lib/fonts/LucidaTypewriterBold.ttf
7f6051900000-7f6051913000 r--p 00000000 08:06 10486276                   /usr/lib/jvm/jdk1.8.0_111/jre/lib/fonts/LucidaBrightDemiItalic.ttf
7f6051918000-7f6051966000 r--p 00000000 08:06 10486275                   /usr/lib/jvm/jdk1.8.0_111/jre/lib/fonts/LucidaSansDemiBold.ttf
7f6051968000-7f60519a4000 r--p 00000000 08:06 10486274                   /usr/lib/jvm/jdk1.8.0_111/jre/lib/fonts/LucidaTypewriterRegular.ttf
7f60519a8000-7f60519fd000 r--p 00000000 08:06 10486271                   /usr/lib/jvm/jdk1.8.0_111/jre/lib/fonts/LucidaBrightRegular.ttf
7f6051a00000-7f6051a14000 r--p 00000000 08:06 10486272                   /usr/lib/jvm/jdk1.8.0_111/jre/lib/fonts/LucidaBrightItalic.ttf
7f6051a18000-7f6051a2b000 r--p 00000000 08:06 10486269                   /usr/lib/jvm/jdk1.8.0_111/jre/lib/fonts/LucidaBrightDemiBold.ttf
7f6051a30000-7f6051a34000 r-xp 00000000 08:06 10486217                   /usr/lib/jvm/jdk1.8.0_111/jre/lib/amd64/libjavafx_font_pango.so
7f6051a34000-7f6051c33000 ---p 00004000 08:06 10486217                   /usr/lib/jvm/jdk1.8.0_111/jre/lib/amd64/libjavafx_font_pango.so
7f6051c33000-7f6051c34000 rw-p 00003000 08:06 10486217                   /usr/lib/jvm/jdk1.8.0_111/jre/lib/amd64/libjavafx_font_pango.so
7f6051c38000-7f6051c39000 r--s 00000000 08:06 3801416                    /var/cache/fontconfig/c05880de57d1f5e948fdfacc138775d9-le64.cache-4
7f6051c40000-7f6051c4b000 r--s 00000000 08:06 3801409                    /var/cache/fontconfig/945677eb7aeaf62f1d50efc3fb3ec7d8-le64.cache-4
7f6051c50000-7f6051c52000 r--s 00000000 08:06 3801411                    /var/cache/fontconfig/99e8ed0e538f840c565b6ed5dad60d56-le64.cache-4
7f6051c58000-7f6051c5e000 r--s 00000000 08:06 3801393                    /var/cache/fontconfig/2cd17615ca594fa2959ae173292e504c-le64.cache-4
7f6051c60000-7f6051c61000 r--s 00000000 08:06 3801427                    /var/cache/fontconfig/e7071f4a29fa870f4323321c154eba04-le64.cache-4
7f6051c68000-7f6051c69000 r--s 00000000 08:06 3801390                    /var/cache/fontconfig/0d8c3b2ac0904cb8a57a757ad11a4a08-le64.cache-4
7f6051c70000-7f6051c77000 r--s 00000000 08:06 3801413                    /var/cache/fontconfig/a755afe4a08bf5b97852ceb7400b47bc-le64.cache-4
7f6051c78000-7f6051c84000 r--s 00000000 08:06 3801404                    /var/cache/fontconfig/6d41288fd70b0be22e8c3a91e032eec0-le64.cache-4
7f6051c88000-7f6051c9c000 r--s 00000000 08:06 3801387                    /var/cache/fontconfig/04aabc0a78ac019cf9454389977116d2-le64.cache-4
7f6051ca0000-7f6051ca1000 r--s 00000000 08:06 3801392                    /var/cache/fontconfig/1ac9eb803944fde146138c791f5cc56a-le64.cache-4
7f6051ca8000-7f6051cac000 r--s 00000000 08:06 3801396                    /var/cache/fontconfig/385c0604a188198f04d133e54aba7fe7-le64.cache-4
7f6051cb0000-7f6051cb1000 r--s 00000000 08:06 3801424                    /var/cache/fontconfig/dc05db6664285cc2f12bf69c139ae4c3-le64.cache-4
7f6051cb8000-7f6051cba000 r--s 00000000 08:06 3801406                    /var/cache/fontconfig/767a8244fc0220cfb567a839d0392e0b-le64.cache-4
7f6051cc0000-7f6051cc1000 r--s 00000000 08:06 3801398                    /var/cache/fontconfig/4794a0821666d79190d59a36cb4f44b5-le64.cache-4
7f6051cc8000-7f6051cda000 r--s 00000000 08:06 3801388                    /var/cache/fontconfig/0bd3dc0958fa2205aaaa8ebb13e2872b-le64.cache-4
7f6051ce0000-7f6051ce5000 r--s 00000000 08:06 3801408                    /var/cache/fontconfig/8801497958630a81b71ace7c5f9b32a8-le64.cache-4
7f6051ce8000-7f6051cee000 r--s 00000000 08:06 3816246                    /var/cache/fontconfig/ca37dee8d6057f2a069c1b3d05990269-le64.cache-4
7f6051cf0000-7f6051cf4000 r--s 00000000 08:06 3815067                    /var/cache/fontconfig/c57959a16110560c8d0fcea73374aeeb-le64.cache-4
7f6051cf8000-7f6051cff000 r--s 00000000 08:06 3801394                    /var/cache/fontconfig/3047814df9a2f067bd2d96a2b9c36e5a-le64.cache-4
7f6051d00000-7f6051d06000 r--s 00000000 08:06 3801414                    /var/cache/fontconfig/b47c4e1ecd0709278f4910c18777a504-le64.cache-4
7f6051d08000-7f6051d1b000 r--s 00000000 08:06 3801421                    /var/cache/fontconfig/d52a8644073d54c13679302ca1180695-le64.cache-4
7f6051d20000-7f6051d29000 r--s 00000000 08:06 3801397                    /var/cache/fontconfig/3f7329c5293ffd510edef78f73874cfd-le64.cache-4
7f6051d30000-7f6051d3b000 r--s 00000000 08:06 3801422                    /var/cache/fontconfig/d589a48862398ed80a3d6066f4f56f4c-le64.cache-4
7f6051d40000-7f6051d49000 r--s 00000000 08:06 3801419                    /var/cache/fontconfig/d0972c3d32f097851eb916381fc38920-le64.cache-4
7f6051d50000-7f6051d53000 r--s 00000000 08:06 3812658                    /var/cache/fontconfig/e13b20fdb08344e0e664864cc2ede53d-le64.cache-4
7f6051d58000-7f6051d5c000 r--s 00000000 08:06 3816245                    /var/cache/fontconfig/7ef2298fde41cc6eeb7af42e48b7d293-le64.cache-4
7f6051d60000-7f6051d65000 r-xp 00000000 08:06 10486213                   /usr/lib/jvm/jdk1.8.0_111/jre/lib/amd64/libjavafx_font_freetype.so
7f6051d65000-7f6051f64000 ---p 00005000 08:06 10486213                   /usr/lib/jvm/jdk1.8.0_111/jre/lib/amd64/libjavafx_font_freetype.so
7f6051f64000-7f6051f65000 rw-p 00004000 08:06 10486213                   /usr/lib/jvm/jdk1.8.0_111/jre/lib/amd64/libjavafx_font_freetype.so
7f6051f68000-7f6051f6b000 r-xp 00000000 08:06 10486175                   /usr/lib/jvm/jdk1.8.0_111/jre/lib/amd64/libjavafx_font.so
7f6051f6b000-7f605216a000 ---p 00003000 08:06 10486175                   /usr/lib/jvm/jdk1.8.0_111/jre/lib/amd64/libjavafx_font.so
7f605216a000-7f605216b000 rw-p 00002000 08:06 10486175                   /usr/lib/jvm/jdk1.8.0_111/jre/lib/amd64/libjavafx_font.so
7f6052170000-7f6052370000 rw-p 00000000 00:00 0 
7f6052370000-7f6052374000 r--s 00060000 08:06 10619568                   /home/xmbeat/NetBeansProjects/FingerprintLogin/dist/run1642887062/lib/webcam-capture-0.3.10.jar
7f6052375000-7f6052377000 r--s 00005000 08:06 10619566                   /home/xmbeat/NetBeansProjects/FingerprintLogin/dist/run1642887062/lib/slf4j-api-1.7.2.jar
7f605237a000-7f605237d000 r--s 0003a000 08:06 10619561                   /home/xmbeat/NetBeansProjects/FingerprintLogin/dist/run1642887062/lib/mysql-connector-java-3.0.17-ga-bin.jar
7f605237f000-7f6052387000 r--s 000cf000 08:06 10619558                   /home/xmbeat/NetBeansProjects/FingerprintLogin/dist/run1642887062/lib/bridj-0.6.2.jar
7f605238d000-7f6052390000 ---p 00000000 00:00 0 
7f6052390000-7f605248e000 rw-p 00000000 00:00 0                          [stack:12664]
7f605248e000-7f6052491000 ---p 00000000 00:00 0 
7f6052491000-7f605258f000 rw-p 00000000 00:00 0                          [stack:12638]
7f605258f000-7f6052592000 ---p 00000000 00:00 0 
7f6052592000-7f6052690000 rw-p 00000000 00:00 0                          [stack:12637]
7f6052690000-7f60526ba000 r--p 00000000 08:06 1314249                    /usr/share/locale-langpack/es/LC_MESSAGES/gtk20-properties.mo
7f60526c0000-7f60526e6000 r--p 00000000 08:06 1314142                    /usr/share/locale-langpack/es/LC_MESSAGES/libc.mo
7f60526e8000-7f60526f7000 r--p 00000000 08:06 1314186                    /usr/share/locale-langpack/es/LC_MESSAGES/gtk20.mo
7f60526f8000-7f6052721000 r-xp 00000000 08:06 10486225                   /usr/lib/jvm/jdk1.8.0_111/jre/lib/amd64/libglass.so
7f6052721000-7f6052920000 ---p 00029000 08:06 10486225                   /usr/lib/jvm/jdk1.8.0_111/jre/lib/amd64/libglass.so
7f6052920000-7f6052923000 rw-p 00028000 08:06 10486225                   /usr/lib/jvm/jdk1.8.0_111/jre/lib/amd64/libglass.so
7f6052924000-7f60529a4000 rw-s 1a414c000 00:06 11833                     /dev/nvidiactl
7f60529a7000-7f6052a27000 rw-s 16300f000 00:06 11833                     /dev/nvidiactl
7f6052a29000-7f6052aa9000 rw-s 167cb9000 00:06 11833                     /dev/nvidiactl
7f6052ab0000-7f6052ab6000 r-xp 00000000 08:06 270780                     /usr/lib/x86_64-linux-gnu/libdatrie.so.1.3.1
7f6052ab6000-7f6052cb5000 ---p 00006000 08:06 270780                     /usr/lib/x86_64-linux-gnu/libdatrie.so.1.3.1
7f6052cb5000-7f6052cb6000 r--p 00005000 08:06 270780                     /usr/lib/x86_64-linux-gnu/libdatrie.so.1.3.1
7f6052cb6000-7f6052cb7000 rw-p 00006000 08:06 270780                     /usr/lib/x86_64-linux-gnu/libdatrie.so.1.3.1
7f6052cb8000-7f6052cbd000 r-xp 00000000 08:06 270557                     /usr/lib/x86_64-linux-gnu/libXdmcp.so.6.0.0
7f6052cbd000-7f6052ebc000 ---p 00005000 08:06 270557                     /usr/lib/x86_64-linux-gnu/libXdmcp.so.6.0.0
7f6052ebc000-7f6052ebd000 r--p 00004000 08:06 270557                     /usr/lib/x86_64-linux-gnu/libXdmcp.so.6.0.0
7f6052ebd000-7f6052ebe000 rw-p 00005000 08:06 270557                     /usr/lib/x86_64-linux-gnu/libXdmcp.so.6.0.0
7f6052ec0000-7f6052ec2000 r-xp 00000000 08:06 270544                     /usr/lib/x86_64-linux-gnu/libXau.so.6.0.0
7f6052ec2000-7f60530c2000 ---p 00002000 08:06 270544                     /usr/lib/x86_64-linux-gnu/libXau.so.6.0.0
7f60530c2000-7f60530c3000 r--p 00002000 08:06 270544                     /usr/lib/x86_64-linux-gnu/libXau.so.6.0.0
7f60530c3000-7f60530c4000 rw-p 00003000 08:06 270544                     /usr/lib/x86_64-linux-gnu/libXau.so.6.0.0
7f60530c8000-7f60530e2000 r-xp 00000000 08:06 263304                     /usr/lib/x86_64-linux-gnu/libgraphite2.so.3.0.1
7f60530e2000-7f60532e1000 ---p 0001a000 08:06 263304                     /usr/lib/x86_64-linux-gnu/libgraphite2.so.3.0.1
7f60532e1000-7f60532e3000 r--p 00019000 08:06 263304                     /usr/lib/x86_64-linux-gnu/libgraphite2.so.3.0.1
7f60532e3000-7f60532e4000 rw-p 0001b000 08:06 263304                     /usr/lib/x86_64-linux-gnu/libgraphite2.so.3.0.1
7f60532e8000-7f6054ce5000 r-xp 00000000 08:06 921231                     /usr/lib/nvidia-352/libnvidia-glcore.so.352.63
7f6054ce5000-7f6054d05000 rwxp 019fd000 08:06 921231                     /usr/lib/nvidia-352/libnvidia-glcore.so.352.63
7f6054d05000-7f6054fcc000 r-xp 01a1d000 08:06 921231                     /usr/lib/nvidia-352/libnvidia-glcore.so.352.63
7f6054fcc000-7f60551cb000 ---p 01ce4000 08:06 921231                     /usr/lib/nvidia-352/libnvidia-glcore.so.352.63
7f60551cb000-7f6055d67000 rw-p 01ce3000 08:06 921231                     /usr/lib/nvidia-352/libnvidia-glcore.so.352.63
7f6055d67000-7f6055d7b000 rw-p 00000000 00:00 0 
7f6055d80000-7f6055d83000 r-xp 00000000 08:06 1184481                    /usr/lib/nvidia-352/tls/libnvidia-tls.so.352.63
7f6055d83000-7f6055f82000 ---p 00003000 08:06 1184481                    /usr/lib/nvidia-352/tls/libnvidia-tls.so.352.63
7f6055f82000-7f6055f83000 rw-p 00002000 08:06 1184481                    /usr/lib/nvidia-352/tls/libnvidia-tls.so.352.63
7f6055f88000-7f6055fc5000 r-xp 00000000 08:06 11276632                   /lib/x86_64-linux-gnu/libpcre.so.3.13.1
7f6055fc5000-7f60561c4000 ---p 0003d000 08:06 11276632                   /lib/x86_64-linux-gnu/libpcre.so.3.13.1
7f60561c4000-7f60561c5000 r--p 0003c000 08:06 11276632                   /lib/x86_64-linux-gnu/libpcre.so.3.13.1
7f60561c5000-7f60561c6000 rw-p 0003d000 08:06 11276632                   /lib/x86_64-linux-gnu/libpcre.so.3.13.1
7f60561c8000-7f60561cf000 r-xp 00000000 08:06 262898                     /usr/lib/x86_64-linux-gnu/libffi.so.6.0.1
7f60561cf000-7f60563ce000 ---p 00007000 08:06 262898                     /usr/lib/x86_64-linux-gnu/libffi.so.6.0.1
7f60563ce000-7f60563cf000 r--p 00006000 08:06 262898                     /usr/lib/x86_64-linux-gnu/libffi.so.6.0.1
7f60563cf000-7f60563d0000 rw-p 00007000 08:06 262898                     /usr/lib/x86_64-linux-gnu/libffi.so.6.0.1
7f60563d0000-7f60563f7000 r-xp 00000000 08:06 11276550                   /lib/x86_64-linux-gnu/libexpat.so.1.6.0
7f60563f7000-7f60565f7000 ---p 00027000 08:06 11276550                   /lib/x86_64-linux-gnu/libexpat.so.1.6.0
7f60565f7000-7f60565f9000 r--p 00027000 08:06 11276550                   /lib/x86_64-linux-gnu/libexpat.so.1.6.0
7f60565f9000-7f60565fa000 rw-p 00029000 08:06 11276550                   /lib/x86_64-linux-gnu/libexpat.so.1.6.0
7f6056600000-7f6056608000 r-xp 00000000 08:06 271660                     /usr/lib/x86_64-linux-gnu/libthai.so.0.2.0
7f6056608000-7f6056807000 ---p 00008000 08:06 271660                     /usr/lib/x86_64-linux-gnu/libthai.so.0.2.0
7f6056807000-7f6056808000 r--p 00007000 08:06 271660                     /usr/lib/x86_64-linux-gnu/libthai.so.0.2.0
7f6056808000-7f6056809000 rw-p 00008000 08:06 271660                     /usr/lib/x86_64-linux-gnu/libthai.so.0.2.0
7f6056810000-7f605682d000 r-xp 00000000 08:06 271805                     /usr/lib/x86_64-linux-gnu/libxcb.so.1.1.0
7f605682d000-7f6056a2d000 ---p 0001d000 08:06 271805                     /usr/lib/x86_64-linux-gnu/libxcb.so.1.1.0
7f6056a2d000-7f6056a2e000 r--p 0001d000 08:06 271805                     /usr/lib/x86_64-linux-gnu/libxcb.so.1.1.0
7f6056a2e000-7f6056a2f000 rw-p 0001e000 08:06 271805                     /usr/lib/x86_64-linux-gnu/libxcb.so.1.1.0
7f6056a30000-7f6056a38000 r-xp 00000000 08:06 271787                     /usr/lib/x86_64-linux-gnu/libxcb-render.so.0.0.0
7f6056a38000-7f6056c37000 ---p 00008000 08:06 271787                     /usr/lib/x86_64-linux-gnu/libxcb-render.so.0.0.0
7f6056c37000-7f6056c38000 r--p 00007000 08:06 271787                     /usr/lib/x86_64-linux-gnu/libxcb-render.so.0.0.0
7f6056c38000-7f6056c39000 rw-p 00008000 08:06 271787                     /usr/lib/x86_64-linux-gnu/libxcb-render.so.0.0.0
7f6056c40000-7f6056c42000 r-xp 00000000 08:06 271791                     /usr/lib/x86_64-linux-gnu/libxcb-shm.so.0.0.0
7f6056c42000-7f6056e41000 ---p 00002000 08:06 271791                     /usr/lib/x86_64-linux-gnu/libxcb-shm.so.0.0.0
7f6056e41000-7f6056e42000 r--p 00001000 08:06 271791                     /usr/lib/x86_64-linux-gnu/libxcb-shm.so.0.0.0
7f6056e42000-7f6056e43000 rw-p 00002000 08:06 271791                     /usr/lib/x86_64-linux-gnu/libxcb-shm.so.0.0.0
7f6056e48000-7f6056e6d000 r-xp 00000000 08:06 11273421                   /lib/x86_64-linux-gnu/libpng12.so.0.50.0
7f6056e6d000-7f605706c000 ---p 00025000 08:06 11273421                   /lib/x86_64-linux-gnu/libpng12.so.0.50.0
7f605706c000-7f605706d000 r--p 00024000 08:06 11273421                   /lib/x86_64-linux-gnu/libpng12.so.0.50.0
7f605706d000-7f605706e000 rw-p 00025000 08:06 11273421                   /lib/x86_64-linux-gnu/libpng12.so.0.50.0
7f6057070000-7f6057111000 r-xp 00000000 08:06 271486                     /usr/lib/x86_64-linux-gnu/libpixman-1.so.0.30.2
7f6057111000-7f6057311000 ---p 000a1000 08:06 271486                     /usr/lib/x86_64-linux-gnu/libpixman-1.so.0.30.2
7f6057311000-7f6057318000 r--p 000a1000 08:06 271486                     /usr/lib/x86_64-linux-gnu/libpixman-1.so.0.30.2
7f6057318000-7f6057319000 rw-p 000a8000 08:06 271486                     /usr/lib/x86_64-linux-gnu/libpixman-1.so.0.30.2
7f6057320000-7f6057373000 r-xp 00000000 08:06 271186                     /usr/lib/x86_64-linux-gnu/libharfbuzz.so.0.927.0
7f6057373000-7f6057573000 ---p 00053000 08:06 271186                     /usr/lib/x86_64-linux-gnu/libharfbuzz.so.0.927.0
7f6057573000-7f6057574000 r--p 00053000 08:06 271186                     /usr/lib/x86_64-linux-gnu/libharfbuzz.so.0.927.0
7f6057574000-7f6057575000 rw-p 00054000 08:06 271186                     /usr/lib/x86_64-linux-gnu/libharfbuzz.so.0.927.0
7f6057578000-7f605758f000 r-xp 00000000 08:06 11272221                   /lib/x86_64-linux-gnu/libresolv-2.19.so
7f605758f000-7f605778f000 ---p 00017000 08:06 11272221                   /lib/x86_64-linux-gnu/libresolv-2.19.so
7f605778f000-7f6057790000 r--p 00017000 08:06 11272221                   /lib/x86_64-linux-gnu/libresolv-2.19.so
7f6057790000-7f6057791000 rw-p 00018000 08:06 11272221                   /lib/x86_64-linux-gnu/libresolv-2.19.so
7f6057791000-7f6057793000 rw-p 00000000 00:00 0 
7f6057798000-7f60577b8000 r-xp 00000000 08:06 11276659                   /lib/x86_64-linux-gnu/libselinux.so.1
7f60577b8000-7f60579b7000 ---p 00020000 08:06 11276659                   /lib/x86_64-linux-gnu/libselinux.so.1
7f60579b7000-7f60579b8000 r--p 0001f000 08:06 11276659                   /lib/x86_64-linux-gnu/libselinux.so.1
7f60579b8000-7f60579b9000 rw-p 00020000 08:06 11276659                   /lib/x86_64-linux-gnu/libselinux.so.1
7f60579b9000-7f60579bb000 rw-p 00000000 00:00 0 
7f60579c0000-7f60579d8000 r-xp 00000000 08:06 11276690                   /lib/x86_64-linux-gnu/libz.so.1.2.8
7f60579d8000-7f6057bd7000 ---p 00018000 08:06 11276690                   /lib/x86_64-linux-gnu/libz.so.1.2.8
7f6057bd7000-7f6057bd8000 r--p 00017000 08:06 11276690                   /lib/x86_64-linux-gnu/libz.so.1.2.8
7f6057bd8000-7f6057bd9000 rw-p 00018000 08:06 11276690                   /lib/x86_64-linux-gnu/libz.so.1.2.8
7f6057be0000-7f6057bf1000 r-xp 00000000 08:06 270559                     /usr/lib/x86_64-linux-gnu/libXext.so.6.4.0
7f6057bf1000-7f6057df0000 ---p 00011000 08:06 270559                     /usr/lib/x86_64-linux-gnu/libXext.so.6.4.0
7f6057df0000-7f6057df1000 r--p 00010000 08:06 270559                     /usr/lib/x86_64-linux-gnu/libXext.so.6.4.0
7f6057df1000-7f6057df2000 rw-p 00011000 08:06 270559                     /usr/lib/x86_64-linux-gnu/libXext.so.6.4.0
7f6057df8000-7f6057dfa000 r-xp 00000000 08:06 270553                     /usr/lib/x86_64-linux-gnu/libXdamage.so.1.1.0
7f6057dfa000-7f6057ff9000 ---p 00002000 08:06 270553                     /usr/lib/x86_64-linux-gnu/libXdamage.so.1.1.0
7f6057ff9000-7f6057ffa000 r--p 00001000 08:06 270553                     /usr/lib/x86_64-linux-gnu/libXdamage.so.1.1.0
7f6057ffa000-7f6057ffb000 rw-p 00002000 08:06 270553                     /usr/lib/x86_64-linux-gnu/libXdamage.so.1.1.0
7f6058000000-7f6058977000 rw-p 00000000 00:00 0 
7f6058977000-7f605c000000 ---p 00000000 00:00 0 
7f605c000000-7f605c001000 r--s 00000000 08:06 3801400                    /var/cache/fontconfig/56cf4f4769d0f4abc89a4895d7bd3ae1-le64.cache-4
7f605c008000-7f605c00a000 rw-s 00000000 08:06 131095                     /tmp/.glorMjej (deleted)
7f605c00f000-7f605c012000 ---p 00000000 00:00 0 
7f605c012000-7f605c110000 rw-p 00000000 00:00 0 
7f605c110000-7f605c123000 rw-s 19b9b8000 00:06 11833                     /dev/nvidiactl
7f605c123000-7f605c1d7000 rw-s 22218b000 00:06 11833                     /dev/nvidiactl
7f605c1d8000-7f605c1da000 r-xp 00000000 08:06 270549                     /usr/lib/x86_64-linux-gnu/libXcomposite.so.1.0.0
7f605c1da000-7f605c3d9000 ---p 00002000 08:06 270549                     /usr/lib/x86_64-linux-gnu/libXcomposite.so.1.0.0
7f605c3d9000-7f605c3da000 r--p 00001000 08:06 270549                     /usr/lib/x86_64-linux-gnu/libXcomposite.so.1.0.0
7f605c3da000-7f605c3db000 rw-p 00002000 08:06 270549                     /usr/lib/x86_64-linux-gnu/libXcomposite.so.1.0.0
7f605c3e0000-7f605c3e9000 r-xp 00000000 08:06 270551                     /usr/lib/x86_64-linux-gnu/libXcursor.so.1.0.2
7f605c3e9000-7f605c5e8000 ---p 00009000 08:06 270551                     /usr/lib/x86_64-linux-gnu/libXcursor.so.1.0.2
7f605c5e8000-7f605c5e9000 r--p 00008000 08:06 270551                     /usr/lib/x86_64-linux-gnu/libXcursor.so.1.0.2
7f605c5e9000-7f605c5ea000 rw-p 00009000 08:06 270551                     /usr/lib/x86_64-linux-gnu/libXcursor.so.1.0.2
7f605c5f0000-7f605c5f9000 r-xp 00000000 08:06 270579                     /usr/lib/x86_64-linux-gnu/libXrandr.so.2.2.0
7f605c5f9000-7f605c7f8000 ---p 00009000 08:06 270579                     /usr/lib/x86_64-linux-gnu/libXrandr.so.2.2.0
7f605c7f8000-7f605c7f9000 r--p 00008000 08:06 270579                     /usr/lib/x86_64-linux-gnu/libXrandr.so.2.2.0
7f605c7f9000-7f605c7fa000 rw-p 00009000 08:06 270579                     /usr/lib/x86_64-linux-gnu/libXrandr.so.2.2.0
7f605c800000-7f605c80f000 r-xp 00000000 08:06 270567                     /usr/lib/x86_64-linux-gnu/libXi.so.6.1.0
7f605c80f000-7f605ca0e000 ---p 0000f000 08:06 270567                     /usr/lib/x86_64-linux-gnu/libXi.so.6.1.0
7f605ca0e000-7f605ca0f000 r--p 0000e000 08:06 270567                     /usr/lib/x86_64-linux-gnu/libXi.so.6.1.0
7f605ca0f000-7f605ca10000 rw-p 0000f000 08:06 270567                     /usr/lib/x86_64-linux-gnu/libXi.so.6.1.0
7f605ca10000-7f605ca12000 r-xp 00000000 08:06 270569                     /usr/lib/x86_64-linux-gnu/libXinerama.so.1.0.0
7f605ca12000-7f605cc11000 ---p 00002000 08:06 270569                     /usr/lib/x86_64-linux-gnu/libXinerama.so.1.0.0
7f605cc11000-7f605cc12000 r--p 00001000 08:06 270569                     /usr/lib/x86_64-linux-gnu/libXinerama.so.1.0.0
7f605cc12000-7f605cc13000 rw-p 00002000 08:06 270569                     /usr/lib/x86_64-linux-gnu/libXinerama.so.1.0.0
7f605cc18000-7f605cc21000 r-xp 00000000 08:06 270581                     /usr/lib/x86_64-linux-gnu/libXrender.so.1.3.0
7f605cc21000-7f605ce20000 ---p 00009000 08:06 270581                     /usr/lib/x86_64-linux-gnu/libXrender.so.1.3.0
7f605ce20000-7f605ce21000 r--p 00008000 08:06 270581                     /usr/lib/x86_64-linux-gnu/libXrender.so.1.3.0
7f605ce21000-7f605ce22000 rw-p 00009000 08:06 270581                     /usr/lib/x86_64-linux-gnu/libXrender.so.1.3.0
7f605ce28000-7f605ce2d000 r-xp 00000000 08:06 270561                     /usr/lib/x86_64-linux-gnu/libXfixes.so.3.1.0
7f605ce2d000-7f605d02c000 ---p 00005000 08:06 270561                     /usr/lib/x86_64-linux-gnu/libXfixes.so.3.1.0
7f605d02c000-7f605d02d000 r--p 00004000 08:06 270561                     /usr/lib/x86_64-linux-gnu/libXfixes.so.3.1.0
7f605d02d000-7f605d02e000 rw-p 00005000 08:06 270561                     /usr/lib/x86_64-linux-gnu/libXfixes.so.3.1.0
7f605d030000-7f605d046000 r-xp 00000000 08:06 11273328                   /lib/x86_64-linux-gnu/libgcc_s.so.1
7f605d046000-7f605d245000 ---p 00016000 08:06 11273328                   /lib/x86_64-linux-gnu/libgcc_s.so.1
7f605d245000-7f605d246000 rw-p 00015000 08:06 11273328                   /lib/x86_64-linux-gnu/libgcc_s.so.1
7f605d248000-7f605d32e000 r-xp 00000000 08:06 262560                     /usr/lib/x86_64-linux-gnu/libstdc++.so.6.0.19
7f605d32e000-7f605d52d000 ---p 000e6000 08:06 262560                     /usr/lib/x86_64-linux-gnu/libstdc++.so.6.0.19
7f605d52d000-7f605d535000 r--p 000e5000 08:06 262560                     /usr/lib/x86_64-linux-gnu/libstdc++.so.6.0.19
7f605d535000-7f605d537000 rw-p 000ed000 08:06 262560                     /usr/lib/x86_64-linux-gnu/libstdc++.so.6.0.19
7f605d537000-7f605d54c000 rw-p 00000000 00:00 0 
7f605d550000-7f605d60e000 r-xp 00000000 08:06 921224                     /usr/lib/nvidia-352/libGL.so.352.63
7f605d60e000-7f605d641000 rwxp 000be000 08:06 921224                     /usr/lib/nvidia-352/libGL.so.352.63
7f605d641000-7f605d653000 r-xp 000f1000 08:06 921224                     /usr/lib/nvidia-352/libGL.so.352.63
7f605d653000-7f605d852000 ---p 00103000 08:06 921224                     /usr/lib/nvidia-352/libGL.so.352.63
7f605d852000-7f605d87a000 rw-p 00102000 08:06 921224                     /usr/lib/nvidia-352/libGL.so.352.63
7f605d87a000-7f605d880000 rw-p 00000000 00:00 0 
7f605d880000-7f605d884000 r-xp 00000000 08:06 270597                     /usr/lib/x86_64-linux-gnu/libXxf86vm.so.1.0.0
7f605d884000-7f605da84000 ---p 00004000 08:06 270597                     /usr/lib/x86_64-linux-gnu/libXxf86vm.so.1.0.0
7f605da84000-7f605da85000 r--p 00004000 08:06 270597                     /usr/lib/x86_64-linux-gnu/libXxf86vm.so.1.0.0
7f605da85000-7f605da86000 rw-p 00005000 08:06 270597                     /usr/lib/x86_64-linux-gnu/libXxf86vm.so.1.0.0
7f605da88000-7f605dbb8000 r-xp 00000000 08:06 270538                     /usr/lib/x86_64-linux-gnu/libX11.so.6.3.0
7f605dbb8000-7f605ddb8000 ---p 00130000 08:06 270538                     /usr/lib/x86_64-linux-gnu/libX11.so.6.3.0
7f605ddb8000-7f605ddb9000 r--p 00130000 08:06 270538                     /usr/lib/x86_64-linux-gnu/libX11.so.6.3.0
7f605ddb9000-7f605ddbd000 rw-p 00131000 08:06 270538                     /usr/lib/x86_64-linux-gnu/libX11.so.6.3.0
7f605ddc0000-7f605ddc5000 r-xp 00000000 08:06 270587                     /usr/lib/x86_64-linux-gnu/libXtst.so.6.1.0
7f605ddc5000-7f605dfc4000 ---p 00005000 08:06 270587                     /usr/lib/x86_64-linux-gnu/libXtst.so.6.1.0
7f605dfc4000-7f605dfc5000 r--p 00004000 08:06 270587                     /usr/lib/x86_64-linux-gnu/libXtst.so.6.1.0
7f605dfc5000-7f605dfc6000 rw-p 00005000 08:06 270587                     /usr/lib/x86_64-linux-gnu/libXtst.so.6.1.0
7f605dfc8000-7f605e0ce000 r-xp 00000000 08:06 11276559                   /lib/x86_64-linux-gnu/libglib-2.0.so.0.4002.0
7f605e0ce000-7f605e2cd000 ---p 00106000 08:06 11276559                   /lib/x86_64-linux-gnu/libglib-2.0.so.0.4002.0
7f605e2cd000-7f605e2ce000 r--p 00105000 08:06 11276559                   /lib/x86_64-linux-gnu/libglib-2.0.so.0.4002.0
7f605e2ce000-7f605e2cf000 rw-p 00106000 08:06 11276559                   /lib/x86_64-linux-gnu/libglib-2.0.so.0.4002.0
7f605e2cf000-7f605e2d0000 rw-p 00000000 00:00 0 
7f605e2d0000-7f605e2d1000 r-xp 00000000 08:06 271159                     /usr/lib/x86_64-linux-gnu/libgthread-2.0.so.0.4002.0
7f605e2d1000-7f605e4d0000 ---p 00001000 08:06 271159                     /usr/lib/x86_64-linux-gnu/libgthread-2.0.so.0.4002.0
7f605e4d0000-7f605e4d1000 r--p 00000000 08:06 271159                     /usr/lib/x86_64-linux-gnu/libgthread-2.0.so.0.4002.0
7f605e4d1000-7f605e4d2000 rw-p 00001000 08:06 271159                     /usr/lib/x86_64-linux-gnu/libgthread-2.0.so.0.4002.0
7f605e4d8000-7f605e4db000 r-xp 00000000 08:06 271015                     /usr/lib/x86_64-linux-gnu/libgmodule-2.0.so.0.4002.0
7f605e4db000-7f605e6da000 ---p 00003000 08:06 271015                     /usr/lib/x86_64-linux-gnu/libgmodule-2.0.so.0.4002.0
7f605e6da000-7f605e6db000 r--p 00002000 08:06 271015                     /usr/lib/x86_64-linux-gnu/libgmodule-2.0.so.0.4002.0
7f605e6db000-7f605e6dc000 rw-p 00003000 08:06 271015                     /usr/lib/x86_64-linux-gnu/libgmodule-2.0.so.0.4002.0
7f605e6e0000-7f605e72f000 r-xp 00000000 08:06 271039                     /usr/lib/x86_64-linux-gnu/libgobject-2.0.so.0.4002.0
7f605e72f000-7f605e92f000 ---p 0004f000 08:06 271039                     /usr/lib/x86_64-linux-gnu/libgobject-2.0.so.0.4002.0
7f605e92f000-7f605e930000 r--p 0004f000 08:06 271039                     /usr/lib/x86_64-linux-gnu/libgobject-2.0.so.0.4002.0
7f605e930000-7f605e931000 rw-p 00050000 08:06 271039                     /usr/lib/x86_64-linux-gnu/libgobject-2.0.so.0.4002.0
7f605e938000-7f605e972000 r-xp 00000000 08:06 270920                     /usr/lib/x86_64-linux-gnu/libfontconfig.so.1.8.0
7f605e972000-7f605eb71000 ---p 0003a000 08:06 270920                     /usr/lib/x86_64-linux-gnu/libfontconfig.so.1.8.0
7f605eb71000-7f605eb73000 r--p 00039000 08:06 270920                     /usr/lib/x86_64-linux-gnu/libfontconfig.so.1.8.0
7f605eb73000-7f605eb74000 rw-p 0003b000 08:06 270920                     /usr/lib/x86_64-linux-gnu/libfontconfig.so.1.8.0
7f605eb78000-7f605ec15000 r-xp 00000000 08:06 270946                     /usr/lib/x86_64-linux-gnu/libfreetype.so.6.11.1
7f605ec15000-7f605ee14000 ---p 0009d000 08:06 270946                     /usr/lib/x86_64-linux-gnu/libfreetype.so.6.11.1
7f605ee14000-7f605ee1a000 r--p 0009c000 08:06 270946                     /usr/lib/x86_64-linux-gnu/libfreetype.so.6.11.1
7f605ee1a000-7f605ee1b000 rw-p 000a2000 08:06 270946                     /usr/lib/x86_64-linux-gnu/libfreetype.so.6.11.1
7f605ee20000-7f605ee6a000 r-xp 00000000 08:06 271463                     /usr/lib/x86_64-linux-gnu/libpango-1.0.so.0.3600.3
7f605ee6a000-7f605f06a000 ---p 0004a000 08:06 271463                     /usr/lib/x86_64-linux-gnu/libpango-1.0.so.0.3600.3
7f605f06a000-7f605f06c000 r--p 0004a000 08:06 271463                     /usr/lib/x86_64-linux-gnu/libpango-1.0.so.0.3600.3
7f605f06c000-7f605f06d000 rw-p 0004c000 08:06 271463                     /usr/lib/x86_64-linux-gnu/libpango-1.0.so.0.3600.3
7f605f070000-7f605f176000 r-xp 00000000 08:06 270702                     /usr/lib/x86_64-linux-gnu/libcairo.so.2.11301.0
7f605f176000-7f605f375000 ---p 00106000 08:06 270702                     /usr/lib/x86_64-linux-gnu/libcairo.so.2.11301.0
7f605f375000-7f605f378000 r--p 00105000 08:06 270702                     /usr/lib/x86_64-linux-gnu/libcairo.so.2.11301.0
7f605f378000-7f605f379000 rw-p 00108000 08:06 270702                     /usr/lib/x86_64-linux-gnu/libcairo.so.2.11301.0
7f605f379000-7f605f37b000 rw-p 00000000 00:00 0 
7f605f380000-7f605f38b000 r-xp 00000000 08:06 271465                     /usr/lib/x86_64-linux-gnu/libpangocairo-1.0.so.0.3600.3
7f605f38b000-7f605f58b000 ---p 0000b000 08:06 271465                     /usr/lib/x86_64-linux-gnu/libpangocairo-1.0.so.0.3600.3
7f605f58b000-7f605f58c000 r--p 0000b000 08:06 271465                     /usr/lib/x86_64-linux-gnu/libpangocairo-1.0.so.0.3600.3
7f605f58c000-7f605f58d000 rw-p 0000c000 08:06 271465                     /usr/lib/x86_64-linux-gnu/libpangocairo-1.0.so.0.3600.3
7f605f590000-7f605f5b0000 r-xp 00000000 08:06 270979                     /usr/lib/x86_64-linux-gnu/libgdk_pixbuf-2.0.so.0.3000.7
7f605f5b0000-7f605f7af000 ---p 00020000 08:06 270979                     /usr/lib/x86_64-linux-gnu/libgdk_pixbuf-2.0.so.0.3000.7
7f605f7af000-7f605f7b0000 r--p 0001f000 08:06 270979                     /usr/lib/x86_64-linux-gnu/libgdk_pixbuf-2.0.so.0.3000.7
7f605f7b0000-7f605f7b1000 rw-p 00020000 08:06 270979                     /usr/lib/x86_64-linux-gnu/libgdk_pixbuf-2.0.so.0.3000.7
7f605f7b8000-7f605f7cc000 r-xp 00000000 08:06 271467                     /usr/lib/x86_64-linux-gnu/libpangoft2-1.0.so.0.3600.3
7f605f7cc000-7f605f9cb000 ---p 00014000 08:06 271467                     /usr/lib/x86_64-linux-gnu/libpangoft2-1.0.so.0.3600.3
7f605f9cb000-7f605f9cc000 r--p 00013000 08:06 271467                     /usr/lib/x86_64-linux-gnu/libpangoft2-1.0.so.0.3600.3
7f605f9cc000-7f605f9cd000 rw-p 00014000 08:06 271467                     /usr/lib/x86_64-linux-gnu/libpangoft2-1.0.so.0.3600.3
7f605f9d0000-7f605fb3c000 r-xp 00000000 08:06 271001                     /usr/lib/x86_64-linux-gnu/libgio-2.0.so.0.4002.0
7f605fb3c000-7f605fd3b000 ---p 0016c000 08:06 271001                     /usr/lib/x86_64-linux-gnu/libgio-2.0.so.0.4002.0
7f605fd3b000-7f605fd3f000 r--p 0016b000 08:06 271001                     /usr/lib/x86_64-linux-gnu/libgio-2.0.so.0.4002.0
7f605fd3f000-7f605fd41000 rw-p 0016f000 08:06 271001                     /usr/lib/x86_64-linux-gnu/libgio-2.0.so.0.4002.0
7f605fd41000-7f605fd43000 rw-p 00000000 00:00 0 
7f605fd48000-7f605fdf5000 r-xp 00000000 08:06 262704                     /usr/lib/x86_64-linux-gnu/libgdk-x11-2.0.so.0.2400.23
7f605fdf5000-7f605fff5000 ---p 000ad000 08:06 262704                     /usr/lib/x86_64-linux-gnu/libgdk-x11-2.0.so.0.2400.23
7f605fff5000-7f605fff9000 r--p 000ad000 08:06 262704                     /usr/lib/x86_64-linux-gnu/libgdk-x11-2.0.so.0.2400.23
7f605fff9000-7f605fffb000 rw-p 000b1000 08:06 262704                     /usr/lib/x86_64-linux-gnu/libgdk-x11-2.0.so.0.2400.23
7f6060000000-7f6060021000 rw-p 00000000 00:00 0 
7f6060021000-7f6064000000 ---p 00000000 00:00 0 
7f6064000000-7f6064021000 rw-p 00000000 00:00 0 
7f6064021000-7f6068000000 ---p 00000000 00:00 0 
7f6068000000-7f6068021000 rw-p 00000000 00:00 0 
7f6068021000-7f606c000000 ---p 00000000 00:00 0 
7f606c000000-7f606c68b000 rw-p 00000000 00:00 0 
7f606c68b000-7f6070000000 ---p 00000000 00:00 0 
7f6070000000-7f6070021000 rw-p 00000000 00:00 0 
7f6070021000-7f6074000000 ---p 00000000 00:00 0 
7f6074000000-7f6074d55000 rw-p 00000000 00:00 0 
7f6074d55000-7f6078000000 ---p 00000000 00:00 0 
7f6078000000-7f6078021000 rw-p 00000000 00:00 0 
7f6078021000-7f607c000000 ---p 00000000 00:00 0 
7f607c000000-7f607c021000 rw-p 00000000 00:00 0 
7f607c021000-7f6080000000 ---p 00000000 00:00 0 
7f6080000000-7f6080021000 rw-p 00000000 00:00 0 
7f6080021000-7f6084000000 ---p 00000000 00:00 0 
7f6084000000-7f6084001000 r--s 00000000 08:06 3801415                    /var/cache/fontconfig/b9d506c9ac06c20b433354fa67a72993-le64.cache-4
7f6084008000-7f608400f000 r--s 00000000 08:06 786750                     /usr/lib/x86_64-linux-gnu/gconv/gconv-modules.cache
7f6084011000-7f6084051000 rw-s 182aa1000 00:06 11833                     /dev/nvidiactl
7f6084058000-7f6084077000 r-xp 00000000 08:06 270646                     /usr/lib/x86_64-linux-gnu/libatk-1.0.so.0.21009.1
7f6084077000-7f6084277000 ---p 0001f000 08:06 270646                     /usr/lib/x86_64-linux-gnu/libatk-1.0.so.0.21009.1
7f6084277000-7f6084279000 r--p 0001f000 08:06 270646                     /usr/lib/x86_64-linux-gnu/libatk-1.0.so.0.21009.1
7f6084279000-7f608427a000 rw-p 00021000 08:06 270646                     /usr/lib/x86_64-linux-gnu/libatk-1.0.so.0.21009.1
7f6084280000-7f6088000000 rw-p 00000000 00:00 0 
7f6088000000-7f6088021000 rw-p 00000000 00:00 0 
7f6088021000-7f608c000000 ---p 00000000 00:00 0 
7f608c000000-7f608c001000 r--s 00000000 08:06 3801389                    /var/cache/fontconfig/0c9eb80ebd1c36541ebe2852d3bb0c49-le64.cache-4
7f608c008000-7f608c028000 rw-s c0320000 00:06 11834                      /dev/nvidia0
7f608c02f000-7f608c06f000 rw-s 182a4f000 00:06 11833                     /dev/nvidiactl
7f608c070000-7f608c4a0000 r-xp 00000000 08:06 265442                     /usr/lib/x86_64-linux-gnu/libgtk-x11-2.0.so.0.2400.23
7f608c4a0000-7f608c69f000 ---p 00430000 08:06 265442                     /usr/lib/x86_64-linux-gnu/libgtk-x11-2.0.so.0.2400.23
7f608c69f000-7f608c6a6000 r--p 0042f000 08:06 265442                     /usr/lib/x86_64-linux-gnu/libgtk-x11-2.0.so.0.2400.23
7f608c6a6000-7f608c6aa000 rw-p 00436000 08:06 265442                     /usr/lib/x86_64-linux-gnu/libgtk-x11-2.0.so.0.2400.23
7f608c6aa000-7f608c6ad000 rw-p 00000000 00:00 0 
7f608c6b0000-7f608c6bc000 r-xp 00000000 08:06 10486192                   /usr/lib/jvm/jdk1.8.0_111/jre/lib/amd64/libprism_es2.so
7f608c6bc000-7f608c8bb000 ---p 0000c000 08:06 10486192                   /usr/lib/jvm/jdk1.8.0_111/jre/lib/amd64/libprism_es2.so
7f608c8bb000-7f608c8bc000 rw-p 0000b000 08:06 10486192                   /usr/lib/jvm/jdk1.8.0_111/jre/lib/amd64/libprism_es2.so
7f608c8be000-7f608c8c1000 ---p 00000000 00:00 0 
7f608c8c1000-7f608c9bf000 rw-p 00000000 00:00 0                          [stack:12636]
7f608c9bf000-7f608c9c0000 ---p 00000000 00:00 0 
7f608c9c0000-7f608cac0000 rw-p 00000000 00:00 0                          [stack:12610]
7f608cac0000-7f608cffe000 r--p 00000000 08:06 269140                     /usr/lib/locale/locale-archive
7f608d000000-7f608db90000 rwxp 00000000 00:00 0 
7f608db90000-7f609c000000 ---p 00000000 00:00 0 
7f609c000000-7f609c476000 rw-p 00000000 00:00 0 
7f609c476000-7f60a0000000 ---p 00000000 00:00 0 
7f60a0007000-7f60a0008000 rw-s 1828c7000 00:06 11833                     /dev/nvidiactl
7f60a000e000-7f60a0012000 rw-s 1606fe000 00:06 11833                     /dev/nvidiactl
7f60a0016000-7f60a0036000 rw-s 167d46000 00:06 11833                     /dev/nvidiactl
7f60a0050000-7f60a0056000 r--p 00000000 08:06 1314243                    /usr/share/locale-langpack/es/LC_MESSAGES/gdk-pixbuf.mo
7f60a0057000-7f60a005b000 r--s 00097000 08:06 10486124                   /usr/lib/jvm/jdk1.8.0_111/jre/lib/jsse.jar
7f60a005b000-7f60a00f1000 r--s 01103000 08:06 10486256                   /usr/lib/jvm/jdk1.8.0_111/jre/lib/ext/jfxrt.jar
7f60a00f2000-7f60a00f5000 ---p 00000000 00:00 0 
7f60a00f5000-7f60a01f3000 rw-p 00000000 00:00 0                          [stack:12609]
7f60a01f3000-7f60a01f6000 ---p 00000000 00:00 0 
7f60a01f6000-7f60a02f4000 rw-p 00000000 00:00 0                          [stack:12608]
7f60a02f4000-7f60a02f7000 ---p 00000000 00:00 0 
7f60a02f7000-7f60a03f5000 rw-p 00000000 00:00 0                          [stack:12607]
7f60a03f5000-7f60a03f8000 ---p 00000000 00:00 0 
7f60a03f8000-7f60a04f6000 rw-p 00000000 00:00 0                          [stack:12606]
7f60a04f6000-7f60a04f9000 ---p 00000000 00:00 0 
7f60a04f9000-7f60a05f7000 rw-p 00000000 00:00 0                          [stack:12605]
7f60a05f7000-7f60a05fa000 ---p 00000000 00:00 0 
7f60a05fa000-7f60a06f8000 rw-p 00000000 00:00 0                          [stack:12604]
7f60a06f8000-7f60a06f9000 ---p 00000000 00:00 0 
7f60a06f9000-7f60a1102000 rw-p 00000000 00:00 0                          [stack:12603]
7f60a1102000-7f60a12da000 r--s 03d2a000 08:06 10486172                   /usr/lib/jvm/jdk1.8.0_111/jre/lib/rt.jar
7f60a12df000-7f60a1f2d000 rw-p 00000000 00:00 0 
7f60a1f2d000-7f60a1f2e000 ---p 00000000 00:00 0 
7f60a1f2e000-7f60a202e000 rw-p 00000000 00:00 0                          [stack:12602]
7f60a202e000-7f60a202f000 ---p 00000000 00:00 0 
7f60a202f000-7f60a214d000 rw-p 00000000 00:00 0                          [stack:12601]
7f60a214d000-7f60a23bf000 ---p 00000000 00:00 0 
7f60a23bf000-7f60a23dd000 rw-p 00000000 00:00 0 
7f60a23dd000-7f60a264f000 ---p 00000000 00:00 0 
7f60a264f000-7f60a2673000 rw-p 00000000 00:00 0 
7f60a2673000-7f60a2797000 ---p 00000000 00:00 0 
7f60a2797000-7f60a27c7000 rw-p 00000000 00:00 0 
7f60a27c7000-7f60a2b58000 ---p 00000000 00:00 0 
7f60a2b58000-7f60a2b72000 r-xp 00000000 08:06 10486203                   /usr/lib/jvm/jdk1.8.0_111/jre/lib/amd64/libzip.so
7f60a2b72000-7f60a2d72000 ---p 0001a000 08:06 10486203                   /usr/lib/jvm/jdk1.8.0_111/jre/lib/amd64/libzip.so
7f60a2d72000-7f60a2d73000 rw-p 0001a000 08:06 10486203                   /usr/lib/jvm/jdk1.8.0_111/jre/lib/amd64/libzip.so
7f60a2d78000-7f60a2d83000 r-xp 00000000 08:06 11273355                   /lib/x86_64-linux-gnu/libnss_files-2.19.so
7f60a2d83000-7f60a2f82000 ---p 0000b000 08:06 11273355                   /lib/x86_64-linux-gnu/libnss_files-2.19.so
7f60a2f82000-7f60a2f83000 r--p 0000a000 08:06 11273355                   /lib/x86_64-linux-gnu/libnss_files-2.19.so
7f60a2f83000-7f60a2f84000 rw-p 0000b000 08:06 11273355                   /lib/x86_64-linux-gnu/libnss_files-2.19.so
7f60a2f88000-7f60a2f93000 r-xp 00000000 08:06 11273318                   /lib/x86_64-linux-gnu/libnss_nis-2.19.so
7f60a2f93000-7f60a3192000 ---p 0000b000 08:06 11273318                   /lib/x86_64-linux-gnu/libnss_nis-2.19.so
7f60a3192000-7f60a3193000 r--p 0000a000 08:06 11273318                   /lib/x86_64-linux-gnu/libnss_nis-2.19.so
7f60a3193000-7f60a3194000 rw-p 0000b000 08:06 11273318                   /lib/x86_64-linux-gnu/libnss_nis-2.19.so
7f60a3198000-7f60a31af000 r-xp 00000000 08:06 11273308                   /lib/x86_64-linux-gnu/libnsl-2.19.so
7f60a31af000-7f60a33ae000 ---p 00017000 08:06 11273308                   /lib/x86_64-linux-gnu/libnsl-2.19.so
7f60a33ae000-7f60a33af000 r--p 00016000 08:06 11273308                   /lib/x86_64-linux-gnu/libnsl-2.19.so
7f60a33af000-7f60a33b0000 rw-p 00017000 08:06 11273308                   /lib/x86_64-linux-gnu/libnsl-2.19.so
7f60a33b0000-7f60a33b2000 rw-p 00000000 00:00 0 
7f60a33b8000-7f60a33c1000 r-xp 00000000 08:06 11273302                   /lib/x86_64-linux-gnu/libnss_compat-2.19.so
7f60a33c1000-7f60a35c0000 ---p 00009000 08:06 11273302                   /lib/x86_64-linux-gnu/libnss_compat-2.19.so
7f60a35c0000-7f60a35c1000 r--p 00008000 08:06 11273302                   /lib/x86_64-linux-gnu/libnss_compat-2.19.so
7f60a35c1000-7f60a35c2000 rw-p 00009000 08:06 11273302                   /lib/x86_64-linux-gnu/libnss_compat-2.19.so
7f60a35c8000-7f60a35f3000 r-xp 00000000 08:06 10486230                   /usr/lib/jvm/jdk1.8.0_111/jre/lib/amd64/libjava.so
7f60a35f3000-7f60a37f2000 ---p 0002b000 08:06 10486230                   /usr/lib/jvm/jdk1.8.0_111/jre/lib/amd64/libjava.so
7f60a37f2000-7f60a37f4000 rw-p 0002a000 08:06 10486230                   /usr/lib/jvm/jdk1.8.0_111/jre/lib/amd64/libjava.so
7f60a37f8000-7f60a3805000 r-xp 00000000 08:06 10486181                   /usr/lib/jvm/jdk1.8.0_111/jre/lib/amd64/libverify.so
7f60a3805000-7f60a3a04000 ---p 0000d000 08:06 10486181                   /usr/lib/jvm/jdk1.8.0_111/jre/lib/amd64/libverify.so
7f60a3a04000-7f60a3a06000 rw-p 0000c000 08:06 10486181                   /usr/lib/jvm/jdk1.8.0_111/jre/lib/amd64/libverify.so
7f60a3a08000-7f60a3a0f000 r-xp 00000000 08:06 11273343                   /lib/x86_64-linux-gnu/librt-2.19.so
7f60a3a0f000-7f60a3c0e000 ---p 00007000 08:06 11273343                   /lib/x86_64-linux-gnu/librt-2.19.so
7f60a3c0e000-7f60a3c0f000 r--p 00006000 08:06 11273343                   /lib/x86_64-linux-gnu/librt-2.19.so
7f60a3c0f000-7f60a3c10000 rw-p 00007000 08:06 11273343                   /lib/x86_64-linux-gnu/librt-2.19.so
7f60a3c10000-7f60a3d15000 r-xp 00000000 08:06 11273293                   /lib/x86_64-linux-gnu/libm-2.19.so
7f60a3d15000-7f60a3f14000 ---p 00105000 08:06 11273293                   /lib/x86_64-linux-gnu/libm-2.19.so
7f60a3f14000-7f60a3f15000 r--p 00104000 08:06 11273293                   /lib/x86_64-linux-gnu/libm-2.19.so
7f60a3f15000-7f60a3f16000 rw-p 00105000 08:06 11273293                   /lib/x86_64-linux-gnu/libm-2.19.so
7f60a3f18000-7f60a4be5000 r-xp 00000000 08:06 10486234                   /usr/lib/jvm/jdk1.8.0_111/jre/lib/amd64/server/libjvm.so
7f60a4be5000-7f60a4de4000 ---p 00ccd000 08:06 10486234                   /usr/lib/jvm/jdk1.8.0_111/jre/lib/amd64/server/libjvm.so
7f60a4de4000-7f60a4ebd000 rw-p 00ccc000 08:06 10486234                   /usr/lib/jvm/jdk1.8.0_111/jre/lib/amd64/server/libjvm.so
7f60a4ebd000-7f60a4f08000 rw-p 00000000 00:00 0 
7f60a4f08000-7f60a50c3000 r-xp 00000000 08:06 11273344                   /lib/x86_64-linux-gnu/libc-2.19.so
7f60a50c3000-7f60a52c2000 ---p 001bb000 08:06 11273344                   /lib/x86_64-linux-gnu/libc-2.19.so
7f60a52c2000-7f60a52c6000 r--p 001ba000 08:06 11273344                   /lib/x86_64-linux-gnu/libc-2.19.so
7f60a52c6000-7f60a52c8000 rw-p 001be000 08:06 11273344                   /lib/x86_64-linux-gnu/libc-2.19.so
7f60a52c8000-7f60a52cd000 rw-p 00000000 00:00 0 
7f60a52d0000-7f60a52d3000 r-xp 00000000 08:06 11273295                   /lib/x86_64-linux-gnu/libdl-2.19.so
7f60a52d3000-7f60a54d2000 ---p 00003000 08:06 11273295                   /lib/x86_64-linux-gnu/libdl-2.19.so
7f60a54d2000-7f60a54d3000 r--p 00002000 08:06 11273295                   /lib/x86_64-linux-gnu/libdl-2.19.so
7f60a54d3000-7f60a54d4000 rw-p 00003000 08:06 11273295                   /lib/x86_64-linux-gnu/libdl-2.19.so
7f60a54d8000-7f60a54ed000 r-xp 00000000 08:06 10486219                   /usr/lib/jvm/jdk1.8.0_111/jre/lib/amd64/jli/libjli.so
7f60a54ed000-7f60a56ed000 ---p 00015000 08:06 10486219                   /usr/lib/jvm/jdk1.8.0_111/jre/lib/amd64/jli/libjli.so
7f60a56ed000-7f60a56ee000 rw-p 00015000 08:06 10486219                   /usr/lib/jvm/jdk1.8.0_111/jre/lib/amd64/jli/libjli.so
7f60a56f0000-7f60a5709000 r-xp 00000000 08:06 11273309                   /lib/x86_64-linux-gnu/libpthread-2.19.so
7f60a5709000-7f60a5908000 ---p 00019000 08:06 11273309                   /lib/x86_64-linux-gnu/libpthread-2.19.so
7f60a5908000-7f60a5909000 r--p 00018000 08:06 11273309                   /lib/x86_64-linux-gnu/libpthread-2.19.so
7f60a5909000-7f60a590a000 rw-p 00019000 08:06 11273309                   /lib/x86_64-linux-gnu/libpthread-2.19.so
7f60a590a000-7f60a590e000 rw-p 00000000 00:00 0 
7f60a5910000-7f60a5933000 r-xp 00000000 08:06 11273314                   /lib/x86_64-linux-gnu/ld-2.19.so
7f60a5936000-7f60a5937000 rw-s cfee6000 00:06 11834                      /dev/nvidia0
7f60a593e000-7f60a593f000 rw-s cfee6000 00:06 11834                      /dev/nvidia0
7f60a5941000-7f60a5942000 rw-s fd641000 00:06 11834                      /dev/nvidia0
7f60a5944000-7f60a5945000 rw-s 222edc000 00:06 11833                     /dev/nvidiactl
7f60a5948000-7f60a5949000 rw-s 182ab8000 00:06 11833                     /dev/nvidiactl
7f60a5950000-7f60a5951000 rw-s fd060000 00:06 11834                      /dev/nvidia0
7f60a5951000-7f60a5954000 rw-p 00000000 00:00 0 
7f60a5954000-7f60a5956000 r--s 00024000 08:06 10619549                   /home/xmbeat/NetBeansProjects/FingerprintLogin/dist/run1642887062/FingerprintLogin.jar
7f60a5956000-7f60a5a28000 rw-p 00000000 00:00 0 
7f60a5a28000-7f60a5a30000 rw-s 00000000 08:06 1185733                    /tmp/hsperfdata_xmbeat/12596
7f60a5a30000-7f60a5a31000 rw-p 00000000 00:00 0 
7f60a5a31000-7f60a5a34000 ---p 00000000 00:00 0 
7f60a5a34000-7f60a5b32000 rw-p 00000000 00:00 0                          [stack:12598]
7f60a5b32000-7f60a5b33000 r--p 00022000 08:06 11273314                   /lib/x86_64-linux-gnu/ld-2.19.so
7f60a5b33000-7f60a5b34000 rw-p 00023000 08:06 11273314                   /lib/x86_64-linux-gnu/ld-2.19.so
7f60a5b34000-7f60a5b35000 rw-p 00000000 00:00 0 
7f60a5b35000-7f60a5b36000 r--p 00000000 00:00 0 
7f60a5b36000-7f60a5b3c000 rw-p 00000000 00:00 0 
7fff4203c000-7fff4205d000 rw-p 00000000 00:00 0                          [stack]
7fff421a0000-7fff421a2000 r--p 00000000 00:00 0                          [vvar]
7fff421a2000-7fff421a4000 r-xp 00000000 00:00 0                          [vdso]
ffffffffff600000-ffffffffff601000 r-xp 00000000 00:00 0                  [vsyscall]

VM Arguments:
jvm_args: -Dfile.encoding=UTF-8 
java_command: /home/xmbeat/NetBeansProjects/FingerprintLogin/dist/run1642887062/FingerprintLogin.jar
java_class_path (initial): /home/xmbeat/NetBeansProjects/FingerprintLogin/dist/run1642887062/FingerprintLogin.jar
Launcher Type: SUN_STANDARD

Environment Variables:
PATH=/home/xmbeat/bin:/usr/local/sbin:/usr/local/bin:/usr/sbin:/usr/bin:/sbin:/bin:/usr/games:/usr/local/games
USERNAME=xmbeat
LD_LIBRARY_PATH=/usr/lib/jvm/jdk1.8.0_111/jre/lib/amd64:/usr/lib/jvm/jdk1.8.0_111/jre/lib/i386:
SHELL=/bin/bash
DISPLAY=:0

Signal Handlers:
SIGSEGV: [libjvm.so+0xac64b0], sa_mask[0]=11111111011111111101111111111110, sa_flags=SA_RESTART|SA_SIGINFO
SIGBUS: [libjvm.so+0xac64b0], sa_mask[0]=11111111011111111101111111111110, sa_flags=SA_RESTART|SA_SIGINFO
SIGFPE: [libjvm.so+0x91f950], sa_mask[0]=11111111011111111101111111111110, sa_flags=SA_RESTART|SA_SIGINFO
SIGPIPE: SIG_IGN, sa_mask[0]=00000000000000000000000000000000, sa_flags=none
SIGXFSZ: [libjvm.so+0x91f950], sa_mask[0]=11111111011111111101111111111110, sa_flags=SA_RESTART|SA_SIGINFO
SIGILL: [libjvm.so+0x91f950], sa_mask[0]=11111111011111111101111111111110, sa_flags=SA_RESTART|SA_SIGINFO
SIGUSR1: SIG_DFL, sa_mask[0]=00000000000000000000000000000000, sa_flags=none
SIGUSR2: [libjvm.so+0x920f80], sa_mask[0]=00100000000000000000000000000000, sa_flags=SA_RESTART|SA_SIGINFO
SIGHUP: [libjvm.so+0x922380], sa_mask[0]=11111111011111111101111111111110, sa_flags=SA_RESTART|SA_SIGINFO
SIGINT: SIG_IGN, sa_mask[0]=00000000000000000000000000000000, sa_flags=none
SIGTERM: [libjvm.so+0x922380], sa_mask[0]=11111111011111111101111111111110, sa_flags=SA_RESTART|SA_SIGINFO
SIGQUIT: [libjvm.so+0x922380], sa_mask[0]=11111111011111111101111111111110, sa_flags=SA_RESTART|SA_SIGINFO


---------------  S Y S T E M  ---------------

OS:DISTRIB_ID=LinuxMint
DISTRIB_RELEASE=17.3
DISTRIB_CODENAME=rosa
DISTRIB_DESCRIPTION="Linux Mint 17.3 Rosa"

uname:Linux 3.19.0-32-generic #37~14.04.1-Ubuntu SMP Thu Oct 22 09:41:40 UTC 2015 x86_64
libc:glibc 2.19 NPTL 2.19 
rlimit: STACK 8192k, CORE 0k, NPROC 31347, NOFILE 4096, AS infinity
load average:4.65 3.62 2.72

/proc/meminfo:
MemTotal:        8056656 kB
MemFree:         2034916 kB
MemAvailable:    4232008 kB
Buffers:          196980 kB
Cached:          2212660 kB
SwapCached:            0 kB
Active:          4158572 kB
Inactive:        1494616 kB
Active(anon):    3246964 kB
Inactive(anon):   108272 kB
Active(file):     911608 kB
Inactive(file):  1386344 kB
Unevictable:           0 kB
Mlocked:               0 kB
SwapTotal:       3998716 kB
SwapFree:        3998716 kB
Dirty:              3856 kB
Writeback:             0 kB
AnonPages:       3243552 kB
Mapped:           654436 kB
Shmem:            111684 kB
Slab:             169780 kB
SReclaimable:     136148 kB
SUnreclaim:        33632 kB
KernelStack:        9664 kB
PageTables:        39456 kB
NFS_Unstable:          0 kB
Bounce:                0 kB
WritebackTmp:          0 kB
CommitLimit:     8027044 kB
Committed_AS:    7185476 kB
VmallocTotal:   34359738367 kB
VmallocUsed:      320996 kB
VmallocChunk:   34359412860 kB
HardwareCorrupted:     0 kB
AnonHugePages:   1902592 kB
CmaTotal:              0 kB
CmaFree:               0 kB
HugePages_Total:       0
HugePages_Free:        0
HugePages_Rsvd:        0
HugePages_Surp:        0
Hugepagesize:       2048 kB
DirectMap4k:      282036 kB
DirectMap2M:     7004160 kB
DirectMap1G:     1048576 kB


CPU:total 2 (2 cores per cpu, 1 threads per core) family 21 model 19 stepping 1, cmov, cx8, fxsr, mmx, sse, sse2, sse3, ssse3, sse4.1, sse4.2, popcnt, avx, aes, clmul, mmxext, 3dnowpref, lzcnt, sse4a, tsc, tscinvbit, tscinv, bmi1

/proc/cpuinfo:
processor	: 0
vendor_id	: AuthenticAMD
cpu family	: 21
model		: 19
model name	: AMD A4-4000 APU with Radeon(tm) HD Graphics
stepping	: 1
microcode	: 0x6001119
cpu MHz		: 3000.000
cache size	: 1024 KB
physical id	: 0
siblings	: 2
core id		: 0
cpu cores	: 1
apicid		: 16
initial apicid	: 0
fpu		: yes
fpu_exception	: yes
cpuid level	: 13
wp		: yes
flags		: fpu vme de pse tsc msr pae mce cx8 apic sep mtrr pge mca cmov pat pse36 clflush mmx fxsr sse sse2 ht syscall nx mmxext fxsr_opt pdpe1gb rdtscp lm constant_tsc rep_good nopl nonstop_tsc extd_apicid aperfmperf pni pclmulqdq monitor ssse3 fma cx16 sse4_1 sse4_2 popcnt aes xsave avx f16c lahf_lm cmp_legacy svm extapic cr8_legacy abm sse4a misalignsse 3dnowprefetch osvw ibs xop skinit wdt lwp fma4 tce nodeid_msr tbm topoext perfctr_core perfctr_nb arat cpb hw_pstate npt lbrv svm_lock nrip_save tsc_scale vmcb_clean flushbyasid decodeassists pausefilter pfthreshold vmmcall bmi1
bugs		: fxsave_leak
bogomips	: 5988.89
TLB size	: 1536 4K pages
clflush size	: 64
cache_alignment	: 64
address sizes	: 48 bits physical, 48 bits virtual
power management: ts ttp tm 100mhzsteps hwpstate cpb eff_freq_ro

processor	: 1
vendor_id	: AuthenticAMD
cpu family	: 21
model		: 19
model name	: AMD A4-4000 APU with Radeon(tm) HD Graphics    
stepping	: 1
microcode	: 0x6001119
cpu MHz		: 3000.000
cache size	: 1024 KB
physical id	: 0
siblings	: 2
core id		: 1
cpu cores	: 1
apicid		: 17
initial apicid	: 1
fpu		: yes
fpu_exception	: yes
cpuid level	: 13
wp		: yes
flags		: fpu vme de pse tsc msr pae mce cx8 apic sep mtrr pge mca cmov pat pse36 clflush mmx fxsr sse sse2 ht syscall nx mmxext fxsr_opt pdpe1gb rdtscp lm constant_tsc rep_good nopl nonstop_tsc extd_apicid aperfmperf pni pclmulqdq monitor ssse3 fma cx16 sse4_1 sse4_2 popcnt aes xsave avx f16c lahf_lm cmp_legacy svm extapic cr8_legacy abm sse4a misalignsse 3dnowprefetch osvw ibs xop skinit wdt lwp fma4 tce nodeid_msr tbm topoext perfctr_core perfctr_nb arat cpb hw_pstate npt lbrv svm_lock nrip_save tsc_scale vmcb_clean flushbyasid decodeassists pausefilter pfthreshold vmmcall bmi1
bugs		: fxsave_leak
bogomips	: 5988.89
TLB size	: 1536 4K pages
clflush size	: 64
cache_alignment	: 64
address sizes	: 48 bits physical, 48 bits virtual
power management: ts ttp tm 100mhzsteps hwpstate cpb eff_freq_ro



Memory: 4k page, physical 8056656k(2034916k free), swap 3998716k(3998716k free)

vm_info: Java HotSpot(TM) 64-Bit Server VM (25.111-b14) for linux-amd64 JRE (1.8.0_111-b14), built on Sep 22 2016 16:14:03 by "java_re" with gcc 4.3.0 20080428 (Red Hat 4.3.0-8)

time: Mon Dec  5 22:50:42 2016
elapsed time: 18 seconds (0d 0h 0m 18s)

