#
# A fatal error has been detected by the Java Runtime Environment:
#
#  SIGSEGV (0xb) at pc=0x00007f02d00001c8, pid=19696, tid=0x00007f02c946e700
#
# JRE version: Java(TM) SE Runtime Environment (8.0_111-b14) (build 1.8.0_111-b14)
# Java VM: Java HotSpot(TM) 64-Bit Server VM (25.111-b14 mixed mode linux-amd64 compressed oops)
# Problematic frame:
# C  0x00007f02d00001c8
#
# Failed to write core dump. Core dumps have been disabled. To enable core dumping, try "ulimit -c unlimited" before starting Java again
#
# If you would like to submit a bug report, please visit:
#   http://bugreport.java.com/bugreport/crash.jsp
# The crash happened outside the Java Virtual Machine in native code.
# See problematic frame for where to report the bug.
#

---------------  T H R E A D  ---------------

Current thread (0x00007f02d4016800):  JavaThread "Thread-4" daemon [_thread_in_native, id=19922, stack(0x00007f02c936e000,0x00007f02c946f000)]

siginfo: si_signo: 11 (SIGSEGV), si_code: 2 (SEGV_ACCERR), si_addr: 0x00007f02d00001c8

Registers:
RAX=0x00007f02d00001c8, RBX=0x00007f02d015ca90, RCX=0x00007f02cb5263e8, RDX=0x00007f02cb526580
RSP=0x00007f02c946d828, RBP=0x00007f02d0000158, RSI=0x00007f02cb5263f5, RDI=0x00007f02d015ca90
R8 =0x00007f02cb5263e0, R9 =0x00000000000001eb, R10=0x00007f02c946d620, R11=0x00007f02cb4fcb50
R12=0x00007f02d04458f0, R13=0x00007f02ce613166, R14=0x00007f02c946d948, R15=0x00007f02d4016800
RIP=0x00007f02d00001c8, EFLAGS=0x0000000000010202, CSGSFS=0x0000000000000033, ERR=0x0000000000000015
  TRAPNO=0x000000000000000e

Top of Stack: (sp=0x00007f02c946d828)
0x00007f02c946d828:   00007f02cb4fcbb6 00007f02d015ca90
0x00007f02c946d838:   00007f032d0c2af0 00007f02c946d8b0
0x00007f02c946d848:   0000000000000000 00007f032d0c2af0
0x00007f02c946d858:   00007f02ce613cc2 00007f02c946d938
0x00007f02c946d868:   00007f02c946d940 00007f02c946d948
0x00007f02c946d878:   00007f02d40169f8 00007f02c946d8c0
0x00007f02c946d888:   00007f02d0180050 00007f02d0180058
0x00007f02c946d898:   0000000000000082 00007f02d015ca90
0x00007f02c946d8a8:   00007f02d04458f0 00007f02c946d918
0x00007f02c946d8b8:   00007f03190173f4 00007f02c946d918
0x00007f02c946d8c8:   00007f0319017187 00007f0319017142
0x00007f02c946d8d8:   00007f02c946d8d8 00007f032d0c2af0
0x00007f02c946d8e8:   00007f02c946d948 00007f032d0c4b30
0x00007f02c946d8f8:   0000000000000000 00007f032d0c2af0
0x00007f02c946d908:   0000000000000000 00007f02c946d938
0x00007f02c946d918:   00007f02c946d990 00007f0319007d00
0x00007f02c946d928:   0000000000000000 00007f0319011536
0x00007f02c946d938:   00000000d7584ed8 00000000d7235790
0x00007f02c946d948:   00000000d7235790 00007f02c946d950
0x00007f02c946d958:   00007f032d0c722b 00007f02c946d9d0
0x00007f02c946d968:   00007f02ce83a028 00007f02ce83b920
0x00007f02c946d978:   00007f032d0c74c0 00007f02c946d938
0x00007f02c946d988:   00007f02c946d9d0 00007f02c946da18
0x00007f02c946d998:   00007f0319008302 0000000000000000
0x00007f02c946d9a8:   0000000000000000 0000000000000000
0x00007f02c946d9b8:   0000000000000002 0000000000000000
0x00007f02c946d9c8:   00000000d7584ed8 00000000d723a6f8
0x00007f02c946d9d8:   00007f02c946d9d8 00007f032ca3294b
0x00007f02c946d9e8:   00007f02c946da28 00007f032cab9fd0
0x00007f02c946d9f8:   0000000000000000 00007f032ca32958
0x00007f02c946da08:   00007f02c946d9d0 00007f02c946da28
0x00007f02c946da18:   00007f02c946da90 00007f03190007a7 

Instructions: (pc=0x00007f02d00001c8)
0x00007f02d00001a8:   98 01 00 d0 02 7f 00 00 98 01 00 d0 02 7f 00 00
0x00007f02d00001b8:   a8 01 00 d0 02 7f 00 00 a8 01 00 d0 02 7f 00 00
0x00007f02d00001c8:   b8 01 00 d0 02 7f 00 00 b8 01 00 d0 02 7f 00 00
0x00007f02d00001d8:   c8 01 00 d0 02 7f 00 00 c8 01 00 d0 02 7f 00 00 

Register to memory mapping:

RAX=0x00007f02d00001c8 is an unknown value
RBX=0x00007f02d015ca90 is an unknown value
RCX=0x00007f02cb5263e8: <offset 0x363e8> in /usr/local/lib/libfprint.so.0 at 0x00007f02cb4f0000
RDX=0x00007f02cb526580: <offset 0x36580> in /usr/local/lib/libfprint.so.0 at 0x00007f02cb4f0000
RSP=0x00007f02c946d828 is pointing into the stack for thread: 0x00007f02d4016800
RBP=0x00007f02d0000158 is an unknown value
RSI=0x00007f02cb5263f5: <offset 0x363f5> in /usr/local/lib/libfprint.so.0 at 0x00007f02cb4f0000
RDI=0x00007f02d015ca90 is an unknown value
R8 =0x00007f02cb5263e0: <offset 0x363e0> in /usr/local/lib/libfprint.so.0 at 0x00007f02cb4f0000
R9 =0x00000000000001eb is an unknown value
R10=0x00007f02c946d620 is pointing into the stack for thread: 0x00007f02d4016800
R11=0x00007f02cb4fcb50: fp_async_capture_stop+0 in /usr/local/lib/libfprint.so.0 at 0x00007f02cb4f0000
R12=0x00007f02d04458f0 is an unknown value
R13=0x00007f02ce613166: <offset 0x3166> in /tmp/libfingerprint2624743003319850676.so at 0x00007f02ce610000
R14=0x00007f02c946d948 is pointing into the stack for thread: 0x00007f02d4016800
R15=0x00007f02d4016800 is a thread


Stack: [0x00007f02c936e000,0x00007f02c946f000],  sp=0x00007f02c946d828,  free space=1022k
Native frames: (J=compiled Java code, j=interpreted, Vv=VM code, C=native code)
C  0x00007f02d00001c8

Java frames: (J=compiled Java code, j=interpreted, Vv=VM code)
j  uaz.fingerprint.Reader.nativeStopCapture(Luaz/fingerprint/NativeReaderCallback;Ljava/lang/Object;)I+0
j  uaz.fingerprint.ReaderDispatcher.run()V+155
j  java.lang.Thread.run()V+11
v  ~StubRoutines::call_stub

---------------  P R O C E S S  ---------------

Java Threads: ( => current thread )
  0x00007f02d4019000 JavaThread "Thread-6" daemon [_thread_in_native, id=19994, stack(0x00007f02c88d7000,0x00007f02c89d8000)]
=>0x00007f02d4016800 JavaThread "Thread-4" daemon [_thread_in_native, id=19922, stack(0x00007f02c936e000,0x00007f02c946f000)]
  0x00007f02d036e000 JavaThread "Prism Font Disposer" daemon [_thread_blocked, id=19819, stack(0x00007f02dc55b000,0x00007f02dc65c000)]
  0x00007f032827f000 JavaThread "JavaFX-Launcher" [_thread_blocked, id=19739, stack(0x00007f02dda3d000,0x00007f02ddb3e000)]
  0x00007f032827b800 JavaThread "JavaFX Application Thread" [_thread_blocked, id=19738, stack(0x00007f02ddb3e000,0x00007f02ddc3f000)]
  0x00007f0328277800 JavaThread "Thread-1" daemon [_thread_blocked, id=19737, stack(0x00007f02ddc3f000,0x00007f02ddd40000)]
  0x00007f0328221000 JavaThread "QuantumRenderer-0" daemon [_thread_in_native, id=19723, stack(0x00007f0314232000,0x00007f0314333000)]
  0x00007f032814b000 JavaThread "Service Thread" daemon [_thread_blocked, id=19709, stack(0x00007f0314434000,0x00007f0314535000)]
  0x00007f032813e800 JavaThread "C1 CompilerThread1" daemon [_thread_blocked, id=19708, stack(0x00007f0314535000,0x00007f0314636000)]
  0x00007f032813b800 JavaThread "C2 CompilerThread0" daemon [_thread_in_native, id=19707, stack(0x00007f0314636000,0x00007f0314737000)]
  0x00007f032813a000 JavaThread "Signal Dispatcher" daemon [_thread_blocked, id=19706, stack(0x00007f0314737000,0x00007f0314838000)]
  0x00007f0328107000 JavaThread "Finalizer" daemon [_thread_blocked, id=19705, stack(0x00007f0314d7b000,0x00007f0314e7c000)]
  0x00007f0328102800 JavaThread "Reference Handler" daemon [_thread_blocked, id=19704, stack(0x00007f0314e7c000,0x00007f0314f7d000)]
  0x00007f032800a000 JavaThread "main" [_thread_blocked, id=19700, stack(0x00007f03310b5000,0x00007f03311b6000)]

Other Threads:
  0x00007f03280fa800 VMThread [stack: 0x00007f0314f7d000,0x00007f031507e000] [id=19703]
  0x00007f032814e800 WatcherThread [stack: 0x00007f0314333000,0x00007f0314434000] [id=19710]

VM state:not at safepoint (normal execution)

VM Mutex/Monitor currently owned by a thread: None

Heap:
 PSYoungGen      total 36864K, used 6074K [0x00000000d7000000, 0x00000000db800000, 0x0000000100000000)
  eden space 31744K, 19% used [0x00000000d7000000,0x00000000d75eebd0,0x00000000d8f00000)
  from space 5120K, 0% used [0x00000000d8f00000,0x00000000d8f00000,0x00000000d9400000)
  to   space 5120K, 0% used [0x00000000db300000,0x00000000db300000,0x00000000db800000)
 ParOldGen       total 65536K, used 11506K [0x0000000085000000, 0x0000000089000000, 0x00000000d7000000)
  object space 65536K, 17% used [0x0000000085000000,0x0000000085b3c820,0x0000000089000000)
 Metaspace       used 20795K, capacity 22290K, committed 22400K, reserved 1069056K
  class space    used 3064K, capacity 3368K, committed 3456K, reserved 1048576K

Card table byte_map: [0x00007f032da6f000,0x00007f032de48000] byte_map_base: 0x00007f032d647000

Marking Bits: (ParMarkBitMap*) 0x00007f033058b220
 Begin Bits: [0x00007f0315280000, 0x00007f0317140000)
 End Bits:   [0x00007f0317140000, 0x00007f0319000000)

Polling page: 0x00007f03311e0000

CodeCache: size=245760Kb used=9646Kb max_used=9646Kb free=236113Kb
 bounds [0x00007f0319000000, 0x00007f0319980000, 0x00007f0328000000]
 total_blobs=3923 nmethods=3257 adapters=580
 compilation: enabled

Compilation events (10 events):
Event: 10.773 Thread 0x00007f032813e800 3263       1       javafx.scene.input.MouseEvent::getSceneX (5 bytes)
Event: 10.773 Thread 0x00007f032813e800 nmethod 3263 0x00007f0319969650 code [0x00007f03199697a0, 0x00007f03199698b0]
Event: 10.773 Thread 0x00007f032813e800 3262       3       javafx.scene.Scene$MouseHandler::process (735 bytes)
Event: 10.784 Thread 0x00007f032813e800 nmethod 3262 0x00007f0319969910 code [0x00007f0319969ee0, 0x00007f031996e138]
Event: 10.784 Thread 0x00007f032813e800 3266       3       javafx.scene.layout.Region::snapPosition (14 bytes)
Event: 10.785 Thread 0x00007f032813e800 nmethod 3266 0x00007f031996fad0 code [0x00007f031996fc40, 0x00007f031996fe08]
Event: 10.785 Thread 0x00007f032813e800 3264       3       javafx.collections.FXCollections$UnmodifiableObservableListImpl::size (10 bytes)
Event: 10.785 Thread 0x00007f032813e800 nmethod 3264 0x00007f031996fe90 code [0x00007f0319970000, 0x00007f0319970228]
Event: 10.785 Thread 0x00007f032813e800 3265       3       com.sun.javafx.util.Utils::clamp (16 bytes)
Event: 10.785 Thread 0x00007f032813e800 nmethod 3265 0x00007f03199702d0 code [0x00007f0319970440, 0x00007f0319970610]

GC Heap History (8 events):
Event: 2.952 GC heap before
{Heap before GC invocations=1 (full 0):
 PSYoungGen      total 36864K, used 31692K [0x00000000d7000000, 0x00000000d9900000, 0x0000000100000000)
  eden space 31744K, 99% used [0x00000000d7000000,0x00000000d8ef3030,0x00000000d8f00000)
  from space 5120K, 0% used [0x00000000d9400000,0x00000000d9400000,0x00000000d9900000)
  to   space 5120K, 0% used [0x00000000d8f00000,0x00000000d8f00000,0x00000000d9400000)
 ParOldGen       total 84992K, used 0K [0x0000000085000000, 0x000000008a300000, 0x00000000d7000000)
  object space 84992K, 0% used [0x0000000085000000,0x0000000085000000,0x000000008a300000)
 Metaspace       used 11832K, capacity 12358K, committed 12544K, reserved 1060864K
  class space    used 1587K, capacity 1726K, committed 1792K, reserved 1048576K
Event: 2.965 GC heap after
Heap after GC invocations=1 (full 0):
 PSYoungGen      total 36864K, used 4209K [0x00000000d7000000, 0x00000000d9900000, 0x0000000100000000)
  eden space 31744K, 0% used [0x00000000d7000000,0x00000000d7000000,0x00000000d8f00000)
  from space 5120K, 82% used [0x00000000d8f00000,0x00000000d931c418,0x00000000d9400000)
  to   space 5120K, 0% used [0x00000000d9400000,0x00000000d9400000,0x00000000d9900000)
 ParOldGen       total 84992K, used 80K [0x0000000085000000, 0x000000008a300000, 0x00000000d7000000)
  object space 84992K, 0% used [0x0000000085000000,0x0000000085014010,0x000000008a300000)
 Metaspace       used 11832K, capacity 12358K, committed 12544K, reserved 1060864K
  class space    used 1587K, capacity 1726K, committed 1792K, reserved 1048576K
}
Event: 6.399 GC heap before
{Heap before GC invocations=2 (full 0):
 PSYoungGen      total 36864K, used 35510K [0x00000000d7000000, 0x00000000d9900000, 0x0000000100000000)
  eden space 31744K, 98% used [0x00000000d7000000,0x00000000d8e91648,0x00000000d8f00000)
  from space 5120K, 82% used [0x00000000d8f00000,0x00000000d931c418,0x00000000d9400000)
  to   space 5120K, 0% used [0x00000000d9400000,0x00000000d9400000,0x00000000d9900000)
 ParOldGen       total 84992K, used 80K [0x0000000085000000, 0x000000008a300000, 0x00000000d7000000)
  object space 84992K, 0% used [0x0000000085000000,0x0000000085014010,0x000000008a300000)
 Metaspace       used 19654K, capacity 21110K, committed 21248K, reserved 1067008K
  class space    used 2995K, capacity 3288K, committed 3328K, reserved 1048576K
Event: 6.434 GC heap after
Heap after GC invocations=2 (full 0):
 PSYoungGen      total 36864K, used 5102K [0x00000000d7000000, 0x00000000d9900000, 0x0000000100000000)
  eden space 31744K, 0% used [0x00000000d7000000,0x00000000d7000000,0x00000000d8f00000)
  from space 5120K, 99% used [0x00000000d9400000,0x00000000d98fbb68,0x00000000d9900000)
  to   space 5120K, 0% used [0x00000000d8f00000,0x00000000d8f00000,0x00000000d9400000)
 ParOldGen       total 84992K, used 5585K [0x0000000085000000, 0x000000008a300000, 0x00000000d7000000)
  object space 84992K, 6% used [0x0000000085000000,0x0000000085574440,0x000000008a300000)
 Metaspace       used 19654K, capacity 21110K, committed 21248K, reserved 1067008K
  class space    used 2995K, capacity 3288K, committed 3328K, reserved 1048576K
}
Event: 6.635 GC heap before
{Heap before GC invocations=3 (full 0):
 PSYoungGen      total 36864K, used 7581K [0x00000000d7000000, 0x00000000d9900000, 0x0000000100000000)
  eden space 31744K, 7% used [0x00000000d7000000,0x00000000d726bc58,0x00000000d8f00000)
  from space 5120K, 99% used [0x00000000d9400000,0x00000000d98fbb68,0x00000000d9900000)
  to   space 5120K, 0% used [0x00000000d8f00000,0x00000000d8f00000,0x00000000d9400000)
 ParOldGen       total 84992K, used 5585K [0x0000000085000000, 0x000000008a300000, 0x00000000d7000000)
  object space 84992K, 6% used [0x0000000085000000,0x0000000085574440,0x000000008a300000)
 Metaspace       used 19765K, capacity 21178K, committed 21248K, reserved 1067008K
  class space    used 3009K, capacity 3290K, committed 3328K, reserved 1048576K
Event: 6.656 GC heap after
Heap after GC invocations=3 (full 0):
 PSYoungGen      total 36864K, used 5117K [0x00000000d7000000, 0x00000000db800000, 0x0000000100000000)
  eden space 31744K, 0% used [0x00000000d7000000,0x00000000d7000000,0x00000000d8f00000)
  from space 5120K, 99% used [0x00000000d8f00000,0x00000000d93ff7b0,0x00000000d9400000)
  to   space 5120K, 0% used [0x00000000db300000,0x00000000db300000,0x00000000db800000)
 ParOldGen       total 84992K, used 6625K [0x0000000085000000, 0x000000008a300000, 0x00000000d7000000)
  object space 84992K, 7% used [0x0000000085000000,0x0000000085678450,0x000000008a300000)
 Metaspace       used 19765K, capacity 21178K, committed 21248K, reserved 1067008K
  class space    used 3009K, capacity 3290K, committed 3328K, reserved 1048576K
}
Event: 6.656 GC heap before
{Heap before GC invocations=4 (full 1):
 PSYoungGen      total 36864K, used 5117K [0x00000000d7000000, 0x00000000db800000, 0x0000000100000000)
  eden space 31744K, 0% used [0x00000000d7000000,0x00000000d7000000,0x00000000d8f00000)
  from space 5120K, 99% used [0x00000000d8f00000,0x00000000d93ff7b0,0x00000000d9400000)
  to   space 5120K, 0% used [0x00000000db300000,0x00000000db300000,0x00000000db800000)
 ParOldGen       total 84992K, used 6625K [0x0000000085000000, 0x000000008a300000, 0x00000000d7000000)
  object space 84992K, 7% used [0x0000000085000000,0x0000000085678450,0x000000008a300000)
 Metaspace       used 19765K, capacity 21178K, committed 21248K, reserved 1067008K
  class space    used 3009K, capacity 3290K, committed 3328K, reserved 1048576K
Event: 6.890 GC heap after
Heap after GC invocations=4 (full 1):
 PSYoungGen      total 36864K, used 0K [0x00000000d7000000, 0x00000000db800000, 0x0000000100000000)
  eden space 31744K, 0% used [0x00000000d7000000,0x00000000d7000000,0x00000000d8f00000)
  from space 5120K, 0% used [0x00000000d8f00000,0x00000000d8f00000,0x00000000d9400000)
  to   space 5120K, 0% used [0x00000000db300000,0x00000000db300000,0x00000000db800000)
 ParOldGen       total 65536K, used 11506K [0x0000000085000000, 0x0000000089000000, 0x00000000d7000000)
  object space 65536K, 17% used [0x0000000085000000,0x0000000085b3c820,0x0000000089000000)
 Metaspace       used 19765K, capacity 21178K, committed 21248K, reserved 1067008K
  class space    used 3009K, capacity 3290K, committed 3328K, reserved 1048576K
}

Deoptimization events (10 events):
Event: 9.100 Thread 0x00007f032827b800 Uncommon trap: reason=bimorphic action=maybe_recompile pc=0x00007f03197cfc38 method=javafx.scene.Node.updateLocalToParentTransform()V @ 11
Event: 9.102 Thread 0x00007f032827b800 Uncommon trap: reason=bimorphic action=maybe_recompile pc=0x00007f03197cfc38 method=javafx.scene.Node.updateLocalToParentTransform()V @ 11
Event: 9.173 Thread 0x00007f0328221000 Uncommon trap: reason=unstable_if action=reinterpret pc=0x00007f03196620e4 method=com.sun.javafx.geom.RectBounds.isEmpty()Z @ 21
Event: 9.179 Thread 0x00007f0328221000 Uncommon trap: reason=unstable_if action=reinterpret pc=0x00007f031989ba54 method=com.sun.prism.es2.GLContext.updateViewportAndDepthTest(IIIIZ)V @ 30
Event: 9.749 Thread 0x00007f02d4016800 Uncommon trap: reason=unstable_if action=reinterpret pc=0x00007f0319880040 method=java.util.PriorityQueue.poll()Ljava/lang/Object; @ 4
Event: 9.798 Thread 0x00007f032827b800 Uncommon trap: reason=null_check action=make_not_entrant pc=0x00007f0319905e6c method=javafx.scene.Node$MiscProperties.getClip()Ljavafx/scene/Node; @ 20
Event: 9.798 Thread 0x00007f032827b800 Uncommon trap: reason=bimorphic action=maybe_recompile pc=0x00007f03197cfc38 method=javafx.scene.Node.updateLocalToParentTransform()V @ 11
Event: 9.817 Thread 0x00007f032827b800 Uncommon trap: reason=null_check action=make_not_entrant pc=0x00007f03198d1764 method=javafx.scene.Node$MiscProperties.getClip()Ljavafx/scene/Node; @ 20
Event: 10.786 Thread 0x00007f02d4016800 Uncommon trap: reason=unstable_if action=reinterpret pc=0x00007f0319935cac method=uaz.fingerprint.ReaderDispatcher.run()V @ 612
Event: 10.786 Thread 0x00007f02d4016800 Uncommon trap: reason=unstable_if action=reinterpret pc=0x00007f0319835b94 method=java.util.PriorityQueue.poll()Ljava/lang/Object; @ 4

Internal exceptions (10 events):
Event: 2.316 Thread 0x00007f032827b800 Exception <a 'java/lang/ArrayIndexOutOfBoundsException'> (0x00000000d872c680) thrown at [/HUDSON3/workspace/8-2-build-linux-amd64/jdk8u111/7883/hotspot/src/share/vm/runtime/sharedRuntime.cpp, line 605]
Event: 2.369 Thread 0x00007f032827b800 Exception <a 'java/lang/ArrayIndexOutOfBoundsException'> (0x00000000d8893440) thrown at [/HUDSON3/workspace/8-2-build-linux-amd64/jdk8u111/7883/hotspot/src/share/vm/runtime/sharedRuntime.cpp, line 605]
Event: 2.392 Thread 0x00007f032827b800 Exception <a 'java/lang/ArrayIndexOutOfBoundsException'> (0x00000000d8994b38) thrown at [/HUDSON3/workspace/8-2-build-linux-amd64/jdk8u111/7883/hotspot/src/share/vm/runtime/sharedRuntime.cpp, line 605]
Event: 2.566 Thread 0x00007f032827b800 Exception <a 'java/lang/ArrayIndexOutOfBoundsException'> (0x00000000d8b9d4a8) thrown at [/HUDSON3/workspace/8-2-build-linux-amd64/jdk8u111/7883/hotspot/src/share/vm/runtime/sharedRuntime.cpp, line 605]
Event: 2.930 Thread 0x00007f032827b800 Exception <a 'java/lang/ArrayIndexOutOfBoundsException'> (0x00000000d8e68840) thrown at [/HUDSON3/workspace/8-2-build-linux-amd64/jdk8u111/7883/hotspot/src/share/vm/runtime/sharedRuntime.cpp, line 605]
Event: 3.913 Thread 0x00007f032827b800 Implicit null exception at 0x00007f031927e1f5 to 0x00007f031927e411
Event: 3.913 Thread 0x00007f032827b800 Implicit null exception at 0x00007f03193cbd3b to 0x00007f03193cc58d
Event: 4.850 Thread 0x00007f032827b800 Implicit null exception at 0x00007f031947dbd0 to 0x00007f031947e0d5
Event: 9.798 Thread 0x00007f032827b800 Implicit null exception at 0x00007f0319903f2a to 0x00007f0319905e5d
Event: 9.817 Thread 0x00007f032827b800 Implicit null exception at 0x00007f03198d1707 to 0x00007f03198d1759

Events (10 events):
Event: 9.817 Thread 0x00007f032827b800 DEOPT UNPACKING pc=0x00007f0319005229 sp=0x00007f02ddc3bcc0 mode 2
Event: 10.040 Thread 0x00007f02d4016800 DEOPT PACKING pc=0x00007f0319911a4b sp=0x00007f02c946d930
Event: 10.040 Thread 0x00007f02d4016800 DEOPT UNPACKING pc=0x00007f0319047233 sp=0x00007f02c946d6b0 mode 0
Event: 10.776 Thread 0x00007f02d0465000 Thread added: 0x00007f02d0465000
Event: 10.786 Thread 0x00007f02d4016800 Uncommon trap: trap_request=0xffffff65 fr.pc=0x00007f0319935cac
Event: 10.786 Thread 0x00007f02d4016800 DEOPT PACKING pc=0x00007f0319935cac sp=0x00007f02c946d970
Event: 10.786 Thread 0x00007f02d4016800 DEOPT UNPACKING pc=0x00007f0319005229 sp=0x00007f02c946d938 mode 2
Event: 10.786 Thread 0x00007f02d4016800 Uncommon trap: trap_request=0xffffff65 fr.pc=0x00007f0319835b94
Event: 10.786 Thread 0x00007f02d4016800 DEOPT PACKING pc=0x00007f0319835b94 sp=0x00007f02c946d900
Event: 10.786 Thread 0x00007f02d4016800 DEOPT UNPACKING pc=0x00007f0319005229 sp=0x00007f02c946d848 mode 2


Dynamic libraries:
00400000-00401000 r-xp 00000000 08:06 10486455                           /usr/lib/jvm/jdk1.8.0_111/jre/bin/java
00600000-00601000 rw-p 00000000 08:06 10486455                           /usr/lib/jvm/jdk1.8.0_111/jre/bin/java
0232d000-0234e000 rw-p 00000000 00:00 0                                  [heap]
40540000-40542000 r-xs 00000000 08:06 131095                             /tmp/.gl0cRaEC (deleted)
41e19000-41eb8000 rw-p 00000000 00:00 0 
85000000-89000000 rw-p 00000000 00:00 0 
89000000-d7000000 ---p 00000000 00:00 0 
d7000000-db800000 rw-p 00000000 00:00 0 
db800000-100000000 ---p 00000000 00:00 0 
100000000-100360000 rw-p 00000000 00:00 0 
100360000-140000000 ---p 00000000 00:00 0 
7f02c88d7000-7f02c88da000 ---p 00000000 00:00 0 
7f02c88da000-7f02c89d8000 rw-p 00000000 00:00 0                          [stack:19994]
7f02c89d8000-7f02c8ad8000 rw-s 00000000 00:05 5734444                    /SYSV00000000 (deleted)
7f02c8ada000-7f02c8bda000 rw-s 3da52000 00:06 11833                      /dev/nvidiactl
7f02c8be0000-7f02c8c5b000 r-xp 00000000 08:06 794106                     /usr/lib/x86_64-linux-gnu/nss/libfreebl3.so
7f02c8c5b000-7f02c8e5a000 ---p 0007b000 08:06 794106                     /usr/lib/x86_64-linux-gnu/nss/libfreebl3.so
7f02c8e5a000-7f02c8e5c000 r--p 0007a000 08:06 794106                     /usr/lib/x86_64-linux-gnu/nss/libfreebl3.so
7f02c8e5c000-7f02c8e5d000 rw-p 0007c000 08:06 794106                     /usr/lib/x86_64-linux-gnu/nss/libfreebl3.so
7f02c8e5d000-7f02c8e61000 rw-p 00000000 00:00 0 
7f02c8e68000-7f02c8f1c000 r-xp 00000000 08:06 271632                     /usr/lib/x86_64-linux-gnu/libsqlite3.so.0.8.6
7f02c8f1c000-7f02c911c000 ---p 000b4000 08:06 271632                     /usr/lib/x86_64-linux-gnu/libsqlite3.so.0.8.6
7f02c911c000-7f02c911e000 r--p 000b4000 08:06 271632                     /usr/lib/x86_64-linux-gnu/libsqlite3.so.0.8.6
7f02c911e000-7f02c9120000 rw-p 000b6000 08:06 271632                     /usr/lib/x86_64-linux-gnu/libsqlite3.so.0.8.6
7f02c9120000-7f02c9121000 rw-p 00000000 00:00 0 
7f02c9128000-7f02c9169000 r-xp 00000000 08:06 794105                     /usr/lib/x86_64-linux-gnu/nss/libsoftokn3.so
7f02c9169000-7f02c9368000 ---p 00041000 08:06 794105                     /usr/lib/x86_64-linux-gnu/nss/libsoftokn3.so
7f02c9368000-7f02c9369000 r--p 00040000 08:06 794105                     /usr/lib/x86_64-linux-gnu/nss/libsoftokn3.so
7f02c9369000-7f02c936a000 rw-p 00041000 08:06 794105                     /usr/lib/x86_64-linux-gnu/nss/libsoftokn3.so
7f02c936e000-7f02c9371000 ---p 00000000 00:00 0 
7f02c9371000-7f02c946f000 rw-p 00000000 00:00 0                          [stack:19922]
7f02c946f000-7f02c9470000 ---p 00000000 00:00 0 
7f02c9470000-7f02c9c70000 rw-p 00000000 00:00 0                          [stack:19921]
7f02c9c70000-7f02c9cb4000 r-xp 00000000 08:06 11276542                   /lib/x86_64-linux-gnu/libdbus-1.so.3.7.6
7f02c9cb4000-7f02c9eb3000 ---p 00044000 08:06 11276542                   /lib/x86_64-linux-gnu/libdbus-1.so.3.7.6
7f02c9eb3000-7f02c9eb4000 r--p 00043000 08:06 11276542                   /lib/x86_64-linux-gnu/libdbus-1.so.3.7.6
7f02c9eb4000-7f02c9eb5000 rw-p 00044000 08:06 11276542                   /lib/x86_64-linux-gnu/libdbus-1.so.3.7.6
7f02c9eb8000-7f02c9ec0000 r-xp 00000000 08:06 11276591                   /lib/x86_64-linux-gnu/libnih-dbus.so.1.0.0
7f02c9ec0000-7f02ca0c0000 ---p 00008000 08:06 11276591                   /lib/x86_64-linux-gnu/libnih-dbus.so.1.0.0
7f02ca0c0000-7f02ca0c1000 r--p 00008000 08:06 11276591                   /lib/x86_64-linux-gnu/libnih-dbus.so.1.0.0
7f02ca0c1000-7f02ca0c2000 rw-p 00009000 08:06 11276591                   /lib/x86_64-linux-gnu/libnih-dbus.so.1.0.0
7f02ca0c8000-7f02ca0df000 r-xp 00000000 08:06 11276593                   /lib/x86_64-linux-gnu/libnih.so.1.0.0
7f02ca0df000-7f02ca2de000 ---p 00017000 08:06 11276593                   /lib/x86_64-linux-gnu/libnih.so.1.0.0
7f02ca2de000-7f02ca2df000 r--p 00016000 08:06 11276593                   /lib/x86_64-linux-gnu/libnih.so.1.0.0
7f02ca2df000-7f02ca2e0000 rw-p 00017000 08:06 11276593                   /lib/x86_64-linux-gnu/libnih.so.1.0.0
7f02ca2e0000-7f02ca2f9000 r-xp 00000000 08:06 11276533                   /lib/x86_64-linux-gnu/libcgmanager.so.0.0.0
7f02ca2f9000-7f02ca4f8000 ---p 00019000 08:06 11276533                   /lib/x86_64-linux-gnu/libcgmanager.so.0.0.0
7f02ca4f8000-7f02ca4fa000 r--p 00018000 08:06 11276533                   /lib/x86_64-linux-gnu/libcgmanager.so.0.0.0
7f02ca4fa000-7f02ca4fb000 rw-p 0001a000 08:06 11276533                   /lib/x86_64-linux-gnu/libcgmanager.so.0.0.0
7f02ca500000-7f02ca539000 r-xp 00000000 08:06 268901                     /usr/lib/x86_64-linux-gnu/libnspr4.so
7f02ca539000-7f02ca738000 ---p 00039000 08:06 268901                     /usr/lib/x86_64-linux-gnu/libnspr4.so
7f02ca738000-7f02ca739000 r--p 00038000 08:06 268901                     /usr/lib/x86_64-linux-gnu/libnspr4.so
7f02ca739000-7f02ca73a000 rw-p 00039000 08:06 268901                     /usr/lib/x86_64-linux-gnu/libnspr4.so
7f02ca73a000-7f02ca73d000 rw-p 00000000 00:00 0 
7f02ca740000-7f02ca743000 r-xp 00000000 08:06 268900                     /usr/lib/x86_64-linux-gnu/libplds4.so
7f02ca743000-7f02ca942000 ---p 00003000 08:06 268900                     /usr/lib/x86_64-linux-gnu/libplds4.so
7f02ca942000-7f02ca943000 r--p 00002000 08:06 268900                     /usr/lib/x86_64-linux-gnu/libplds4.so
7f02ca943000-7f02ca944000 rw-p 00003000 08:06 268900                     /usr/lib/x86_64-linux-gnu/libplds4.so
7f02ca948000-7f02ca94c000 r-xp 00000000 08:06 268861                     /usr/lib/x86_64-linux-gnu/libplc4.so
7f02ca94c000-7f02cab4b000 ---p 00004000 08:06 268861                     /usr/lib/x86_64-linux-gnu/libplc4.so
7f02cab4b000-7f02cab4c000 r--p 00003000 08:06 268861                     /usr/lib/x86_64-linux-gnu/libplc4.so
7f02cab4c000-7f02cab4d000 rw-p 00004000 08:06 268861                     /usr/lib/x86_64-linux-gnu/libplc4.so
7f02cab50000-7f02cab75000 r-xp 00000000 08:06 268074                     /usr/lib/x86_64-linux-gnu/libnssutil3.so
7f02cab75000-7f02cad75000 ---p 00025000 08:06 268074                     /usr/lib/x86_64-linux-gnu/libnssutil3.so
7f02cad75000-7f02cad7b000 r--p 00025000 08:06 268074                     /usr/lib/x86_64-linux-gnu/libnssutil3.so
7f02cad7b000-7f02cad7c000 rw-p 0002b000 08:06 268074                     /usr/lib/x86_64-linux-gnu/libnssutil3.so
7f02cad80000-7f02cad90000 r-xp 00000000 08:06 11276675                   /lib/x86_64-linux-gnu/libudev.so.1.3.5
7f02cad90000-7f02caf8f000 ---p 00010000 08:06 11276675                   /lib/x86_64-linux-gnu/libudev.so.1.3.5
7f02caf8f000-7f02caf90000 r--p 0000f000 08:06 11276675                   /lib/x86_64-linux-gnu/libudev.so.1.3.5
7f02caf90000-7f02caf91000 rw-p 00010000 08:06 11276675                   /lib/x86_64-linux-gnu/libudev.so.1.3.5
7f02caf98000-7f02cb0cd000 r-xp 00000000 08:06 268076                     /usr/lib/x86_64-linux-gnu/libnss3.so
7f02cb0cd000-7f02cb2cc000 ---p 00135000 08:06 268076                     /usr/lib/x86_64-linux-gnu/libnss3.so
7f02cb2cc000-7f02cb2d1000 r--p 00134000 08:06 268076                     /usr/lib/x86_64-linux-gnu/libnss3.so
7f02cb2d1000-7f02cb2d3000 rw-p 00139000 08:06 268076                     /usr/lib/x86_64-linux-gnu/libnss3.so
7f02cb2d3000-7f02cb2d4000 rw-p 00000000 00:00 0 
7f02cb2d8000-7f02cb2ed000 r-xp 00000000 08:06 11276681                   /lib/x86_64-linux-gnu/libusb-1.0.so.0.1.0
7f02cb2ed000-7f02cb4ed000 ---p 00015000 08:06 11276681                   /lib/x86_64-linux-gnu/libusb-1.0.so.0.1.0
7f02cb4ed000-7f02cb4ee000 r--p 00015000 08:06 11276681                   /lib/x86_64-linux-gnu/libusb-1.0.so.0.1.0
7f02cb4ee000-7f02cb4ef000 rw-p 00016000 08:06 11276681                   /lib/x86_64-linux-gnu/libusb-1.0.so.0.1.0
7f02cb4f0000-7f02cb547000 r-xp 00000000 08:06 787714                     /usr/local/lib/libfprint.so.0.0.0
7f02cb547000-7f02cb746000 ---p 00057000 08:06 787714                     /usr/local/lib/libfprint.so.0.0.0
7f02cb746000-7f02cb747000 r--p 00056000 08:06 787714                     /usr/local/lib/libfprint.so.0.0.0
7f02cb747000-7f02cb758000 rw-p 00057000 08:06 787714                     /usr/local/lib/libfprint.so.0.0.0
7f02cb758000-7f02ce609000 rw-p 00000000 00:00 0 
7f02ce610000-7f02ce616000 r-xp 00000000 08:06 131113                     /tmp/libfingerprint2624743003319850676.so
7f02ce616000-7f02ce815000 ---p 00006000 08:06 131113                     /tmp/libfingerprint2624743003319850676.so
7f02ce815000-7f02ce816000 r--p 00005000 08:06 131113                     /tmp/libfingerprint2624743003319850676.so
7f02ce816000-7f02ce817000 rw-p 00006000 08:06 131113                     /tmp/libfingerprint2624743003319850676.so
7f02ce81a000-7f02ce89a000 rw-p 00000000 00:00 0 
7f02ce89a000-7f02cea1a000 ---p 00000000 00:00 0 
7f02cea1a000-7f02cec1a000 rw-s 3d96a000 00:06 11833                      /dev/nvidiactl
7f02cec21000-7f02cf021000 rw-s 43ec1000 00:06 11833                      /dev/nvidiactl
7f02cf022000-7f02cf2b7000 rw-p 00000000 00:00 0 
7f02cf2b7000-7f02cf4b7000 rw-s 1828c7000 00:06 11833                     /dev/nvidiactl
7f02cf4ba000-7f02cff50000 rw-p 00000000 00:00 0 
7f02cff50000-7f02cfffa000 r--p 00000000 08:06 1445411                    /usr/share/fonts/truetype/dejavu/DejaVuSans-Bold.ttf
7f02d0000000-7f02d0467000 rw-p 00000000 00:00 0 
7f02d0467000-7f02d4000000 ---p 00000000 00:00 0 
7f02d4000000-7f02d4028000 rw-p 00000000 00:00 0 
7f02d4028000-7f02d8000000 ---p 00000000 00:00 0 
7f02d8000000-7f02d8021000 rw-p 00000000 00:00 0 
7f02d8021000-7f02dc000000 ---p 00000000 00:00 0 
7f02dc08d000-7f02dc28d000 rw-p 00000000 00:00 0 
7f02dc28d000-7f02dc2a0000 r--s 00345000 08:06 10486404                   /usr/lib/jvm/jdk1.8.0_111/jre/lib/resources.jar
7f02dc2a0000-7f02dc4a0000 rw-p 00000000 00:00 0 
7f02dc4a0000-7f02dc556000 r--p 00000000 08:06 1445415                    /usr/share/fonts/truetype/dejavu/DejaVuSans.ttf
7f02dc55b000-7f02dc55e000 ---p 00000000 00:00 0 
7f02dc55e000-7f02dc65c000 rw-p 00000000 00:00 0                          [stack:19819]
7f02dc65c000-7f02dc661000 r--s 00084000 08:06 10486279                   /usr/lib/jvm/jdk1.8.0_111/jre/lib/jfr.jar
7f02dc668000-7f02dc697000 r-xp 00000000 08:06 788682                     /usr/lib/x86_64-linux-gnu/gtk-2.0/2.10.0/engines/libmurrine.so
7f02dc697000-7f02dc897000 ---p 0002f000 08:06 788682                     /usr/lib/x86_64-linux-gnu/gtk-2.0/2.10.0/engines/libmurrine.so
7f02dc897000-7f02dc898000 r--p 0002f000 08:06 788682                     /usr/lib/x86_64-linux-gnu/gtk-2.0/2.10.0/engines/libmurrine.so
7f02dc898000-7f02dc899000 rw-p 00030000 08:06 788682                     /usr/lib/x86_64-linux-gnu/gtk-2.0/2.10.0/engines/libmurrine.so
7f02dc8a0000-7f02dc8a9000 r-xp 00000000 08:06 787773                     /usr/lib/x86_64-linux-gnu/gtk-2.0/2.10.0/engines/libpixmap.so
7f02dc8a9000-7f02dcaa9000 ---p 00009000 08:06 787773                     /usr/lib/x86_64-linux-gnu/gtk-2.0/2.10.0/engines/libpixmap.so
7f02dcaa9000-7f02dcaaa000 r--p 00009000 08:06 787773                     /usr/lib/x86_64-linux-gnu/gtk-2.0/2.10.0/engines/libpixmap.so
7f02dcaaa000-7f02dcaab000 rw-p 0000a000 08:06 787773                     /usr/lib/x86_64-linux-gnu/gtk-2.0/2.10.0/engines/libpixmap.so
7f02dcab0000-7f02dccb0000 rw-p 00000000 00:00 0 
7f02dccb0000-7f02dceb0000 rw-p 00000000 00:00 0 
7f02dceb0000-7f02dcf5b000 r--p 00000000 08:06 10486268                   /usr/lib/jvm/jdk1.8.0_111/jre/lib/fonts/LucidaSansRegular.ttf
7f02dcf60000-7f02dcf9a000 r--p 00000000 08:06 10486270                   /usr/lib/jvm/jdk1.8.0_111/jre/lib/fonts/LucidaTypewriterBold.ttf
7f02dcfa0000-7f02dcfb3000 r--p 00000000 08:06 10486276                   /usr/lib/jvm/jdk1.8.0_111/jre/lib/fonts/LucidaBrightDemiItalic.ttf
7f02dcfb8000-7f02dd006000 r--p 00000000 08:06 10486275                   /usr/lib/jvm/jdk1.8.0_111/jre/lib/fonts/LucidaSansDemiBold.ttf
7f02dd008000-7f02dd044000 r--p 00000000 08:06 10486274                   /usr/lib/jvm/jdk1.8.0_111/jre/lib/fonts/LucidaTypewriterRegular.ttf
7f02dd048000-7f02dd09d000 r--p 00000000 08:06 10486271                   /usr/lib/jvm/jdk1.8.0_111/jre/lib/fonts/LucidaBrightRegular.ttf
7f02dd0a0000-7f02dd0b4000 r--p 00000000 08:06 10486272                   /usr/lib/jvm/jdk1.8.0_111/jre/lib/fonts/LucidaBrightItalic.ttf
7f02dd0b8000-7f02dd0cb000 r--p 00000000 08:06 10486269                   /usr/lib/jvm/jdk1.8.0_111/jre/lib/fonts/LucidaBrightDemiBold.ttf
7f02dd0d0000-7f02dd0d4000 r-xp 00000000 08:06 10486217                   /usr/lib/jvm/jdk1.8.0_111/jre/lib/amd64/libjavafx_font_pango.so
7f02dd0d4000-7f02dd2d3000 ---p 00004000 08:06 10486217                   /usr/lib/jvm/jdk1.8.0_111/jre/lib/amd64/libjavafx_font_pango.so
7f02dd2d3000-7f02dd2d4000 rw-p 00003000 08:06 10486217                   /usr/lib/jvm/jdk1.8.0_111/jre/lib/amd64/libjavafx_font_pango.so
7f02dd2d8000-7f02dd2d9000 r--s 00000000 08:06 3801416                    /var/cache/fontconfig/c05880de57d1f5e948fdfacc138775d9-le64.cache-4
7f02dd2e0000-7f02dd2eb000 r--s 00000000 08:06 3801409                    /var/cache/fontconfig/945677eb7aeaf62f1d50efc3fb3ec7d8-le64.cache-4
7f02dd2f0000-7f02dd2f2000 r--s 00000000 08:06 3801411                    /var/cache/fontconfig/99e8ed0e538f840c565b6ed5dad60d56-le64.cache-4
7f02dd2f8000-7f02dd2fe000 r--s 00000000 08:06 3801393                    /var/cache/fontconfig/2cd17615ca594fa2959ae173292e504c-le64.cache-4
7f02dd300000-7f02dd301000 r--s 00000000 08:06 3801427                    /var/cache/fontconfig/e7071f4a29fa870f4323321c154eba04-le64.cache-4
7f02dd308000-7f02dd309000 r--s 00000000 08:06 3801390                    /var/cache/fontconfig/0d8c3b2ac0904cb8a57a757ad11a4a08-le64.cache-4
7f02dd310000-7f02dd317000 r--s 00000000 08:06 3801413                    /var/cache/fontconfig/a755afe4a08bf5b97852ceb7400b47bc-le64.cache-4
7f02dd318000-7f02dd324000 r--s 00000000 08:06 3801404                    /var/cache/fontconfig/6d41288fd70b0be22e8c3a91e032eec0-le64.cache-4
7f02dd328000-7f02dd33c000 r--s 00000000 08:06 3801387                    /var/cache/fontconfig/04aabc0a78ac019cf9454389977116d2-le64.cache-4
7f02dd340000-7f02dd341000 r--s 00000000 08:06 3801392                    /var/cache/fontconfig/1ac9eb803944fde146138c791f5cc56a-le64.cache-4
7f02dd348000-7f02dd34c000 r--s 00000000 08:06 3801396                    /var/cache/fontconfig/385c0604a188198f04d133e54aba7fe7-le64.cache-4
7f02dd350000-7f02dd351000 r--s 00000000 08:06 3801424                    /var/cache/fontconfig/dc05db6664285cc2f12bf69c139ae4c3-le64.cache-4
7f02dd358000-7f02dd35a000 r--s 00000000 08:06 3801406                    /var/cache/fontconfig/767a8244fc0220cfb567a839d0392e0b-le64.cache-4
7f02dd360000-7f02dd361000 r--s 00000000 08:06 3801398                    /var/cache/fontconfig/4794a0821666d79190d59a36cb4f44b5-le64.cache-4
7f02dd368000-7f02dd37a000 r--s 00000000 08:06 3801388                    /var/cache/fontconfig/0bd3dc0958fa2205aaaa8ebb13e2872b-le64.cache-4
7f02dd380000-7f02dd385000 r--s 00000000 08:06 3801408                    /var/cache/fontconfig/8801497958630a81b71ace7c5f9b32a8-le64.cache-4
7f02dd388000-7f02dd38e000 r--s 00000000 08:06 3816246                    /var/cache/fontconfig/ca37dee8d6057f2a069c1b3d05990269-le64.cache-4
7f02dd390000-7f02dd394000 r--s 00000000 08:06 3815067                    /var/cache/fontconfig/c57959a16110560c8d0fcea73374aeeb-le64.cache-4
7f02dd398000-7f02dd39f000 r--s 00000000 08:06 3801394                    /var/cache/fontconfig/3047814df9a2f067bd2d96a2b9c36e5a-le64.cache-4
7f02dd3a0000-7f02dd3a1000 r--s 00000000 08:06 3801400                    /var/cache/fontconfig/56cf4f4769d0f4abc89a4895d7bd3ae1-le64.cache-4
7f02dd3a8000-7f02dd3a9000 r--s 00000000 08:06 3801415                    /var/cache/fontconfig/b9d506c9ac06c20b433354fa67a72993-le64.cache-4
7f02dd3b0000-7f02dd3b6000 r--s 00000000 08:06 3801414                    /var/cache/fontconfig/b47c4e1ecd0709278f4910c18777a504-le64.cache-4
7f02dd3b8000-7f02dd3cb000 r--s 00000000 08:06 3801421                    /var/cache/fontconfig/d52a8644073d54c13679302ca1180695-le64.cache-4
7f02dd3d0000-7f02dd3d9000 r--s 00000000 08:06 3801397                    /var/cache/fontconfig/3f7329c5293ffd510edef78f73874cfd-le64.cache-4
7f02dd3e0000-7f02dd3eb000 r--s 00000000 08:06 3801422                    /var/cache/fontconfig/d589a48862398ed80a3d6066f4f56f4c-le64.cache-4
7f02dd3f0000-7f02dd3f9000 r--s 00000000 08:06 3801419                    /var/cache/fontconfig/d0972c3d32f097851eb916381fc38920-le64.cache-4
7f02dd400000-7f02dd403000 r--s 00000000 08:06 3812658                    /var/cache/fontconfig/e13b20fdb08344e0e664864cc2ede53d-le64.cache-4
7f02dd408000-7f02dd40c000 r--s 00000000 08:06 3816245                    /var/cache/fontconfig/7ef2298fde41cc6eeb7af42e48b7d293-le64.cache-4
7f02dd410000-7f02dd415000 r-xp 00000000 08:06 10486213                   /usr/lib/jvm/jdk1.8.0_111/jre/lib/amd64/libjavafx_font_freetype.so
7f02dd415000-7f02dd614000 ---p 00005000 08:06 10486213                   /usr/lib/jvm/jdk1.8.0_111/jre/lib/amd64/libjavafx_font_freetype.so
7f02dd614000-7f02dd615000 rw-p 00004000 08:06 10486213                   /usr/lib/jvm/jdk1.8.0_111/jre/lib/amd64/libjavafx_font_freetype.so
7f02dd618000-7f02dd61b000 r-xp 00000000 08:06 10486175                   /usr/lib/jvm/jdk1.8.0_111/jre/lib/amd64/libjavafx_font.so
7f02dd61b000-7f02dd81a000 ---p 00003000 08:06 10486175                   /usr/lib/jvm/jdk1.8.0_111/jre/lib/amd64/libjavafx_font.so
7f02dd81a000-7f02dd81b000 rw-p 00002000 08:06 10486175                   /usr/lib/jvm/jdk1.8.0_111/jre/lib/amd64/libjavafx_font.so
7f02dd820000-7f02dda20000 rw-p 00000000 00:00 0 
7f02dda20000-7f02dda24000 r--s 00060000 08:06 10360233                   /home/xmbeat/NetBeansProjects/FingerprintLogin/dist/run1513876878/lib/webcam-capture-0.3.10.jar
7f02dda25000-7f02dda27000 r--s 00005000 08:06 10360232                   /home/xmbeat/NetBeansProjects/FingerprintLogin/dist/run1513876878/lib/slf4j-api-1.7.2.jar
7f02dda2a000-7f02dda2d000 r--s 0003a000 08:06 10360230                   /home/xmbeat/NetBeansProjects/FingerprintLogin/dist/run1513876878/lib/mysql-connector-java-3.0.17-ga-bin.jar
7f02dda2f000-7f02dda37000 r--s 000cf000 08:06 10360229                   /home/xmbeat/NetBeansProjects/FingerprintLogin/dist/run1513876878/lib/bridj-0.6.2.jar
7f02dda3d000-7f02dda40000 ---p 00000000 00:00 0 
7f02dda40000-7f02ddb3e000 rw-p 00000000 00:00 0                          [stack:19739]
7f02ddb3e000-7f02ddb41000 ---p 00000000 00:00 0 
7f02ddb41000-7f02ddc3f000 rw-p 00000000 00:00 0                          [stack:19738]
7f02ddc3f000-7f02ddc42000 ---p 00000000 00:00 0 
7f02ddc42000-7f02ddd40000 rw-p 00000000 00:00 0                          [stack:19737]
7f02ddd40000-7f02ddd6a000 r--p 00000000 08:06 1314249                    /usr/share/locale-langpack/es/LC_MESSAGES/gtk20-properties.mo
7f02ddd70000-7f02ddd96000 r--p 00000000 08:06 1314142                    /usr/share/locale-langpack/es/LC_MESSAGES/libc.mo
7f02ddd98000-7f02ddda7000 r--p 00000000 08:06 1314186                    /usr/share/locale-langpack/es/LC_MESSAGES/gtk20.mo
7f02ddda8000-7f02dddd1000 r-xp 00000000 08:06 10486225                   /usr/lib/jvm/jdk1.8.0_111/jre/lib/amd64/libglass.so
7f02dddd1000-7f02ddfd0000 ---p 00029000 08:06 10486225                   /usr/lib/jvm/jdk1.8.0_111/jre/lib/amd64/libglass.so
7f02ddfd0000-7f02ddfd3000 rw-p 00028000 08:06 10486225                   /usr/lib/jvm/jdk1.8.0_111/jre/lib/amd64/libglass.so
7f02ddfd3000-7f02de053000 rw-s 43db3000 00:06 11833                      /dev/nvidiactl
7f02de054000-7f02de0d4000 rw-s 3f254000 00:06 11833                      /dev/nvidiactl
7f02de0d4000-7f02de154000 rw-s 3d96c000 00:06 11833                      /dev/nvidiactl
7f02de159000-7f02de15c000 ---p 00000000 00:00 0 
7f02de15c000-7f02de25a000 rw-p 00000000 00:00 0 
7f02de25a000-7f02de26d000 rw-s 3d97a000 00:06 11833                      /dev/nvidiactl
7f02de270000-7f02de290000 rw-s c0320000 00:06 11834                      /dev/nvidia0
7f02de295000-7f02de2d5000 rw-s 43f95000 00:06 11833                      /dev/nvidiactl
7f02de2dc000-7f02de2fc000 rw-s 3d914000 00:06 11833                      /dev/nvidiactl
7f02de301000-7f02de341000 rw-s 163009000 00:06 11833                     /dev/nvidiactl
7f02de343000-7f02de3f7000 rw-s 22218b000 00:06 11833                     /dev/nvidiactl
7f02de3f8000-7f02de3fe000 r-xp 00000000 08:06 270780                     /usr/lib/x86_64-linux-gnu/libdatrie.so.1.3.1
7f02de3fe000-7f02de5fd000 ---p 00006000 08:06 270780                     /usr/lib/x86_64-linux-gnu/libdatrie.so.1.3.1
7f02de5fd000-7f02de5fe000 r--p 00005000 08:06 270780                     /usr/lib/x86_64-linux-gnu/libdatrie.so.1.3.1
7f02de5fe000-7f02de5ff000 rw-p 00006000 08:06 270780                     /usr/lib/x86_64-linux-gnu/libdatrie.so.1.3.1
7f02de600000-7f02de605000 r-xp 00000000 08:06 270557                     /usr/lib/x86_64-linux-gnu/libXdmcp.so.6.0.0
7f02de605000-7f02de804000 ---p 00005000 08:06 270557                     /usr/lib/x86_64-linux-gnu/libXdmcp.so.6.0.0
7f02de804000-7f02de805000 r--p 00004000 08:06 270557                     /usr/lib/x86_64-linux-gnu/libXdmcp.so.6.0.0
7f02de805000-7f02de806000 rw-p 00005000 08:06 270557                     /usr/lib/x86_64-linux-gnu/libXdmcp.so.6.0.0
7f02de808000-7f02de80a000 r-xp 00000000 08:06 270544                     /usr/lib/x86_64-linux-gnu/libXau.so.6.0.0
7f02de80a000-7f02dea0a000 ---p 00002000 08:06 270544                     /usr/lib/x86_64-linux-gnu/libXau.so.6.0.0
7f02dea0a000-7f02dea0b000 r--p 00002000 08:06 270544                     /usr/lib/x86_64-linux-gnu/libXau.so.6.0.0
7f02dea0b000-7f02dea0c000 rw-p 00003000 08:06 270544                     /usr/lib/x86_64-linux-gnu/libXau.so.6.0.0
7f02dea10000-7f02dea2a000 r-xp 00000000 08:06 263304                     /usr/lib/x86_64-linux-gnu/libgraphite2.so.3.0.1
7f02dea2a000-7f02dec29000 ---p 0001a000 08:06 263304                     /usr/lib/x86_64-linux-gnu/libgraphite2.so.3.0.1
7f02dec29000-7f02dec2b000 r--p 00019000 08:06 263304                     /usr/lib/x86_64-linux-gnu/libgraphite2.so.3.0.1
7f02dec2b000-7f02dec2c000 rw-p 0001b000 08:06 263304                     /usr/lib/x86_64-linux-gnu/libgraphite2.so.3.0.1
7f02dec30000-7f02e062d000 r-xp 00000000 08:06 921231                     /usr/lib/nvidia-352/libnvidia-glcore.so.352.63
7f02e062d000-7f02e064d000 rwxp 019fd000 08:06 921231                     /usr/lib/nvidia-352/libnvidia-glcore.so.352.63
7f02e064d000-7f02e0914000 r-xp 01a1d000 08:06 921231                     /usr/lib/nvidia-352/libnvidia-glcore.so.352.63
7f02e0914000-7f02e0b13000 ---p 01ce4000 08:06 921231                     /usr/lib/nvidia-352/libnvidia-glcore.so.352.63
7f02e0b13000-7f02e16af000 rw-p 01ce3000 08:06 921231                     /usr/lib/nvidia-352/libnvidia-glcore.so.352.63
7f02e16af000-7f02e16c3000 rw-p 00000000 00:00 0 
7f02e16c8000-7f02e16cb000 r-xp 00000000 08:06 1184481                    /usr/lib/nvidia-352/tls/libnvidia-tls.so.352.63
7f02e16cb000-7f02e18ca000 ---p 00003000 08:06 1184481                    /usr/lib/nvidia-352/tls/libnvidia-tls.so.352.63
7f02e18ca000-7f02e18cb000 rw-p 00002000 08:06 1184481                    /usr/lib/nvidia-352/tls/libnvidia-tls.so.352.63
7f02e18d0000-7f02e190d000 r-xp 00000000 08:06 11276632                   /lib/x86_64-linux-gnu/libpcre.so.3.13.1
7f02e190d000-7f02e1b0c000 ---p 0003d000 08:06 11276632                   /lib/x86_64-linux-gnu/libpcre.so.3.13.1
7f02e1b0c000-7f02e1b0d000 r--p 0003c000 08:06 11276632                   /lib/x86_64-linux-gnu/libpcre.so.3.13.1
7f02e1b0d000-7f02e1b0e000 rw-p 0003d000 08:06 11276632                   /lib/x86_64-linux-gnu/libpcre.so.3.13.1
7f02e1b10000-7f02e1b17000 r-xp 00000000 08:06 262898                     /usr/lib/x86_64-linux-gnu/libffi.so.6.0.1
7f02e1b17000-7f02e1d16000 ---p 00007000 08:06 262898                     /usr/lib/x86_64-linux-gnu/libffi.so.6.0.1
7f02e1d16000-7f02e1d17000 r--p 00006000 08:06 262898                     /usr/lib/x86_64-linux-gnu/libffi.so.6.0.1
7f02e1d17000-7f02e1d18000 rw-p 00007000 08:06 262898                     /usr/lib/x86_64-linux-gnu/libffi.so.6.0.1
7f02e1d18000-7f02e1d3f000 r-xp 00000000 08:06 11276550                   /lib/x86_64-linux-gnu/libexpat.so.1.6.0
7f02e1d3f000-7f02e1f3f000 ---p 00027000 08:06 11276550                   /lib/x86_64-linux-gnu/libexpat.so.1.6.0
7f02e1f3f000-7f02e1f41000 r--p 00027000 08:06 11276550                   /lib/x86_64-linux-gnu/libexpat.so.1.6.0
7f02e1f41000-7f02e1f42000 rw-p 00029000 08:06 11276550                   /lib/x86_64-linux-gnu/libexpat.so.1.6.0
7f02e1f48000-7f02e1f50000 r-xp 00000000 08:06 271660                     /usr/lib/x86_64-linux-gnu/libthai.so.0.2.0
7f02e1f50000-7f02e214f000 ---p 00008000 08:06 271660                     /usr/lib/x86_64-linux-gnu/libthai.so.0.2.0
7f02e214f000-7f02e2150000 r--p 00007000 08:06 271660                     /usr/lib/x86_64-linux-gnu/libthai.so.0.2.0
7f02e2150000-7f02e2151000 rw-p 00008000 08:06 271660                     /usr/lib/x86_64-linux-gnu/libthai.so.0.2.0
7f02e2158000-7f02e2175000 r-xp 00000000 08:06 271805                     /usr/lib/x86_64-linux-gnu/libxcb.so.1.1.0
7f02e2175000-7f02e2375000 ---p 0001d000 08:06 271805                     /usr/lib/x86_64-linux-gnu/libxcb.so.1.1.0
7f02e2375000-7f02e2376000 r--p 0001d000 08:06 271805                     /usr/lib/x86_64-linux-gnu/libxcb.so.1.1.0
7f02e2376000-7f02e2377000 rw-p 0001e000 08:06 271805                     /usr/lib/x86_64-linux-gnu/libxcb.so.1.1.0
7f02e2378000-7f02e2380000 r-xp 00000000 08:06 271787                     /usr/lib/x86_64-linux-gnu/libxcb-render.so.0.0.0
7f02e2380000-7f02e257f000 ---p 00008000 08:06 271787                     /usr/lib/x86_64-linux-gnu/libxcb-render.so.0.0.0
7f02e257f000-7f02e2580000 r--p 00007000 08:06 271787                     /usr/lib/x86_64-linux-gnu/libxcb-render.so.0.0.0
7f02e2580000-7f02e2581000 rw-p 00008000 08:06 271787                     /usr/lib/x86_64-linux-gnu/libxcb-render.so.0.0.0
7f02e2588000-7f02e258a000 r-xp 00000000 08:06 271791                     /usr/lib/x86_64-linux-gnu/libxcb-shm.so.0.0.0
7f02e258a000-7f02e2789000 ---p 00002000 08:06 271791                     /usr/lib/x86_64-linux-gnu/libxcb-shm.so.0.0.0
7f02e2789000-7f02e278a000 r--p 00001000 08:06 271791                     /usr/lib/x86_64-linux-gnu/libxcb-shm.so.0.0.0
7f02e278a000-7f02e278b000 rw-p 00002000 08:06 271791                     /usr/lib/x86_64-linux-gnu/libxcb-shm.so.0.0.0
7f02e2790000-7f02e27b5000 r-xp 00000000 08:06 11273421                   /lib/x86_64-linux-gnu/libpng12.so.0.50.0
7f02e27b5000-7f02e29b4000 ---p 00025000 08:06 11273421                   /lib/x86_64-linux-gnu/libpng12.so.0.50.0
7f02e29b4000-7f02e29b5000 r--p 00024000 08:06 11273421                   /lib/x86_64-linux-gnu/libpng12.so.0.50.0
7f02e29b5000-7f02e29b6000 rw-p 00025000 08:06 11273421                   /lib/x86_64-linux-gnu/libpng12.so.0.50.0
7f02e29b8000-7f02e2a59000 r-xp 00000000 08:06 271486                     /usr/lib/x86_64-linux-gnu/libpixman-1.so.0.30.2
7f02e2a59000-7f02e2c59000 ---p 000a1000 08:06 271486                     /usr/lib/x86_64-linux-gnu/libpixman-1.so.0.30.2
7f02e2c59000-7f02e2c60000 r--p 000a1000 08:06 271486                     /usr/lib/x86_64-linux-gnu/libpixman-1.so.0.30.2
7f02e2c60000-7f02e2c61000 rw-p 000a8000 08:06 271486                     /usr/lib/x86_64-linux-gnu/libpixman-1.so.0.30.2
7f02e2c68000-7f02e2cbb000 r-xp 00000000 08:06 271186                     /usr/lib/x86_64-linux-gnu/libharfbuzz.so.0.927.0
7f02e2cbb000-7f02e2ebb000 ---p 00053000 08:06 271186                     /usr/lib/x86_64-linux-gnu/libharfbuzz.so.0.927.0
7f02e2ebb000-7f02e2ebc000 r--p 00053000 08:06 271186                     /usr/lib/x86_64-linux-gnu/libharfbuzz.so.0.927.0
7f02e2ebc000-7f02e2ebd000 rw-p 00054000 08:06 271186                     /usr/lib/x86_64-linux-gnu/libharfbuzz.so.0.927.0
7f02e2ec0000-7f02e2ed7000 r-xp 00000000 08:06 11272221                   /lib/x86_64-linux-gnu/libresolv-2.19.so
7f02e2ed7000-7f02e30d7000 ---p 00017000 08:06 11272221                   /lib/x86_64-linux-gnu/libresolv-2.19.so
7f02e30d7000-7f02e30d8000 r--p 00017000 08:06 11272221                   /lib/x86_64-linux-gnu/libresolv-2.19.so
7f02e30d8000-7f02e30d9000 rw-p 00018000 08:06 11272221                   /lib/x86_64-linux-gnu/libresolv-2.19.so
7f02e30d9000-7f02e30db000 rw-p 00000000 00:00 0 
7f02e30e0000-7f02e3100000 r-xp 00000000 08:06 11276659                   /lib/x86_64-linux-gnu/libselinux.so.1
7f02e3100000-7f02e32ff000 ---p 00020000 08:06 11276659                   /lib/x86_64-linux-gnu/libselinux.so.1
7f02e32ff000-7f02e3300000 r--p 0001f000 08:06 11276659                   /lib/x86_64-linux-gnu/libselinux.so.1
7f02e3300000-7f02e3301000 rw-p 00020000 08:06 11276659                   /lib/x86_64-linux-gnu/libselinux.so.1
7f02e3301000-7f02e3303000 rw-p 00000000 00:00 0 
7f02e3308000-7f02e3320000 r-xp 00000000 08:06 11276690                   /lib/x86_64-linux-gnu/libz.so.1.2.8
7f02e3320000-7f02e351f000 ---p 00018000 08:06 11276690                   /lib/x86_64-linux-gnu/libz.so.1.2.8
7f02e351f000-7f02e3520000 r--p 00017000 08:06 11276690                   /lib/x86_64-linux-gnu/libz.so.1.2.8
7f02e3520000-7f02e3521000 rw-p 00018000 08:06 11276690                   /lib/x86_64-linux-gnu/libz.so.1.2.8
7f02e3528000-7f02e3539000 r-xp 00000000 08:06 270559                     /usr/lib/x86_64-linux-gnu/libXext.so.6.4.0
7f02e3539000-7f02e3738000 ---p 00011000 08:06 270559                     /usr/lib/x86_64-linux-gnu/libXext.so.6.4.0
7f02e3738000-7f02e3739000 r--p 00010000 08:06 270559                     /usr/lib/x86_64-linux-gnu/libXext.so.6.4.0
7f02e3739000-7f02e373a000 rw-p 00011000 08:06 270559                     /usr/lib/x86_64-linux-gnu/libXext.so.6.4.0
7f02e3740000-7f02e3742000 r-xp 00000000 08:06 270553                     /usr/lib/x86_64-linux-gnu/libXdamage.so.1.1.0
7f02e3742000-7f02e3941000 ---p 00002000 08:06 270553                     /usr/lib/x86_64-linux-gnu/libXdamage.so.1.1.0
7f02e3941000-7f02e3942000 r--p 00001000 08:06 270553                     /usr/lib/x86_64-linux-gnu/libXdamage.so.1.1.0
7f02e3942000-7f02e3943000 rw-p 00002000 08:06 270553                     /usr/lib/x86_64-linux-gnu/libXdamage.so.1.1.0
7f02e3948000-7f02e394a000 r-xp 00000000 08:06 270549                     /usr/lib/x86_64-linux-gnu/libXcomposite.so.1.0.0
7f02e394a000-7f02e3b49000 ---p 00002000 08:06 270549                     /usr/lib/x86_64-linux-gnu/libXcomposite.so.1.0.0
7f02e3b49000-7f02e3b4a000 r--p 00001000 08:06 270549                     /usr/lib/x86_64-linux-gnu/libXcomposite.so.1.0.0
7f02e3b4a000-7f02e3b4b000 rw-p 00002000 08:06 270549                     /usr/lib/x86_64-linux-gnu/libXcomposite.so.1.0.0
7f02e3b50000-7f02e3b59000 r-xp 00000000 08:06 270551                     /usr/lib/x86_64-linux-gnu/libXcursor.so.1.0.2
7f02e3b59000-7f02e3d58000 ---p 00009000 08:06 270551                     /usr/lib/x86_64-linux-gnu/libXcursor.so.1.0.2
7f02e3d58000-7f02e3d59000 r--p 00008000 08:06 270551                     /usr/lib/x86_64-linux-gnu/libXcursor.so.1.0.2
7f02e3d59000-7f02e3d5a000 rw-p 00009000 08:06 270551                     /usr/lib/x86_64-linux-gnu/libXcursor.so.1.0.2
7f02e3d60000-7f02e3d69000 r-xp 00000000 08:06 270579                     /usr/lib/x86_64-linux-gnu/libXrandr.so.2.2.0
7f02e3d69000-7f02e3f68000 ---p 00009000 08:06 270579                     /usr/lib/x86_64-linux-gnu/libXrandr.so.2.2.0
7f02e3f68000-7f02e3f69000 r--p 00008000 08:06 270579                     /usr/lib/x86_64-linux-gnu/libXrandr.so.2.2.0
7f02e3f69000-7f02e3f6a000 rw-p 00009000 08:06 270579                     /usr/lib/x86_64-linux-gnu/libXrandr.so.2.2.0
7f02e3f70000-7f02e3f7f000 r-xp 00000000 08:06 270567                     /usr/lib/x86_64-linux-gnu/libXi.so.6.1.0
7f02e3f7f000-7f02e417e000 ---p 0000f000 08:06 270567                     /usr/lib/x86_64-linux-gnu/libXi.so.6.1.0
7f02e417e000-7f02e417f000 r--p 0000e000 08:06 270567                     /usr/lib/x86_64-linux-gnu/libXi.so.6.1.0
7f02e417f000-7f02e4180000 rw-p 0000f000 08:06 270567                     /usr/lib/x86_64-linux-gnu/libXi.so.6.1.0
7f02e4180000-7f02e4182000 r-xp 00000000 08:06 270569                     /usr/lib/x86_64-linux-gnu/libXinerama.so.1.0.0
7f02e4182000-7f02e4381000 ---p 00002000 08:06 270569                     /usr/lib/x86_64-linux-gnu/libXinerama.so.1.0.0
7f02e4381000-7f02e4382000 r--p 00001000 08:06 270569                     /usr/lib/x86_64-linux-gnu/libXinerama.so.1.0.0
7f02e4382000-7f02e4383000 rw-p 00002000 08:06 270569                     /usr/lib/x86_64-linux-gnu/libXinerama.so.1.0.0
7f02e4388000-7f02e4391000 r-xp 00000000 08:06 270581                     /usr/lib/x86_64-linux-gnu/libXrender.so.1.3.0
7f02e4391000-7f02e4590000 ---p 00009000 08:06 270581                     /usr/lib/x86_64-linux-gnu/libXrender.so.1.3.0
7f02e4590000-7f02e4591000 r--p 00008000 08:06 270581                     /usr/lib/x86_64-linux-gnu/libXrender.so.1.3.0
7f02e4591000-7f02e4592000 rw-p 00009000 08:06 270581                     /usr/lib/x86_64-linux-gnu/libXrender.so.1.3.0
7f02e4598000-7f02e459d000 r-xp 00000000 08:06 270561                     /usr/lib/x86_64-linux-gnu/libXfixes.so.3.1.0
7f02e459d000-7f02e479c000 ---p 00005000 08:06 270561                     /usr/lib/x86_64-linux-gnu/libXfixes.so.3.1.0
7f02e479c000-7f02e479d000 r--p 00004000 08:06 270561                     /usr/lib/x86_64-linux-gnu/libXfixes.so.3.1.0
7f02e479d000-7f02e479e000 rw-p 00005000 08:06 270561                     /usr/lib/x86_64-linux-gnu/libXfixes.so.3.1.0
7f02e47a0000-7f02e47b6000 r-xp 00000000 08:06 11273328                   /lib/x86_64-linux-gnu/libgcc_s.so.1
7f02e47b6000-7f02e49b5000 ---p 00016000 08:06 11273328                   /lib/x86_64-linux-gnu/libgcc_s.so.1
7f02e49b5000-7f02e49b6000 rw-p 00015000 08:06 11273328                   /lib/x86_64-linux-gnu/libgcc_s.so.1
7f02e49b8000-7f02e4a9e000 r-xp 00000000 08:06 262560                     /usr/lib/x86_64-linux-gnu/libstdc++.so.6.0.19
7f02e4a9e000-7f02e4c9d000 ---p 000e6000 08:06 262560                     /usr/lib/x86_64-linux-gnu/libstdc++.so.6.0.19
7f02e4c9d000-7f02e4ca5000 r--p 000e5000 08:06 262560                     /usr/lib/x86_64-linux-gnu/libstdc++.so.6.0.19
7f02e4ca5000-7f02e4ca7000 rw-p 000ed000 08:06 262560                     /usr/lib/x86_64-linux-gnu/libstdc++.so.6.0.19
7f02e4ca7000-7f02e4cbc000 rw-p 00000000 00:00 0 
7f02e4cc0000-7f02e4d7e000 r-xp 00000000 08:06 921224                     /usr/lib/nvidia-352/libGL.so.352.63
7f02e4d7e000-7f02e4db1000 rwxp 000be000 08:06 921224                     /usr/lib/nvidia-352/libGL.so.352.63
7f02e4db1000-7f02e4dc3000 r-xp 000f1000 08:06 921224                     /usr/lib/nvidia-352/libGL.so.352.63
7f02e4dc3000-7f02e4fc2000 ---p 00103000 08:06 921224                     /usr/lib/nvidia-352/libGL.so.352.63
7f02e4fc2000-7f02e4fea000 rw-p 00102000 08:06 921224                     /usr/lib/nvidia-352/libGL.so.352.63
7f02e4fea000-7f02e4ff0000 rw-p 00000000 00:00 0 
7f02e4ff0000-7f02e4ff4000 r-xp 00000000 08:06 270597                     /usr/lib/x86_64-linux-gnu/libXxf86vm.so.1.0.0
7f02e4ff4000-7f02e51f4000 ---p 00004000 08:06 270597                     /usr/lib/x86_64-linux-gnu/libXxf86vm.so.1.0.0
7f02e51f4000-7f02e51f5000 r--p 00004000 08:06 270597                     /usr/lib/x86_64-linux-gnu/libXxf86vm.so.1.0.0
7f02e51f5000-7f02e51f6000 rw-p 00005000 08:06 270597                     /usr/lib/x86_64-linux-gnu/libXxf86vm.so.1.0.0
7f02e51f8000-7f02e5328000 r-xp 00000000 08:06 270538                     /usr/lib/x86_64-linux-gnu/libX11.so.6.3.0
7f02e5328000-7f02e5528000 ---p 00130000 08:06 270538                     /usr/lib/x86_64-linux-gnu/libX11.so.6.3.0
7f02e5528000-7f02e5529000 r--p 00130000 08:06 270538                     /usr/lib/x86_64-linux-gnu/libX11.so.6.3.0
7f02e5529000-7f02e552d000 rw-p 00131000 08:06 270538                     /usr/lib/x86_64-linux-gnu/libX11.so.6.3.0
7f02e5530000-7f02e5535000 r-xp 00000000 08:06 270587                     /usr/lib/x86_64-linux-gnu/libXtst.so.6.1.0
7f02e5535000-7f02e5734000 ---p 00005000 08:06 270587                     /usr/lib/x86_64-linux-gnu/libXtst.so.6.1.0
7f02e5734000-7f02e5735000 r--p 00004000 08:06 270587                     /usr/lib/x86_64-linux-gnu/libXtst.so.6.1.0
7f02e5735000-7f02e5736000 rw-p 00005000 08:06 270587                     /usr/lib/x86_64-linux-gnu/libXtst.so.6.1.0
7f02e5738000-7f02e583e000 r-xp 00000000 08:06 11276559                   /lib/x86_64-linux-gnu/libglib-2.0.so.0.4002.0
7f02e583e000-7f02e5a3d000 ---p 00106000 08:06 11276559                   /lib/x86_64-linux-gnu/libglib-2.0.so.0.4002.0
7f02e5a3d000-7f02e5a3e000 r--p 00105000 08:06 11276559                   /lib/x86_64-linux-gnu/libglib-2.0.so.0.4002.0
7f02e5a3e000-7f02e5a3f000 rw-p 00106000 08:06 11276559                   /lib/x86_64-linux-gnu/libglib-2.0.so.0.4002.0
7f02e5a3f000-7f02e5a40000 rw-p 00000000 00:00 0 
7f02e5a40000-7f02e5a41000 r-xp 00000000 08:06 271159                     /usr/lib/x86_64-linux-gnu/libgthread-2.0.so.0.4002.0
7f02e5a41000-7f02e5c40000 ---p 00001000 08:06 271159                     /usr/lib/x86_64-linux-gnu/libgthread-2.0.so.0.4002.0
7f02e5c40000-7f02e5c41000 r--p 00000000 08:06 271159                     /usr/lib/x86_64-linux-gnu/libgthread-2.0.so.0.4002.0
7f02e5c41000-7f02e5c42000 rw-p 00001000 08:06 271159                     /usr/lib/x86_64-linux-gnu/libgthread-2.0.so.0.4002.0
7f02e5c48000-7f02e5c4b000 r-xp 00000000 08:06 271015                     /usr/lib/x86_64-linux-gnu/libgmodule-2.0.so.0.4002.0
7f02e5c4b000-7f02e5e4a000 ---p 00003000 08:06 271015                     /usr/lib/x86_64-linux-gnu/libgmodule-2.0.so.0.4002.0
7f02e5e4a000-7f02e5e4b000 r--p 00002000 08:06 271015                     /usr/lib/x86_64-linux-gnu/libgmodule-2.0.so.0.4002.0
7f02e5e4b000-7f02e5e4c000 rw-p 00003000 08:06 271015                     /usr/lib/x86_64-linux-gnu/libgmodule-2.0.so.0.4002.0
7f02e5e50000-7f02e5e9f000 r-xp 00000000 08:06 271039                     /usr/lib/x86_64-linux-gnu/libgobject-2.0.so.0.4002.0
7f02e5e9f000-7f02e609f000 ---p 0004f000 08:06 271039                     /usr/lib/x86_64-linux-gnu/libgobject-2.0.so.0.4002.0
7f02e609f000-7f02e60a0000 r--p 0004f000 08:06 271039                     /usr/lib/x86_64-linux-gnu/libgobject-2.0.so.0.4002.0
7f02e60a0000-7f02e60a1000 rw-p 00050000 08:06 271039                     /usr/lib/x86_64-linux-gnu/libgobject-2.0.so.0.4002.0
7f02e60a8000-7f02e60e2000 r-xp 00000000 08:06 270920                     /usr/lib/x86_64-linux-gnu/libfontconfig.so.1.8.0
7f02e60e2000-7f02e62e1000 ---p 0003a000 08:06 270920                     /usr/lib/x86_64-linux-gnu/libfontconfig.so.1.8.0
7f02e62e1000-7f02e62e3000 r--p 00039000 08:06 270920                     /usr/lib/x86_64-linux-gnu/libfontconfig.so.1.8.0
7f02e62e3000-7f02e62e4000 rw-p 0003b000 08:06 270920                     /usr/lib/x86_64-linux-gnu/libfontconfig.so.1.8.0
7f02e62e8000-7f02e6385000 r-xp 00000000 08:06 270946                     /usr/lib/x86_64-linux-gnu/libfreetype.so.6.11.1
7f02e6385000-7f02e6584000 ---p 0009d000 08:06 270946                     /usr/lib/x86_64-linux-gnu/libfreetype.so.6.11.1
7f02e6584000-7f02e658a000 r--p 0009c000 08:06 270946                     /usr/lib/x86_64-linux-gnu/libfreetype.so.6.11.1
7f02e658a000-7f02e658b000 rw-p 000a2000 08:06 270946                     /usr/lib/x86_64-linux-gnu/libfreetype.so.6.11.1
7f02e6590000-7f02e65da000 r-xp 00000000 08:06 271463                     /usr/lib/x86_64-linux-gnu/libpango-1.0.so.0.3600.3
7f02e65da000-7f02e67da000 ---p 0004a000 08:06 271463                     /usr/lib/x86_64-linux-gnu/libpango-1.0.so.0.3600.3
7f02e67da000-7f02e67dc000 r--p 0004a000 08:06 271463                     /usr/lib/x86_64-linux-gnu/libpango-1.0.so.0.3600.3
7f02e67dc000-7f02e67dd000 rw-p 0004c000 08:06 271463                     /usr/lib/x86_64-linux-gnu/libpango-1.0.so.0.3600.3
7f02e67e0000-7f02e68e6000 r-xp 00000000 08:06 270702                     /usr/lib/x86_64-linux-gnu/libcairo.so.2.11301.0
7f02e68e6000-7f02e6ae5000 ---p 00106000 08:06 270702                     /usr/lib/x86_64-linux-gnu/libcairo.so.2.11301.0
7f02e6ae5000-7f02e6ae8000 r--p 00105000 08:06 270702                     /usr/lib/x86_64-linux-gnu/libcairo.so.2.11301.0
7f02e6ae8000-7f02e6ae9000 rw-p 00108000 08:06 270702                     /usr/lib/x86_64-linux-gnu/libcairo.so.2.11301.0
7f02e6ae9000-7f02e6aeb000 rw-p 00000000 00:00 0 
7f02e6af0000-7f02e6afb000 r-xp 00000000 08:06 271465                     /usr/lib/x86_64-linux-gnu/libpangocairo-1.0.so.0.3600.3
7f02e6afb000-7f02e6cfb000 ---p 0000b000 08:06 271465                     /usr/lib/x86_64-linux-gnu/libpangocairo-1.0.so.0.3600.3
7f02e6cfb000-7f02e6cfc000 r--p 0000b000 08:06 271465                     /usr/lib/x86_64-linux-gnu/libpangocairo-1.0.so.0.3600.3
7f02e6cfc000-7f02e6cfd000 rw-p 0000c000 08:06 271465                     /usr/lib/x86_64-linux-gnu/libpangocairo-1.0.so.0.3600.3
7f02e6d00000-7f02e6d20000 r-xp 00000000 08:06 270979                     /usr/lib/x86_64-linux-gnu/libgdk_pixbuf-2.0.so.0.3000.7
7f02e6d20000-7f02e6f1f000 ---p 00020000 08:06 270979                     /usr/lib/x86_64-linux-gnu/libgdk_pixbuf-2.0.so.0.3000.7
7f02e6f1f000-7f02e6f20000 r--p 0001f000 08:06 270979                     /usr/lib/x86_64-linux-gnu/libgdk_pixbuf-2.0.so.0.3000.7
7f02e6f20000-7f02e6f21000 rw-p 00020000 08:06 270979                     /usr/lib/x86_64-linux-gnu/libgdk_pixbuf-2.0.so.0.3000.7
7f02e6f28000-7f02e6f3c000 r-xp 00000000 08:06 271467                     /usr/lib/x86_64-linux-gnu/libpangoft2-1.0.so.0.3600.3
7f02e6f3c000-7f02e713b000 ---p 00014000 08:06 271467                     /usr/lib/x86_64-linux-gnu/libpangoft2-1.0.so.0.3600.3
7f02e713b000-7f02e713c000 r--p 00013000 08:06 271467                     /usr/lib/x86_64-linux-gnu/libpangoft2-1.0.so.0.3600.3
7f02e713c000-7f02e713d000 rw-p 00014000 08:06 271467                     /usr/lib/x86_64-linux-gnu/libpangoft2-1.0.so.0.3600.3
7f02e7140000-7f02e72ac000 r-xp 00000000 08:06 271001                     /usr/lib/x86_64-linux-gnu/libgio-2.0.so.0.4002.0
7f02e72ac000-7f02e74ab000 ---p 0016c000 08:06 271001                     /usr/lib/x86_64-linux-gnu/libgio-2.0.so.0.4002.0
7f02e74ab000-7f02e74af000 r--p 0016b000 08:06 271001                     /usr/lib/x86_64-linux-gnu/libgio-2.0.so.0.4002.0
7f02e74af000-7f02e74b1000 rw-p 0016f000 08:06 271001                     /usr/lib/x86_64-linux-gnu/libgio-2.0.so.0.4002.0
7f02e74b1000-7f02e74b3000 rw-p 00000000 00:00 0 
7f02e74b8000-7f02e74d7000 r-xp 00000000 08:06 270646                     /usr/lib/x86_64-linux-gnu/libatk-1.0.so.0.21009.1
7f02e74d7000-7f02e76d7000 ---p 0001f000 08:06 270646                     /usr/lib/x86_64-linux-gnu/libatk-1.0.so.0.21009.1
7f02e76d7000-7f02e76d9000 r--p 0001f000 08:06 270646                     /usr/lib/x86_64-linux-gnu/libatk-1.0.so.0.21009.1
7f02e76d9000-7f02e76da000 rw-p 00021000 08:06 270646                     /usr/lib/x86_64-linux-gnu/libatk-1.0.so.0.21009.1
7f02e76e0000-7f02e778d000 r-xp 00000000 08:06 262704                     /usr/lib/x86_64-linux-gnu/libgdk-x11-2.0.so.0.2400.23
7f02e778d000-7f02e798d000 ---p 000ad000 08:06 262704                     /usr/lib/x86_64-linux-gnu/libgdk-x11-2.0.so.0.2400.23
7f02e798d000-7f02e7991000 r--p 000ad000 08:06 262704                     /usr/lib/x86_64-linux-gnu/libgdk-x11-2.0.so.0.2400.23
7f02e7991000-7f02e7993000 rw-p 000b1000 08:06 262704                     /usr/lib/x86_64-linux-gnu/libgdk-x11-2.0.so.0.2400.23
7f02e7998000-7f02e7dc8000 r-xp 00000000 08:06 265442                     /usr/lib/x86_64-linux-gnu/libgtk-x11-2.0.so.0.2400.23
7f02e7dc8000-7f02e7fc7000 ---p 00430000 08:06 265442                     /usr/lib/x86_64-linux-gnu/libgtk-x11-2.0.so.0.2400.23
7f02e7fc7000-7f02e7fce000 r--p 0042f000 08:06 265442                     /usr/lib/x86_64-linux-gnu/libgtk-x11-2.0.so.0.2400.23
7f02e7fce000-7f02e7fd2000 rw-p 00436000 08:06 265442                     /usr/lib/x86_64-linux-gnu/libgtk-x11-2.0.so.0.2400.23
7f02e7fd2000-7f02e7fd5000 rw-p 00000000 00:00 0 
7f02e7fd8000-7f02e7fda000 rw-s 00000000 08:06 131095                     /tmp/.gl0cRaEC (deleted)
7f02e7ff0000-7f02e7ff6000 r--p 00000000 08:06 1314243                    /usr/share/locale-langpack/es/LC_MESSAGES/gdk-pixbuf.mo
7f02e7ff7000-7f02e7ffb000 r--s 00097000 08:06 10486124                   /usr/lib/jvm/jdk1.8.0_111/jre/lib/jsse.jar
7f02e8000000-7f02e8021000 rw-p 00000000 00:00 0 
7f02e8021000-7f02ec000000 ---p 00000000 00:00 0 
7f02ec000000-7f02ec965000 rw-p 00000000 00:00 0 
7f02ec965000-7f02f0000000 ---p 00000000 00:00 0 
7f02f0000000-7f02f0021000 rw-p 00000000 00:00 0 
7f02f0021000-7f02f4000000 ---p 00000000 00:00 0 
7f02f4000000-7f02f4774000 rw-p 00000000 00:00 0 
7f02f4774000-7f02f8000000 ---p 00000000 00:00 0 
7f02f8000000-7f02f8021000 rw-p 00000000 00:00 0 
7f02f8021000-7f02fc000000 ---p 00000000 00:00 0 
7f02fc000000-7f02fc6fc000 rw-p 00000000 00:00 0 
7f02fc6fc000-7f0300000000 ---p 00000000 00:00 0 
7f0300000000-7f0300021000 rw-p 00000000 00:00 0 
7f0300021000-7f0304000000 ---p 00000000 00:00 0 
7f0304000000-7f0304021000 rw-p 00000000 00:00 0 
7f0304021000-7f0308000000 ---p 00000000 00:00 0 
7f0308000000-7f0308021000 rw-p 00000000 00:00 0 
7f0308021000-7f030c000000 ---p 00000000 00:00 0 
7f030c000000-7f030c021000 rw-p 00000000 00:00 0 
7f030c021000-7f0310000000 ---p 00000000 00:00 0 
7f0310000000-7f0310021000 rw-p 00000000 00:00 0 
7f0310021000-7f0314000000 ---p 00000000 00:00 0 
7f0314000000-7f0314001000 r--s 00000000 08:06 3801389                    /var/cache/fontconfig/0c9eb80ebd1c36541ebe2852d3bb0c49-le64.cache-4
7f0314008000-7f031400f000 r--s 00000000 08:06 786750                     /usr/lib/x86_64-linux-gnu/gconv/gconv-modules.cache
7f031400f000-7f0314010000 rw-s 3d897000 00:06 11833                      /dev/nvidiactl
7f0314016000-7f031401a000 rw-s 3f17e000 00:06 11833                      /dev/nvidiactl
7f0314020000-7f031402c000 r-xp 00000000 08:06 10486192                   /usr/lib/jvm/jdk1.8.0_111/jre/lib/amd64/libprism_es2.so
7f031402c000-7f031422b000 ---p 0000c000 08:06 10486192                   /usr/lib/jvm/jdk1.8.0_111/jre/lib/amd64/libprism_es2.so
7f031422b000-7f031422c000 rw-p 0000b000 08:06 10486192                   /usr/lib/jvm/jdk1.8.0_111/jre/lib/amd64/libprism_es2.so
7f0314232000-7f0314235000 ---p 00000000 00:00 0 
7f0314235000-7f0314333000 rw-p 00000000 00:00 0                          [stack:19723]
7f0314333000-7f0314334000 ---p 00000000 00:00 0 
7f0314334000-7f0314434000 rw-p 00000000 00:00 0                          [stack:19710]
7f0314434000-7f0314437000 ---p 00000000 00:00 0 
7f0314437000-7f0314535000 rw-p 00000000 00:00 0                          [stack:19709]
7f0314535000-7f0314538000 ---p 00000000 00:00 0 
7f0314538000-7f0314636000 rw-p 00000000 00:00 0                          [stack:19708]
7f0314636000-7f0314639000 ---p 00000000 00:00 0 
7f0314639000-7f0314737000 rw-p 00000000 00:00 0                          [stack:19707]
7f0314737000-7f031473a000 ---p 00000000 00:00 0 
7f031473a000-7f0314838000 rw-p 00000000 00:00 0                          [stack:19706]
7f0314838000-7f0314d76000 r--p 00000000 08:06 269140                     /usr/lib/locale/locale-archive
7f0314d7b000-7f0314d7e000 ---p 00000000 00:00 0 
7f0314d7e000-7f0314e7c000 rw-p 00000000 00:00 0                          [stack:19705]
7f0314e7c000-7f0314e7f000 ---p 00000000 00:00 0 
7f0314e7f000-7f0314f7d000 rw-p 00000000 00:00 0                          [stack:19704]
7f0314f7d000-7f0314f7e000 ---p 00000000 00:00 0 
7f0314f7e000-7f0319000000 rw-p 00000000 00:00 0                          [stack:19703]
7f0319000000-7f0319980000 rwxp 00000000 00:00 0 
7f0319980000-7f0328000000 ---p 00000000 00:00 0 
7f0328000000-7f032848f000 rw-p 00000000 00:00 0 
7f032848f000-7f032c000000 ---p 00000000 00:00 0 
7f032c006000-7f032c007000 rw-s cfee6000 00:06 11834                      /dev/nvidia0
7f032c00e000-7f032c00f000 rw-s cfee6000 00:06 11834                      /dev/nvidia0
7f032c011000-7f032c012000 rw-s fd641000 00:06 11834                      /dev/nvidia0
7f032c013000-7f032c0a9000 r--s 01103000 08:06 10486256                   /usr/lib/jvm/jdk1.8.0_111/jre/lib/ext/jfxrt.jar
7f032c0ab000-7f032c7b2000 rw-p 00000000 00:00 0 
7f032c7b2000-7f032c98a000 r--s 03d2a000 08:06 10486172                   /usr/lib/jvm/jdk1.8.0_111/jre/lib/rt.jar
7f032c98f000-7f032d5dd000 rw-p 00000000 00:00 0 
7f032d5dd000-7f032d5de000 ---p 00000000 00:00 0 
7f032d5de000-7f032d6de000 rw-p 00000000 00:00 0                          [stack:19702]
7f032d6de000-7f032d6df000 ---p 00000000 00:00 0 
7f032d6df000-7f032d7ff000 rw-p 00000000 00:00 0                          [stack:19701]
7f032d7ff000-7f032da6f000 ---p 00000000 00:00 0 
7f032da6f000-7f032da8f000 rw-p 00000000 00:00 0 
7f032da8f000-7f032dcff000 ---p 00000000 00:00 0 
7f032dcff000-7f032dd23000 rw-p 00000000 00:00 0 
7f032dd23000-7f032de47000 ---p 00000000 00:00 0 
7f032de47000-7f032de6e000 rw-p 00000000 00:00 0 
7f032de6e000-7f032e208000 ---p 00000000 00:00 0 
7f032e208000-7f032e222000 r-xp 00000000 08:06 10486203                   /usr/lib/jvm/jdk1.8.0_111/jre/lib/amd64/libzip.so
7f032e222000-7f032e422000 ---p 0001a000 08:06 10486203                   /usr/lib/jvm/jdk1.8.0_111/jre/lib/amd64/libzip.so
7f032e422000-7f032e423000 rw-p 0001a000 08:06 10486203                   /usr/lib/jvm/jdk1.8.0_111/jre/lib/amd64/libzip.so
7f032e428000-7f032e433000 r-xp 00000000 08:06 11273355                   /lib/x86_64-linux-gnu/libnss_files-2.19.so
7f032e433000-7f032e632000 ---p 0000b000 08:06 11273355                   /lib/x86_64-linux-gnu/libnss_files-2.19.so
7f032e632000-7f032e633000 r--p 0000a000 08:06 11273355                   /lib/x86_64-linux-gnu/libnss_files-2.19.so
7f032e633000-7f032e634000 rw-p 0000b000 08:06 11273355                   /lib/x86_64-linux-gnu/libnss_files-2.19.so
7f032e638000-7f032e643000 r-xp 00000000 08:06 11273318                   /lib/x86_64-linux-gnu/libnss_nis-2.19.so
7f032e643000-7f032e842000 ---p 0000b000 08:06 11273318                   /lib/x86_64-linux-gnu/libnss_nis-2.19.so
7f032e842000-7f032e843000 r--p 0000a000 08:06 11273318                   /lib/x86_64-linux-gnu/libnss_nis-2.19.so
7f032e843000-7f032e844000 rw-p 0000b000 08:06 11273318                   /lib/x86_64-linux-gnu/libnss_nis-2.19.so
7f032e848000-7f032e85f000 r-xp 00000000 08:06 11273308                   /lib/x86_64-linux-gnu/libnsl-2.19.so
7f032e85f000-7f032ea5e000 ---p 00017000 08:06 11273308                   /lib/x86_64-linux-gnu/libnsl-2.19.so
7f032ea5e000-7f032ea5f000 r--p 00016000 08:06 11273308                   /lib/x86_64-linux-gnu/libnsl-2.19.so
7f032ea5f000-7f032ea60000 rw-p 00017000 08:06 11273308                   /lib/x86_64-linux-gnu/libnsl-2.19.so
7f032ea60000-7f032ea62000 rw-p 00000000 00:00 0 
7f032ea68000-7f032ea71000 r-xp 00000000 08:06 11273302                   /lib/x86_64-linux-gnu/libnss_compat-2.19.so
7f032ea71000-7f032ec70000 ---p 00009000 08:06 11273302                   /lib/x86_64-linux-gnu/libnss_compat-2.19.so
7f032ec70000-7f032ec71000 r--p 00008000 08:06 11273302                   /lib/x86_64-linux-gnu/libnss_compat-2.19.so
7f032ec71000-7f032ec72000 rw-p 00009000 08:06 11273302                   /lib/x86_64-linux-gnu/libnss_compat-2.19.so
7f032ec78000-7f032eca3000 r-xp 00000000 08:06 10486230                   /usr/lib/jvm/jdk1.8.0_111/jre/lib/amd64/libjava.so
7f032eca3000-7f032eea2000 ---p 0002b000 08:06 10486230                   /usr/lib/jvm/jdk1.8.0_111/jre/lib/amd64/libjava.so
7f032eea2000-7f032eea4000 rw-p 0002a000 08:06 10486230                   /usr/lib/jvm/jdk1.8.0_111/jre/lib/amd64/libjava.so
7f032eea8000-7f032eeb5000 r-xp 00000000 08:06 10486181                   /usr/lib/jvm/jdk1.8.0_111/jre/lib/amd64/libverify.so
7f032eeb5000-7f032f0b4000 ---p 0000d000 08:06 10486181                   /usr/lib/jvm/jdk1.8.0_111/jre/lib/amd64/libverify.so
7f032f0b4000-7f032f0b6000 rw-p 0000c000 08:06 10486181                   /usr/lib/jvm/jdk1.8.0_111/jre/lib/amd64/libverify.so
7f032f0b8000-7f032f0bf000 r-xp 00000000 08:06 11273343                   /lib/x86_64-linux-gnu/librt-2.19.so
7f032f0bf000-7f032f2be000 ---p 00007000 08:06 11273343                   /lib/x86_64-linux-gnu/librt-2.19.so
7f032f2be000-7f032f2bf000 r--p 00006000 08:06 11273343                   /lib/x86_64-linux-gnu/librt-2.19.so
7f032f2bf000-7f032f2c0000 rw-p 00007000 08:06 11273343                   /lib/x86_64-linux-gnu/librt-2.19.so
7f032f2c0000-7f032f3c5000 r-xp 00000000 08:06 11273293                   /lib/x86_64-linux-gnu/libm-2.19.so
7f032f3c5000-7f032f5c4000 ---p 00105000 08:06 11273293                   /lib/x86_64-linux-gnu/libm-2.19.so
7f032f5c4000-7f032f5c5000 r--p 00104000 08:06 11273293                   /lib/x86_64-linux-gnu/libm-2.19.so
7f032f5c5000-7f032f5c6000 rw-p 00105000 08:06 11273293                   /lib/x86_64-linux-gnu/libm-2.19.so
7f032f5c8000-7f0330295000 r-xp 00000000 08:06 10486234                   /usr/lib/jvm/jdk1.8.0_111/jre/lib/amd64/server/libjvm.so
7f0330295000-7f0330494000 ---p 00ccd000 08:06 10486234                   /usr/lib/jvm/jdk1.8.0_111/jre/lib/amd64/server/libjvm.so
7f0330494000-7f033056d000 rw-p 00ccc000 08:06 10486234                   /usr/lib/jvm/jdk1.8.0_111/jre/lib/amd64/server/libjvm.so
7f033056d000-7f03305b8000 rw-p 00000000 00:00 0 
7f03305b8000-7f0330773000 r-xp 00000000 08:06 11273344                   /lib/x86_64-linux-gnu/libc-2.19.so
7f0330773000-7f0330972000 ---p 001bb000 08:06 11273344                   /lib/x86_64-linux-gnu/libc-2.19.so
7f0330972000-7f0330976000 r--p 001ba000 08:06 11273344                   /lib/x86_64-linux-gnu/libc-2.19.so
7f0330976000-7f0330978000 rw-p 001be000 08:06 11273344                   /lib/x86_64-linux-gnu/libc-2.19.so
7f0330978000-7f033097d000 rw-p 00000000 00:00 0 
7f0330980000-7f0330983000 r-xp 00000000 08:06 11273295                   /lib/x86_64-linux-gnu/libdl-2.19.so
7f0330983000-7f0330b82000 ---p 00003000 08:06 11273295                   /lib/x86_64-linux-gnu/libdl-2.19.so
7f0330b82000-7f0330b83000 r--p 00002000 08:06 11273295                   /lib/x86_64-linux-gnu/libdl-2.19.so
7f0330b83000-7f0330b84000 rw-p 00003000 08:06 11273295                   /lib/x86_64-linux-gnu/libdl-2.19.so
7f0330b88000-7f0330b9d000 r-xp 00000000 08:06 10486219                   /usr/lib/jvm/jdk1.8.0_111/jre/lib/amd64/jli/libjli.so
7f0330b9d000-7f0330d9d000 ---p 00015000 08:06 10486219                   /usr/lib/jvm/jdk1.8.0_111/jre/lib/amd64/jli/libjli.so
7f0330d9d000-7f0330d9e000 rw-p 00015000 08:06 10486219                   /usr/lib/jvm/jdk1.8.0_111/jre/lib/amd64/jli/libjli.so
7f0330da0000-7f0330db9000 r-xp 00000000 08:06 11273309                   /lib/x86_64-linux-gnu/libpthread-2.19.so
7f0330db9000-7f0330fb8000 ---p 00019000 08:06 11273309                   /lib/x86_64-linux-gnu/libpthread-2.19.so
7f0330fb8000-7f0330fb9000 r--p 00018000 08:06 11273309                   /lib/x86_64-linux-gnu/libpthread-2.19.so
7f0330fb9000-7f0330fba000 rw-p 00019000 08:06 11273309                   /lib/x86_64-linux-gnu/libpthread-2.19.so
7f0330fba000-7f0330fbe000 rw-p 00000000 00:00 0 
7f0330fc0000-7f0330fe3000 r-xp 00000000 08:06 11273314                   /lib/x86_64-linux-gnu/ld-2.19.so
7f0330fe4000-7f03310b5000 rw-p 00000000 00:00 0 
7f03310b5000-7f03310b8000 ---p 00000000 00:00 0 
7f03310b8000-7f03311b8000 rw-p 00000000 00:00 0                          [stack:19700]
7f03311bc000-7f03311bd000 rw-s 222edc000 00:06 11833                     /dev/nvidiactl
7f03311c1000-7f03311c2000 rw-s 1e9421000 00:06 11833                     /dev/nvidiactl
7f03311c8000-7f03311c9000 rw-s fd060000 00:06 11834                      /dev/nvidia0
7f03311cc000-7f03311ce000 r--s 00024000 08:06 10229179                   /home/xmbeat/NetBeansProjects/FingerprintLogin/dist/run1513876878/FingerprintLogin.jar
7f03311d0000-7f03311d8000 rw-s 00000000 08:06 1185733                    /tmp/hsperfdata_xmbeat/19696
7f03311dd000-7f03311e0000 rw-p 00000000 00:00 0 
7f03311e0000-7f03311e1000 r--p 00000000 00:00 0 
7f03311e1000-7f03311e2000 rw-p 00000000 00:00 0 
7f03311e2000-7f03311e3000 r--p 00022000 08:06 11273314                   /lib/x86_64-linux-gnu/ld-2.19.so
7f03311e3000-7f03311e4000 rw-p 00023000 08:06 11273314                   /lib/x86_64-linux-gnu/ld-2.19.so
7f03311e4000-7f03311e6000 rw-p 00000000 00:00 0 
7f03311e6000-7f03311e8000 rw-p 00000000 00:00 0 
7ffcafa64000-7ffcafa85000 rw-p 00000000 00:00 0                          [stack]
7ffcafbb8000-7ffcafbba000 r--p 00000000 00:00 0                          [vvar]
7ffcafbba000-7ffcafbbc000 r-xp 00000000 00:00 0                          [vdso]
ffffffffff600000-ffffffffff601000 r-xp 00000000 00:00 0                  [vsyscall]

VM Arguments:
jvm_args: -Dfile.encoding=UTF-8 
java_command: /home/xmbeat/NetBeansProjects/FingerprintLogin/dist/run1513876878/FingerprintLogin.jar
java_class_path (initial): /home/xmbeat/NetBeansProjects/FingerprintLogin/dist/run1513876878/FingerprintLogin.jar
Launcher Type: SUN_STANDARD

Environment Variables:
PATH=/home/xmbeat/bin:/usr/local/sbin:/usr/local/bin:/usr/sbin:/usr/bin:/sbin:/bin:/usr/games:/usr/local/games
USERNAME=xmbeat
LD_LIBRARY_PATH=/usr/lib/jvm/jdk1.8.0_111/jre/lib/amd64:/usr/lib/jvm/jdk1.8.0_111/jre/lib/i386:
SHELL=/bin/bash
DISPLAY=:0

Signal Handlers:
SIGSEGV: [libjvm.so+0xac64b0], sa_mask[0]=11111111011111111101111111111110, sa_flags=SA_RESTART|SA_SIGINFO
SIGBUS: [libjvm.so+0xac64b0], sa_mask[0]=11111111011111111101111111111110, sa_flags=SA_RESTART|SA_SIGINFO
SIGFPE: [libjvm.so+0x91f950], sa_mask[0]=11111111011111111101111111111110, sa_flags=SA_RESTART|SA_SIGINFO
SIGPIPE: SIG_IGN, sa_mask[0]=00000000000000000000000000000000, sa_flags=none
SIGXFSZ: [libjvm.so+0x91f950], sa_mask[0]=11111111011111111101111111111110, sa_flags=SA_RESTART|SA_SIGINFO
SIGILL: [libjvm.so+0x91f950], sa_mask[0]=11111111011111111101111111111110, sa_flags=SA_RESTART|SA_SIGINFO
SIGUSR1: SIG_DFL, sa_mask[0]=00000000000000000000000000000000, sa_flags=none
SIGUSR2: [libjvm.so+0x920f80], sa_mask[0]=00100000000000000000000000000000, sa_flags=SA_RESTART|SA_SIGINFO
SIGHUP: [libjvm.so+0x922380], sa_mask[0]=11111111011111111101111111111110, sa_flags=SA_RESTART|SA_SIGINFO
SIGINT: SIG_IGN, sa_mask[0]=00000000000000000000000000000000, sa_flags=none
SIGTERM: [libjvm.so+0x922380], sa_mask[0]=11111111011111111101111111111110, sa_flags=SA_RESTART|SA_SIGINFO
SIGQUIT: [libjvm.so+0x922380], sa_mask[0]=11111111011111111101111111111110, sa_flags=SA_RESTART|SA_SIGINFO


---------------  S Y S T E M  ---------------

OS:DISTRIB_ID=LinuxMint
DISTRIB_RELEASE=17.3
DISTRIB_CODENAME=rosa
DISTRIB_DESCRIPTION="Linux Mint 17.3 Rosa"

uname:Linux 3.19.0-32-generic #37~14.04.1-Ubuntu SMP Thu Oct 22 09:41:40 UTC 2015 x86_64
libc:glibc 2.19 NPTL 2.19 
rlimit: STACK 8192k, CORE 0k, NPROC 31347, NOFILE 4096, AS infinity
load average:3.82 3.46 2.84

/proc/meminfo:
MemTotal:        8056656 kB
MemFree:         1996004 kB
MemAvailable:    4241468 kB
Buffers:          199648 kB
Cached:          2258188 kB
SwapCached:            0 kB
Active:          4156152 kB
Inactive:        1539640 kB
Active(anon):    3241360 kB
Inactive(anon):   108332 kB
Active(file):     914792 kB
Inactive(file):  1431308 kB
Unevictable:           0 kB
Mlocked:               0 kB
SwapTotal:       3998716 kB
SwapFree:        3998716 kB
Dirty:              4100 kB
Writeback:             0 kB
AnonPages:       3238080 kB
Mapped:           650668 kB
Shmem:            111740 kB
Slab:             170100 kB
SReclaimable:     136600 kB
SUnreclaim:        33500 kB
KernelStack:        9728 kB
PageTables:        39540 kB
NFS_Unstable:          0 kB
Bounce:                0 kB
WritebackTmp:          0 kB
CommitLimit:     8027044 kB
Committed_AS:    7185680 kB
VmallocTotal:   34359738367 kB
VmallocUsed:      320996 kB
VmallocChunk:   34359412860 kB
HardwareCorrupted:     0 kB
AnonHugePages:   1947648 kB
CmaTotal:              0 kB
CmaFree:               0 kB
HugePages_Total:       0
HugePages_Free:        0
HugePages_Rsvd:        0
HugePages_Surp:        0
Hugepagesize:       2048 kB
DirectMap4k:      282036 kB
DirectMap2M:     7004160 kB
DirectMap1G:     1048576 kB


CPU:total 2 (2 cores per cpu, 1 threads per core) family 21 model 19 stepping 1, cmov, cx8, fxsr, mmx, sse, sse2, sse3, ssse3, sse4.1, sse4.2, popcnt, avx, aes, clmul, mmxext, 3dnowpref, lzcnt, sse4a, tsc, tscinvbit, tscinv, bmi1

/proc/cpuinfo:
processor	: 0
vendor_id	: AuthenticAMD
cpu family	: 21
model		: 19
model name	: AMD A4-4000 APU with Radeon(tm) HD Graphics
stepping	: 1
microcode	: 0x6001119
cpu MHz		: 3000.000
cache size	: 1024 KB
physical id	: 0
siblings	: 2
core id		: 0
cpu cores	: 1
apicid		: 16
initial apicid	: 0
fpu		: yes
fpu_exception	: yes
cpuid level	: 13
wp		: yes
flags		: fpu vme de pse tsc msr pae mce cx8 apic sep mtrr pge mca cmov pat pse36 clflush mmx fxsr sse sse2 ht syscall nx mmxext fxsr_opt pdpe1gb rdtscp lm constant_tsc rep_good nopl nonstop_tsc extd_apicid aperfmperf pni pclmulqdq monitor ssse3 fma cx16 sse4_1 sse4_2 popcnt aes xsave avx f16c lahf_lm cmp_legacy svm extapic cr8_legacy abm sse4a misalignsse 3dnowprefetch osvw ibs xop skinit wdt lwp fma4 tce nodeid_msr tbm topoext perfctr_core perfctr_nb arat cpb hw_pstate npt lbrv svm_lock nrip_save tsc_scale vmcb_clean flushbyasid decodeassists pausefilter pfthreshold vmmcall bmi1
bugs		: fxsave_leak
bogomips	: 5988.89
TLB size	: 1536 4K pages
clflush size	: 64
cache_alignment	: 64
address sizes	: 48 bits physical, 48 bits virtual
power management: ts ttp tm 100mhzsteps hwpstate cpb eff_freq_ro

processor	: 1
vendor_id	: AuthenticAMD
cpu family	: 21
model		: 19
model name	: AMD A4-4000 APU with Radeon(tm) HD Graphics    
stepping	: 1
microcode	: 0x6001119
cpu MHz		: 3000.000
cache size	: 1024 KB
physical id	: 0
siblings	: 2
core id		: 1
cpu cores	: 1
apicid		: 17
initial apicid	: 1
fpu		: yes
fpu_exception	: yes
cpuid level	: 13
wp		: yes
flags		: fpu vme de pse tsc msr pae mce cx8 apic sep mtrr pge mca cmov pat pse36 clflush mmx fxsr sse sse2 ht syscall nx mmxext fxsr_opt pdpe1gb rdtscp lm constant_tsc rep_good nopl nonstop_tsc extd_apicid aperfmperf pni pclmulqdq monitor ssse3 fma cx16 sse4_1 sse4_2 popcnt aes xsave avx f16c lahf_lm cmp_legacy svm extapic cr8_legacy abm sse4a misalignsse 3dnowprefetch osvw ibs xop skinit wdt lwp fma4 tce nodeid_msr tbm topoext perfctr_core perfctr_nb arat cpb hw_pstate npt lbrv svm_lock nrip_save tsc_scale vmcb_clean flushbyasid decodeassists pausefilter pfthreshold vmmcall bmi1
bugs		: fxsave_leak
bogomips	: 5988.89
TLB size	: 1536 4K pages
clflush size	: 64
cache_alignment	: 64
address sizes	: 48 bits physical, 48 bits virtual
power management: ts ttp tm 100mhzsteps hwpstate cpb eff_freq_ro



Memory: 4k page, physical 8056656k(1995880k free), swap 3998716k(3998716k free)

vm_info: Java HotSpot(TM) 64-Bit Server VM (25.111-b14) for linux-amd64 JRE (1.8.0_111-b14), built on Sep 22 2016 16:14:03 by "java_re" with gcc 4.3.0 20080428 (Red Hat 4.3.0-8)

time: Mon Dec  5 22:55:13 2016
elapsed time: 10 seconds (0d 0h 0m 10s)

