#
# A fatal error has been detected by the Java Runtime Environment:
#
#  SIGSEGV (0xb) at pc=0x00007ff8d3ab83b5, pid=13963, tid=0x00007ff8d1585700
#
# JRE version: Java(TM) SE Runtime Environment (8.0_111-b14) (build 1.8.0_111-b14)
# Java VM: Java HotSpot(TM) 64-Bit Server VM (25.111-b14 mixed mode linux-amd64 compressed oops)
# Problematic frame:
# V  [libjvm.so+0x6483b5]  InstanceKlass::oop_follow_contents(ParCompactionManager*, oopDesc*)+0x2d5
#
# Failed to write core dump. Core dumps have been disabled. To enable core dumping, try "ulimit -c unlimited" before starting Java again
#
# If you would like to submit a bug report, please visit:
#   http://bugreport.java.com/bugreport/crash.jsp
#

---------------  T H R E A D  ---------------

Current thread (0x00007ff8cc021000):  GCTaskThread [stack: 0x00007ff8d1485000,0x00007ff8d1586000] [id=13974]

siginfo: si_signo: 11 (SIGSEGV), si_code: 128 (SI_KERNEL), si_addr: 0x0000000000000000

Registers:
RAX=0x00007ff8b9280000, RBX=0x0000000000000001, RCX=0x0000000000000000, RDX=0x007fffffffbd8000
RSP=0x00007ff8d1584960, RBP=0x00007ff8d15849c0, RSI=0x0000000000000001, RDI=0x0000000100001ef8
R8 =0x00000000850d3a3c, R9 =0x0010000000000000, R10=0x0000000000000002, R11=0x00007ff8d442f200
R12=0x00007ff8d4433220, R13=0x00000000850d3a04, R14=0x00007ff8cc021440, R15=0x00007ff8cc0b7e90
RIP=0x00007ff8d3ab83b5, EFLAGS=0x0000000000010216, CSGSFS=0x0000000000000033, ERR=0x0000000000000000
  TRAPNO=0x000000000000000d

Top of Stack: (sp=0x00007ff8d1584960)
0x00007ff8d1584960:   00000000850d3b7c 00000000850d39f8
0x00007ff8d1584970:   0000000100002178 0000000100002180
0x00007ff8d1584980:   00007ff8d15849a0 00007ff8cc0b7ed0
0x00007ff8d1584990:   00007ff8d4433220 00000000850d39f8
0x00007ff8d15849a0:   00007ff8cc0b7e90 00007ff8cc0b7e90
0x00007ff8d15849b0:   00007ff8cc021440 00007ff8cc0b7e90
0x00007ff8d15849c0:   00007ff8d1584a20 00007ff8d3acc04c
0x00007ff8d15849d0:   0000000100001940 0000000100001940
0x00007ff8d15849e0:   00007ff8d43e7e28 00007ff8cc0b7ed0
0x00007ff8d15849f0:   00000000d9601d00 00007ff8d442f200
0x00007ff8d1584a00:   00007ff8cc0b7e90 00007ff8cc0b7e90
0x00007ff8d1584a10:   00007ff8cc021440 00007ff8d3fbf7b8
0x00007ff8d1584a20:   00007ff8d1584bb0 00007ff8d3dea582
0x00007ff8d1584a30:   000000008533179d 00007ff8d4433390
0x00007ff8d1584a40:   00007ff8cc0b7ea0 00007ff8d1584b60
0x00007ff8d1584a50:   00007ff8d1584b30 00007ff8d1584b10
0x00007ff8d1584a60:   00007ff8d1584b00 00007ff8d1584af0
0x00007ff8d1584a70:   00007ff8d1584ae0 00007ff8d1584ad0
0x00007ff8d1584a80:   00007ff8d1584b00 00007ff8cc0b7f50
0x00007ff8d1584a90:   00000000852518b9 00007ff8d4424159
0x00007ff8d1584aa0:   00007ff8cc0f82e8 00007ff8cc0f82c0
0x00007ff8d1584ab0:   000000008533fd30 0000000000000400
0x00007ff8d1584ac0:   00007ff8cc0b7ed0 00007ff8d1584b78
0x00007ff8d1584ad0:   0000000000000001 0000000085340f4c
0x00007ff8d1584ae0:   00007ff8cc0f82c0 0000000000000000
0x00007ff8d1584af0:   0000000000000000 00007ff8d4c5a428
0x00007ff8d1584b00:   00007ff8d1584bf0 00007ff8d3dfc8e0
0x00007ff8d1584b10:   0000000085251070 00007ff8d1584b80
0x00007ff8d1584b20:   00007ff8cc022028 0000000000000000
0x00007ff8d1584b30:   00000000d9408b58 00007ff8cc0b7e90
0x00007ff8d1584b40:   00007ff8d1584b70 00007ff8d3df866c
0x00007ff8d1584b50:   00007ff8d1584c60 000000000000001f 

Instructions: (pc=0x00007ff8d3ab83b5)
0x00007ff8d3ab8395:   49 8b 44 24 30 48 c1 ee 03 48 d3 ee 48 89 f2 89
0x00007ff8d3ab83a5:   f1 be 01 00 00 00 83 e1 3f 48 c1 ea 06 48 d3 e6
0x00007ff8d3ab83b5:   48 85 34 d0 75 95 48 8b 05 6e ad 92 00 0f b6 10
0x00007ff8d3ab83c5:   84 d2 0f 85 b3 01 00 00 48 8b 7b 08 8b 77 08 83 

Register to memory mapping:

RAX=0x00007ff8b9280000 is an unknown value
RBX=0x0000000000000001 is an unknown value
RCX=0x0000000000000000 is an unknown value
RDX=0x007fffffffbd8000 is an unknown value
RSP=0x00007ff8d1584960 is an unknown value
RBP=0x00007ff8d15849c0 is an unknown value
RSI=0x0000000000000001 is an unknown value
RDI=0x0000000100001ef8 is pointing into metadata
R8 =0x00000000850d3a3c is pointing into object: 0x00000000850d39f8
java.lang.Class 
 - klass: 'java/lang/Class'
R9 =0x0010000000000000 is an unknown value
R10=0x0000000000000002 is an unknown value
R11=0x00007ff8d442f200: <offset 0xfbf200> in /usr/lib/jvm/jdk1.8.0_111/jre/lib/amd64/server/libjvm.so at 0x00007ff8d3470000
R12=0x00007ff8d4433220: <offset 0xfc3220> in /usr/lib/jvm/jdk1.8.0_111/jre/lib/amd64/server/libjvm.so at 0x00007ff8d3470000
R13=0x00000000850d3a04 is pointing into object: 0x00000000850d39f8
java.lang.Class 
 - klass: 'java/lang/Class'
R14=0x00007ff8cc021440 is an unknown value
R15=0x00007ff8cc0b7e90 is an unknown value


Stack: [0x00007ff8d1485000,0x00007ff8d1586000],  sp=0x00007ff8d1584960,  free space=1022k
Native frames: (J=compiled Java code, j=interpreted, Vv=VM code, C=native code)
V  [libjvm.so+0x6483b5]  InstanceKlass::oop_follow_contents(ParCompactionManager*, oopDesc*)+0x2d5
V  [libjvm.so+0x65c04c]  InstanceMirrorKlass::oop_follow_contents(ParCompactionManager*, oopDesc*)+0x1c
V  [libjvm.so+0x97a582]  ParCompactionManager::follow_marking_stacks()+0x232
V  [libjvm.so+0x95fae8]  MarkFromRootsTask::do_it(GCTaskManager*, unsigned int)+0x88
V  [libjvm.so+0x5d729f]  GCTaskThread::run()+0x12f
V  [libjvm.so+0x924ea8]  java_start(Thread*)+0x108


---------------  P R O C E S S  ---------------

Java Threads: ( => current thread )
  0x00007ff874332000 JavaThread "Prism Font Disposer" daemon [_thread_blocked, id=14069, stack(0x00007ff880a57000,0x00007ff880b58000)]
  0x0000000000f28000 JavaThread "Thread-4" daemon [_thread_blocked, id=14043, stack(0x00007ff86f4ce000,0x00007ff86f5cf000)]
  0x00007ff8cc2bf000 JavaThread "JavaFX-Launcher" [_thread_blocked, id=14015, stack(0x00007ff8818df000,0x00007ff8819e0000)]
  0x00007ff8cc2bb800 JavaThread "JavaFX Application Thread" [_thread_blocked, id=14005, stack(0x00007ff8819e6000,0x00007ff881ae7000)]
  0x00007ff8cc2b7800 JavaThread "Thread-1" daemon [_thread_blocked, id=14002, stack(0x00007ff881ae7000,0x00007ff881be8000)]
  0x00007ff8cc261000 JavaThread "QuantumRenderer-0" daemon [_thread_blocked, id=13987, stack(0x00007ff8b809a000,0x00007ff8b819b000)]
  0x00007ff8cc141000 JavaThread "Service Thread" daemon [_thread_blocked, id=13985, stack(0x00007ff8b8334000,0x00007ff8b8435000)]
  0x00007ff8cc13e800 JavaThread "C1 CompilerThread1" daemon [_thread_blocked, id=13981, stack(0x00007ff8b8435000,0x00007ff8b8536000)]
  0x00007ff8cc13b800 JavaThread "C2 CompilerThread0" daemon [_thread_blocked, id=13980, stack(0x00007ff8b8536000,0x00007ff8b8637000)]
  0x00007ff8cc13a000 JavaThread "Signal Dispatcher" daemon [_thread_blocked, id=13979, stack(0x00007ff8b8637000,0x00007ff8b8738000)]
  0x00007ff8cc107000 JavaThread "Finalizer" daemon [_thread_blocked, id=13977, stack(0x00007ff8b8c7a000,0x00007ff8b8d7b000)]
  0x00007ff8cc102800 JavaThread "Reference Handler" daemon [_thread_blocked, id=13976, stack(0x00007ff8b8d7b000,0x00007ff8b8e7c000)]
  0x00007ff8cc00a000 JavaThread "main" [_thread_blocked, id=13966, stack(0x00007ff8d4f89000,0x00007ff8d508a000)]

Other Threads:
  0x00007ff8cc0fa800 VMThread [stack: 0x00007ff8b8e7c000,0x00007ff8b8f7d000] [id=13975]
  0x00007ff8cc144800 WatcherThread [stack: 0x00007ff8b8233000,0x00007ff8b8334000] [id=13986]

=>0x00007ff8cc021000 (exited) GCTaskThread [stack: 0x00007ff8d1485000,0x00007ff8d1586000] [id=13974]

VM state:at safepoint (normal execution)

VM Mutex/Monitor currently owned by a thread:  ([mutex/lock_event])
[0x00007ff8cc006220] Threads_lock - owner thread: 0x00007ff8cc0fa800
[0x00007ff8cc006720] Heap_lock - owner thread: 0x00007ff8cc261000

Heap:
 PSYoungGen      total 36864K, used 5104K [0x00000000d7000000, 0x00000000d9900000, 0x0000000100000000)
  eden space 31744K, 0% used [0x00000000d7000000,0x00000000d7000000,0x00000000d8f00000)
  from space 5120K, 99% used [0x00000000d9400000,0x00000000d98fc030,0x00000000d9900000)
  to   space 5120K, 0% used [0x00000000d8f00000,0x00000000d8f00000,0x00000000d9400000)
 ParOldGen       total 84992K, used 3479K [0x0000000085000000, 0x000000008a300000, 0x00000000d7000000)
  object space 84992K, 4% used [0x0000000085000000,0x0000000085365d30,0x000000008a300000)
 Metaspace       used 19713K, capacity 21158K, committed 21248K, reserved 1067008K
  class space    used 3001K, capacity 3284K, committed 3328K, reserved 1048576K

Card table byte_map: [0x00007ff8d1917000,0x00007ff8d1cf0000] byte_map_base: 0x00007ff8d14ef000

Marking Bits: (ParMarkBitMap*) 0x00007ff8d4433220
 Begin Bits: [0x00007ff8b9280000, 0x00007ff8bb140000)
 End Bits:   [0x00007ff8bb140000, 0x00007ff8bd000000)

Polling page: 0x00007ff8d4f88000

CodeCache: size=245760Kb used=6900Kb max_used=6900Kb free=238859Kb
 bounds [0x00007ff8bd000000, 0x00007ff8bd6d0000, 0x00007ff8cc000000]
 total_blobs=2750 nmethods=2108 adapters=556
 compilation: enabled

Compilation events (10 events):
Event: 6.217 Thread 0x00007ff8cc13e800 2112       3       com.sun.prism.paint.Color::getAlpha (5 bytes)
Event: 6.217 Thread 0x00007ff8cc13e800 nmethod 2112 0x00007ff8bd6bf950 code [0x00007ff8bd6bfaa0, 0x00007ff8bd6bfbf0]
Event: 6.217 Thread 0x00007ff8cc13e800 2113       3       com.sun.prism.paint.Color::getBluePremult (10 bytes)
Event: 6.217 Thread 0x00007ff8cc13e800 nmethod 2113 0x00007ff8bd6bfc90 code [0x00007ff8bd6bfde0, 0x00007ff8bd6bff50]
Event: 6.217 Thread 0x00007ff8cc13e800 2114       3       com.sun.prism.paint.Color::getGreenPremult (10 bytes)
Event: 6.218 Thread 0x00007ff8cc13e800 nmethod 2114 0x00007ff8bd6bffd0 code [0x00007ff8bd6c0120, 0x00007ff8bd6c0290]
Event: 6.218 Thread 0x00007ff8cc13e800 2115       3       com.sun.prism.paint.Color::getRedPremult (10 bytes)
Event: 6.218 Thread 0x00007ff8cc13e800 nmethod 2115 0x00007ff8bd6c0310 code [0x00007ff8bd6c0460, 0x00007ff8bd6c05d0]
Event: 6.218 Thread 0x00007ff8cc13e800 2116       3       com.sun.prism.impl.ps.PaintHelper::insertInterpColor (119 bytes)
Event: 6.219 Thread 0x00007ff8cc13e800 nmethod 2116 0x00007ff8bd6c0650 code [0x00007ff8bd6c0860, 0x00007ff8bd6c1230]

GC Heap History (5 events):
Event: 2.584 GC heap before
{Heap before GC invocations=1 (full 0):
 PSYoungGen      total 36864K, used 31744K [0x00000000d7000000, 0x00000000d9900000, 0x0000000100000000)
  eden space 31744K, 100% used [0x00000000d7000000,0x00000000d8f00000,0x00000000d8f00000)
  from space 5120K, 0% used [0x00000000d9400000,0x00000000d9400000,0x00000000d9900000)
  to   space 5120K, 0% used [0x00000000d8f00000,0x00000000d8f00000,0x00000000d9400000)
 ParOldGen       total 84992K, used 0K [0x0000000085000000, 0x000000008a300000, 0x00000000d7000000)
  object space 84992K, 0% used [0x0000000085000000,0x0000000085000000,0x000000008a300000)
 Metaspace       used 12044K, capacity 12534K, committed 12800K, reserved 1060864K
  class space    used 1634K, capacity 1764K, committed 1792K, reserved 1048576K
Event: 2.604 GC heap after
Heap after GC invocations=1 (full 0):
 PSYoungGen      total 36864K, used 4272K [0x00000000d7000000, 0x00000000d9900000, 0x0000000100000000)
  eden space 31744K, 0% used [0x00000000d7000000,0x00000000d7000000,0x00000000d8f00000)
  from space 5120K, 83% used [0x00000000d8f00000,0x00000000d932c050,0x00000000d9400000)
  to   space 5120K, 0% used [0x00000000d9400000,0x00000000d9400000,0x00000000d9900000)
 ParOldGen       total 84992K, used 72K [0x0000000085000000, 0x000000008a300000, 0x00000000d7000000)
  object space 84992K, 0% used [0x0000000085000000,0x0000000085012010,0x000000008a300000)
 Metaspace       used 12044K, capacity 12534K, committed 12800K, reserved 1060864K
  class space    used 1634K, capacity 1764K, committed 1792K, reserved 1048576K
}
Event: 6.222 GC heap before
{Heap before GC invocations=2 (full 0):
 PSYoungGen      total 36864K, used 32741K [0x00000000d7000000, 0x00000000d9900000, 0x0000000100000000)
  eden space 31744K, 89% used [0x00000000d7000000,0x00000000d8bcd5b0,0x00000000d8f00000)
  from space 5120K, 83% used [0x00000000d8f00000,0x00000000d932c050,0x00000000d9400000)
  to   space 5120K, 0% used [0x00000000d9400000,0x00000000d9400000,0x00000000d9900000)
 ParOldGen       total 84992K, used 72K [0x0000000085000000, 0x000000008a300000, 0x00000000d7000000)
  object space 84992K, 0% used [0x0000000085000000,0x0000000085012010,0x000000008a300000)
 Metaspace       used 19713K, capacity 21158K, committed 21248K, reserved 1067008K
  class space    used 3001K, capacity 3284K, committed 3328K, reserved 1048576K
Event: 6.257 GC heap after
Heap after GC invocations=2 (full 0):
 PSYoungGen      total 36864K, used 5104K [0x00000000d7000000, 0x00000000d9900000, 0x0000000100000000)
  eden space 31744K, 0% used [0x00000000d7000000,0x00000000d7000000,0x00000000d8f00000)
  from space 5120K, 99% used [0x00000000d9400000,0x00000000d98fc030,0x00000000d9900000)
  to   space 5120K, 0% used [0x00000000d8f00000,0x00000000d8f00000,0x00000000d9400000)
 ParOldGen       total 84992K, used 3479K [0x0000000085000000, 0x000000008a300000, 0x00000000d7000000)
  object space 84992K, 4% used [0x0000000085000000,0x0000000085365d30,0x000000008a300000)
 Metaspace       used 19713K, capacity 21158K, committed 21248K, reserved 1067008K
  class space    used 3001K, capacity 3284K, committed 3328K, reserved 1048576K
}
Event: 6.257 GC heap before
{Heap before GC invocations=3 (full 1):
 PSYoungGen      total 36864K, used 5104K [0x00000000d7000000, 0x00000000d9900000, 0x0000000100000000)
  eden space 31744K, 0% used [0x00000000d7000000,0x00000000d7000000,0x00000000d8f00000)
  from space 5120K, 99% used [0x00000000d9400000,0x00000000d98fc030,0x00000000d9900000)
  to   space 5120K, 0% used [0x00000000d8f00000,0x00000000d8f00000,0x00000000d9400000)
 ParOldGen       total 84992K, used 3479K [0x0000000085000000, 0x000000008a300000, 0x00000000d7000000)
  object space 84992K, 4% used [0x0000000085000000,0x0000000085365d30,0x000000008a300000)
 Metaspace       used 19713K, capacity 21158K, committed 21248K, reserved 1067008K
  class space    used 3001K, capacity 3284K, committed 3328K, reserved 1048576K

Deoptimization events (10 events):
Event: 4.283 Thread 0x00007ff8cc2bb800 Uncommon trap: reason=array_check action=maybe_recompile pc=0x00007ff8bd4d7964 method=com.sun.javafx.css.SimpleSelector.applies(Ljavafx/css/Styleable;[Ljava/util/Set;I)Z @ 37
Event: 4.420 Thread 0x00007ff8cc2bb800 Uncommon trap: reason=array_check action=maybe_recompile pc=0x00007ff8bd4fb3a4 method=com.sun.javafx.css.SimpleSelector.applies(Ljavafx/css/Styleable;[Ljava/util/Set;I)Z @ 37
Event: 4.423 Thread 0x00007ff8cc2bb800 Uncommon trap: reason=unstable_if action=reinterpret pc=0x00007ff8bd477728 method=com.sun.javafx.css.BitSet.addAll(Ljava/util/Collection;)Z @ 1
Event: 4.929 Thread 0x00007ff8cc2bb800 Uncommon trap: reason=unstable_if action=reinterpret pc=0x00007ff8bd456034 method=com.sun.javafx.css.BitSet.add(Ljava/lang/Object;)Z @ 91
Event: 5.758 Thread 0x00007ff8cc2bb800 Uncommon trap: reason=unstable_if action=reinterpret pc=0x00007ff8bd3addf4 method=jdk.internal.org.objectweb.asm.Type.getArgumentsAndReturnSizes(Ljava/lang/String;)I @ 47
Event: 5.773 Thread 0x00007ff8cc2bb800 Uncommon trap: reason=unstable_if action=reinterpret pc=0x00007ff8bd63371c method=javafx.scene.Node.transformedBoundsChanged()V @ 4
Event: 5.773 Thread 0x00007ff8cc2bb800 Uncommon trap: reason=bimorphic action=maybe_recompile pc=0x00007ff8bd634de0 method=javafx.scene.Node.impl_geomChanged()V @ 33
Event: 5.773 Thread 0x00007ff8cc2bb800 Uncommon trap: reason=bimorphic action=maybe_recompile pc=0x00007ff8bd634de0 method=javafx.scene.Node.impl_geomChanged()V @ 33
Event: 5.773 Thread 0x00007ff8cc2bb800 Uncommon trap: reason=bimorphic action=maybe_recompile pc=0x00007ff8bd634de0 method=javafx.scene.Node.impl_geomChanged()V @ 33
Event: 5.773 Thread 0x00007ff8cc2bb800 Uncommon trap: reason=bimorphic action=maybe_recompile pc=0x00007ff8bd634de0 method=javafx.scene.Node.impl_geomChanged()V @ 33

Internal exceptions (10 events):
Event: 1.818 Thread 0x00007ff8cc2bb800 Exception <a 'java/lang/ArrayIndexOutOfBoundsException'> (0x00000000d83b6218) thrown at [/HUDSON3/workspace/8-2-build-linux-amd64/jdk8u111/7883/hotspot/src/share/vm/runtime/sharedRuntime.cpp, line 605]
Event: 1.897 Thread 0x00007ff8cc2bb800 Exception <a 'java/lang/ArrayIndexOutOfBoundsException'> (0x00000000d85b39e0) thrown at [/HUDSON3/workspace/8-2-build-linux-amd64/jdk8u111/7883/hotspot/src/share/vm/runtime/sharedRuntime.cpp, line 605]
Event: 1.988 Thread 0x00007ff8cc2bb800 Exception <a 'java/lang/ArrayIndexOutOfBoundsException'> (0x00000000d8728a10) thrown at [/HUDSON3/workspace/8-2-build-linux-amd64/jdk8u111/7883/hotspot/src/share/vm/runtime/sharedRuntime.cpp, line 605]
Event: 2.064 Thread 0x00007ff8cc2bb800 Exception <a 'java/lang/ArrayIndexOutOfBoundsException'> (0x00000000d888f848) thrown at [/HUDSON3/workspace/8-2-build-linux-amd64/jdk8u111/7883/hotspot/src/share/vm/runtime/sharedRuntime.cpp, line 605]
Event: 2.101 Thread 0x00007ff8cc2bb800 Exception <a 'java/lang/ArrayIndexOutOfBoundsException'> (0x00000000d8990f10) thrown at [/HUDSON3/workspace/8-2-build-linux-amd64/jdk8u111/7883/hotspot/src/share/vm/runtime/sharedRuntime.cpp, line 605]
Event: 2.322 Thread 0x00007ff8cc2bb800 Exception <a 'java/lang/ArrayIndexOutOfBoundsException'> (0x00000000d8b99eb8) thrown at [/HUDSON3/workspace/8-2-build-linux-amd64/jdk8u111/7883/hotspot/src/share/vm/runtime/sharedRuntime.cpp, line 605]
Event: 2.543 Thread 0x00007ff8cc2bb800 Exception <a 'java/lang/ArrayIndexOutOfBoundsException'> (0x00000000d8e663f0) thrown at [/HUDSON3/workspace/8-2-build-linux-amd64/jdk8u111/7883/hotspot/src/share/vm/runtime/sharedRuntime.cpp, line 605]
Event: 3.254 Thread 0x00007ff8cc2bb800 Implicit null exception at 0x00007ff8bd275bf5 to 0x00007ff8bd275e0d
Event: 3.254 Thread 0x00007ff8cc2bb800 Implicit null exception at 0x00007ff8bd34e6d8 to 0x00007ff8bd34e766
Event: 4.422 Thread 0x00007ff8cc2bb800 Implicit null exception at 0x00007ff8bd477210 to 0x00007ff8bd477715

Events (10 events):
Event: 6.209 loading class com/sun/prism/shader/FillPgram_LinearGradient_PAD_Loader done
Event: 6.220 loading class com/sun/scenario/effect/impl/prism/PrRenderInfo
Event: 6.220 loading class com/sun/scenario/effect/impl/prism/PrRenderInfo done
Event: 6.220 loading class com/sun/scenario/effect/ImageDataRenderer
Event: 6.220 loading class com/sun/scenario/effect/ImageDataRenderer done
Event: 6.221 loading class com/sun/scenario/effect/impl/ImagePool
Event: 6.221 loading class com/sun/scenario/effect/impl/ImagePool done
Event: 6.221 loading class com/sun/scenario/effect/impl/ImagePool$1
Event: 6.221 loading class com/sun/scenario/effect/impl/ImagePool$1 done
Event: 6.222 Executing VM operation: CollectForMetadataAllocation


Dynamic libraries:
00400000-00401000 r-xp 00000000 08:06 10486455                           /usr/lib/jvm/jdk1.8.0_111/jre/bin/java
00600000-00601000 rw-p 00000000 08:06 10486455                           /usr/lib/jvm/jdk1.8.0_111/jre/bin/java
00f01000-00f49000 rw-p 00000000 00:00 0                                  [heap]
409c0000-40a5f000 rw-p 00000000 00:00 0 
41858000-4185a000 r-xs 00000000 08:06 131095                             /tmp/.glIRTjLh (deleted)
85000000-8a300000 rw-p 00000000 00:00 0 
8a300000-d7000000 ---p 00000000 00:00 0 
d7000000-d9900000 rw-p 00000000 00:00 0 
d9900000-100000000 ---p 00000000 00:00 0 
100000000-100340000 rw-p 00000000 00:00 0 
100340000-140000000 ---p 00000000 00:00 0 
7ff86d6fa000-7ff86e190000 rw-p 00000000 00:00 0 
7ff86e190000-7ff86e23a000 r--p 00000000 08:06 1445411                    /usr/share/fonts/truetype/dejavu/DejaVuSans-Bold.ttf
7ff86e240000-7ff86e3c0000 rw-p 00000000 00:00 0 
7ff86e3c0000-7ff86e440000 ---p 00000000 00:00 0 
7ff86e440000-7ff86e640000 rw-p 00000000 00:00 0 
7ff86e640000-7ff86e6f6000 r--p 00000000 08:06 1445415                    /usr/share/fonts/truetype/dejavu/DejaVuSans.ttf
7ff86e6f8000-7ff86e727000 r-xp 00000000 08:06 788682                     /usr/lib/x86_64-linux-gnu/gtk-2.0/2.10.0/engines/libmurrine.so
7ff86e727000-7ff86e927000 ---p 0002f000 08:06 788682                     /usr/lib/x86_64-linux-gnu/gtk-2.0/2.10.0/engines/libmurrine.so
7ff86e927000-7ff86e928000 r--p 0002f000 08:06 788682                     /usr/lib/x86_64-linux-gnu/gtk-2.0/2.10.0/engines/libmurrine.so
7ff86e928000-7ff86e929000 rw-p 00030000 08:06 788682                     /usr/lib/x86_64-linux-gnu/gtk-2.0/2.10.0/engines/libmurrine.so
7ff86e930000-7ff86e939000 r-xp 00000000 08:06 787773                     /usr/lib/x86_64-linux-gnu/gtk-2.0/2.10.0/engines/libpixmap.so
7ff86e939000-7ff86eb39000 ---p 00009000 08:06 787773                     /usr/lib/x86_64-linux-gnu/gtk-2.0/2.10.0/engines/libpixmap.so
7ff86eb39000-7ff86eb3a000 r--p 00009000 08:06 787773                     /usr/lib/x86_64-linux-gnu/gtk-2.0/2.10.0/engines/libpixmap.so
7ff86eb3a000-7ff86eb3b000 rw-p 0000a000 08:06 787773                     /usr/lib/x86_64-linux-gnu/gtk-2.0/2.10.0/engines/libpixmap.so
7ff86eb40000-7ff86ebbb000 r-xp 00000000 08:06 794106                     /usr/lib/x86_64-linux-gnu/nss/libfreebl3.so
7ff86ebbb000-7ff86edba000 ---p 0007b000 08:06 794106                     /usr/lib/x86_64-linux-gnu/nss/libfreebl3.so
7ff86edba000-7ff86edbc000 r--p 0007a000 08:06 794106                     /usr/lib/x86_64-linux-gnu/nss/libfreebl3.so
7ff86edbc000-7ff86edbd000 rw-p 0007c000 08:06 794106                     /usr/lib/x86_64-linux-gnu/nss/libfreebl3.so
7ff86edbd000-7ff86edc1000 rw-p 00000000 00:00 0 
7ff86edc8000-7ff86ee7c000 r-xp 00000000 08:06 271632                     /usr/lib/x86_64-linux-gnu/libsqlite3.so.0.8.6
7ff86ee7c000-7ff86f07c000 ---p 000b4000 08:06 271632                     /usr/lib/x86_64-linux-gnu/libsqlite3.so.0.8.6
7ff86f07c000-7ff86f07e000 r--p 000b4000 08:06 271632                     /usr/lib/x86_64-linux-gnu/libsqlite3.so.0.8.6
7ff86f07e000-7ff86f080000 rw-p 000b6000 08:06 271632                     /usr/lib/x86_64-linux-gnu/libsqlite3.so.0.8.6
7ff86f080000-7ff86f081000 rw-p 00000000 00:00 0 
7ff86f088000-7ff86f0c9000 r-xp 00000000 08:06 794105                     /usr/lib/x86_64-linux-gnu/nss/libsoftokn3.so
7ff86f0c9000-7ff86f2c8000 ---p 00041000 08:06 794105                     /usr/lib/x86_64-linux-gnu/nss/libsoftokn3.so
7ff86f2c8000-7ff86f2c9000 r--p 00040000 08:06 794105                     /usr/lib/x86_64-linux-gnu/nss/libsoftokn3.so
7ff86f2c9000-7ff86f2ca000 rw-p 00041000 08:06 794105                     /usr/lib/x86_64-linux-gnu/nss/libsoftokn3.so
7ff86f2ce000-7ff86f4ce000 rw-p 00000000 00:00 0 
7ff86f4ce000-7ff86f4d1000 ---p 00000000 00:00 0 
7ff86f4d1000-7ff86f5cf000 rw-p 00000000 00:00 0                          [stack:14043]
7ff86f5cf000-7ff86f5d0000 ---p 00000000 00:00 0 
7ff86f5d0000-7ff86fdd0000 rw-p 00000000 00:00 0                          [stack:14042]
7ff86fdd0000-7ff86fe14000 r-xp 00000000 08:06 11276542                   /lib/x86_64-linux-gnu/libdbus-1.so.3.7.6
7ff86fe14000-7ff870013000 ---p 00044000 08:06 11276542                   /lib/x86_64-linux-gnu/libdbus-1.so.3.7.6
7ff870013000-7ff870014000 r--p 00043000 08:06 11276542                   /lib/x86_64-linux-gnu/libdbus-1.so.3.7.6
7ff870014000-7ff870015000 rw-p 00044000 08:06 11276542                   /lib/x86_64-linux-gnu/libdbus-1.so.3.7.6
7ff870018000-7ff870020000 r-xp 00000000 08:06 11276591                   /lib/x86_64-linux-gnu/libnih-dbus.so.1.0.0
7ff870020000-7ff870220000 ---p 00008000 08:06 11276591                   /lib/x86_64-linux-gnu/libnih-dbus.so.1.0.0
7ff870220000-7ff870221000 r--p 00008000 08:06 11276591                   /lib/x86_64-linux-gnu/libnih-dbus.so.1.0.0
7ff870221000-7ff870222000 rw-p 00009000 08:06 11276591                   /lib/x86_64-linux-gnu/libnih-dbus.so.1.0.0
7ff870228000-7ff87023f000 r-xp 00000000 08:06 11276593                   /lib/x86_64-linux-gnu/libnih.so.1.0.0
7ff87023f000-7ff87043e000 ---p 00017000 08:06 11276593                   /lib/x86_64-linux-gnu/libnih.so.1.0.0
7ff87043e000-7ff87043f000 r--p 00016000 08:06 11276593                   /lib/x86_64-linux-gnu/libnih.so.1.0.0
7ff87043f000-7ff870440000 rw-p 00017000 08:06 11276593                   /lib/x86_64-linux-gnu/libnih.so.1.0.0
7ff870440000-7ff870459000 r-xp 00000000 08:06 11276533                   /lib/x86_64-linux-gnu/libcgmanager.so.0.0.0
7ff870459000-7ff870658000 ---p 00019000 08:06 11276533                   /lib/x86_64-linux-gnu/libcgmanager.so.0.0.0
7ff870658000-7ff87065a000 r--p 00018000 08:06 11276533                   /lib/x86_64-linux-gnu/libcgmanager.so.0.0.0
7ff87065a000-7ff87065b000 rw-p 0001a000 08:06 11276533                   /lib/x86_64-linux-gnu/libcgmanager.so.0.0.0
7ff870660000-7ff870699000 r-xp 00000000 08:06 268901                     /usr/lib/x86_64-linux-gnu/libnspr4.so
7ff870699000-7ff870898000 ---p 00039000 08:06 268901                     /usr/lib/x86_64-linux-gnu/libnspr4.so
7ff870898000-7ff870899000 r--p 00038000 08:06 268901                     /usr/lib/x86_64-linux-gnu/libnspr4.so
7ff870899000-7ff87089a000 rw-p 00039000 08:06 268901                     /usr/lib/x86_64-linux-gnu/libnspr4.so
7ff87089a000-7ff87089d000 rw-p 00000000 00:00 0 
7ff8708a0000-7ff8708a3000 r-xp 00000000 08:06 268900                     /usr/lib/x86_64-linux-gnu/libplds4.so
7ff8708a3000-7ff870aa2000 ---p 00003000 08:06 268900                     /usr/lib/x86_64-linux-gnu/libplds4.so
7ff870aa2000-7ff870aa3000 r--p 00002000 08:06 268900                     /usr/lib/x86_64-linux-gnu/libplds4.so
7ff870aa3000-7ff870aa4000 rw-p 00003000 08:06 268900                     /usr/lib/x86_64-linux-gnu/libplds4.so
7ff870aa8000-7ff870aac000 r-xp 00000000 08:06 268861                     /usr/lib/x86_64-linux-gnu/libplc4.so
7ff870aac000-7ff870cab000 ---p 00004000 08:06 268861                     /usr/lib/x86_64-linux-gnu/libplc4.so
7ff870cab000-7ff870cac000 r--p 00003000 08:06 268861                     /usr/lib/x86_64-linux-gnu/libplc4.so
7ff870cac000-7ff870cad000 rw-p 00004000 08:06 268861                     /usr/lib/x86_64-linux-gnu/libplc4.so
7ff870cb0000-7ff870cd5000 r-xp 00000000 08:06 268074                     /usr/lib/x86_64-linux-gnu/libnssutil3.so
7ff870cd5000-7ff870ed5000 ---p 00025000 08:06 268074                     /usr/lib/x86_64-linux-gnu/libnssutil3.so
7ff870ed5000-7ff870edb000 r--p 00025000 08:06 268074                     /usr/lib/x86_64-linux-gnu/libnssutil3.so
7ff870edb000-7ff870edc000 rw-p 0002b000 08:06 268074                     /usr/lib/x86_64-linux-gnu/libnssutil3.so
7ff870ee0000-7ff870f37000 r-xp 00000000 08:06 787714                     /usr/local/lib/libfprint.so.0.0.0
7ff870f37000-7ff871136000 ---p 00057000 08:06 787714                     /usr/local/lib/libfprint.so.0.0.0
7ff871136000-7ff871137000 r--p 00056000 08:06 787714                     /usr/local/lib/libfprint.so.0.0.0
7ff871137000-7ff871148000 rw-p 00057000 08:06 787714                     /usr/local/lib/libfprint.so.0.0.0
7ff871148000-7ff873ff9000 rw-p 00000000 00:00 0 
7ff874000000-7ff8743f1000 rw-p 00000000 00:00 0 
7ff8743f1000-7ff878000000 ---p 00000000 00:00 0 
7ff878000000-7ff878021000 rw-p 00000000 00:00 0 
7ff878021000-7ff87c000000 ---p 00000000 00:00 0 
7ff87c000000-7ff87c021000 rw-p 00000000 00:00 0 
7ff87c021000-7ff880000000 ---p 00000000 00:00 0 
7ff8800b0000-7ff8800c0000 r-xp 00000000 08:06 11276675                   /lib/x86_64-linux-gnu/libudev.so.1.3.5
7ff8800c0000-7ff8802bf000 ---p 00010000 08:06 11276675                   /lib/x86_64-linux-gnu/libudev.so.1.3.5
7ff8802bf000-7ff8802c0000 r--p 0000f000 08:06 11276675                   /lib/x86_64-linux-gnu/libudev.so.1.3.5
7ff8802c0000-7ff8802c1000 rw-p 00010000 08:06 11276675                   /lib/x86_64-linux-gnu/libudev.so.1.3.5
7ff8802c8000-7ff8803fd000 r-xp 00000000 08:06 268076                     /usr/lib/x86_64-linux-gnu/libnss3.so
7ff8803fd000-7ff8805fc000 ---p 00135000 08:06 268076                     /usr/lib/x86_64-linux-gnu/libnss3.so
7ff8805fc000-7ff880601000 r--p 00134000 08:06 268076                     /usr/lib/x86_64-linux-gnu/libnss3.so
7ff880601000-7ff880603000 rw-p 00139000 08:06 268076                     /usr/lib/x86_64-linux-gnu/libnss3.so
7ff880603000-7ff880604000 rw-p 00000000 00:00 0 
7ff880608000-7ff88061d000 r-xp 00000000 08:06 11276681                   /lib/x86_64-linux-gnu/libusb-1.0.so.0.1.0
7ff88061d000-7ff88081d000 ---p 00015000 08:06 11276681                   /lib/x86_64-linux-gnu/libusb-1.0.so.0.1.0
7ff88081d000-7ff88081e000 r--p 00015000 08:06 11276681                   /lib/x86_64-linux-gnu/libusb-1.0.so.0.1.0
7ff88081e000-7ff88081f000 rw-p 00016000 08:06 11276681                   /lib/x86_64-linux-gnu/libusb-1.0.so.0.1.0
7ff880825000-7ff880838000 r--s 00345000 08:06 10486404                   /usr/lib/jvm/jdk1.8.0_111/jre/lib/resources.jar
7ff88083c000-7ff880841000 r--s 00084000 08:06 10486279                   /usr/lib/jvm/jdk1.8.0_111/jre/lib/jfr.jar
7ff880848000-7ff88084e000 r-xp 00000000 08:06 131106                     /tmp/libfingerprint6230453967567426570.so
7ff88084e000-7ff880a4d000 ---p 00006000 08:06 131106                     /tmp/libfingerprint6230453967567426570.so
7ff880a4d000-7ff880a4e000 r--p 00005000 08:06 131106                     /tmp/libfingerprint6230453967567426570.so
7ff880a4e000-7ff880a4f000 rw-p 00006000 08:06 131106                     /tmp/libfingerprint6230453967567426570.so
7ff880a4f000-7ff880a53000 r--s 00097000 08:06 10486124                   /usr/lib/jvm/jdk1.8.0_111/jre/lib/jsse.jar
7ff880a57000-7ff880a5a000 ---p 00000000 00:00 0 
7ff880a5a000-7ff880d58000 rw-p 00000000 00:00 0                          [stack:14069]
7ff880d58000-7ff880e03000 r--p 00000000 08:06 10486268                   /usr/lib/jvm/jdk1.8.0_111/jre/lib/fonts/LucidaSansRegular.ttf
7ff880e08000-7ff880e42000 r--p 00000000 08:06 10486270                   /usr/lib/jvm/jdk1.8.0_111/jre/lib/fonts/LucidaTypewriterBold.ttf
7ff880e48000-7ff880e5b000 r--p 00000000 08:06 10486276                   /usr/lib/jvm/jdk1.8.0_111/jre/lib/fonts/LucidaBrightDemiItalic.ttf
7ff880e60000-7ff880eae000 r--p 00000000 08:06 10486275                   /usr/lib/jvm/jdk1.8.0_111/jre/lib/fonts/LucidaSansDemiBold.ttf
7ff880eb0000-7ff880eec000 r--p 00000000 08:06 10486274                   /usr/lib/jvm/jdk1.8.0_111/jre/lib/fonts/LucidaTypewriterRegular.ttf
7ff880ef0000-7ff880f45000 r--p 00000000 08:06 10486271                   /usr/lib/jvm/jdk1.8.0_111/jre/lib/fonts/LucidaBrightRegular.ttf
7ff880f48000-7ff880f5c000 r--p 00000000 08:06 10486272                   /usr/lib/jvm/jdk1.8.0_111/jre/lib/fonts/LucidaBrightItalic.ttf
7ff880f60000-7ff880f73000 r--p 00000000 08:06 10486269                   /usr/lib/jvm/jdk1.8.0_111/jre/lib/fonts/LucidaBrightDemiBold.ttf
7ff880f78000-7ff880f7c000 r-xp 00000000 08:06 10486217                   /usr/lib/jvm/jdk1.8.0_111/jre/lib/amd64/libjavafx_font_pango.so
7ff880f7c000-7ff88117b000 ---p 00004000 08:06 10486217                   /usr/lib/jvm/jdk1.8.0_111/jre/lib/amd64/libjavafx_font_pango.so
7ff88117b000-7ff88117c000 rw-p 00003000 08:06 10486217                   /usr/lib/jvm/jdk1.8.0_111/jre/lib/amd64/libjavafx_font_pango.so
7ff881180000-7ff881181000 r--s 00000000 08:06 3801416                    /var/cache/fontconfig/c05880de57d1f5e948fdfacc138775d9-le64.cache-4
7ff881188000-7ff881193000 r--s 00000000 08:06 3801409                    /var/cache/fontconfig/945677eb7aeaf62f1d50efc3fb3ec7d8-le64.cache-4
7ff881198000-7ff88119a000 r--s 00000000 08:06 3801411                    /var/cache/fontconfig/99e8ed0e538f840c565b6ed5dad60d56-le64.cache-4
7ff8811a0000-7ff8811a6000 r--s 00000000 08:06 3801393                    /var/cache/fontconfig/2cd17615ca594fa2959ae173292e504c-le64.cache-4
7ff8811a8000-7ff8811a9000 r--s 00000000 08:06 3801427                    /var/cache/fontconfig/e7071f4a29fa870f4323321c154eba04-le64.cache-4
7ff8811b0000-7ff8811b1000 r--s 00000000 08:06 3801390                    /var/cache/fontconfig/0d8c3b2ac0904cb8a57a757ad11a4a08-le64.cache-4
7ff8811b8000-7ff8811bf000 r--s 00000000 08:06 3801413                    /var/cache/fontconfig/a755afe4a08bf5b97852ceb7400b47bc-le64.cache-4
7ff8811c0000-7ff8811cc000 r--s 00000000 08:06 3801404                    /var/cache/fontconfig/6d41288fd70b0be22e8c3a91e032eec0-le64.cache-4
7ff8811d0000-7ff8811e4000 r--s 00000000 08:06 3801387                    /var/cache/fontconfig/04aabc0a78ac019cf9454389977116d2-le64.cache-4
7ff8811e8000-7ff8811e9000 r--s 00000000 08:06 3801392                    /var/cache/fontconfig/1ac9eb803944fde146138c791f5cc56a-le64.cache-4
7ff8811f0000-7ff8811f4000 r--s 00000000 08:06 3801396                    /var/cache/fontconfig/385c0604a188198f04d133e54aba7fe7-le64.cache-4
7ff8811f8000-7ff8811f9000 r--s 00000000 08:06 3801424                    /var/cache/fontconfig/dc05db6664285cc2f12bf69c139ae4c3-le64.cache-4
7ff881200000-7ff881202000 r--s 00000000 08:06 3801406                    /var/cache/fontconfig/767a8244fc0220cfb567a839d0392e0b-le64.cache-4
7ff881208000-7ff881209000 r--s 00000000 08:06 3801398                    /var/cache/fontconfig/4794a0821666d79190d59a36cb4f44b5-le64.cache-4
7ff881210000-7ff881222000 r--s 00000000 08:06 3801388                    /var/cache/fontconfig/0bd3dc0958fa2205aaaa8ebb13e2872b-le64.cache-4
7ff881228000-7ff88122d000 r--s 00000000 08:06 3801408                    /var/cache/fontconfig/8801497958630a81b71ace7c5f9b32a8-le64.cache-4
7ff881230000-7ff881236000 r--s 00000000 08:06 3816246                    /var/cache/fontconfig/ca37dee8d6057f2a069c1b3d05990269-le64.cache-4
7ff881238000-7ff88123c000 r--s 00000000 08:06 3815067                    /var/cache/fontconfig/c57959a16110560c8d0fcea73374aeeb-le64.cache-4
7ff881240000-7ff881247000 r--s 00000000 08:06 3801394                    /var/cache/fontconfig/3047814df9a2f067bd2d96a2b9c36e5a-le64.cache-4
7ff881248000-7ff881249000 r--s 00000000 08:06 3801400                    /var/cache/fontconfig/56cf4f4769d0f4abc89a4895d7bd3ae1-le64.cache-4
7ff881250000-7ff881251000 r--s 00000000 08:06 3801415                    /var/cache/fontconfig/b9d506c9ac06c20b433354fa67a72993-le64.cache-4
7ff881258000-7ff88125e000 r--s 00000000 08:06 3801414                    /var/cache/fontconfig/b47c4e1ecd0709278f4910c18777a504-le64.cache-4
7ff881260000-7ff881273000 r--s 00000000 08:06 3801421                    /var/cache/fontconfig/d52a8644073d54c13679302ca1180695-le64.cache-4
7ff881278000-7ff881281000 r--s 00000000 08:06 3801397                    /var/cache/fontconfig/3f7329c5293ffd510edef78f73874cfd-le64.cache-4
7ff881288000-7ff881293000 r--s 00000000 08:06 3801422                    /var/cache/fontconfig/d589a48862398ed80a3d6066f4f56f4c-le64.cache-4
7ff881298000-7ff8812a1000 r--s 00000000 08:06 3801419                    /var/cache/fontconfig/d0972c3d32f097851eb916381fc38920-le64.cache-4
7ff8812a8000-7ff8812ab000 r--s 00000000 08:06 3812658                    /var/cache/fontconfig/e13b20fdb08344e0e664864cc2ede53d-le64.cache-4
7ff8812b0000-7ff8812b4000 r--s 00000000 08:06 3816245                    /var/cache/fontconfig/7ef2298fde41cc6eeb7af42e48b7d293-le64.cache-4
7ff8812b8000-7ff8812bd000 r-xp 00000000 08:06 10486213                   /usr/lib/jvm/jdk1.8.0_111/jre/lib/amd64/libjavafx_font_freetype.so
7ff8812bd000-7ff8814bc000 ---p 00005000 08:06 10486213                   /usr/lib/jvm/jdk1.8.0_111/jre/lib/amd64/libjavafx_font_freetype.so
7ff8814bc000-7ff8814bd000 rw-p 00004000 08:06 10486213                   /usr/lib/jvm/jdk1.8.0_111/jre/lib/amd64/libjavafx_font_freetype.so
7ff8814c0000-7ff8814c3000 r-xp 00000000 08:06 10486175                   /usr/lib/jvm/jdk1.8.0_111/jre/lib/amd64/libjavafx_font.so
7ff8814c3000-7ff8816c2000 ---p 00003000 08:06 10486175                   /usr/lib/jvm/jdk1.8.0_111/jre/lib/amd64/libjavafx_font.so
7ff8816c2000-7ff8816c3000 rw-p 00002000 08:06 10486175                   /usr/lib/jvm/jdk1.8.0_111/jre/lib/amd64/libjavafx_font.so
7ff8816c8000-7ff8818c8000 rw-p 00000000 00:00 0 
7ff8818c8000-7ff8818cc000 r--s 00060000 08:06 10360238                   /home/xmbeat/NetBeansProjects/FingerprintLogin/dist/run1766125893/lib/webcam-capture-0.3.10.jar
7ff8818cd000-7ff8818cf000 r--s 00005000 08:06 10360237                   /home/xmbeat/NetBeansProjects/FingerprintLogin/dist/run1766125893/lib/slf4j-api-1.7.2.jar
7ff8818d2000-7ff8818d5000 r--s 0003a000 08:06 10360236                   /home/xmbeat/NetBeansProjects/FingerprintLogin/dist/run1766125893/lib/mysql-connector-java-3.0.17-ga-bin.jar
7ff8818d7000-7ff8818df000 r--s 000cf000 08:06 10360235                   /home/xmbeat/NetBeansProjects/FingerprintLogin/dist/run1766125893/lib/bridj-0.6.2.jar
7ff8818df000-7ff8818e2000 ---p 00000000 00:00 0 
7ff8818e2000-7ff8819e0000 rw-p 00000000 00:00 0                          [stack:14015]
7ff8819e0000-7ff8819e2000 rw-s 00000000 08:06 131095                     /tmp/.glIRTjLh (deleted)
7ff8819e6000-7ff8819e9000 ---p 00000000 00:00 0 
7ff8819e9000-7ff881ae7000 rw-p 00000000 00:00 0                          [stack:14005]
7ff881ae7000-7ff881aea000 ---p 00000000 00:00 0 
7ff881aea000-7ff881be8000 rw-p 00000000 00:00 0                          [stack:14002]
7ff881be8000-7ff881c12000 r--p 00000000 08:06 1314249                    /usr/share/locale-langpack/es/LC_MESSAGES/gtk20-properties.mo
7ff881c18000-7ff881c3e000 r--p 00000000 08:06 1314142                    /usr/share/locale-langpack/es/LC_MESSAGES/libc.mo
7ff881c40000-7ff881c47000 r--s 00000000 08:06 786750                     /usr/lib/x86_64-linux-gnu/gconv/gconv-modules.cache
7ff881c48000-7ff881c57000 r--p 00000000 08:06 1314186                    /usr/share/locale-langpack/es/LC_MESSAGES/gtk20.mo
7ff881c58000-7ff881c81000 r-xp 00000000 08:06 10486225                   /usr/lib/jvm/jdk1.8.0_111/jre/lib/amd64/libglass.so
7ff881c81000-7ff881e80000 ---p 00029000 08:06 10486225                   /usr/lib/jvm/jdk1.8.0_111/jre/lib/amd64/libglass.so
7ff881e80000-7ff881e83000 rw-p 00028000 08:06 10486225                   /usr/lib/jvm/jdk1.8.0_111/jre/lib/amd64/libglass.so
7ff881e83000-7ff881f03000 rw-s 3d80b000 00:06 11833                      /dev/nvidiactl
7ff881f08000-7ff881f09000 r--s 00000000 08:06 3801389                    /var/cache/fontconfig/0c9eb80ebd1c36541ebe2852d3bb0c49-le64.cache-4
7ff881f0b000-7ff881f8b000 rw-s 3f01b000 00:06 11833                      /dev/nvidiactl
7ff881f92000-7ff882012000 rw-s 6fc7a000 00:06 11833                      /dev/nvidiactl
7ff882016000-7ff882116000 rw-s 3f2c6000 00:06 11833                      /dev/nvidiactl
7ff882117000-7ff88212a000 rw-s 43daf000 00:06 11833                      /dev/nvidiactl
7ff882130000-7ff882150000 rw-s c0320000 00:06 11834                      /dev/nvidia0
7ff882156000-7ff882157000 rw-s 43dae000 00:06 11833                      /dev/nvidiactl
7ff88215b000-7ff88220f000 rw-s 22218b000 00:06 11833                     /dev/nvidiactl
7ff882210000-7ff882216000 r-xp 00000000 08:06 270780                     /usr/lib/x86_64-linux-gnu/libdatrie.so.1.3.1
7ff882216000-7ff882415000 ---p 00006000 08:06 270780                     /usr/lib/x86_64-linux-gnu/libdatrie.so.1.3.1
7ff882415000-7ff882416000 r--p 00005000 08:06 270780                     /usr/lib/x86_64-linux-gnu/libdatrie.so.1.3.1
7ff882416000-7ff882417000 rw-p 00006000 08:06 270780                     /usr/lib/x86_64-linux-gnu/libdatrie.so.1.3.1
7ff882418000-7ff88241d000 r-xp 00000000 08:06 270557                     /usr/lib/x86_64-linux-gnu/libXdmcp.so.6.0.0
7ff88241d000-7ff88261c000 ---p 00005000 08:06 270557                     /usr/lib/x86_64-linux-gnu/libXdmcp.so.6.0.0
7ff88261c000-7ff88261d000 r--p 00004000 08:06 270557                     /usr/lib/x86_64-linux-gnu/libXdmcp.so.6.0.0
7ff88261d000-7ff88261e000 rw-p 00005000 08:06 270557                     /usr/lib/x86_64-linux-gnu/libXdmcp.so.6.0.0
7ff882620000-7ff882622000 r-xp 00000000 08:06 270544                     /usr/lib/x86_64-linux-gnu/libXau.so.6.0.0
7ff882622000-7ff882822000 ---p 00002000 08:06 270544                     /usr/lib/x86_64-linux-gnu/libXau.so.6.0.0
7ff882822000-7ff882823000 r--p 00002000 08:06 270544                     /usr/lib/x86_64-linux-gnu/libXau.so.6.0.0
7ff882823000-7ff882824000 rw-p 00003000 08:06 270544                     /usr/lib/x86_64-linux-gnu/libXau.so.6.0.0
7ff882828000-7ff882842000 r-xp 00000000 08:06 263304                     /usr/lib/x86_64-linux-gnu/libgraphite2.so.3.0.1
7ff882842000-7ff882a41000 ---p 0001a000 08:06 263304                     /usr/lib/x86_64-linux-gnu/libgraphite2.so.3.0.1
7ff882a41000-7ff882a43000 r--p 00019000 08:06 263304                     /usr/lib/x86_64-linux-gnu/libgraphite2.so.3.0.1
7ff882a43000-7ff882a44000 rw-p 0001b000 08:06 263304                     /usr/lib/x86_64-linux-gnu/libgraphite2.so.3.0.1
7ff882a48000-7ff884445000 r-xp 00000000 08:06 921231                     /usr/lib/nvidia-352/libnvidia-glcore.so.352.63
7ff884445000-7ff884465000 rwxp 019fd000 08:06 921231                     /usr/lib/nvidia-352/libnvidia-glcore.so.352.63
7ff884465000-7ff88472c000 r-xp 01a1d000 08:06 921231                     /usr/lib/nvidia-352/libnvidia-glcore.so.352.63
7ff88472c000-7ff88492b000 ---p 01ce4000 08:06 921231                     /usr/lib/nvidia-352/libnvidia-glcore.so.352.63
7ff88492b000-7ff8854c7000 rw-p 01ce3000 08:06 921231                     /usr/lib/nvidia-352/libnvidia-glcore.so.352.63
7ff8854c7000-7ff8854db000 rw-p 00000000 00:00 0 
7ff8854e0000-7ff8854e3000 r-xp 00000000 08:06 1184481                    /usr/lib/nvidia-352/tls/libnvidia-tls.so.352.63
7ff8854e3000-7ff8856e2000 ---p 00003000 08:06 1184481                    /usr/lib/nvidia-352/tls/libnvidia-tls.so.352.63
7ff8856e2000-7ff8856e3000 rw-p 00002000 08:06 1184481                    /usr/lib/nvidia-352/tls/libnvidia-tls.so.352.63
7ff8856e8000-7ff885725000 r-xp 00000000 08:06 11276632                   /lib/x86_64-linux-gnu/libpcre.so.3.13.1
7ff885725000-7ff885924000 ---p 0003d000 08:06 11276632                   /lib/x86_64-linux-gnu/libpcre.so.3.13.1
7ff885924000-7ff885925000 r--p 0003c000 08:06 11276632                   /lib/x86_64-linux-gnu/libpcre.so.3.13.1
7ff885925000-7ff885926000 rw-p 0003d000 08:06 11276632                   /lib/x86_64-linux-gnu/libpcre.so.3.13.1
7ff885928000-7ff88592f000 r-xp 00000000 08:06 262898                     /usr/lib/x86_64-linux-gnu/libffi.so.6.0.1
7ff88592f000-7ff885b2e000 ---p 00007000 08:06 262898                     /usr/lib/x86_64-linux-gnu/libffi.so.6.0.1
7ff885b2e000-7ff885b2f000 r--p 00006000 08:06 262898                     /usr/lib/x86_64-linux-gnu/libffi.so.6.0.1
7ff885b2f000-7ff885b30000 rw-p 00007000 08:06 262898                     /usr/lib/x86_64-linux-gnu/libffi.so.6.0.1
7ff885b30000-7ff885b57000 r-xp 00000000 08:06 11276550                   /lib/x86_64-linux-gnu/libexpat.so.1.6.0
7ff885b57000-7ff885d57000 ---p 00027000 08:06 11276550                   /lib/x86_64-linux-gnu/libexpat.so.1.6.0
7ff885d57000-7ff885d59000 r--p 00027000 08:06 11276550                   /lib/x86_64-linux-gnu/libexpat.so.1.6.0
7ff885d59000-7ff885d5a000 rw-p 00029000 08:06 11276550                   /lib/x86_64-linux-gnu/libexpat.so.1.6.0
7ff885d60000-7ff885d68000 r-xp 00000000 08:06 271660                     /usr/lib/x86_64-linux-gnu/libthai.so.0.2.0
7ff885d68000-7ff885f67000 ---p 00008000 08:06 271660                     /usr/lib/x86_64-linux-gnu/libthai.so.0.2.0
7ff885f67000-7ff885f68000 r--p 00007000 08:06 271660                     /usr/lib/x86_64-linux-gnu/libthai.so.0.2.0
7ff885f68000-7ff885f69000 rw-p 00008000 08:06 271660                     /usr/lib/x86_64-linux-gnu/libthai.so.0.2.0
7ff885f70000-7ff885f8d000 r-xp 00000000 08:06 271805                     /usr/lib/x86_64-linux-gnu/libxcb.so.1.1.0
7ff885f8d000-7ff88618d000 ---p 0001d000 08:06 271805                     /usr/lib/x86_64-linux-gnu/libxcb.so.1.1.0
7ff88618d000-7ff88618e000 r--p 0001d000 08:06 271805                     /usr/lib/x86_64-linux-gnu/libxcb.so.1.1.0
7ff88618e000-7ff88618f000 rw-p 0001e000 08:06 271805                     /usr/lib/x86_64-linux-gnu/libxcb.so.1.1.0
7ff886190000-7ff886198000 r-xp 00000000 08:06 271787                     /usr/lib/x86_64-linux-gnu/libxcb-render.so.0.0.0
7ff886198000-7ff886397000 ---p 00008000 08:06 271787                     /usr/lib/x86_64-linux-gnu/libxcb-render.so.0.0.0
7ff886397000-7ff886398000 r--p 00007000 08:06 271787                     /usr/lib/x86_64-linux-gnu/libxcb-render.so.0.0.0
7ff886398000-7ff886399000 rw-p 00008000 08:06 271787                     /usr/lib/x86_64-linux-gnu/libxcb-render.so.0.0.0
7ff8863a0000-7ff8863a2000 r-xp 00000000 08:06 271791                     /usr/lib/x86_64-linux-gnu/libxcb-shm.so.0.0.0
7ff8863a2000-7ff8865a1000 ---p 00002000 08:06 271791                     /usr/lib/x86_64-linux-gnu/libxcb-shm.so.0.0.0
7ff8865a1000-7ff8865a2000 r--p 00001000 08:06 271791                     /usr/lib/x86_64-linux-gnu/libxcb-shm.so.0.0.0
7ff8865a2000-7ff8865a3000 rw-p 00002000 08:06 271791                     /usr/lib/x86_64-linux-gnu/libxcb-shm.so.0.0.0
7ff8865a8000-7ff8865cd000 r-xp 00000000 08:06 11273421                   /lib/x86_64-linux-gnu/libpng12.so.0.50.0
7ff8865cd000-7ff8867cc000 ---p 00025000 08:06 11273421                   /lib/x86_64-linux-gnu/libpng12.so.0.50.0
7ff8867cc000-7ff8867cd000 r--p 00024000 08:06 11273421                   /lib/x86_64-linux-gnu/libpng12.so.0.50.0
7ff8867cd000-7ff8867ce000 rw-p 00025000 08:06 11273421                   /lib/x86_64-linux-gnu/libpng12.so.0.50.0
7ff8867d0000-7ff886871000 r-xp 00000000 08:06 271486                     /usr/lib/x86_64-linux-gnu/libpixman-1.so.0.30.2
7ff886871000-7ff886a71000 ---p 000a1000 08:06 271486                     /usr/lib/x86_64-linux-gnu/libpixman-1.so.0.30.2
7ff886a71000-7ff886a78000 r--p 000a1000 08:06 271486                     /usr/lib/x86_64-linux-gnu/libpixman-1.so.0.30.2
7ff886a78000-7ff886a79000 rw-p 000a8000 08:06 271486                     /usr/lib/x86_64-linux-gnu/libpixman-1.so.0.30.2
7ff886a80000-7ff886ad3000 r-xp 00000000 08:06 271186                     /usr/lib/x86_64-linux-gnu/libharfbuzz.so.0.927.0
7ff886ad3000-7ff886cd3000 ---p 00053000 08:06 271186                     /usr/lib/x86_64-linux-gnu/libharfbuzz.so.0.927.0
7ff886cd3000-7ff886cd4000 r--p 00053000 08:06 271186                     /usr/lib/x86_64-linux-gnu/libharfbuzz.so.0.927.0
7ff886cd4000-7ff886cd5000 rw-p 00054000 08:06 271186                     /usr/lib/x86_64-linux-gnu/libharfbuzz.so.0.927.0
7ff886cd8000-7ff886cef000 r-xp 00000000 08:06 11272221                   /lib/x86_64-linux-gnu/libresolv-2.19.so
7ff886cef000-7ff886eef000 ---p 00017000 08:06 11272221                   /lib/x86_64-linux-gnu/libresolv-2.19.so
7ff886eef000-7ff886ef0000 r--p 00017000 08:06 11272221                   /lib/x86_64-linux-gnu/libresolv-2.19.so
7ff886ef0000-7ff886ef1000 rw-p 00018000 08:06 11272221                   /lib/x86_64-linux-gnu/libresolv-2.19.so
7ff886ef1000-7ff886ef3000 rw-p 00000000 00:00 0 
7ff886ef8000-7ff886f18000 r-xp 00000000 08:06 11276659                   /lib/x86_64-linux-gnu/libselinux.so.1
7ff886f18000-7ff887117000 ---p 00020000 08:06 11276659                   /lib/x86_64-linux-gnu/libselinux.so.1
7ff887117000-7ff887118000 r--p 0001f000 08:06 11276659                   /lib/x86_64-linux-gnu/libselinux.so.1
7ff887118000-7ff887119000 rw-p 00020000 08:06 11276659                   /lib/x86_64-linux-gnu/libselinux.so.1
7ff887119000-7ff88711b000 rw-p 00000000 00:00 0 
7ff887120000-7ff887138000 r-xp 00000000 08:06 11276690                   /lib/x86_64-linux-gnu/libz.so.1.2.8
7ff887138000-7ff887337000 ---p 00018000 08:06 11276690                   /lib/x86_64-linux-gnu/libz.so.1.2.8
7ff887337000-7ff887338000 r--p 00017000 08:06 11276690                   /lib/x86_64-linux-gnu/libz.so.1.2.8
7ff887338000-7ff887339000 rw-p 00018000 08:06 11276690                   /lib/x86_64-linux-gnu/libz.so.1.2.8
7ff887340000-7ff887351000 r-xp 00000000 08:06 270559                     /usr/lib/x86_64-linux-gnu/libXext.so.6.4.0
7ff887351000-7ff887550000 ---p 00011000 08:06 270559                     /usr/lib/x86_64-linux-gnu/libXext.so.6.4.0
7ff887550000-7ff887551000 r--p 00010000 08:06 270559                     /usr/lib/x86_64-linux-gnu/libXext.so.6.4.0
7ff887551000-7ff887552000 rw-p 00011000 08:06 270559                     /usr/lib/x86_64-linux-gnu/libXext.so.6.4.0
7ff887558000-7ff88755a000 r-xp 00000000 08:06 270553                     /usr/lib/x86_64-linux-gnu/libXdamage.so.1.1.0
7ff88755a000-7ff887759000 ---p 00002000 08:06 270553                     /usr/lib/x86_64-linux-gnu/libXdamage.so.1.1.0
7ff887759000-7ff88775a000 r--p 00001000 08:06 270553                     /usr/lib/x86_64-linux-gnu/libXdamage.so.1.1.0
7ff88775a000-7ff88775b000 rw-p 00002000 08:06 270553                     /usr/lib/x86_64-linux-gnu/libXdamage.so.1.1.0
7ff887760000-7ff887762000 r-xp 00000000 08:06 270549                     /usr/lib/x86_64-linux-gnu/libXcomposite.so.1.0.0
7ff887762000-7ff887961000 ---p 00002000 08:06 270549                     /usr/lib/x86_64-linux-gnu/libXcomposite.so.1.0.0
7ff887961000-7ff887962000 r--p 00001000 08:06 270549                     /usr/lib/x86_64-linux-gnu/libXcomposite.so.1.0.0
7ff887962000-7ff887963000 rw-p 00002000 08:06 270549                     /usr/lib/x86_64-linux-gnu/libXcomposite.so.1.0.0
7ff887968000-7ff887971000 r-xp 00000000 08:06 270551                     /usr/lib/x86_64-linux-gnu/libXcursor.so.1.0.2
7ff887971000-7ff887b70000 ---p 00009000 08:06 270551                     /usr/lib/x86_64-linux-gnu/libXcursor.so.1.0.2
7ff887b70000-7ff887b71000 r--p 00008000 08:06 270551                     /usr/lib/x86_64-linux-gnu/libXcursor.so.1.0.2
7ff887b71000-7ff887b72000 rw-p 00009000 08:06 270551                     /usr/lib/x86_64-linux-gnu/libXcursor.so.1.0.2
7ff887b78000-7ff887b81000 r-xp 00000000 08:06 270579                     /usr/lib/x86_64-linux-gnu/libXrandr.so.2.2.0
7ff887b81000-7ff887d80000 ---p 00009000 08:06 270579                     /usr/lib/x86_64-linux-gnu/libXrandr.so.2.2.0
7ff887d80000-7ff887d81000 r--p 00008000 08:06 270579                     /usr/lib/x86_64-linux-gnu/libXrandr.so.2.2.0
7ff887d81000-7ff887d82000 rw-p 00009000 08:06 270579                     /usr/lib/x86_64-linux-gnu/libXrandr.so.2.2.0
7ff887d88000-7ff887d97000 r-xp 00000000 08:06 270567                     /usr/lib/x86_64-linux-gnu/libXi.so.6.1.0
7ff887d97000-7ff887f96000 ---p 0000f000 08:06 270567                     /usr/lib/x86_64-linux-gnu/libXi.so.6.1.0
7ff887f96000-7ff887f97000 r--p 0000e000 08:06 270567                     /usr/lib/x86_64-linux-gnu/libXi.so.6.1.0
7ff887f97000-7ff887f98000 rw-p 0000f000 08:06 270567                     /usr/lib/x86_64-linux-gnu/libXi.so.6.1.0
7ff887f98000-7ff887f9a000 r-xp 00000000 08:06 270569                     /usr/lib/x86_64-linux-gnu/libXinerama.so.1.0.0
7ff887f9a000-7ff888199000 ---p 00002000 08:06 270569                     /usr/lib/x86_64-linux-gnu/libXinerama.so.1.0.0
7ff888199000-7ff88819a000 r--p 00001000 08:06 270569                     /usr/lib/x86_64-linux-gnu/libXinerama.so.1.0.0
7ff88819a000-7ff88819b000 rw-p 00002000 08:06 270569                     /usr/lib/x86_64-linux-gnu/libXinerama.so.1.0.0
7ff8881a0000-7ff8881a9000 r-xp 00000000 08:06 270581                     /usr/lib/x86_64-linux-gnu/libXrender.so.1.3.0
7ff8881a9000-7ff8883a8000 ---p 00009000 08:06 270581                     /usr/lib/x86_64-linux-gnu/libXrender.so.1.3.0
7ff8883a8000-7ff8883a9000 r--p 00008000 08:06 270581                     /usr/lib/x86_64-linux-gnu/libXrender.so.1.3.0
7ff8883a9000-7ff8883aa000 rw-p 00009000 08:06 270581                     /usr/lib/x86_64-linux-gnu/libXrender.so.1.3.0
7ff8883b0000-7ff8883b5000 r-xp 00000000 08:06 270561                     /usr/lib/x86_64-linux-gnu/libXfixes.so.3.1.0
7ff8883b5000-7ff8885b4000 ---p 00005000 08:06 270561                     /usr/lib/x86_64-linux-gnu/libXfixes.so.3.1.0
7ff8885b4000-7ff8885b5000 r--p 00004000 08:06 270561                     /usr/lib/x86_64-linux-gnu/libXfixes.so.3.1.0
7ff8885b5000-7ff8885b6000 rw-p 00005000 08:06 270561                     /usr/lib/x86_64-linux-gnu/libXfixes.so.3.1.0
7ff8885b8000-7ff8885ce000 r-xp 00000000 08:06 11273328                   /lib/x86_64-linux-gnu/libgcc_s.so.1
7ff8885ce000-7ff8887cd000 ---p 00016000 08:06 11273328                   /lib/x86_64-linux-gnu/libgcc_s.so.1
7ff8887cd000-7ff8887ce000 rw-p 00015000 08:06 11273328                   /lib/x86_64-linux-gnu/libgcc_s.so.1
7ff8887d0000-7ff8888b6000 r-xp 00000000 08:06 262560                     /usr/lib/x86_64-linux-gnu/libstdc++.so.6.0.19
7ff8888b6000-7ff888ab5000 ---p 000e6000 08:06 262560                     /usr/lib/x86_64-linux-gnu/libstdc++.so.6.0.19
7ff888ab5000-7ff888abd000 r--p 000e5000 08:06 262560                     /usr/lib/x86_64-linux-gnu/libstdc++.so.6.0.19
7ff888abd000-7ff888abf000 rw-p 000ed000 08:06 262560                     /usr/lib/x86_64-linux-gnu/libstdc++.so.6.0.19
7ff888abf000-7ff888ad4000 rw-p 00000000 00:00 0 
7ff888ad8000-7ff888b96000 r-xp 00000000 08:06 921224                     /usr/lib/nvidia-352/libGL.so.352.63
7ff888b96000-7ff888bc9000 rwxp 000be000 08:06 921224                     /usr/lib/nvidia-352/libGL.so.352.63
7ff888bc9000-7ff888bdb000 r-xp 000f1000 08:06 921224                     /usr/lib/nvidia-352/libGL.so.352.63
7ff888bdb000-7ff888dda000 ---p 00103000 08:06 921224                     /usr/lib/nvidia-352/libGL.so.352.63
7ff888dda000-7ff888e02000 rw-p 00102000 08:06 921224                     /usr/lib/nvidia-352/libGL.so.352.63
7ff888e02000-7ff888e08000 rw-p 00000000 00:00 0 
7ff888e08000-7ff888e0c000 r-xp 00000000 08:06 270597                     /usr/lib/x86_64-linux-gnu/libXxf86vm.so.1.0.0
7ff888e0c000-7ff88900c000 ---p 00004000 08:06 270597                     /usr/lib/x86_64-linux-gnu/libXxf86vm.so.1.0.0
7ff88900c000-7ff88900d000 r--p 00004000 08:06 270597                     /usr/lib/x86_64-linux-gnu/libXxf86vm.so.1.0.0
7ff88900d000-7ff88900e000 rw-p 00005000 08:06 270597                     /usr/lib/x86_64-linux-gnu/libXxf86vm.so.1.0.0
7ff889010000-7ff889140000 r-xp 00000000 08:06 270538                     /usr/lib/x86_64-linux-gnu/libX11.so.6.3.0
7ff889140000-7ff889340000 ---p 00130000 08:06 270538                     /usr/lib/x86_64-linux-gnu/libX11.so.6.3.0
7ff889340000-7ff889341000 r--p 00130000 08:06 270538                     /usr/lib/x86_64-linux-gnu/libX11.so.6.3.0
7ff889341000-7ff889345000 rw-p 00131000 08:06 270538                     /usr/lib/x86_64-linux-gnu/libX11.so.6.3.0
7ff889348000-7ff88934d000 r-xp 00000000 08:06 270587                     /usr/lib/x86_64-linux-gnu/libXtst.so.6.1.0
7ff88934d000-7ff88954c000 ---p 00005000 08:06 270587                     /usr/lib/x86_64-linux-gnu/libXtst.so.6.1.0
7ff88954c000-7ff88954d000 r--p 00004000 08:06 270587                     /usr/lib/x86_64-linux-gnu/libXtst.so.6.1.0
7ff88954d000-7ff88954e000 rw-p 00005000 08:06 270587                     /usr/lib/x86_64-linux-gnu/libXtst.so.6.1.0
7ff889550000-7ff889656000 r-xp 00000000 08:06 11276559                   /lib/x86_64-linux-gnu/libglib-2.0.so.0.4002.0
7ff889656000-7ff889855000 ---p 00106000 08:06 11276559                   /lib/x86_64-linux-gnu/libglib-2.0.so.0.4002.0
7ff889855000-7ff889856000 r--p 00105000 08:06 11276559                   /lib/x86_64-linux-gnu/libglib-2.0.so.0.4002.0
7ff889856000-7ff889857000 rw-p 00106000 08:06 11276559                   /lib/x86_64-linux-gnu/libglib-2.0.so.0.4002.0
7ff889857000-7ff889858000 rw-p 00000000 00:00 0 
7ff889858000-7ff889859000 r-xp 00000000 08:06 271159                     /usr/lib/x86_64-linux-gnu/libgthread-2.0.so.0.4002.0
7ff889859000-7ff889a58000 ---p 00001000 08:06 271159                     /usr/lib/x86_64-linux-gnu/libgthread-2.0.so.0.4002.0
7ff889a58000-7ff889a59000 r--p 00000000 08:06 271159                     /usr/lib/x86_64-linux-gnu/libgthread-2.0.so.0.4002.0
7ff889a59000-7ff889a5a000 rw-p 00001000 08:06 271159                     /usr/lib/x86_64-linux-gnu/libgthread-2.0.so.0.4002.0
7ff889a60000-7ff889a63000 r-xp 00000000 08:06 271015                     /usr/lib/x86_64-linux-gnu/libgmodule-2.0.so.0.4002.0
7ff889a63000-7ff889c62000 ---p 00003000 08:06 271015                     /usr/lib/x86_64-linux-gnu/libgmodule-2.0.so.0.4002.0
7ff889c62000-7ff889c63000 r--p 00002000 08:06 271015                     /usr/lib/x86_64-linux-gnu/libgmodule-2.0.so.0.4002.0
7ff889c63000-7ff889c64000 rw-p 00003000 08:06 271015                     /usr/lib/x86_64-linux-gnu/libgmodule-2.0.so.0.4002.0
7ff889c68000-7ff889cb7000 r-xp 00000000 08:06 271039                     /usr/lib/x86_64-linux-gnu/libgobject-2.0.so.0.4002.0
7ff889cb7000-7ff889eb7000 ---p 0004f000 08:06 271039                     /usr/lib/x86_64-linux-gnu/libgobject-2.0.so.0.4002.0
7ff889eb7000-7ff889eb8000 r--p 0004f000 08:06 271039                     /usr/lib/x86_64-linux-gnu/libgobject-2.0.so.0.4002.0
7ff889eb8000-7ff889eb9000 rw-p 00050000 08:06 271039                     /usr/lib/x86_64-linux-gnu/libgobject-2.0.so.0.4002.0
7ff889ec0000-7ff889efa000 r-xp 00000000 08:06 270920                     /usr/lib/x86_64-linux-gnu/libfontconfig.so.1.8.0
7ff889efa000-7ff88a0f9000 ---p 0003a000 08:06 270920                     /usr/lib/x86_64-linux-gnu/libfontconfig.so.1.8.0
7ff88a0f9000-7ff88a0fb000 r--p 00039000 08:06 270920                     /usr/lib/x86_64-linux-gnu/libfontconfig.so.1.8.0
7ff88a0fb000-7ff88a0fc000 rw-p 0003b000 08:06 270920                     /usr/lib/x86_64-linux-gnu/libfontconfig.so.1.8.0
7ff88a100000-7ff88a19d000 r-xp 00000000 08:06 270946                     /usr/lib/x86_64-linux-gnu/libfreetype.so.6.11.1
7ff88a19d000-7ff88a39c000 ---p 0009d000 08:06 270946                     /usr/lib/x86_64-linux-gnu/libfreetype.so.6.11.1
7ff88a39c000-7ff88a3a2000 r--p 0009c000 08:06 270946                     /usr/lib/x86_64-linux-gnu/libfreetype.so.6.11.1
7ff88a3a2000-7ff88a3a3000 rw-p 000a2000 08:06 270946                     /usr/lib/x86_64-linux-gnu/libfreetype.so.6.11.1
7ff88a3a8000-7ff88a3f2000 r-xp 00000000 08:06 271463                     /usr/lib/x86_64-linux-gnu/libpango-1.0.so.0.3600.3
7ff88a3f2000-7ff88a5f2000 ---p 0004a000 08:06 271463                     /usr/lib/x86_64-linux-gnu/libpango-1.0.so.0.3600.3
7ff88a5f2000-7ff88a5f4000 r--p 0004a000 08:06 271463                     /usr/lib/x86_64-linux-gnu/libpango-1.0.so.0.3600.3
7ff88a5f4000-7ff88a5f5000 rw-p 0004c000 08:06 271463                     /usr/lib/x86_64-linux-gnu/libpango-1.0.so.0.3600.3
7ff88a5f8000-7ff88a6fe000 r-xp 00000000 08:06 270702                     /usr/lib/x86_64-linux-gnu/libcairo.so.2.11301.0
7ff88a6fe000-7ff88a8fd000 ---p 00106000 08:06 270702                     /usr/lib/x86_64-linux-gnu/libcairo.so.2.11301.0
7ff88a8fd000-7ff88a900000 r--p 00105000 08:06 270702                     /usr/lib/x86_64-linux-gnu/libcairo.so.2.11301.0
7ff88a900000-7ff88a901000 rw-p 00108000 08:06 270702                     /usr/lib/x86_64-linux-gnu/libcairo.so.2.11301.0
7ff88a901000-7ff88a903000 rw-p 00000000 00:00 0 
7ff88a908000-7ff88a913000 r-xp 00000000 08:06 271465                     /usr/lib/x86_64-linux-gnu/libpangocairo-1.0.so.0.3600.3
7ff88a913000-7ff88ab13000 ---p 0000b000 08:06 271465                     /usr/lib/x86_64-linux-gnu/libpangocairo-1.0.so.0.3600.3
7ff88ab13000-7ff88ab14000 r--p 0000b000 08:06 271465                     /usr/lib/x86_64-linux-gnu/libpangocairo-1.0.so.0.3600.3
7ff88ab14000-7ff88ab15000 rw-p 0000c000 08:06 271465                     /usr/lib/x86_64-linux-gnu/libpangocairo-1.0.so.0.3600.3
7ff88ab18000-7ff88ab38000 r-xp 00000000 08:06 270979                     /usr/lib/x86_64-linux-gnu/libgdk_pixbuf-2.0.so.0.3000.7
7ff88ab38000-7ff88ad37000 ---p 00020000 08:06 270979                     /usr/lib/x86_64-linux-gnu/libgdk_pixbuf-2.0.so.0.3000.7
7ff88ad37000-7ff88ad38000 r--p 0001f000 08:06 270979                     /usr/lib/x86_64-linux-gnu/libgdk_pixbuf-2.0.so.0.3000.7
7ff88ad38000-7ff88ad39000 rw-p 00020000 08:06 270979                     /usr/lib/x86_64-linux-gnu/libgdk_pixbuf-2.0.so.0.3000.7
7ff88ad40000-7ff88ad54000 r-xp 00000000 08:06 271467                     /usr/lib/x86_64-linux-gnu/libpangoft2-1.0.so.0.3600.3
7ff88ad54000-7ff88af53000 ---p 00014000 08:06 271467                     /usr/lib/x86_64-linux-gnu/libpangoft2-1.0.so.0.3600.3
7ff88af53000-7ff88af54000 r--p 00013000 08:06 271467                     /usr/lib/x86_64-linux-gnu/libpangoft2-1.0.so.0.3600.3
7ff88af54000-7ff88af55000 rw-p 00014000 08:06 271467                     /usr/lib/x86_64-linux-gnu/libpangoft2-1.0.so.0.3600.3
7ff88af58000-7ff88b0c4000 r-xp 00000000 08:06 271001                     /usr/lib/x86_64-linux-gnu/libgio-2.0.so.0.4002.0
7ff88b0c4000-7ff88b2c3000 ---p 0016c000 08:06 271001                     /usr/lib/x86_64-linux-gnu/libgio-2.0.so.0.4002.0
7ff88b2c3000-7ff88b2c7000 r--p 0016b000 08:06 271001                     /usr/lib/x86_64-linux-gnu/libgio-2.0.so.0.4002.0
7ff88b2c7000-7ff88b2c9000 rw-p 0016f000 08:06 271001                     /usr/lib/x86_64-linux-gnu/libgio-2.0.so.0.4002.0
7ff88b2c9000-7ff88b2cb000 rw-p 00000000 00:00 0 
7ff88b2d0000-7ff88b2ef000 r-xp 00000000 08:06 270646                     /usr/lib/x86_64-linux-gnu/libatk-1.0.so.0.21009.1
7ff88b2ef000-7ff88b4ef000 ---p 0001f000 08:06 270646                     /usr/lib/x86_64-linux-gnu/libatk-1.0.so.0.21009.1
7ff88b4ef000-7ff88b4f1000 r--p 0001f000 08:06 270646                     /usr/lib/x86_64-linux-gnu/libatk-1.0.so.0.21009.1
7ff88b4f1000-7ff88b4f2000 rw-p 00021000 08:06 270646                     /usr/lib/x86_64-linux-gnu/libatk-1.0.so.0.21009.1
7ff88b4f8000-7ff88b5a5000 r-xp 00000000 08:06 262704                     /usr/lib/x86_64-linux-gnu/libgdk-x11-2.0.so.0.2400.23
7ff88b5a5000-7ff88b7a5000 ---p 000ad000 08:06 262704                     /usr/lib/x86_64-linux-gnu/libgdk-x11-2.0.so.0.2400.23
7ff88b7a5000-7ff88b7a9000 r--p 000ad000 08:06 262704                     /usr/lib/x86_64-linux-gnu/libgdk-x11-2.0.so.0.2400.23
7ff88b7a9000-7ff88b7ab000 rw-p 000b1000 08:06 262704                     /usr/lib/x86_64-linux-gnu/libgdk-x11-2.0.so.0.2400.23
7ff88b7b0000-7ff88bbe0000 r-xp 00000000 08:06 265442                     /usr/lib/x86_64-linux-gnu/libgtk-x11-2.0.so.0.2400.23
7ff88bbe0000-7ff88bddf000 ---p 00430000 08:06 265442                     /usr/lib/x86_64-linux-gnu/libgtk-x11-2.0.so.0.2400.23
7ff88bddf000-7ff88bde6000 r--p 0042f000 08:06 265442                     /usr/lib/x86_64-linux-gnu/libgtk-x11-2.0.so.0.2400.23
7ff88bde6000-7ff88bdea000 rw-p 00436000 08:06 265442                     /usr/lib/x86_64-linux-gnu/libgtk-x11-2.0.so.0.2400.23
7ff88bdea000-7ff88bded000 rw-p 00000000 00:00 0 
7ff88bdf0000-7ff88bdfc000 r-xp 00000000 08:06 10486192                   /usr/lib/jvm/jdk1.8.0_111/jre/lib/amd64/libprism_es2.so
7ff88bdfc000-7ff88bffb000 ---p 0000c000 08:06 10486192                   /usr/lib/jvm/jdk1.8.0_111/jre/lib/amd64/libprism_es2.so
7ff88bffb000-7ff88bffc000 rw-p 0000b000 08:06 10486192                   /usr/lib/jvm/jdk1.8.0_111/jre/lib/amd64/libprism_es2.so
7ff88c000000-7ff88c021000 rw-p 00000000 00:00 0 
7ff88c021000-7ff890000000 ---p 00000000 00:00 0 
7ff890000000-7ff8906b3000 rw-p 00000000 00:00 0 
7ff8906b3000-7ff894000000 ---p 00000000 00:00 0 
7ff894000000-7ff8944d6000 rw-p 00000000 00:00 0 
7ff8944d6000-7ff898000000 ---p 00000000 00:00 0 
7ff898000000-7ff898021000 rw-p 00000000 00:00 0 
7ff898021000-7ff89c000000 ---p 00000000 00:00 0 
7ff89c000000-7ff89c021000 rw-p 00000000 00:00 0 
7ff89c021000-7ff8a0000000 ---p 00000000 00:00 0 
7ff8a0000000-7ff8a0424000 rw-p 00000000 00:00 0 
7ff8a0424000-7ff8a4000000 ---p 00000000 00:00 0 
7ff8a4000000-7ff8a4021000 rw-p 00000000 00:00 0 
7ff8a4021000-7ff8a8000000 ---p 00000000 00:00 0 
7ff8a8000000-7ff8a8021000 rw-p 00000000 00:00 0 
7ff8a8021000-7ff8ac000000 ---p 00000000 00:00 0 
7ff8ac000000-7ff8ac29d000 rw-p 00000000 00:00 0 
7ff8ac29d000-7ff8b0000000 ---p 00000000 00:00 0 
7ff8b0000000-7ff8b0021000 rw-p 00000000 00:00 0 
7ff8b0021000-7ff8b4000000 ---p 00000000 00:00 0 
7ff8b4000000-7ff8b4021000 rw-p 00000000 00:00 0 
7ff8b4021000-7ff8b8000000 ---p 00000000 00:00 0 
7ff8b8005000-7ff8b8009000 rw-s 3d9cd000 00:06 11833                      /dev/nvidiactl
7ff8b800e000-7ff8b800f000 rw-s cfee6000 00:06 11834                      /dev/nvidia0
7ff8b8011000-7ff8b8051000 rw-s 6fd81000 00:06 11833                      /dev/nvidiactl
7ff8b8055000-7ff8b8095000 rw-s 167cb5000 00:06 11833                     /dev/nvidiactl
7ff8b809a000-7ff8b809d000 ---p 00000000 00:00 0 
7ff8b809d000-7ff8b819b000 rw-p 00000000 00:00 0                          [stack:13987]
7ff8b819b000-7ff8b8231000 r--s 01103000 08:06 10486256                   /usr/lib/jvm/jdk1.8.0_111/jre/lib/ext/jfxrt.jar
7ff8b8233000-7ff8b8234000 ---p 00000000 00:00 0 
7ff8b8234000-7ff8b8334000 rw-p 00000000 00:00 0                          [stack:13986]
7ff8b8334000-7ff8b8337000 ---p 00000000 00:00 0 
7ff8b8337000-7ff8b8435000 rw-p 00000000 00:00 0                          [stack:13985]
7ff8b8435000-7ff8b8438000 ---p 00000000 00:00 0 
7ff8b8438000-7ff8b8536000 rw-p 00000000 00:00 0                          [stack:13981]
7ff8b8536000-7ff8b8539000 ---p 00000000 00:00 0 
7ff8b8539000-7ff8b8637000 rw-p 00000000 00:00 0                          [stack:13980]
7ff8b8637000-7ff8b863a000 ---p 00000000 00:00 0 
7ff8b863a000-7ff8b8738000 rw-p 00000000 00:00 0                          [stack:13979]
7ff8b8738000-7ff8b8c76000 r--p 00000000 08:06 269140                     /usr/lib/locale/locale-archive
7ff8b8c7a000-7ff8b8c7d000 ---p 00000000 00:00 0 
7ff8b8c7d000-7ff8b8d7b000 rw-p 00000000 00:00 0                          [stack:13977]
7ff8b8d7b000-7ff8b8d7e000 ---p 00000000 00:00 0 
7ff8b8d7e000-7ff8b8e7c000 rw-p 00000000 00:00 0                          [stack:13976]
7ff8b8e7c000-7ff8b8e7d000 ---p 00000000 00:00 0 
7ff8b8e7d000-7ff8bd000000 rw-p 00000000 00:00 0                          [stack:13975]
7ff8bd000000-7ff8bd6d0000 rwxp 00000000 00:00 0 
7ff8bd6d0000-7ff8cc000000 ---p 00000000 00:00 0 
7ff8cc000000-7ff8cc4ad000 rw-p 00000000 00:00 0 
7ff8cc4ad000-7ff8d0000000 ---p 00000000 00:00 0 
7ff8d0003000-7ff8d0023000 rw-s 9a9db000 00:06 11833                      /dev/nvidiactl
7ff8d0028000-7ff8d0029000 rw-s fd060000 00:06 11834                      /dev/nvidia0
7ff8d002e000-7ff8d002f000 rw-s cfee6000 00:06 11834                      /dev/nvidia0
7ff8d002f000-7ff8d004f000 rw-s 1ea6ff000 00:06 11833                     /dev/nvidiactl
7ff8d0054000-7ff8d065a000 rw-p 00000000 00:00 0 
7ff8d065a000-7ff8d0832000 r--s 03d2a000 08:06 10486172                   /usr/lib/jvm/jdk1.8.0_111/jre/lib/rt.jar
7ff8d0837000-7ff8d1485000 rw-p 00000000 00:00 0 
7ff8d1485000-7ff8d1486000 ---p 00000000 00:00 0 
7ff8d1486000-7ff8d1586000 rw-p 00000000 00:00 0                          [stack:13974]
7ff8d1586000-7ff8d1587000 ---p 00000000 00:00 0 
7ff8d1587000-7ff8d16b1000 rw-p 00000000 00:00 0                          [stack:13971]
7ff8d16b1000-7ff8d1917000 ---p 00000000 00:00 0 
7ff8d1917000-7ff8d1941000 rw-p 00000000 00:00 0 
7ff8d1941000-7ff8d1ba7000 ---p 00000000 00:00 0 
7ff8d1ba7000-7ff8d1bbc000 rw-p 00000000 00:00 0 
7ff8d1bbc000-7ff8d1cef000 ---p 00000000 00:00 0 
7ff8d1cef000-7ff8d1d0c000 rw-p 00000000 00:00 0 
7ff8d1d0c000-7ff8d20b0000 ---p 00000000 00:00 0 
7ff8d20b0000-7ff8d20ca000 r-xp 00000000 08:06 10486203                   /usr/lib/jvm/jdk1.8.0_111/jre/lib/amd64/libzip.so
7ff8d20ca000-7ff8d22ca000 ---p 0001a000 08:06 10486203                   /usr/lib/jvm/jdk1.8.0_111/jre/lib/amd64/libzip.so
7ff8d22ca000-7ff8d22cb000 rw-p 0001a000 08:06 10486203                   /usr/lib/jvm/jdk1.8.0_111/jre/lib/amd64/libzip.so
7ff8d22d0000-7ff8d22db000 r-xp 00000000 08:06 11273355                   /lib/x86_64-linux-gnu/libnss_files-2.19.so
7ff8d22db000-7ff8d24da000 ---p 0000b000 08:06 11273355                   /lib/x86_64-linux-gnu/libnss_files-2.19.so
7ff8d24da000-7ff8d24db000 r--p 0000a000 08:06 11273355                   /lib/x86_64-linux-gnu/libnss_files-2.19.so
7ff8d24db000-7ff8d24dc000 rw-p 0000b000 08:06 11273355                   /lib/x86_64-linux-gnu/libnss_files-2.19.so
7ff8d24e0000-7ff8d24eb000 r-xp 00000000 08:06 11273318                   /lib/x86_64-linux-gnu/libnss_nis-2.19.so
7ff8d24eb000-7ff8d26ea000 ---p 0000b000 08:06 11273318                   /lib/x86_64-linux-gnu/libnss_nis-2.19.so
7ff8d26ea000-7ff8d26eb000 r--p 0000a000 08:06 11273318                   /lib/x86_64-linux-gnu/libnss_nis-2.19.so
7ff8d26eb000-7ff8d26ec000 rw-p 0000b000 08:06 11273318                   /lib/x86_64-linux-gnu/libnss_nis-2.19.so
7ff8d26f0000-7ff8d2707000 r-xp 00000000 08:06 11273308                   /lib/x86_64-linux-gnu/libnsl-2.19.so
7ff8d2707000-7ff8d2906000 ---p 00017000 08:06 11273308                   /lib/x86_64-linux-gnu/libnsl-2.19.so
7ff8d2906000-7ff8d2907000 r--p 00016000 08:06 11273308                   /lib/x86_64-linux-gnu/libnsl-2.19.so
7ff8d2907000-7ff8d2908000 rw-p 00017000 08:06 11273308                   /lib/x86_64-linux-gnu/libnsl-2.19.so
7ff8d2908000-7ff8d290a000 rw-p 00000000 00:00 0 
7ff8d2910000-7ff8d2919000 r-xp 00000000 08:06 11273302                   /lib/x86_64-linux-gnu/libnss_compat-2.19.so
7ff8d2919000-7ff8d2b18000 ---p 00009000 08:06 11273302                   /lib/x86_64-linux-gnu/libnss_compat-2.19.so
7ff8d2b18000-7ff8d2b19000 r--p 00008000 08:06 11273302                   /lib/x86_64-linux-gnu/libnss_compat-2.19.so
7ff8d2b19000-7ff8d2b1a000 rw-p 00009000 08:06 11273302                   /lib/x86_64-linux-gnu/libnss_compat-2.19.so
7ff8d2b20000-7ff8d2b4b000 r-xp 00000000 08:06 10486230                   /usr/lib/jvm/jdk1.8.0_111/jre/lib/amd64/libjava.so
7ff8d2b4b000-7ff8d2d4a000 ---p 0002b000 08:06 10486230                   /usr/lib/jvm/jdk1.8.0_111/jre/lib/amd64/libjava.so
7ff8d2d4a000-7ff8d2d4c000 rw-p 0002a000 08:06 10486230                   /usr/lib/jvm/jdk1.8.0_111/jre/lib/amd64/libjava.so
7ff8d2d50000-7ff8d2d5d000 r-xp 00000000 08:06 10486181                   /usr/lib/jvm/jdk1.8.0_111/jre/lib/amd64/libverify.so
7ff8d2d5d000-7ff8d2f5c000 ---p 0000d000 08:06 10486181                   /usr/lib/jvm/jdk1.8.0_111/jre/lib/amd64/libverify.so
7ff8d2f5c000-7ff8d2f5e000 rw-p 0000c000 08:06 10486181                   /usr/lib/jvm/jdk1.8.0_111/jre/lib/amd64/libverify.so
7ff8d2f60000-7ff8d2f67000 r-xp 00000000 08:06 11273343                   /lib/x86_64-linux-gnu/librt-2.19.so
7ff8d2f67000-7ff8d3166000 ---p 00007000 08:06 11273343                   /lib/x86_64-linux-gnu/librt-2.19.so
7ff8d3166000-7ff8d3167000 r--p 00006000 08:06 11273343                   /lib/x86_64-linux-gnu/librt-2.19.so
7ff8d3167000-7ff8d3168000 rw-p 00007000 08:06 11273343                   /lib/x86_64-linux-gnu/librt-2.19.so
7ff8d3168000-7ff8d326d000 r-xp 00000000 08:06 11273293                   /lib/x86_64-linux-gnu/libm-2.19.so
7ff8d326d000-7ff8d346c000 ---p 00105000 08:06 11273293                   /lib/x86_64-linux-gnu/libm-2.19.so
7ff8d346c000-7ff8d346d000 r--p 00104000 08:06 11273293                   /lib/x86_64-linux-gnu/libm-2.19.so
7ff8d346d000-7ff8d346e000 rw-p 00105000 08:06 11273293                   /lib/x86_64-linux-gnu/libm-2.19.so
7ff8d3470000-7ff8d413d000 r-xp 00000000 08:06 10486234                   /usr/lib/jvm/jdk1.8.0_111/jre/lib/amd64/server/libjvm.so
7ff8d413d000-7ff8d433c000 ---p 00ccd000 08:06 10486234                   /usr/lib/jvm/jdk1.8.0_111/jre/lib/amd64/server/libjvm.so
7ff8d433c000-7ff8d4415000 rw-p 00ccc000 08:06 10486234                   /usr/lib/jvm/jdk1.8.0_111/jre/lib/amd64/server/libjvm.so
7ff8d4415000-7ff8d4460000 rw-p 00000000 00:00 0 
7ff8d4460000-7ff8d461b000 r-xp 00000000 08:06 11273344                   /lib/x86_64-linux-gnu/libc-2.19.so
7ff8d461b000-7ff8d481a000 ---p 001bb000 08:06 11273344                   /lib/x86_64-linux-gnu/libc-2.19.so
7ff8d481a000-7ff8d481e000 r--p 001ba000 08:06 11273344                   /lib/x86_64-linux-gnu/libc-2.19.so
7ff8d481e000-7ff8d4820000 rw-p 001be000 08:06 11273344                   /lib/x86_64-linux-gnu/libc-2.19.so
7ff8d4820000-7ff8d4825000 rw-p 00000000 00:00 0 
7ff8d4828000-7ff8d482b000 r-xp 00000000 08:06 11273295                   /lib/x86_64-linux-gnu/libdl-2.19.so
7ff8d482b000-7ff8d4a2a000 ---p 00003000 08:06 11273295                   /lib/x86_64-linux-gnu/libdl-2.19.so
7ff8d4a2a000-7ff8d4a2b000 r--p 00002000 08:06 11273295                   /lib/x86_64-linux-gnu/libdl-2.19.so
7ff8d4a2b000-7ff8d4a2c000 rw-p 00003000 08:06 11273295                   /lib/x86_64-linux-gnu/libdl-2.19.so
7ff8d4a30000-7ff8d4a45000 r-xp 00000000 08:06 10486219                   /usr/lib/jvm/jdk1.8.0_111/jre/lib/amd64/jli/libjli.so
7ff8d4a45000-7ff8d4c45000 ---p 00015000 08:06 10486219                   /usr/lib/jvm/jdk1.8.0_111/jre/lib/amd64/jli/libjli.so
7ff8d4c45000-7ff8d4c46000 rw-p 00015000 08:06 10486219                   /usr/lib/jvm/jdk1.8.0_111/jre/lib/amd64/jli/libjli.so
7ff8d4c48000-7ff8d4c61000 r-xp 00000000 08:06 11273309                   /lib/x86_64-linux-gnu/libpthread-2.19.so
7ff8d4c61000-7ff8d4e60000 ---p 00019000 08:06 11273309                   /lib/x86_64-linux-gnu/libpthread-2.19.so
7ff8d4e60000-7ff8d4e61000 r--p 00018000 08:06 11273309                   /lib/x86_64-linux-gnu/libpthread-2.19.so
7ff8d4e61000-7ff8d4e62000 rw-p 00019000 08:06 11273309                   /lib/x86_64-linux-gnu/libpthread-2.19.so
7ff8d4e62000-7ff8d4e66000 rw-p 00000000 00:00 0 
7ff8d4e68000-7ff8d4e8b000 r-xp 00000000 08:06 11273314                   /lib/x86_64-linux-gnu/ld-2.19.so
7ff8d4e91000-7ff8d4e92000 rw-s fd641000 00:06 11834                      /dev/nvidia0
7ff8d4e94000-7ff8d4e95000 rw-s 222edc000 00:06 11833                     /dev/nvidiactl
7ff8d4e9a000-7ff8d4e9b000 rw-s 167fea000 00:06 11833                     /dev/nvidiactl
7ff8d4ea1000-7ff8d4ea3000 r--s 00019000 08:06 10229172                   /home/xmbeat/NetBeansProjects/FingerprintLogin/dist/run1766125893/FingerprintLogin.jar
7ff8d4ea7000-7ff8d4f78000 rw-p 00000000 00:00 0 
7ff8d4f78000-7ff8d4f80000 rw-s 00000000 08:06 1185733                    /tmp/hsperfdata_xmbeat/13963
7ff8d4f84000-7ff8d4f88000 rw-p 00000000 00:00 0 
7ff8d4f88000-7ff8d4f89000 ---p 00000000 00:00 0 
7ff8d4f89000-7ff8d4f8c000 ---p 00000000 00:00 0 
7ff8d4f8c000-7ff8d508a000 rw-p 00000000 00:00 0                          [stack:13966]
7ff8d508a000-7ff8d508b000 r--p 00022000 08:06 11273314                   /lib/x86_64-linux-gnu/ld-2.19.so
7ff8d508b000-7ff8d508c000 rw-p 00023000 08:06 11273314                   /lib/x86_64-linux-gnu/ld-2.19.so
7ff8d508c000-7ff8d508f000 rw-p 00000000 00:00 0 
7ff8d508f000-7ff8d5093000 rw-p 00000000 00:00 0 
7fff118bd000-7fff118de000 rw-p 00000000 00:00 0                          [stack]
7fff11940000-7fff11942000 r--p 00000000 00:00 0                          [vvar]
7fff11942000-7fff11944000 r-xp 00000000 00:00 0                          [vdso]
ffffffffff600000-ffffffffff601000 r-xp 00000000 00:00 0                  [vsyscall]

VM Arguments:
jvm_args: -Dfile.encoding=UTF-8 
java_command: /home/xmbeat/NetBeansProjects/FingerprintLogin/dist/run1766125893/FingerprintLogin.jar
java_class_path (initial): /home/xmbeat/NetBeansProjects/FingerprintLogin/dist/run1766125893/FingerprintLogin.jar
Launcher Type: SUN_STANDARD

Environment Variables:
PATH=/home/xmbeat/bin:/usr/local/sbin:/usr/local/bin:/usr/sbin:/usr/bin:/sbin:/bin:/usr/games:/usr/local/games
USERNAME=xmbeat
LD_LIBRARY_PATH=/usr/lib/jvm/jdk1.8.0_111/jre/lib/amd64:/usr/lib/jvm/jdk1.8.0_111/jre/lib/i386:
SHELL=/bin/bash
DISPLAY=:0

Signal Handlers:
SIGSEGV: [libjvm.so+0xac64b0], sa_mask[0]=11111111011111111101111111111110, sa_flags=SA_RESTART|SA_SIGINFO
SIGBUS: [libjvm.so+0xac64b0], sa_mask[0]=11111111011111111101111111111110, sa_flags=SA_RESTART|SA_SIGINFO
SIGFPE: [libjvm.so+0x91f950], sa_mask[0]=11111111011111111101111111111110, sa_flags=SA_RESTART|SA_SIGINFO
SIGPIPE: SIG_IGN, sa_mask[0]=00000000000000000000000000000000, sa_flags=none
SIGXFSZ: [libjvm.so+0x91f950], sa_mask[0]=11111111011111111101111111111110, sa_flags=SA_RESTART|SA_SIGINFO
SIGILL: [libjvm.so+0x91f950], sa_mask[0]=11111111011111111101111111111110, sa_flags=SA_RESTART|SA_SIGINFO
SIGUSR1: SIG_DFL, sa_mask[0]=00000000000000000000000000000000, sa_flags=none
SIGUSR2: [libjvm.so+0x920f80], sa_mask[0]=00100000000000000000000000000000, sa_flags=SA_RESTART|SA_SIGINFO
SIGHUP: [libjvm.so+0x922380], sa_mask[0]=11111111011111111101111111111110, sa_flags=SA_RESTART|SA_SIGINFO
SIGINT: SIG_IGN, sa_mask[0]=00000000000000000000000000000000, sa_flags=none
SIGTERM: [libjvm.so+0x922380], sa_mask[0]=11111111011111111101111111111110, sa_flags=SA_RESTART|SA_SIGINFO
SIGQUIT: [libjvm.so+0x922380], sa_mask[0]=11111111011111111101111111111110, sa_flags=SA_RESTART|SA_SIGINFO


---------------  S Y S T E M  ---------------

OS:DISTRIB_ID=LinuxMint
DISTRIB_RELEASE=17.3
DISTRIB_CODENAME=rosa
DISTRIB_DESCRIPTION="Linux Mint 17.3 Rosa"

uname:Linux 3.19.0-32-generic #37~14.04.1-Ubuntu SMP Thu Oct 22 09:41:40 UTC 2015 x86_64
libc:glibc 2.19 NPTL 2.19 
rlimit: STACK 8192k, CORE 0k, NPROC 31347, NOFILE 4096, AS infinity
load average:1.32 1.66 1.97

/proc/meminfo:
MemTotal:        8056656 kB
MemFree:         2472464 kB
MemAvailable:    4459020 kB
Buffers:          167860 kB
Cached:          2040544 kB
SwapCached:            0 kB
Active:          3864828 kB
Inactive:        1374668 kB
Active(anon):    3033560 kB
Inactive(anon):   114216 kB
Active(file):     831268 kB
Inactive(file):  1260452 kB
Unevictable:           0 kB
Mlocked:               0 kB
SwapTotal:       3998716 kB
SwapFree:        3998716 kB
Dirty:              3976 kB
Writeback:             0 kB
AnonPages:       3031128 kB
Mapped:           642424 kB
Shmem:            116688 kB
Slab:             160132 kB
SReclaimable:     127540 kB
SUnreclaim:        32592 kB
KernelStack:        9584 kB
PageTables:        38372 kB
NFS_Unstable:          0 kB
Bounce:                0 kB
WritebackTmp:          0 kB
CommitLimit:     8027044 kB
Committed_AS:    6863868 kB
VmallocTotal:   34359738367 kB
VmallocUsed:      320996 kB
VmallocChunk:   34359412860 kB
HardwareCorrupted:     0 kB
AnonHugePages:   1765376 kB
CmaTotal:              0 kB
CmaFree:               0 kB
HugePages_Total:       0
HugePages_Free:        0
HugePages_Rsvd:        0
HugePages_Surp:        0
Hugepagesize:       2048 kB
DirectMap4k:      271796 kB
DirectMap2M:     7014400 kB
DirectMap1G:     1048576 kB


CPU:total 2 (2 cores per cpu, 1 threads per core) family 21 model 19 stepping 1, cmov, cx8, fxsr, mmx, sse, sse2, sse3, ssse3, sse4.1, sse4.2, popcnt, avx, aes, clmul, mmxext, 3dnowpref, lzcnt, sse4a, tsc, tscinvbit, tscinv, bmi1

/proc/cpuinfo:
processor	: 0
vendor_id	: AuthenticAMD
cpu family	: 21
model		: 19
model name	: AMD A4-4000 APU with Radeon(tm) HD Graphics
stepping	: 1
microcode	: 0x6001119
cpu MHz		: 3000.000
cache size	: 1024 KB
physical id	: 0
siblings	: 2
core id		: 0
cpu cores	: 1
apicid		: 16
initial apicid	: 0
fpu		: yes
fpu_exception	: yes
cpuid level	: 13
wp		: yes
flags		: fpu vme de pse tsc msr pae mce cx8 apic sep mtrr pge mca cmov pat pse36 clflush mmx fxsr sse sse2 ht syscall nx mmxext fxsr_opt pdpe1gb rdtscp lm constant_tsc rep_good nopl nonstop_tsc extd_apicid aperfmperf pni pclmulqdq monitor ssse3 fma cx16 sse4_1 sse4_2 popcnt aes xsave avx f16c lahf_lm cmp_legacy svm extapic cr8_legacy abm sse4a misalignsse 3dnowprefetch osvw ibs xop skinit wdt lwp fma4 tce nodeid_msr tbm topoext perfctr_core perfctr_nb arat cpb hw_pstate npt lbrv svm_lock nrip_save tsc_scale vmcb_clean flushbyasid decodeassists pausefilter pfthreshold vmmcall bmi1
bugs		: fxsave_leak
bogomips	: 5988.89
TLB size	: 1536 4K pages
clflush size	: 64
cache_alignment	: 64
address sizes	: 48 bits physical, 48 bits virtual
power management: ts ttp tm 100mhzsteps hwpstate cpb eff_freq_ro

processor	: 1
vendor_id	: AuthenticAMD
cpu family	: 21
model		: 19
model name	: AMD A4-4000 APU with Radeon(tm) HD Graphics    
stepping	: 1
microcode	: 0x6001119
cpu MHz		: 3000.000
cache size	: 1024 KB
physical id	: 0
siblings	: 2
core id		: 1
cpu cores	: 1
apicid		: 17
initial apicid	: 1
fpu		: yes
fpu_exception	: yes
cpuid level	: 13
wp		: yes
flags		: fpu vme de pse tsc msr pae mce cx8 apic sep mtrr pge mca cmov pat pse36 clflush mmx fxsr sse sse2 ht syscall nx mmxext fxsr_opt pdpe1gb rdtscp lm constant_tsc rep_good nopl nonstop_tsc extd_apicid aperfmperf pni pclmulqdq monitor ssse3 fma cx16 sse4_1 sse4_2 popcnt aes xsave avx f16c lahf_lm cmp_legacy svm extapic cr8_legacy abm sse4a misalignsse 3dnowprefetch osvw ibs xop skinit wdt lwp fma4 tce nodeid_msr tbm topoext perfctr_core perfctr_nb arat cpb hw_pstate npt lbrv svm_lock nrip_save tsc_scale vmcb_clean flushbyasid decodeassists pausefilter pfthreshold vmmcall bmi1
bugs		: fxsave_leak
bogomips	: 5988.89
TLB size	: 1536 4K pages
clflush size	: 64
cache_alignment	: 64
address sizes	: 48 bits physical, 48 bits virtual
power management: ts ttp tm 100mhzsteps hwpstate cpb eff_freq_ro



Memory: 4k page, physical 8056656k(2472464k free), swap 3998716k(3998716k free)

vm_info: Java HotSpot(TM) 64-Bit Server VM (25.111-b14) for linux-amd64 JRE (1.8.0_111-b14), built on Sep 22 2016 16:14:03 by "java_re" with gcc 4.3.0 20080428 (Red Hat 4.3.0-8)

time: Mon Dec  5 21:48:17 2016
elapsed time: 6 seconds (0d 0h 0m 6s)

