#
# A fatal error has been detected by the Java Runtime Environment:
#
#  SIGSEGV (0xb) at pc=0x00007f0494db83b5, pid=23141, tid=0x00007f047f936700
#
# JRE version: Java(TM) SE Runtime Environment (8.0_111-b14) (build 1.8.0_111-b14)
# Java VM: Java HotSpot(TM) 64-Bit Server VM (25.111-b14 mixed mode linux-amd64 compressed oops)
# Problematic frame:
# V  [libjvm.so+0x6483b5]  InstanceKlass::oop_follow_contents(ParCompactionManager*, oopDesc*)+0x2d5
#
# Failed to write core dump. Core dumps have been disabled. To enable core dumping, try "ulimit -c unlimited" before starting Java again
#
# If you would like to submit a bug report, please visit:
#   http://bugreport.java.com/bugreport/crash.jsp
#

---------------  T H R E A D  ---------------

Current thread (0x00007f049001f000):  GCTaskThread [stack: 0x00007f047f836000,0x00007f047f937000] [id=23147]

siginfo: si_signo: 11 (SIGSEGV), si_code: 128 (SI_KERNEL), si_addr: 0x0000000000000000

Registers:
RAX=0x00007f047b9b5000, RBX=0x0000000000000001, RCX=0x0000000000000000, RDX=0x007fffffffbd8000
RSP=0x00007f047f9357e0, RBP=0x00007f047f935840, RSI=0x0000000000000001, RDI=0x0000000100001ef8
R8 =0x00000000d8f8895c, R9 =0x0004000000000000, R10=0x0000000000000002, R11=0x00007f049572f200
R12=0x00007f0495733220, R13=0x00000000d8f88924, R14=0x00007f049001f840, R15=0x00007f0490097d60
RIP=0x00007f0494db83b5, EFLAGS=0x0000000000010216, CSGSFS=0x0000000000000033, ERR=0x0000000000000000
  TRAPNO=0x000000000000000d

Top of Stack: (sp=0x00007f047f9357e0)
0x00007f047f9357e0:   00000000d8f88b6c 00000000d8f88918
0x00007f047f9357f0:   0000000100002178 0000000100002180
0x00007f047f935800:   00007f047f935820 00007f0490097da0
0x00007f047f935810:   00007f0495733220 00000000d8f88918
0x00007f047f935820:   00007f0490097d60 00007f0490097d60
0x00007f047f935830:   00007f049001f840 00007f0490097d60
0x00007f047f935840:   00007f047f9358a0 00007f0494dcc04c
0x00007f047f935850:   0000000100001940 0000000100001940
0x00007f047f935860:   00007f04956e7e28 00007f0490097da0
0x00007f047f935870:   00000000d8f890d8 00007f049572f200
0x00007f047f935880:   00007f0490097d60 00007f0490097d60
0x00007f047f935890:   00007f049001f840 00007f04952bf7b8
0x00007f047f9358a0:   00007f047f935a30 00007f04950ea582
0x00007f047f9358b0:   000000008561c0bd 00007f0495733390
0x00007f047f9358c0:   00007f0490097d70 00007f047f9359e0
0x00007f047f9358d0:   00007f047f9359b0 00007f047f935990
0x00007f047f9358e0:   00007f047f935980 00007f047f935970
0x00007f047f9358f0:   00007f047f935960 00007f047f935950
0x00007f047f935900:   00007f047f935980 00007f0490097e20
0x00007f047f935910:   00000000855e72dd 00007f048046ffc5
0x00007f047f935920:   00007f047f9359d0 00007f048046fdd0
0x00007f047f935930:   00007f047f935950 00007f0495101130
0x00007f047f935940:   00007f0490097da0 00007f047f9359f8
0x00007f047f935950:   00007f047f935a90 0000000000000001
0x00007f047f935960:   00007f047f9359f0 00007f047f9359f0
0x00007f047f935970:   00007f047f935a50 00007f0495059538
0x00007f047f935980:   0000000000000000 00007f048046ff8e
0x00007f047f935990:   00007f048046ff90 00007f047f935a00
0x00007f047f9359a0:   00007f0490020428 0000000000000000
0x00007f047f9359b0:   00000000d8f98530 00007f0490097d60
0x00007f047f9359c0:   00007f047f9359f0 00007f04950f866c
0x00007f047f9359d0:   00007f04804703a0 000000000000001f 

Instructions: (pc=0x00007f0494db83b5)
0x00007f0494db8395:   49 8b 44 24 30 48 c1 ee 03 48 d3 ee 48 89 f2 89
0x00007f0494db83a5:   f1 be 01 00 00 00 83 e1 3f 48 c1 ea 06 48 d3 e6
0x00007f0494db83b5:   48 85 34 d0 75 95 48 8b 05 6e ad 92 00 0f b6 10
0x00007f0494db83c5:   84 d2 0f 85 b3 01 00 00 48 8b 7b 08 8b 77 08 83 

Register to memory mapping:

RAX=0x00007f047b9b5000 is an unknown value
RBX=0x0000000000000001 is an unknown value
RCX=0x0000000000000000 is an unknown value
RDX=0x007fffffffbd8000 is an unknown value
RSP=0x00007f047f9357e0 is an unknown value
RBP=0x00007f047f935840 is an unknown value
RSI=0x0000000000000001 is an unknown value
RDI=0x0000000100001ef8 is pointing into metadata
R8 =0x00000000d8f8895c is an unknown value
R9 =0x0004000000000000 is an unknown value
R10=0x0000000000000002 is an unknown value
R11=0x00007f049572f200: <offset 0xfbf200> in /usr/lib/jvm/jdk1.8.0_111/jre/lib/amd64/server/libjvm.so at 0x00007f0494770000
R12=0x00007f0495733220: <offset 0xfc3220> in /usr/lib/jvm/jdk1.8.0_111/jre/lib/amd64/server/libjvm.so at 0x00007f0494770000
R13=0x00000000d8f88924 is an unknown value
R14=0x00007f049001f840 is an unknown value
R15=0x00007f0490097d60 is an unknown value


Stack: [0x00007f047f836000,0x00007f047f937000],  sp=0x00007f047f9357e0,  free space=1021k
Native frames: (J=compiled Java code, j=interpreted, Vv=VM code, C=native code)
V  [libjvm.so+0x6483b5]  InstanceKlass::oop_follow_contents(ParCompactionManager*, oopDesc*)+0x2d5
V  [libjvm.so+0x65c04c]  InstanceMirrorKlass::oop_follow_contents(ParCompactionManager*, oopDesc*)+0x1c
V  [libjvm.so+0x97a582]  ParCompactionManager::follow_marking_stacks()+0x232
V  [libjvm.so+0x95fae8]  MarkFromRootsTask::do_it(GCTaskManager*, unsigned int)+0x88
V  [libjvm.so+0x5d729f]  GCTaskThread::run()+0x12f
V  [libjvm.so+0x924ea8]  java_start(Thread*)+0x108


---------------  P R O C E S S  ---------------

Java Threads: ( => current thread )
  0x00007f0438017000 JavaThread "Thread-4" daemon [_thread_blocked, id=23379, stack(0x00007f042e756000,0x00007f042e857000)]
  0x00007f0434407000 JavaThread "Prism Font Disposer" daemon [_thread_blocked, id=23243, stack(0x00007f0441703000,0x00007f0441804000)]
  0x00007f0490276800 JavaThread "JavaFX-Launcher" [_thread_blocked, id=23208, stack(0x00007f0442be7000,0x00007f0442ce8000)]
  0x00007f0490273000 JavaThread "JavaFX Application Thread" [_thread_blocked, id=23192, stack(0x00007f0442cee000,0x00007f0442def000)]
  0x00007f049026f000 JavaThread "Thread-1" daemon [_thread_blocked, id=23190, stack(0x00007f0442def000,0x00007f0442ef0000)]
  0x00007f0490218800 JavaThread "QuantumRenderer-0" daemon [_thread_blocked, id=23172, stack(0x00007f04793a2000,0x00007f04794a3000)]
  0x00007f0490141000 JavaThread "Service Thread" daemon [_thread_blocked, id=23161, stack(0x00007f047963c000,0x00007f047973d000)]
  0x00007f049013e800 JavaThread "C1 CompilerThread1" daemon [_thread_blocked, id=23160, stack(0x00007f047973d000,0x00007f047983e000)]
  0x00007f049013b800 JavaThread "C2 CompilerThread0" daemon [_thread_blocked, id=23159, stack(0x00007f047983e000,0x00007f047993f000)]
  0x00007f049013a000 JavaThread "Signal Dispatcher" daemon [_thread_blocked, id=23158, stack(0x00007f047993f000,0x00007f0479a40000)]
  0x00007f0490107000 JavaThread "Finalizer" daemon [_thread_blocked, id=23157, stack(0x00007f0479f7e000,0x00007f047a07f000)]
  0x00007f0490102800 JavaThread "Reference Handler" daemon [_thread_blocked, id=23156, stack(0x00007f047a07f000,0x00007f047a180000)]
  0x00007f049000a000 JavaThread "main" [_thread_blocked, id=23145, stack(0x00007f049625b000,0x00007f049635c000)]

Other Threads:
  0x00007f04900fa800 VMThread [stack: 0x00007f047a180000,0x00007f047a281000] [id=23152]
  0x00007f0490144000 WatcherThread [stack: 0x00007f047953b000,0x00007f047963c000] [id=23162]

=>0x00007f049001f000 (exited) GCTaskThread [stack: 0x00007f047f836000,0x00007f047f937000] [id=23147]

VM state:at safepoint (normal execution)

VM Mutex/Monitor currently owned by a thread:  ([mutex/lock_event])
[0x00007f0490006220] Threads_lock - owner thread: 0x00007f04900fa800
[0x00007f0490006720] Heap_lock - owner thread: 0x00007f049013e800
[0x00007f0490006ca0] MethodData_lock - owner thread: 0x00007f049013e800

Heap:
 PSYoungGen      total 36864K, used 5118K [0x00000000d7000000, 0x00000000db800000, 0x0000000100000000)
  eden space 31744K, 0% used [0x00000000d7000000,0x00000000d7000000,0x00000000d8f00000)
  from space 5120K, 99% used [0x00000000d8f00000,0x00000000d93ffb78,0x00000000d9400000)
  to   space 5120K, 0% used [0x00000000db300000,0x00000000db300000,0x00000000db800000)
 ParOldGen       total 84992K, used 6284K [0x0000000085000000, 0x000000008a300000, 0x00000000d7000000)
  object space 84992K, 7% used [0x0000000085000000,0x0000000085623068,0x000000008a300000)
 Metaspace       used 20204K, capacity 21608K, committed 21628K, reserved 1067008K
  class space    used 3039K, capacity 3323K, committed 3328K, reserved 1048576K

Card table byte_map: [0x00007f047fbc7000,0x00007f047ffa0000] byte_map_base: 0x00007f047f79f000

Marking Bits: (ParMarkBitMap*) 0x00007f0495733220
 Begin Bits: [0x00007f047b9b5000, 0x00007f047d875000)
 End Bits:   [0x00007f047d875000, 0x00007f047f735000)

Polling page: 0x00007f0496387000

CodeCache: size=245760Kb used=8189Kb max_used=8189Kb free=237570Kb
 bounds [0x00007f0480360000, 0x00007f0480b70000, 0x00007f048f360000]
 total_blobs=3331 nmethods=2665 adapters=580
 compilation: enabled

Compilation events (10 events):
Event: 8.276 Thread 0x00007f049013b800 nmethod 2661 0x00007f0480b2f310 code [0x00007f0480b2f460, 0x00007f0480b2f4b8]
Event: 8.277 Thread 0x00007f049013e800 2663       3       com.sun.javafx.geom.Point2D::setLocation (11 bytes)
Event: 8.277 Thread 0x00007f049013e800 nmethod 2663 0x00007f0480b63a90 code [0x00007f0480b63be0, 0x00007f0480b63d30]
Event: 8.277 Thread 0x00007f049013e800 2664       3       com.sun.javafx.font.CompositeStrike::getStrikeSlot (165 bytes)
Event: 8.279 Thread 0x00007f049013e800 nmethod 2664 0x00007f0480b60410 code [0x00007f0480b60680, 0x00007f0480b61528]
Event: 8.285 Thread 0x00007f049013e800 2665       3       com.sun.prism.impl.VertexBuffer::addQuad (444 bytes)
Event: 8.286 Thread 0x00007f049013e800 nmethod 2665 0x00007f0480b63dd0 code [0x00007f0480b63fa0, 0x00007f0480b648b8]
Event: 8.288 Thread 0x00007f049013e800 2666       3       com.sun.prism.es2.ES2Texture::getNativeSourceHandle (17 bytes)
Event: 8.289 Thread 0x00007f049013e800 nmethod 2666 0x00007f0480b63010 code [0x00007f0480b631c0, 0x00007f0480b63848]
Event: 8.290 Thread 0x00007f049013e800 2667       3       com.sun.javafx.sg.prism.NGNode::render (38 bytes)

GC Heap History (7 events):
Event: 2.139 GC heap before
{Heap before GC invocations=1 (full 0):
 PSYoungGen      total 36864K, used 31733K [0x00000000d7000000, 0x00000000d9900000, 0x0000000100000000)
  eden space 31744K, 99% used [0x00000000d7000000,0x00000000d8efd750,0x00000000d8f00000)
  from space 5120K, 0% used [0x00000000d9400000,0x00000000d9400000,0x00000000d9900000)
  to   space 5120K, 0% used [0x00000000d8f00000,0x00000000d8f00000,0x00000000d9400000)
 ParOldGen       total 84992K, used 0K [0x0000000085000000, 0x000000008a300000, 0x00000000d7000000)
  object space 84992K, 0% used [0x0000000085000000,0x0000000085000000,0x000000008a300000)
 Metaspace       used 11862K, capacity 12312K, committed 12544K, reserved 1060864K
  class space    used 1590K, capacity 1729K, committed 1792K, reserved 1048576K
Event: 2.152 GC heap after
Heap after GC invocations=1 (full 0):
 PSYoungGen      total 36864K, used 4209K [0x00000000d7000000, 0x00000000d9900000, 0x0000000100000000)
  eden space 31744K, 0% used [0x00000000d7000000,0x00000000d7000000,0x00000000d8f00000)
  from space 5120K, 82% used [0x00000000d8f00000,0x00000000d931c788,0x00000000d9400000)
  to   space 5120K, 0% used [0x00000000d9400000,0x00000000d9400000,0x00000000d9900000)
 ParOldGen       total 84992K, used 72K [0x0000000085000000, 0x000000008a300000, 0x00000000d7000000)
  object space 84992K, 0% used [0x0000000085000000,0x0000000085012010,0x000000008a300000)
 Metaspace       used 11862K, capacity 12312K, committed 12544K, reserved 1060864K
  class space    used 1590K, capacity 1729K, committed 1792K, reserved 1048576K
}
Event: 6.926 GC heap before
{Heap before GC invocations=2 (full 0):
 PSYoungGen      total 36864K, used 35413K [0x00000000d7000000, 0x00000000d9900000, 0x0000000100000000)
  eden space 31744K, 98% used [0x00000000d7000000,0x00000000d8e78dd0,0x00000000d8f00000)
  from space 5120K, 82% used [0x00000000d8f00000,0x00000000d931c788,0x00000000d9400000)
  to   space 5120K, 0% used [0x00000000d9400000,0x00000000d9400000,0x00000000d9900000)
 ParOldGen       total 84992K, used 72K [0x0000000085000000, 0x000000008a300000, 0x00000000d7000000)
  object space 84992K, 0% used [0x0000000085000000,0x0000000085012010,0x000000008a300000)
 Metaspace       used 19783K, capacity 21258K, committed 21504K, reserved 1067008K
  class space    used 2998K, capacity 3282K, committed 3328K, reserved 1048576K
Event: 6.968 GC heap after
Heap after GC invocations=2 (full 0):
 PSYoungGen      total 36864K, used 5101K [0x00000000d7000000, 0x00000000d9900000, 0x0000000100000000)
  eden space 31744K, 0% used [0x00000000d7000000,0x00000000d7000000,0x00000000d8f00000)
  from space 5120K, 99% used [0x00000000d9400000,0x00000000d98fb7a0,0x00000000d9900000)
  to   space 5120K, 0% used [0x00000000d8f00000,0x00000000d8f00000,0x00000000d9400000)
 ParOldGen       total 84992K, used 5930K [0x0000000085000000, 0x000000008a300000, 0x00000000d7000000)
  object space 84992K, 6% used [0x0000000085000000,0x00000000855cab18,0x000000008a300000)
 Metaspace       used 19783K, capacity 21258K, committed 21504K, reserved 1067008K
  class space    used 2998K, capacity 3282K, committed 3328K, reserved 1048576K
}
Event: 8.290 GC heap before
{Heap before GC invocations=3 (full 0):
 PSYoungGen      total 36864K, used 8184K [0x00000000d7000000, 0x00000000d9900000, 0x0000000100000000)
  eden space 31744K, 9% used [0x00000000d7000000,0x00000000d7302888,0x00000000d8f00000)
  from space 5120K, 99% used [0x00000000d9400000,0x00000000d98fb7a0,0x00000000d9900000)
  to   space 5120K, 0% used [0x00000000d8f00000,0x00000000d8f00000,0x00000000d9400000)
 ParOldGen       total 84992K, used 5930K [0x0000000085000000, 0x000000008a300000, 0x00000000d7000000)
  object space 84992K, 6% used [0x0000000085000000,0x00000000855cab18,0x000000008a300000)
 Metaspace       used 20204K, capacity 21608K, committed 21628K, reserved 1067008K
  class space    used 3039K, capacity 3323K, committed 3328K, reserved 1048576K
Event: 8.317 GC heap after
Heap after GC invocations=3 (full 0):
 PSYoungGen      total 36864K, used 5118K [0x00000000d7000000, 0x00000000db800000, 0x0000000100000000)
  eden space 31744K, 0% used [0x00000000d7000000,0x00000000d7000000,0x00000000d8f00000)
  from space 5120K, 99% used [0x00000000d8f00000,0x00000000d93ffb78,0x00000000d9400000)
  to   space 5120K, 0% used [0x00000000db300000,0x00000000db300000,0x00000000db800000)
 ParOldGen       total 84992K, used 6284K [0x0000000085000000, 0x000000008a300000, 0x00000000d7000000)
  object space 84992K, 7% used [0x0000000085000000,0x0000000085623068,0x000000008a300000)
 Metaspace       used 20204K, capacity 21608K, committed 21628K, reserved 1067008K
  class space    used 3039K, capacity 3323K, committed 3328K, reserved 1048576K
}
Event: 8.317 GC heap before
{Heap before GC invocations=4 (full 1):
 PSYoungGen      total 36864K, used 5118K [0x00000000d7000000, 0x00000000db800000, 0x0000000100000000)
  eden space 31744K, 0% used [0x00000000d7000000,0x00000000d7000000,0x00000000d8f00000)
  from space 5120K, 99% used [0x00000000d8f00000,0x00000000d93ffb78,0x00000000d9400000)
  to   space 5120K, 0% used [0x00000000db300000,0x00000000db300000,0x00000000db800000)
 ParOldGen       total 84992K, used 6284K [0x0000000085000000, 0x000000008a300000, 0x00000000d7000000)
  object space 84992K, 7% used [0x0000000085000000,0x0000000085623068,0x000000008a300000)
 Metaspace       used 20204K, capacity 21608K, committed 21628K, reserved 1067008K
  class space    used 3039K, capacity 3323K, committed 3328K, reserved 1048576K

Deoptimization events (10 events):
Event: 8.024 Thread 0x00007f0490273000 Uncommon trap: reason=unstable_if action=reinterpret pc=0x00007f048087d660 method=com.sun.javafx.css.StyleManager$CacheContainer.getStyleMap(I)Lcom/sun/javafx/css/StyleMap; @ 22
Event: 8.025 Thread 0x00007f0490273000 Uncommon trap: reason=unstable_if action=reinterpret pc=0x00007f048089a84c method=com.sun.javafx.css.StyleManager$CacheContainer.getStyleMap(I)Lcom/sun/javafx/css/StyleMap; @ 22
Event: 8.045 Thread 0x00007f0490273000 Uncommon trap: reason=unstable_if action=reinterpret pc=0x00007f048091a3ac method=javafx.scene.CssStyleHelper.lookup(Ljavafx/css/Styleable;Ljavafx/css/CssMetaData;Lcom/sun/javafx/css/StyleMap;Ljava/util/Set;Ljavafx/css/Styleable;Lcom/sun/javafx/css/Calcul
Event: 8.099 Thread 0x00007f0490273000 Uncommon trap: reason=bimorphic action=maybe_recompile pc=0x00007f0480b160d4 method=com.sun.javafx.event.EventHandlerManager.dispatchCapturingEvent(Ljavafx/event/Event;)Ljavafx/event/Event; @ 1
Event: 8.182 Thread 0x00007f0490273000 Uncommon trap: reason=class_check action=maybe_recompile pc=0x00007f0480a0d35c method=javafx.scene.Node.updateLocalToParentTransform()V @ 11
Event: 8.183 Thread 0x00007f0490273000 Uncommon trap: reason=class_check action=maybe_recompile pc=0x00007f0480a0d35c method=javafx.scene.Node.updateLocalToParentTransform()V @ 11
Event: 8.186 Thread 0x00007f0490273000 Uncommon trap: reason=bimorphic action=maybe_recompile pc=0x00007f0480b160d4 method=com.sun.javafx.event.EventHandlerManager.dispatchCapturingEvent(Ljavafx/event/Event;)Ljavafx/event/Event; @ 1
Event: 8.200 Thread 0x00007f0490273000 Uncommon trap: reason=bimorphic action=maybe_recompile pc=0x00007f0480b160d4 method=com.sun.javafx.event.EventHandlerManager.dispatchCapturingEvent(Ljavafx/event/Event;)Ljavafx/event/Event; @ 1
Event: 8.200 Thread 0x00007f0490273000 Uncommon trap: reason=bimorphic action=maybe_recompile pc=0x00007f0480b160d4 method=com.sun.javafx.event.EventHandlerManager.dispatchCapturingEvent(Ljavafx/event/Event;)Ljavafx/event/Event; @ 1
Event: 8.280 Thread 0x00007f0490218800 Uncommon trap: reason=unstable_if action=reinterpret pc=0x00007f04809e4f24 method=com.sun.javafx.geom.RectBounds.isEmpty()Z @ 21

Internal exceptions (10 events):
Event: 1.661 Thread 0x00007f0490273000 Exception <a 'java/lang/ArrayIndexOutOfBoundsException'> (0x00000000d856cdd8) thrown at [/HUDSON3/workspace/8-2-build-linux-amd64/jdk8u111/7883/hotspot/src/share/vm/runtime/sharedRuntime.cpp, line 605]
Event: 1.711 Thread 0x00007f0490273000 Exception <a 'java/lang/ArrayIndexOutOfBoundsException'> (0x00000000d86d12c0) thrown at [/HUDSON3/workspace/8-2-build-linux-amd64/jdk8u111/7883/hotspot/src/share/vm/runtime/sharedRuntime.cpp, line 605]
Event: 1.792 Thread 0x00007f0490273000 Exception <a 'java/lang/ArrayIndexOutOfBoundsException'> (0x00000000d895e990) thrown at [/HUDSON3/workspace/8-2-build-linux-amd64/jdk8u111/7883/hotspot/src/share/vm/runtime/sharedRuntime.cpp, line 605]
Event: 1.976 Thread 0x00007f0490273000 Exception <a 'java/lang/ArrayIndexOutOfBoundsException'> (0x00000000d8adf870) thrown at [/HUDSON3/workspace/8-2-build-linux-amd64/jdk8u111/7883/hotspot/src/share/vm/runtime/sharedRuntime.cpp, line 605]
Event: 2.123 Thread 0x00007f0490273000 Exception <a 'java/lang/ArrayIndexOutOfBoundsException': 58> (0x00000000d8dc7118) thrown at [/HUDSON3/workspace/8-2-build-linux-amd64/jdk8u111/7883/hotspot/src/share/vm/interpreter/interpreterRuntime.cpp, line 366]
Event: 2.131 Thread 0x00007f0490273000 Exception <a 'java/lang/ArrayIndexOutOfBoundsException'> (0x00000000d8e499d0) thrown at [/HUDSON3/workspace/8-2-build-linux-amd64/jdk8u111/7883/hotspot/src/share/vm/runtime/sharedRuntime.cpp, line 605]
Event: 2.636 Thread 0x00007f0490273000 Implicit null exception at 0x00007f04805cc0b5 to 0x00007f04805cc299
Event: 2.636 Thread 0x00007f0490273000 Implicit null exception at 0x00007f04806a6818 to 0x00007f04806a68a6
Event: 3.293 Thread 0x00007f0490273000 Implicit null exception at 0x00007f048082a490 to 0x00007f048082a995
Event: 6.909 Thread 0x00007f0490273000 Implicit null exception at 0x00007f0480a4ff82 to 0x00007f0480a50b1d

Events (10 events):
Event: 8.200 Thread 0x00007f0490273000 DEOPT UNPACKING pc=0x00007f0480365229 sp=0x00007f0442deb290 mode 2
Event: 8.200 Thread 0x00007f0490273000 Uncommon trap: trap_request=0xffffffc6 fr.pc=0x00007f0480b160d4
Event: 8.200 Thread 0x00007f0490273000 DEOPT PACKING pc=0x00007f0480b160d4 sp=0x00007f0442deb410
Event: 8.200 Thread 0x00007f0490273000 DEOPT UNPACKING pc=0x00007f0480365229 sp=0x00007f0442deb430 mode 2
Event: 8.280 Thread 0x00007f0490218800 Uncommon trap: trap_request=0xffffff65 fr.pc=0x00007f04809e4f24
Event: 8.280 Thread 0x00007f0490218800 DEOPT PACKING pc=0x00007f04809e4f24 sp=0x00007f047949eba0
Event: 8.280 Thread 0x00007f0490218800 DEOPT UNPACKING pc=0x00007f0480365229 sp=0x00007f047949eb58 mode 2
Event: 8.280 loading class com/sun/scenario/effect/impl/state/LinearConvolveRenderState$PassType
Event: 8.280 loading class com/sun/scenario/effect/impl/state/LinearConvolveRenderState$PassType done
Event: 8.290 Executing VM operation: CollectForMetadataAllocation


Dynamic libraries:
00400000-00401000 r-xp 00000000 08:06 10486455                           /usr/lib/jvm/jdk1.8.0_111/jre/bin/java
00600000-00601000 rw-p 00000000 08:06 10486455                           /usr/lib/jvm/jdk1.8.0_111/jre/bin/java
0155a000-0157b000 rw-p 00000000 00:00 0                                  [heap]
40be0000-40c7f000 rw-p 00000000 00:00 0 
41e50000-41e52000 r-xs 00000000 08:06 131118                             /tmp/.glk05Q2U (deleted)
85000000-8a300000 rw-p 00000000 00:00 0 
8a300000-d7000000 ---p 00000000 00:00 0 
d7000000-db800000 rw-p 00000000 00:00 0 
db800000-100000000 ---p 00000000 00:00 0 
100000000-100340000 rw-p 00000000 00:00 0 
100340000-140000000 ---p 00000000 00:00 0 
7f042dfc8000-7f042e043000 r-xp 00000000 08:06 794106                     /usr/lib/x86_64-linux-gnu/nss/libfreebl3.so
7f042e043000-7f042e242000 ---p 0007b000 08:06 794106                     /usr/lib/x86_64-linux-gnu/nss/libfreebl3.so
7f042e242000-7f042e244000 r--p 0007a000 08:06 794106                     /usr/lib/x86_64-linux-gnu/nss/libfreebl3.so
7f042e244000-7f042e245000 rw-p 0007c000 08:06 794106                     /usr/lib/x86_64-linux-gnu/nss/libfreebl3.so
7f042e245000-7f042e249000 rw-p 00000000 00:00 0 
7f042e250000-7f042e304000 r-xp 00000000 08:06 271632                     /usr/lib/x86_64-linux-gnu/libsqlite3.so.0.8.6
7f042e304000-7f042e504000 ---p 000b4000 08:06 271632                     /usr/lib/x86_64-linux-gnu/libsqlite3.so.0.8.6
7f042e504000-7f042e506000 r--p 000b4000 08:06 271632                     /usr/lib/x86_64-linux-gnu/libsqlite3.so.0.8.6
7f042e506000-7f042e508000 rw-p 000b6000 08:06 271632                     /usr/lib/x86_64-linux-gnu/libsqlite3.so.0.8.6
7f042e508000-7f042e509000 rw-p 00000000 00:00 0 
7f042e510000-7f042e551000 r-xp 00000000 08:06 794105                     /usr/lib/x86_64-linux-gnu/nss/libsoftokn3.so
7f042e551000-7f042e750000 ---p 00041000 08:06 794105                     /usr/lib/x86_64-linux-gnu/nss/libsoftokn3.so
7f042e750000-7f042e751000 r--p 00040000 08:06 794105                     /usr/lib/x86_64-linux-gnu/nss/libsoftokn3.so
7f042e751000-7f042e752000 rw-p 00041000 08:06 794105                     /usr/lib/x86_64-linux-gnu/nss/libsoftokn3.so
7f042e756000-7f042e759000 ---p 00000000 00:00 0 
7f042e759000-7f042e857000 rw-p 00000000 00:00 0                          [stack:23379]
7f042e857000-7f042e858000 ---p 00000000 00:00 0 
7f042e858000-7f042f058000 rw-p 00000000 00:00 0                          [stack:23378]
7f042f058000-7f042f09c000 r-xp 00000000 08:06 11276542                   /lib/x86_64-linux-gnu/libdbus-1.so.3.7.6
7f042f09c000-7f042f29b000 ---p 00044000 08:06 11276542                   /lib/x86_64-linux-gnu/libdbus-1.so.3.7.6
7f042f29b000-7f042f29c000 r--p 00043000 08:06 11276542                   /lib/x86_64-linux-gnu/libdbus-1.so.3.7.6
7f042f29c000-7f042f29d000 rw-p 00044000 08:06 11276542                   /lib/x86_64-linux-gnu/libdbus-1.so.3.7.6
7f042f2a0000-7f042f2a8000 r-xp 00000000 08:06 11276591                   /lib/x86_64-linux-gnu/libnih-dbus.so.1.0.0
7f042f2a8000-7f042f4a8000 ---p 00008000 08:06 11276591                   /lib/x86_64-linux-gnu/libnih-dbus.so.1.0.0
7f042f4a8000-7f042f4a9000 r--p 00008000 08:06 11276591                   /lib/x86_64-linux-gnu/libnih-dbus.so.1.0.0
7f042f4a9000-7f042f4aa000 rw-p 00009000 08:06 11276591                   /lib/x86_64-linux-gnu/libnih-dbus.so.1.0.0
7f042f4b0000-7f042f4c7000 r-xp 00000000 08:06 11276593                   /lib/x86_64-linux-gnu/libnih.so.1.0.0
7f042f4c7000-7f042f6c6000 ---p 00017000 08:06 11276593                   /lib/x86_64-linux-gnu/libnih.so.1.0.0
7f042f6c6000-7f042f6c7000 r--p 00016000 08:06 11276593                   /lib/x86_64-linux-gnu/libnih.so.1.0.0
7f042f6c7000-7f042f6c8000 rw-p 00017000 08:06 11276593                   /lib/x86_64-linux-gnu/libnih.so.1.0.0
7f042f6c8000-7f042f6e1000 r-xp 00000000 08:06 11276533                   /lib/x86_64-linux-gnu/libcgmanager.so.0.0.0
7f042f6e1000-7f042f8e0000 ---p 00019000 08:06 11276533                   /lib/x86_64-linux-gnu/libcgmanager.so.0.0.0
7f042f8e0000-7f042f8e2000 r--p 00018000 08:06 11276533                   /lib/x86_64-linux-gnu/libcgmanager.so.0.0.0
7f042f8e2000-7f042f8e3000 rw-p 0001a000 08:06 11276533                   /lib/x86_64-linux-gnu/libcgmanager.so.0.0.0
7f042f8e8000-7f042f921000 r-xp 00000000 08:06 268901                     /usr/lib/x86_64-linux-gnu/libnspr4.so
7f042f921000-7f042fb20000 ---p 00039000 08:06 268901                     /usr/lib/x86_64-linux-gnu/libnspr4.so
7f042fb20000-7f042fb21000 r--p 00038000 08:06 268901                     /usr/lib/x86_64-linux-gnu/libnspr4.so
7f042fb21000-7f042fb22000 rw-p 00039000 08:06 268901                     /usr/lib/x86_64-linux-gnu/libnspr4.so
7f042fb22000-7f042fb25000 rw-p 00000000 00:00 0 
7f042fb28000-7f042fb2b000 r-xp 00000000 08:06 268900                     /usr/lib/x86_64-linux-gnu/libplds4.so
7f042fb2b000-7f042fd2a000 ---p 00003000 08:06 268900                     /usr/lib/x86_64-linux-gnu/libplds4.so
7f042fd2a000-7f042fd2b000 r--p 00002000 08:06 268900                     /usr/lib/x86_64-linux-gnu/libplds4.so
7f042fd2b000-7f042fd2c000 rw-p 00003000 08:06 268900                     /usr/lib/x86_64-linux-gnu/libplds4.so
7f042fd30000-7f042fd34000 r-xp 00000000 08:06 268861                     /usr/lib/x86_64-linux-gnu/libplc4.so
7f042fd34000-7f042ff33000 ---p 00004000 08:06 268861                     /usr/lib/x86_64-linux-gnu/libplc4.so
7f042ff33000-7f042ff34000 r--p 00003000 08:06 268861                     /usr/lib/x86_64-linux-gnu/libplc4.so
7f042ff34000-7f042ff35000 rw-p 00004000 08:06 268861                     /usr/lib/x86_64-linux-gnu/libplc4.so
7f042ff38000-7f042ff5d000 r-xp 00000000 08:06 268074                     /usr/lib/x86_64-linux-gnu/libnssutil3.so
7f042ff5d000-7f043015d000 ---p 00025000 08:06 268074                     /usr/lib/x86_64-linux-gnu/libnssutil3.so
7f043015d000-7f0430163000 r--p 00025000 08:06 268074                     /usr/lib/x86_64-linux-gnu/libnssutil3.so
7f0430163000-7f0430164000 rw-p 0002b000 08:06 268074                     /usr/lib/x86_64-linux-gnu/libnssutil3.so
7f0430168000-7f0430178000 r-xp 00000000 08:06 11276675                   /lib/x86_64-linux-gnu/libudev.so.1.3.5
7f0430178000-7f0430377000 ---p 00010000 08:06 11276675                   /lib/x86_64-linux-gnu/libudev.so.1.3.5
7f0430377000-7f0430378000 r--p 0000f000 08:06 11276675                   /lib/x86_64-linux-gnu/libudev.so.1.3.5
7f0430378000-7f0430379000 rw-p 00010000 08:06 11276675                   /lib/x86_64-linux-gnu/libudev.so.1.3.5
7f0430380000-7f04304b5000 r-xp 00000000 08:06 268076                     /usr/lib/x86_64-linux-gnu/libnss3.so
7f04304b5000-7f04306b4000 ---p 00135000 08:06 268076                     /usr/lib/x86_64-linux-gnu/libnss3.so
7f04306b4000-7f04306b9000 r--p 00134000 08:06 268076                     /usr/lib/x86_64-linux-gnu/libnss3.so
7f04306b9000-7f04306bb000 rw-p 00139000 08:06 268076                     /usr/lib/x86_64-linux-gnu/libnss3.so
7f04306bb000-7f04306bc000 rw-p 00000000 00:00 0 
7f04306c0000-7f04306d5000 r-xp 00000000 08:06 11276681                   /lib/x86_64-linux-gnu/libusb-1.0.so.0.1.0
7f04306d5000-7f04308d5000 ---p 00015000 08:06 11276681                   /lib/x86_64-linux-gnu/libusb-1.0.so.0.1.0
7f04308d5000-7f04308d6000 r--p 00015000 08:06 11276681                   /lib/x86_64-linux-gnu/libusb-1.0.so.0.1.0
7f04308d6000-7f04308d7000 rw-p 00016000 08:06 11276681                   /lib/x86_64-linux-gnu/libusb-1.0.so.0.1.0
7f04308d8000-7f043092f000 r-xp 00000000 08:06 787714                     /usr/local/lib/libfprint.so.0.0.0
7f043092f000-7f0430b2e000 ---p 00057000 08:06 787714                     /usr/local/lib/libfprint.so.0.0.0
7f0430b2e000-7f0430b2f000 r--p 00056000 08:06 787714                     /usr/local/lib/libfprint.so.0.0.0
7f0430b2f000-7f0430b40000 rw-p 00057000 08:06 787714                     /usr/local/lib/libfprint.so.0.0.0
7f0430b40000-7f04339f1000 rw-p 00000000 00:00 0 
7f04339f8000-7f04339fd000 r-xp 00000000 08:06 131119                     /tmp/libfingerprint1575817782111281150.so
7f04339fd000-7f0433bfc000 ---p 00005000 08:06 131119                     /tmp/libfingerprint1575817782111281150.so
7f0433bfc000-7f0433bfd000 r--p 00004000 08:06 131119                     /tmp/libfingerprint1575817782111281150.so
7f0433bfd000-7f0433bfe000 rw-p 00005000 08:06 131119                     /tmp/libfingerprint1575817782111281150.so
7f0433bff000-7f0433fff000 rw-s 1a3bbf000 00:06 12147                     /dev/nvidiactl
7f0434000000-7f04344dd000 rw-p 00000000 00:00 0 
7f04344dd000-7f0438000000 ---p 00000000 00:00 0 
7f0438000000-7f0438028000 rw-p 00000000 00:00 0 
7f0438028000-7f043c000000 ---p 00000000 00:00 0 
7f043c000000-7f043c021000 rw-p 00000000 00:00 0 
7f043c021000-7f0440000000 ---p 00000000 00:00 0 
7f044004f000-7f0440053000 r--s 00097000 08:06 10486124                   /usr/lib/jvm/jdk1.8.0_111/jre/lib/jsse.jar
7f0440056000-7f0440256000 rw-s 17881e000 00:06 12147                     /dev/nvidiactl
7f044025a000-7f04404ef000 rw-p 00000000 00:00 0 
7f04404ef000-7f04406ef000 rw-s 6f647000 00:06 12147                      /dev/nvidiactl
7f04406ef000-7f0441185000 rw-p 00000000 00:00 0 
7f0441185000-7f0441198000 r--s 00345000 08:06 10486404                   /usr/lib/jvm/jdk1.8.0_111/jre/lib/resources.jar
7f0441198000-7f0441377000 rw-p 00000000 00:00 0 
7f0441377000-7f0441398000 ---p 00000000 00:00 0 
7f0441398000-7f0441442000 r--p 00000000 08:06 1445411                    /usr/share/fonts/truetype/dejavu/DejaVuSans-Bold.ttf
7f0441448000-7f0441648000 rw-p 00000000 00:00 0 
7f0441648000-7f04416fe000 r--p 00000000 08:06 1445415                    /usr/share/fonts/truetype/dejavu/DejaVuSans.ttf
7f0441703000-7f0441706000 ---p 00000000 00:00 0 
7f0441706000-7f0441804000 rw-p 00000000 00:00 0                          [stack:23243]
7f0441804000-7f0441809000 r--s 00084000 08:06 10486279                   /usr/lib/jvm/jdk1.8.0_111/jre/lib/jfr.jar
7f0441810000-7f044183f000 r-xp 00000000 08:06 788682                     /usr/lib/x86_64-linux-gnu/gtk-2.0/2.10.0/engines/libmurrine.so
7f044183f000-7f0441a3f000 ---p 0002f000 08:06 788682                     /usr/lib/x86_64-linux-gnu/gtk-2.0/2.10.0/engines/libmurrine.so
7f0441a3f000-7f0441a40000 r--p 0002f000 08:06 788682                     /usr/lib/x86_64-linux-gnu/gtk-2.0/2.10.0/engines/libmurrine.so
7f0441a40000-7f0441a41000 rw-p 00030000 08:06 788682                     /usr/lib/x86_64-linux-gnu/gtk-2.0/2.10.0/engines/libmurrine.so
7f0441a48000-7f0441a51000 r-xp 00000000 08:06 787773                     /usr/lib/x86_64-linux-gnu/gtk-2.0/2.10.0/engines/libpixmap.so
7f0441a51000-7f0441c51000 ---p 00009000 08:06 787773                     /usr/lib/x86_64-linux-gnu/gtk-2.0/2.10.0/engines/libpixmap.so
7f0441c51000-7f0441c52000 r--p 00009000 08:06 787773                     /usr/lib/x86_64-linux-gnu/gtk-2.0/2.10.0/engines/libpixmap.so
7f0441c52000-7f0441c53000 rw-p 0000a000 08:06 787773                     /usr/lib/x86_64-linux-gnu/gtk-2.0/2.10.0/engines/libpixmap.so
7f0441c58000-7f0441e58000 rw-p 00000000 00:00 0 
7f0441e58000-7f0442058000 rw-p 00000000 00:00 0 
7f0442058000-7f0442103000 r--p 00000000 08:06 10486268                   /usr/lib/jvm/jdk1.8.0_111/jre/lib/fonts/LucidaSansRegular.ttf
7f0442108000-7f0442142000 r--p 00000000 08:06 10486270                   /usr/lib/jvm/jdk1.8.0_111/jre/lib/fonts/LucidaTypewriterBold.ttf
7f0442148000-7f044215b000 r--p 00000000 08:06 10486276                   /usr/lib/jvm/jdk1.8.0_111/jre/lib/fonts/LucidaBrightDemiItalic.ttf
7f0442160000-7f04421ae000 r--p 00000000 08:06 10486275                   /usr/lib/jvm/jdk1.8.0_111/jre/lib/fonts/LucidaSansDemiBold.ttf
7f04421b0000-7f04421ec000 r--p 00000000 08:06 10486274                   /usr/lib/jvm/jdk1.8.0_111/jre/lib/fonts/LucidaTypewriterRegular.ttf
7f04421f0000-7f0442245000 r--p 00000000 08:06 10486271                   /usr/lib/jvm/jdk1.8.0_111/jre/lib/fonts/LucidaBrightRegular.ttf
7f0442248000-7f044225c000 r--p 00000000 08:06 10486272                   /usr/lib/jvm/jdk1.8.0_111/jre/lib/fonts/LucidaBrightItalic.ttf
7f0442260000-7f0442273000 r--p 00000000 08:06 10486269                   /usr/lib/jvm/jdk1.8.0_111/jre/lib/fonts/LucidaBrightDemiBold.ttf
7f0442278000-7f044227c000 r-xp 00000000 08:06 10486217                   /usr/lib/jvm/jdk1.8.0_111/jre/lib/amd64/libjavafx_font_pango.so
7f044227c000-7f044247b000 ---p 00004000 08:06 10486217                   /usr/lib/jvm/jdk1.8.0_111/jre/lib/amd64/libjavafx_font_pango.so
7f044247b000-7f044247c000 rw-p 00003000 08:06 10486217                   /usr/lib/jvm/jdk1.8.0_111/jre/lib/amd64/libjavafx_font_pango.so
7f0442480000-7f0442481000 r--s 00000000 08:06 3801416                    /var/cache/fontconfig/c05880de57d1f5e948fdfacc138775d9-le64.cache-4
7f0442488000-7f0442493000 r--s 00000000 08:06 3801409                    /var/cache/fontconfig/945677eb7aeaf62f1d50efc3fb3ec7d8-le64.cache-4
7f0442498000-7f044249a000 r--s 00000000 08:06 3801411                    /var/cache/fontconfig/99e8ed0e538f840c565b6ed5dad60d56-le64.cache-4
7f04424a0000-7f04424a6000 r--s 00000000 08:06 3801393                    /var/cache/fontconfig/2cd17615ca594fa2959ae173292e504c-le64.cache-4
7f04424a8000-7f04424a9000 r--s 00000000 08:06 3801427                    /var/cache/fontconfig/e7071f4a29fa870f4323321c154eba04-le64.cache-4
7f04424b0000-7f04424b1000 r--s 00000000 08:06 3801390                    /var/cache/fontconfig/0d8c3b2ac0904cb8a57a757ad11a4a08-le64.cache-4
7f04424b8000-7f04424bf000 r--s 00000000 08:06 3801413                    /var/cache/fontconfig/a755afe4a08bf5b97852ceb7400b47bc-le64.cache-4
7f04424c0000-7f04424cc000 r--s 00000000 08:06 3801404                    /var/cache/fontconfig/6d41288fd70b0be22e8c3a91e032eec0-le64.cache-4
7f04424d0000-7f04424e4000 r--s 00000000 08:06 3801387                    /var/cache/fontconfig/04aabc0a78ac019cf9454389977116d2-le64.cache-4
7f04424e8000-7f04424e9000 r--s 00000000 08:06 3801392                    /var/cache/fontconfig/1ac9eb803944fde146138c791f5cc56a-le64.cache-4
7f04424f0000-7f04424f4000 r--s 00000000 08:06 3801396                    /var/cache/fontconfig/385c0604a188198f04d133e54aba7fe7-le64.cache-4
7f04424f8000-7f04424f9000 r--s 00000000 08:06 3801424                    /var/cache/fontconfig/dc05db6664285cc2f12bf69c139ae4c3-le64.cache-4
7f0442500000-7f0442502000 r--s 00000000 08:06 3801406                    /var/cache/fontconfig/767a8244fc0220cfb567a839d0392e0b-le64.cache-4
7f0442508000-7f0442509000 r--s 00000000 08:06 3801398                    /var/cache/fontconfig/4794a0821666d79190d59a36cb4f44b5-le64.cache-4
7f0442510000-7f0442522000 r--s 00000000 08:06 3801388                    /var/cache/fontconfig/0bd3dc0958fa2205aaaa8ebb13e2872b-le64.cache-4
7f0442528000-7f044252d000 r--s 00000000 08:06 3801408                    /var/cache/fontconfig/8801497958630a81b71ace7c5f9b32a8-le64.cache-4
7f0442530000-7f0442536000 r--s 00000000 08:06 3816246                    /var/cache/fontconfig/ca37dee8d6057f2a069c1b3d05990269-le64.cache-4
7f0442538000-7f044253c000 r--s 00000000 08:06 3815067                    /var/cache/fontconfig/c57959a16110560c8d0fcea73374aeeb-le64.cache-4
7f0442540000-7f0442547000 r--s 00000000 08:06 3801394                    /var/cache/fontconfig/3047814df9a2f067bd2d96a2b9c36e5a-le64.cache-4
7f0442548000-7f0442549000 r--s 00000000 08:06 3801400                    /var/cache/fontconfig/56cf4f4769d0f4abc89a4895d7bd3ae1-le64.cache-4
7f0442550000-7f0442551000 r--s 00000000 08:06 3801415                    /var/cache/fontconfig/b9d506c9ac06c20b433354fa67a72993-le64.cache-4
7f0442558000-7f044255e000 r--s 00000000 08:06 3801414                    /var/cache/fontconfig/b47c4e1ecd0709278f4910c18777a504-le64.cache-4
7f0442560000-7f0442573000 r--s 00000000 08:06 3801421                    /var/cache/fontconfig/d52a8644073d54c13679302ca1180695-le64.cache-4
7f0442578000-7f0442581000 r--s 00000000 08:06 3801397                    /var/cache/fontconfig/3f7329c5293ffd510edef78f73874cfd-le64.cache-4
7f0442588000-7f0442593000 r--s 00000000 08:06 3801422                    /var/cache/fontconfig/d589a48862398ed80a3d6066f4f56f4c-le64.cache-4
7f0442598000-7f0442599000 r--s 00000000 08:06 3801389                    /var/cache/fontconfig/0c9eb80ebd1c36541ebe2852d3bb0c49-le64.cache-4
7f04425a0000-7f04425a9000 r--s 00000000 08:06 3801419                    /var/cache/fontconfig/d0972c3d32f097851eb916381fc38920-le64.cache-4
7f04425b0000-7f04425b3000 r--s 00000000 08:06 3812658                    /var/cache/fontconfig/e13b20fdb08344e0e664864cc2ede53d-le64.cache-4
7f04425b8000-7f04425bc000 r--s 00000000 08:06 3816245                    /var/cache/fontconfig/7ef2298fde41cc6eeb7af42e48b7d293-le64.cache-4
7f04425c0000-7f04425c5000 r-xp 00000000 08:06 10486213                   /usr/lib/jvm/jdk1.8.0_111/jre/lib/amd64/libjavafx_font_freetype.so
7f04425c5000-7f04427c4000 ---p 00005000 08:06 10486213                   /usr/lib/jvm/jdk1.8.0_111/jre/lib/amd64/libjavafx_font_freetype.so
7f04427c4000-7f04427c5000 rw-p 00004000 08:06 10486213                   /usr/lib/jvm/jdk1.8.0_111/jre/lib/amd64/libjavafx_font_freetype.so
7f04427c8000-7f04427cb000 r-xp 00000000 08:06 10486175                   /usr/lib/jvm/jdk1.8.0_111/jre/lib/amd64/libjavafx_font.so
7f04427cb000-7f04429ca000 ---p 00003000 08:06 10486175                   /usr/lib/jvm/jdk1.8.0_111/jre/lib/amd64/libjavafx_font.so
7f04429ca000-7f04429cb000 rw-p 00002000 08:06 10486175                   /usr/lib/jvm/jdk1.8.0_111/jre/lib/amd64/libjavafx_font.so
7f04429d0000-7f0442bd0000 rw-p 00000000 00:00 0 
7f0442bd0000-7f0442bd4000 r--s 00060000 08:06 10488490                   /home/xmbeat/NetBeansProjects/FingerprintLogin/dist/run384756736/lib/webcam-capture-0.3.10.jar
7f0442bd5000-7f0442bd7000 r--s 00005000 08:06 10488488                   /home/xmbeat/NetBeansProjects/FingerprintLogin/dist/run384756736/lib/slf4j-api-1.7.2.jar
7f0442bda000-7f0442bdd000 r--s 0003a000 08:06 10488487                   /home/xmbeat/NetBeansProjects/FingerprintLogin/dist/run384756736/lib/mysql-connector-java-3.0.17-ga-bin.jar
7f0442bdf000-7f0442be7000 r--s 000cf000 08:06 10488479                   /home/xmbeat/NetBeansProjects/FingerprintLogin/dist/run384756736/lib/bridj-0.6.2.jar
7f0442be7000-7f0442bea000 ---p 00000000 00:00 0 
7f0442bea000-7f0442ce8000 rw-p 00000000 00:00 0                          [stack:23208]
7f0442ce8000-7f0442cea000 rw-s 00000000 08:06 131118                     /tmp/.glk05Q2U (deleted)
7f0442cee000-7f0442cf1000 ---p 00000000 00:00 0 
7f0442cf1000-7f0442def000 rw-p 00000000 00:00 0                          [stack:23192]
7f0442def000-7f0442df2000 ---p 00000000 00:00 0 
7f0442df2000-7f0442ef0000 rw-p 00000000 00:00 0                          [stack:23190]
7f0442ef0000-7f0442f1a000 r--p 00000000 08:06 1314249                    /usr/share/locale-langpack/es/LC_MESSAGES/gtk20-properties.mo
7f0442f20000-7f0442f46000 r--p 00000000 08:06 1314142                    /usr/share/locale-langpack/es/LC_MESSAGES/libc.mo
7f0442f48000-7f0442f57000 r--p 00000000 08:06 1314186                    /usr/share/locale-langpack/es/LC_MESSAGES/gtk20.mo
7f0442f58000-7f0442f81000 r-xp 00000000 08:06 10486225                   /usr/lib/jvm/jdk1.8.0_111/jre/lib/amd64/libglass.so
7f0442f81000-7f0443180000 ---p 00029000 08:06 10486225                   /usr/lib/jvm/jdk1.8.0_111/jre/lib/amd64/libglass.so
7f0443180000-7f0443183000 rw-p 00028000 08:06 10486225                   /usr/lib/jvm/jdk1.8.0_111/jre/lib/amd64/libglass.so
7f0443186000-7f0443206000 rw-s 1cf24e000 00:06 12147                     /dev/nvidiactl
7f0443208000-7f0443288000 rw-s 1a5048000 00:06 12147                     /dev/nvidiactl
7f0443288000-7f0443308000 rw-s 178ac0000 00:06 12147                     /dev/nvidiactl
7f044330f000-7f0443312000 ---p 00000000 00:00 0 
7f0443312000-7f0443410000 rw-p 00000000 00:00 0 
7f0443410000-7f0443423000 rw-s 18aa88000 00:06 12147                     /dev/nvidiactl
7f0443428000-7f0443448000 rw-s c0320000 00:06 12148                      /dev/nvidia0
7f044344b000-7f044348b000 rw-s 109043000 00:06 12147                     /dev/nvidiactl
7f044348d000-7f04434cd000 rw-s 1cf26d000 00:06 12147                     /dev/nvidiactl
7f04434d0000-7f04434d6000 r-xp 00000000 08:06 270780                     /usr/lib/x86_64-linux-gnu/libdatrie.so.1.3.1
7f04434d6000-7f04436d5000 ---p 00006000 08:06 270780                     /usr/lib/x86_64-linux-gnu/libdatrie.so.1.3.1
7f04436d5000-7f04436d6000 r--p 00005000 08:06 270780                     /usr/lib/x86_64-linux-gnu/libdatrie.so.1.3.1
7f04436d6000-7f04436d7000 rw-p 00006000 08:06 270780                     /usr/lib/x86_64-linux-gnu/libdatrie.so.1.3.1
7f04436d8000-7f04436dd000 r-xp 00000000 08:06 270557                     /usr/lib/x86_64-linux-gnu/libXdmcp.so.6.0.0
7f04436dd000-7f04438dc000 ---p 00005000 08:06 270557                     /usr/lib/x86_64-linux-gnu/libXdmcp.so.6.0.0
7f04438dc000-7f04438dd000 r--p 00004000 08:06 270557                     /usr/lib/x86_64-linux-gnu/libXdmcp.so.6.0.0
7f04438dd000-7f04438de000 rw-p 00005000 08:06 270557                     /usr/lib/x86_64-linux-gnu/libXdmcp.so.6.0.0
7f04438e0000-7f04438e2000 r-xp 00000000 08:06 270544                     /usr/lib/x86_64-linux-gnu/libXau.so.6.0.0
7f04438e2000-7f0443ae2000 ---p 00002000 08:06 270544                     /usr/lib/x86_64-linux-gnu/libXau.so.6.0.0
7f0443ae2000-7f0443ae3000 r--p 00002000 08:06 270544                     /usr/lib/x86_64-linux-gnu/libXau.so.6.0.0
7f0443ae3000-7f0443ae4000 rw-p 00003000 08:06 270544                     /usr/lib/x86_64-linux-gnu/libXau.so.6.0.0
7f0443ae8000-7f0443b02000 r-xp 00000000 08:06 263304                     /usr/lib/x86_64-linux-gnu/libgraphite2.so.3.0.1
7f0443b02000-7f0443d01000 ---p 0001a000 08:06 263304                     /usr/lib/x86_64-linux-gnu/libgraphite2.so.3.0.1
7f0443d01000-7f0443d03000 r--p 00019000 08:06 263304                     /usr/lib/x86_64-linux-gnu/libgraphite2.so.3.0.1
7f0443d03000-7f0443d04000 rw-p 0001b000 08:06 263304                     /usr/lib/x86_64-linux-gnu/libgraphite2.so.3.0.1
7f0443d08000-7f0445705000 r-xp 00000000 08:06 921231                     /usr/lib/nvidia-352/libnvidia-glcore.so.352.63
7f0445705000-7f0445725000 rwxp 019fd000 08:06 921231                     /usr/lib/nvidia-352/libnvidia-glcore.so.352.63
7f0445725000-7f04459ec000 r-xp 01a1d000 08:06 921231                     /usr/lib/nvidia-352/libnvidia-glcore.so.352.63
7f04459ec000-7f0445beb000 ---p 01ce4000 08:06 921231                     /usr/lib/nvidia-352/libnvidia-glcore.so.352.63
7f0445beb000-7f0446787000 rw-p 01ce3000 08:06 921231                     /usr/lib/nvidia-352/libnvidia-glcore.so.352.63
7f0446787000-7f044679b000 rw-p 00000000 00:00 0 
7f04467a0000-7f04467a3000 r-xp 00000000 08:06 1184481                    /usr/lib/nvidia-352/tls/libnvidia-tls.so.352.63
7f04467a3000-7f04469a2000 ---p 00003000 08:06 1184481                    /usr/lib/nvidia-352/tls/libnvidia-tls.so.352.63
7f04469a2000-7f04469a3000 rw-p 00002000 08:06 1184481                    /usr/lib/nvidia-352/tls/libnvidia-tls.so.352.63
7f04469a8000-7f04469e5000 r-xp 00000000 08:06 11276632                   /lib/x86_64-linux-gnu/libpcre.so.3.13.1
7f04469e5000-7f0446be4000 ---p 0003d000 08:06 11276632                   /lib/x86_64-linux-gnu/libpcre.so.3.13.1
7f0446be4000-7f0446be5000 r--p 0003c000 08:06 11276632                   /lib/x86_64-linux-gnu/libpcre.so.3.13.1
7f0446be5000-7f0446be6000 rw-p 0003d000 08:06 11276632                   /lib/x86_64-linux-gnu/libpcre.so.3.13.1
7f0446be8000-7f0446bef000 r-xp 00000000 08:06 262898                     /usr/lib/x86_64-linux-gnu/libffi.so.6.0.1
7f0446bef000-7f0446dee000 ---p 00007000 08:06 262898                     /usr/lib/x86_64-linux-gnu/libffi.so.6.0.1
7f0446dee000-7f0446def000 r--p 00006000 08:06 262898                     /usr/lib/x86_64-linux-gnu/libffi.so.6.0.1
7f0446def000-7f0446df0000 rw-p 00007000 08:06 262898                     /usr/lib/x86_64-linux-gnu/libffi.so.6.0.1
7f0446df0000-7f0446e17000 r-xp 00000000 08:06 11276550                   /lib/x86_64-linux-gnu/libexpat.so.1.6.0
7f0446e17000-7f0447017000 ---p 00027000 08:06 11276550                   /lib/x86_64-linux-gnu/libexpat.so.1.6.0
7f0447017000-7f0447019000 r--p 00027000 08:06 11276550                   /lib/x86_64-linux-gnu/libexpat.so.1.6.0
7f0447019000-7f044701a000 rw-p 00029000 08:06 11276550                   /lib/x86_64-linux-gnu/libexpat.so.1.6.0
7f0447020000-7f0447028000 r-xp 00000000 08:06 271660                     /usr/lib/x86_64-linux-gnu/libthai.so.0.2.0
7f0447028000-7f0447227000 ---p 00008000 08:06 271660                     /usr/lib/x86_64-linux-gnu/libthai.so.0.2.0
7f0447227000-7f0447228000 r--p 00007000 08:06 271660                     /usr/lib/x86_64-linux-gnu/libthai.so.0.2.0
7f0447228000-7f0447229000 rw-p 00008000 08:06 271660                     /usr/lib/x86_64-linux-gnu/libthai.so.0.2.0
7f0447230000-7f044724d000 r-xp 00000000 08:06 271805                     /usr/lib/x86_64-linux-gnu/libxcb.so.1.1.0
7f044724d000-7f044744d000 ---p 0001d000 08:06 271805                     /usr/lib/x86_64-linux-gnu/libxcb.so.1.1.0
7f044744d000-7f044744e000 r--p 0001d000 08:06 271805                     /usr/lib/x86_64-linux-gnu/libxcb.so.1.1.0
7f044744e000-7f044744f000 rw-p 0001e000 08:06 271805                     /usr/lib/x86_64-linux-gnu/libxcb.so.1.1.0
7f0447450000-7f0447458000 r-xp 00000000 08:06 271787                     /usr/lib/x86_64-linux-gnu/libxcb-render.so.0.0.0
7f0447458000-7f0447657000 ---p 00008000 08:06 271787                     /usr/lib/x86_64-linux-gnu/libxcb-render.so.0.0.0
7f0447657000-7f0447658000 r--p 00007000 08:06 271787                     /usr/lib/x86_64-linux-gnu/libxcb-render.so.0.0.0
7f0447658000-7f0447659000 rw-p 00008000 08:06 271787                     /usr/lib/x86_64-linux-gnu/libxcb-render.so.0.0.0
7f0447660000-7f0447662000 r-xp 00000000 08:06 271791                     /usr/lib/x86_64-linux-gnu/libxcb-shm.so.0.0.0
7f0447662000-7f0447861000 ---p 00002000 08:06 271791                     /usr/lib/x86_64-linux-gnu/libxcb-shm.so.0.0.0
7f0447861000-7f0447862000 r--p 00001000 08:06 271791                     /usr/lib/x86_64-linux-gnu/libxcb-shm.so.0.0.0
7f0447862000-7f0447863000 rw-p 00002000 08:06 271791                     /usr/lib/x86_64-linux-gnu/libxcb-shm.so.0.0.0
7f0447868000-7f044788d000 r-xp 00000000 08:06 11273421                   /lib/x86_64-linux-gnu/libpng12.so.0.50.0
7f044788d000-7f0447a8c000 ---p 00025000 08:06 11273421                   /lib/x86_64-linux-gnu/libpng12.so.0.50.0
7f0447a8c000-7f0447a8d000 r--p 00024000 08:06 11273421                   /lib/x86_64-linux-gnu/libpng12.so.0.50.0
7f0447a8d000-7f0447a8e000 rw-p 00025000 08:06 11273421                   /lib/x86_64-linux-gnu/libpng12.so.0.50.0
7f0447a90000-7f0447b31000 r-xp 00000000 08:06 271486                     /usr/lib/x86_64-linux-gnu/libpixman-1.so.0.30.2
7f0447b31000-7f0447d31000 ---p 000a1000 08:06 271486                     /usr/lib/x86_64-linux-gnu/libpixman-1.so.0.30.2
7f0447d31000-7f0447d38000 r--p 000a1000 08:06 271486                     /usr/lib/x86_64-linux-gnu/libpixman-1.so.0.30.2
7f0447d38000-7f0447d39000 rw-p 000a8000 08:06 271486                     /usr/lib/x86_64-linux-gnu/libpixman-1.so.0.30.2
7f0447d40000-7f0447d93000 r-xp 00000000 08:06 271186                     /usr/lib/x86_64-linux-gnu/libharfbuzz.so.0.927.0
7f0447d93000-7f0447f93000 ---p 00053000 08:06 271186                     /usr/lib/x86_64-linux-gnu/libharfbuzz.so.0.927.0
7f0447f93000-7f0447f94000 r--p 00053000 08:06 271186                     /usr/lib/x86_64-linux-gnu/libharfbuzz.so.0.927.0
7f0447f94000-7f0447f95000 rw-p 00054000 08:06 271186                     /usr/lib/x86_64-linux-gnu/libharfbuzz.so.0.927.0
7f0447f98000-7f0447faf000 r-xp 00000000 08:06 11272221                   /lib/x86_64-linux-gnu/libresolv-2.19.so
7f0447faf000-7f04481af000 ---p 00017000 08:06 11272221                   /lib/x86_64-linux-gnu/libresolv-2.19.so
7f04481af000-7f04481b0000 r--p 00017000 08:06 11272221                   /lib/x86_64-linux-gnu/libresolv-2.19.so
7f04481b0000-7f04481b1000 rw-p 00018000 08:06 11272221                   /lib/x86_64-linux-gnu/libresolv-2.19.so
7f04481b1000-7f04481b3000 rw-p 00000000 00:00 0 
7f04481b8000-7f04481d8000 r-xp 00000000 08:06 11276659                   /lib/x86_64-linux-gnu/libselinux.so.1
7f04481d8000-7f04483d7000 ---p 00020000 08:06 11276659                   /lib/x86_64-linux-gnu/libselinux.so.1
7f04483d7000-7f04483d8000 r--p 0001f000 08:06 11276659                   /lib/x86_64-linux-gnu/libselinux.so.1
7f04483d8000-7f04483d9000 rw-p 00020000 08:06 11276659                   /lib/x86_64-linux-gnu/libselinux.so.1
7f04483d9000-7f04483db000 rw-p 00000000 00:00 0 
7f04483e0000-7f04483f8000 r-xp 00000000 08:06 11276690                   /lib/x86_64-linux-gnu/libz.so.1.2.8
7f04483f8000-7f04485f7000 ---p 00018000 08:06 11276690                   /lib/x86_64-linux-gnu/libz.so.1.2.8
7f04485f7000-7f04485f8000 r--p 00017000 08:06 11276690                   /lib/x86_64-linux-gnu/libz.so.1.2.8
7f04485f8000-7f04485f9000 rw-p 00018000 08:06 11276690                   /lib/x86_64-linux-gnu/libz.so.1.2.8
7f0448600000-7f0448611000 r-xp 00000000 08:06 270559                     /usr/lib/x86_64-linux-gnu/libXext.so.6.4.0
7f0448611000-7f0448810000 ---p 00011000 08:06 270559                     /usr/lib/x86_64-linux-gnu/libXext.so.6.4.0
7f0448810000-7f0448811000 r--p 00010000 08:06 270559                     /usr/lib/x86_64-linux-gnu/libXext.so.6.4.0
7f0448811000-7f0448812000 rw-p 00011000 08:06 270559                     /usr/lib/x86_64-linux-gnu/libXext.so.6.4.0
7f0448818000-7f044881a000 r-xp 00000000 08:06 270553                     /usr/lib/x86_64-linux-gnu/libXdamage.so.1.1.0
7f044881a000-7f0448a19000 ---p 00002000 08:06 270553                     /usr/lib/x86_64-linux-gnu/libXdamage.so.1.1.0
7f0448a19000-7f0448a1a000 r--p 00001000 08:06 270553                     /usr/lib/x86_64-linux-gnu/libXdamage.so.1.1.0
7f0448a1a000-7f0448a1b000 rw-p 00002000 08:06 270553                     /usr/lib/x86_64-linux-gnu/libXdamage.so.1.1.0
7f0448a20000-7f0448a22000 r-xp 00000000 08:06 270549                     /usr/lib/x86_64-linux-gnu/libXcomposite.so.1.0.0
7f0448a22000-7f0448c21000 ---p 00002000 08:06 270549                     /usr/lib/x86_64-linux-gnu/libXcomposite.so.1.0.0
7f0448c21000-7f0448c22000 r--p 00001000 08:06 270549                     /usr/lib/x86_64-linux-gnu/libXcomposite.so.1.0.0
7f0448c22000-7f0448c23000 rw-p 00002000 08:06 270549                     /usr/lib/x86_64-linux-gnu/libXcomposite.so.1.0.0
7f0448c28000-7f0448c31000 r-xp 00000000 08:06 270551                     /usr/lib/x86_64-linux-gnu/libXcursor.so.1.0.2
7f0448c31000-7f0448e30000 ---p 00009000 08:06 270551                     /usr/lib/x86_64-linux-gnu/libXcursor.so.1.0.2
7f0448e30000-7f0448e31000 r--p 00008000 08:06 270551                     /usr/lib/x86_64-linux-gnu/libXcursor.so.1.0.2
7f0448e31000-7f0448e32000 rw-p 00009000 08:06 270551                     /usr/lib/x86_64-linux-gnu/libXcursor.so.1.0.2
7f0448e38000-7f0448e41000 r-xp 00000000 08:06 270579                     /usr/lib/x86_64-linux-gnu/libXrandr.so.2.2.0
7f0448e41000-7f0449040000 ---p 00009000 08:06 270579                     /usr/lib/x86_64-linux-gnu/libXrandr.so.2.2.0
7f0449040000-7f0449041000 r--p 00008000 08:06 270579                     /usr/lib/x86_64-linux-gnu/libXrandr.so.2.2.0
7f0449041000-7f0449042000 rw-p 00009000 08:06 270579                     /usr/lib/x86_64-linux-gnu/libXrandr.so.2.2.0
7f0449048000-7f0449057000 r-xp 00000000 08:06 270567                     /usr/lib/x86_64-linux-gnu/libXi.so.6.1.0
7f0449057000-7f0449256000 ---p 0000f000 08:06 270567                     /usr/lib/x86_64-linux-gnu/libXi.so.6.1.0
7f0449256000-7f0449257000 r--p 0000e000 08:06 270567                     /usr/lib/x86_64-linux-gnu/libXi.so.6.1.0
7f0449257000-7f0449258000 rw-p 0000f000 08:06 270567                     /usr/lib/x86_64-linux-gnu/libXi.so.6.1.0
7f0449258000-7f044925a000 r-xp 00000000 08:06 270569                     /usr/lib/x86_64-linux-gnu/libXinerama.so.1.0.0
7f044925a000-7f0449459000 ---p 00002000 08:06 270569                     /usr/lib/x86_64-linux-gnu/libXinerama.so.1.0.0
7f0449459000-7f044945a000 r--p 00001000 08:06 270569                     /usr/lib/x86_64-linux-gnu/libXinerama.so.1.0.0
7f044945a000-7f044945b000 rw-p 00002000 08:06 270569                     /usr/lib/x86_64-linux-gnu/libXinerama.so.1.0.0
7f0449460000-7f0449469000 r-xp 00000000 08:06 270581                     /usr/lib/x86_64-linux-gnu/libXrender.so.1.3.0
7f0449469000-7f0449668000 ---p 00009000 08:06 270581                     /usr/lib/x86_64-linux-gnu/libXrender.so.1.3.0
7f0449668000-7f0449669000 r--p 00008000 08:06 270581                     /usr/lib/x86_64-linux-gnu/libXrender.so.1.3.0
7f0449669000-7f044966a000 rw-p 00009000 08:06 270581                     /usr/lib/x86_64-linux-gnu/libXrender.so.1.3.0
7f0449670000-7f0449675000 r-xp 00000000 08:06 270561                     /usr/lib/x86_64-linux-gnu/libXfixes.so.3.1.0
7f0449675000-7f0449874000 ---p 00005000 08:06 270561                     /usr/lib/x86_64-linux-gnu/libXfixes.so.3.1.0
7f0449874000-7f0449875000 r--p 00004000 08:06 270561                     /usr/lib/x86_64-linux-gnu/libXfixes.so.3.1.0
7f0449875000-7f0449876000 rw-p 00005000 08:06 270561                     /usr/lib/x86_64-linux-gnu/libXfixes.so.3.1.0
7f0449878000-7f044988e000 r-xp 00000000 08:06 11273328                   /lib/x86_64-linux-gnu/libgcc_s.so.1
7f044988e000-7f0449a8d000 ---p 00016000 08:06 11273328                   /lib/x86_64-linux-gnu/libgcc_s.so.1
7f0449a8d000-7f0449a8e000 rw-p 00015000 08:06 11273328                   /lib/x86_64-linux-gnu/libgcc_s.so.1
7f0449a90000-7f0449b76000 r-xp 00000000 08:06 262560                     /usr/lib/x86_64-linux-gnu/libstdc++.so.6.0.19
7f0449b76000-7f0449d75000 ---p 000e6000 08:06 262560                     /usr/lib/x86_64-linux-gnu/libstdc++.so.6.0.19
7f0449d75000-7f0449d7d000 r--p 000e5000 08:06 262560                     /usr/lib/x86_64-linux-gnu/libstdc++.so.6.0.19
7f0449d7d000-7f0449d7f000 rw-p 000ed000 08:06 262560                     /usr/lib/x86_64-linux-gnu/libstdc++.so.6.0.19
7f0449d7f000-7f0449d94000 rw-p 00000000 00:00 0 
7f0449d98000-7f0449e56000 r-xp 00000000 08:06 921224                     /usr/lib/nvidia-352/libGL.so.352.63
7f0449e56000-7f0449e89000 rwxp 000be000 08:06 921224                     /usr/lib/nvidia-352/libGL.so.352.63
7f0449e89000-7f0449e9b000 r-xp 000f1000 08:06 921224                     /usr/lib/nvidia-352/libGL.so.352.63
7f0449e9b000-7f044a09a000 ---p 00103000 08:06 921224                     /usr/lib/nvidia-352/libGL.so.352.63
7f044a09a000-7f044a0c2000 rw-p 00102000 08:06 921224                     /usr/lib/nvidia-352/libGL.so.352.63
7f044a0c2000-7f044a0c8000 rw-p 00000000 00:00 0 
7f044a0c8000-7f044a0cc000 r-xp 00000000 08:06 270597                     /usr/lib/x86_64-linux-gnu/libXxf86vm.so.1.0.0
7f044a0cc000-7f044a2cc000 ---p 00004000 08:06 270597                     /usr/lib/x86_64-linux-gnu/libXxf86vm.so.1.0.0
7f044a2cc000-7f044a2cd000 r--p 00004000 08:06 270597                     /usr/lib/x86_64-linux-gnu/libXxf86vm.so.1.0.0
7f044a2cd000-7f044a2ce000 rw-p 00005000 08:06 270597                     /usr/lib/x86_64-linux-gnu/libXxf86vm.so.1.0.0
7f044a2d0000-7f044a400000 r-xp 00000000 08:06 270538                     /usr/lib/x86_64-linux-gnu/libX11.so.6.3.0
7f044a400000-7f044a600000 ---p 00130000 08:06 270538                     /usr/lib/x86_64-linux-gnu/libX11.so.6.3.0
7f044a600000-7f044a601000 r--p 00130000 08:06 270538                     /usr/lib/x86_64-linux-gnu/libX11.so.6.3.0
7f044a601000-7f044a605000 rw-p 00131000 08:06 270538                     /usr/lib/x86_64-linux-gnu/libX11.so.6.3.0
7f044a608000-7f044a60d000 r-xp 00000000 08:06 270587                     /usr/lib/x86_64-linux-gnu/libXtst.so.6.1.0
7f044a60d000-7f044a80c000 ---p 00005000 08:06 270587                     /usr/lib/x86_64-linux-gnu/libXtst.so.6.1.0
7f044a80c000-7f044a80d000 r--p 00004000 08:06 270587                     /usr/lib/x86_64-linux-gnu/libXtst.so.6.1.0
7f044a80d000-7f044a80e000 rw-p 00005000 08:06 270587                     /usr/lib/x86_64-linux-gnu/libXtst.so.6.1.0
7f044a810000-7f044a916000 r-xp 00000000 08:06 11276559                   /lib/x86_64-linux-gnu/libglib-2.0.so.0.4002.0
7f044a916000-7f044ab15000 ---p 00106000 08:06 11276559                   /lib/x86_64-linux-gnu/libglib-2.0.so.0.4002.0
7f044ab15000-7f044ab16000 r--p 00105000 08:06 11276559                   /lib/x86_64-linux-gnu/libglib-2.0.so.0.4002.0
7f044ab16000-7f044ab17000 rw-p 00106000 08:06 11276559                   /lib/x86_64-linux-gnu/libglib-2.0.so.0.4002.0
7f044ab17000-7f044ab18000 rw-p 00000000 00:00 0 
7f044ab18000-7f044ab19000 r-xp 00000000 08:06 271159                     /usr/lib/x86_64-linux-gnu/libgthread-2.0.so.0.4002.0
7f044ab19000-7f044ad18000 ---p 00001000 08:06 271159                     /usr/lib/x86_64-linux-gnu/libgthread-2.0.so.0.4002.0
7f044ad18000-7f044ad19000 r--p 00000000 08:06 271159                     /usr/lib/x86_64-linux-gnu/libgthread-2.0.so.0.4002.0
7f044ad19000-7f044ad1a000 rw-p 00001000 08:06 271159                     /usr/lib/x86_64-linux-gnu/libgthread-2.0.so.0.4002.0
7f044ad20000-7f044ad23000 r-xp 00000000 08:06 271015                     /usr/lib/x86_64-linux-gnu/libgmodule-2.0.so.0.4002.0
7f044ad23000-7f044af22000 ---p 00003000 08:06 271015                     /usr/lib/x86_64-linux-gnu/libgmodule-2.0.so.0.4002.0
7f044af22000-7f044af23000 r--p 00002000 08:06 271015                     /usr/lib/x86_64-linux-gnu/libgmodule-2.0.so.0.4002.0
7f044af23000-7f044af24000 rw-p 00003000 08:06 271015                     /usr/lib/x86_64-linux-gnu/libgmodule-2.0.so.0.4002.0
7f044af28000-7f044af77000 r-xp 00000000 08:06 271039                     /usr/lib/x86_64-linux-gnu/libgobject-2.0.so.0.4002.0
7f044af77000-7f044b177000 ---p 0004f000 08:06 271039                     /usr/lib/x86_64-linux-gnu/libgobject-2.0.so.0.4002.0
7f044b177000-7f044b178000 r--p 0004f000 08:06 271039                     /usr/lib/x86_64-linux-gnu/libgobject-2.0.so.0.4002.0
7f044b178000-7f044b179000 rw-p 00050000 08:06 271039                     /usr/lib/x86_64-linux-gnu/libgobject-2.0.so.0.4002.0
7f044b180000-7f044b1ba000 r-xp 00000000 08:06 270920                     /usr/lib/x86_64-linux-gnu/libfontconfig.so.1.8.0
7f044b1ba000-7f044b3b9000 ---p 0003a000 08:06 270920                     /usr/lib/x86_64-linux-gnu/libfontconfig.so.1.8.0
7f044b3b9000-7f044b3bb000 r--p 00039000 08:06 270920                     /usr/lib/x86_64-linux-gnu/libfontconfig.so.1.8.0
7f044b3bb000-7f044b3bc000 rw-p 0003b000 08:06 270920                     /usr/lib/x86_64-linux-gnu/libfontconfig.so.1.8.0
7f044b3c0000-7f044b45d000 r-xp 00000000 08:06 270946                     /usr/lib/x86_64-linux-gnu/libfreetype.so.6.11.1
7f044b45d000-7f044b65c000 ---p 0009d000 08:06 270946                     /usr/lib/x86_64-linux-gnu/libfreetype.so.6.11.1
7f044b65c000-7f044b662000 r--p 0009c000 08:06 270946                     /usr/lib/x86_64-linux-gnu/libfreetype.so.6.11.1
7f044b662000-7f044b663000 rw-p 000a2000 08:06 270946                     /usr/lib/x86_64-linux-gnu/libfreetype.so.6.11.1
7f044b668000-7f044b6b2000 r-xp 00000000 08:06 271463                     /usr/lib/x86_64-linux-gnu/libpango-1.0.so.0.3600.3
7f044b6b2000-7f044b8b2000 ---p 0004a000 08:06 271463                     /usr/lib/x86_64-linux-gnu/libpango-1.0.so.0.3600.3
7f044b8b2000-7f044b8b4000 r--p 0004a000 08:06 271463                     /usr/lib/x86_64-linux-gnu/libpango-1.0.so.0.3600.3
7f044b8b4000-7f044b8b5000 rw-p 0004c000 08:06 271463                     /usr/lib/x86_64-linux-gnu/libpango-1.0.so.0.3600.3
7f044b8b8000-7f044b9be000 r-xp 00000000 08:06 270702                     /usr/lib/x86_64-linux-gnu/libcairo.so.2.11301.0
7f044b9be000-7f044bbbd000 ---p 00106000 08:06 270702                     /usr/lib/x86_64-linux-gnu/libcairo.so.2.11301.0
7f044bbbd000-7f044bbc0000 r--p 00105000 08:06 270702                     /usr/lib/x86_64-linux-gnu/libcairo.so.2.11301.0
7f044bbc0000-7f044bbc1000 rw-p 00108000 08:06 270702                     /usr/lib/x86_64-linux-gnu/libcairo.so.2.11301.0
7f044bbc1000-7f044bbc3000 rw-p 00000000 00:00 0 
7f044bbc8000-7f044bbd3000 r-xp 00000000 08:06 271465                     /usr/lib/x86_64-linux-gnu/libpangocairo-1.0.so.0.3600.3
7f044bbd3000-7f044bdd3000 ---p 0000b000 08:06 271465                     /usr/lib/x86_64-linux-gnu/libpangocairo-1.0.so.0.3600.3
7f044bdd3000-7f044bdd4000 r--p 0000b000 08:06 271465                     /usr/lib/x86_64-linux-gnu/libpangocairo-1.0.so.0.3600.3
7f044bdd4000-7f044bdd5000 rw-p 0000c000 08:06 271465                     /usr/lib/x86_64-linux-gnu/libpangocairo-1.0.so.0.3600.3
7f044bdd8000-7f044bdf8000 r-xp 00000000 08:06 270979                     /usr/lib/x86_64-linux-gnu/libgdk_pixbuf-2.0.so.0.3000.7
7f044bdf8000-7f044bff7000 ---p 00020000 08:06 270979                     /usr/lib/x86_64-linux-gnu/libgdk_pixbuf-2.0.so.0.3000.7
7f044bff7000-7f044bff8000 r--p 0001f000 08:06 270979                     /usr/lib/x86_64-linux-gnu/libgdk_pixbuf-2.0.so.0.3000.7
7f044bff8000-7f044bff9000 rw-p 00020000 08:06 270979                     /usr/lib/x86_64-linux-gnu/libgdk_pixbuf-2.0.so.0.3000.7
7f044c000000-7f044c021000 rw-p 00000000 00:00 0 
7f044c021000-7f0450000000 ---p 00000000 00:00 0 
7f0450000000-7f0450b95000 rw-p 00000000 00:00 0 
7f0450b95000-7f0454000000 ---p 00000000 00:00 0 
7f0454000000-7f0454499000 rw-p 00000000 00:00 0 
7f0454499000-7f0458000000 ---p 00000000 00:00 0 
7f0458000000-7f0458021000 rw-p 00000000 00:00 0 
7f0458021000-7f045c000000 ---p 00000000 00:00 0 
7f045c000000-7f045c021000 rw-p 00000000 00:00 0 
7f045c021000-7f0460000000 ---p 00000000 00:00 0 
7f0460000000-7f04604d7000 rw-p 00000000 00:00 0 
7f04604d7000-7f0464000000 ---p 00000000 00:00 0 
7f0464000000-7f0464021000 rw-p 00000000 00:00 0 
7f0464021000-7f0468000000 ---p 00000000 00:00 0 
7f0468000000-7f0468021000 rw-p 00000000 00:00 0 
7f0468021000-7f046c000000 ---p 00000000 00:00 0 
7f046c000000-7f046c021000 rw-p 00000000 00:00 0 
7f046c021000-7f0470000000 ---p 00000000 00:00 0 
7f0470000000-7f0470021000 rw-p 00000000 00:00 0 
7f0470021000-7f0474000000 ---p 00000000 00:00 0 
7f0474000000-7f047429c000 rw-p 00000000 00:00 0 
7f047429c000-7f0478000000 ---p 00000000 00:00 0 
7f0478004000-7f0478024000 rw-s 1cf26c000 00:06 12147                     /dev/nvidiactl
7f0478029000-7f04780dd000 rw-s 221d19000 00:06 12147                     /dev/nvidiactl
7f04780e0000-7f04780f4000 r-xp 00000000 08:06 271467                     /usr/lib/x86_64-linux-gnu/libpangoft2-1.0.so.0.3600.3
7f04780f4000-7f04782f3000 ---p 00014000 08:06 271467                     /usr/lib/x86_64-linux-gnu/libpangoft2-1.0.so.0.3600.3
7f04782f3000-7f04782f4000 r--p 00013000 08:06 271467                     /usr/lib/x86_64-linux-gnu/libpangoft2-1.0.so.0.3600.3
7f04782f4000-7f04782f5000 rw-p 00014000 08:06 271467                     /usr/lib/x86_64-linux-gnu/libpangoft2-1.0.so.0.3600.3
7f04782f8000-7f0478464000 r-xp 00000000 08:06 271001                     /usr/lib/x86_64-linux-gnu/libgio-2.0.so.0.4002.0
7f0478464000-7f0478663000 ---p 0016c000 08:06 271001                     /usr/lib/x86_64-linux-gnu/libgio-2.0.so.0.4002.0
7f0478663000-7f0478667000 r--p 0016b000 08:06 271001                     /usr/lib/x86_64-linux-gnu/libgio-2.0.so.0.4002.0
7f0478667000-7f0478669000 rw-p 0016f000 08:06 271001                     /usr/lib/x86_64-linux-gnu/libgio-2.0.so.0.4002.0
7f0478669000-7f047866b000 rw-p 00000000 00:00 0 
7f0478670000-7f047868f000 r-xp 00000000 08:06 270646                     /usr/lib/x86_64-linux-gnu/libatk-1.0.so.0.21009.1
7f047868f000-7f047888f000 ---p 0001f000 08:06 270646                     /usr/lib/x86_64-linux-gnu/libatk-1.0.so.0.21009.1
7f047888f000-7f0478891000 r--p 0001f000 08:06 270646                     /usr/lib/x86_64-linux-gnu/libatk-1.0.so.0.21009.1
7f0478891000-7f0478892000 rw-p 00021000 08:06 270646                     /usr/lib/x86_64-linux-gnu/libatk-1.0.so.0.21009.1
7f0478898000-7f0478945000 r-xp 00000000 08:06 262704                     /usr/lib/x86_64-linux-gnu/libgdk-x11-2.0.so.0.2400.23
7f0478945000-7f0478b45000 ---p 000ad000 08:06 262704                     /usr/lib/x86_64-linux-gnu/libgdk-x11-2.0.so.0.2400.23
7f0478b45000-7f0478b49000 r--p 000ad000 08:06 262704                     /usr/lib/x86_64-linux-gnu/libgdk-x11-2.0.so.0.2400.23
7f0478b49000-7f0478b4b000 rw-p 000b1000 08:06 262704                     /usr/lib/x86_64-linux-gnu/libgdk-x11-2.0.so.0.2400.23
7f0478b50000-7f0478f80000 r-xp 00000000 08:06 265442                     /usr/lib/x86_64-linux-gnu/libgtk-x11-2.0.so.0.2400.23
7f0478f80000-7f047917f000 ---p 00430000 08:06 265442                     /usr/lib/x86_64-linux-gnu/libgtk-x11-2.0.so.0.2400.23
7f047917f000-7f0479186000 r--p 0042f000 08:06 265442                     /usr/lib/x86_64-linux-gnu/libgtk-x11-2.0.so.0.2400.23
7f0479186000-7f047918a000 rw-p 00436000 08:06 265442                     /usr/lib/x86_64-linux-gnu/libgtk-x11-2.0.so.0.2400.23
7f047918a000-7f047918d000 rw-p 00000000 00:00 0 
7f0479190000-7f047919c000 r-xp 00000000 08:06 10486192                   /usr/lib/jvm/jdk1.8.0_111/jre/lib/amd64/libprism_es2.so
7f047919c000-7f047939b000 ---p 0000c000 08:06 10486192                   /usr/lib/jvm/jdk1.8.0_111/jre/lib/amd64/libprism_es2.so
7f047939b000-7f047939c000 rw-p 0000b000 08:06 10486192                   /usr/lib/jvm/jdk1.8.0_111/jre/lib/amd64/libprism_es2.so
7f04793a2000-7f04793a5000 ---p 00000000 00:00 0 
7f04793a5000-7f04794a3000 rw-p 00000000 00:00 0                          [stack:23172]
7f04794a3000-7f0479539000 r--s 01103000 08:06 10486256                   /usr/lib/jvm/jdk1.8.0_111/jre/lib/ext/jfxrt.jar
7f047953b000-7f047953c000 ---p 00000000 00:00 0 
7f047953c000-7f047963c000 rw-p 00000000 00:00 0                          [stack:23162]
7f047963c000-7f047963f000 ---p 00000000 00:00 0 
7f047963f000-7f047973d000 rw-p 00000000 00:00 0                          [stack:23161]
7f047973d000-7f0479740000 ---p 00000000 00:00 0 
7f0479740000-7f047983e000 rw-p 00000000 00:00 0                          [stack:23160]
7f047983e000-7f0479841000 ---p 00000000 00:00 0 
7f0479841000-7f047993f000 rw-p 00000000 00:00 0                          [stack:23159]
7f047993f000-7f0479942000 ---p 00000000 00:00 0 
7f0479942000-7f0479a40000 rw-p 00000000 00:00 0                          [stack:23158]
7f0479a40000-7f0479f7e000 r--p 00000000 08:06 269140                     /usr/lib/locale/locale-archive
7f0479f7e000-7f0479f81000 ---p 00000000 00:00 0 
7f0479f81000-7f047a07f000 rw-p 00000000 00:00 0                          [stack:23157]
7f047a07f000-7f047a082000 ---p 00000000 00:00 0 
7f047a082000-7f047a180000 rw-p 00000000 00:00 0                          [stack:23156]
7f047a180000-7f047a181000 ---p 00000000 00:00 0 
7f047a181000-7f047ab8a000 rw-p 00000000 00:00 0                          [stack:23152]
7f047ab8a000-7f047ad62000 r--s 03d2a000 08:06 10486172                   /usr/lib/jvm/jdk1.8.0_111/jre/lib/rt.jar
7f047ad67000-7f047f735000 rw-p 00000000 00:00 0 
7f047f735000-7f047f736000 ---p 00000000 00:00 0 
7f047f736000-7f047f836000 rw-p 00000000 00:00 0                          [stack:23148]
7f047f836000-7f047f837000 ---p 00000000 00:00 0 
7f047f837000-7f047f961000 rw-p 00000000 00:00 0                          [stack:23147]
7f047f961000-7f047fbc7000 ---p 00000000 00:00 0 
7f047fbc7000-7f047fbf1000 rw-p 00000000 00:00 0 
7f047fbf1000-7f047fe57000 ---p 00000000 00:00 0 
7f047fe57000-7f047fe7b000 rw-p 00000000 00:00 0 
7f047fe7b000-7f047ff9f000 ---p 00000000 00:00 0 
7f047ff9f000-7f047ffc1000 rw-p 00000000 00:00 0 
7f047ffc1000-7f0480360000 ---p 00000000 00:00 0 
7f0480360000-7f0480b70000 rwxp 00000000 00:00 0 
7f0480b70000-7f048f360000 ---p 00000000 00:00 0 
7f048f360000-7f048f37a000 r-xp 00000000 08:06 10486203                   /usr/lib/jvm/jdk1.8.0_111/jre/lib/amd64/libzip.so
7f048f37a000-7f048f57a000 ---p 0001a000 08:06 10486203                   /usr/lib/jvm/jdk1.8.0_111/jre/lib/amd64/libzip.so
7f048f57a000-7f048f57b000 rw-p 0001a000 08:06 10486203                   /usr/lib/jvm/jdk1.8.0_111/jre/lib/amd64/libzip.so
7f048f580000-7f048f58b000 r-xp 00000000 08:06 11273355                   /lib/x86_64-linux-gnu/libnss_files-2.19.so
7f048f58b000-7f048f78a000 ---p 0000b000 08:06 11273355                   /lib/x86_64-linux-gnu/libnss_files-2.19.so
7f048f78a000-7f048f78b000 r--p 0000a000 08:06 11273355                   /lib/x86_64-linux-gnu/libnss_files-2.19.so
7f048f78b000-7f048f78c000 rw-p 0000b000 08:06 11273355                   /lib/x86_64-linux-gnu/libnss_files-2.19.so
7f048f790000-7f048f79b000 r-xp 00000000 08:06 11273318                   /lib/x86_64-linux-gnu/libnss_nis-2.19.so
7f048f79b000-7f048f99a000 ---p 0000b000 08:06 11273318                   /lib/x86_64-linux-gnu/libnss_nis-2.19.so
7f048f99a000-7f048f99b000 r--p 0000a000 08:06 11273318                   /lib/x86_64-linux-gnu/libnss_nis-2.19.so
7f048f99b000-7f048f99c000 rw-p 0000b000 08:06 11273318                   /lib/x86_64-linux-gnu/libnss_nis-2.19.so
7f048f9a0000-7f048f9b7000 r-xp 00000000 08:06 11273308                   /lib/x86_64-linux-gnu/libnsl-2.19.so
7f048f9b7000-7f048fbb6000 ---p 00017000 08:06 11273308                   /lib/x86_64-linux-gnu/libnsl-2.19.so
7f048fbb6000-7f048fbb7000 r--p 00016000 08:06 11273308                   /lib/x86_64-linux-gnu/libnsl-2.19.so
7f048fbb7000-7f048fbb8000 rw-p 00017000 08:06 11273308                   /lib/x86_64-linux-gnu/libnsl-2.19.so
7f048fbb8000-7f048fbba000 rw-p 00000000 00:00 0 
7f048fbc0000-7f048fbc9000 r-xp 00000000 08:06 11273302                   /lib/x86_64-linux-gnu/libnss_compat-2.19.so
7f048fbc9000-7f048fdc8000 ---p 00009000 08:06 11273302                   /lib/x86_64-linux-gnu/libnss_compat-2.19.so
7f048fdc8000-7f048fdc9000 r--p 00008000 08:06 11273302                   /lib/x86_64-linux-gnu/libnss_compat-2.19.so
7f048fdc9000-7f048fdca000 rw-p 00009000 08:06 11273302                   /lib/x86_64-linux-gnu/libnss_compat-2.19.so
7f048fdd0000-7f048fdfb000 r-xp 00000000 08:06 10486230                   /usr/lib/jvm/jdk1.8.0_111/jre/lib/amd64/libjava.so
7f048fdfb000-7f048fffa000 ---p 0002b000 08:06 10486230                   /usr/lib/jvm/jdk1.8.0_111/jre/lib/amd64/libjava.so
7f048fffa000-7f048fffc000 rw-p 0002a000 08:06 10486230                   /usr/lib/jvm/jdk1.8.0_111/jre/lib/amd64/libjava.so
7f0490000000-7f0490484000 rw-p 00000000 00:00 0 
7f0490484000-7f0494000000 ---p 00000000 00:00 0 
7f0494001000-7f0494050000 rw-p 00000000 00:00 0 
7f0494050000-7f049405d000 r-xp 00000000 08:06 10486181                   /usr/lib/jvm/jdk1.8.0_111/jre/lib/amd64/libverify.so
7f049405d000-7f049425c000 ---p 0000d000 08:06 10486181                   /usr/lib/jvm/jdk1.8.0_111/jre/lib/amd64/libverify.so
7f049425c000-7f049425e000 rw-p 0000c000 08:06 10486181                   /usr/lib/jvm/jdk1.8.0_111/jre/lib/amd64/libverify.so
7f0494260000-7f0494267000 r-xp 00000000 08:06 11273343                   /lib/x86_64-linux-gnu/librt-2.19.so
7f0494267000-7f0494466000 ---p 00007000 08:06 11273343                   /lib/x86_64-linux-gnu/librt-2.19.so
7f0494466000-7f0494467000 r--p 00006000 08:06 11273343                   /lib/x86_64-linux-gnu/librt-2.19.so
7f0494467000-7f0494468000 rw-p 00007000 08:06 11273343                   /lib/x86_64-linux-gnu/librt-2.19.so
7f0494468000-7f049456d000 r-xp 00000000 08:06 11273293                   /lib/x86_64-linux-gnu/libm-2.19.so
7f049456d000-7f049476c000 ---p 00105000 08:06 11273293                   /lib/x86_64-linux-gnu/libm-2.19.so
7f049476c000-7f049476d000 r--p 00104000 08:06 11273293                   /lib/x86_64-linux-gnu/libm-2.19.so
7f049476d000-7f049476e000 rw-p 00105000 08:06 11273293                   /lib/x86_64-linux-gnu/libm-2.19.so
7f0494770000-7f049543d000 r-xp 00000000 08:06 10486234                   /usr/lib/jvm/jdk1.8.0_111/jre/lib/amd64/server/libjvm.so
7f049543d000-7f049563c000 ---p 00ccd000 08:06 10486234                   /usr/lib/jvm/jdk1.8.0_111/jre/lib/amd64/server/libjvm.so
7f049563c000-7f0495715000 rw-p 00ccc000 08:06 10486234                   /usr/lib/jvm/jdk1.8.0_111/jre/lib/amd64/server/libjvm.so
7f0495715000-7f0495760000 rw-p 00000000 00:00 0 
7f0495760000-7f049591b000 r-xp 00000000 08:06 11273344                   /lib/x86_64-linux-gnu/libc-2.19.so
7f049591b000-7f0495b1a000 ---p 001bb000 08:06 11273344                   /lib/x86_64-linux-gnu/libc-2.19.so
7f0495b1a000-7f0495b1e000 r--p 001ba000 08:06 11273344                   /lib/x86_64-linux-gnu/libc-2.19.so
7f0495b1e000-7f0495b20000 rw-p 001be000 08:06 11273344                   /lib/x86_64-linux-gnu/libc-2.19.so
7f0495b20000-7f0495b25000 rw-p 00000000 00:00 0 
7f0495b28000-7f0495b2b000 r-xp 00000000 08:06 11273295                   /lib/x86_64-linux-gnu/libdl-2.19.so
7f0495b2b000-7f0495d2a000 ---p 00003000 08:06 11273295                   /lib/x86_64-linux-gnu/libdl-2.19.so
7f0495d2a000-7f0495d2b000 r--p 00002000 08:06 11273295                   /lib/x86_64-linux-gnu/libdl-2.19.so
7f0495d2b000-7f0495d2c000 rw-p 00003000 08:06 11273295                   /lib/x86_64-linux-gnu/libdl-2.19.so
7f0495d30000-7f0495d45000 r-xp 00000000 08:06 10486219                   /usr/lib/jvm/jdk1.8.0_111/jre/lib/amd64/jli/libjli.so
7f0495d45000-7f0495f45000 ---p 00015000 08:06 10486219                   /usr/lib/jvm/jdk1.8.0_111/jre/lib/amd64/jli/libjli.so
7f0495f45000-7f0495f46000 rw-p 00015000 08:06 10486219                   /usr/lib/jvm/jdk1.8.0_111/jre/lib/amd64/jli/libjli.so
7f0495f48000-7f0495f61000 r-xp 00000000 08:06 11273309                   /lib/x86_64-linux-gnu/libpthread-2.19.so
7f0495f61000-7f0496160000 ---p 00019000 08:06 11273309                   /lib/x86_64-linux-gnu/libpthread-2.19.so
7f0496160000-7f0496161000 r--p 00018000 08:06 11273309                   /lib/x86_64-linux-gnu/libpthread-2.19.so
7f0496161000-7f0496162000 rw-p 00019000 08:06 11273309                   /lib/x86_64-linux-gnu/libpthread-2.19.so
7f0496162000-7f0496166000 rw-p 00000000 00:00 0 
7f0496168000-7f049618b000 r-xp 00000000 08:06 11273314                   /lib/x86_64-linux-gnu/ld-2.19.so
7f0496190000-7f0496197000 r--s 00000000 08:06 786750                     /usr/lib/x86_64-linux-gnu/gconv/gconv-modules.cache
7f049619b000-7f049619c000 rw-s 186e3b000 00:06 12147                     /dev/nvidiactl
7f04961a1000-7f04961a5000 rw-s 1a3a39000 00:06 12147                     /dev/nvidiactl
7f04961a6000-7f04961a7000 rw-s cfee6000 00:06 12148                      /dev/nvidia0
7f04961ae000-7f04961af000 rw-s cfee6000 00:06 12148                      /dev/nvidia0
7f04961b6000-7f04961d6000 rw-s 154646000 00:06 12147                     /dev/nvidiactl
7f04961d9000-7f049625b000 rw-p 00000000 00:00 0 
7f049625b000-7f049625e000 ---p 00000000 00:00 0 
7f049625e000-7f0496360000 rw-p 00000000 00:00 0                          [stack:23145]
7f0496361000-7f0496362000 rw-s fd641000 00:06 12148                      /dev/nvidia0
7f0496369000-7f049636a000 rw-s 221909000 00:06 12147                     /dev/nvidiactl
7f049636c000-7f049636d000 rw-s 1f6984000 00:06 12147                     /dev/nvidiactl
7f0496370000-7f0496371000 rw-s fd060000 00:06 12148                      /dev/nvidia0
7f0496376000-7f0496378000 r--s 00026000 08:06 10229194                   /home/xmbeat/NetBeansProjects/FingerprintLogin/dist/run384756736/FingerprintLogin.jar
7f0496378000-7f0496380000 rw-s 00000000 08:06 1185737                    /tmp/hsperfdata_xmbeat/23141
7f0496383000-7f0496387000 rw-p 00000000 00:00 0 
7f0496387000-7f0496388000 ---p 00000000 00:00 0 
7f0496388000-7f049638a000 rw-p 00000000 00:00 0 
7f049638a000-7f049638b000 r--p 00022000 08:06 11273314                   /lib/x86_64-linux-gnu/ld-2.19.so
7f049638b000-7f049638c000 rw-p 00023000 08:06 11273314                   /lib/x86_64-linux-gnu/ld-2.19.so
7f049638c000-7f049638d000 rw-p 00000000 00:00 0 
7ffe18479000-7ffe1849a000 rw-p 00000000 00:00 0                          [stack]
7ffe184a0000-7ffe184a2000 r--p 00000000 00:00 0                          [vvar]
7ffe184a2000-7ffe184a4000 r-xp 00000000 00:00 0                          [vdso]
ffffffffff600000-ffffffffff601000 r-xp 00000000 00:00 0                  [vsyscall]

VM Arguments:
jvm_args: -Dfile.encoding=UTF-8 
java_command: /home/xmbeat/NetBeansProjects/FingerprintLogin/dist/run384756736/FingerprintLogin.jar
java_class_path (initial): /home/xmbeat/NetBeansProjects/FingerprintLogin/dist/run384756736/FingerprintLogin.jar
Launcher Type: SUN_STANDARD

Environment Variables:
PATH=/home/xmbeat/bin:/usr/local/sbin:/usr/local/bin:/usr/sbin:/usr/bin:/sbin:/bin:/usr/games:/usr/local/games
USERNAME=xmbeat
LD_LIBRARY_PATH=/usr/lib/jvm/jdk1.8.0_111/jre/lib/amd64:/usr/lib/jvm/jdk1.8.0_111/jre/lib/i386:
SHELL=/bin/bash
DISPLAY=:0

Signal Handlers:
SIGSEGV: [libjvm.so+0xac64b0], sa_mask[0]=11111111011111111101111111111110, sa_flags=SA_RESTART|SA_SIGINFO
SIGBUS: [libjvm.so+0xac64b0], sa_mask[0]=11111111011111111101111111111110, sa_flags=SA_RESTART|SA_SIGINFO
SIGFPE: [libjvm.so+0x91f950], sa_mask[0]=11111111011111111101111111111110, sa_flags=SA_RESTART|SA_SIGINFO
SIGPIPE: SIG_IGN, sa_mask[0]=00000000000000000000000000000000, sa_flags=none
SIGXFSZ: [libjvm.so+0x91f950], sa_mask[0]=11111111011111111101111111111110, sa_flags=SA_RESTART|SA_SIGINFO
SIGILL: [libjvm.so+0x91f950], sa_mask[0]=11111111011111111101111111111110, sa_flags=SA_RESTART|SA_SIGINFO
SIGUSR1: SIG_DFL, sa_mask[0]=00000000000000000000000000000000, sa_flags=none
SIGUSR2: [libjvm.so+0x920f80], sa_mask[0]=00100000000000000000000000000000, sa_flags=SA_RESTART|SA_SIGINFO
SIGHUP: [libjvm.so+0x922380], sa_mask[0]=11111111011111111101111111111110, sa_flags=SA_RESTART|SA_SIGINFO
SIGINT: SIG_IGN, sa_mask[0]=00000000000000000000000000000000, sa_flags=none
SIGTERM: [libjvm.so+0x922380], sa_mask[0]=11111111011111111101111111111110, sa_flags=SA_RESTART|SA_SIGINFO
SIGQUIT: [libjvm.so+0x922380], sa_mask[0]=11111111011111111101111111111110, sa_flags=SA_RESTART|SA_SIGINFO


---------------  S Y S T E M  ---------------

OS:DISTRIB_ID=LinuxMint
DISTRIB_RELEASE=17.3
DISTRIB_CODENAME=rosa
DISTRIB_DESCRIPTION="Linux Mint 17.3 Rosa"

uname:Linux 3.19.0-32-generic #37~14.04.1-Ubuntu SMP Thu Oct 22 09:41:40 UTC 2015 x86_64
libc:glibc 2.19 NPTL 2.19 
rlimit: STACK 8192k, CORE 0k, NPROC 31347, NOFILE 4096, AS infinity
load average:2.54 1.37 1.06

/proc/meminfo:
MemTotal:        8056656 kB
MemFree:         1738064 kB
MemAvailable:    4128752 kB
Buffers:          249112 kB
Cached:          2362380 kB
SwapCached:            0 kB
Active:          4231048 kB
Inactive:        1702576 kB
Active(anon):    3325976 kB
Inactive(anon):   129660 kB
Active(file):     905072 kB
Inactive(file):  1572916 kB
Unevictable:           0 kB
Mlocked:               0 kB
SwapTotal:       3998716 kB
SwapFree:        3998716 kB
Dirty:              4596 kB
Writeback:             0 kB
AnonPages:       3322116 kB
Mapped:           711320 kB
Shmem:            133520 kB
Slab:             197424 kB
SReclaimable:     163268 kB
SUnreclaim:        34156 kB
KernelStack:        9936 kB
PageTables:        40652 kB
NFS_Unstable:          0 kB
Bounce:                0 kB
WritebackTmp:          0 kB
CommitLimit:     8027044 kB
Committed_AS:    7127280 kB
VmallocTotal:   34359738367 kB
VmallocUsed:      321148 kB
VmallocChunk:   34359405052 kB
HardwareCorrupted:     0 kB
AnonHugePages:   1904640 kB
CmaTotal:              0 kB
CmaFree:               0 kB
HugePages_Total:       0
HugePages_Free:        0
HugePages_Rsvd:        0
HugePages_Surp:        0
Hugepagesize:       2048 kB
DirectMap4k:      279988 kB
DirectMap2M:     8054784 kB
DirectMap1G:           0 kB


CPU:total 2 (2 cores per cpu, 1 threads per core) family 21 model 19 stepping 1, cmov, cx8, fxsr, mmx, sse, sse2, sse3, ssse3, sse4.1, sse4.2, popcnt, avx, aes, clmul, mmxext, 3dnowpref, lzcnt, sse4a, tsc, tscinvbit, tscinv, bmi1

/proc/cpuinfo:
processor	: 0
vendor_id	: AuthenticAMD
cpu family	: 21
model		: 19
model name	: AMD A4-4000 APU with Radeon(tm) HD Graphics
stepping	: 1
microcode	: 0x6001119
cpu MHz		: 3000.000
cache size	: 1024 KB
physical id	: 0
siblings	: 2
core id		: 0
cpu cores	: 1
apicid		: 16
initial apicid	: 0
fpu		: yes
fpu_exception	: yes
cpuid level	: 13
wp		: yes
flags		: fpu vme de pse tsc msr pae mce cx8 apic sep mtrr pge mca cmov pat pse36 clflush mmx fxsr sse sse2 ht syscall nx mmxext fxsr_opt pdpe1gb rdtscp lm constant_tsc rep_good nopl nonstop_tsc extd_apicid aperfmperf pni pclmulqdq monitor ssse3 fma cx16 sse4_1 sse4_2 popcnt aes xsave avx f16c lahf_lm cmp_legacy svm extapic cr8_legacy abm sse4a misalignsse 3dnowprefetch osvw ibs xop skinit wdt lwp fma4 tce nodeid_msr tbm topoext perfctr_core perfctr_nb arat cpb hw_pstate npt lbrv svm_lock nrip_save tsc_scale vmcb_clean flushbyasid decodeassists pausefilter pfthreshold vmmcall bmi1
bugs		: fxsave_leak
bogomips	: 5989.21
TLB size	: 1536 4K pages
clflush size	: 64
cache_alignment	: 64
address sizes	: 48 bits physical, 48 bits virtual
power management: ts ttp tm 100mhzsteps hwpstate cpb eff_freq_ro

processor	: 1
vendor_id	: AuthenticAMD
cpu family	: 21
model		: 19
model name	: AMD A4-4000 APU with Radeon(tm) HD Graphics    
stepping	: 1
microcode	: 0x6001119
cpu MHz		: 3000.000
cache size	: 1024 KB
physical id	: 0
siblings	: 2
core id		: 1
cpu cores	: 1
apicid		: 17
initial apicid	: 1
fpu		: yes
fpu_exception	: yes
cpuid level	: 13
wp		: yes
flags		: fpu vme de pse tsc msr pae mce cx8 apic sep mtrr pge mca cmov pat pse36 clflush mmx fxsr sse sse2 ht syscall nx mmxext fxsr_opt pdpe1gb rdtscp lm constant_tsc rep_good nopl nonstop_tsc extd_apicid aperfmperf pni pclmulqdq monitor ssse3 fma cx16 sse4_1 sse4_2 popcnt aes xsave avx f16c lahf_lm cmp_legacy svm extapic cr8_legacy abm sse4a misalignsse 3dnowprefetch osvw ibs xop skinit wdt lwp fma4 tce nodeid_msr tbm topoext perfctr_core perfctr_nb arat cpb hw_pstate npt lbrv svm_lock nrip_save tsc_scale vmcb_clean flushbyasid decodeassists pausefilter pfthreshold vmmcall bmi1
bugs		: fxsave_leak
bogomips	: 5989.21
TLB size	: 1536 4K pages
clflush size	: 64
cache_alignment	: 64
address sizes	: 48 bits physical, 48 bits virtual
power management: ts ttp tm 100mhzsteps hwpstate cpb eff_freq_ro



Memory: 4k page, physical 8056656k(1738064k free), swap 3998716k(3998716k free)

vm_info: Java HotSpot(TM) 64-Bit Server VM (25.111-b14) for linux-amd64 JRE (1.8.0_111-b14), built on Sep 22 2016 16:14:03 by "java_re" with gcc 4.3.0 20080428 (Red Hat 4.3.0-8)

time: Tue Dec  6 21:01:23 2016
elapsed time: 8 seconds (0d 0h 0m 8s)

