#
# A fatal error has been detected by the Java Runtime Environment:
#
#  SIGSEGV (0xb) at pc=0x00007fb9be7683b5, pid=8215, tid=0x00007fb9bc336700
#
# JRE version: Java(TM) SE Runtime Environment (8.0_111-b14) (build 1.8.0_111-b14)
# Java VM: Java HotSpot(TM) 64-Bit Server VM (25.111-b14 mixed mode linux-amd64 compressed oops)
# Problematic frame:
# V  [libjvm.so+0x6483b5]  InstanceKlass::oop_follow_contents(ParCompactionManager*, oopDesc*)+0x2d5
#
# Failed to write core dump. Core dumps have been disabled. To enable core dumping, try "ulimit -c unlimited" before starting Java again
#
# If you would like to submit a bug report, please visit:
#   http://bugreport.java.com/bugreport/crash.jsp
#

---------------  T H R E A D  ---------------

Current thread (0x00007fb9b801f000):  GCTaskThread [stack: 0x00007fb9bc236000,0x00007fb9bc337000] [id=8219]

siginfo: si_signo: 11 (SIGSEGV), si_code: 128 (SI_KERNEL), si_addr: 0x0000000000000000

Registers:
RAX=0x00007fb9a5280000, RBX=0x0000000000000001, RCX=0x0000000000000000, RDX=0x007fffffffbd8000
RSP=0x00007fb9bc3356e0, RBP=0x00007fb9bc335740, RSI=0x0000000000000001, RDI=0x0000000100001ef8
R8 =0x00000000d94677c4, R9 =0x0000002000000000, R10=0x0000000000000002, R11=0x00007fb9bf0df200
R12=0x00007fb9bf0e3220, R13=0x00000000d946778c, R14=0x00007fb9b801f840, R15=0x00007fb9b8097d60
RIP=0x00007fb9be7683b5, EFLAGS=0x0000000000010216, CSGSFS=0x0000000000000033, ERR=0x0000000000000000
  TRAPNO=0x000000000000000d

Top of Stack: (sp=0x00007fb9bc3356e0)
0x00007fb9bc3356e0:   00000000d9467904 00000000d9467780
0x00007fb9bc3356f0:   0000000100002178 0000000100002180
0x00007fb9bc335700:   00007fb9bc335720 00007fb9b8097da0
0x00007fb9bc335710:   00007fb9bf0e3220 00000000d9467780
0x00007fb9bc335720:   00007fb9b8097d60 00007fb9b8097d60
0x00007fb9bc335730:   00007fb9b801f840 00007fb9b8097d60
0x00007fb9bc335740:   00007fb9bc3357a0 00007fb9be77c04c
0x00007fb9bc335750:   0000000100001940 0000000100001940
0x00007fb9bc335760:   00007fb9bf097e28 00007fb9b8097da0
0x00007fb9bc335770:   00000000d9467d08 00007fb9bf0df200
0x00007fb9bc335780:   00007fb9b8097d60 00007fb9b8097d60
0x00007fb9bc335790:   00007fb9b801f840 00007fb9bec6f7b8
0x00007fb9bc3357a0:   00007fb9bc335930 00007fb9bea9a582
0x00007fb9bc3357b0:   0000000085361959 00007fb9bf0e3390
0x00007fb9bc3357c0:   00007fb9b8097d70 00007fb9bc3358e0
0x00007fb9bc3357d0:   00007fb9bc3358b0 00007fb9bc335890
0x00007fb9bc3357e0:   00007fb9bc335880 00007fb9bc335870
0x00007fb9bc3357f0:   00007fb9bc335860 00007fb9bc335850
0x00007fb9bc335800:   00007fb9bc335860 00007fb9b8097e20
0x00007fb9bc335810:   0000000085367e79 00007fb9bf0e3390
0x00007fb9bc335820:   0000000085368385 00007fb9b80f8160
0x00007fb9bc335830:   00000000853604b0 0000000085368420
0x00007fb9bc335840:   00007fb9b8097da0 00007fb9bc3358f8
0x00007fb9bc335850:   0000000000000001 0000000000000007
0x00007fb9bc335860:   00007fb9bc3358e0 00007fb9beaad43e
0x00007fb9bc335870:   0000000000000000 00007fb9bf0d4159
0x00007fb9bc335880:   00007fb9b80f8128 00007fb9b80f8100
0x00007fb9bc335890:   00007fb9bc3358f0 00007fb9be76f5f0
0x00007fb9bc3358a0:   00007fb9b8020428 0000000000000000
0x00007fb9bc3358b0:   00007fb9bf9038a4 000000008536841c
0x00007fb9bc3358c0:   00007fb9b80f8100 00007fb9bf0afc70
0x00007fb9bc3358d0:   00000000d94033a0 00007fb9b8097d60 

Instructions: (pc=0x00007fb9be7683b5)
0x00007fb9be768395:   49 8b 44 24 30 48 c1 ee 03 48 d3 ee 48 89 f2 89
0x00007fb9be7683a5:   f1 be 01 00 00 00 83 e1 3f 48 c1 ea 06 48 d3 e6
0x00007fb9be7683b5:   48 85 34 d0 75 95 48 8b 05 6e ad 92 00 0f b6 10
0x00007fb9be7683c5:   84 d2 0f 85 b3 01 00 00 48 8b 7b 08 8b 77 08 83 

Register to memory mapping:

RAX=0x00007fb9a5280000 is an unknown value
RBX=0x0000000000000001 is an unknown value
RCX=0x0000000000000000 is an unknown value
RDX=0x007fffffffbd8000 is an unknown value
RSP=0x00007fb9bc3356e0 is an unknown value
RBP=0x00007fb9bc335740 is an unknown value
RSI=0x0000000000000001 is an unknown value
RDI=0x0000000100001ef8 is pointing into metadata
R8 =0x00000000d94677c4 is an unknown value
R9 =0x0000002000000000 is an unknown value
R10=0x0000000000000002 is an unknown value
R11=0x00007fb9bf0df200: <offset 0xfbf200> in /usr/lib/jvm/jdk1.8.0_111/jre/lib/amd64/server/libjvm.so at 0x00007fb9be120000
R12=0x00007fb9bf0e3220: <offset 0xfc3220> in /usr/lib/jvm/jdk1.8.0_111/jre/lib/amd64/server/libjvm.so at 0x00007fb9be120000
R13=0x00000000d946778c is an unknown value
R14=0x00007fb9b801f840 is an unknown value
R15=0x00007fb9b8097d60 is an unknown value


Stack: [0x00007fb9bc236000,0x00007fb9bc337000],  sp=0x00007fb9bc3356e0,  free space=1021k
Native frames: (J=compiled Java code, j=interpreted, Vv=VM code, C=native code)
V  [libjvm.so+0x6483b5]  InstanceKlass::oop_follow_contents(ParCompactionManager*, oopDesc*)+0x2d5
V  [libjvm.so+0x65c04c]  InstanceMirrorKlass::oop_follow_contents(ParCompactionManager*, oopDesc*)+0x1c
V  [libjvm.so+0x97a582]  ParCompactionManager::follow_marking_stacks()+0x232
V  [libjvm.so+0x95fae8]  MarkFromRootsTask::do_it(GCTaskManager*, unsigned int)+0x88
V  [libjvm.so+0x5d729f]  GCTaskThread::run()+0x12f
V  [libjvm.so+0x924ea8]  java_start(Thread*)+0x108


---------------  P R O C E S S  ---------------

Java Threads: ( => current thread )
  0x00007fb96033a000 JavaThread "Prism Font Disposer" daemon [_thread_blocked, id=8341, stack(0x00007fb959cdf000,0x00007fb959de0000)]
  0x00007fb9b827e800 JavaThread "JavaFX-Launcher" [_thread_blocked, id=8284, stack(0x00007fb96c595000,0x00007fb96c696000)]
  0x00007fb9b827b000 JavaThread "JavaFX Application Thread" [_thread_blocked, id=8272, stack(0x00007fb96c696000,0x00007fb96c797000)]
  0x00007fb9b8277000 JavaThread "Thread-1" daemon [_thread_blocked, id=8267, stack(0x00007fb96c797000,0x00007fb96c898000)]
  0x00007fb9b8220800 JavaThread "QuantumRenderer-0" daemon [_thread_blocked, id=8255, stack(0x00007fb99ecb2000,0x00007fb99edb3000)]
  0x00007fb9b8141000 JavaThread "Service Thread" daemon [_thread_blocked, id=8249, stack(0x00007fb99eeb4000,0x00007fb99efb5000)]
  0x00007fb9b813e800 JavaThread "C1 CompilerThread1" daemon [_thread_blocked, id=8248, stack(0x00007fb99efb5000,0x00007fb99f0b6000)]
  0x00007fb9b813b800 JavaThread "C2 CompilerThread0" daemon [_thread_blocked, id=8245, stack(0x00007fb99f0b6000,0x00007fb99f1b7000)]
  0x00007fb9b813a000 JavaThread "Signal Dispatcher" daemon [_thread_blocked, id=8244, stack(0x00007fb99f1b7000,0x00007fb99f2b8000)]
  0x00007fb9b8107000 JavaThread "Finalizer" daemon [_thread_blocked, id=8224, stack(0x00007fb99f7f8000,0x00007fb99f8f9000)]
  0x00007fb9b8102800 JavaThread "Reference Handler" daemon [_thread_blocked, id=8223, stack(0x00007fb99f8f9000,0x00007fb99f9fa000)]
  0x00007fb9b800a000 JavaThread "main" [_thread_blocked, id=8217, stack(0x00007fb9bfc39000,0x00007fb9bfd3a000)]

Other Threads:
  0x00007fb9b80fa800 VMThread [stack: 0x00007fb99f9fa000,0x00007fb99fafb000] [id=8222]
  0x00007fb9b8144000 WatcherThread [stack: 0x00007fb99edb3000,0x00007fb99eeb4000] [id=8250]

=>0x00007fb9b801f000 (exited) GCTaskThread [stack: 0x00007fb9bc236000,0x00007fb9bc337000] [id=8219]

VM state:at safepoint (normal execution)

VM Mutex/Monitor currently owned by a thread:  ([mutex/lock_event])
[0x00007fb9b8006220] Threads_lock - owner thread: 0x00007fb9b80fa800
[0x00007fb9b8006720] Heap_lock - owner thread: 0x00007fb9b8220800

Heap:
 PSYoungGen      total 36864K, used 5088K [0x00000000d7000000, 0x00000000d9900000, 0x0000000100000000)
  eden space 31744K, 0% used [0x00000000d7000000,0x00000000d7000000,0x00000000d8f00000)
  from space 5120K, 99% used [0x00000000d9400000,0x00000000d98f8020,0x00000000d9900000)
  to   space 5120K, 0% used [0x00000000d8f00000,0x00000000d8f00000,0x00000000d9400000)
 ParOldGen       total 84992K, used 3513K [0x0000000085000000, 0x000000008a300000, 0x00000000d7000000)
  object space 84992K, 4% used [0x0000000085000000,0x000000008536e4c0,0x000000008a300000)
 Metaspace       used 19772K, capacity 21176K, committed 21248K, reserved 1067008K
  class space    used 3011K, capacity 3289K, committed 3328K, reserved 1048576K

Card table byte_map: [0x00007fb9bc5c7000,0x00007fb9bc9a0000] byte_map_base: 0x00007fb9bc19f000

Marking Bits: (ParMarkBitMap*) 0x00007fb9bf0e3220
 Begin Bits: [0x00007fb9a5280000, 0x00007fb9a7140000)
 End Bits:   [0x00007fb9a7140000, 0x00007fb9a9000000)

Polling page: 0x00007fb9bfd3d000

CodeCache: size=245760Kb used=6831Kb max_used=6843Kb free=238928Kb
 bounds [0x00007fb9a9000000, 0x00007fb9a96c0000, 0x00007fb9b8000000]
 total_blobs=2770 nmethods=2126 adapters=557
 compilation: enabled

Compilation events (10 events):
Event: 5.605 Thread 0x00007fb9b813e800 2126       3       jdk.internal.org.objectweb.asm.ClassVisitor::<init> (7 bytes)
Event: 5.605 Thread 0x00007fb9b813e800 nmethod 2126 0x00007fb9a96a8d50 code [0x00007fb9a96a8ee0, 0x00007fb9a96a9248]
Event: 5.605 Thread 0x00007fb9b813e800 2128       3       jdk.internal.org.objectweb.asm.ClassWriter::visit (121 bytes)
Event: 5.605 Thread 0x00007fb9b813b800 2130       4       java.lang.StringBuilder::toString (17 bytes)
Event: 5.606 Thread 0x00007fb9b813e800 nmethod 2128 0x00007fb9a96ad210 code [0x00007fb9a96ad400, 0x00007fb9a96adad8]
Event: 5.606 Thread 0x00007fb9b813e800 2127       3       jdk.internal.org.objectweb.asm.ClassVisitor::<init> (35 bytes)
Event: 5.606 Thread 0x00007fb9b813e800 nmethod 2127 0x00007fb9a96adf50 code [0x00007fb9a96ae0e0, 0x00007fb9a96ae3e8]
Event: 5.606 Thread 0x00007fb9b813e800 2129       3       java.lang.invoke.TypeConvertingMethodAdapter::cast (42 bytes)
Event: 5.607 Thread 0x00007fb9b813e800 nmethod 2129 0x00007fb9a96ae510 code [0x00007fb9a96ae6c0, 0x00007fb9a96aec68]
Event: 5.610 Thread 0x00007fb9b813b800 nmethod 2130 0x00007fb9a96b1d90 code [0x00007fb9a96b1f00, 0x00007fb9a96b2258]

GC Heap History (5 events):
Event: 2.796 GC heap before
{Heap before GC invocations=1 (full 0):
 PSYoungGen      total 36864K, used 31744K [0x00000000d7000000, 0x00000000d9900000, 0x0000000100000000)
  eden space 31744K, 100% used [0x00000000d7000000,0x00000000d8f00000,0x00000000d8f00000)
  from space 5120K, 0% used [0x00000000d9400000,0x00000000d9400000,0x00000000d9900000)
  to   space 5120K, 0% used [0x00000000d8f00000,0x00000000d8f00000,0x00000000d9400000)
 ParOldGen       total 84992K, used 0K [0x0000000085000000, 0x000000008a300000, 0x00000000d7000000)
  object space 84992K, 0% used [0x0000000085000000,0x0000000085000000,0x000000008a300000)
 Metaspace       used 12060K, capacity 12546K, committed 12800K, reserved 1060864K
  class space    used 1634K, capacity 1764K, committed 1792K, reserved 1048576K
Event: 2.816 GC heap after
Heap after GC invocations=1 (full 0):
 PSYoungGen      total 36864K, used 4304K [0x00000000d7000000, 0x00000000d9900000, 0x0000000100000000)
  eden space 31744K, 0% used [0x00000000d7000000,0x00000000d7000000,0x00000000d8f00000)
  from space 5120K, 84% used [0x00000000d8f00000,0x00000000d9334030,0x00000000d9400000)
  to   space 5120K, 0% used [0x00000000d9400000,0x00000000d9400000,0x00000000d9900000)
 ParOldGen       total 84992K, used 72K [0x0000000085000000, 0x000000008a300000, 0x00000000d7000000)
  object space 84992K, 0% used [0x0000000085000000,0x0000000085012010,0x000000008a300000)
 Metaspace       used 12060K, capacity 12546K, committed 12800K, reserved 1060864K
  class space    used 1634K, capacity 1764K, committed 1792K, reserved 1048576K
}
Event: 5.613 GC heap before
{Heap before GC invocations=2 (full 0):
 PSYoungGen      total 36864K, used 32795K [0x00000000d7000000, 0x00000000d9900000, 0x0000000100000000)
  eden space 31744K, 89% used [0x00000000d7000000,0x00000000d8bd2c08,0x00000000d8f00000)
  from space 5120K, 84% used [0x00000000d8f00000,0x00000000d9334030,0x00000000d9400000)
  to   space 5120K, 0% used [0x00000000d9400000,0x00000000d9400000,0x00000000d9900000)
 ParOldGen       total 84992K, used 72K [0x0000000085000000, 0x000000008a300000, 0x00000000d7000000)
  object space 84992K, 0% used [0x0000000085000000,0x0000000085012010,0x000000008a300000)
 Metaspace       used 19772K, capacity 21176K, committed 21248K, reserved 1067008K
  class space    used 3011K, capacity 3289K, committed 3328K, reserved 1048576K
Event: 5.647 GC heap after
Heap after GC invocations=2 (full 0):
 PSYoungGen      total 36864K, used 5088K [0x00000000d7000000, 0x00000000d9900000, 0x0000000100000000)
  eden space 31744K, 0% used [0x00000000d7000000,0x00000000d7000000,0x00000000d8f00000)
  from space 5120K, 99% used [0x00000000d9400000,0x00000000d98f8020,0x00000000d9900000)
  to   space 5120K, 0% used [0x00000000d8f00000,0x00000000d8f00000,0x00000000d9400000)
 ParOldGen       total 84992K, used 3513K [0x0000000085000000, 0x000000008a300000, 0x00000000d7000000)
  object space 84992K, 4% used [0x0000000085000000,0x000000008536e4c0,0x000000008a300000)
 Metaspace       used 19772K, capacity 21176K, committed 21248K, reserved 1067008K
  class space    used 3011K, capacity 3289K, committed 3328K, reserved 1048576K
}
Event: 5.647 GC heap before
{Heap before GC invocations=3 (full 1):
 PSYoungGen      total 36864K, used 5088K [0x00000000d7000000, 0x00000000d9900000, 0x0000000100000000)
  eden space 31744K, 0% used [0x00000000d7000000,0x00000000d7000000,0x00000000d8f00000)
  from space 5120K, 99% used [0x00000000d9400000,0x00000000d98f8020,0x00000000d9900000)
  to   space 5120K, 0% used [0x00000000d8f00000,0x00000000d8f00000,0x00000000d9400000)
 ParOldGen       total 84992K, used 3513K [0x0000000085000000, 0x000000008a300000, 0x00000000d7000000)
  object space 84992K, 4% used [0x0000000085000000,0x000000008536e4c0,0x000000008a300000)
 Metaspace       used 19772K, capacity 21176K, committed 21248K, reserved 1067008K
  class space    used 3011K, capacity 3289K, committed 3328K, reserved 1048576K

Deoptimization events (10 events):
Event: 4.353 Thread 0x00007fb9b827b000 Uncommon trap: reason=array_check action=maybe_recompile pc=0x00007fb9a952ffa4 method=com.sun.javafx.css.SimpleSelector.applies(Ljavafx/css/Styleable;[Ljava/util/Set;I)Z @ 37
Event: 4.353 Thread 0x00007fb9b827b000 Uncommon trap: reason=array_check action=maybe_recompile pc=0x00007fb9a952ffa4 method=com.sun.javafx.css.SimpleSelector.applies(Ljavafx/css/Styleable;[Ljava/util/Set;I)Z @ 37
Event: 4.353 Thread 0x00007fb9b827b000 Uncommon trap: reason=array_check action=maybe_recompile pc=0x00007fb9a952ffa4 method=com.sun.javafx.css.SimpleSelector.applies(Ljavafx/css/Styleable;[Ljava/util/Set;I)Z @ 37
Event: 4.353 Thread 0x00007fb9b827b000 Uncommon trap: reason=array_check action=maybe_recompile pc=0x00007fb9a952ffa4 method=com.sun.javafx.css.SimpleSelector.applies(Ljavafx/css/Styleable;[Ljava/util/Set;I)Z @ 37
Event: 4.372 Thread 0x00007fb9b827b000 Uncommon trap: reason=class_check action=maybe_recompile pc=0x00007fb9a94fec90 method=java.util.WeakHashMap.eq(Ljava/lang/Object;Ljava/lang/Object;)Z @ 7
Event: 4.602 Thread 0x00007fb9b827b000 Uncommon trap: reason=unstable_if action=reinterpret pc=0x00007fb9a94659fc method=com.sun.javafx.css.BitSet.add(Ljava/lang/Object;)Z @ 91
Event: 4.610 Thread 0x00007fb9b827b000 Uncommon trap: reason=class_check action=maybe_recompile pc=0x00007fb9a94fec90 method=java.util.WeakHashMap.eq(Ljava/lang/Object;Ljava/lang/Object;)Z @ 7
Event: 4.711 Thread 0x00007fb9b827b000 Uncommon trap: reason=class_check action=maybe_recompile pc=0x00007fb9a94fec90 method=java.util.WeakHashMap.eq(Ljava/lang/Object;Ljava/lang/Object;)Z @ 7
Event: 5.323 Thread 0x00007fb9b827b000 Uncommon trap: reason=unstable_if action=reinterpret pc=0x00007fb9a937b5f4 method=jdk.internal.org.objectweb.asm.Type.getArgumentsAndReturnSizes(Ljava/lang/String;)I @ 47
Event: 5.334 Thread 0x00007fb9b827b000 Uncommon trap: reason=unstable_if action=reinterpret pc=0x00007fb9a96267d4 method=javafx.scene.Node.transformedBoundsChanged()V @ 4

Internal exceptions (10 events):
Event: 2.071 Thread 0x00007fb9b827b000 Exception <a 'java/lang/ArrayIndexOutOfBoundsException'> (0x00000000d83b6208) thrown at [/HUDSON3/workspace/8-2-build-linux-amd64/jdk8u111/7883/hotspot/src/share/vm/runtime/sharedRuntime.cpp, line 605]
Event: 2.135 Thread 0x00007fb9b827b000 Exception <a 'java/lang/ArrayIndexOutOfBoundsException'> (0x00000000d85b3978) thrown at [/HUDSON3/workspace/8-2-build-linux-amd64/jdk8u111/7883/hotspot/src/share/vm/runtime/sharedRuntime.cpp, line 605]
Event: 2.219 Thread 0x00007fb9b827b000 Exception <a 'java/lang/ArrayIndexOutOfBoundsException'> (0x00000000d8728d58) thrown at [/HUDSON3/workspace/8-2-build-linux-amd64/jdk8u111/7883/hotspot/src/share/vm/runtime/sharedRuntime.cpp, line 605]
Event: 2.292 Thread 0x00007fb9b827b000 Exception <a 'java/lang/ArrayIndexOutOfBoundsException'> (0x00000000d888f690) thrown at [/HUDSON3/workspace/8-2-build-linux-amd64/jdk8u111/7883/hotspot/src/share/vm/runtime/sharedRuntime.cpp, line 605]
Event: 2.319 Thread 0x00007fb9b827b000 Exception <a 'java/lang/ArrayIndexOutOfBoundsException'> (0x00000000d8990dc0) thrown at [/HUDSON3/workspace/8-2-build-linux-amd64/jdk8u111/7883/hotspot/src/share/vm/runtime/sharedRuntime.cpp, line 605]
Event: 2.528 Thread 0x00007fb9b827b000 Exception <a 'java/lang/ArrayIndexOutOfBoundsException'> (0x00000000d8b99f60) thrown at [/HUDSON3/workspace/8-2-build-linux-amd64/jdk8u111/7883/hotspot/src/share/vm/runtime/sharedRuntime.cpp, line 605]
Event: 2.731 Thread 0x00007fb9b827b000 Exception <a 'java/lang/ArrayIndexOutOfBoundsException'> (0x00000000d8e66910) thrown at [/HUDSON3/workspace/8-2-build-linux-amd64/jdk8u111/7883/hotspot/src/share/vm/runtime/sharedRuntime.cpp, line 605]
Event: 3.410 Thread 0x00007fb9b827b000 Implicit null exception at 0x00007fb9a927bbb5 to 0x00007fb9a927bd99
Event: 3.410 Thread 0x00007fb9b827b000 Implicit null exception at 0x00007fb9a936ce3b to 0x00007fb9a936d68d
Event: 4.117 Thread 0x00007fb9b827b000 Implicit null exception at 0x00007fb9a9470150 to 0x00007fb9a9470655

Events (10 events):
Event: 5.611 loading class com/sun/scenario/effect/impl/PoolFilterable done
Event: 5.611 loading class com/sun/scenario/effect/impl/prism/PrTexture
Event: 5.611 loading class com/sun/scenario/effect/impl/prism/PrTexture done
Event: 5.611 loading class com/sun/prism/es2/ES2Pipeline$1
Event: 5.611 loading class com/sun/prism/es2/ES2Pipeline$1 done
Event: 5.612 loading class com/sun/scenario/effect/impl/prism/ps/PPSRenderer
Event: 5.612 loading class com/sun/scenario/effect/impl/prism/ps/PPSRenderer done
Event: 5.613 loading class com/sun/scenario/effect/impl/EffectPeer
Event: 5.613 loading class com/sun/scenario/effect/impl/EffectPeer done
Event: 5.613 Executing VM operation: CollectForMetadataAllocation


Dynamic libraries:
00400000-00401000 r-xp 00000000 08:06 10486455                           /usr/lib/jvm/jdk1.8.0_111/jre/bin/java
00600000-00601000 rw-p 00000000 08:06 10486455                           /usr/lib/jvm/jdk1.8.0_111/jre/bin/java
00827000-00848000 rw-p 00000000 00:00 0                                  [heap]
40270000-40272000 r-xs 00000000 08:06 131095                             /tmp/.gl7nSVso (deleted)
41020000-410bf000 rw-p 00000000 00:00 0 
85000000-8a300000 rw-p 00000000 00:00 0 
8a300000-d7000000 ---p 00000000 00:00 0 
d7000000-d9900000 rw-p 00000000 00:00 0 
d9900000-100000000 ---p 00000000 00:00 0 
100000000-100340000 rw-p 00000000 00:00 0 
100340000-140000000 ---p 00000000 00:00 0 
7fb958ce2000-7fb959778000 rw-p 00000000 00:00 0 
7fb959778000-7fb959822000 r--p 00000000 08:06 1445411                    /usr/share/fonts/truetype/dejavu/DejaVuSans-Bold.ttf
7fb959828000-7fb9599a8000 rw-p 00000000 00:00 0 
7fb9599a8000-7fb959a28000 ---p 00000000 00:00 0 
7fb959a28000-7fb959c28000 rw-p 00000000 00:00 0 
7fb959c28000-7fb959cde000 r--p 00000000 08:06 1445415                    /usr/share/fonts/truetype/dejavu/DejaVuSans.ttf
7fb959cdf000-7fb959ce2000 ---p 00000000 00:00 0 
7fb959ce2000-7fb959de0000 rw-p 00000000 00:00 0                          [stack:8341]
7fb959de0000-7fb959e0f000 r-xp 00000000 08:06 788682                     /usr/lib/x86_64-linux-gnu/gtk-2.0/2.10.0/engines/libmurrine.so
7fb959e0f000-7fb95a00f000 ---p 0002f000 08:06 788682                     /usr/lib/x86_64-linux-gnu/gtk-2.0/2.10.0/engines/libmurrine.so
7fb95a00f000-7fb95a010000 r--p 0002f000 08:06 788682                     /usr/lib/x86_64-linux-gnu/gtk-2.0/2.10.0/engines/libmurrine.so
7fb95a010000-7fb95a011000 rw-p 00030000 08:06 788682                     /usr/lib/x86_64-linux-gnu/gtk-2.0/2.10.0/engines/libmurrine.so
7fb95a018000-7fb95a021000 r-xp 00000000 08:06 787773                     /usr/lib/x86_64-linux-gnu/gtk-2.0/2.10.0/engines/libpixmap.so
7fb95a021000-7fb95a221000 ---p 00009000 08:06 787773                     /usr/lib/x86_64-linux-gnu/gtk-2.0/2.10.0/engines/libpixmap.so
7fb95a221000-7fb95a222000 r--p 00009000 08:06 787773                     /usr/lib/x86_64-linux-gnu/gtk-2.0/2.10.0/engines/libpixmap.so
7fb95a222000-7fb95a223000 rw-p 0000a000 08:06 787773                     /usr/lib/x86_64-linux-gnu/gtk-2.0/2.10.0/engines/libpixmap.so
7fb95a227000-7fb95a427000 rw-p 00000000 00:00 0 
7fb95a427000-7fb95a428000 ---p 00000000 00:00 0 
7fb95a428000-7fb95ac28000 rw-p 00000000 00:00 0                          [stack:8312]
7fb95ac28000-7fb95ac6c000 r-xp 00000000 08:06 11276542                   /lib/x86_64-linux-gnu/libdbus-1.so.3.7.6
7fb95ac6c000-7fb95ae6b000 ---p 00044000 08:06 11276542                   /lib/x86_64-linux-gnu/libdbus-1.so.3.7.6
7fb95ae6b000-7fb95ae6c000 r--p 00043000 08:06 11276542                   /lib/x86_64-linux-gnu/libdbus-1.so.3.7.6
7fb95ae6c000-7fb95ae6d000 rw-p 00044000 08:06 11276542                   /lib/x86_64-linux-gnu/libdbus-1.so.3.7.6
7fb95ae70000-7fb95ae78000 r-xp 00000000 08:06 11276591                   /lib/x86_64-linux-gnu/libnih-dbus.so.1.0.0
7fb95ae78000-7fb95b078000 ---p 00008000 08:06 11276591                   /lib/x86_64-linux-gnu/libnih-dbus.so.1.0.0
7fb95b078000-7fb95b079000 r--p 00008000 08:06 11276591                   /lib/x86_64-linux-gnu/libnih-dbus.so.1.0.0
7fb95b079000-7fb95b07a000 rw-p 00009000 08:06 11276591                   /lib/x86_64-linux-gnu/libnih-dbus.so.1.0.0
7fb95b080000-7fb95b097000 r-xp 00000000 08:06 11276593                   /lib/x86_64-linux-gnu/libnih.so.1.0.0
7fb95b097000-7fb95b296000 ---p 00017000 08:06 11276593                   /lib/x86_64-linux-gnu/libnih.so.1.0.0
7fb95b296000-7fb95b297000 r--p 00016000 08:06 11276593                   /lib/x86_64-linux-gnu/libnih.so.1.0.0
7fb95b297000-7fb95b298000 rw-p 00017000 08:06 11276593                   /lib/x86_64-linux-gnu/libnih.so.1.0.0
7fb95b298000-7fb95b2b1000 r-xp 00000000 08:06 11276533                   /lib/x86_64-linux-gnu/libcgmanager.so.0.0.0
7fb95b2b1000-7fb95b4b0000 ---p 00019000 08:06 11276533                   /lib/x86_64-linux-gnu/libcgmanager.so.0.0.0
7fb95b4b0000-7fb95b4b2000 r--p 00018000 08:06 11276533                   /lib/x86_64-linux-gnu/libcgmanager.so.0.0.0
7fb95b4b2000-7fb95b4b3000 rw-p 0001a000 08:06 11276533                   /lib/x86_64-linux-gnu/libcgmanager.so.0.0.0
7fb95b4b8000-7fb95b4f1000 r-xp 00000000 08:06 268901                     /usr/lib/x86_64-linux-gnu/libnspr4.so
7fb95b4f1000-7fb95b6f0000 ---p 00039000 08:06 268901                     /usr/lib/x86_64-linux-gnu/libnspr4.so
7fb95b6f0000-7fb95b6f1000 r--p 00038000 08:06 268901                     /usr/lib/x86_64-linux-gnu/libnspr4.so
7fb95b6f1000-7fb95b6f2000 rw-p 00039000 08:06 268901                     /usr/lib/x86_64-linux-gnu/libnspr4.so
7fb95b6f2000-7fb95b6f5000 rw-p 00000000 00:00 0 
7fb95b6f8000-7fb95b6fb000 r-xp 00000000 08:06 268900                     /usr/lib/x86_64-linux-gnu/libplds4.so
7fb95b6fb000-7fb95b8fa000 ---p 00003000 08:06 268900                     /usr/lib/x86_64-linux-gnu/libplds4.so
7fb95b8fa000-7fb95b8fb000 r--p 00002000 08:06 268900                     /usr/lib/x86_64-linux-gnu/libplds4.so
7fb95b8fb000-7fb95b8fc000 rw-p 00003000 08:06 268900                     /usr/lib/x86_64-linux-gnu/libplds4.so
7fb95b900000-7fb95b904000 r-xp 00000000 08:06 268861                     /usr/lib/x86_64-linux-gnu/libplc4.so
7fb95b904000-7fb95bb03000 ---p 00004000 08:06 268861                     /usr/lib/x86_64-linux-gnu/libplc4.so
7fb95bb03000-7fb95bb04000 r--p 00003000 08:06 268861                     /usr/lib/x86_64-linux-gnu/libplc4.so
7fb95bb04000-7fb95bb05000 rw-p 00004000 08:06 268861                     /usr/lib/x86_64-linux-gnu/libplc4.so
7fb95bb08000-7fb95bb2d000 r-xp 00000000 08:06 268074                     /usr/lib/x86_64-linux-gnu/libnssutil3.so
7fb95bb2d000-7fb95bd2d000 ---p 00025000 08:06 268074                     /usr/lib/x86_64-linux-gnu/libnssutil3.so
7fb95bd2d000-7fb95bd33000 r--p 00025000 08:06 268074                     /usr/lib/x86_64-linux-gnu/libnssutil3.so
7fb95bd33000-7fb95bd34000 rw-p 0002b000 08:06 268074                     /usr/lib/x86_64-linux-gnu/libnssutil3.so
7fb95bd38000-7fb95bd48000 r-xp 00000000 08:06 11276675                   /lib/x86_64-linux-gnu/libudev.so.1.3.5
7fb95bd48000-7fb95bf47000 ---p 00010000 08:06 11276675                   /lib/x86_64-linux-gnu/libudev.so.1.3.5
7fb95bf47000-7fb95bf48000 r--p 0000f000 08:06 11276675                   /lib/x86_64-linux-gnu/libudev.so.1.3.5
7fb95bf48000-7fb95bf49000 rw-p 00010000 08:06 11276675                   /lib/x86_64-linux-gnu/libudev.so.1.3.5
7fb95bf50000-7fb95c085000 r-xp 00000000 08:06 268076                     /usr/lib/x86_64-linux-gnu/libnss3.so
7fb95c085000-7fb95c284000 ---p 00135000 08:06 268076                     /usr/lib/x86_64-linux-gnu/libnss3.so
7fb95c284000-7fb95c289000 r--p 00134000 08:06 268076                     /usr/lib/x86_64-linux-gnu/libnss3.so
7fb95c289000-7fb95c28b000 rw-p 00139000 08:06 268076                     /usr/lib/x86_64-linux-gnu/libnss3.so
7fb95c28b000-7fb95c28c000 rw-p 00000000 00:00 0 
7fb95c290000-7fb95c2a5000 r-xp 00000000 08:06 11276681                   /lib/x86_64-linux-gnu/libusb-1.0.so.0.1.0
7fb95c2a5000-7fb95c4a5000 ---p 00015000 08:06 11276681                   /lib/x86_64-linux-gnu/libusb-1.0.so.0.1.0
7fb95c4a5000-7fb95c4a6000 r--p 00015000 08:06 11276681                   /lib/x86_64-linux-gnu/libusb-1.0.so.0.1.0
7fb95c4a6000-7fb95c4a7000 rw-p 00016000 08:06 11276681                   /lib/x86_64-linux-gnu/libusb-1.0.so.0.1.0
7fb95c4a8000-7fb95c4ff000 r-xp 00000000 08:06 787714                     /usr/local/lib/libfprint.so.0.0.0
7fb95c4ff000-7fb95c6fe000 ---p 00057000 08:06 787714                     /usr/local/lib/libfprint.so.0.0.0
7fb95c6fe000-7fb95c6ff000 r--p 00056000 08:06 787714                     /usr/local/lib/libfprint.so.0.0.0
7fb95c6ff000-7fb95c710000 rw-p 00057000 08:06 787714                     /usr/local/lib/libfprint.so.0.0.0
7fb95c710000-7fb95f5c1000 rw-p 00000000 00:00 0 
7fb95f5cd000-7fb95f5e0000 r--s 00345000 08:06 10486404                   /usr/lib/jvm/jdk1.8.0_111/jre/lib/resources.jar
7fb95f5e4000-7fb95f5e9000 r--s 00084000 08:06 10486279                   /usr/lib/jvm/jdk1.8.0_111/jre/lib/jfr.jar
7fb95f5f0000-7fb95f5f6000 r-xp 00000000 08:06 131104                     /tmp/libfingerprint7046963341718783623.so
7fb95f5f6000-7fb95f7f5000 ---p 00006000 08:06 131104                     /tmp/libfingerprint7046963341718783623.so
7fb95f7f5000-7fb95f7f6000 r--p 00005000 08:06 131104                     /tmp/libfingerprint7046963341718783623.so
7fb95f7f6000-7fb95f7f7000 rw-p 00006000 08:06 131104                     /tmp/libfingerprint7046963341718783623.so
7fb95f7f7000-7fb95f7fb000 r--s 00097000 08:06 10486124                   /usr/lib/jvm/jdk1.8.0_111/jre/lib/jsse.jar
7fb95f800000-7fb95fa00000 rw-p 00000000 00:00 0 
7fb95fa00000-7fb95faab000 r--p 00000000 08:06 10486268                   /usr/lib/jvm/jdk1.8.0_111/jre/lib/fonts/LucidaSansRegular.ttf
7fb95fab0000-7fb95faea000 r--p 00000000 08:06 10486270                   /usr/lib/jvm/jdk1.8.0_111/jre/lib/fonts/LucidaTypewriterBold.ttf
7fb95faf0000-7fb95fb03000 r--p 00000000 08:06 10486276                   /usr/lib/jvm/jdk1.8.0_111/jre/lib/fonts/LucidaBrightDemiItalic.ttf
7fb95fb08000-7fb95fb56000 r--p 00000000 08:06 10486275                   /usr/lib/jvm/jdk1.8.0_111/jre/lib/fonts/LucidaSansDemiBold.ttf
7fb95fb58000-7fb95fb94000 r--p 00000000 08:06 10486274                   /usr/lib/jvm/jdk1.8.0_111/jre/lib/fonts/LucidaTypewriterRegular.ttf
7fb95fb98000-7fb95fbed000 r--p 00000000 08:06 10486271                   /usr/lib/jvm/jdk1.8.0_111/jre/lib/fonts/LucidaBrightRegular.ttf
7fb95fbf0000-7fb95fbf4000 r-xp 00000000 08:06 10486217                   /usr/lib/jvm/jdk1.8.0_111/jre/lib/amd64/libjavafx_font_pango.so
7fb95fbf4000-7fb95fdf3000 ---p 00004000 08:06 10486217                   /usr/lib/jvm/jdk1.8.0_111/jre/lib/amd64/libjavafx_font_pango.so
7fb95fdf3000-7fb95fdf4000 rw-p 00003000 08:06 10486217                   /usr/lib/jvm/jdk1.8.0_111/jre/lib/amd64/libjavafx_font_pango.so
7fb95fdf8000-7fb95fdfd000 r-xp 00000000 08:06 10486213                   /usr/lib/jvm/jdk1.8.0_111/jre/lib/amd64/libjavafx_font_freetype.so
7fb95fdfd000-7fb95fffc000 ---p 00005000 08:06 10486213                   /usr/lib/jvm/jdk1.8.0_111/jre/lib/amd64/libjavafx_font_freetype.so
7fb95fffc000-7fb95fffd000 rw-p 00004000 08:06 10486213                   /usr/lib/jvm/jdk1.8.0_111/jre/lib/amd64/libjavafx_font_freetype.so
7fb960000000-7fb960448000 rw-p 00000000 00:00 0 
7fb960448000-7fb964000000 ---p 00000000 00:00 0 
7fb964000000-7fb964021000 rw-p 00000000 00:00 0 
7fb964021000-7fb968000000 ---p 00000000 00:00 0 
7fb968000000-7fb968021000 rw-p 00000000 00:00 0 
7fb968021000-7fb96c000000 ---p 00000000 00:00 0 
7fb96c008000-7fb96c01c000 r--p 00000000 08:06 10486272                   /usr/lib/jvm/jdk1.8.0_111/jre/lib/fonts/LucidaBrightItalic.ttf
7fb96c020000-7fb96c033000 r--p 00000000 08:06 10486269                   /usr/lib/jvm/jdk1.8.0_111/jre/lib/fonts/LucidaBrightDemiBold.ttf
7fb96c038000-7fb96c039000 r--s 00000000 08:06 3801416                    /var/cache/fontconfig/c05880de57d1f5e948fdfacc138775d9-le64.cache-4
7fb96c040000-7fb96c04b000 r--s 00000000 08:06 3801409                    /var/cache/fontconfig/945677eb7aeaf62f1d50efc3fb3ec7d8-le64.cache-4
7fb96c050000-7fb96c052000 r--s 00000000 08:06 3801411                    /var/cache/fontconfig/99e8ed0e538f840c565b6ed5dad60d56-le64.cache-4
7fb96c058000-7fb96c05e000 r--s 00000000 08:06 3801393                    /var/cache/fontconfig/2cd17615ca594fa2959ae173292e504c-le64.cache-4
7fb96c060000-7fb96c061000 r--s 00000000 08:06 3801427                    /var/cache/fontconfig/e7071f4a29fa870f4323321c154eba04-le64.cache-4
7fb96c068000-7fb96c069000 r--s 00000000 08:06 3801390                    /var/cache/fontconfig/0d8c3b2ac0904cb8a57a757ad11a4a08-le64.cache-4
7fb96c070000-7fb96c077000 r--s 00000000 08:06 3801413                    /var/cache/fontconfig/a755afe4a08bf5b97852ceb7400b47bc-le64.cache-4
7fb96c078000-7fb96c084000 r--s 00000000 08:06 3801404                    /var/cache/fontconfig/6d41288fd70b0be22e8c3a91e032eec0-le64.cache-4
7fb96c088000-7fb96c09c000 r--s 00000000 08:06 3801387                    /var/cache/fontconfig/04aabc0a78ac019cf9454389977116d2-le64.cache-4
7fb96c0a0000-7fb96c0a1000 r--s 00000000 08:06 3801392                    /var/cache/fontconfig/1ac9eb803944fde146138c791f5cc56a-le64.cache-4
7fb96c0a8000-7fb96c0ac000 r--s 00000000 08:06 3801396                    /var/cache/fontconfig/385c0604a188198f04d133e54aba7fe7-le64.cache-4
7fb96c0b0000-7fb96c0b1000 r--s 00000000 08:06 3801424                    /var/cache/fontconfig/dc05db6664285cc2f12bf69c139ae4c3-le64.cache-4
7fb96c0b8000-7fb96c0ba000 r--s 00000000 08:06 3801406                    /var/cache/fontconfig/767a8244fc0220cfb567a839d0392e0b-le64.cache-4
7fb96c0c0000-7fb96c0c1000 r--s 00000000 08:06 3801398                    /var/cache/fontconfig/4794a0821666d79190d59a36cb4f44b5-le64.cache-4
7fb96c0c8000-7fb96c0da000 r--s 00000000 08:06 3801388                    /var/cache/fontconfig/0bd3dc0958fa2205aaaa8ebb13e2872b-le64.cache-4
7fb96c0e0000-7fb96c0e5000 r--s 00000000 08:06 3801408                    /var/cache/fontconfig/8801497958630a81b71ace7c5f9b32a8-le64.cache-4
7fb96c0e8000-7fb96c0ee000 r--s 00000000 08:06 3816246                    /var/cache/fontconfig/ca37dee8d6057f2a069c1b3d05990269-le64.cache-4
7fb96c0f0000-7fb96c0f4000 r--s 00000000 08:06 3815067                    /var/cache/fontconfig/c57959a16110560c8d0fcea73374aeeb-le64.cache-4
7fb96c0f8000-7fb96c0ff000 r--s 00000000 08:06 3801394                    /var/cache/fontconfig/3047814df9a2f067bd2d96a2b9c36e5a-le64.cache-4
7fb96c100000-7fb96c101000 r--s 00000000 08:06 3801400                    /var/cache/fontconfig/56cf4f4769d0f4abc89a4895d7bd3ae1-le64.cache-4
7fb96c108000-7fb96c109000 r--s 00000000 08:06 3801415                    /var/cache/fontconfig/b9d506c9ac06c20b433354fa67a72993-le64.cache-4
7fb96c110000-7fb96c116000 r--s 00000000 08:06 3801414                    /var/cache/fontconfig/b47c4e1ecd0709278f4910c18777a504-le64.cache-4
7fb96c118000-7fb96c12b000 r--s 00000000 08:06 3801421                    /var/cache/fontconfig/d52a8644073d54c13679302ca1180695-le64.cache-4
7fb96c130000-7fb96c139000 r--s 00000000 08:06 3801397                    /var/cache/fontconfig/3f7329c5293ffd510edef78f73874cfd-le64.cache-4
7fb96c140000-7fb96c14b000 r--s 00000000 08:06 3801422                    /var/cache/fontconfig/d589a48862398ed80a3d6066f4f56f4c-le64.cache-4
7fb96c150000-7fb96c159000 r--s 00000000 08:06 3801419                    /var/cache/fontconfig/d0972c3d32f097851eb916381fc38920-le64.cache-4
7fb96c160000-7fb96c163000 r--s 00000000 08:06 3812658                    /var/cache/fontconfig/e13b20fdb08344e0e664864cc2ede53d-le64.cache-4
7fb96c168000-7fb96c16c000 r--s 00000000 08:06 3816245                    /var/cache/fontconfig/7ef2298fde41cc6eeb7af42e48b7d293-le64.cache-4
7fb96c170000-7fb96c173000 r-xp 00000000 08:06 10486175                   /usr/lib/jvm/jdk1.8.0_111/jre/lib/amd64/libjavafx_font.so
7fb96c173000-7fb96c372000 ---p 00003000 08:06 10486175                   /usr/lib/jvm/jdk1.8.0_111/jre/lib/amd64/libjavafx_font.so
7fb96c372000-7fb96c373000 rw-p 00002000 08:06 10486175                   /usr/lib/jvm/jdk1.8.0_111/jre/lib/amd64/libjavafx_font.so
7fb96c378000-7fb96c578000 rw-p 00000000 00:00 0 
7fb96c578000-7fb96c57c000 r--s 00060000 08:06 10619230                   /home/xmbeat/NetBeansProjects/FingerprintLogin/dist/run1004415549/lib/webcam-capture-0.3.10.jar
7fb96c57d000-7fb96c57f000 r--s 00005000 08:06 10619229                   /home/xmbeat/NetBeansProjects/FingerprintLogin/dist/run1004415549/lib/slf4j-api-1.7.2.jar
7fb96c582000-7fb96c585000 r--s 0003a000 08:06 10619205                   /home/xmbeat/NetBeansProjects/FingerprintLogin/dist/run1004415549/lib/mysql-connector-java-3.0.17-ga-bin.jar
7fb96c587000-7fb96c58f000 r--s 000cf000 08:06 10619201                   /home/xmbeat/NetBeansProjects/FingerprintLogin/dist/run1004415549/lib/bridj-0.6.2.jar
7fb96c595000-7fb96c598000 ---p 00000000 00:00 0 
7fb96c598000-7fb96c696000 rw-p 00000000 00:00 0                          [stack:8284]
7fb96c696000-7fb96c699000 ---p 00000000 00:00 0 
7fb96c699000-7fb96c797000 rw-p 00000000 00:00 0                          [stack:8272]
7fb96c797000-7fb96c79a000 ---p 00000000 00:00 0 
7fb96c79a000-7fb96c898000 rw-p 00000000 00:00 0                          [stack:8267]
7fb96c898000-7fb96c8c2000 r--p 00000000 08:06 1314249                    /usr/share/locale-langpack/es/LC_MESSAGES/gtk20-properties.mo
7fb96c8c8000-7fb96c8ee000 r--p 00000000 08:06 1314142                    /usr/share/locale-langpack/es/LC_MESSAGES/libc.mo
7fb96c8f0000-7fb96c8f7000 r--s 00000000 08:06 786750                     /usr/lib/x86_64-linux-gnu/gconv/gconv-modules.cache
7fb96c8f8000-7fb96c907000 r--p 00000000 08:06 1314186                    /usr/share/locale-langpack/es/LC_MESSAGES/gtk20.mo
7fb96c908000-7fb96c931000 r-xp 00000000 08:06 10486225                   /usr/lib/jvm/jdk1.8.0_111/jre/lib/amd64/libglass.so
7fb96c931000-7fb96cb30000 ---p 00029000 08:06 10486225                   /usr/lib/jvm/jdk1.8.0_111/jre/lib/amd64/libglass.so
7fb96cb30000-7fb96cb33000 rw-p 00028000 08:06 10486225                   /usr/lib/jvm/jdk1.8.0_111/jre/lib/amd64/libglass.so
7fb96cb33000-7fb96cbb3000 rw-s 167cdb000 00:06 11833                     /dev/nvidiactl
7fb96cbb5000-7fb96cc35000 rw-s 167ccd000 00:06 11833                     /dev/nvidiactl
7fb96cc3b000-7fb96ccbb000 rw-s 182bc3000 00:06 11833                     /dev/nvidiactl
7fb96ccc0000-7fb96ccc6000 r-xp 00000000 08:06 270780                     /usr/lib/x86_64-linux-gnu/libdatrie.so.1.3.1
7fb96ccc6000-7fb96cec5000 ---p 00006000 08:06 270780                     /usr/lib/x86_64-linux-gnu/libdatrie.so.1.3.1
7fb96cec5000-7fb96cec6000 r--p 00005000 08:06 270780                     /usr/lib/x86_64-linux-gnu/libdatrie.so.1.3.1
7fb96cec6000-7fb96cec7000 rw-p 00006000 08:06 270780                     /usr/lib/x86_64-linux-gnu/libdatrie.so.1.3.1
7fb96cec8000-7fb96cecd000 r-xp 00000000 08:06 270557                     /usr/lib/x86_64-linux-gnu/libXdmcp.so.6.0.0
7fb96cecd000-7fb96d0cc000 ---p 00005000 08:06 270557                     /usr/lib/x86_64-linux-gnu/libXdmcp.so.6.0.0
7fb96d0cc000-7fb96d0cd000 r--p 00004000 08:06 270557                     /usr/lib/x86_64-linux-gnu/libXdmcp.so.6.0.0
7fb96d0cd000-7fb96d0ce000 rw-p 00005000 08:06 270557                     /usr/lib/x86_64-linux-gnu/libXdmcp.so.6.0.0
7fb96d0d0000-7fb96d0d2000 r-xp 00000000 08:06 270544                     /usr/lib/x86_64-linux-gnu/libXau.so.6.0.0
7fb96d0d2000-7fb96d2d2000 ---p 00002000 08:06 270544                     /usr/lib/x86_64-linux-gnu/libXau.so.6.0.0
7fb96d2d2000-7fb96d2d3000 r--p 00002000 08:06 270544                     /usr/lib/x86_64-linux-gnu/libXau.so.6.0.0
7fb96d2d3000-7fb96d2d4000 rw-p 00003000 08:06 270544                     /usr/lib/x86_64-linux-gnu/libXau.so.6.0.0
7fb96d2d8000-7fb96d2f2000 r-xp 00000000 08:06 263304                     /usr/lib/x86_64-linux-gnu/libgraphite2.so.3.0.1
7fb96d2f2000-7fb96d4f1000 ---p 0001a000 08:06 263304                     /usr/lib/x86_64-linux-gnu/libgraphite2.so.3.0.1
7fb96d4f1000-7fb96d4f3000 r--p 00019000 08:06 263304                     /usr/lib/x86_64-linux-gnu/libgraphite2.so.3.0.1
7fb96d4f3000-7fb96d4f4000 rw-p 0001b000 08:06 263304                     /usr/lib/x86_64-linux-gnu/libgraphite2.so.3.0.1
7fb96d4f8000-7fb96eef5000 r-xp 00000000 08:06 921231                     /usr/lib/nvidia-352/libnvidia-glcore.so.352.63
7fb96eef5000-7fb96ef15000 rwxp 019fd000 08:06 921231                     /usr/lib/nvidia-352/libnvidia-glcore.so.352.63
7fb96ef15000-7fb96f1dc000 r-xp 01a1d000 08:06 921231                     /usr/lib/nvidia-352/libnvidia-glcore.so.352.63
7fb96f1dc000-7fb96f3db000 ---p 01ce4000 08:06 921231                     /usr/lib/nvidia-352/libnvidia-glcore.so.352.63
7fb96f3db000-7fb96ff77000 rw-p 01ce3000 08:06 921231                     /usr/lib/nvidia-352/libnvidia-glcore.so.352.63
7fb96ff77000-7fb96ff8b000 rw-p 00000000 00:00 0 
7fb96ff90000-7fb96ff93000 r-xp 00000000 08:06 1184481                    /usr/lib/nvidia-352/tls/libnvidia-tls.so.352.63
7fb96ff93000-7fb970192000 ---p 00003000 08:06 1184481                    /usr/lib/nvidia-352/tls/libnvidia-tls.so.352.63
7fb970192000-7fb970193000 rw-p 00002000 08:06 1184481                    /usr/lib/nvidia-352/tls/libnvidia-tls.so.352.63
7fb970198000-7fb9701d5000 r-xp 00000000 08:06 11276632                   /lib/x86_64-linux-gnu/libpcre.so.3.13.1
7fb9701d5000-7fb9703d4000 ---p 0003d000 08:06 11276632                   /lib/x86_64-linux-gnu/libpcre.so.3.13.1
7fb9703d4000-7fb9703d5000 r--p 0003c000 08:06 11276632                   /lib/x86_64-linux-gnu/libpcre.so.3.13.1
7fb9703d5000-7fb9703d6000 rw-p 0003d000 08:06 11276632                   /lib/x86_64-linux-gnu/libpcre.so.3.13.1
7fb9703d8000-7fb9703df000 r-xp 00000000 08:06 262898                     /usr/lib/x86_64-linux-gnu/libffi.so.6.0.1
7fb9703df000-7fb9705de000 ---p 00007000 08:06 262898                     /usr/lib/x86_64-linux-gnu/libffi.so.6.0.1
7fb9705de000-7fb9705df000 r--p 00006000 08:06 262898                     /usr/lib/x86_64-linux-gnu/libffi.so.6.0.1
7fb9705df000-7fb9705e0000 rw-p 00007000 08:06 262898                     /usr/lib/x86_64-linux-gnu/libffi.so.6.0.1
7fb9705e0000-7fb970607000 r-xp 00000000 08:06 11276550                   /lib/x86_64-linux-gnu/libexpat.so.1.6.0
7fb970607000-7fb970807000 ---p 00027000 08:06 11276550                   /lib/x86_64-linux-gnu/libexpat.so.1.6.0
7fb970807000-7fb970809000 r--p 00027000 08:06 11276550                   /lib/x86_64-linux-gnu/libexpat.so.1.6.0
7fb970809000-7fb97080a000 rw-p 00029000 08:06 11276550                   /lib/x86_64-linux-gnu/libexpat.so.1.6.0
7fb970810000-7fb970818000 r-xp 00000000 08:06 271660                     /usr/lib/x86_64-linux-gnu/libthai.so.0.2.0
7fb970818000-7fb970a17000 ---p 00008000 08:06 271660                     /usr/lib/x86_64-linux-gnu/libthai.so.0.2.0
7fb970a17000-7fb970a18000 r--p 00007000 08:06 271660                     /usr/lib/x86_64-linux-gnu/libthai.so.0.2.0
7fb970a18000-7fb970a19000 rw-p 00008000 08:06 271660                     /usr/lib/x86_64-linux-gnu/libthai.so.0.2.0
7fb970a20000-7fb970a3d000 r-xp 00000000 08:06 271805                     /usr/lib/x86_64-linux-gnu/libxcb.so.1.1.0
7fb970a3d000-7fb970c3d000 ---p 0001d000 08:06 271805                     /usr/lib/x86_64-linux-gnu/libxcb.so.1.1.0
7fb970c3d000-7fb970c3e000 r--p 0001d000 08:06 271805                     /usr/lib/x86_64-linux-gnu/libxcb.so.1.1.0
7fb970c3e000-7fb970c3f000 rw-p 0001e000 08:06 271805                     /usr/lib/x86_64-linux-gnu/libxcb.so.1.1.0
7fb970c40000-7fb970c48000 r-xp 00000000 08:06 271787                     /usr/lib/x86_64-linux-gnu/libxcb-render.so.0.0.0
7fb970c48000-7fb970e47000 ---p 00008000 08:06 271787                     /usr/lib/x86_64-linux-gnu/libxcb-render.so.0.0.0
7fb970e47000-7fb970e48000 r--p 00007000 08:06 271787                     /usr/lib/x86_64-linux-gnu/libxcb-render.so.0.0.0
7fb970e48000-7fb970e49000 rw-p 00008000 08:06 271787                     /usr/lib/x86_64-linux-gnu/libxcb-render.so.0.0.0
7fb970e50000-7fb970e52000 r-xp 00000000 08:06 271791                     /usr/lib/x86_64-linux-gnu/libxcb-shm.so.0.0.0
7fb970e52000-7fb971051000 ---p 00002000 08:06 271791                     /usr/lib/x86_64-linux-gnu/libxcb-shm.so.0.0.0
7fb971051000-7fb971052000 r--p 00001000 08:06 271791                     /usr/lib/x86_64-linux-gnu/libxcb-shm.so.0.0.0
7fb971052000-7fb971053000 rw-p 00002000 08:06 271791                     /usr/lib/x86_64-linux-gnu/libxcb-shm.so.0.0.0
7fb971058000-7fb97107d000 r-xp 00000000 08:06 11273421                   /lib/x86_64-linux-gnu/libpng12.so.0.50.0
7fb97107d000-7fb97127c000 ---p 00025000 08:06 11273421                   /lib/x86_64-linux-gnu/libpng12.so.0.50.0
7fb97127c000-7fb97127d000 r--p 00024000 08:06 11273421                   /lib/x86_64-linux-gnu/libpng12.so.0.50.0
7fb97127d000-7fb97127e000 rw-p 00025000 08:06 11273421                   /lib/x86_64-linux-gnu/libpng12.so.0.50.0
7fb971280000-7fb971321000 r-xp 00000000 08:06 271486                     /usr/lib/x86_64-linux-gnu/libpixman-1.so.0.30.2
7fb971321000-7fb971521000 ---p 000a1000 08:06 271486                     /usr/lib/x86_64-linux-gnu/libpixman-1.so.0.30.2
7fb971521000-7fb971528000 r--p 000a1000 08:06 271486                     /usr/lib/x86_64-linux-gnu/libpixman-1.so.0.30.2
7fb971528000-7fb971529000 rw-p 000a8000 08:06 271486                     /usr/lib/x86_64-linux-gnu/libpixman-1.so.0.30.2
7fb971530000-7fb971583000 r-xp 00000000 08:06 271186                     /usr/lib/x86_64-linux-gnu/libharfbuzz.so.0.927.0
7fb971583000-7fb971783000 ---p 00053000 08:06 271186                     /usr/lib/x86_64-linux-gnu/libharfbuzz.so.0.927.0
7fb971783000-7fb971784000 r--p 00053000 08:06 271186                     /usr/lib/x86_64-linux-gnu/libharfbuzz.so.0.927.0
7fb971784000-7fb971785000 rw-p 00054000 08:06 271186                     /usr/lib/x86_64-linux-gnu/libharfbuzz.so.0.927.0
7fb971788000-7fb97179f000 r-xp 00000000 08:06 11272221                   /lib/x86_64-linux-gnu/libresolv-2.19.so
7fb97179f000-7fb97199f000 ---p 00017000 08:06 11272221                   /lib/x86_64-linux-gnu/libresolv-2.19.so
7fb97199f000-7fb9719a0000 r--p 00017000 08:06 11272221                   /lib/x86_64-linux-gnu/libresolv-2.19.so
7fb9719a0000-7fb9719a1000 rw-p 00018000 08:06 11272221                   /lib/x86_64-linux-gnu/libresolv-2.19.so
7fb9719a1000-7fb9719a3000 rw-p 00000000 00:00 0 
7fb9719a8000-7fb9719c8000 r-xp 00000000 08:06 11276659                   /lib/x86_64-linux-gnu/libselinux.so.1
7fb9719c8000-7fb971bc7000 ---p 00020000 08:06 11276659                   /lib/x86_64-linux-gnu/libselinux.so.1
7fb971bc7000-7fb971bc8000 r--p 0001f000 08:06 11276659                   /lib/x86_64-linux-gnu/libselinux.so.1
7fb971bc8000-7fb971bc9000 rw-p 00020000 08:06 11276659                   /lib/x86_64-linux-gnu/libselinux.so.1
7fb971bc9000-7fb971bcb000 rw-p 00000000 00:00 0 
7fb971bd0000-7fb971be8000 r-xp 00000000 08:06 11276690                   /lib/x86_64-linux-gnu/libz.so.1.2.8
7fb971be8000-7fb971de7000 ---p 00018000 08:06 11276690                   /lib/x86_64-linux-gnu/libz.so.1.2.8
7fb971de7000-7fb971de8000 r--p 00017000 08:06 11276690                   /lib/x86_64-linux-gnu/libz.so.1.2.8
7fb971de8000-7fb971de9000 rw-p 00018000 08:06 11276690                   /lib/x86_64-linux-gnu/libz.so.1.2.8
7fb971df0000-7fb971e01000 r-xp 00000000 08:06 270559                     /usr/lib/x86_64-linux-gnu/libXext.so.6.4.0
7fb971e01000-7fb972000000 ---p 00011000 08:06 270559                     /usr/lib/x86_64-linux-gnu/libXext.so.6.4.0
7fb972000000-7fb972001000 r--p 00010000 08:06 270559                     /usr/lib/x86_64-linux-gnu/libXext.so.6.4.0
7fb972001000-7fb972002000 rw-p 00011000 08:06 270559                     /usr/lib/x86_64-linux-gnu/libXext.so.6.4.0
7fb972008000-7fb97200a000 r-xp 00000000 08:06 270553                     /usr/lib/x86_64-linux-gnu/libXdamage.so.1.1.0
7fb97200a000-7fb972209000 ---p 00002000 08:06 270553                     /usr/lib/x86_64-linux-gnu/libXdamage.so.1.1.0
7fb972209000-7fb97220a000 r--p 00001000 08:06 270553                     /usr/lib/x86_64-linux-gnu/libXdamage.so.1.1.0
7fb97220a000-7fb97220b000 rw-p 00002000 08:06 270553                     /usr/lib/x86_64-linux-gnu/libXdamage.so.1.1.0
7fb972210000-7fb972212000 r-xp 00000000 08:06 270549                     /usr/lib/x86_64-linux-gnu/libXcomposite.so.1.0.0
7fb972212000-7fb972411000 ---p 00002000 08:06 270549                     /usr/lib/x86_64-linux-gnu/libXcomposite.so.1.0.0
7fb972411000-7fb972412000 r--p 00001000 08:06 270549                     /usr/lib/x86_64-linux-gnu/libXcomposite.so.1.0.0
7fb972412000-7fb972413000 rw-p 00002000 08:06 270549                     /usr/lib/x86_64-linux-gnu/libXcomposite.so.1.0.0
7fb972418000-7fb972421000 r-xp 00000000 08:06 270551                     /usr/lib/x86_64-linux-gnu/libXcursor.so.1.0.2
7fb972421000-7fb972620000 ---p 00009000 08:06 270551                     /usr/lib/x86_64-linux-gnu/libXcursor.so.1.0.2
7fb972620000-7fb972621000 r--p 00008000 08:06 270551                     /usr/lib/x86_64-linux-gnu/libXcursor.so.1.0.2
7fb972621000-7fb972622000 rw-p 00009000 08:06 270551                     /usr/lib/x86_64-linux-gnu/libXcursor.so.1.0.2
7fb972628000-7fb972631000 r-xp 00000000 08:06 270579                     /usr/lib/x86_64-linux-gnu/libXrandr.so.2.2.0
7fb972631000-7fb972830000 ---p 00009000 08:06 270579                     /usr/lib/x86_64-linux-gnu/libXrandr.so.2.2.0
7fb972830000-7fb972831000 r--p 00008000 08:06 270579                     /usr/lib/x86_64-linux-gnu/libXrandr.so.2.2.0
7fb972831000-7fb972832000 rw-p 00009000 08:06 270579                     /usr/lib/x86_64-linux-gnu/libXrandr.so.2.2.0
7fb972838000-7fb972847000 r-xp 00000000 08:06 270567                     /usr/lib/x86_64-linux-gnu/libXi.so.6.1.0
7fb972847000-7fb972a46000 ---p 0000f000 08:06 270567                     /usr/lib/x86_64-linux-gnu/libXi.so.6.1.0
7fb972a46000-7fb972a47000 r--p 0000e000 08:06 270567                     /usr/lib/x86_64-linux-gnu/libXi.so.6.1.0
7fb972a47000-7fb972a48000 rw-p 0000f000 08:06 270567                     /usr/lib/x86_64-linux-gnu/libXi.so.6.1.0
7fb972a48000-7fb972a4a000 r-xp 00000000 08:06 270569                     /usr/lib/x86_64-linux-gnu/libXinerama.so.1.0.0
7fb972a4a000-7fb972c49000 ---p 00002000 08:06 270569                     /usr/lib/x86_64-linux-gnu/libXinerama.so.1.0.0
7fb972c49000-7fb972c4a000 r--p 00001000 08:06 270569                     /usr/lib/x86_64-linux-gnu/libXinerama.so.1.0.0
7fb972c4a000-7fb972c4b000 rw-p 00002000 08:06 270569                     /usr/lib/x86_64-linux-gnu/libXinerama.so.1.0.0
7fb972c50000-7fb972c59000 r-xp 00000000 08:06 270581                     /usr/lib/x86_64-linux-gnu/libXrender.so.1.3.0
7fb972c59000-7fb972e58000 ---p 00009000 08:06 270581                     /usr/lib/x86_64-linux-gnu/libXrender.so.1.3.0
7fb972e58000-7fb972e59000 r--p 00008000 08:06 270581                     /usr/lib/x86_64-linux-gnu/libXrender.so.1.3.0
7fb972e59000-7fb972e5a000 rw-p 00009000 08:06 270581                     /usr/lib/x86_64-linux-gnu/libXrender.so.1.3.0
7fb972e60000-7fb972e65000 r-xp 00000000 08:06 270561                     /usr/lib/x86_64-linux-gnu/libXfixes.so.3.1.0
7fb972e65000-7fb973064000 ---p 00005000 08:06 270561                     /usr/lib/x86_64-linux-gnu/libXfixes.so.3.1.0
7fb973064000-7fb973065000 r--p 00004000 08:06 270561                     /usr/lib/x86_64-linux-gnu/libXfixes.so.3.1.0
7fb973065000-7fb973066000 rw-p 00005000 08:06 270561                     /usr/lib/x86_64-linux-gnu/libXfixes.so.3.1.0
7fb973068000-7fb97307e000 r-xp 00000000 08:06 11273328                   /lib/x86_64-linux-gnu/libgcc_s.so.1
7fb97307e000-7fb97327d000 ---p 00016000 08:06 11273328                   /lib/x86_64-linux-gnu/libgcc_s.so.1
7fb97327d000-7fb97327e000 rw-p 00015000 08:06 11273328                   /lib/x86_64-linux-gnu/libgcc_s.so.1
7fb973280000-7fb973366000 r-xp 00000000 08:06 262560                     /usr/lib/x86_64-linux-gnu/libstdc++.so.6.0.19
7fb973366000-7fb973565000 ---p 000e6000 08:06 262560                     /usr/lib/x86_64-linux-gnu/libstdc++.so.6.0.19
7fb973565000-7fb97356d000 r--p 000e5000 08:06 262560                     /usr/lib/x86_64-linux-gnu/libstdc++.so.6.0.19
7fb97356d000-7fb97356f000 rw-p 000ed000 08:06 262560                     /usr/lib/x86_64-linux-gnu/libstdc++.so.6.0.19
7fb97356f000-7fb973584000 rw-p 00000000 00:00 0 
7fb973588000-7fb973646000 r-xp 00000000 08:06 921224                     /usr/lib/nvidia-352/libGL.so.352.63
7fb973646000-7fb973679000 rwxp 000be000 08:06 921224                     /usr/lib/nvidia-352/libGL.so.352.63
7fb973679000-7fb97368b000 r-xp 000f1000 08:06 921224                     /usr/lib/nvidia-352/libGL.so.352.63
7fb97368b000-7fb97388a000 ---p 00103000 08:06 921224                     /usr/lib/nvidia-352/libGL.so.352.63
7fb97388a000-7fb9738b2000 rw-p 00102000 08:06 921224                     /usr/lib/nvidia-352/libGL.so.352.63
7fb9738b2000-7fb9738b8000 rw-p 00000000 00:00 0 
7fb9738b8000-7fb9738bc000 r-xp 00000000 08:06 270597                     /usr/lib/x86_64-linux-gnu/libXxf86vm.so.1.0.0
7fb9738bc000-7fb973abc000 ---p 00004000 08:06 270597                     /usr/lib/x86_64-linux-gnu/libXxf86vm.so.1.0.0
7fb973abc000-7fb973abd000 r--p 00004000 08:06 270597                     /usr/lib/x86_64-linux-gnu/libXxf86vm.so.1.0.0
7fb973abd000-7fb973abe000 rw-p 00005000 08:06 270597                     /usr/lib/x86_64-linux-gnu/libXxf86vm.so.1.0.0
7fb973ac0000-7fb973bf0000 r-xp 00000000 08:06 270538                     /usr/lib/x86_64-linux-gnu/libX11.so.6.3.0
7fb973bf0000-7fb973df0000 ---p 00130000 08:06 270538                     /usr/lib/x86_64-linux-gnu/libX11.so.6.3.0
7fb973df0000-7fb973df1000 r--p 00130000 08:06 270538                     /usr/lib/x86_64-linux-gnu/libX11.so.6.3.0
7fb973df1000-7fb973df5000 rw-p 00131000 08:06 270538                     /usr/lib/x86_64-linux-gnu/libX11.so.6.3.0
7fb973df8000-7fb973dfd000 r-xp 00000000 08:06 270587                     /usr/lib/x86_64-linux-gnu/libXtst.so.6.1.0
7fb973dfd000-7fb973ffc000 ---p 00005000 08:06 270587                     /usr/lib/x86_64-linux-gnu/libXtst.so.6.1.0
7fb973ffc000-7fb973ffd000 r--p 00004000 08:06 270587                     /usr/lib/x86_64-linux-gnu/libXtst.so.6.1.0
7fb973ffd000-7fb973ffe000 rw-p 00005000 08:06 270587                     /usr/lib/x86_64-linux-gnu/libXtst.so.6.1.0
7fb974000000-7fb974021000 rw-p 00000000 00:00 0 
7fb974021000-7fb978000000 ---p 00000000 00:00 0 
7fb978000000-7fb9786b1000 rw-p 00000000 00:00 0 
7fb9786b1000-7fb97c000000 ---p 00000000 00:00 0 
7fb97c000000-7fb97c2fd000 rw-p 00000000 00:00 0 
7fb97c2fd000-7fb980000000 ---p 00000000 00:00 0 
7fb980000000-7fb980021000 rw-p 00000000 00:00 0 
7fb980021000-7fb984000000 ---p 00000000 00:00 0 
7fb984000000-7fb984021000 rw-p 00000000 00:00 0 
7fb984021000-7fb988000000 ---p 00000000 00:00 0 
7fb988000000-7fb98853e000 rw-p 00000000 00:00 0 
7fb98853e000-7fb98c000000 ---p 00000000 00:00 0 
7fb98c000000-7fb98c021000 rw-p 00000000 00:00 0 
7fb98c021000-7fb990000000 ---p 00000000 00:00 0 
7fb990000000-7fb990021000 rw-p 00000000 00:00 0 
7fb990021000-7fb994000000 ---p 00000000 00:00 0 
7fb994000000-7fb994021000 rw-p 00000000 00:00 0 
7fb994021000-7fb998000000 ---p 00000000 00:00 0 
7fb998000000-7fb998021000 rw-p 00000000 00:00 0 
7fb998021000-7fb99c000000 ---p 00000000 00:00 0 
7fb99c001000-7fb99c101000 rw-s 160719000 00:06 11833                     /dev/nvidiactl
7fb99c108000-7fb99c128000 rw-s c0320000 00:06 11834                      /dev/nvidia0
7fb99c12b000-7fb99c16b000 rw-s 182a7b000 00:06 11833                     /dev/nvidiactl
7fb99c16d000-7fb99c18d000 rw-s 167ed5000 00:06 11833                     /dev/nvidiactl
7fb99c192000-7fb99c1d2000 rw-s 43c7a000 00:06 11833                      /dev/nvidiactl
7fb99c1d9000-7fb99c1f9000 rw-s 43ed9000 00:06 11833                      /dev/nvidiactl
7fb99c200000-7fb99c306000 r-xp 00000000 08:06 11276559                   /lib/x86_64-linux-gnu/libglib-2.0.so.0.4002.0
7fb99c306000-7fb99c505000 ---p 00106000 08:06 11276559                   /lib/x86_64-linux-gnu/libglib-2.0.so.0.4002.0
7fb99c505000-7fb99c506000 r--p 00105000 08:06 11276559                   /lib/x86_64-linux-gnu/libglib-2.0.so.0.4002.0
7fb99c506000-7fb99c507000 rw-p 00106000 08:06 11276559                   /lib/x86_64-linux-gnu/libglib-2.0.so.0.4002.0
7fb99c507000-7fb99c508000 rw-p 00000000 00:00 0 
7fb99c508000-7fb99c509000 r-xp 00000000 08:06 271159                     /usr/lib/x86_64-linux-gnu/libgthread-2.0.so.0.4002.0
7fb99c509000-7fb99c708000 ---p 00001000 08:06 271159                     /usr/lib/x86_64-linux-gnu/libgthread-2.0.so.0.4002.0
7fb99c708000-7fb99c709000 r--p 00000000 08:06 271159                     /usr/lib/x86_64-linux-gnu/libgthread-2.0.so.0.4002.0
7fb99c709000-7fb99c70a000 rw-p 00001000 08:06 271159                     /usr/lib/x86_64-linux-gnu/libgthread-2.0.so.0.4002.0
7fb99c710000-7fb99c713000 r-xp 00000000 08:06 271015                     /usr/lib/x86_64-linux-gnu/libgmodule-2.0.so.0.4002.0
7fb99c713000-7fb99c912000 ---p 00003000 08:06 271015                     /usr/lib/x86_64-linux-gnu/libgmodule-2.0.so.0.4002.0
7fb99c912000-7fb99c913000 r--p 00002000 08:06 271015                     /usr/lib/x86_64-linux-gnu/libgmodule-2.0.so.0.4002.0
7fb99c913000-7fb99c914000 rw-p 00003000 08:06 271015                     /usr/lib/x86_64-linux-gnu/libgmodule-2.0.so.0.4002.0
7fb99c918000-7fb99c967000 r-xp 00000000 08:06 271039                     /usr/lib/x86_64-linux-gnu/libgobject-2.0.so.0.4002.0
7fb99c967000-7fb99cb67000 ---p 0004f000 08:06 271039                     /usr/lib/x86_64-linux-gnu/libgobject-2.0.so.0.4002.0
7fb99cb67000-7fb99cb68000 r--p 0004f000 08:06 271039                     /usr/lib/x86_64-linux-gnu/libgobject-2.0.so.0.4002.0
7fb99cb68000-7fb99cb69000 rw-p 00050000 08:06 271039                     /usr/lib/x86_64-linux-gnu/libgobject-2.0.so.0.4002.0
7fb99cb70000-7fb99cbaa000 r-xp 00000000 08:06 270920                     /usr/lib/x86_64-linux-gnu/libfontconfig.so.1.8.0
7fb99cbaa000-7fb99cda9000 ---p 0003a000 08:06 270920                     /usr/lib/x86_64-linux-gnu/libfontconfig.so.1.8.0
7fb99cda9000-7fb99cdab000 r--p 00039000 08:06 270920                     /usr/lib/x86_64-linux-gnu/libfontconfig.so.1.8.0
7fb99cdab000-7fb99cdac000 rw-p 0003b000 08:06 270920                     /usr/lib/x86_64-linux-gnu/libfontconfig.so.1.8.0
7fb99cdb0000-7fb99ce4d000 r-xp 00000000 08:06 270946                     /usr/lib/x86_64-linux-gnu/libfreetype.so.6.11.1
7fb99ce4d000-7fb99d04c000 ---p 0009d000 08:06 270946                     /usr/lib/x86_64-linux-gnu/libfreetype.so.6.11.1
7fb99d04c000-7fb99d052000 r--p 0009c000 08:06 270946                     /usr/lib/x86_64-linux-gnu/libfreetype.so.6.11.1
7fb99d052000-7fb99d053000 rw-p 000a2000 08:06 270946                     /usr/lib/x86_64-linux-gnu/libfreetype.so.6.11.1
7fb99d058000-7fb99d0a2000 r-xp 00000000 08:06 271463                     /usr/lib/x86_64-linux-gnu/libpango-1.0.so.0.3600.3
7fb99d0a2000-7fb99d2a2000 ---p 0004a000 08:06 271463                     /usr/lib/x86_64-linux-gnu/libpango-1.0.so.0.3600.3
7fb99d2a2000-7fb99d2a4000 r--p 0004a000 08:06 271463                     /usr/lib/x86_64-linux-gnu/libpango-1.0.so.0.3600.3
7fb99d2a4000-7fb99d2a5000 rw-p 0004c000 08:06 271463                     /usr/lib/x86_64-linux-gnu/libpango-1.0.so.0.3600.3
7fb99d2a8000-7fb99d3ae000 r-xp 00000000 08:06 270702                     /usr/lib/x86_64-linux-gnu/libcairo.so.2.11301.0
7fb99d3ae000-7fb99d5ad000 ---p 00106000 08:06 270702                     /usr/lib/x86_64-linux-gnu/libcairo.so.2.11301.0
7fb99d5ad000-7fb99d5b0000 r--p 00105000 08:06 270702                     /usr/lib/x86_64-linux-gnu/libcairo.so.2.11301.0
7fb99d5b0000-7fb99d5b1000 rw-p 00108000 08:06 270702                     /usr/lib/x86_64-linux-gnu/libcairo.so.2.11301.0
7fb99d5b1000-7fb99d5b3000 rw-p 00000000 00:00 0 
7fb99d5b8000-7fb99d5c3000 r-xp 00000000 08:06 271465                     /usr/lib/x86_64-linux-gnu/libpangocairo-1.0.so.0.3600.3
7fb99d5c3000-7fb99d7c3000 ---p 0000b000 08:06 271465                     /usr/lib/x86_64-linux-gnu/libpangocairo-1.0.so.0.3600.3
7fb99d7c3000-7fb99d7c4000 r--p 0000b000 08:06 271465                     /usr/lib/x86_64-linux-gnu/libpangocairo-1.0.so.0.3600.3
7fb99d7c4000-7fb99d7c5000 rw-p 0000c000 08:06 271465                     /usr/lib/x86_64-linux-gnu/libpangocairo-1.0.so.0.3600.3
7fb99d7c8000-7fb99d7e8000 r-xp 00000000 08:06 270979                     /usr/lib/x86_64-linux-gnu/libgdk_pixbuf-2.0.so.0.3000.7
7fb99d7e8000-7fb99d9e7000 ---p 00020000 08:06 270979                     /usr/lib/x86_64-linux-gnu/libgdk_pixbuf-2.0.so.0.3000.7
7fb99d9e7000-7fb99d9e8000 r--p 0001f000 08:06 270979                     /usr/lib/x86_64-linux-gnu/libgdk_pixbuf-2.0.so.0.3000.7
7fb99d9e8000-7fb99d9e9000 rw-p 00020000 08:06 270979                     /usr/lib/x86_64-linux-gnu/libgdk_pixbuf-2.0.so.0.3000.7
7fb99d9f0000-7fb99da04000 r-xp 00000000 08:06 271467                     /usr/lib/x86_64-linux-gnu/libpangoft2-1.0.so.0.3600.3
7fb99da04000-7fb99dc03000 ---p 00014000 08:06 271467                     /usr/lib/x86_64-linux-gnu/libpangoft2-1.0.so.0.3600.3
7fb99dc03000-7fb99dc04000 r--p 00013000 08:06 271467                     /usr/lib/x86_64-linux-gnu/libpangoft2-1.0.so.0.3600.3
7fb99dc04000-7fb99dc05000 rw-p 00014000 08:06 271467                     /usr/lib/x86_64-linux-gnu/libpangoft2-1.0.so.0.3600.3
7fb99dc08000-7fb99dd74000 r-xp 00000000 08:06 271001                     /usr/lib/x86_64-linux-gnu/libgio-2.0.so.0.4002.0
7fb99dd74000-7fb99df73000 ---p 0016c000 08:06 271001                     /usr/lib/x86_64-linux-gnu/libgio-2.0.so.0.4002.0
7fb99df73000-7fb99df77000 r--p 0016b000 08:06 271001                     /usr/lib/x86_64-linux-gnu/libgio-2.0.so.0.4002.0
7fb99df77000-7fb99df79000 rw-p 0016f000 08:06 271001                     /usr/lib/x86_64-linux-gnu/libgio-2.0.so.0.4002.0
7fb99df79000-7fb99df7b000 rw-p 00000000 00:00 0 
7fb99df80000-7fb99df9f000 r-xp 00000000 08:06 270646                     /usr/lib/x86_64-linux-gnu/libatk-1.0.so.0.21009.1
7fb99df9f000-7fb99e19f000 ---p 0001f000 08:06 270646                     /usr/lib/x86_64-linux-gnu/libatk-1.0.so.0.21009.1
7fb99e19f000-7fb99e1a1000 r--p 0001f000 08:06 270646                     /usr/lib/x86_64-linux-gnu/libatk-1.0.so.0.21009.1
7fb99e1a1000-7fb99e1a2000 rw-p 00021000 08:06 270646                     /usr/lib/x86_64-linux-gnu/libatk-1.0.so.0.21009.1
7fb99e1a8000-7fb99e255000 r-xp 00000000 08:06 262704                     /usr/lib/x86_64-linux-gnu/libgdk-x11-2.0.so.0.2400.23
7fb99e255000-7fb99e455000 ---p 000ad000 08:06 262704                     /usr/lib/x86_64-linux-gnu/libgdk-x11-2.0.so.0.2400.23
7fb99e455000-7fb99e459000 r--p 000ad000 08:06 262704                     /usr/lib/x86_64-linux-gnu/libgdk-x11-2.0.so.0.2400.23
7fb99e459000-7fb99e45b000 rw-p 000b1000 08:06 262704                     /usr/lib/x86_64-linux-gnu/libgdk-x11-2.0.so.0.2400.23
7fb99e460000-7fb99e890000 r-xp 00000000 08:06 265442                     /usr/lib/x86_64-linux-gnu/libgtk-x11-2.0.so.0.2400.23
7fb99e890000-7fb99ea8f000 ---p 00430000 08:06 265442                     /usr/lib/x86_64-linux-gnu/libgtk-x11-2.0.so.0.2400.23
7fb99ea8f000-7fb99ea96000 r--p 0042f000 08:06 265442                     /usr/lib/x86_64-linux-gnu/libgtk-x11-2.0.so.0.2400.23
7fb99ea96000-7fb99ea9a000 rw-p 00436000 08:06 265442                     /usr/lib/x86_64-linux-gnu/libgtk-x11-2.0.so.0.2400.23
7fb99ea9a000-7fb99ea9d000 rw-p 00000000 00:00 0 
7fb99eaa0000-7fb99eaac000 r-xp 00000000 08:06 10486192                   /usr/lib/jvm/jdk1.8.0_111/jre/lib/amd64/libprism_es2.so
7fb99eaac000-7fb99ecab000 ---p 0000c000 08:06 10486192                   /usr/lib/jvm/jdk1.8.0_111/jre/lib/amd64/libprism_es2.so
7fb99ecab000-7fb99ecac000 rw-p 0000b000 08:06 10486192                   /usr/lib/jvm/jdk1.8.0_111/jre/lib/amd64/libprism_es2.so
7fb99ecb2000-7fb99ecb5000 ---p 00000000 00:00 0 
7fb99ecb5000-7fb99edb3000 rw-p 00000000 00:00 0                          [stack:8255]
7fb99edb3000-7fb99edb4000 ---p 00000000 00:00 0 
7fb99edb4000-7fb99eeb4000 rw-p 00000000 00:00 0                          [stack:8250]
7fb99eeb4000-7fb99eeb7000 ---p 00000000 00:00 0 
7fb99eeb7000-7fb99efb5000 rw-p 00000000 00:00 0                          [stack:8249]
7fb99efb5000-7fb99efb8000 ---p 00000000 00:00 0 
7fb99efb8000-7fb99f0b6000 rw-p 00000000 00:00 0                          [stack:8248]
7fb99f0b6000-7fb99f0b9000 ---p 00000000 00:00 0 
7fb99f0b9000-7fb99f1b7000 rw-p 00000000 00:00 0                          [stack:8245]
7fb99f1b7000-7fb99f1ba000 ---p 00000000 00:00 0 
7fb99f1ba000-7fb99f2b8000 rw-p 00000000 00:00 0                          [stack:8244]
7fb99f2b8000-7fb99f7f6000 r--p 00000000 08:06 269140                     /usr/lib/locale/locale-archive
7fb99f7f8000-7fb99f7fb000 ---p 00000000 00:00 0 
7fb99f7fb000-7fb99f8f9000 rw-p 00000000 00:00 0                          [stack:8224]
7fb99f8f9000-7fb99f8fc000 ---p 00000000 00:00 0 
7fb99f8fc000-7fb99f9fa000 rw-p 00000000 00:00 0                          [stack:8223]
7fb99f9fa000-7fb99f9fb000 ---p 00000000 00:00 0 
7fb99f9fb000-7fb9a0000000 rw-p 00000000 00:00 0                          [stack:8222]
7fb9a0000000-7fb9a0290000 rw-p 00000000 00:00 0 
7fb9a0290000-7fb9a4000000 ---p 00000000 00:00 0 
7fb9a4000000-7fb9a4001000 r--s 00000000 08:06 3801389                    /var/cache/fontconfig/0c9eb80ebd1c36541ebe2852d3bb0c49-le64.cache-4
7fb9a4008000-7fb9a400a000 rw-s 00000000 08:06 131095                     /tmp/.gl7nSVso (deleted)
7fb9a400b000-7fb9a40bf000 rw-s 22218b000 00:06 11833                     /dev/nvidiactl
7fb9a40c6000-7fb9a44ca000 rw-p 00000000 00:00 0 
7fb9a44ca000-7fb9a46a2000 r--s 03d2a000 08:06 10486172                   /usr/lib/jvm/jdk1.8.0_111/jre/lib/rt.jar
7fb9a46a8000-7fb9a9000000 rw-p 00000000 00:00 0 
7fb9a9000000-7fb9a96c0000 rwxp 00000000 00:00 0 
7fb9a96c0000-7fb9b8000000 ---p 00000000 00:00 0 
7fb9b8000000-7fb9b8473000 rw-p 00000000 00:00 0 
7fb9b8473000-7fb9bc000000 ---p 00000000 00:00 0 
7fb9bc006000-7fb9bc019000 rw-s 167f0e000 00:06 11833                     /dev/nvidiactl
7fb9bc01d000-7fb9bc01e000 rw-s 167cf5000 00:06 11833                     /dev/nvidiactl
7fb9bc01f000-7fb9bc023000 rw-s 167c0f000 00:06 11833                     /dev/nvidiactl
7fb9bc023000-7fb9bc0b9000 r--s 01103000 08:06 10486256                   /usr/lib/jvm/jdk1.8.0_111/jre/lib/ext/jfxrt.jar
7fb9bc0bf000-7fb9bc135000 rw-p 00000000 00:00 0 
7fb9bc135000-7fb9bc136000 ---p 00000000 00:00 0 
7fb9bc136000-7fb9bc236000 rw-p 00000000 00:00 0                          [stack:8221]
7fb9bc236000-7fb9bc237000 ---p 00000000 00:00 0 
7fb9bc237000-7fb9bc361000 rw-p 00000000 00:00 0                          [stack:8219]
7fb9bc361000-7fb9bc5c7000 ---p 00000000 00:00 0 
7fb9bc5c7000-7fb9bc5f1000 rw-p 00000000 00:00 0 
7fb9bc5f1000-7fb9bc857000 ---p 00000000 00:00 0 
7fb9bc857000-7fb9bc86c000 rw-p 00000000 00:00 0 
7fb9bc86c000-7fb9bc99f000 ---p 00000000 00:00 0 
7fb9bc99f000-7fb9bc9bb000 rw-p 00000000 00:00 0 
7fb9bc9bb000-7fb9bcd60000 ---p 00000000 00:00 0 
7fb9bcd60000-7fb9bcd7a000 r-xp 00000000 08:06 10486203                   /usr/lib/jvm/jdk1.8.0_111/jre/lib/amd64/libzip.so
7fb9bcd7a000-7fb9bcf7a000 ---p 0001a000 08:06 10486203                   /usr/lib/jvm/jdk1.8.0_111/jre/lib/amd64/libzip.so
7fb9bcf7a000-7fb9bcf7b000 rw-p 0001a000 08:06 10486203                   /usr/lib/jvm/jdk1.8.0_111/jre/lib/amd64/libzip.so
7fb9bcf80000-7fb9bcf8b000 r-xp 00000000 08:06 11273355                   /lib/x86_64-linux-gnu/libnss_files-2.19.so
7fb9bcf8b000-7fb9bd18a000 ---p 0000b000 08:06 11273355                   /lib/x86_64-linux-gnu/libnss_files-2.19.so
7fb9bd18a000-7fb9bd18b000 r--p 0000a000 08:06 11273355                   /lib/x86_64-linux-gnu/libnss_files-2.19.so
7fb9bd18b000-7fb9bd18c000 rw-p 0000b000 08:06 11273355                   /lib/x86_64-linux-gnu/libnss_files-2.19.so
7fb9bd190000-7fb9bd19b000 r-xp 00000000 08:06 11273318                   /lib/x86_64-linux-gnu/libnss_nis-2.19.so
7fb9bd19b000-7fb9bd39a000 ---p 0000b000 08:06 11273318                   /lib/x86_64-linux-gnu/libnss_nis-2.19.so
7fb9bd39a000-7fb9bd39b000 r--p 0000a000 08:06 11273318                   /lib/x86_64-linux-gnu/libnss_nis-2.19.so
7fb9bd39b000-7fb9bd39c000 rw-p 0000b000 08:06 11273318                   /lib/x86_64-linux-gnu/libnss_nis-2.19.so
7fb9bd3a0000-7fb9bd3b7000 r-xp 00000000 08:06 11273308                   /lib/x86_64-linux-gnu/libnsl-2.19.so
7fb9bd3b7000-7fb9bd5b6000 ---p 00017000 08:06 11273308                   /lib/x86_64-linux-gnu/libnsl-2.19.so
7fb9bd5b6000-7fb9bd5b7000 r--p 00016000 08:06 11273308                   /lib/x86_64-linux-gnu/libnsl-2.19.so
7fb9bd5b7000-7fb9bd5b8000 rw-p 00017000 08:06 11273308                   /lib/x86_64-linux-gnu/libnsl-2.19.so
7fb9bd5b8000-7fb9bd5ba000 rw-p 00000000 00:00 0 
7fb9bd5c0000-7fb9bd5c9000 r-xp 00000000 08:06 11273302                   /lib/x86_64-linux-gnu/libnss_compat-2.19.so
7fb9bd5c9000-7fb9bd7c8000 ---p 00009000 08:06 11273302                   /lib/x86_64-linux-gnu/libnss_compat-2.19.so
7fb9bd7c8000-7fb9bd7c9000 r--p 00008000 08:06 11273302                   /lib/x86_64-linux-gnu/libnss_compat-2.19.so
7fb9bd7c9000-7fb9bd7ca000 rw-p 00009000 08:06 11273302                   /lib/x86_64-linux-gnu/libnss_compat-2.19.so
7fb9bd7d0000-7fb9bd7fb000 r-xp 00000000 08:06 10486230                   /usr/lib/jvm/jdk1.8.0_111/jre/lib/amd64/libjava.so
7fb9bd7fb000-7fb9bd9fa000 ---p 0002b000 08:06 10486230                   /usr/lib/jvm/jdk1.8.0_111/jre/lib/amd64/libjava.so
7fb9bd9fa000-7fb9bd9fc000 rw-p 0002a000 08:06 10486230                   /usr/lib/jvm/jdk1.8.0_111/jre/lib/amd64/libjava.so
7fb9bda00000-7fb9bda0d000 r-xp 00000000 08:06 10486181                   /usr/lib/jvm/jdk1.8.0_111/jre/lib/amd64/libverify.so
7fb9bda0d000-7fb9bdc0c000 ---p 0000d000 08:06 10486181                   /usr/lib/jvm/jdk1.8.0_111/jre/lib/amd64/libverify.so
7fb9bdc0c000-7fb9bdc0e000 rw-p 0000c000 08:06 10486181                   /usr/lib/jvm/jdk1.8.0_111/jre/lib/amd64/libverify.so
7fb9bdc10000-7fb9bdc17000 r-xp 00000000 08:06 11273343                   /lib/x86_64-linux-gnu/librt-2.19.so
7fb9bdc17000-7fb9bde16000 ---p 00007000 08:06 11273343                   /lib/x86_64-linux-gnu/librt-2.19.so
7fb9bde16000-7fb9bde17000 r--p 00006000 08:06 11273343                   /lib/x86_64-linux-gnu/librt-2.19.so
7fb9bde17000-7fb9bde18000 rw-p 00007000 08:06 11273343                   /lib/x86_64-linux-gnu/librt-2.19.so
7fb9bde18000-7fb9bdf1d000 r-xp 00000000 08:06 11273293                   /lib/x86_64-linux-gnu/libm-2.19.so
7fb9bdf1d000-7fb9be11c000 ---p 00105000 08:06 11273293                   /lib/x86_64-linux-gnu/libm-2.19.so
7fb9be11c000-7fb9be11d000 r--p 00104000 08:06 11273293                   /lib/x86_64-linux-gnu/libm-2.19.so
7fb9be11d000-7fb9be11e000 rw-p 00105000 08:06 11273293                   /lib/x86_64-linux-gnu/libm-2.19.so
7fb9be120000-7fb9beded000 r-xp 00000000 08:06 10486234                   /usr/lib/jvm/jdk1.8.0_111/jre/lib/amd64/server/libjvm.so
7fb9beded000-7fb9befec000 ---p 00ccd000 08:06 10486234                   /usr/lib/jvm/jdk1.8.0_111/jre/lib/amd64/server/libjvm.so
7fb9befec000-7fb9bf0c5000 rw-p 00ccc000 08:06 10486234                   /usr/lib/jvm/jdk1.8.0_111/jre/lib/amd64/server/libjvm.so
7fb9bf0c5000-7fb9bf110000 rw-p 00000000 00:00 0 
7fb9bf110000-7fb9bf2cb000 r-xp 00000000 08:06 11273344                   /lib/x86_64-linux-gnu/libc-2.19.so
7fb9bf2cb000-7fb9bf4ca000 ---p 001bb000 08:06 11273344                   /lib/x86_64-linux-gnu/libc-2.19.so
7fb9bf4ca000-7fb9bf4ce000 r--p 001ba000 08:06 11273344                   /lib/x86_64-linux-gnu/libc-2.19.so
7fb9bf4ce000-7fb9bf4d0000 rw-p 001be000 08:06 11273344                   /lib/x86_64-linux-gnu/libc-2.19.so
7fb9bf4d0000-7fb9bf4d5000 rw-p 00000000 00:00 0 
7fb9bf4d8000-7fb9bf4db000 r-xp 00000000 08:06 11273295                   /lib/x86_64-linux-gnu/libdl-2.19.so
7fb9bf4db000-7fb9bf6da000 ---p 00003000 08:06 11273295                   /lib/x86_64-linux-gnu/libdl-2.19.so
7fb9bf6da000-7fb9bf6db000 r--p 00002000 08:06 11273295                   /lib/x86_64-linux-gnu/libdl-2.19.so
7fb9bf6db000-7fb9bf6dc000 rw-p 00003000 08:06 11273295                   /lib/x86_64-linux-gnu/libdl-2.19.so
7fb9bf6e0000-7fb9bf6f5000 r-xp 00000000 08:06 10486219                   /usr/lib/jvm/jdk1.8.0_111/jre/lib/amd64/jli/libjli.so
7fb9bf6f5000-7fb9bf8f5000 ---p 00015000 08:06 10486219                   /usr/lib/jvm/jdk1.8.0_111/jre/lib/amd64/jli/libjli.so
7fb9bf8f5000-7fb9bf8f6000 rw-p 00015000 08:06 10486219                   /usr/lib/jvm/jdk1.8.0_111/jre/lib/amd64/jli/libjli.so
7fb9bf8f8000-7fb9bf911000 r-xp 00000000 08:06 11273309                   /lib/x86_64-linux-gnu/libpthread-2.19.so
7fb9bf911000-7fb9bfb10000 ---p 00019000 08:06 11273309                   /lib/x86_64-linux-gnu/libpthread-2.19.so
7fb9bfb10000-7fb9bfb11000 r--p 00018000 08:06 11273309                   /lib/x86_64-linux-gnu/libpthread-2.19.so
7fb9bfb11000-7fb9bfb12000 rw-p 00019000 08:06 11273309                   /lib/x86_64-linux-gnu/libpthread-2.19.so
7fb9bfb12000-7fb9bfb16000 rw-p 00000000 00:00 0 
7fb9bfb18000-7fb9bfb3b000 r-xp 00000000 08:06 11273314                   /lib/x86_64-linux-gnu/ld-2.19.so
7fb9bfb40000-7fb9bfb41000 rw-s fd060000 00:06 11834                      /dev/nvidia0
7fb9bfb46000-7fb9bfb47000 rw-s cfee6000 00:06 11834                      /dev/nvidia0
7fb9bfb4e000-7fb9bfb4f000 rw-s cfee6000 00:06 11834                      /dev/nvidia0
7fb9bfb51000-7fb9bfb52000 rw-s fd641000 00:06 11834                      /dev/nvidia0
7fb9bfb54000-7fb9bfb55000 rw-s 222edc000 00:06 11833                     /dev/nvidiactl
7fb9bfb57000-7fb9bfb58000 rw-s 43cbf000 00:06 11833                      /dev/nvidiactl
7fb9bfb59000-7fb9bfb5b000 r--s 00019000 08:06 10360236                   /home/xmbeat/NetBeansProjects/FingerprintLogin/dist/run1004415549/FingerprintLogin.jar
7fb9bfb5c000-7fb9bfc30000 rw-p 00000000 00:00 0 
7fb9bfc30000-7fb9bfc38000 rw-s 00000000 08:06 1185733                    /tmp/hsperfdata_xmbeat/8215
7fb9bfc38000-7fb9bfc39000 rw-p 00000000 00:00 0 
7fb9bfc39000-7fb9bfc3c000 ---p 00000000 00:00 0 
7fb9bfc3c000-7fb9bfd3a000 rw-p 00000000 00:00 0                          [stack:8217]
7fb9bfd3a000-7fb9bfd3b000 r--p 00022000 08:06 11273314                   /lib/x86_64-linux-gnu/ld-2.19.so
7fb9bfd3b000-7fb9bfd3c000 rw-p 00023000 08:06 11273314                   /lib/x86_64-linux-gnu/ld-2.19.so
7fb9bfd3c000-7fb9bfd3d000 rw-p 00000000 00:00 0 
7fb9bfd3d000-7fb9bfd3e000 ---p 00000000 00:00 0 
7fb9bfd3e000-7fb9bfd44000 rw-p 00000000 00:00 0 
7fff09ee3000-7fff09f04000 rw-p 00000000 00:00 0                          [stack]
7fff09f70000-7fff09f72000 r--p 00000000 00:00 0                          [vvar]
7fff09f72000-7fff09f74000 r-xp 00000000 00:00 0                          [vdso]
ffffffffff600000-ffffffffff601000 r-xp 00000000 00:00 0                  [vsyscall]

VM Arguments:
jvm_args: -Dfile.encoding=UTF-8 
java_command: /home/xmbeat/NetBeansProjects/FingerprintLogin/dist/run1004415549/FingerprintLogin.jar
java_class_path (initial): /home/xmbeat/NetBeansProjects/FingerprintLogin/dist/run1004415549/FingerprintLogin.jar
Launcher Type: SUN_STANDARD

Environment Variables:
PATH=/home/xmbeat/bin:/usr/local/sbin:/usr/local/bin:/usr/sbin:/usr/bin:/sbin:/bin:/usr/games:/usr/local/games
USERNAME=xmbeat
LD_LIBRARY_PATH=/usr/lib/jvm/jdk1.8.0_111/jre/lib/amd64:/usr/lib/jvm/jdk1.8.0_111/jre/lib/i386:
SHELL=/bin/bash
DISPLAY=:0

Signal Handlers:
SIGSEGV: [libjvm.so+0xac64b0], sa_mask[0]=11111111011111111101111111111110, sa_flags=SA_RESTART|SA_SIGINFO
SIGBUS: [libjvm.so+0xac64b0], sa_mask[0]=11111111011111111101111111111110, sa_flags=SA_RESTART|SA_SIGINFO
SIGFPE: [libjvm.so+0x91f950], sa_mask[0]=11111111011111111101111111111110, sa_flags=SA_RESTART|SA_SIGINFO
SIGPIPE: SIG_IGN, sa_mask[0]=00000000000010000000000000000000, sa_flags=SA_RESTART
SIGXFSZ: [libjvm.so+0x91f950], sa_mask[0]=11111111011111111101111111111110, sa_flags=SA_RESTART|SA_SIGINFO
SIGILL: [libjvm.so+0x91f950], sa_mask[0]=11111111011111111101111111111110, sa_flags=SA_RESTART|SA_SIGINFO
SIGUSR1: SIG_DFL, sa_mask[0]=00000000000000000000000000000000, sa_flags=none
SIGUSR2: [libjvm.so+0x920f80], sa_mask[0]=00100000000000000000000000000000, sa_flags=SA_RESTART|SA_SIGINFO
SIGHUP: [libjvm.so+0x922380], sa_mask[0]=11111111011111111101111111111110, sa_flags=SA_RESTART|SA_SIGINFO
SIGINT: SIG_IGN, sa_mask[0]=00000000000000000000000000000000, sa_flags=none
SIGTERM: [libjvm.so+0x922380], sa_mask[0]=11111111011111111101111111111110, sa_flags=SA_RESTART|SA_SIGINFO
SIGQUIT: [libjvm.so+0x922380], sa_mask[0]=11111111011111111101111111111110, sa_flags=SA_RESTART|SA_SIGINFO


---------------  S Y S T E M  ---------------

OS:DISTRIB_ID=LinuxMint
DISTRIB_RELEASE=17.3
DISTRIB_CODENAME=rosa
DISTRIB_DESCRIPTION="Linux Mint 17.3 Rosa"

uname:Linux 3.19.0-32-generic #37~14.04.1-Ubuntu SMP Thu Oct 22 09:41:40 UTC 2015 x86_64
libc:glibc 2.19 NPTL 2.19 
rlimit: STACK 8192k, CORE 0k, NPROC 31347, NOFILE 4096, AS infinity
load average:1.52 1.76 2.06

/proc/meminfo:
MemTotal:        8056656 kB
MemFree:         2513224 kB
MemAvailable:    4497364 kB
Buffers:          166984 kB
Cached:          2038748 kB
SwapCached:            0 kB
Active:          3816860 kB
Inactive:        1380516 kB
Active(anon):    2994112 kB
Inactive(anon):   113832 kB
Active(file):     822748 kB
Inactive(file):  1266684 kB
Unevictable:           0 kB
Mlocked:               0 kB
SwapTotal:       3998716 kB
SwapFree:        3998716 kB
Dirty:              4896 kB
Writeback:             0 kB
AnonPages:       2993800 kB
Mapped:           643964 kB
Shmem:            116304 kB
Slab:             159604 kB
SReclaimable:     127284 kB
SUnreclaim:        32320 kB
KernelStack:        9504 kB
PageTables:        38228 kB
NFS_Unstable:          0 kB
Bounce:                0 kB
WritebackTmp:          0 kB
CommitLimit:     8027044 kB
Committed_AS:    6831172 kB
VmallocTotal:   34359738367 kB
VmallocUsed:      320996 kB
VmallocChunk:   34359412860 kB
HardwareCorrupted:     0 kB
AnonHugePages:   1771520 kB
CmaTotal:              0 kB
CmaFree:               0 kB
HugePages_Total:       0
HugePages_Free:        0
HugePages_Rsvd:        0
HugePages_Surp:        0
Hugepagesize:       2048 kB
DirectMap4k:      271796 kB
DirectMap2M:     7014400 kB
DirectMap1G:     1048576 kB


CPU:total 2 (2 cores per cpu, 1 threads per core) family 21 model 19 stepping 1, cmov, cx8, fxsr, mmx, sse, sse2, sse3, ssse3, sse4.1, sse4.2, popcnt, avx, aes, clmul, mmxext, 3dnowpref, lzcnt, sse4a, tsc, tscinvbit, tscinv, bmi1

/proc/cpuinfo:
processor	: 0
vendor_id	: AuthenticAMD
cpu family	: 21
model		: 19
model name	: AMD A4-4000 APU with Radeon(tm) HD Graphics
stepping	: 1
microcode	: 0x6001119
cpu MHz		: 3000.000
cache size	: 1024 KB
physical id	: 0
siblings	: 2
core id		: 0
cpu cores	: 1
apicid		: 16
initial apicid	: 0
fpu		: yes
fpu_exception	: yes
cpuid level	: 13
wp		: yes
flags		: fpu vme de pse tsc msr pae mce cx8 apic sep mtrr pge mca cmov pat pse36 clflush mmx fxsr sse sse2 ht syscall nx mmxext fxsr_opt pdpe1gb rdtscp lm constant_tsc rep_good nopl nonstop_tsc extd_apicid aperfmperf pni pclmulqdq monitor ssse3 fma cx16 sse4_1 sse4_2 popcnt aes xsave avx f16c lahf_lm cmp_legacy svm extapic cr8_legacy abm sse4a misalignsse 3dnowprefetch osvw ibs xop skinit wdt lwp fma4 tce nodeid_msr tbm topoext perfctr_core perfctr_nb arat cpb hw_pstate npt lbrv svm_lock nrip_save tsc_scale vmcb_clean flushbyasid decodeassists pausefilter pfthreshold vmmcall bmi1
bugs		: fxsave_leak
bogomips	: 5988.89
TLB size	: 1536 4K pages
clflush size	: 64
cache_alignment	: 64
address sizes	: 48 bits physical, 48 bits virtual
power management: ts ttp tm 100mhzsteps hwpstate cpb eff_freq_ro

processor	: 1
vendor_id	: AuthenticAMD
cpu family	: 21
model		: 19
model name	: AMD A4-4000 APU with Radeon(tm) HD Graphics    
stepping	: 1
microcode	: 0x6001119
cpu MHz		: 3000.000
cache size	: 1024 KB
physical id	: 0
siblings	: 2
core id		: 1
cpu cores	: 1
apicid		: 17
initial apicid	: 1
fpu		: yes
fpu_exception	: yes
cpuid level	: 13
wp		: yes
flags		: fpu vme de pse tsc msr pae mce cx8 apic sep mtrr pge mca cmov pat pse36 clflush mmx fxsr sse sse2 ht syscall nx mmxext fxsr_opt pdpe1gb rdtscp lm constant_tsc rep_good nopl nonstop_tsc extd_apicid aperfmperf pni pclmulqdq monitor ssse3 fma cx16 sse4_1 sse4_2 popcnt aes xsave avx f16c lahf_lm cmp_legacy svm extapic cr8_legacy abm sse4a misalignsse 3dnowprefetch osvw ibs xop skinit wdt lwp fma4 tce nodeid_msr tbm topoext perfctr_core perfctr_nb arat cpb hw_pstate npt lbrv svm_lock nrip_save tsc_scale vmcb_clean flushbyasid decodeassists pausefilter pfthreshold vmmcall bmi1
bugs		: fxsave_leak
bogomips	: 5988.89
TLB size	: 1536 4K pages
clflush size	: 64
cache_alignment	: 64
address sizes	: 48 bits physical, 48 bits virtual
power management: ts ttp tm 100mhzsteps hwpstate cpb eff_freq_ro



Memory: 4k page, physical 8056656k(2513224k free), swap 3998716k(3998716k free)

vm_info: Java HotSpot(TM) 64-Bit Server VM (25.111-b14) for linux-amd64 JRE (1.8.0_111-b14), built on Sep 22 2016 16:14:03 by "java_re" with gcc 4.3.0 20080428 (Red Hat 4.3.0-8)

time: Mon Dec  5 21:44:33 2016
elapsed time: 5 seconds (0d 0h 0m 5s)

