#
# A fatal error has been detected by the Java Runtime Environment:
#
#  SIGSEGV (0xb) at pc=0x00007f36f9a283b5, pid=32416, tid=0x00007f36e44d5700
#
# JRE version: Java(TM) SE Runtime Environment (8.0_111-b14) (build 1.8.0_111-b14)
# Java VM: Java HotSpot(TM) 64-Bit Server VM (25.111-b14 mixed mode linux-amd64 compressed oops)
# Problematic frame:
# V  [libjvm.so+0x6483b5]  InstanceKlass::oop_follow_contents(ParCompactionManager*, oopDesc*)+0x2d5
#
# Failed to write core dump. Core dumps have been disabled. To enable core dumping, try "ulimit -c unlimited" before starting Java again
#
# If you would like to submit a bug report, please visit:
#   http://bugreport.java.com/bugreport/crash.jsp
#

---------------  T H R E A D  ---------------

Current thread (0x00007f36f4021000):  GCTaskThread [stack: 0x00007f36e43d5000,0x00007f36e44d6000] [id=32426]

siginfo: si_signo: 11 (SIGSEGV), si_code: 128 (SI_KERNEL), si_addr: 0x0000000000000000

Registers:
RAX=0x00007f36e0655000, RBX=0x0000000000000001, RCX=0x0000000000000000, RDX=0x007fffffffbd8000
RSP=0x00007f36e44d49e0, RBP=0x00007f36e44d4a40, RSI=0x0000000000000001, RDI=0x0000000100001ef8
R8 =0x00000000d9e137c4, R9 =0x0000000080000000, R10=0x0000000000000008, R11=0x00007f36fa39f200
R12=0x00007f36fa3a3220, R13=0x00000000d9e1378c, R14=0x00007f36f4021440, R15=0x00007f36f40b7e90
RIP=0x00007f36f9a283b5, EFLAGS=0x0000000000010216, CSGSFS=0x0000000000000033, ERR=0x0000000000000000
  TRAPNO=0x000000000000000d

Top of Stack: (sp=0x00007f36e44d49e0)
0x00007f36e44d49e0:   000000008560879c 00000000d9e13780
0x00007f36e44d49f0:   0000000100002178 0000000100002180
0x00007f36e44d4a00:   00007f36e44d4a20 00007f36f40b7ed0
0x00007f36e44d4a10:   00007f36fa3a3220 00000000d9e13780
0x00007f36e44d4a20:   00007f36f40b7e90 00007f36f40b7e90
0x00007f36e44d4a30:   00007f36f4021440 00007f36f40b7e90
0x00007f36e44d4a40:   00007f36e44d4aa0 00007f36f9a3c04c
0x00007f36e44d4a50:   0000000100001940 0000000100001940
0x00007f36e44d4a60:   00007f36fa357e28 00007f36f40b7ed0
0x00007f36e44d4a70:   0000000085608d98 00007f36fa39f200
0x00007f36e44d4a80:   00007f36f40b7e90 00007f36f40b7e90
0x00007f36e44d4a90:   00007f36f4021440 00007f36f9f2f7b8
0x00007f36e44d4aa0:   00007f36e44d4c30 00007f36f9d5a582
0x00007f36e44d4ab0:   00007f36f4021590 00007f36f4021868
0x00007f36e44d4ac0:   00007f36f40b7ea0 00007f36e44d4be0
0x00007f36e44d4ad0:   00007f36e44d4bb0 00007f36e44d4b90
0x00007f36e44d4ae0:   00007f36e44d4b80 00007f36e44d4b70
0x00007f36e44d4af0:   00007f36e44d4b60 00007f36e44d4b50
0x00007f36e44d4b00:   00007f36e44d4b60 00007f36f40b7f50
0x00007f36e44d4b10:   00000000da276f39 00007f36fa3a3390
0x00007f36e44d4b20:   00000000da26db75 00007f36f40f8320
0x00007f36e44d4b30:   00007f36e44d4b50 00000000da277290
0x00007f36e44d4b40:   00007f36f40b7ed0 00007f36e44d4bf8
0x00007f36e44d4b50:   0000000000000000 0000000000000003
0x00007f36e44d4b60:   00007f36e44d4be0 00007f36f9d6d43e
0x00007f36e44d4b70:   00007f36e44d4bf0 00007f36fa394159
0x00007f36e44d4b80:   0000000000000000 00007f36f40f82c0
0x00007f36e44d4b90:   00007f36e44d4bf0 00007f36f9a2f5f0
0x00007f36e44d4ba0:   00007f36f4022028 0000000000000000
0x00007f36e44d4bb0:   00007f36fabc38a4 00000000da2771ac
0x00007f36e44d4bc0:   00007f36f40f82c0 00007f36fa36fc70
0x00007f36e44d4bd0:   00000000855c06a0 00007f36f40b7e90 

Instructions: (pc=0x00007f36f9a283b5)
0x00007f36f9a28395:   49 8b 44 24 30 48 c1 ee 03 48 d3 ee 48 89 f2 89
0x00007f36f9a283a5:   f1 be 01 00 00 00 83 e1 3f 48 c1 ea 06 48 d3 e6
0x00007f36f9a283b5:   48 85 34 d0 75 95 48 8b 05 6e ad 92 00 0f b6 10
0x00007f36f9a283c5:   84 d2 0f 85 b3 01 00 00 48 8b 7b 08 8b 77 08 83 

Register to memory mapping:

RAX=0x00007f36e0655000 is an unknown value
RBX=0x0000000000000001 is an unknown value
RCX=0x0000000000000000 is an unknown value
RDX=0x007fffffffbd8000 is an unknown value
RSP=0x00007f36e44d49e0 is an unknown value
RBP=0x00007f36e44d4a40 is an unknown value
RSI=0x0000000000000001 is an unknown value
RDI=0x0000000100001ef8 is pointing into metadata
R8 =0x00000000d9e137c4 is an unknown value
R9 =0x0000000080000000 is an unknown value
R10=0x0000000000000008 is an unknown value
R11=0x00007f36fa39f200: <offset 0xfbf200> in /usr/lib/jvm/jdk1.8.0_111/jre/lib/amd64/server/libjvm.so at 0x00007f36f93e0000
R12=0x00007f36fa3a3220: <offset 0xfc3220> in /usr/lib/jvm/jdk1.8.0_111/jre/lib/amd64/server/libjvm.so at 0x00007f36f93e0000
R13=0x00000000d9e1378c is an unknown value
R14=0x00007f36f4021440 is an unknown value
R15=0x00007f36f40b7e90 is an unknown value


Stack: [0x00007f36e43d5000,0x00007f36e44d6000],  sp=0x00007f36e44d49e0,  free space=1022k
Native frames: (J=compiled Java code, j=interpreted, Vv=VM code, C=native code)
V  [libjvm.so+0x6483b5]  InstanceKlass::oop_follow_contents(ParCompactionManager*, oopDesc*)+0x2d5
V  [libjvm.so+0x65c04c]  InstanceMirrorKlass::oop_follow_contents(ParCompactionManager*, oopDesc*)+0x1c
V  [libjvm.so+0x97a582]  ParCompactionManager::follow_marking_stacks()+0x232
V  [libjvm.so+0x95fae8]  MarkFromRootsTask::do_it(GCTaskManager*, unsigned int)+0x88
V  [libjvm.so+0x5d729f]  GCTaskThread::run()+0x12f
V  [libjvm.so+0x924ea8]  java_start(Thread*)+0x108


---------------  P R O C E S S  ---------------

Java Threads: ( => current thread )
  0x00007f369823a000 JavaThread "Java2D Disposer" daemon [_thread_blocked, id=32689, stack(0x00007f36a7f7c000,0x00007f36a807d000)]
  0x00007f369c016800 JavaThread "Thread-4" daemon [_thread_blocked, id=32605, stack(0x00007f36a4037000,0x00007f36a4138000)]
  0x00007f36983ae800 JavaThread "Prism Font Disposer" daemon [_thread_blocked, id=32510, stack(0x00007f36a6373000,0x00007f36a6474000)]
  0x00007f36f42ff000 JavaThread "JavaFX-Launcher" [_thread_blocked, id=32463, stack(0x00007f36a784f000,0x00007f36a7950000)]
  0x00007f36f42fb800 JavaThread "JavaFX Application Thread" [_thread_blocked, id=32458, stack(0x00007f36a7956000,0x00007f36a7a57000)]
  0x00007f36f42f7800 JavaThread "Thread-1" daemon [_thread_blocked, id=32457, stack(0x00007f36a7a57000,0x00007f36a7b58000)]
  0x00007f36f42a1000 JavaThread "QuantumRenderer-0" daemon [_thread_blocked, id=32456, stack(0x00007f36de042000,0x00007f36de143000)]
  0x00007f36f414b000 JavaThread "Service Thread" daemon [_thread_blocked, id=32451, stack(0x00007f36de2dc000,0x00007f36de3dd000)]
  0x00007f36f413e800 JavaThread "C1 CompilerThread1" daemon [_thread_blocked, id=32448, stack(0x00007f36de3dd000,0x00007f36de4de000)]
  0x00007f36f413b800 JavaThread "C2 CompilerThread0" daemon [_thread_blocked, id=32447, stack(0x00007f36de4de000,0x00007f36de5df000)]
  0x00007f36f413a000 JavaThread "Signal Dispatcher" daemon [_thread_blocked, id=32446, stack(0x00007f36de5df000,0x00007f36de6e0000)]
  0x00007f36f4107000 JavaThread "Finalizer" daemon [_thread_blocked, id=32430, stack(0x00007f36dec1e000,0x00007f36ded1f000)]
  0x00007f36f4102800 JavaThread "Reference Handler" daemon [_thread_blocked, id=32429, stack(0x00007f36ded1f000,0x00007f36dee20000)]
  0x00007f36f400a000 JavaThread "main" [_thread_blocked, id=32418, stack(0x00007f36faef7000,0x00007f36faff8000)]

Other Threads:
  0x00007f36f40fa800 VMThread [stack: 0x00007f36dee20000,0x00007f36def21000] [id=32428]
  0x00007f36f4156800 WatcherThread [stack: 0x00007f36de1db000,0x00007f36de2dc000] [id=32453]

=>0x00007f36f4021000 (exited) GCTaskThread [stack: 0x00007f36e43d5000,0x00007f36e44d6000] [id=32426]

VM state:at safepoint (normal execution)

VM Mutex/Monitor currently owned by a thread:  ([mutex/lock_event])
[0x00007f36f4006220] Threads_lock - owner thread: 0x00007f36f40fa800
[0x00007f36f4006720] Heap_lock - owner thread: 0x00007f36f42fb800

Heap:
 PSYoungGen      total 46592K, used 5106K [0x00000000d7000000, 0x00000000dad00000, 0x0000000100000000)
  eden space 41472K, 0% used [0x00000000d7000000,0x00000000d7000000,0x00000000d9880000)
  from space 5120K, 99% used [0x00000000d9d80000,0x00000000da27caa8,0x00000000da280000)
  to   space 5120K, 0% used [0x00000000d9880000,0x00000000d9880000,0x00000000d9d80000)
 ParOldGen       total 70144K, used 46085K [0x0000000085000000, 0x0000000089480000, 0x00000000d7000000)
  object space 70144K, 65% used [0x0000000085000000,0x0000000087d014b0,0x0000000089480000)
 Metaspace       used 24515K, capacity 26002K, committed 26368K, reserved 1071104K
  class space    used 3414K, capacity 3716K, committed 3840K, reserved 1048576K

Card table byte_map: [0x00007f36e4867000,0x00007f36e4c40000] byte_map_base: 0x00007f36e443f000

Marking Bits: (ParMarkBitMap*) 0x00007f36fa3a3220
 Begin Bits: [0x00007f36e0655000, 0x00007f36e2515000)
 End Bits:   [0x00007f36e2515000, 0x00007f36e43d5000)

Polling page: 0x00007f36faef6000

CodeCache: size=245760Kb used=11804Kb max_used=11816Kb free=233955Kb
 bounds [0x00007f36e5000000, 0x00007f36e5ba0000, 0x00007f36f4000000]
 total_blobs=4508 nmethods=3711 adapters=710
 compilation: enabled

Compilation events (10 events):
Event: 20.240 Thread 0x00007f36f413b800 3739       4       java.util.zip.InflaterInputStream::available (15 bytes)
Event: 20.240 Thread 0x00007f36f413b800 nmethod 3739 0x00007f36e5b84410 code [0x00007f36e5b84560, 0x00007f36e5b845f8]
Event: 20.244 Thread 0x00007f36f413b800 3740  s    4       java.io.ByteArrayInputStream::read (101 bytes)
Event: 20.249 Thread 0x00007f36f413b800 nmethod 3740 0x00007f36e5b83b50 code [0x00007f36e5b83cc0, 0x00007f36e5b841f8]
Event: 20.252 Thread 0x00007f36f413e800 3741       3       java.util.Vector::<init> (49 bytes)
Event: 20.252 Thread 0x00007f36f413e800 nmethod 3741 0x00007f36e5b84b10 code [0x00007f36e5b84d00, 0x00007f36e5b856f8]
Event: 20.253 Thread 0x00007f36f413e800 3742       3       java.util.Vector::<init> (7 bytes)
Event: 20.253 Thread 0x00007f36f413e800 nmethod 3742 0x00007f36e5b84790 code [0x00007f36e5b84900, 0x00007f36e5b84a88]
Event: 20.262 Thread 0x00007f36f413e800 3743       3       java.util.Vector::<init> (7 bytes)
Event: 20.262 Thread 0x00007f36f413e800 nmethod 3743 0x00007f36e5b83710 code [0x00007f36e5b83880, 0x00007f36e5b83a68]

GC Heap History (10 events):
Event: 1.962 GC heap after
Heap after GC invocations=1 (full 0):
 PSYoungGen      total 36864K, used 4241K [0x00000000d7000000, 0x00000000d9900000, 0x0000000100000000)
  eden space 31744K, 0% used [0x00000000d7000000,0x00000000d7000000,0x00000000d8f00000)
  from space 5120K, 82% used [0x00000000d8f00000,0x00000000d9324788,0x00000000d9400000)
  to   space 5120K, 0% used [0x00000000d9400000,0x00000000d9400000,0x00000000d9900000)
 ParOldGen       total 84992K, used 72K [0x0000000085000000, 0x000000008a300000, 0x00000000d7000000)
  object space 84992K, 0% used [0x0000000085000000,0x0000000085012010,0x000000008a300000)
 Metaspace       used 11895K, capacity 12356K, committed 12544K, reserved 1060864K
  class space    used 1590K, capacity 1729K, committed 1792K, reserved 1048576K
}
Event: 5.581 GC heap before
{Heap before GC invocations=2 (full 0):
 PSYoungGen      total 36864K, used 34897K [0x00000000d7000000, 0x00000000d9900000, 0x0000000100000000)
  eden space 31744K, 96% used [0x00000000d7000000,0x00000000d8defd60,0x00000000d8f00000)
  from space 5120K, 82% used [0x00000000d8f00000,0x00000000d9324788,0x00000000d9400000)
  to   space 5120K, 0% used [0x00000000d9400000,0x00000000d9400000,0x00000000d9900000)
 ParOldGen       total 84992K, used 72K [0x0000000085000000, 0x000000008a300000, 0x00000000d7000000)
  object space 84992K, 0% used [0x0000000085000000,0x0000000085012010,0x000000008a300000)
 Metaspace       used 19793K, capacity 21166K, committed 21248K, reserved 1067008K
  class space    used 2992K, capacity 3280K, committed 3328K, reserved 1048576K
Event: 5.614 GC heap after
Heap after GC invocations=2 (full 0):
 PSYoungGen      total 36864K, used 5088K [0x00000000d7000000, 0x00000000d9900000, 0x0000000100000000)
  eden space 31744K, 0% used [0x00000000d7000000,0x00000000d7000000,0x00000000d8f00000)
  from space 5120K, 99% used [0x00000000d9400000,0x00000000d98f8068,0x00000000d9900000)
  to   space 5120K, 0% used [0x00000000d8f00000,0x00000000d8f00000,0x00000000d9400000)
 ParOldGen       total 84992K, used 6001K [0x0000000085000000, 0x000000008a300000, 0x00000000d7000000)
  object space 84992K, 7% used [0x0000000085000000,0x00000000855dc5e8,0x000000008a300000)
 Metaspace       used 19793K, capacity 21166K, committed 21248K, reserved 1067008K
  class space    used 2992K, capacity 3280K, committed 3328K, reserved 1048576K
}
Event: 5.614 GC heap before
{Heap before GC invocations=3 (full 1):
 PSYoungGen      total 36864K, used 5088K [0x00000000d7000000, 0x00000000d9900000, 0x0000000100000000)
  eden space 31744K, 0% used [0x00000000d7000000,0x00000000d7000000,0x00000000d8f00000)
  from space 5120K, 99% used [0x00000000d9400000,0x00000000d98f8068,0x00000000d9900000)
  to   space 5120K, 0% used [0x00000000d8f00000,0x00000000d8f00000,0x00000000d9400000)
 ParOldGen       total 84992K, used 6001K [0x0000000085000000, 0x000000008a300000, 0x00000000d7000000)
  object space 84992K, 7% used [0x0000000085000000,0x00000000855dc5e8,0x000000008a300000)
 Metaspace       used 19793K, capacity 21166K, committed 21248K, reserved 1067008K
  class space    used 2992K, capacity 3280K, committed 3328K, reserved 1048576K
Event: 5.696 GC heap after
Heap after GC invocations=3 (full 1):
 PSYoungGen      total 36864K, used 0K [0x00000000d7000000, 0x00000000d9900000, 0x0000000100000000)
  eden space 31744K, 0% used [0x00000000d7000000,0x00000000d7000000,0x00000000d8f00000)
  from space 5120K, 0% used [0x00000000d9400000,0x00000000d9400000,0x00000000d9900000)
  to   space 5120K, 0% used [0x00000000d8f00000,0x00000000d8f00000,0x00000000d9400000)
 ParOldGen       total 70144K, used 10951K [0x0000000085000000, 0x0000000089480000, 0x00000000d7000000)
  object space 70144K, 15% used [0x0000000085000000,0x0000000085ab1e98,0x0000000089480000)
 Metaspace       used 19793K, capacity 21166K, committed 21248K, reserved 1067008K
  class space    used 2992K, capacity 3280K, committed 3328K, reserved 1048576K
}
Event: 19.857 GC heap before
{Heap before GC invocations=4 (full 1):
 PSYoungGen      total 36864K, used 27833K [0x00000000d7000000, 0x00000000d9900000, 0x0000000100000000)
  eden space 31744K, 87% used [0x00000000d7000000,0x00000000d8b2e4f0,0x00000000d8f00000)
  from space 5120K, 0% used [0x00000000d9400000,0x00000000d9400000,0x00000000d9900000)
  to   space 5120K, 0% used [0x00000000d8f00000,0x00000000d8f00000,0x00000000d9400000)
 ParOldGen       total 70144K, used 10951K [0x0000000085000000, 0x0000000089480000, 0x00000000d7000000)
  object space 70144K, 15% used [0x0000000085000000,0x0000000085ab1e98,0x0000000089480000)
 Metaspace       used 24421K, capacity 25938K, committed 26112K, reserved 1071104K
  class space    used 3404K, capacity 3716K, committed 3840K, reserved 1048576K
Event: 19.869 GC heap after
Heap after GC invocations=4 (full 1):
 PSYoungGen      total 36864K, used 5106K [0x00000000d7000000, 0x00000000da280000, 0x0000000100000000)
  eden space 31744K, 0% used [0x00000000d7000000,0x00000000d7000000,0x00000000d8f00000)
  from space 5120K, 99% used [0x00000000d8f00000,0x00000000d93fcaa8,0x00000000d9400000)
  to   space 5120K, 0% used [0x00000000d9d80000,0x00000000d9d80000,0x00000000da280000)
 ParOldGen       total 70144K, used 21768K [0x0000000085000000, 0x0000000089480000, 0x00000000d7000000)
  object space 70144K, 31% used [0x0000000085000000,0x0000000086542000,0x0000000089480000)
 Metaspace       used 24421K, capacity 25938K, committed 26112K, reserved 1071104K
  class space    used 3404K, capacity 3716K, committed 3840K, reserved 1048576K
}
Event: 20.268 GC heap before
{Heap before GC invocations=5 (full 1):
 PSYoungGen      total 36864K, used 31485K [0x00000000d7000000, 0x00000000da280000, 0x0000000100000000)
  eden space 31744K, 83% used [0x00000000d7000000,0x00000000d89c2c80,0x00000000d8f00000)
  from space 5120K, 99% used [0x00000000d8f00000,0x00000000d93fcaa8,0x00000000d9400000)
  to   space 5120K, 0% used [0x00000000d9d80000,0x00000000d9d80000,0x00000000da280000)
 ParOldGen       total 70144K, used 21768K [0x0000000085000000, 0x0000000089480000, 0x00000000d7000000)
  object space 70144K, 31% used [0x0000000085000000,0x0000000086542000,0x0000000089480000)
 Metaspace       used 24515K, capacity 26002K, committed 26368K, reserved 1071104K
  class space    used 3414K, capacity 3716K, committed 3840K, reserved 1048576K
Event: 20.305 GC heap after
Heap after GC invocations=5 (full 1):
 PSYoungGen      total 46592K, used 5106K [0x00000000d7000000, 0x00000000dad00000, 0x0000000100000000)
  eden space 41472K, 0% used [0x00000000d7000000,0x00000000d7000000,0x00000000d9880000)
  from space 5120K, 99% used [0x00000000d9d80000,0x00000000da27caa8,0x00000000da280000)
  to   space 5120K, 0% used [0x00000000d9880000,0x00000000d9880000,0x00000000d9d80000)
 ParOldGen       total 70144K, used 46085K [0x0000000085000000, 0x0000000089480000, 0x00000000d7000000)
  object space 70144K, 65% used [0x0000000085000000,0x0000000087d014b0,0x0000000089480000)
 Metaspace       used 24515K, capacity 26002K, committed 26368K, reserved 1071104K
  class space    used 3414K, capacity 3716K, committed 3840K, reserved 1048576K
}
Event: 20.305 GC heap before
{Heap before GC invocations=6 (full 2):
 PSYoungGen      total 46592K, used 5106K [0x00000000d7000000, 0x00000000dad00000, 0x0000000100000000)
  eden space 41472K, 0% used [0x00000000d7000000,0x00000000d7000000,0x00000000d9880000)
  from space 5120K, 99% used [0x00000000d9d80000,0x00000000da27caa8,0x00000000da280000)
  to   space 5120K, 0% used [0x00000000d9880000,0x00000000d9880000,0x00000000d9d80000)
 ParOldGen       total 70144K, used 46085K [0x0000000085000000, 0x0000000089480000, 0x00000000d7000000)
  object space 70144K, 65% used [0x0000000085000000,0x0000000087d014b0,0x0000000089480000)
 Metaspace       used 24515K, capacity 26002K, committed 26368K, reserved 1071104K
  class space    used 3414K, capacity 3716K, committed 3840K, reserved 1048576K

Deoptimization events (10 events):
Event: 9.943 Thread 0x00007f369823c800 Uncommon trap: reason=unstable_if action=reinterpret pc=0x00007f36e522083c method=sun.nio.cs.UTF_8$Decoder.decode([BII[C)I @ 30
Event: 9.988 Thread 0x00007f36f42fb800 Uncommon trap: reason=bimorphic action=maybe_recompile pc=0x00007f36e580376c method=javafx.scene.Node.updateLocalToParentTransform()V @ 11
Event: 10.155 Thread 0x00007f369823c800 Uncommon trap: reason=predicate action=maybe_recompile pc=0x00007f36e5619d9c method=sun.net.www.ParseUtil.encodePath(Ljava/lang/String;Z)Ljava/lang/String; @ 36
Event: 11.582 Thread 0x00007f36f42a1000 Uncommon trap: reason=unstable_if action=reinterpret pc=0x00007f36e59de0e4 method=com.sun.openpisces.Renderer.curveBreakIntoLinesAndAdd(FFLcom/sun/openpisces/Curve;FF)V @ 128
Event: 11.916 Thread 0x00007f36f42fb800 Uncommon trap: reason=bimorphic action=maybe_recompile pc=0x00007f36e58acb3c method=javafx.scene.Node.updateLocalToParentTransform()V @ 327
Event: 11.916 Thread 0x00007f36f42fb800 Uncommon trap: reason=bimorphic action=maybe_recompile pc=0x00007f36e58421fc method=javafx.scene.Node.getLocalBounds(Lcom/sun/javafx/geom/BaseBounds;Lcom/sun/javafx/geom/transform/BaseTransform;)Lcom/sun/javafx/geom/BaseBounds; @ 42
Event: 12.709 Thread 0x00007f36f42fb800 Uncommon trap: reason=null_check action=make_not_entrant pc=0x00007f36e57db064 method=javafx.scene.Node$MiscProperties.getClip()Ljavafx/scene/Node; @ 20
Event: 14.177 Thread 0x00007f36f42fb800 Uncommon trap: reason=bimorphic action=maybe_recompile pc=0x00007f36e58421fc method=javafx.scene.Node.getLocalBounds(Lcom/sun/javafx/geom/BaseBounds;Lcom/sun/javafx/geom/transform/BaseTransform;)Lcom/sun/javafx/geom/BaseBounds; @ 42
Event: 14.325 Thread 0x00007f36f42fb800 Uncommon trap: reason=unstable_if action=reinterpret pc=0x00007f36e59ce5b0 method=javafx.beans.property.DoublePropertyBase.get()D @ 9
Event: 17.294 Thread 0x00007f36f42a1000 Uncommon trap: reason=unstable_if action=reinterpret pc=0x00007f36e5a7f640 method=com.sun.prism.impl.BaseGraphics.translate(FF)V @ 3

Internal exceptions (10 events):
Event: 1.937 Thread 0x00007f36f42fb800 Exception <a 'java/lang/ArrayIndexOutOfBoundsException'> (0x00000000d8e498e8) thrown at [/HUDSON3/workspace/8-2-build-linux-amd64/jdk8u111/7883/hotspot/src/share/vm/runtime/sharedRuntime.cpp, line 605]
Event: 2.490 Thread 0x00007f36f42fb800 Implicit null exception at 0x00007f36e528f3f5 to 0x00007f36e528f611
Event: 6.001 Thread 0x00007f36f42fb800 Implicit null exception at 0x00007f36e56b84ba to 0x00007f36e56b8d8d
Event: 6.067 Thread 0x00007f369841f000 Implicit null exception at 0x00007f36e5693c7c to 0x00007f36e5693d41
Event: 9.735 Thread 0x00007f36f42fb800 Exception <a 'java/io/FileNotFoundException'> (0x00000000d749e410) thrown at [/HUDSON3/workspace/8-2-build-linux-amd64/jdk8u111/7883/hotspot/src/share/vm/prims/jni.cpp, line 709]
Event: 9.735 Thread 0x00007f36f42fb800 Exception <a 'java/io/FileNotFoundException'> (0x00000000d749eec0) thrown at [/HUDSON3/workspace/8-2-build-linux-amd64/jdk8u111/7883/hotspot/src/share/vm/prims/jni.cpp, line 709]
Event: 9.937 Thread 0x00007f369823c800 Implicit null exception at 0x00007f36e52d2fb5 to 0x00007f36e52d332d
Event: 12.709 Thread 0x00007f36f42fb800 Implicit null exception at 0x00007f36e57db007 to 0x00007f36e57db059
Event: 19.873 Thread 0x00007f36f4107000 Exception <a 'java/net/SocketException': Socket closed> (0x00000000d78749e8) thrown at [/HUDSON3/workspace/8-2-build-linux-amd64/jdk8u111/7883/hotspot/src/share/vm/prims/jni.cpp, line 735]
Event: 19.887 Thread 0x00007f36f4107000 Exception <a 'java/net/SocketException': Socket closed> (0x00000000d7892af0) thrown at [/HUDSON3/workspace/8-2-build-linux-amd64/jdk8u111/7883/hotspot/src/share/vm/prims/jni.cpp, line 735]

Events (10 events):
Event: 19.942 Thread 0x00007f36f42fb800 DEOPT UNPACKING pc=0x00007f36e5047233 sp=0x00007f36a7a537e0 mode 0
Event: 19.943 Thread 0x00007f36f42fb800 DEOPT PACKING pc=0x00007f36e5b78cc2 sp=0x00007f36a7a53a30
Event: 19.943 Thread 0x00007f36f42fb800 DEOPT UNPACKING pc=0x00007f36e5047233 sp=0x00007f36a7a537e0 mode 0
Event: 20.267 loading class sun/java2d/loops/Blit$GeneralMaskBlit
Event: 20.267 loading class sun/java2d/loops/Blit$GeneralMaskBlit done
Event: 20.268 loading class sun/java2d/loops/MaskBlit$General
Event: 20.268 loading class sun/java2d/loops/GraphicsPrimitive$GeneralBinaryOp
Event: 20.268 loading class sun/java2d/loops/GraphicsPrimitive$GeneralBinaryOp done
Event: 20.268 loading class sun/java2d/loops/MaskBlit$General done
Event: 20.268 Executing VM operation: ParallelGCFailedAllocation


Dynamic libraries:
00400000-00401000 r-xp 00000000 08:06 10486455                           /usr/lib/jvm/jdk1.8.0_111/jre/bin/java
00600000-00601000 rw-p 00000000 08:06 10486455                           /usr/lib/jvm/jdk1.8.0_111/jre/bin/java
01bc3000-01be4000 rw-p 00000000 00:00 0                                  [heap]
40cf3000-40d92000 rw-p 00000000 00:00 0 
41130000-41132000 r-xs 00000000 08:06 131118                             /tmp/.glJr4zLp (deleted)
85000000-89480000 rw-p 00000000 00:00 0 
89480000-d7000000 ---p 00000000 00:00 0 
d7000000-dad00000 rw-p 00000000 00:00 0 
dad00000-100000000 ---p 00000000 00:00 0 
100000000-1003c0000 rw-p 00000000 00:00 0 
1003c0000-140000000 ---p 00000000 00:00 0 
7f3691938000-7f3691949000 r-xp 00000000 08:06 10486205                   /usr/lib/jvm/jdk1.8.0_111/jre/lib/amd64/libnio.so
7f3691949000-7f3691b48000 ---p 00011000 08:06 10486205                   /usr/lib/jvm/jdk1.8.0_111/jre/lib/amd64/libnio.so
7f3691b48000-7f3691b49000 rw-p 00010000 08:06 10486205                   /usr/lib/jvm/jdk1.8.0_111/jre/lib/amd64/libnio.so
7f3691b50000-7f3691b66000 r-xp 00000000 08:06 10486180                   /usr/lib/jvm/jdk1.8.0_111/jre/lib/amd64/libnet.so
7f3691b66000-7f3691d66000 ---p 00016000 08:06 10486180                   /usr/lib/jvm/jdk1.8.0_111/jre/lib/amd64/libnet.so
7f3691d66000-7f3691d67000 rw-p 00016000 08:06 10486180                   /usr/lib/jvm/jdk1.8.0_111/jre/lib/amd64/libnet.so
7f3691d67000-7f3691f67000 rw-p 00000000 00:00 0 
7f3691f67000-7f3691f6a000 ---p 00000000 00:00 0 
7f3691f6a000-7f3692068000 rw-p 00000000 00:00 0 
7f3692068000-7f36920cd000 r-xp 00000000 08:06 10486199                   /usr/lib/jvm/jdk1.8.0_111/jre/lib/amd64/libfontmanager.so
7f36920cd000-7f36922cc000 ---p 00065000 08:06 10486199                   /usr/lib/jvm/jdk1.8.0_111/jre/lib/amd64/libfontmanager.so
7f36922cc000-7f36922d1000 rw-p 00064000 08:06 10486199                   /usr/lib/jvm/jdk1.8.0_111/jre/lib/amd64/libfontmanager.so
7f36922d1000-7f36922e1000 rw-p 00000000 00:00 0 
7f36922e8000-7f369233c000 r-xp 00000000 08:06 10486207                   /usr/lib/jvm/jdk1.8.0_111/jre/lib/amd64/libawt_xawt.so
7f369233c000-7f369253c000 ---p 00054000 08:06 10486207                   /usr/lib/jvm/jdk1.8.0_111/jre/lib/amd64/libawt_xawt.so
7f369253c000-7f3692540000 rw-p 00054000 08:06 10486207                   /usr/lib/jvm/jdk1.8.0_111/jre/lib/amd64/libawt_xawt.so
7f3692540000-7f3692541000 rw-p 00000000 00:00 0 
7f3692548000-7f36925ea000 r-xp 00000000 08:06 10486240                   /usr/lib/jvm/jdk1.8.0_111/jre/lib/amd64/libawt.so
7f36925ea000-7f36927ea000 ---p 000a2000 08:06 10486240                   /usr/lib/jvm/jdk1.8.0_111/jre/lib/amd64/libawt.so
7f36927ea000-7f36927f6000 rw-p 000a2000 08:06 10486240                   /usr/lib/jvm/jdk1.8.0_111/jre/lib/amd64/libawt.so
7f36927f6000-7f369281a000 rw-p 00000000 00:00 0 
7f3692820000-7f3692a20000 rw-p 00000000 00:00 0 
7f3692a20000-7f3692b20000 rw-s 00000000 00:05 85884976                   /SYSV00000000 (deleted)
7f3692b23000-7f3692c23000 rw-s 18a9e3000 00:06 12147                     /dev/nvidiactl
7f3692c28000-7f3692ca3000 r-xp 00000000 08:06 794106                     /usr/lib/x86_64-linux-gnu/nss/libfreebl3.so
7f3692ca3000-7f3692ea2000 ---p 0007b000 08:06 794106                     /usr/lib/x86_64-linux-gnu/nss/libfreebl3.so
7f3692ea2000-7f3692ea4000 r--p 0007a000 08:06 794106                     /usr/lib/x86_64-linux-gnu/nss/libfreebl3.so
7f3692ea4000-7f3692ea5000 rw-p 0007c000 08:06 794106                     /usr/lib/x86_64-linux-gnu/nss/libfreebl3.so
7f3692ea5000-7f3692ea9000 rw-p 00000000 00:00 0 
7f3692eb0000-7f3692f64000 r-xp 00000000 08:06 271632                     /usr/lib/x86_64-linux-gnu/libsqlite3.so.0.8.6
7f3692f64000-7f3693164000 ---p 000b4000 08:06 271632                     /usr/lib/x86_64-linux-gnu/libsqlite3.so.0.8.6
7f3693164000-7f3693166000 r--p 000b4000 08:06 271632                     /usr/lib/x86_64-linux-gnu/libsqlite3.so.0.8.6
7f3693166000-7f3693168000 rw-p 000b6000 08:06 271632                     /usr/lib/x86_64-linux-gnu/libsqlite3.so.0.8.6
7f3693168000-7f3693169000 rw-p 00000000 00:00 0 
7f3693170000-7f36931b1000 r-xp 00000000 08:06 794105                     /usr/lib/x86_64-linux-gnu/nss/libsoftokn3.so
7f36931b1000-7f36933b0000 ---p 00041000 08:06 794105                     /usr/lib/x86_64-linux-gnu/nss/libsoftokn3.so
7f36933b0000-7f36933b1000 r--p 00040000 08:06 794105                     /usr/lib/x86_64-linux-gnu/nss/libsoftokn3.so
7f36933b1000-7f36933b2000 rw-p 00041000 08:06 794105                     /usr/lib/x86_64-linux-gnu/nss/libsoftokn3.so
7f36933b7000-7f36933b8000 ---p 00000000 00:00 0 
7f36933b8000-7f3693bb8000 rw-p 00000000 00:00 0                          [stack:32604]
7f3693bb8000-7f3693bfc000 r-xp 00000000 08:06 11276542                   /lib/x86_64-linux-gnu/libdbus-1.so.3.7.6
7f3693bfc000-7f3693dfb000 ---p 00044000 08:06 11276542                   /lib/x86_64-linux-gnu/libdbus-1.so.3.7.6
7f3693dfb000-7f3693dfc000 r--p 00043000 08:06 11276542                   /lib/x86_64-linux-gnu/libdbus-1.so.3.7.6
7f3693dfc000-7f3693dfd000 rw-p 00044000 08:06 11276542                   /lib/x86_64-linux-gnu/libdbus-1.so.3.7.6
7f3693e00000-7f3693e08000 r-xp 00000000 08:06 11276591                   /lib/x86_64-linux-gnu/libnih-dbus.so.1.0.0
7f3693e08000-7f3694008000 ---p 00008000 08:06 11276591                   /lib/x86_64-linux-gnu/libnih-dbus.so.1.0.0
7f3694008000-7f3694009000 r--p 00008000 08:06 11276591                   /lib/x86_64-linux-gnu/libnih-dbus.so.1.0.0
7f3694009000-7f369400a000 rw-p 00009000 08:06 11276591                   /lib/x86_64-linux-gnu/libnih-dbus.so.1.0.0
7f3694010000-7f3694027000 r-xp 00000000 08:06 11276593                   /lib/x86_64-linux-gnu/libnih.so.1.0.0
7f3694027000-7f3694226000 ---p 00017000 08:06 11276593                   /lib/x86_64-linux-gnu/libnih.so.1.0.0
7f3694226000-7f3694227000 r--p 00016000 08:06 11276593                   /lib/x86_64-linux-gnu/libnih.so.1.0.0
7f3694227000-7f3694228000 rw-p 00017000 08:06 11276593                   /lib/x86_64-linux-gnu/libnih.so.1.0.0
7f3694228000-7f3694241000 r-xp 00000000 08:06 11276533                   /lib/x86_64-linux-gnu/libcgmanager.so.0.0.0
7f3694241000-7f3694440000 ---p 00019000 08:06 11276533                   /lib/x86_64-linux-gnu/libcgmanager.so.0.0.0
7f3694440000-7f3694442000 r--p 00018000 08:06 11276533                   /lib/x86_64-linux-gnu/libcgmanager.so.0.0.0
7f3694442000-7f3694443000 rw-p 0001a000 08:06 11276533                   /lib/x86_64-linux-gnu/libcgmanager.so.0.0.0
7f3694448000-7f3694481000 r-xp 00000000 08:06 268901                     /usr/lib/x86_64-linux-gnu/libnspr4.so
7f3694481000-7f3694680000 ---p 00039000 08:06 268901                     /usr/lib/x86_64-linux-gnu/libnspr4.so
7f3694680000-7f3694681000 r--p 00038000 08:06 268901                     /usr/lib/x86_64-linux-gnu/libnspr4.so
7f3694681000-7f3694682000 rw-p 00039000 08:06 268901                     /usr/lib/x86_64-linux-gnu/libnspr4.so
7f3694682000-7f3694685000 rw-p 00000000 00:00 0 
7f3694688000-7f369468b000 r-xp 00000000 08:06 268900                     /usr/lib/x86_64-linux-gnu/libplds4.so
7f369468b000-7f369488a000 ---p 00003000 08:06 268900                     /usr/lib/x86_64-linux-gnu/libplds4.so
7f369488a000-7f369488b000 r--p 00002000 08:06 268900                     /usr/lib/x86_64-linux-gnu/libplds4.so
7f369488b000-7f369488c000 rw-p 00003000 08:06 268900                     /usr/lib/x86_64-linux-gnu/libplds4.so
7f3694890000-7f3694894000 r-xp 00000000 08:06 268861                     /usr/lib/x86_64-linux-gnu/libplc4.so
7f3694894000-7f3694a93000 ---p 00004000 08:06 268861                     /usr/lib/x86_64-linux-gnu/libplc4.so
7f3694a93000-7f3694a94000 r--p 00003000 08:06 268861                     /usr/lib/x86_64-linux-gnu/libplc4.so
7f3694a94000-7f3694a95000 rw-p 00004000 08:06 268861                     /usr/lib/x86_64-linux-gnu/libplc4.so
7f3694a98000-7f3694abd000 r-xp 00000000 08:06 268074                     /usr/lib/x86_64-linux-gnu/libnssutil3.so
7f3694abd000-7f3694cbd000 ---p 00025000 08:06 268074                     /usr/lib/x86_64-linux-gnu/libnssutil3.so
7f3694cbd000-7f3694cc3000 r--p 00025000 08:06 268074                     /usr/lib/x86_64-linux-gnu/libnssutil3.so
7f3694cc3000-7f3694cc4000 rw-p 0002b000 08:06 268074                     /usr/lib/x86_64-linux-gnu/libnssutil3.so
7f3694cc8000-7f3694cd8000 r-xp 00000000 08:06 11276675                   /lib/x86_64-linux-gnu/libudev.so.1.3.5
7f3694cd8000-7f3694ed7000 ---p 00010000 08:06 11276675                   /lib/x86_64-linux-gnu/libudev.so.1.3.5
7f3694ed7000-7f3694ed8000 r--p 0000f000 08:06 11276675                   /lib/x86_64-linux-gnu/libudev.so.1.3.5
7f3694ed8000-7f3694ed9000 rw-p 00010000 08:06 11276675                   /lib/x86_64-linux-gnu/libudev.so.1.3.5
7f3694ee0000-7f3694f37000 r-xp 00000000 08:06 787714                     /usr/local/lib/libfprint.so.0.0.0
7f3694f37000-7f3695136000 ---p 00057000 08:06 787714                     /usr/local/lib/libfprint.so.0.0.0
7f3695136000-7f3695137000 r--p 00056000 08:06 787714                     /usr/local/lib/libfprint.so.0.0.0
7f3695137000-7f3695148000 rw-p 00057000 08:06 787714                     /usr/local/lib/libfprint.so.0.0.0
7f3695148000-7f3697ff9000 rw-p 00000000 00:00 0 
7f3698000000-7f3698635000 rw-p 00000000 00:00 0 
7f3698635000-7f369c000000 ---p 00000000 00:00 0 
7f369c000000-7f369c028000 rw-p 00000000 00:00 0 
7f369c028000-7f36a0000000 ---p 00000000 00:00 0 
7f36a0000000-7f36a0180000 rw-p 00000000 00:00 0 
7f36a0180000-7f36a4000000 ---p 00000000 00:00 0 
7f36a4037000-7f36a403a000 ---p 00000000 00:00 0 
7f36a403a000-7f36a4138000 rw-p 00000000 00:00 0                          [stack:32605]
7f36a4138000-7f36a426d000 r-xp 00000000 08:06 268076                     /usr/lib/x86_64-linux-gnu/libnss3.so
7f36a426d000-7f36a446c000 ---p 00135000 08:06 268076                     /usr/lib/x86_64-linux-gnu/libnss3.so
7f36a446c000-7f36a4471000 r--p 00134000 08:06 268076                     /usr/lib/x86_64-linux-gnu/libnss3.so
7f36a4471000-7f36a4473000 rw-p 00139000 08:06 268076                     /usr/lib/x86_64-linux-gnu/libnss3.so
7f36a4473000-7f36a4474000 rw-p 00000000 00:00 0 
7f36a4478000-7f36a448d000 r-xp 00000000 08:06 11276681                   /lib/x86_64-linux-gnu/libusb-1.0.so.0.1.0
7f36a448d000-7f36a468d000 ---p 00015000 08:06 11276681                   /lib/x86_64-linux-gnu/libusb-1.0.so.0.1.0
7f36a468d000-7f36a468e000 r--p 00015000 08:06 11276681                   /lib/x86_64-linux-gnu/libusb-1.0.so.0.1.0
7f36a468e000-7f36a468f000 rw-p 00016000 08:06 11276681                   /lib/x86_64-linux-gnu/libusb-1.0.so.0.1.0
7f36a46a6000-7f36a46b0000 r--s 00116000 08:06 10486260                   /usr/lib/jvm/jdk1.8.0_111/jre/lib/ext/localedata.jar
7f36a46b0000-7f36a46b6000 r--p 00000000 08:06 1314243                    /usr/share/locale-langpack/es/LC_MESSAGES/gdk-pixbuf.mo
7f36a46b8000-7f36a46bd000 r-xp 00000000 08:06 131120                     /tmp/libfingerprint279970931281427649.so
7f36a46bd000-7f36a48bc000 ---p 00005000 08:06 131120                     /tmp/libfingerprint279970931281427649.so
7f36a48bc000-7f36a48bd000 r--p 00004000 08:06 131120                     /tmp/libfingerprint279970931281427649.so
7f36a48bd000-7f36a48be000 rw-p 00005000 08:06 131120                     /tmp/libfingerprint279970931281427649.so
7f36a48bf000-7f36a48c3000 r--s 00097000 08:06 10486124                   /usr/lib/jvm/jdk1.8.0_111/jre/lib/jsse.jar
7f36a48c8000-7f36a4ac8000 rw-s 178a00000 00:06 12147                     /dev/nvidiactl
7f36a4ac9000-7f36a4ec9000 rw-s 1a5049000 00:06 12147                     /dev/nvidiactl
7f36a4ec9000-7f36a515e000 rw-p 00000000 00:00 0 
7f36a515e000-7f36a535e000 rw-s 100806000 00:06 12147                     /dev/nvidiactl
7f36a535f000-7f36a5df5000 rw-p 00000000 00:00 0 
7f36a5df5000-7f36a5e08000 r--s 00345000 08:06 10486404                   /usr/lib/jvm/jdk1.8.0_111/jre/lib/resources.jar
7f36a5e08000-7f36a6008000 rw-p 00000000 00:00 0 
7f36a6008000-7f36a60b2000 r--p 00000000 08:06 1445411                    /usr/share/fonts/truetype/dejavu/DejaVuSans-Bold.ttf
7f36a60b8000-7f36a62b8000 rw-p 00000000 00:00 0 
7f36a62b8000-7f36a636e000 r--p 00000000 08:06 1445415                    /usr/share/fonts/truetype/dejavu/DejaVuSans.ttf
7f36a6373000-7f36a6376000 ---p 00000000 00:00 0 
7f36a6376000-7f36a6474000 rw-p 00000000 00:00 0                          [stack:32510]
7f36a6474000-7f36a6479000 r--s 00084000 08:06 10486279                   /usr/lib/jvm/jdk1.8.0_111/jre/lib/jfr.jar
7f36a6480000-7f36a64af000 r-xp 00000000 08:06 788682                     /usr/lib/x86_64-linux-gnu/gtk-2.0/2.10.0/engines/libmurrine.so
7f36a64af000-7f36a66af000 ---p 0002f000 08:06 788682                     /usr/lib/x86_64-linux-gnu/gtk-2.0/2.10.0/engines/libmurrine.so
7f36a66af000-7f36a66b0000 r--p 0002f000 08:06 788682                     /usr/lib/x86_64-linux-gnu/gtk-2.0/2.10.0/engines/libmurrine.so
7f36a66b0000-7f36a66b1000 rw-p 00030000 08:06 788682                     /usr/lib/x86_64-linux-gnu/gtk-2.0/2.10.0/engines/libmurrine.so
7f36a66b8000-7f36a66c1000 r-xp 00000000 08:06 787773                     /usr/lib/x86_64-linux-gnu/gtk-2.0/2.10.0/engines/libpixmap.so
7f36a66c1000-7f36a68c1000 ---p 00009000 08:06 787773                     /usr/lib/x86_64-linux-gnu/gtk-2.0/2.10.0/engines/libpixmap.so
7f36a68c1000-7f36a68c2000 r--p 00009000 08:06 787773                     /usr/lib/x86_64-linux-gnu/gtk-2.0/2.10.0/engines/libpixmap.so
7f36a68c2000-7f36a68c3000 rw-p 0000a000 08:06 787773                     /usr/lib/x86_64-linux-gnu/gtk-2.0/2.10.0/engines/libpixmap.so
7f36a68c8000-7f36a6ac8000 rw-p 00000000 00:00 0 
7f36a6ac8000-7f36a6cc8000 rw-p 00000000 00:00 0 
7f36a6cc8000-7f36a6d73000 r--p 00000000 08:06 10486268                   /usr/lib/jvm/jdk1.8.0_111/jre/lib/fonts/LucidaSansRegular.ttf
7f36a6d78000-7f36a6db2000 r--p 00000000 08:06 10486270                   /usr/lib/jvm/jdk1.8.0_111/jre/lib/fonts/LucidaTypewriterBold.ttf
7f36a6db8000-7f36a6dcb000 r--p 00000000 08:06 10486276                   /usr/lib/jvm/jdk1.8.0_111/jre/lib/fonts/LucidaBrightDemiItalic.ttf
7f36a6dd0000-7f36a6e1e000 r--p 00000000 08:06 10486275                   /usr/lib/jvm/jdk1.8.0_111/jre/lib/fonts/LucidaSansDemiBold.ttf
7f36a6e20000-7f36a6e5c000 r--p 00000000 08:06 10486274                   /usr/lib/jvm/jdk1.8.0_111/jre/lib/fonts/LucidaTypewriterRegular.ttf
7f36a6e60000-7f36a6eb5000 r--p 00000000 08:06 10486271                   /usr/lib/jvm/jdk1.8.0_111/jre/lib/fonts/LucidaBrightRegular.ttf
7f36a6eb8000-7f36a6ecc000 r--p 00000000 08:06 10486272                   /usr/lib/jvm/jdk1.8.0_111/jre/lib/fonts/LucidaBrightItalic.ttf
7f36a6ed0000-7f36a6ee3000 r--p 00000000 08:06 10486269                   /usr/lib/jvm/jdk1.8.0_111/jre/lib/fonts/LucidaBrightDemiBold.ttf
7f36a6ee8000-7f36a6eec000 r-xp 00000000 08:06 10486217                   /usr/lib/jvm/jdk1.8.0_111/jre/lib/amd64/libjavafx_font_pango.so
7f36a6eec000-7f36a70eb000 ---p 00004000 08:06 10486217                   /usr/lib/jvm/jdk1.8.0_111/jre/lib/amd64/libjavafx_font_pango.so
7f36a70eb000-7f36a70ec000 rw-p 00003000 08:06 10486217                   /usr/lib/jvm/jdk1.8.0_111/jre/lib/amd64/libjavafx_font_pango.so
7f36a70f0000-7f36a70f1000 r--s 00000000 08:06 3801416                    /var/cache/fontconfig/c05880de57d1f5e948fdfacc138775d9-le64.cache-4
7f36a70f8000-7f36a7103000 r--s 00000000 08:06 3801409                    /var/cache/fontconfig/945677eb7aeaf62f1d50efc3fb3ec7d8-le64.cache-4
7f36a7108000-7f36a710a000 r--s 00000000 08:06 3801411                    /var/cache/fontconfig/99e8ed0e538f840c565b6ed5dad60d56-le64.cache-4
7f36a7110000-7f36a7116000 r--s 00000000 08:06 3801393                    /var/cache/fontconfig/2cd17615ca594fa2959ae173292e504c-le64.cache-4
7f36a7118000-7f36a7119000 r--s 00000000 08:06 3801427                    /var/cache/fontconfig/e7071f4a29fa870f4323321c154eba04-le64.cache-4
7f36a7120000-7f36a7121000 r--s 00000000 08:06 3801390                    /var/cache/fontconfig/0d8c3b2ac0904cb8a57a757ad11a4a08-le64.cache-4
7f36a7128000-7f36a712f000 r--s 00000000 08:06 3801413                    /var/cache/fontconfig/a755afe4a08bf5b97852ceb7400b47bc-le64.cache-4
7f36a7130000-7f36a713c000 r--s 00000000 08:06 3801404                    /var/cache/fontconfig/6d41288fd70b0be22e8c3a91e032eec0-le64.cache-4
7f36a7140000-7f36a7154000 r--s 00000000 08:06 3801387                    /var/cache/fontconfig/04aabc0a78ac019cf9454389977116d2-le64.cache-4
7f36a7158000-7f36a7159000 r--s 00000000 08:06 3801392                    /var/cache/fontconfig/1ac9eb803944fde146138c791f5cc56a-le64.cache-4
7f36a7160000-7f36a7164000 r--s 00000000 08:06 3801396                    /var/cache/fontconfig/385c0604a188198f04d133e54aba7fe7-le64.cache-4
7f36a7168000-7f36a7169000 r--s 00000000 08:06 3801424                    /var/cache/fontconfig/dc05db6664285cc2f12bf69c139ae4c3-le64.cache-4
7f36a7170000-7f36a7172000 r--s 00000000 08:06 3801406                    /var/cache/fontconfig/767a8244fc0220cfb567a839d0392e0b-le64.cache-4
7f36a7178000-7f36a7179000 r--s 00000000 08:06 3801398                    /var/cache/fontconfig/4794a0821666d79190d59a36cb4f44b5-le64.cache-4
7f36a7180000-7f36a7192000 r--s 00000000 08:06 3801388                    /var/cache/fontconfig/0bd3dc0958fa2205aaaa8ebb13e2872b-le64.cache-4
7f36a7198000-7f36a719d000 r--s 00000000 08:06 3801408                    /var/cache/fontconfig/8801497958630a81b71ace7c5f9b32a8-le64.cache-4
7f36a71a0000-7f36a71a6000 r--s 00000000 08:06 3816246                    /var/cache/fontconfig/ca37dee8d6057f2a069c1b3d05990269-le64.cache-4
7f36a71a8000-7f36a71ac000 r--s 00000000 08:06 3815067                    /var/cache/fontconfig/c57959a16110560c8d0fcea73374aeeb-le64.cache-4
7f36a71b0000-7f36a71b7000 r--s 00000000 08:06 3801394                    /var/cache/fontconfig/3047814df9a2f067bd2d96a2b9c36e5a-le64.cache-4
7f36a71b8000-7f36a71b9000 r--s 00000000 08:06 3801400                    /var/cache/fontconfig/56cf4f4769d0f4abc89a4895d7bd3ae1-le64.cache-4
7f36a71c0000-7f36a71c1000 r--s 00000000 08:06 3801415                    /var/cache/fontconfig/b9d506c9ac06c20b433354fa67a72993-le64.cache-4
7f36a71c8000-7f36a71ce000 r--s 00000000 08:06 3801414                    /var/cache/fontconfig/b47c4e1ecd0709278f4910c18777a504-le64.cache-4
7f36a71d0000-7f36a71e3000 r--s 00000000 08:06 3801421                    /var/cache/fontconfig/d52a8644073d54c13679302ca1180695-le64.cache-4
7f36a71e8000-7f36a71f1000 r--s 00000000 08:06 3801397                    /var/cache/fontconfig/3f7329c5293ffd510edef78f73874cfd-le64.cache-4
7f36a71f8000-7f36a7203000 r--s 00000000 08:06 3801422                    /var/cache/fontconfig/d589a48862398ed80a3d6066f4f56f4c-le64.cache-4
7f36a7208000-7f36a7211000 r--s 00000000 08:06 3801419                    /var/cache/fontconfig/d0972c3d32f097851eb916381fc38920-le64.cache-4
7f36a7218000-7f36a721b000 r--s 00000000 08:06 3812658                    /var/cache/fontconfig/e13b20fdb08344e0e664864cc2ede53d-le64.cache-4
7f36a7220000-7f36a7224000 r--s 00000000 08:06 3816245                    /var/cache/fontconfig/7ef2298fde41cc6eeb7af42e48b7d293-le64.cache-4
7f36a7228000-7f36a722d000 r-xp 00000000 08:06 10486213                   /usr/lib/jvm/jdk1.8.0_111/jre/lib/amd64/libjavafx_font_freetype.so
7f36a722d000-7f36a742c000 ---p 00005000 08:06 10486213                   /usr/lib/jvm/jdk1.8.0_111/jre/lib/amd64/libjavafx_font_freetype.so
7f36a742c000-7f36a742d000 rw-p 00004000 08:06 10486213                   /usr/lib/jvm/jdk1.8.0_111/jre/lib/amd64/libjavafx_font_freetype.so
7f36a7430000-7f36a7433000 r-xp 00000000 08:06 10486175                   /usr/lib/jvm/jdk1.8.0_111/jre/lib/amd64/libjavafx_font.so
7f36a7433000-7f36a7632000 ---p 00003000 08:06 10486175                   /usr/lib/jvm/jdk1.8.0_111/jre/lib/amd64/libjavafx_font.so
7f36a7632000-7f36a7633000 rw-p 00002000 08:06 10486175                   /usr/lib/jvm/jdk1.8.0_111/jre/lib/amd64/libjavafx_font.so
7f36a7638000-7f36a7838000 rw-p 00000000 00:00 0 
7f36a7838000-7f36a783c000 r--s 00060000 08:06 10360374                   /home/xmbeat/NetBeansProjects/FingerprintLogin/dist/run612057764/lib/webcam-capture-0.3.10.jar
7f36a783d000-7f36a783f000 r--s 00005000 08:06 10360373                   /home/xmbeat/NetBeansProjects/FingerprintLogin/dist/run612057764/lib/slf4j-api-1.7.2.jar
7f36a7842000-7f36a7845000 r--s 0003a000 08:06 10360372                   /home/xmbeat/NetBeansProjects/FingerprintLogin/dist/run612057764/lib/mysql-connector-java-3.0.17-ga-bin.jar
7f36a7847000-7f36a784f000 r--s 000cf000 08:06 10360371                   /home/xmbeat/NetBeansProjects/FingerprintLogin/dist/run612057764/lib/bridj-0.6.2.jar
7f36a784f000-7f36a7852000 ---p 00000000 00:00 0 
7f36a7852000-7f36a7950000 rw-p 00000000 00:00 0                          [stack:32463]
7f36a7950000-7f36a7952000 rw-s 00000000 08:06 131118                     /tmp/.glJr4zLp (deleted)
7f36a7956000-7f36a7959000 ---p 00000000 00:00 0 
7f36a7959000-7f36a7a57000 rw-p 00000000 00:00 0                          [stack:32458]
7f36a7a57000-7f36a7a5a000 ---p 00000000 00:00 0 
7f36a7a5a000-7f36a7b58000 rw-p 00000000 00:00 0                          [stack:32457]
7f36a7b58000-7f36a7b82000 r--p 00000000 08:06 1314249                    /usr/share/locale-langpack/es/LC_MESSAGES/gtk20-properties.mo
7f36a7b88000-7f36a7bae000 r--p 00000000 08:06 1314142                    /usr/share/locale-langpack/es/LC_MESSAGES/libc.mo
7f36a7bb0000-7f36a7bbf000 r--p 00000000 08:06 1314186                    /usr/share/locale-langpack/es/LC_MESSAGES/gtk20.mo
7f36a7bc0000-7f36a7be9000 r-xp 00000000 08:06 10486225                   /usr/lib/jvm/jdk1.8.0_111/jre/lib/amd64/libglass.so
7f36a7be9000-7f36a7de8000 ---p 00029000 08:06 10486225                   /usr/lib/jvm/jdk1.8.0_111/jre/lib/amd64/libglass.so
7f36a7de8000-7f36a7deb000 rw-p 00028000 08:06 10486225                   /usr/lib/jvm/jdk1.8.0_111/jre/lib/amd64/libglass.so
7f36a7deb000-7f36a7e6b000 rw-s 31ffb000 00:06 12147                      /dev/nvidiactl
7f36a7e6d000-7f36a7eed000 rw-s 52065000 00:06 12147                      /dev/nvidiactl
7f36a7ef4000-7f36a7f74000 rw-s 521b4000 00:06 12147                      /dev/nvidiactl
7f36a7f7c000-7f36a7f7f000 ---p 00000000 00:00 0 
7f36a7f7f000-7f36a807d000 rw-p 00000000 00:00 0                          [stack:32689]
7f36a807d000-7f36a8090000 rw-s 50eb5000 00:06 12147                      /dev/nvidiactl
7f36a8090000-7f36a80b0000 rw-s c0320000 00:06 12148                      /dev/nvidia0
7f36a80b0000-7f36a80f0000 rw-s 18a920000 00:06 12147                     /dev/nvidiactl
7f36a80f0000-7f36a8110000 rw-s 18a870000 00:06 12147                     /dev/nvidiactl
7f36a8110000-7f36a8116000 r-xp 00000000 08:06 270780                     /usr/lib/x86_64-linux-gnu/libdatrie.so.1.3.1
7f36a8116000-7f36a8315000 ---p 00006000 08:06 270780                     /usr/lib/x86_64-linux-gnu/libdatrie.so.1.3.1
7f36a8315000-7f36a8316000 r--p 00005000 08:06 270780                     /usr/lib/x86_64-linux-gnu/libdatrie.so.1.3.1
7f36a8316000-7f36a8317000 rw-p 00006000 08:06 270780                     /usr/lib/x86_64-linux-gnu/libdatrie.so.1.3.1
7f36a8318000-7f36a831d000 r-xp 00000000 08:06 270557                     /usr/lib/x86_64-linux-gnu/libXdmcp.so.6.0.0
7f36a831d000-7f36a851c000 ---p 00005000 08:06 270557                     /usr/lib/x86_64-linux-gnu/libXdmcp.so.6.0.0
7f36a851c000-7f36a851d000 r--p 00004000 08:06 270557                     /usr/lib/x86_64-linux-gnu/libXdmcp.so.6.0.0
7f36a851d000-7f36a851e000 rw-p 00005000 08:06 270557                     /usr/lib/x86_64-linux-gnu/libXdmcp.so.6.0.0
7f36a8520000-7f36a8522000 r-xp 00000000 08:06 270544                     /usr/lib/x86_64-linux-gnu/libXau.so.6.0.0
7f36a8522000-7f36a8722000 ---p 00002000 08:06 270544                     /usr/lib/x86_64-linux-gnu/libXau.so.6.0.0
7f36a8722000-7f36a8723000 r--p 00002000 08:06 270544                     /usr/lib/x86_64-linux-gnu/libXau.so.6.0.0
7f36a8723000-7f36a8724000 rw-p 00003000 08:06 270544                     /usr/lib/x86_64-linux-gnu/libXau.so.6.0.0
7f36a8728000-7f36a8742000 r-xp 00000000 08:06 263304                     /usr/lib/x86_64-linux-gnu/libgraphite2.so.3.0.1
7f36a8742000-7f36a8941000 ---p 0001a000 08:06 263304                     /usr/lib/x86_64-linux-gnu/libgraphite2.so.3.0.1
7f36a8941000-7f36a8943000 r--p 00019000 08:06 263304                     /usr/lib/x86_64-linux-gnu/libgraphite2.so.3.0.1
7f36a8943000-7f36a8944000 rw-p 0001b000 08:06 263304                     /usr/lib/x86_64-linux-gnu/libgraphite2.so.3.0.1
7f36a8948000-7f36aa345000 r-xp 00000000 08:06 921231                     /usr/lib/nvidia-352/libnvidia-glcore.so.352.63
7f36aa345000-7f36aa365000 rwxp 019fd000 08:06 921231                     /usr/lib/nvidia-352/libnvidia-glcore.so.352.63
7f36aa365000-7f36aa62c000 r-xp 01a1d000 08:06 921231                     /usr/lib/nvidia-352/libnvidia-glcore.so.352.63
7f36aa62c000-7f36aa82b000 ---p 01ce4000 08:06 921231                     /usr/lib/nvidia-352/libnvidia-glcore.so.352.63
7f36aa82b000-7f36ab3c7000 rw-p 01ce3000 08:06 921231                     /usr/lib/nvidia-352/libnvidia-glcore.so.352.63
7f36ab3c7000-7f36ab3db000 rw-p 00000000 00:00 0 
7f36ab3e0000-7f36ab3e3000 r-xp 00000000 08:06 1184481                    /usr/lib/nvidia-352/tls/libnvidia-tls.so.352.63
7f36ab3e3000-7f36ab5e2000 ---p 00003000 08:06 1184481                    /usr/lib/nvidia-352/tls/libnvidia-tls.so.352.63
7f36ab5e2000-7f36ab5e3000 rw-p 00002000 08:06 1184481                    /usr/lib/nvidia-352/tls/libnvidia-tls.so.352.63
7f36ab5e8000-7f36ab625000 r-xp 00000000 08:06 11276632                   /lib/x86_64-linux-gnu/libpcre.so.3.13.1
7f36ab625000-7f36ab824000 ---p 0003d000 08:06 11276632                   /lib/x86_64-linux-gnu/libpcre.so.3.13.1
7f36ab824000-7f36ab825000 r--p 0003c000 08:06 11276632                   /lib/x86_64-linux-gnu/libpcre.so.3.13.1
7f36ab825000-7f36ab826000 rw-p 0003d000 08:06 11276632                   /lib/x86_64-linux-gnu/libpcre.so.3.13.1
7f36ab828000-7f36ab82f000 r-xp 00000000 08:06 262898                     /usr/lib/x86_64-linux-gnu/libffi.so.6.0.1
7f36ab82f000-7f36aba2e000 ---p 00007000 08:06 262898                     /usr/lib/x86_64-linux-gnu/libffi.so.6.0.1
7f36aba2e000-7f36aba2f000 r--p 00006000 08:06 262898                     /usr/lib/x86_64-linux-gnu/libffi.so.6.0.1
7f36aba2f000-7f36aba30000 rw-p 00007000 08:06 262898                     /usr/lib/x86_64-linux-gnu/libffi.so.6.0.1
7f36aba30000-7f36aba57000 r-xp 00000000 08:06 11276550                   /lib/x86_64-linux-gnu/libexpat.so.1.6.0
7f36aba57000-7f36abc57000 ---p 00027000 08:06 11276550                   /lib/x86_64-linux-gnu/libexpat.so.1.6.0
7f36abc57000-7f36abc59000 r--p 00027000 08:06 11276550                   /lib/x86_64-linux-gnu/libexpat.so.1.6.0
7f36abc59000-7f36abc5a000 rw-p 00029000 08:06 11276550                   /lib/x86_64-linux-gnu/libexpat.so.1.6.0
7f36abc60000-7f36abc68000 r-xp 00000000 08:06 271660                     /usr/lib/x86_64-linux-gnu/libthai.so.0.2.0
7f36abc68000-7f36abe67000 ---p 00008000 08:06 271660                     /usr/lib/x86_64-linux-gnu/libthai.so.0.2.0
7f36abe67000-7f36abe68000 r--p 00007000 08:06 271660                     /usr/lib/x86_64-linux-gnu/libthai.so.0.2.0
7f36abe68000-7f36abe69000 rw-p 00008000 08:06 271660                     /usr/lib/x86_64-linux-gnu/libthai.so.0.2.0
7f36abe70000-7f36abe8d000 r-xp 00000000 08:06 271805                     /usr/lib/x86_64-linux-gnu/libxcb.so.1.1.0
7f36abe8d000-7f36ac08d000 ---p 0001d000 08:06 271805                     /usr/lib/x86_64-linux-gnu/libxcb.so.1.1.0
7f36ac08d000-7f36ac08e000 r--p 0001d000 08:06 271805                     /usr/lib/x86_64-linux-gnu/libxcb.so.1.1.0
7f36ac08e000-7f36ac08f000 rw-p 0001e000 08:06 271805                     /usr/lib/x86_64-linux-gnu/libxcb.so.1.1.0
7f36ac090000-7f36ac098000 r-xp 00000000 08:06 271787                     /usr/lib/x86_64-linux-gnu/libxcb-render.so.0.0.0
7f36ac098000-7f36ac297000 ---p 00008000 08:06 271787                     /usr/lib/x86_64-linux-gnu/libxcb-render.so.0.0.0
7f36ac297000-7f36ac298000 r--p 00007000 08:06 271787                     /usr/lib/x86_64-linux-gnu/libxcb-render.so.0.0.0
7f36ac298000-7f36ac299000 rw-p 00008000 08:06 271787                     /usr/lib/x86_64-linux-gnu/libxcb-render.so.0.0.0
7f36ac2a0000-7f36ac2a2000 r-xp 00000000 08:06 271791                     /usr/lib/x86_64-linux-gnu/libxcb-shm.so.0.0.0
7f36ac2a2000-7f36ac4a1000 ---p 00002000 08:06 271791                     /usr/lib/x86_64-linux-gnu/libxcb-shm.so.0.0.0
7f36ac4a1000-7f36ac4a2000 r--p 00001000 08:06 271791                     /usr/lib/x86_64-linux-gnu/libxcb-shm.so.0.0.0
7f36ac4a2000-7f36ac4a3000 rw-p 00002000 08:06 271791                     /usr/lib/x86_64-linux-gnu/libxcb-shm.so.0.0.0
7f36ac4a8000-7f36ac4cd000 r-xp 00000000 08:06 11273421                   /lib/x86_64-linux-gnu/libpng12.so.0.50.0
7f36ac4cd000-7f36ac6cc000 ---p 00025000 08:06 11273421                   /lib/x86_64-linux-gnu/libpng12.so.0.50.0
7f36ac6cc000-7f36ac6cd000 r--p 00024000 08:06 11273421                   /lib/x86_64-linux-gnu/libpng12.so.0.50.0
7f36ac6cd000-7f36ac6ce000 rw-p 00025000 08:06 11273421                   /lib/x86_64-linux-gnu/libpng12.so.0.50.0
7f36ac6d0000-7f36ac771000 r-xp 00000000 08:06 271486                     /usr/lib/x86_64-linux-gnu/libpixman-1.so.0.30.2
7f36ac771000-7f36ac971000 ---p 000a1000 08:06 271486                     /usr/lib/x86_64-linux-gnu/libpixman-1.so.0.30.2
7f36ac971000-7f36ac978000 r--p 000a1000 08:06 271486                     /usr/lib/x86_64-linux-gnu/libpixman-1.so.0.30.2
7f36ac978000-7f36ac979000 rw-p 000a8000 08:06 271486                     /usr/lib/x86_64-linux-gnu/libpixman-1.so.0.30.2
7f36ac980000-7f36ac9d3000 r-xp 00000000 08:06 271186                     /usr/lib/x86_64-linux-gnu/libharfbuzz.so.0.927.0
7f36ac9d3000-7f36acbd3000 ---p 00053000 08:06 271186                     /usr/lib/x86_64-linux-gnu/libharfbuzz.so.0.927.0
7f36acbd3000-7f36acbd4000 r--p 00053000 08:06 271186                     /usr/lib/x86_64-linux-gnu/libharfbuzz.so.0.927.0
7f36acbd4000-7f36acbd5000 rw-p 00054000 08:06 271186                     /usr/lib/x86_64-linux-gnu/libharfbuzz.so.0.927.0
7f36acbd8000-7f36acbef000 r-xp 00000000 08:06 11272221                   /lib/x86_64-linux-gnu/libresolv-2.19.so
7f36acbef000-7f36acdef000 ---p 00017000 08:06 11272221                   /lib/x86_64-linux-gnu/libresolv-2.19.so
7f36acdef000-7f36acdf0000 r--p 00017000 08:06 11272221                   /lib/x86_64-linux-gnu/libresolv-2.19.so
7f36acdf0000-7f36acdf1000 rw-p 00018000 08:06 11272221                   /lib/x86_64-linux-gnu/libresolv-2.19.so
7f36acdf1000-7f36acdf3000 rw-p 00000000 00:00 0 
7f36acdf8000-7f36ace18000 r-xp 00000000 08:06 11276659                   /lib/x86_64-linux-gnu/libselinux.so.1
7f36ace18000-7f36ad017000 ---p 00020000 08:06 11276659                   /lib/x86_64-linux-gnu/libselinux.so.1
7f36ad017000-7f36ad018000 r--p 0001f000 08:06 11276659                   /lib/x86_64-linux-gnu/libselinux.so.1
7f36ad018000-7f36ad019000 rw-p 00020000 08:06 11276659                   /lib/x86_64-linux-gnu/libselinux.so.1
7f36ad019000-7f36ad01b000 rw-p 00000000 00:00 0 
7f36ad020000-7f36ad038000 r-xp 00000000 08:06 11276690                   /lib/x86_64-linux-gnu/libz.so.1.2.8
7f36ad038000-7f36ad237000 ---p 00018000 08:06 11276690                   /lib/x86_64-linux-gnu/libz.so.1.2.8
7f36ad237000-7f36ad238000 r--p 00017000 08:06 11276690                   /lib/x86_64-linux-gnu/libz.so.1.2.8
7f36ad238000-7f36ad239000 rw-p 00018000 08:06 11276690                   /lib/x86_64-linux-gnu/libz.so.1.2.8
7f36ad240000-7f36ad251000 r-xp 00000000 08:06 270559                     /usr/lib/x86_64-linux-gnu/libXext.so.6.4.0
7f36ad251000-7f36ad450000 ---p 00011000 08:06 270559                     /usr/lib/x86_64-linux-gnu/libXext.so.6.4.0
7f36ad450000-7f36ad451000 r--p 00010000 08:06 270559                     /usr/lib/x86_64-linux-gnu/libXext.so.6.4.0
7f36ad451000-7f36ad452000 rw-p 00011000 08:06 270559                     /usr/lib/x86_64-linux-gnu/libXext.so.6.4.0
7f36ad458000-7f36ad45a000 r-xp 00000000 08:06 270553                     /usr/lib/x86_64-linux-gnu/libXdamage.so.1.1.0
7f36ad45a000-7f36ad659000 ---p 00002000 08:06 270553                     /usr/lib/x86_64-linux-gnu/libXdamage.so.1.1.0
7f36ad659000-7f36ad65a000 r--p 00001000 08:06 270553                     /usr/lib/x86_64-linux-gnu/libXdamage.so.1.1.0
7f36ad65a000-7f36ad65b000 rw-p 00002000 08:06 270553                     /usr/lib/x86_64-linux-gnu/libXdamage.so.1.1.0
7f36ad660000-7f36ad662000 r-xp 00000000 08:06 270549                     /usr/lib/x86_64-linux-gnu/libXcomposite.so.1.0.0
7f36ad662000-7f36ad861000 ---p 00002000 08:06 270549                     /usr/lib/x86_64-linux-gnu/libXcomposite.so.1.0.0
7f36ad861000-7f36ad862000 r--p 00001000 08:06 270549                     /usr/lib/x86_64-linux-gnu/libXcomposite.so.1.0.0
7f36ad862000-7f36ad863000 rw-p 00002000 08:06 270549                     /usr/lib/x86_64-linux-gnu/libXcomposite.so.1.0.0
7f36ad868000-7f36ad871000 r-xp 00000000 08:06 270551                     /usr/lib/x86_64-linux-gnu/libXcursor.so.1.0.2
7f36ad871000-7f36ada70000 ---p 00009000 08:06 270551                     /usr/lib/x86_64-linux-gnu/libXcursor.so.1.0.2
7f36ada70000-7f36ada71000 r--p 00008000 08:06 270551                     /usr/lib/x86_64-linux-gnu/libXcursor.so.1.0.2
7f36ada71000-7f36ada72000 rw-p 00009000 08:06 270551                     /usr/lib/x86_64-linux-gnu/libXcursor.so.1.0.2
7f36ada78000-7f36ada81000 r-xp 00000000 08:06 270579                     /usr/lib/x86_64-linux-gnu/libXrandr.so.2.2.0
7f36ada81000-7f36adc80000 ---p 00009000 08:06 270579                     /usr/lib/x86_64-linux-gnu/libXrandr.so.2.2.0
7f36adc80000-7f36adc81000 r--p 00008000 08:06 270579                     /usr/lib/x86_64-linux-gnu/libXrandr.so.2.2.0
7f36adc81000-7f36adc82000 rw-p 00009000 08:06 270579                     /usr/lib/x86_64-linux-gnu/libXrandr.so.2.2.0
7f36adc88000-7f36adc97000 r-xp 00000000 08:06 270567                     /usr/lib/x86_64-linux-gnu/libXi.so.6.1.0
7f36adc97000-7f36ade96000 ---p 0000f000 08:06 270567                     /usr/lib/x86_64-linux-gnu/libXi.so.6.1.0
7f36ade96000-7f36ade97000 r--p 0000e000 08:06 270567                     /usr/lib/x86_64-linux-gnu/libXi.so.6.1.0
7f36ade97000-7f36ade98000 rw-p 0000f000 08:06 270567                     /usr/lib/x86_64-linux-gnu/libXi.so.6.1.0
7f36ade98000-7f36ade9a000 r-xp 00000000 08:06 270569                     /usr/lib/x86_64-linux-gnu/libXinerama.so.1.0.0
7f36ade9a000-7f36ae099000 ---p 00002000 08:06 270569                     /usr/lib/x86_64-linux-gnu/libXinerama.so.1.0.0
7f36ae099000-7f36ae09a000 r--p 00001000 08:06 270569                     /usr/lib/x86_64-linux-gnu/libXinerama.so.1.0.0
7f36ae09a000-7f36ae09b000 rw-p 00002000 08:06 270569                     /usr/lib/x86_64-linux-gnu/libXinerama.so.1.0.0
7f36ae0a0000-7f36ae0a9000 r-xp 00000000 08:06 270581                     /usr/lib/x86_64-linux-gnu/libXrender.so.1.3.0
7f36ae0a9000-7f36ae2a8000 ---p 00009000 08:06 270581                     /usr/lib/x86_64-linux-gnu/libXrender.so.1.3.0
7f36ae2a8000-7f36ae2a9000 r--p 00008000 08:06 270581                     /usr/lib/x86_64-linux-gnu/libXrender.so.1.3.0
7f36ae2a9000-7f36ae2aa000 rw-p 00009000 08:06 270581                     /usr/lib/x86_64-linux-gnu/libXrender.so.1.3.0
7f36ae2b0000-7f36ae2b5000 r-xp 00000000 08:06 270561                     /usr/lib/x86_64-linux-gnu/libXfixes.so.3.1.0
7f36ae2b5000-7f36ae4b4000 ---p 00005000 08:06 270561                     /usr/lib/x86_64-linux-gnu/libXfixes.so.3.1.0
7f36ae4b4000-7f36ae4b5000 r--p 00004000 08:06 270561                     /usr/lib/x86_64-linux-gnu/libXfixes.so.3.1.0
7f36ae4b5000-7f36ae4b6000 rw-p 00005000 08:06 270561                     /usr/lib/x86_64-linux-gnu/libXfixes.so.3.1.0
7f36ae4b8000-7f36ae4ce000 r-xp 00000000 08:06 11273328                   /lib/x86_64-linux-gnu/libgcc_s.so.1
7f36ae4ce000-7f36ae6cd000 ---p 00016000 08:06 11273328                   /lib/x86_64-linux-gnu/libgcc_s.so.1
7f36ae6cd000-7f36ae6ce000 rw-p 00015000 08:06 11273328                   /lib/x86_64-linux-gnu/libgcc_s.so.1
7f36ae6d0000-7f36ae7b6000 r-xp 00000000 08:06 262560                     /usr/lib/x86_64-linux-gnu/libstdc++.so.6.0.19
7f36ae7b6000-7f36ae9b5000 ---p 000e6000 08:06 262560                     /usr/lib/x86_64-linux-gnu/libstdc++.so.6.0.19
7f36ae9b5000-7f36ae9bd000 r--p 000e5000 08:06 262560                     /usr/lib/x86_64-linux-gnu/libstdc++.so.6.0.19
7f36ae9bd000-7f36ae9bf000 rw-p 000ed000 08:06 262560                     /usr/lib/x86_64-linux-gnu/libstdc++.so.6.0.19
7f36ae9bf000-7f36ae9d4000 rw-p 00000000 00:00 0 
7f36ae9d8000-7f36aea96000 r-xp 00000000 08:06 921224                     /usr/lib/nvidia-352/libGL.so.352.63
7f36aea96000-7f36aeac9000 rwxp 000be000 08:06 921224                     /usr/lib/nvidia-352/libGL.so.352.63
7f36aeac9000-7f36aeadb000 r-xp 000f1000 08:06 921224                     /usr/lib/nvidia-352/libGL.so.352.63
7f36aeadb000-7f36aecda000 ---p 00103000 08:06 921224                     /usr/lib/nvidia-352/libGL.so.352.63
7f36aecda000-7f36aed02000 rw-p 00102000 08:06 921224                     /usr/lib/nvidia-352/libGL.so.352.63
7f36aed02000-7f36aed08000 rw-p 00000000 00:00 0 
7f36aed08000-7f36aed0c000 r-xp 00000000 08:06 270597                     /usr/lib/x86_64-linux-gnu/libXxf86vm.so.1.0.0
7f36aed0c000-7f36aef0c000 ---p 00004000 08:06 270597                     /usr/lib/x86_64-linux-gnu/libXxf86vm.so.1.0.0
7f36aef0c000-7f36aef0d000 r--p 00004000 08:06 270597                     /usr/lib/x86_64-linux-gnu/libXxf86vm.so.1.0.0
7f36aef0d000-7f36aef0e000 rw-p 00005000 08:06 270597                     /usr/lib/x86_64-linux-gnu/libXxf86vm.so.1.0.0
7f36aef10000-7f36af040000 r-xp 00000000 08:06 270538                     /usr/lib/x86_64-linux-gnu/libX11.so.6.3.0
7f36af040000-7f36af240000 ---p 00130000 08:06 270538                     /usr/lib/x86_64-linux-gnu/libX11.so.6.3.0
7f36af240000-7f36af241000 r--p 00130000 08:06 270538                     /usr/lib/x86_64-linux-gnu/libX11.so.6.3.0
7f36af241000-7f36af245000 rw-p 00131000 08:06 270538                     /usr/lib/x86_64-linux-gnu/libX11.so.6.3.0
7f36af248000-7f36af24d000 r-xp 00000000 08:06 270587                     /usr/lib/x86_64-linux-gnu/libXtst.so.6.1.0
7f36af24d000-7f36af44c000 ---p 00005000 08:06 270587                     /usr/lib/x86_64-linux-gnu/libXtst.so.6.1.0
7f36af44c000-7f36af44d000 r--p 00004000 08:06 270587                     /usr/lib/x86_64-linux-gnu/libXtst.so.6.1.0
7f36af44d000-7f36af44e000 rw-p 00005000 08:06 270587                     /usr/lib/x86_64-linux-gnu/libXtst.so.6.1.0
7f36af450000-7f36af556000 r-xp 00000000 08:06 11276559                   /lib/x86_64-linux-gnu/libglib-2.0.so.0.4002.0
7f36af556000-7f36af755000 ---p 00106000 08:06 11276559                   /lib/x86_64-linux-gnu/libglib-2.0.so.0.4002.0
7f36af755000-7f36af756000 r--p 00105000 08:06 11276559                   /lib/x86_64-linux-gnu/libglib-2.0.so.0.4002.0
7f36af756000-7f36af757000 rw-p 00106000 08:06 11276559                   /lib/x86_64-linux-gnu/libglib-2.0.so.0.4002.0
7f36af757000-7f36af758000 rw-p 00000000 00:00 0 
7f36af758000-7f36af759000 r-xp 00000000 08:06 271159                     /usr/lib/x86_64-linux-gnu/libgthread-2.0.so.0.4002.0
7f36af759000-7f36af958000 ---p 00001000 08:06 271159                     /usr/lib/x86_64-linux-gnu/libgthread-2.0.so.0.4002.0
7f36af958000-7f36af959000 r--p 00000000 08:06 271159                     /usr/lib/x86_64-linux-gnu/libgthread-2.0.so.0.4002.0
7f36af959000-7f36af95a000 rw-p 00001000 08:06 271159                     /usr/lib/x86_64-linux-gnu/libgthread-2.0.so.0.4002.0
7f36af960000-7f36af963000 r-xp 00000000 08:06 271015                     /usr/lib/x86_64-linux-gnu/libgmodule-2.0.so.0.4002.0
7f36af963000-7f36afb62000 ---p 00003000 08:06 271015                     /usr/lib/x86_64-linux-gnu/libgmodule-2.0.so.0.4002.0
7f36afb62000-7f36afb63000 r--p 00002000 08:06 271015                     /usr/lib/x86_64-linux-gnu/libgmodule-2.0.so.0.4002.0
7f36afb63000-7f36afb64000 rw-p 00003000 08:06 271015                     /usr/lib/x86_64-linux-gnu/libgmodule-2.0.so.0.4002.0
7f36afb68000-7f36afbb7000 r-xp 00000000 08:06 271039                     /usr/lib/x86_64-linux-gnu/libgobject-2.0.so.0.4002.0
7f36afbb7000-7f36afdb7000 ---p 0004f000 08:06 271039                     /usr/lib/x86_64-linux-gnu/libgobject-2.0.so.0.4002.0
7f36afdb7000-7f36afdb8000 r--p 0004f000 08:06 271039                     /usr/lib/x86_64-linux-gnu/libgobject-2.0.so.0.4002.0
7f36afdb8000-7f36afdb9000 rw-p 00050000 08:06 271039                     /usr/lib/x86_64-linux-gnu/libgobject-2.0.so.0.4002.0
7f36afdc0000-7f36afdfa000 r-xp 00000000 08:06 270920                     /usr/lib/x86_64-linux-gnu/libfontconfig.so.1.8.0
7f36afdfa000-7f36afff9000 ---p 0003a000 08:06 270920                     /usr/lib/x86_64-linux-gnu/libfontconfig.so.1.8.0
7f36afff9000-7f36afffb000 r--p 00039000 08:06 270920                     /usr/lib/x86_64-linux-gnu/libfontconfig.so.1.8.0
7f36afffb000-7f36afffc000 rw-p 0003b000 08:06 270920                     /usr/lib/x86_64-linux-gnu/libfontconfig.so.1.8.0
7f36b0000000-7f36b0021000 rw-p 00000000 00:00 0 
7f36b0021000-7f36b4000000 ---p 00000000 00:00 0 
7f36b4000000-7f36b4d88000 rw-p 00000000 00:00 0 
7f36b4d88000-7f36b8000000 ---p 00000000 00:00 0 
7f36b8000000-7f36b885d000 rw-p 00000000 00:00 0 
7f36b885d000-7f36bc000000 ---p 00000000 00:00 0 
7f36bc000000-7f36bc021000 rw-p 00000000 00:00 0 
7f36bc021000-7f36c0000000 ---p 00000000 00:00 0 
7f36c0000000-7f36c0021000 rw-p 00000000 00:00 0 
7f36c0021000-7f36c4000000 ---p 00000000 00:00 0 
7f36c4000000-7f36c4c1b000 rw-p 00000000 00:00 0 
7f36c4c1b000-7f36c8000000 ---p 00000000 00:00 0 
7f36c8000000-7f36c8021000 rw-p 00000000 00:00 0 
7f36c8021000-7f36cc000000 ---p 00000000 00:00 0 
7f36cc000000-7f36cc036000 rw-p 00000000 00:00 0 
7f36cc036000-7f36d0000000 ---p 00000000 00:00 0 
7f36d0000000-7f36d02a1000 rw-p 00000000 00:00 0 
7f36d02a1000-7f36d4000000 ---p 00000000 00:00 0 
7f36d4000000-7f36d4021000 rw-p 00000000 00:00 0 
7f36d4021000-7f36d8000000 ---p 00000000 00:00 0 
7f36d8000000-7f36d8021000 rw-p 00000000 00:00 0 
7f36d8021000-7f36dc000000 ---p 00000000 00:00 0 
7f36dc000000-7f36dc001000 r--s 00000000 08:06 3801389                    /var/cache/fontconfig/0c9eb80ebd1c36541ebe2852d3bb0c49-le64.cache-4
7f36dc008000-7f36dc00f000 r--s 00000000 08:06 786750                     /usr/lib/x86_64-linux-gnu/gconv/gconv-modules.cache
7f36dc012000-7f36dc013000 rw-s 7997a000 00:06 12147                      /dev/nvidiactl
7f36dc017000-7f36dc01b000 rw-s 509a7000 00:06 12147                      /dev/nvidiactl
7f36dc01f000-7f36dc05f000 rw-s 154427000 00:06 12147                     /dev/nvidiactl
7f36dc061000-7f36dc115000 rw-s 221d19000 00:06 12147                     /dev/nvidiactl
7f36dc118000-7f36dc1b5000 r-xp 00000000 08:06 270946                     /usr/lib/x86_64-linux-gnu/libfreetype.so.6.11.1
7f36dc1b5000-7f36dc3b4000 ---p 0009d000 08:06 270946                     /usr/lib/x86_64-linux-gnu/libfreetype.so.6.11.1
7f36dc3b4000-7f36dc3ba000 r--p 0009c000 08:06 270946                     /usr/lib/x86_64-linux-gnu/libfreetype.so.6.11.1
7f36dc3ba000-7f36dc3bb000 rw-p 000a2000 08:06 270946                     /usr/lib/x86_64-linux-gnu/libfreetype.so.6.11.1
7f36dc3c0000-7f36dc40a000 r-xp 00000000 08:06 271463                     /usr/lib/x86_64-linux-gnu/libpango-1.0.so.0.3600.3
7f36dc40a000-7f36dc60a000 ---p 0004a000 08:06 271463                     /usr/lib/x86_64-linux-gnu/libpango-1.0.so.0.3600.3
7f36dc60a000-7f36dc60c000 r--p 0004a000 08:06 271463                     /usr/lib/x86_64-linux-gnu/libpango-1.0.so.0.3600.3
7f36dc60c000-7f36dc60d000 rw-p 0004c000 08:06 271463                     /usr/lib/x86_64-linux-gnu/libpango-1.0.so.0.3600.3
7f36dc610000-7f36dc716000 r-xp 00000000 08:06 270702                     /usr/lib/x86_64-linux-gnu/libcairo.so.2.11301.0
7f36dc716000-7f36dc915000 ---p 00106000 08:06 270702                     /usr/lib/x86_64-linux-gnu/libcairo.so.2.11301.0
7f36dc915000-7f36dc918000 r--p 00105000 08:06 270702                     /usr/lib/x86_64-linux-gnu/libcairo.so.2.11301.0
7f36dc918000-7f36dc919000 rw-p 00108000 08:06 270702                     /usr/lib/x86_64-linux-gnu/libcairo.so.2.11301.0
7f36dc919000-7f36dc91b000 rw-p 00000000 00:00 0 
7f36dc920000-7f36dc92b000 r-xp 00000000 08:06 271465                     /usr/lib/x86_64-linux-gnu/libpangocairo-1.0.so.0.3600.3
7f36dc92b000-7f36dcb2b000 ---p 0000b000 08:06 271465                     /usr/lib/x86_64-linux-gnu/libpangocairo-1.0.so.0.3600.3
7f36dcb2b000-7f36dcb2c000 r--p 0000b000 08:06 271465                     /usr/lib/x86_64-linux-gnu/libpangocairo-1.0.so.0.3600.3
7f36dcb2c000-7f36dcb2d000 rw-p 0000c000 08:06 271465                     /usr/lib/x86_64-linux-gnu/libpangocairo-1.0.so.0.3600.3
7f36dcb30000-7f36dcb50000 r-xp 00000000 08:06 270979                     /usr/lib/x86_64-linux-gnu/libgdk_pixbuf-2.0.so.0.3000.7
7f36dcb50000-7f36dcd4f000 ---p 00020000 08:06 270979                     /usr/lib/x86_64-linux-gnu/libgdk_pixbuf-2.0.so.0.3000.7
7f36dcd4f000-7f36dcd50000 r--p 0001f000 08:06 270979                     /usr/lib/x86_64-linux-gnu/libgdk_pixbuf-2.0.so.0.3000.7
7f36dcd50000-7f36dcd51000 rw-p 00020000 08:06 270979                     /usr/lib/x86_64-linux-gnu/libgdk_pixbuf-2.0.so.0.3000.7
7f36dcd58000-7f36dcd6c000 r-xp 00000000 08:06 271467                     /usr/lib/x86_64-linux-gnu/libpangoft2-1.0.so.0.3600.3
7f36dcd6c000-7f36dcf6b000 ---p 00014000 08:06 271467                     /usr/lib/x86_64-linux-gnu/libpangoft2-1.0.so.0.3600.3
7f36dcf6b000-7f36dcf6c000 r--p 00013000 08:06 271467                     /usr/lib/x86_64-linux-gnu/libpangoft2-1.0.so.0.3600.3
7f36dcf6c000-7f36dcf6d000 rw-p 00014000 08:06 271467                     /usr/lib/x86_64-linux-gnu/libpangoft2-1.0.so.0.3600.3
7f36dcf70000-7f36dd0dc000 r-xp 00000000 08:06 271001                     /usr/lib/x86_64-linux-gnu/libgio-2.0.so.0.4002.0
7f36dd0dc000-7f36dd2db000 ---p 0016c000 08:06 271001                     /usr/lib/x86_64-linux-gnu/libgio-2.0.so.0.4002.0
7f36dd2db000-7f36dd2df000 r--p 0016b000 08:06 271001                     /usr/lib/x86_64-linux-gnu/libgio-2.0.so.0.4002.0
7f36dd2df000-7f36dd2e1000 rw-p 0016f000 08:06 271001                     /usr/lib/x86_64-linux-gnu/libgio-2.0.so.0.4002.0
7f36dd2e1000-7f36dd2e3000 rw-p 00000000 00:00 0 
7f36dd2e8000-7f36dd307000 r-xp 00000000 08:06 270646                     /usr/lib/x86_64-linux-gnu/libatk-1.0.so.0.21009.1
7f36dd307000-7f36dd507000 ---p 0001f000 08:06 270646                     /usr/lib/x86_64-linux-gnu/libatk-1.0.so.0.21009.1
7f36dd507000-7f36dd509000 r--p 0001f000 08:06 270646                     /usr/lib/x86_64-linux-gnu/libatk-1.0.so.0.21009.1
7f36dd509000-7f36dd50a000 rw-p 00021000 08:06 270646                     /usr/lib/x86_64-linux-gnu/libatk-1.0.so.0.21009.1
7f36dd510000-7f36dd5bd000 r-xp 00000000 08:06 262704                     /usr/lib/x86_64-linux-gnu/libgdk-x11-2.0.so.0.2400.23
7f36dd5bd000-7f36dd7bd000 ---p 000ad000 08:06 262704                     /usr/lib/x86_64-linux-gnu/libgdk-x11-2.0.so.0.2400.23
7f36dd7bd000-7f36dd7c1000 r--p 000ad000 08:06 262704                     /usr/lib/x86_64-linux-gnu/libgdk-x11-2.0.so.0.2400.23
7f36dd7c1000-7f36dd7c3000 rw-p 000b1000 08:06 262704                     /usr/lib/x86_64-linux-gnu/libgdk-x11-2.0.so.0.2400.23
7f36dd7c8000-7f36ddbf8000 r-xp 00000000 08:06 265442                     /usr/lib/x86_64-linux-gnu/libgtk-x11-2.0.so.0.2400.23
7f36ddbf8000-7f36dddf7000 ---p 00430000 08:06 265442                     /usr/lib/x86_64-linux-gnu/libgtk-x11-2.0.so.0.2400.23
7f36dddf7000-7f36dddfe000 r--p 0042f000 08:06 265442                     /usr/lib/x86_64-linux-gnu/libgtk-x11-2.0.so.0.2400.23
7f36dddfe000-7f36dde02000 rw-p 00436000 08:06 265442                     /usr/lib/x86_64-linux-gnu/libgtk-x11-2.0.so.0.2400.23
7f36dde02000-7f36dde05000 rw-p 00000000 00:00 0 
7f36dde0b000-7f36dde27000 r--s 00393000 08:06 10486263                   /usr/lib/jvm/jdk1.8.0_111/jre/lib/ext/cldrdata.jar
7f36dde29000-7f36dde2e000 r--s 002f9000 08:06 10486125                   /usr/lib/jvm/jdk1.8.0_111/jre/lib/charsets.jar
7f36dde30000-7f36dde3c000 r-xp 00000000 08:06 10486192                   /usr/lib/jvm/jdk1.8.0_111/jre/lib/amd64/libprism_es2.so
7f36dde3c000-7f36de03b000 ---p 0000c000 08:06 10486192                   /usr/lib/jvm/jdk1.8.0_111/jre/lib/amd64/libprism_es2.so
7f36de03b000-7f36de03c000 rw-p 0000b000 08:06 10486192                   /usr/lib/jvm/jdk1.8.0_111/jre/lib/amd64/libprism_es2.so
7f36de042000-7f36de045000 ---p 00000000 00:00 0 
7f36de045000-7f36de143000 rw-p 00000000 00:00 0                          [stack:32456]
7f36de143000-7f36de1d9000 r--s 01103000 08:06 10486256                   /usr/lib/jvm/jdk1.8.0_111/jre/lib/ext/jfxrt.jar
7f36de1db000-7f36de1dc000 ---p 00000000 00:00 0 
7f36de1dc000-7f36de2dc000 rw-p 00000000 00:00 0                          [stack:32453]
7f36de2dc000-7f36de2df000 ---p 00000000 00:00 0 
7f36de2df000-7f36de3dd000 rw-p 00000000 00:00 0                          [stack:32451]
7f36de3dd000-7f36de3e0000 ---p 00000000 00:00 0 
7f36de3e0000-7f36de4de000 rw-p 00000000 00:00 0                          [stack:32448]
7f36de4de000-7f36de4e1000 ---p 00000000 00:00 0 
7f36de4e1000-7f36de5df000 rw-p 00000000 00:00 0                          [stack:32447]
7f36de5df000-7f36de5e2000 ---p 00000000 00:00 0 
7f36de5e2000-7f36de6e0000 rw-p 00000000 00:00 0                          [stack:32446]
7f36de6e0000-7f36dec1e000 r--p 00000000 08:06 269140                     /usr/lib/locale/locale-archive
7f36dec1e000-7f36dec21000 ---p 00000000 00:00 0 
7f36dec21000-7f36ded1f000 rw-p 00000000 00:00 0                          [stack:32430]
7f36ded1f000-7f36ded22000 ---p 00000000 00:00 0 
7f36ded22000-7f36dee20000 rw-p 00000000 00:00 0                          [stack:32429]
7f36dee20000-7f36dee21000 ---p 00000000 00:00 0 
7f36dee21000-7f36df82a000 rw-p 00000000 00:00 0                          [stack:32428]
7f36df82a000-7f36dfa02000 r--s 03d2a000 08:06 10486172                   /usr/lib/jvm/jdk1.8.0_111/jre/lib/rt.jar
7f36dfa07000-7f36e43d5000 rw-p 00000000 00:00 0 
7f36e43d5000-7f36e43d6000 ---p 00000000 00:00 0 
7f36e43d6000-7f36e44d6000 rw-p 00000000 00:00 0                          [stack:32426]
7f36e44d6000-7f36e44d7000 ---p 00000000 00:00 0 
7f36e44d7000-7f36e45fa000 rw-p 00000000 00:00 0                          [stack:32424]
7f36e45fa000-7f36e4867000 ---p 00000000 00:00 0 
7f36e4867000-7f36e488a000 rw-p 00000000 00:00 0 
7f36e488a000-7f36e4af7000 ---p 00000000 00:00 0 
7f36e4af7000-7f36e4b16000 rw-p 00000000 00:00 0 
7f36e4b16000-7f36e4c3f000 ---p 00000000 00:00 0 
7f36e4c3f000-7f36e4c6f000 rw-p 00000000 00:00 0 
7f36e4c6f000-7f36e5000000 ---p 00000000 00:00 0 
7f36e5000000-7f36e5ba0000 rwxp 00000000 00:00 0 
7f36e5ba0000-7f36f4000000 ---p 00000000 00:00 0 
7f36f4000000-7f36f44ed000 rw-p 00000000 00:00 0 
7f36f44ed000-7f36f8000000 ---p 00000000 00:00 0 
7f36f8006000-7f36f8007000 rw-s cfee6000 00:06 12148                      /dev/nvidia0
7f36f800e000-7f36f800f000 rw-s cfee6000 00:06 12148                      /dev/nvidia0
7f36f8011000-7f36f8012000 rw-s fd641000 00:06 12148                      /dev/nvidia0
7f36f8019000-7f36f801a000 rw-s 221909000 00:06 12147                     /dev/nvidiactl
7f36f8020000-7f36f803a000 r-xp 00000000 08:06 10486203                   /usr/lib/jvm/jdk1.8.0_111/jre/lib/amd64/libzip.so
7f36f803a000-7f36f823a000 ---p 0001a000 08:06 10486203                   /usr/lib/jvm/jdk1.8.0_111/jre/lib/amd64/libzip.so
7f36f823a000-7f36f823b000 rw-p 0001a000 08:06 10486203                   /usr/lib/jvm/jdk1.8.0_111/jre/lib/amd64/libzip.so
7f36f8240000-7f36f824b000 r-xp 00000000 08:06 11273355                   /lib/x86_64-linux-gnu/libnss_files-2.19.so
7f36f824b000-7f36f844a000 ---p 0000b000 08:06 11273355                   /lib/x86_64-linux-gnu/libnss_files-2.19.so
7f36f844a000-7f36f844b000 r--p 0000a000 08:06 11273355                   /lib/x86_64-linux-gnu/libnss_files-2.19.so
7f36f844b000-7f36f844c000 rw-p 0000b000 08:06 11273355                   /lib/x86_64-linux-gnu/libnss_files-2.19.so
7f36f8450000-7f36f845b000 r-xp 00000000 08:06 11273318                   /lib/x86_64-linux-gnu/libnss_nis-2.19.so
7f36f845b000-7f36f865a000 ---p 0000b000 08:06 11273318                   /lib/x86_64-linux-gnu/libnss_nis-2.19.so
7f36f865a000-7f36f865b000 r--p 0000a000 08:06 11273318                   /lib/x86_64-linux-gnu/libnss_nis-2.19.so
7f36f865b000-7f36f865c000 rw-p 0000b000 08:06 11273318                   /lib/x86_64-linux-gnu/libnss_nis-2.19.so
7f36f8660000-7f36f8677000 r-xp 00000000 08:06 11273308                   /lib/x86_64-linux-gnu/libnsl-2.19.so
7f36f8677000-7f36f8876000 ---p 00017000 08:06 11273308                   /lib/x86_64-linux-gnu/libnsl-2.19.so
7f36f8876000-7f36f8877000 r--p 00016000 08:06 11273308                   /lib/x86_64-linux-gnu/libnsl-2.19.so
7f36f8877000-7f36f8878000 rw-p 00017000 08:06 11273308                   /lib/x86_64-linux-gnu/libnsl-2.19.so
7f36f8878000-7f36f887a000 rw-p 00000000 00:00 0 
7f36f8880000-7f36f8889000 r-xp 00000000 08:06 11273302                   /lib/x86_64-linux-gnu/libnss_compat-2.19.so
7f36f8889000-7f36f8a88000 ---p 00009000 08:06 11273302                   /lib/x86_64-linux-gnu/libnss_compat-2.19.so
7f36f8a88000-7f36f8a89000 r--p 00008000 08:06 11273302                   /lib/x86_64-linux-gnu/libnss_compat-2.19.so
7f36f8a89000-7f36f8a8a000 rw-p 00009000 08:06 11273302                   /lib/x86_64-linux-gnu/libnss_compat-2.19.so
7f36f8a90000-7f36f8abb000 r-xp 00000000 08:06 10486230                   /usr/lib/jvm/jdk1.8.0_111/jre/lib/amd64/libjava.so
7f36f8abb000-7f36f8cba000 ---p 0002b000 08:06 10486230                   /usr/lib/jvm/jdk1.8.0_111/jre/lib/amd64/libjava.so
7f36f8cba000-7f36f8cbc000 rw-p 0002a000 08:06 10486230                   /usr/lib/jvm/jdk1.8.0_111/jre/lib/amd64/libjava.so
7f36f8cc0000-7f36f8ccd000 r-xp 00000000 08:06 10486181                   /usr/lib/jvm/jdk1.8.0_111/jre/lib/amd64/libverify.so
7f36f8ccd000-7f36f8ecc000 ---p 0000d000 08:06 10486181                   /usr/lib/jvm/jdk1.8.0_111/jre/lib/amd64/libverify.so
7f36f8ecc000-7f36f8ece000 rw-p 0000c000 08:06 10486181                   /usr/lib/jvm/jdk1.8.0_111/jre/lib/amd64/libverify.so
7f36f8ed0000-7f36f8ed7000 r-xp 00000000 08:06 11273343                   /lib/x86_64-linux-gnu/librt-2.19.so
7f36f8ed7000-7f36f90d6000 ---p 00007000 08:06 11273343                   /lib/x86_64-linux-gnu/librt-2.19.so
7f36f90d6000-7f36f90d7000 r--p 00006000 08:06 11273343                   /lib/x86_64-linux-gnu/librt-2.19.so
7f36f90d7000-7f36f90d8000 rw-p 00007000 08:06 11273343                   /lib/x86_64-linux-gnu/librt-2.19.so
7f36f90d8000-7f36f91dd000 r-xp 00000000 08:06 11273293                   /lib/x86_64-linux-gnu/libm-2.19.so
7f36f91dd000-7f36f93dc000 ---p 00105000 08:06 11273293                   /lib/x86_64-linux-gnu/libm-2.19.so
7f36f93dc000-7f36f93dd000 r--p 00104000 08:06 11273293                   /lib/x86_64-linux-gnu/libm-2.19.so
7f36f93dd000-7f36f93de000 rw-p 00105000 08:06 11273293                   /lib/x86_64-linux-gnu/libm-2.19.so
7f36f93e0000-7f36fa0ad000 r-xp 00000000 08:06 10486234                   /usr/lib/jvm/jdk1.8.0_111/jre/lib/amd64/server/libjvm.so
7f36fa0ad000-7f36fa2ac000 ---p 00ccd000 08:06 10486234                   /usr/lib/jvm/jdk1.8.0_111/jre/lib/amd64/server/libjvm.so
7f36fa2ac000-7f36fa385000 rw-p 00ccc000 08:06 10486234                   /usr/lib/jvm/jdk1.8.0_111/jre/lib/amd64/server/libjvm.so
7f36fa385000-7f36fa3d0000 rw-p 00000000 00:00 0 
7f36fa3d0000-7f36fa58b000 r-xp 00000000 08:06 11273344                   /lib/x86_64-linux-gnu/libc-2.19.so
7f36fa58b000-7f36fa78a000 ---p 001bb000 08:06 11273344                   /lib/x86_64-linux-gnu/libc-2.19.so
7f36fa78a000-7f36fa78e000 r--p 001ba000 08:06 11273344                   /lib/x86_64-linux-gnu/libc-2.19.so
7f36fa78e000-7f36fa790000 rw-p 001be000 08:06 11273344                   /lib/x86_64-linux-gnu/libc-2.19.so
7f36fa790000-7f36fa795000 rw-p 00000000 00:00 0 
7f36fa798000-7f36fa79b000 r-xp 00000000 08:06 11273295                   /lib/x86_64-linux-gnu/libdl-2.19.so
7f36fa79b000-7f36fa99a000 ---p 00003000 08:06 11273295                   /lib/x86_64-linux-gnu/libdl-2.19.so
7f36fa99a000-7f36fa99b000 r--p 00002000 08:06 11273295                   /lib/x86_64-linux-gnu/libdl-2.19.so
7f36fa99b000-7f36fa99c000 rw-p 00003000 08:06 11273295                   /lib/x86_64-linux-gnu/libdl-2.19.so
7f36fa9a0000-7f36fa9b5000 r-xp 00000000 08:06 10486219                   /usr/lib/jvm/jdk1.8.0_111/jre/lib/amd64/jli/libjli.so
7f36fa9b5000-7f36fabb5000 ---p 00015000 08:06 10486219                   /usr/lib/jvm/jdk1.8.0_111/jre/lib/amd64/jli/libjli.so
7f36fabb5000-7f36fabb6000 rw-p 00015000 08:06 10486219                   /usr/lib/jvm/jdk1.8.0_111/jre/lib/amd64/jli/libjli.so
7f36fabb8000-7f36fabd1000 r-xp 00000000 08:06 11273309                   /lib/x86_64-linux-gnu/libpthread-2.19.so
7f36fabd1000-7f36fadd0000 ---p 00019000 08:06 11273309                   /lib/x86_64-linux-gnu/libpthread-2.19.so
7f36fadd0000-7f36fadd1000 r--p 00018000 08:06 11273309                   /lib/x86_64-linux-gnu/libpthread-2.19.so
7f36fadd1000-7f36fadd2000 rw-p 00019000 08:06 11273309                   /lib/x86_64-linux-gnu/libpthread-2.19.so
7f36fadd2000-7f36fadd6000 rw-p 00000000 00:00 0 
7f36fadd8000-7f36fadfb000 r-xp 00000000 08:06 11273314                   /lib/x86_64-linux-gnu/ld-2.19.so
7f36fae02000-7f36fae03000 rw-s 186c02000 00:06 12147                     /dev/nvidiactl
7f36fae08000-7f36fae09000 rw-s fd060000 00:06 12148                      /dev/nvidia0
7f36fae0e000-7f36fae10000 r--s 00026000 08:06 10229194                   /home/xmbeat/NetBeansProjects/FingerprintLogin/dist/run612057764/FingerprintLogin.jar
7f36fae17000-7f36faee8000 rw-p 00000000 00:00 0 
7f36faee8000-7f36faef0000 rw-s 00000000 08:06 1185738                    /tmp/hsperfdata_xmbeat/32416
7f36faef2000-7f36faef6000 rw-p 00000000 00:00 0 
7f36faef6000-7f36faef7000 ---p 00000000 00:00 0 
7f36faef7000-7f36faefa000 ---p 00000000 00:00 0 
7f36faefa000-7f36faffa000 rw-p 00000000 00:00 0                          [stack:32418]
7f36faffa000-7f36faffb000 r--p 00022000 08:06 11273314                   /lib/x86_64-linux-gnu/ld-2.19.so
7f36faffb000-7f36faffc000 rw-p 00023000 08:06 11273314                   /lib/x86_64-linux-gnu/ld-2.19.so
7f36faffc000-7f36faffe000 rw-p 00000000 00:00 0 
7f36faffe000-7f36fb001000 rw-p 00000000 00:00 0 
7ffd88019000-7ffd8803a000 rw-p 00000000 00:00 0                          [stack]
7ffd881d0000-7ffd881d2000 r--p 00000000 00:00 0                          [vvar]
7ffd881d2000-7ffd881d4000 r-xp 00000000 00:00 0                          [vdso]
ffffffffff600000-ffffffffff601000 r-xp 00000000 00:00 0                  [vsyscall]

VM Arguments:
jvm_args: -Dfile.encoding=UTF-8 
java_command: /home/xmbeat/NetBeansProjects/FingerprintLogin/dist/run612057764/FingerprintLogin.jar
java_class_path (initial): /home/xmbeat/NetBeansProjects/FingerprintLogin/dist/run612057764/FingerprintLogin.jar
Launcher Type: SUN_STANDARD

Environment Variables:
PATH=/home/xmbeat/bin:/usr/local/sbin:/usr/local/bin:/usr/sbin:/usr/bin:/sbin:/bin:/usr/games:/usr/local/games
USERNAME=xmbeat
LD_LIBRARY_PATH=/usr/lib/jvm/jdk1.8.0_111/jre/lib/amd64:/usr/lib/jvm/jdk1.8.0_111/jre/lib/i386:
SHELL=/bin/bash
DISPLAY=:0

Signal Handlers:
SIGSEGV: [libjvm.so+0xac64b0], sa_mask[0]=11111111011111111101111111111110, sa_flags=SA_RESTART|SA_SIGINFO
SIGBUS: [libjvm.so+0xac64b0], sa_mask[0]=11111111011111111101111111111110, sa_flags=SA_RESTART|SA_SIGINFO
SIGFPE: [libjvm.so+0x91f950], sa_mask[0]=11111111011111111101111111111110, sa_flags=SA_RESTART|SA_SIGINFO
SIGPIPE: SIG_IGN, sa_mask[0]=00000000000000000000000000000000, sa_flags=none
SIGXFSZ: [libjvm.so+0x91f950], sa_mask[0]=11111111011111111101111111111110, sa_flags=SA_RESTART|SA_SIGINFO
SIGILL: [libjvm.so+0x91f950], sa_mask[0]=11111111011111111101111111111110, sa_flags=SA_RESTART|SA_SIGINFO
SIGUSR1: SIG_DFL, sa_mask[0]=00000000000000000000000000000000, sa_flags=none
SIGUSR2: [libjvm.so+0x920f80], sa_mask[0]=00100000000000000000000000000000, sa_flags=SA_RESTART|SA_SIGINFO
SIGHUP: [libjvm.so+0x922380], sa_mask[0]=11111111011111111101111111111110, sa_flags=SA_RESTART|SA_SIGINFO
SIGINT: SIG_IGN, sa_mask[0]=00000000000000000000000000000000, sa_flags=none
SIGTERM: [libjvm.so+0x922380], sa_mask[0]=11111111011111111101111111111110, sa_flags=SA_RESTART|SA_SIGINFO
SIGQUIT: [libjvm.so+0x922380], sa_mask[0]=11111111011111111101111111111110, sa_flags=SA_RESTART|SA_SIGINFO


---------------  S Y S T E M  ---------------

OS:DISTRIB_ID=LinuxMint
DISTRIB_RELEASE=17.3
DISTRIB_CODENAME=rosa
DISTRIB_DESCRIPTION="Linux Mint 17.3 Rosa"

uname:Linux 3.19.0-32-generic #37~14.04.1-Ubuntu SMP Thu Oct 22 09:41:40 UTC 2015 x86_64
libc:glibc 2.19 NPTL 2.19 
rlimit: STACK 8192k, CORE 0k, NPROC 31347, NOFILE 4096, AS infinity
load average:1.40 1.72 1.41

/proc/meminfo:
MemTotal:        8056656 kB
MemFree:         1605252 kB
MemAvailable:    4007704 kB
Buffers:          250064 kB
Cached:          2372860 kB
SwapCached:            0 kB
Active:          4407868 kB
Inactive:        1658748 kB
Active(anon):    3447604 kB
Inactive(anon):   129520 kB
Active(file):     960264 kB
Inactive(file):  1529228 kB
Unevictable:           0 kB
Mlocked:               0 kB
SwapTotal:       3998716 kB
SwapFree:        3998716 kB
Dirty:               148 kB
Writeback:             0 kB
AnonPages:       3443744 kB
Mapped:           664852 kB
Shmem:            133380 kB
Slab:             197700 kB
SReclaimable:     163788 kB
SUnreclaim:        33912 kB
KernelStack:        9616 kB
PageTables:        39556 kB
NFS_Unstable:          0 kB
Bounce:                0 kB
WritebackTmp:          0 kB
CommitLimit:     8027044 kB
Committed_AS:    7068176 kB
VmallocTotal:   34359738367 kB
VmallocUsed:      321148 kB
VmallocChunk:   34359405052 kB
HardwareCorrupted:     0 kB
AnonHugePages:   1933312 kB
CmaTotal:              0 kB
CmaFree:               0 kB
HugePages_Total:       0
HugePages_Free:        0
HugePages_Rsvd:        0
HugePages_Surp:        0
Hugepagesize:       2048 kB
DirectMap4k:      279988 kB
DirectMap2M:     8054784 kB
DirectMap1G:           0 kB


CPU:total 2 (2 cores per cpu, 1 threads per core) family 21 model 19 stepping 1, cmov, cx8, fxsr, mmx, sse, sse2, sse3, ssse3, sse4.1, sse4.2, popcnt, avx, aes, clmul, mmxext, 3dnowpref, lzcnt, sse4a, tsc, tscinvbit, tscinv, bmi1

/proc/cpuinfo:
processor	: 0
vendor_id	: AuthenticAMD
cpu family	: 21
model		: 19
model name	: AMD A4-4000 APU with Radeon(tm) HD Graphics
stepping	: 1
microcode	: 0x6001119
cpu MHz		: 3000.000
cache size	: 1024 KB
physical id	: 0
siblings	: 2
core id		: 0
cpu cores	: 1
apicid		: 16
initial apicid	: 0
fpu		: yes
fpu_exception	: yes
cpuid level	: 13
wp		: yes
flags		: fpu vme de pse tsc msr pae mce cx8 apic sep mtrr pge mca cmov pat pse36 clflush mmx fxsr sse sse2 ht syscall nx mmxext fxsr_opt pdpe1gb rdtscp lm constant_tsc rep_good nopl nonstop_tsc extd_apicid aperfmperf pni pclmulqdq monitor ssse3 fma cx16 sse4_1 sse4_2 popcnt aes xsave avx f16c lahf_lm cmp_legacy svm extapic cr8_legacy abm sse4a misalignsse 3dnowprefetch osvw ibs xop skinit wdt lwp fma4 tce nodeid_msr tbm topoext perfctr_core perfctr_nb arat cpb hw_pstate npt lbrv svm_lock nrip_save tsc_scale vmcb_clean flushbyasid decodeassists pausefilter pfthreshold vmmcall bmi1
bugs		: fxsave_leak
bogomips	: 5989.21
TLB size	: 1536 4K pages
clflush size	: 64
cache_alignment	: 64
address sizes	: 48 bits physical, 48 bits virtual
power management: ts ttp tm 100mhzsteps hwpstate cpb eff_freq_ro

processor	: 1
vendor_id	: AuthenticAMD
cpu family	: 21
model		: 19
model name	: AMD A4-4000 APU with Radeon(tm) HD Graphics    
stepping	: 1
microcode	: 0x6001119
cpu MHz		: 3000.000
cache size	: 1024 KB
physical id	: 0
siblings	: 2
core id		: 1
cpu cores	: 1
apicid		: 17
initial apicid	: 1
fpu		: yes
fpu_exception	: yes
cpuid level	: 13
wp		: yes
flags		: fpu vme de pse tsc msr pae mce cx8 apic sep mtrr pge mca cmov pat pse36 clflush mmx fxsr sse sse2 ht syscall nx mmxext fxsr_opt pdpe1gb rdtscp lm constant_tsc rep_good nopl nonstop_tsc extd_apicid aperfmperf pni pclmulqdq monitor ssse3 fma cx16 sse4_1 sse4_2 popcnt aes xsave avx f16c lahf_lm cmp_legacy svm extapic cr8_legacy abm sse4a misalignsse 3dnowprefetch osvw ibs xop skinit wdt lwp fma4 tce nodeid_msr tbm topoext perfctr_core perfctr_nb arat cpb hw_pstate npt lbrv svm_lock nrip_save tsc_scale vmcb_clean flushbyasid decodeassists pausefilter pfthreshold vmmcall bmi1
bugs		: fxsave_leak
bogomips	: 5989.21
TLB size	: 1536 4K pages
clflush size	: 64
cache_alignment	: 64
address sizes	: 48 bits physical, 48 bits virtual
power management: ts ttp tm 100mhzsteps hwpstate cpb eff_freq_ro



Memory: 4k page, physical 8056656k(1605252k free), swap 3998716k(3998716k free)

vm_info: Java HotSpot(TM) 64-Bit Server VM (25.111-b14) for linux-amd64 JRE (1.8.0_111-b14), built on Sep 22 2016 16:14:03 by "java_re" with gcc 4.3.0 20080428 (Red Hat 4.3.0-8)

time: Tue Dec  6 21:07:37 2016
elapsed time: 20 seconds (0d 0h 0m 20s)

