#
# A fatal error has been detected by the Java Runtime Environment:
#
#  SIGSEGV (0xb) at pc=0x00007fc6af5cf0ee, pid=7083, tid=0x00007fc6accaf700
#
# JRE version: Java(TM) SE Runtime Environment (8.0_111-b14) (build 1.8.0_111-b14)
# Java VM: Java HotSpot(TM) 64-Bit Server VM (25.111-b14 mixed mode linux-amd64 compressed oops)
# Problematic frame:
# C  [libfprint.so.0+0xf0ee]  generic_acquire_stop+0xe
#
# Failed to write core dump. Core dumps have been disabled. To enable core dumping, try "ulimit -c unlimited" before starting Java again
#
# If you would like to submit a bug report, please visit:
#   http://bugreport.java.com/bugreport/crash.jsp
# The crash happened outside the Java Virtual Machine in native code.
# See problematic frame for where to report the bug.
#

---------------  T H R E A D  ---------------

Current thread (0x00007fc6b8008800):  JavaThread "Thread-6" daemon [_thread_in_native, id=7260, stack(0x00007fc6acbaf000,0x00007fc6accb0000)]

siginfo: si_signo: 11 (SIGSEGV), si_code: 1 (SEGV_MAPERR), si_addr: 0x0000000000000000

Registers:
RAX=0x0000000000000000, RBX=0x00007fc6bc007950, RCX=0x00007fc6af5f63e8, RDX=0x00007fc6af5f6580
RSP=0x00007fc6accae770, RBP=0x00007fc6af817700, RSI=0x00007fc6af5f63f5, RDI=0x00007fc6bc007950
R8 =0x00007fc6af5f63e0, R9 =0x00000000000001eb, R10=0x00007fc6accae580, R11=0x00007fc6af5ccb50
R12=0x00007fc6bc008b60, R13=0x00007fc6b270acaf, R14=0x00007fc6accae8a8, R15=0x00007fc6b8008800
RIP=0x00007fc6af5cf0ee, EFLAGS=0x0000000000010246, CSGSFS=0x0000000000000033, ERR=0x0000000000000004
  TRAPNO=0x000000000000000e

Top of Stack: (sp=0x00007fc6accae770)
0x00007fc6accae770:   00007fc6bc007950 00007fc6af5cf17c
0x00007fc6accae780:   00007fc6bc009cd0 00007fc6af5ccbb6
0x00007fc6accae790:   00007fc6bc009cd0 00007fc7110ce048
0x00007fc6accae7a0:   00007fc6accae810 0000000000000000
0x00007fc6accae7b0:   00007fc7110ce048 00007fc6b270b41c
0x00007fc6accae7c0:   00007fc6accae898 00007fc6accae8a0
0x00007fc6accae7d0:   00007fc6accae8a8 00007fc6b80089f8
0x00007fc6accae7e0:   00007fc6accae820 00007fc6b80022e0
0x00007fc6accae7f0:   00007fc6b80022e8 0000000000000082
0x00007fc6accae800:   00007fc6bc009cd0 00007fc6bc008b60
0x00007fc6accae810:   00007fc6accae878 00007fc6fd0173f4
0x00007fc6accae820:   00007fc6accae878 00007fc6fd017187
0x00007fc6accae830:   00007fc6fd017142 00007fc6accae838
0x00007fc6accae840:   00007fc7110ce048 00007fc6accae8a8
0x00007fc6accae850:   00007fc7110d1640 0000000000000000
0x00007fc6accae860:   00007fc7110ce048 0000000000000000
0x00007fc6accae870:   00007fc6accae8b0 00000000d716e678
0x00007fc6accae880:   00007fc6fd7af69c 0000000000000000
0x00007fc6accae890:   00007fc6fd011536 00000000d742bb10
0x00007fc6accae8a0:   00000000d716e678 00000000d716e678
0x00007fc6accae8b0:   00000000d716e6e8 0000000100163390
0x00007fc6accae8c0:   0000000100104b68 00000001000016d0
0x00007fc6accae8d0:   000000010000da58 000000010033a060
0x00007fc6accae8e0:   0000000000000007 d7196a80855fe690
0x00007fc6accae8f0:   00000000d742bb10 00000000d7196ad8
0x00007fc6accae900:   000000220000001e 0000000000000053
0x00007fc6accae910:   0000000000000050 00000000d7196af0
0x00007fc6accae920:   0000000000000001 0000000000000000
0x00007fc6accae930:   00007fc6accae998 00007fc6fd008302
0x00007fc6accae940:   00000000d716e6e8 00007fc6fd008302
0x00007fc6accae950:   00000000d716e6e8 00007fc6accae958
0x00007fc6accae960:   00007fc710a4294b 00007fc6accae9a8 

Instructions: (pc=0x00007fc6af5cf0ee)
0x00007fc6af5cf0ce:   00 00 48 89 c7 e9 c8 cd ff ff 0f 1f 84 00 00 00
0x00007fc6af5cf0de:   00 00 53 48 8b 07 48 89 fb c7 47 14 06 00 00 00
0x00007fc6af5cf0ee:   48 8b 00 48 8b 80 b8 00 00 00 48 85 c0 74 02 ff
0x00007fc6af5cf0fe:   d0 48 8b 7b 18 e8 18 c4 ff ff 48 8b 7b 20 e8 0f 

Register to memory mapping:

RAX=0x0000000000000000 is an unknown value
RBX=0x00007fc6bc007950 is an unknown value
RCX=0x00007fc6af5f63e8: <offset 0x363e8> in /usr/local/lib/libfprint.so.0 at 0x00007fc6af5c0000
RDX=0x00007fc6af5f6580: <offset 0x36580> in /usr/local/lib/libfprint.so.0 at 0x00007fc6af5c0000
RSP=0x00007fc6accae770 is pointing into the stack for thread: 0x00007fc6b8008800
RBP=0x00007fc6af817700: <offset 0x257700> in /usr/local/lib/libfprint.so.0 at 0x00007fc6af5c0000
RSI=0x00007fc6af5f63f5: <offset 0x363f5> in /usr/local/lib/libfprint.so.0 at 0x00007fc6af5c0000
RDI=0x00007fc6bc007950 is an unknown value
R8 =0x00007fc6af5f63e0: <offset 0x363e0> in /usr/local/lib/libfprint.so.0 at 0x00007fc6af5c0000
R9 =0x00000000000001eb is an unknown value
R10=0x00007fc6accae580 is pointing into the stack for thread: 0x00007fc6b8008800
R11=0x00007fc6af5ccb50: fp_async_capture_stop+0 in /usr/local/lib/libfprint.so.0 at 0x00007fc6af5c0000
R12=0x00007fc6bc008b60 is an unknown value
R13=0x00007fc6b270acaf: <offset 0x2caf> in /tmp/libfingerprint8590228530024224049.so at 0x00007fc6b2708000
R14=0x00007fc6accae8a8 is pointing into the stack for thread: 0x00007fc6b8008800
R15=0x00007fc6b8008800 is a thread


Stack: [0x00007fc6acbaf000,0x00007fc6accb0000],  sp=0x00007fc6accae770,  free space=1021k
Native frames: (J=compiled Java code, j=interpreted, Vv=VM code, C=native code)
C  [libfprint.so.0+0xf0ee]  generic_acquire_stop+0xe

Java frames: (J=compiled Java code, j=interpreted, Vv=VM code)
j  uaz.fingerprint.Reader.nativeStopCapture(Luaz/fingerprint/NativeReaderCallback;Ljava/lang/Object;)I+0
J 2553% C2 uaz.fingerprint.ReaderDispatcher.run()V (668 bytes) @ 0x00007fc6fd7af69c [0x00007fc6fd7aefa0+0x6fc]
j  java.lang.Thread.run()V+11
v  ~StubRoutines::call_stub

---------------  P R O C E S S  ---------------

Java Threads: ( => current thread )
  0x00007fc6b8019800 JavaThread "Thread-8" daemon [_thread_in_native, id=7399, stack(0x00007fc6ac7a7000,0x00007fc6ac8a8000)]
  0x00007fc6b41df800 JavaThread "Thread-7" [_thread_blocked, id=7398, stack(0x00007fc6c210f000,0x00007fc6c2210000)]
=>0x00007fc6b8008800 JavaThread "Thread-6" daemon [_thread_in_native, id=7260, stack(0x00007fc6acbaf000,0x00007fc6accb0000)]
  0x00007fc6b8017000 JavaThread "Thread-4" daemon [_thread_in_Java, id=7258, stack(0x00007fc6ad43e000,0x00007fc6ad53f000)]
  0x00007fc6b4394000 JavaThread "Prism Font Disposer" daemon [_thread_blocked, id=7173, stack(0x00007fc6c056b000,0x00007fc6c066c000)]
  0x00007fc70c2ae800 JavaThread "JavaFX-Launcher" [_thread_blocked, id=7126, stack(0x00007fc6c1a25000,0x00007fc6c1b26000)]
  0x00007fc70c2ab000 JavaThread "JavaFX Application Thread" [_thread_in_native, id=7125, stack(0x00007fc6c1b26000,0x00007fc6c1c27000)]
  0x00007fc70c2a7000 JavaThread "Thread-1" daemon [_thread_blocked, id=7124, stack(0x00007fc6c1c27000,0x00007fc6c1d28000)]
  0x00007fc70c250800 JavaThread "QuantumRenderer-0" daemon [_thread_in_native, id=7119, stack(0x00007fc6f417f000,0x00007fc6f4280000)]
  0x00007fc70c141000 JavaThread "Service Thread" daemon [_thread_blocked, id=7096, stack(0x00007fc6fc1b4000,0x00007fc6fc2b5000)]
  0x00007fc70c13e800 JavaThread "C1 CompilerThread1" daemon [_thread_blocked, id=7095, stack(0x00007fc6fc2b5000,0x00007fc6fc3b6000)]
  0x00007fc70c13b800 JavaThread "C2 CompilerThread0" daemon [_thread_blocked, id=7094, stack(0x00007fc6fc3b6000,0x00007fc6fc4b7000)]
  0x00007fc70c13a000 JavaThread "Signal Dispatcher" daemon [_thread_blocked, id=7093, stack(0x00007fc6fc4b7000,0x00007fc6fc5b8000)]
  0x00007fc70c107000 JavaThread "Finalizer" daemon [_thread_blocked, id=7092, stack(0x00007fc6fcafb000,0x00007fc6fcbfc000)]
  0x00007fc70c102800 JavaThread "Reference Handler" daemon [_thread_blocked, id=7091, stack(0x00007fc6fcbfc000,0x00007fc6fccfd000)]
  0x00007fc70c00a000 JavaThread "main" [_thread_blocked, id=7087, stack(0x00007fc7150c3000,0x00007fc7151c4000)]

Other Threads:
  0x00007fc70c0fa800 VMThread [stack: 0x00007fc6fccfd000,0x00007fc6fcdfe000] [id=7090]
  0x00007fc70c144800 WatcherThread [stack: 0x00007fc6fc0b3000,0x00007fc6fc1b4000] [id=7097]

VM state:synchronizing (normal execution)

VM Mutex/Monitor currently owned by a thread:  ([mutex/lock_event])
[0x00007fc70c0061a0] Safepoint_lock - owner thread: 0x00007fc70c0fa800
[0x00007fc70c006220] Threads_lock - owner thread: 0x00007fc70c0fa800

Heap:
 PSYoungGen      total 36864K, used 4588K [0x00000000d7000000, 0x00000000d9900000, 0x0000000100000000)
  eden space 31744K, 14% used [0x00000000d7000000,0x00000000d747b0c8,0x00000000d8f00000)
  from space 5120K, 0% used [0x00000000d9400000,0x00000000d9400000,0x00000000d9900000)
  to   space 5120K, 0% used [0x00000000d8f00000,0x00000000d8f00000,0x00000000d9400000)
 ParOldGen       total 73728K, used 11080K [0x0000000085000000, 0x0000000089800000, 0x00000000d7000000)
  object space 73728K, 15% used [0x0000000085000000,0x0000000085ad2020,0x0000000089800000)
 Metaspace       used 20444K, capacity 21880K, committed 22016K, reserved 1069056K
  class space    used 3041K, capacity 3327K, committed 3328K, reserved 1048576K

Card table byte_map: [0x00007fc711a7f000,0x00007fc711e58000] byte_map_base: 0x00007fc711657000

Marking Bits: (ParMarkBitMap*) 0x00007fc71459b220
 Begin Bits: [0x00007fc6f4280000, 0x00007fc6f6140000)
 End Bits:   [0x00007fc6f6140000, 0x00007fc6f8000000)

Polling page: 0x00007fc7151ef000

CodeCache: size=245760Kb used=9008Kb max_used=9008Kb free=236751Kb
 bounds [0x00007fc6fd000000, 0x00007fc6fd8e0000, 0x00007fc70c000000]
 total_blobs=3563 nmethods=2897 adapters=580
 compilation: enabled

Compilation events (10 events):
Event: 10.932 Thread 0x00007fc70c13e800 2892       3       javafx.scene.CssStyleHelper::pseudoClassStateChanged (9 bytes)
Event: 10.932 Thread 0x00007fc70c13e800 nmethod 2892 0x00007fc6fd8cc9d0 code [0x00007fc6fd8ccb40, 0x00007fc6fd8ccda8]
Event: 10.932 Thread 0x00007fc70c13e800 2893       3       com.sun.javafx.css.PseudoClassState::contains (6 bytes)
Event: 10.932 Thread 0x00007fc70c13e800 nmethod 2893 0x00007fc6fd8cce90 code [0x00007fc6fd8cd000, 0x00007fc6fd8cd188]
Event: 10.932 Thread 0x00007fc70c13e800 2894       3       javafx.beans.value.WeakChangeListener::changed (38 bytes)
Event: 10.933 Thread 0x00007fc70c13e800 nmethod 2894 0x00007fc6fd8cd210 code [0x00007fc6fd8cd3a0, 0x00007fc6fd8cd878]
Event: 10.934 Thread 0x00007fc70c13e800 2895       3       com.sun.javafx.font.LogicalFont::equals (32 bytes)
Event: 10.935 Thread 0x00007fc70c13e800 nmethod 2895 0x00007fc6fd8cda10 code [0x00007fc6fd8cdba0, 0x00007fc6fd8ce028]
Event: 10.935 Thread 0x00007fc70c13e800 2896       3       javafx.scene.layout.Region::prefWidth (38 bytes)
Event: 10.936 Thread 0x00007fc70c13e800 nmethod 2896 0x00007fc6fd8ce150 code [0x00007fc6fd8ce320, 0x00007fc6fd8ce9f8]

GC Heap History (6 events):
Event: 1.885 GC heap before
{Heap before GC invocations=1 (full 0):
 PSYoungGen      total 36864K, used 31141K [0x00000000d7000000, 0x00000000d9900000, 0x0000000100000000)
  eden space 31744K, 98% used [0x00000000d7000000,0x00000000d8e69710,0x00000000d8f00000)
  from space 5120K, 0% used [0x00000000d9400000,0x00000000d9400000,0x00000000d9900000)
  to   space 5120K, 0% used [0x00000000d8f00000,0x00000000d8f00000,0x00000000d9400000)
 ParOldGen       total 84992K, used 0K [0x0000000085000000, 0x000000008a300000, 0x00000000d7000000)
  object space 84992K, 0% used [0x0000000085000000,0x0000000085000000,0x000000008a300000)
 Metaspace       used 11860K, capacity 12296K, committed 12544K, reserved 1060864K
  class space    used 1589K, capacity 1729K, committed 1792K, reserved 1048576K
Event: 1.896 GC heap after
Heap after GC invocations=1 (full 0):
 PSYoungGen      total 36864K, used 4241K [0x00000000d7000000, 0x00000000d9900000, 0x0000000100000000)
  eden space 31744K, 0% used [0x00000000d7000000,0x00000000d7000000,0x00000000d8f00000)
  from space 5120K, 82% used [0x00000000d8f00000,0x00000000d9324418,0x00000000d9400000)
  to   space 5120K, 0% used [0x00000000d9400000,0x00000000d9400000,0x00000000d9900000)
 ParOldGen       total 84992K, used 80K [0x0000000085000000, 0x000000008a300000, 0x00000000d7000000)
  object space 84992K, 0% used [0x0000000085000000,0x0000000085014010,0x000000008a300000)
 Metaspace       used 11860K, capacity 12296K, committed 12544K, reserved 1060864K
  class space    used 1589K, capacity 1729K, committed 1792K, reserved 1048576K
}
Event: 5.609 GC heap before
{Heap before GC invocations=2 (full 0):
 PSYoungGen      total 36864K, used 35904K [0x00000000d7000000, 0x00000000d9900000, 0x0000000100000000)
  eden space 31744K, 99% used [0x00000000d7000000,0x00000000d8eebdc8,0x00000000d8f00000)
  from space 5120K, 82% used [0x00000000d8f00000,0x00000000d9324418,0x00000000d9400000)
  to   space 5120K, 0% used [0x00000000d9400000,0x00000000d9400000,0x00000000d9900000)
 ParOldGen       total 84992K, used 80K [0x0000000085000000, 0x000000008a300000, 0x00000000d7000000)
  object space 84992K, 0% used [0x0000000085000000,0x0000000085014010,0x000000008a300000)
 Metaspace       used 19762K, capacity 21154K, committed 21248K, reserved 1067008K
  class space    used 3002K, capacity 3288K, committed 3328K, reserved 1048576K
Event: 5.641 GC heap after
Heap after GC invocations=2 (full 0):
 PSYoungGen      total 36864K, used 5104K [0x00000000d7000000, 0x00000000d9900000, 0x0000000100000000)
  eden space 31744K, 0% used [0x00000000d7000000,0x00000000d7000000,0x00000000d8f00000)
  from space 5120K, 99% used [0x00000000d9400000,0x00000000d98fc058,0x00000000d9900000)
  to   space 5120K, 0% used [0x00000000d8f00000,0x00000000d8f00000,0x00000000d9400000)
 ParOldGen       total 84992K, used 6069K [0x0000000085000000, 0x000000008a300000, 0x00000000d7000000)
  object space 84992K, 7% used [0x0000000085000000,0x00000000855ed698,0x000000008a300000)
 Metaspace       used 19762K, capacity 21154K, committed 21248K, reserved 1067008K
  class space    used 3002K, capacity 3288K, committed 3328K, reserved 1048576K
}
Event: 5.641 GC heap before
{Heap before GC invocations=3 (full 1):
 PSYoungGen      total 36864K, used 5104K [0x00000000d7000000, 0x00000000d9900000, 0x0000000100000000)
  eden space 31744K, 0% used [0x00000000d7000000,0x00000000d7000000,0x00000000d8f00000)
  from space 5120K, 99% used [0x00000000d9400000,0x00000000d98fc058,0x00000000d9900000)
  to   space 5120K, 0% used [0x00000000d8f00000,0x00000000d8f00000,0x00000000d9400000)
 ParOldGen       total 84992K, used 6069K [0x0000000085000000, 0x000000008a300000, 0x00000000d7000000)
  object space 84992K, 7% used [0x0000000085000000,0x00000000855ed698,0x000000008a300000)
 Metaspace       used 19762K, capacity 21154K, committed 21248K, reserved 1067008K
  class space    used 3002K, capacity 3288K, committed 3328K, reserved 1048576K
Event: 5.740 GC heap after
Heap after GC invocations=3 (full 1):
 PSYoungGen      total 36864K, used 0K [0x00000000d7000000, 0x00000000d9900000, 0x0000000100000000)
  eden space 31744K, 0% used [0x00000000d7000000,0x00000000d7000000,0x00000000d8f00000)
  from space 5120K, 0% used [0x00000000d9400000,0x00000000d9400000,0x00000000d9900000)
  to   space 5120K, 0% used [0x00000000d8f00000,0x00000000d8f00000,0x00000000d9400000)
 ParOldGen       total 73728K, used 11080K [0x0000000085000000, 0x0000000089800000, 0x00000000d7000000)
  object space 73728K, 15% used [0x0000000085000000,0x0000000085ad2020,0x0000000089800000)
 Metaspace       used 19762K, capacity 21154K, committed 21248K, reserved 1067008K
  class space    used 3002K, capacity 3288K, committed 3328K, reserved 1048576K
}

Deoptimization events (10 events):
Event: 6.222 Thread 0x00007fc6b8017000 Uncommon trap: reason=unstable_if action=reinterpret pc=0x00007fc6fd7829c0 method=java.util.PriorityQueue.poll()Ljava/lang/Object; @ 4
Event: 6.222 Thread 0x00007fc6b8017000 Uncommon trap: reason=unstable_if action=reinterpret pc=0x00007fc6fd7857d4 method=java.util.PriorityQueue.poll()Ljava/lang/Object; @ 4
Event: 6.231 Thread 0x00007fc6b8008800 Uncommon trap: reason=unstable_if action=reinterpret pc=0x00007fc6fd779634 method=java.util.PriorityQueue.poll()Ljava/lang/Object; @ 4
Event: 7.454 Thread 0x00007fc70c2ab000 Uncommon trap: reason=unstable_if action=reinterpret pc=0x00007fc6fd5411a8 method=javafx.scene.CssStyleHelper.getStyle(Ljavafx/css/Styleable;Ljava/lang/String;Lcom/sun/javafx/css/StyleMap;Ljava/util/Set;)Lcom/sun/javafx/css/CascadingStyle; @ 8
Event: 7.482 Thread 0x00007fc70c2ab000 Uncommon trap: reason=class_check action=maybe_recompile pc=0x00007fc6fd6ba59c method=javafx.scene.Node.updateLocalToParentTransform()V @ 11
Event: 7.512 Thread 0x00007fc70c2ab000 Uncommon trap: reason=class_check action=maybe_recompile pc=0x00007fc6fd6ba59c method=javafx.scene.Node.updateLocalToParentTransform()V @ 11
Event: 7.512 Thread 0x00007fc70c2ab000 Uncommon trap: reason=class_check action=maybe_recompile pc=0x00007fc6fd6ba59c method=javafx.scene.Node.updateLocalToParentTransform()V @ 11
Event: 7.585 Thread 0x00007fc70c2ab000 Uncommon trap: reason=unstable_if action=reinterpret pc=0x00007fc6fd7dba1c method=javafx.scene.Node.updateBounds()V @ 70
Event: 7.585 Thread 0x00007fc70c2ab000 Uncommon trap: reason=class_check action=maybe_recompile pc=0x00007fc6fd6ba59c method=javafx.scene.Node.updateLocalToParentTransform()V @ 11
Event: 7.601 Thread 0x00007fc70c250800 Uncommon trap: reason=unstable_if action=reinterpret pc=0x00007fc6fd6872a4 method=com.sun.javafx.geom.RectBounds.isEmpty()Z @ 21

Internal exceptions (10 events):
Event: 1.470 Thread 0x00007fc70c2ab000 Exception <a 'java/lang/ArrayIndexOutOfBoundsException'> (0x00000000d835e820) thrown at [/HUDSON3/workspace/8-2-build-linux-amd64/jdk8u111/7883/hotspot/src/share/vm/runtime/sharedRuntime.cpp, line 605]
Event: 1.470 Thread 0x00007fc70c2ab000 Exception <a 'java/lang/ArrayIndexOutOfBoundsException'> (0x00000000d835fbc8) thrown at [/HUDSON3/workspace/8-2-build-linux-amd64/jdk8u111/7883/hotspot/src/share/vm/runtime/sharedRuntime.cpp, line 605]
Event: 1.509 Thread 0x00007fc70c2ab000 Exception <a 'java/lang/ArrayIndexOutOfBoundsException'> (0x00000000d855cd90) thrown at [/HUDSON3/workspace/8-2-build-linux-amd64/jdk8u111/7883/hotspot/src/share/vm/runtime/sharedRuntime.cpp, line 605]
Event: 1.551 Thread 0x00007fc70c2ab000 Exception <a 'java/lang/ArrayIndexOutOfBoundsException'> (0x00000000d86c1270) thrown at [/HUDSON3/workspace/8-2-build-linux-amd64/jdk8u111/7883/hotspot/src/share/vm/runtime/sharedRuntime.cpp, line 605]
Event: 1.612 Thread 0x00007fc70c2ab000 Exception <a 'java/lang/ArrayIndexOutOfBoundsException'> (0x00000000d894d8c8) thrown at [/HUDSON3/workspace/8-2-build-linux-amd64/jdk8u111/7883/hotspot/src/share/vm/runtime/sharedRuntime.cpp, line 605]
Event: 1.749 Thread 0x00007fc70c2ab000 Exception <a 'java/lang/ArrayIndexOutOfBoundsException'> (0x00000000d8acd4d8) thrown at [/HUDSON3/workspace/8-2-build-linux-amd64/jdk8u111/7883/hotspot/src/share/vm/runtime/sharedRuntime.cpp, line 605]
Event: 1.870 Thread 0x00007fc70c2ab000 Exception <a 'java/lang/ArrayIndexOutOfBoundsException'> (0x00000000d8d93258) thrown at [/HUDSON3/workspace/8-2-build-linux-amd64/jdk8u111/7883/hotspot/src/share/vm/runtime/sharedRuntime.cpp, line 605]
Event: 1.878 Thread 0x00007fc70c2ab000 Exception <a 'java/lang/ArrayIndexOutOfBoundsException': 57> (0x00000000d8e16298) thrown at [/HUDSON3/workspace/8-2-build-linux-amd64/jdk8u111/7883/hotspot/src/share/vm/interpreter/interpreterRuntime.cpp, line 366]
Event: 2.416 Thread 0x00007fc70c2ab000 Implicit null exception at 0x00007fc6fd26aab5 to 0x00007fc6fd26acd1
Event: 2.916 Thread 0x00007fc70c2ab000 Implicit null exception at 0x00007fc6fd47dbd0 to 0x00007fc6fd47e0d5

Events (10 events):
Event: 7.643 Executing VM operation: RevokeBias done
Event: 7.967 loading class javafx/scene/input/MouseEvent$1
Event: 7.967 loading class javafx/scene/input/MouseEvent$1 done
Event: 7.968 Executing VM operation: RevokeBias
Event: 7.969 Executing VM operation: RevokeBias done
Event: 7.969 loading class com/sun/javafx/collections/MappingChange$1
Event: 7.969 loading class com/sun/javafx/collections/MappingChange$1 done
Event: 7.976 loading class com/sun/javafx/scene/control/ReadOnlyUnbackedObservableList$1
Event: 7.976 loading class com/sun/javafx/scene/control/ReadOnlyUnbackedObservableList$1 done
Event: 10.921 Thread 0x00007fc6b41df800 Thread added: 0x00007fc6b41df800


Dynamic libraries:
00400000-00401000 r-xp 00000000 08:06 10486455                           /usr/lib/jvm/jdk1.8.0_111/jre/bin/java
00600000-00601000 rw-p 00000000 08:06 10486455                           /usr/lib/jvm/jdk1.8.0_111/jre/bin/java
00886000-008a7000 rw-p 00000000 00:00 0                                  [heap]
405b1000-40650000 rw-p 00000000 00:00 0 
40940000-40942000 r-xs 00000000 08:06 131102                             /tmp/.glkQxKyk (deleted)
85000000-89800000 rw-p 00000000 00:00 0 
89800000-d7000000 ---p 00000000 00:00 0 
d7000000-d9900000 rw-p 00000000 00:00 0 
d9900000-100000000 ---p 00000000 00:00 0 
100000000-100340000 rw-p 00000000 00:00 0 
100340000-140000000 ---p 00000000 00:00 0 
7fc6ac7a7000-7fc6ac7aa000 ---p 00000000 00:00 0 
7fc6ac7aa000-7fc6ac8e8000 rw-p 00000000 00:00 0                          [stack:7399]
7fc6ac8e8000-7fc6acaa8000 ---p 00000000 00:00 0 
7fc6acaa8000-7fc6acba8000 rw-s 00000000 00:05 51413020                   /SYSV00000000 (deleted)
7fc6acbaf000-7fc6acbb2000 ---p 00000000 00:00 0 
7fc6acbb2000-7fc6accb0000 rw-p 00000000 00:00 0                          [stack:7260]
7fc6accb0000-7fc6acd2b000 r-xp 00000000 08:06 794106                     /usr/lib/x86_64-linux-gnu/nss/libfreebl3.so
7fc6acd2b000-7fc6acf2a000 ---p 0007b000 08:06 794106                     /usr/lib/x86_64-linux-gnu/nss/libfreebl3.so
7fc6acf2a000-7fc6acf2c000 r--p 0007a000 08:06 794106                     /usr/lib/x86_64-linux-gnu/nss/libfreebl3.so
7fc6acf2c000-7fc6acf2d000 rw-p 0007c000 08:06 794106                     /usr/lib/x86_64-linux-gnu/nss/libfreebl3.so
7fc6acf2d000-7fc6acf31000 rw-p 00000000 00:00 0 
7fc6acf38000-7fc6acfec000 r-xp 00000000 08:06 271632                     /usr/lib/x86_64-linux-gnu/libsqlite3.so.0.8.6
7fc6acfec000-7fc6ad1ec000 ---p 000b4000 08:06 271632                     /usr/lib/x86_64-linux-gnu/libsqlite3.so.0.8.6
7fc6ad1ec000-7fc6ad1ee000 r--p 000b4000 08:06 271632                     /usr/lib/x86_64-linux-gnu/libsqlite3.so.0.8.6
7fc6ad1ee000-7fc6ad1f0000 rw-p 000b6000 08:06 271632                     /usr/lib/x86_64-linux-gnu/libsqlite3.so.0.8.6
7fc6ad1f0000-7fc6ad1f1000 rw-p 00000000 00:00 0 
7fc6ad1f8000-7fc6ad239000 r-xp 00000000 08:06 794105                     /usr/lib/x86_64-linux-gnu/nss/libsoftokn3.so
7fc6ad239000-7fc6ad438000 ---p 00041000 08:06 794105                     /usr/lib/x86_64-linux-gnu/nss/libsoftokn3.so
7fc6ad438000-7fc6ad439000 r--p 00040000 08:06 794105                     /usr/lib/x86_64-linux-gnu/nss/libsoftokn3.so
7fc6ad439000-7fc6ad43a000 rw-p 00041000 08:06 794105                     /usr/lib/x86_64-linux-gnu/nss/libsoftokn3.so
7fc6ad43e000-7fc6ad441000 ---p 00000000 00:00 0 
7fc6ad441000-7fc6ad53f000 rw-p 00000000 00:00 0                          [stack:7258]
7fc6ad53f000-7fc6ad540000 ---p 00000000 00:00 0 
7fc6ad540000-7fc6add40000 rw-p 00000000 00:00 0                          [stack:7257]
7fc6add40000-7fc6add84000 r-xp 00000000 08:06 11276542                   /lib/x86_64-linux-gnu/libdbus-1.so.3.7.6
7fc6add84000-7fc6adf83000 ---p 00044000 08:06 11276542                   /lib/x86_64-linux-gnu/libdbus-1.so.3.7.6
7fc6adf83000-7fc6adf84000 r--p 00043000 08:06 11276542                   /lib/x86_64-linux-gnu/libdbus-1.so.3.7.6
7fc6adf84000-7fc6adf85000 rw-p 00044000 08:06 11276542                   /lib/x86_64-linux-gnu/libdbus-1.so.3.7.6
7fc6adf88000-7fc6adf90000 r-xp 00000000 08:06 11276591                   /lib/x86_64-linux-gnu/libnih-dbus.so.1.0.0
7fc6adf90000-7fc6ae190000 ---p 00008000 08:06 11276591                   /lib/x86_64-linux-gnu/libnih-dbus.so.1.0.0
7fc6ae190000-7fc6ae191000 r--p 00008000 08:06 11276591                   /lib/x86_64-linux-gnu/libnih-dbus.so.1.0.0
7fc6ae191000-7fc6ae192000 rw-p 00009000 08:06 11276591                   /lib/x86_64-linux-gnu/libnih-dbus.so.1.0.0
7fc6ae198000-7fc6ae1af000 r-xp 00000000 08:06 11276593                   /lib/x86_64-linux-gnu/libnih.so.1.0.0
7fc6ae1af000-7fc6ae3ae000 ---p 00017000 08:06 11276593                   /lib/x86_64-linux-gnu/libnih.so.1.0.0
7fc6ae3ae000-7fc6ae3af000 r--p 00016000 08:06 11276593                   /lib/x86_64-linux-gnu/libnih.so.1.0.0
7fc6ae3af000-7fc6ae3b0000 rw-p 00017000 08:06 11276593                   /lib/x86_64-linux-gnu/libnih.so.1.0.0
7fc6ae3b0000-7fc6ae3c9000 r-xp 00000000 08:06 11276533                   /lib/x86_64-linux-gnu/libcgmanager.so.0.0.0
7fc6ae3c9000-7fc6ae5c8000 ---p 00019000 08:06 11276533                   /lib/x86_64-linux-gnu/libcgmanager.so.0.0.0
7fc6ae5c8000-7fc6ae5ca000 r--p 00018000 08:06 11276533                   /lib/x86_64-linux-gnu/libcgmanager.so.0.0.0
7fc6ae5ca000-7fc6ae5cb000 rw-p 0001a000 08:06 11276533                   /lib/x86_64-linux-gnu/libcgmanager.so.0.0.0
7fc6ae5d0000-7fc6ae609000 r-xp 00000000 08:06 268901                     /usr/lib/x86_64-linux-gnu/libnspr4.so
7fc6ae609000-7fc6ae808000 ---p 00039000 08:06 268901                     /usr/lib/x86_64-linux-gnu/libnspr4.so
7fc6ae808000-7fc6ae809000 r--p 00038000 08:06 268901                     /usr/lib/x86_64-linux-gnu/libnspr4.so
7fc6ae809000-7fc6ae80a000 rw-p 00039000 08:06 268901                     /usr/lib/x86_64-linux-gnu/libnspr4.so
7fc6ae80a000-7fc6ae80d000 rw-p 00000000 00:00 0 
7fc6ae810000-7fc6ae813000 r-xp 00000000 08:06 268900                     /usr/lib/x86_64-linux-gnu/libplds4.so
7fc6ae813000-7fc6aea12000 ---p 00003000 08:06 268900                     /usr/lib/x86_64-linux-gnu/libplds4.so
7fc6aea12000-7fc6aea13000 r--p 00002000 08:06 268900                     /usr/lib/x86_64-linux-gnu/libplds4.so
7fc6aea13000-7fc6aea14000 rw-p 00003000 08:06 268900                     /usr/lib/x86_64-linux-gnu/libplds4.so
7fc6aea18000-7fc6aea1c000 r-xp 00000000 08:06 268861                     /usr/lib/x86_64-linux-gnu/libplc4.so
7fc6aea1c000-7fc6aec1b000 ---p 00004000 08:06 268861                     /usr/lib/x86_64-linux-gnu/libplc4.so
7fc6aec1b000-7fc6aec1c000 r--p 00003000 08:06 268861                     /usr/lib/x86_64-linux-gnu/libplc4.so
7fc6aec1c000-7fc6aec1d000 rw-p 00004000 08:06 268861                     /usr/lib/x86_64-linux-gnu/libplc4.so
7fc6aec20000-7fc6aec45000 r-xp 00000000 08:06 268074                     /usr/lib/x86_64-linux-gnu/libnssutil3.so
7fc6aec45000-7fc6aee45000 ---p 00025000 08:06 268074                     /usr/lib/x86_64-linux-gnu/libnssutil3.so
7fc6aee45000-7fc6aee4b000 r--p 00025000 08:06 268074                     /usr/lib/x86_64-linux-gnu/libnssutil3.so
7fc6aee4b000-7fc6aee4c000 rw-p 0002b000 08:06 268074                     /usr/lib/x86_64-linux-gnu/libnssutil3.so
7fc6aee50000-7fc6aee60000 r-xp 00000000 08:06 11276675                   /lib/x86_64-linux-gnu/libudev.so.1.3.5
7fc6aee60000-7fc6af05f000 ---p 00010000 08:06 11276675                   /lib/x86_64-linux-gnu/libudev.so.1.3.5
7fc6af05f000-7fc6af060000 r--p 0000f000 08:06 11276675                   /lib/x86_64-linux-gnu/libudev.so.1.3.5
7fc6af060000-7fc6af061000 rw-p 00010000 08:06 11276675                   /lib/x86_64-linux-gnu/libudev.so.1.3.5
7fc6af068000-7fc6af19d000 r-xp 00000000 08:06 268076                     /usr/lib/x86_64-linux-gnu/libnss3.so
7fc6af19d000-7fc6af39c000 ---p 00135000 08:06 268076                     /usr/lib/x86_64-linux-gnu/libnss3.so
7fc6af39c000-7fc6af3a1000 r--p 00134000 08:06 268076                     /usr/lib/x86_64-linux-gnu/libnss3.so
7fc6af3a1000-7fc6af3a3000 rw-p 00139000 08:06 268076                     /usr/lib/x86_64-linux-gnu/libnss3.so
7fc6af3a3000-7fc6af3a4000 rw-p 00000000 00:00 0 
7fc6af3a8000-7fc6af3bd000 r-xp 00000000 08:06 11276681                   /lib/x86_64-linux-gnu/libusb-1.0.so.0.1.0
7fc6af3bd000-7fc6af5bd000 ---p 00015000 08:06 11276681                   /lib/x86_64-linux-gnu/libusb-1.0.so.0.1.0
7fc6af5bd000-7fc6af5be000 r--p 00015000 08:06 11276681                   /lib/x86_64-linux-gnu/libusb-1.0.so.0.1.0
7fc6af5be000-7fc6af5bf000 rw-p 00016000 08:06 11276681                   /lib/x86_64-linux-gnu/libusb-1.0.so.0.1.0
7fc6af5c0000-7fc6af617000 r-xp 00000000 08:06 787714                     /usr/local/lib/libfprint.so.0.0.0
7fc6af617000-7fc6af816000 ---p 00057000 08:06 787714                     /usr/local/lib/libfprint.so.0.0.0
7fc6af816000-7fc6af817000 r--p 00056000 08:06 787714                     /usr/local/lib/libfprint.so.0.0.0
7fc6af817000-7fc6af828000 rw-p 00057000 08:06 787714                     /usr/local/lib/libfprint.so.0.0.0
7fc6af828000-7fc6b26d9000 rw-p 00000000 00:00 0 
7fc6b2708000-7fc6b270d000 r-xp 00000000 08:06 131107                     /tmp/libfingerprint8590228530024224049.so
7fc6b270d000-7fc6b290c000 ---p 00005000 08:06 131107                     /tmp/libfingerprint8590228530024224049.so
7fc6b290c000-7fc6b290d000 r--p 00004000 08:06 131107                     /tmp/libfingerprint8590228530024224049.so
7fc6b290d000-7fc6b290e000 rw-p 00005000 08:06 131107                     /tmp/libfingerprint8590228530024224049.so
7fc6b2913000-7fc6b2b13000 rw-s 18abeb000 00:06 12147                     /dev/nvidiactl
7fc6b2b15000-7fc6b2c15000 rw-s 18bfdd000 00:06 12147                     /dev/nvidiactl
7fc6b2c1a000-7fc6b301a000 rw-s 18bef2000 00:06 12147                     /dev/nvidiactl
7fc6b3020000-7fc6b32b5000 rw-p 00000000 00:00 0 
7fc6b32b5000-7fc6b34b5000 rw-s 186d45000 00:06 12147                     /dev/nvidiactl
7fc6b34ba000-7fc6b3f50000 rw-p 00000000 00:00 0 
7fc6b3f50000-7fc6b3ffa000 r--p 00000000 08:06 1445411                    /usr/share/fonts/truetype/dejavu/DejaVuSans-Bold.ttf
7fc6b4000000-7fc6b4475000 rw-p 00000000 00:00 0 
7fc6b4475000-7fc6b8000000 ---p 00000000 00:00 0 
7fc6b8000000-7fc6b8028000 rw-p 00000000 00:00 0 
7fc6b8028000-7fc6bc000000 ---p 00000000 00:00 0 
7fc6bc000000-7fc6bc021000 rw-p 00000000 00:00 0 
7fc6bc021000-7fc6c0000000 ---p 00000000 00:00 0 
7fc6c0007000-7fc6c000b000 r--s 00097000 08:06 10486124                   /usr/lib/jvm/jdk1.8.0_111/jre/lib/jsse.jar
7fc6c0090000-7fc6c0096000 r--p 00000000 08:06 1314243                    /usr/share/locale-langpack/es/LC_MESSAGES/gdk-pixbuf.mo
7fc6c009d000-7fc6c029d000 rw-p 00000000 00:00 0 
7fc6c029d000-7fc6c02b0000 r--s 00345000 08:06 10486404                   /usr/lib/jvm/jdk1.8.0_111/jre/lib/resources.jar
7fc6c02b0000-7fc6c04b0000 rw-p 00000000 00:00 0 
7fc6c04b0000-7fc6c0566000 r--p 00000000 08:06 1445415                    /usr/share/fonts/truetype/dejavu/DejaVuSans.ttf
7fc6c056b000-7fc6c056e000 ---p 00000000 00:00 0 
7fc6c056e000-7fc6c066c000 rw-p 00000000 00:00 0                          [stack:7173]
7fc6c066c000-7fc6c0671000 r--s 00084000 08:06 10486279                   /usr/lib/jvm/jdk1.8.0_111/jre/lib/jfr.jar
7fc6c0678000-7fc6c06a7000 r-xp 00000000 08:06 788682                     /usr/lib/x86_64-linux-gnu/gtk-2.0/2.10.0/engines/libmurrine.so
7fc6c06a7000-7fc6c08a7000 ---p 0002f000 08:06 788682                     /usr/lib/x86_64-linux-gnu/gtk-2.0/2.10.0/engines/libmurrine.so
7fc6c08a7000-7fc6c08a8000 r--p 0002f000 08:06 788682                     /usr/lib/x86_64-linux-gnu/gtk-2.0/2.10.0/engines/libmurrine.so
7fc6c08a8000-7fc6c08a9000 rw-p 00030000 08:06 788682                     /usr/lib/x86_64-linux-gnu/gtk-2.0/2.10.0/engines/libmurrine.so
7fc6c08b0000-7fc6c08b9000 r-xp 00000000 08:06 787773                     /usr/lib/x86_64-linux-gnu/gtk-2.0/2.10.0/engines/libpixmap.so
7fc6c08b9000-7fc6c0ab9000 ---p 00009000 08:06 787773                     /usr/lib/x86_64-linux-gnu/gtk-2.0/2.10.0/engines/libpixmap.so
7fc6c0ab9000-7fc6c0aba000 r--p 00009000 08:06 787773                     /usr/lib/x86_64-linux-gnu/gtk-2.0/2.10.0/engines/libpixmap.so
7fc6c0aba000-7fc6c0abb000 rw-p 0000a000 08:06 787773                     /usr/lib/x86_64-linux-gnu/gtk-2.0/2.10.0/engines/libpixmap.so
7fc6c0ac0000-7fc6c0cc0000 rw-p 00000000 00:00 0 
7fc6c0cc0000-7fc6c0ec0000 rw-p 00000000 00:00 0 
7fc6c0ec0000-7fc6c0f6b000 r--p 00000000 08:06 10486268                   /usr/lib/jvm/jdk1.8.0_111/jre/lib/fonts/LucidaSansRegular.ttf
7fc6c0f70000-7fc6c0faa000 r--p 00000000 08:06 10486270                   /usr/lib/jvm/jdk1.8.0_111/jre/lib/fonts/LucidaTypewriterBold.ttf
7fc6c0fb0000-7fc6c0fc3000 r--p 00000000 08:06 10486276                   /usr/lib/jvm/jdk1.8.0_111/jre/lib/fonts/LucidaBrightDemiItalic.ttf
7fc6c0fc8000-7fc6c1016000 r--p 00000000 08:06 10486275                   /usr/lib/jvm/jdk1.8.0_111/jre/lib/fonts/LucidaSansDemiBold.ttf
7fc6c1018000-7fc6c1054000 r--p 00000000 08:06 10486274                   /usr/lib/jvm/jdk1.8.0_111/jre/lib/fonts/LucidaTypewriterRegular.ttf
7fc6c1058000-7fc6c10ad000 r--p 00000000 08:06 10486271                   /usr/lib/jvm/jdk1.8.0_111/jre/lib/fonts/LucidaBrightRegular.ttf
7fc6c10b0000-7fc6c10c4000 r--p 00000000 08:06 10486272                   /usr/lib/jvm/jdk1.8.0_111/jre/lib/fonts/LucidaBrightItalic.ttf
7fc6c10c8000-7fc6c10db000 r--p 00000000 08:06 10486269                   /usr/lib/jvm/jdk1.8.0_111/jre/lib/fonts/LucidaBrightDemiBold.ttf
7fc6c10e0000-7fc6c10e4000 r-xp 00000000 08:06 10486217                   /usr/lib/jvm/jdk1.8.0_111/jre/lib/amd64/libjavafx_font_pango.so
7fc6c10e4000-7fc6c12e3000 ---p 00004000 08:06 10486217                   /usr/lib/jvm/jdk1.8.0_111/jre/lib/amd64/libjavafx_font_pango.so
7fc6c12e3000-7fc6c12e4000 rw-p 00003000 08:06 10486217                   /usr/lib/jvm/jdk1.8.0_111/jre/lib/amd64/libjavafx_font_pango.so
7fc6c12e8000-7fc6c12e9000 r--s 00000000 08:06 3801416                    /var/cache/fontconfig/c05880de57d1f5e948fdfacc138775d9-le64.cache-4
7fc6c12f0000-7fc6c12fb000 r--s 00000000 08:06 3801409                    /var/cache/fontconfig/945677eb7aeaf62f1d50efc3fb3ec7d8-le64.cache-4
7fc6c1300000-7fc6c1302000 r--s 00000000 08:06 3801411                    /var/cache/fontconfig/99e8ed0e538f840c565b6ed5dad60d56-le64.cache-4
7fc6c1308000-7fc6c130e000 r--s 00000000 08:06 3801393                    /var/cache/fontconfig/2cd17615ca594fa2959ae173292e504c-le64.cache-4
7fc6c1310000-7fc6c1311000 r--s 00000000 08:06 3801427                    /var/cache/fontconfig/e7071f4a29fa870f4323321c154eba04-le64.cache-4
7fc6c1318000-7fc6c1319000 r--s 00000000 08:06 3801390                    /var/cache/fontconfig/0d8c3b2ac0904cb8a57a757ad11a4a08-le64.cache-4
7fc6c1320000-7fc6c1327000 r--s 00000000 08:06 3801413                    /var/cache/fontconfig/a755afe4a08bf5b97852ceb7400b47bc-le64.cache-4
7fc6c1328000-7fc6c1334000 r--s 00000000 08:06 3801404                    /var/cache/fontconfig/6d41288fd70b0be22e8c3a91e032eec0-le64.cache-4
7fc6c1338000-7fc6c134c000 r--s 00000000 08:06 3801387                    /var/cache/fontconfig/04aabc0a78ac019cf9454389977116d2-le64.cache-4
7fc6c1350000-7fc6c1351000 r--s 00000000 08:06 3801392                    /var/cache/fontconfig/1ac9eb803944fde146138c791f5cc56a-le64.cache-4
7fc6c1358000-7fc6c135c000 r--s 00000000 08:06 3801396                    /var/cache/fontconfig/385c0604a188198f04d133e54aba7fe7-le64.cache-4
7fc6c1360000-7fc6c1361000 r--s 00000000 08:06 3801424                    /var/cache/fontconfig/dc05db6664285cc2f12bf69c139ae4c3-le64.cache-4
7fc6c1368000-7fc6c136a000 r--s 00000000 08:06 3801406                    /var/cache/fontconfig/767a8244fc0220cfb567a839d0392e0b-le64.cache-4
7fc6c1370000-7fc6c1371000 r--s 00000000 08:06 3801398                    /var/cache/fontconfig/4794a0821666d79190d59a36cb4f44b5-le64.cache-4
7fc6c1378000-7fc6c138a000 r--s 00000000 08:06 3801388                    /var/cache/fontconfig/0bd3dc0958fa2205aaaa8ebb13e2872b-le64.cache-4
7fc6c1390000-7fc6c1395000 r--s 00000000 08:06 3801408                    /var/cache/fontconfig/8801497958630a81b71ace7c5f9b32a8-le64.cache-4
7fc6c1398000-7fc6c139e000 r--s 00000000 08:06 3816246                    /var/cache/fontconfig/ca37dee8d6057f2a069c1b3d05990269-le64.cache-4
7fc6c13a0000-7fc6c13a4000 r--s 00000000 08:06 3815067                    /var/cache/fontconfig/c57959a16110560c8d0fcea73374aeeb-le64.cache-4
7fc6c13a8000-7fc6c13af000 r--s 00000000 08:06 3801394                    /var/cache/fontconfig/3047814df9a2f067bd2d96a2b9c36e5a-le64.cache-4
7fc6c13b0000-7fc6c13b1000 r--s 00000000 08:06 3801400                    /var/cache/fontconfig/56cf4f4769d0f4abc89a4895d7bd3ae1-le64.cache-4
7fc6c13b8000-7fc6c13b9000 r--s 00000000 08:06 3801415                    /var/cache/fontconfig/b9d506c9ac06c20b433354fa67a72993-le64.cache-4
7fc6c13c0000-7fc6c13c6000 r--s 00000000 08:06 3801414                    /var/cache/fontconfig/b47c4e1ecd0709278f4910c18777a504-le64.cache-4
7fc6c13c8000-7fc6c13db000 r--s 00000000 08:06 3801421                    /var/cache/fontconfig/d52a8644073d54c13679302ca1180695-le64.cache-4
7fc6c13e0000-7fc6c13e9000 r--s 00000000 08:06 3801397                    /var/cache/fontconfig/3f7329c5293ffd510edef78f73874cfd-le64.cache-4
7fc6c13f0000-7fc6c13fb000 r--s 00000000 08:06 3801422                    /var/cache/fontconfig/d589a48862398ed80a3d6066f4f56f4c-le64.cache-4
7fc6c1400000-7fc6c1409000 r--s 00000000 08:06 3801419                    /var/cache/fontconfig/d0972c3d32f097851eb916381fc38920-le64.cache-4
7fc6c1410000-7fc6c1413000 r--s 00000000 08:06 3812658                    /var/cache/fontconfig/e13b20fdb08344e0e664864cc2ede53d-le64.cache-4
7fc6c1418000-7fc6c141d000 r-xp 00000000 08:06 10486213                   /usr/lib/jvm/jdk1.8.0_111/jre/lib/amd64/libjavafx_font_freetype.so
7fc6c141d000-7fc6c161c000 ---p 00005000 08:06 10486213                   /usr/lib/jvm/jdk1.8.0_111/jre/lib/amd64/libjavafx_font_freetype.so
7fc6c161c000-7fc6c161d000 rw-p 00004000 08:06 10486213                   /usr/lib/jvm/jdk1.8.0_111/jre/lib/amd64/libjavafx_font_freetype.so
7fc6c1620000-7fc6c1623000 r-xp 00000000 08:06 10486175                   /usr/lib/jvm/jdk1.8.0_111/jre/lib/amd64/libjavafx_font.so
7fc6c1623000-7fc6c1822000 ---p 00003000 08:06 10486175                   /usr/lib/jvm/jdk1.8.0_111/jre/lib/amd64/libjavafx_font.so
7fc6c1822000-7fc6c1823000 rw-p 00002000 08:06 10486175                   /usr/lib/jvm/jdk1.8.0_111/jre/lib/amd64/libjavafx_font.so
7fc6c1825000-7fc6c1a25000 rw-p 00000000 00:00 0 
7fc6c1a25000-7fc6c1a28000 ---p 00000000 00:00 0 
7fc6c1a28000-7fc6c1b26000 rw-p 00000000 00:00 0                          [stack:7126]
7fc6c1b26000-7fc6c1b29000 ---p 00000000 00:00 0 
7fc6c1b29000-7fc6c1c27000 rw-p 00000000 00:00 0                          [stack:7125]
7fc6c1c27000-7fc6c1c2a000 ---p 00000000 00:00 0 
7fc6c1c2a000-7fc6c1d28000 rw-p 00000000 00:00 0                          [stack:7124]
7fc6c1d28000-7fc6c1d52000 r--p 00000000 08:06 1314249                    /usr/share/locale-langpack/es/LC_MESSAGES/gtk20-properties.mo
7fc6c1d58000-7fc6c1d81000 r-xp 00000000 08:06 10486225                   /usr/lib/jvm/jdk1.8.0_111/jre/lib/amd64/libglass.so
7fc6c1d81000-7fc6c1f80000 ---p 00029000 08:06 10486225                   /usr/lib/jvm/jdk1.8.0_111/jre/lib/amd64/libglass.so
7fc6c1f80000-7fc6c1f83000 rw-p 00028000 08:06 10486225                   /usr/lib/jvm/jdk1.8.0_111/jre/lib/amd64/libglass.so
7fc6c1f89000-7fc6c2009000 rw-s 18ab79000 00:06 12147                     /dev/nvidiactl
7fc6c2009000-7fc6c2089000 rw-s 1a52f9000 00:06 12147                     /dev/nvidiactl
7fc6c2089000-7fc6c2109000 rw-s 1c35f9000 00:06 12147                     /dev/nvidiactl
7fc6c210f000-7fc6c2112000 ---p 00000000 00:00 0 
7fc6c2112000-7fc6c2210000 rw-p 00000000 00:00 0                          [stack:7398]
7fc6c2210000-7fc6c2216000 r-xp 00000000 08:06 270780                     /usr/lib/x86_64-linux-gnu/libdatrie.so.1.3.1
7fc6c2216000-7fc6c2415000 ---p 00006000 08:06 270780                     /usr/lib/x86_64-linux-gnu/libdatrie.so.1.3.1
7fc6c2415000-7fc6c2416000 r--p 00005000 08:06 270780                     /usr/lib/x86_64-linux-gnu/libdatrie.so.1.3.1
7fc6c2416000-7fc6c2417000 rw-p 00006000 08:06 270780                     /usr/lib/x86_64-linux-gnu/libdatrie.so.1.3.1
7fc6c2418000-7fc6c241d000 r-xp 00000000 08:06 270557                     /usr/lib/x86_64-linux-gnu/libXdmcp.so.6.0.0
7fc6c241d000-7fc6c261c000 ---p 00005000 08:06 270557                     /usr/lib/x86_64-linux-gnu/libXdmcp.so.6.0.0
7fc6c261c000-7fc6c261d000 r--p 00004000 08:06 270557                     /usr/lib/x86_64-linux-gnu/libXdmcp.so.6.0.0
7fc6c261d000-7fc6c261e000 rw-p 00005000 08:06 270557                     /usr/lib/x86_64-linux-gnu/libXdmcp.so.6.0.0
7fc6c2620000-7fc6c2622000 r-xp 00000000 08:06 270544                     /usr/lib/x86_64-linux-gnu/libXau.so.6.0.0
7fc6c2622000-7fc6c2822000 ---p 00002000 08:06 270544                     /usr/lib/x86_64-linux-gnu/libXau.so.6.0.0
7fc6c2822000-7fc6c2823000 r--p 00002000 08:06 270544                     /usr/lib/x86_64-linux-gnu/libXau.so.6.0.0
7fc6c2823000-7fc6c2824000 rw-p 00003000 08:06 270544                     /usr/lib/x86_64-linux-gnu/libXau.so.6.0.0
7fc6c2828000-7fc6c2842000 r-xp 00000000 08:06 263304                     /usr/lib/x86_64-linux-gnu/libgraphite2.so.3.0.1
7fc6c2842000-7fc6c2a41000 ---p 0001a000 08:06 263304                     /usr/lib/x86_64-linux-gnu/libgraphite2.so.3.0.1
7fc6c2a41000-7fc6c2a43000 r--p 00019000 08:06 263304                     /usr/lib/x86_64-linux-gnu/libgraphite2.so.3.0.1
7fc6c2a43000-7fc6c2a44000 rw-p 0001b000 08:06 263304                     /usr/lib/x86_64-linux-gnu/libgraphite2.so.3.0.1
7fc6c2a48000-7fc6c4445000 r-xp 00000000 08:06 921231                     /usr/lib/nvidia-352/libnvidia-glcore.so.352.63
7fc6c4445000-7fc6c4465000 rwxp 019fd000 08:06 921231                     /usr/lib/nvidia-352/libnvidia-glcore.so.352.63
7fc6c4465000-7fc6c472c000 r-xp 01a1d000 08:06 921231                     /usr/lib/nvidia-352/libnvidia-glcore.so.352.63
7fc6c472c000-7fc6c492b000 ---p 01ce4000 08:06 921231                     /usr/lib/nvidia-352/libnvidia-glcore.so.352.63
7fc6c492b000-7fc6c54c7000 rw-p 01ce3000 08:06 921231                     /usr/lib/nvidia-352/libnvidia-glcore.so.352.63
7fc6c54c7000-7fc6c54db000 rw-p 00000000 00:00 0 
7fc6c54e0000-7fc6c54e3000 r-xp 00000000 08:06 1184481                    /usr/lib/nvidia-352/tls/libnvidia-tls.so.352.63
7fc6c54e3000-7fc6c56e2000 ---p 00003000 08:06 1184481                    /usr/lib/nvidia-352/tls/libnvidia-tls.so.352.63
7fc6c56e2000-7fc6c56e3000 rw-p 00002000 08:06 1184481                    /usr/lib/nvidia-352/tls/libnvidia-tls.so.352.63
7fc6c56e8000-7fc6c5725000 r-xp 00000000 08:06 11276632                   /lib/x86_64-linux-gnu/libpcre.so.3.13.1
7fc6c5725000-7fc6c5924000 ---p 0003d000 08:06 11276632                   /lib/x86_64-linux-gnu/libpcre.so.3.13.1
7fc6c5924000-7fc6c5925000 r--p 0003c000 08:06 11276632                   /lib/x86_64-linux-gnu/libpcre.so.3.13.1
7fc6c5925000-7fc6c5926000 rw-p 0003d000 08:06 11276632                   /lib/x86_64-linux-gnu/libpcre.so.3.13.1
7fc6c5928000-7fc6c592f000 r-xp 00000000 08:06 262898                     /usr/lib/x86_64-linux-gnu/libffi.so.6.0.1
7fc6c592f000-7fc6c5b2e000 ---p 00007000 08:06 262898                     /usr/lib/x86_64-linux-gnu/libffi.so.6.0.1
7fc6c5b2e000-7fc6c5b2f000 r--p 00006000 08:06 262898                     /usr/lib/x86_64-linux-gnu/libffi.so.6.0.1
7fc6c5b2f000-7fc6c5b30000 rw-p 00007000 08:06 262898                     /usr/lib/x86_64-linux-gnu/libffi.so.6.0.1
7fc6c5b30000-7fc6c5b57000 r-xp 00000000 08:06 11276550                   /lib/x86_64-linux-gnu/libexpat.so.1.6.0
7fc6c5b57000-7fc6c5d57000 ---p 00027000 08:06 11276550                   /lib/x86_64-linux-gnu/libexpat.so.1.6.0
7fc6c5d57000-7fc6c5d59000 r--p 00027000 08:06 11276550                   /lib/x86_64-linux-gnu/libexpat.so.1.6.0
7fc6c5d59000-7fc6c5d5a000 rw-p 00029000 08:06 11276550                   /lib/x86_64-linux-gnu/libexpat.so.1.6.0
7fc6c5d60000-7fc6c5d68000 r-xp 00000000 08:06 271660                     /usr/lib/x86_64-linux-gnu/libthai.so.0.2.0
7fc6c5d68000-7fc6c5f67000 ---p 00008000 08:06 271660                     /usr/lib/x86_64-linux-gnu/libthai.so.0.2.0
7fc6c5f67000-7fc6c5f68000 r--p 00007000 08:06 271660                     /usr/lib/x86_64-linux-gnu/libthai.so.0.2.0
7fc6c5f68000-7fc6c5f69000 rw-p 00008000 08:06 271660                     /usr/lib/x86_64-linux-gnu/libthai.so.0.2.0
7fc6c5f70000-7fc6c5f8d000 r-xp 00000000 08:06 271805                     /usr/lib/x86_64-linux-gnu/libxcb.so.1.1.0
7fc6c5f8d000-7fc6c618d000 ---p 0001d000 08:06 271805                     /usr/lib/x86_64-linux-gnu/libxcb.so.1.1.0
7fc6c618d000-7fc6c618e000 r--p 0001d000 08:06 271805                     /usr/lib/x86_64-linux-gnu/libxcb.so.1.1.0
7fc6c618e000-7fc6c618f000 rw-p 0001e000 08:06 271805                     /usr/lib/x86_64-linux-gnu/libxcb.so.1.1.0
7fc6c6190000-7fc6c6198000 r-xp 00000000 08:06 271787                     /usr/lib/x86_64-linux-gnu/libxcb-render.so.0.0.0
7fc6c6198000-7fc6c6397000 ---p 00008000 08:06 271787                     /usr/lib/x86_64-linux-gnu/libxcb-render.so.0.0.0
7fc6c6397000-7fc6c6398000 r--p 00007000 08:06 271787                     /usr/lib/x86_64-linux-gnu/libxcb-render.so.0.0.0
7fc6c6398000-7fc6c6399000 rw-p 00008000 08:06 271787                     /usr/lib/x86_64-linux-gnu/libxcb-render.so.0.0.0
7fc6c63a0000-7fc6c63a2000 r-xp 00000000 08:06 271791                     /usr/lib/x86_64-linux-gnu/libxcb-shm.so.0.0.0
7fc6c63a2000-7fc6c65a1000 ---p 00002000 08:06 271791                     /usr/lib/x86_64-linux-gnu/libxcb-shm.so.0.0.0
7fc6c65a1000-7fc6c65a2000 r--p 00001000 08:06 271791                     /usr/lib/x86_64-linux-gnu/libxcb-shm.so.0.0.0
7fc6c65a2000-7fc6c65a3000 rw-p 00002000 08:06 271791                     /usr/lib/x86_64-linux-gnu/libxcb-shm.so.0.0.0
7fc6c65a8000-7fc6c65cd000 r-xp 00000000 08:06 11273421                   /lib/x86_64-linux-gnu/libpng12.so.0.50.0
7fc6c65cd000-7fc6c67cc000 ---p 00025000 08:06 11273421                   /lib/x86_64-linux-gnu/libpng12.so.0.50.0
7fc6c67cc000-7fc6c67cd000 r--p 00024000 08:06 11273421                   /lib/x86_64-linux-gnu/libpng12.so.0.50.0
7fc6c67cd000-7fc6c67ce000 rw-p 00025000 08:06 11273421                   /lib/x86_64-linux-gnu/libpng12.so.0.50.0
7fc6c67d0000-7fc6c6871000 r-xp 00000000 08:06 271486                     /usr/lib/x86_64-linux-gnu/libpixman-1.so.0.30.2
7fc6c6871000-7fc6c6a71000 ---p 000a1000 08:06 271486                     /usr/lib/x86_64-linux-gnu/libpixman-1.so.0.30.2
7fc6c6a71000-7fc6c6a78000 r--p 000a1000 08:06 271486                     /usr/lib/x86_64-linux-gnu/libpixman-1.so.0.30.2
7fc6c6a78000-7fc6c6a79000 rw-p 000a8000 08:06 271486                     /usr/lib/x86_64-linux-gnu/libpixman-1.so.0.30.2
7fc6c6a80000-7fc6c6ad3000 r-xp 00000000 08:06 271186                     /usr/lib/x86_64-linux-gnu/libharfbuzz.so.0.927.0
7fc6c6ad3000-7fc6c6cd3000 ---p 00053000 08:06 271186                     /usr/lib/x86_64-linux-gnu/libharfbuzz.so.0.927.0
7fc6c6cd3000-7fc6c6cd4000 r--p 00053000 08:06 271186                     /usr/lib/x86_64-linux-gnu/libharfbuzz.so.0.927.0
7fc6c6cd4000-7fc6c6cd5000 rw-p 00054000 08:06 271186                     /usr/lib/x86_64-linux-gnu/libharfbuzz.so.0.927.0
7fc6c6cd8000-7fc6c6cef000 r-xp 00000000 08:06 11272221                   /lib/x86_64-linux-gnu/libresolv-2.19.so
7fc6c6cef000-7fc6c6eef000 ---p 00017000 08:06 11272221                   /lib/x86_64-linux-gnu/libresolv-2.19.so
7fc6c6eef000-7fc6c6ef0000 r--p 00017000 08:06 11272221                   /lib/x86_64-linux-gnu/libresolv-2.19.so
7fc6c6ef0000-7fc6c6ef1000 rw-p 00018000 08:06 11272221                   /lib/x86_64-linux-gnu/libresolv-2.19.so
7fc6c6ef1000-7fc6c6ef3000 rw-p 00000000 00:00 0 
7fc6c6ef8000-7fc6c6f18000 r-xp 00000000 08:06 11276659                   /lib/x86_64-linux-gnu/libselinux.so.1
7fc6c6f18000-7fc6c7117000 ---p 00020000 08:06 11276659                   /lib/x86_64-linux-gnu/libselinux.so.1
7fc6c7117000-7fc6c7118000 r--p 0001f000 08:06 11276659                   /lib/x86_64-linux-gnu/libselinux.so.1
7fc6c7118000-7fc6c7119000 rw-p 00020000 08:06 11276659                   /lib/x86_64-linux-gnu/libselinux.so.1
7fc6c7119000-7fc6c711b000 rw-p 00000000 00:00 0 
7fc6c7120000-7fc6c7138000 r-xp 00000000 08:06 11276690                   /lib/x86_64-linux-gnu/libz.so.1.2.8
7fc6c7138000-7fc6c7337000 ---p 00018000 08:06 11276690                   /lib/x86_64-linux-gnu/libz.so.1.2.8
7fc6c7337000-7fc6c7338000 r--p 00017000 08:06 11276690                   /lib/x86_64-linux-gnu/libz.so.1.2.8
7fc6c7338000-7fc6c7339000 rw-p 00018000 08:06 11276690                   /lib/x86_64-linux-gnu/libz.so.1.2.8
7fc6c7340000-7fc6c7351000 r-xp 00000000 08:06 270559                     /usr/lib/x86_64-linux-gnu/libXext.so.6.4.0
7fc6c7351000-7fc6c7550000 ---p 00011000 08:06 270559                     /usr/lib/x86_64-linux-gnu/libXext.so.6.4.0
7fc6c7550000-7fc6c7551000 r--p 00010000 08:06 270559                     /usr/lib/x86_64-linux-gnu/libXext.so.6.4.0
7fc6c7551000-7fc6c7552000 rw-p 00011000 08:06 270559                     /usr/lib/x86_64-linux-gnu/libXext.so.6.4.0
7fc6c7558000-7fc6c755a000 r-xp 00000000 08:06 270553                     /usr/lib/x86_64-linux-gnu/libXdamage.so.1.1.0
7fc6c755a000-7fc6c7759000 ---p 00002000 08:06 270553                     /usr/lib/x86_64-linux-gnu/libXdamage.so.1.1.0
7fc6c7759000-7fc6c775a000 r--p 00001000 08:06 270553                     /usr/lib/x86_64-linux-gnu/libXdamage.so.1.1.0
7fc6c775a000-7fc6c775b000 rw-p 00002000 08:06 270553                     /usr/lib/x86_64-linux-gnu/libXdamage.so.1.1.0
7fc6c7760000-7fc6c7762000 r-xp 00000000 08:06 270549                     /usr/lib/x86_64-linux-gnu/libXcomposite.so.1.0.0
7fc6c7762000-7fc6c7961000 ---p 00002000 08:06 270549                     /usr/lib/x86_64-linux-gnu/libXcomposite.so.1.0.0
7fc6c7961000-7fc6c7962000 r--p 00001000 08:06 270549                     /usr/lib/x86_64-linux-gnu/libXcomposite.so.1.0.0
7fc6c7962000-7fc6c7963000 rw-p 00002000 08:06 270549                     /usr/lib/x86_64-linux-gnu/libXcomposite.so.1.0.0
7fc6c7968000-7fc6c7971000 r-xp 00000000 08:06 270551                     /usr/lib/x86_64-linux-gnu/libXcursor.so.1.0.2
7fc6c7971000-7fc6c7b70000 ---p 00009000 08:06 270551                     /usr/lib/x86_64-linux-gnu/libXcursor.so.1.0.2
7fc6c7b70000-7fc6c7b71000 r--p 00008000 08:06 270551                     /usr/lib/x86_64-linux-gnu/libXcursor.so.1.0.2
7fc6c7b71000-7fc6c7b72000 rw-p 00009000 08:06 270551                     /usr/lib/x86_64-linux-gnu/libXcursor.so.1.0.2
7fc6c7b78000-7fc6c7b81000 r-xp 00000000 08:06 270579                     /usr/lib/x86_64-linux-gnu/libXrandr.so.2.2.0
7fc6c7b81000-7fc6c7d80000 ---p 00009000 08:06 270579                     /usr/lib/x86_64-linux-gnu/libXrandr.so.2.2.0
7fc6c7d80000-7fc6c7d81000 r--p 00008000 08:06 270579                     /usr/lib/x86_64-linux-gnu/libXrandr.so.2.2.0
7fc6c7d81000-7fc6c7d82000 rw-p 00009000 08:06 270579                     /usr/lib/x86_64-linux-gnu/libXrandr.so.2.2.0
7fc6c7d88000-7fc6c7d97000 r-xp 00000000 08:06 270567                     /usr/lib/x86_64-linux-gnu/libXi.so.6.1.0
7fc6c7d97000-7fc6c7f96000 ---p 0000f000 08:06 270567                     /usr/lib/x86_64-linux-gnu/libXi.so.6.1.0
7fc6c7f96000-7fc6c7f97000 r--p 0000e000 08:06 270567                     /usr/lib/x86_64-linux-gnu/libXi.so.6.1.0
7fc6c7f97000-7fc6c7f98000 rw-p 0000f000 08:06 270567                     /usr/lib/x86_64-linux-gnu/libXi.so.6.1.0
7fc6c7f98000-7fc6c7f9a000 r-xp 00000000 08:06 270569                     /usr/lib/x86_64-linux-gnu/libXinerama.so.1.0.0
7fc6c7f9a000-7fc6c8199000 ---p 00002000 08:06 270569                     /usr/lib/x86_64-linux-gnu/libXinerama.so.1.0.0
7fc6c8199000-7fc6c819a000 r--p 00001000 08:06 270569                     /usr/lib/x86_64-linux-gnu/libXinerama.so.1.0.0
7fc6c819a000-7fc6c819b000 rw-p 00002000 08:06 270569                     /usr/lib/x86_64-linux-gnu/libXinerama.so.1.0.0
7fc6c81a0000-7fc6c81a9000 r-xp 00000000 08:06 270581                     /usr/lib/x86_64-linux-gnu/libXrender.so.1.3.0
7fc6c81a9000-7fc6c83a8000 ---p 00009000 08:06 270581                     /usr/lib/x86_64-linux-gnu/libXrender.so.1.3.0
7fc6c83a8000-7fc6c83a9000 r--p 00008000 08:06 270581                     /usr/lib/x86_64-linux-gnu/libXrender.so.1.3.0
7fc6c83a9000-7fc6c83aa000 rw-p 00009000 08:06 270581                     /usr/lib/x86_64-linux-gnu/libXrender.so.1.3.0
7fc6c83b0000-7fc6c83b5000 r-xp 00000000 08:06 270561                     /usr/lib/x86_64-linux-gnu/libXfixes.so.3.1.0
7fc6c83b5000-7fc6c85b4000 ---p 00005000 08:06 270561                     /usr/lib/x86_64-linux-gnu/libXfixes.so.3.1.0
7fc6c85b4000-7fc6c85b5000 r--p 00004000 08:06 270561                     /usr/lib/x86_64-linux-gnu/libXfixes.so.3.1.0
7fc6c85b5000-7fc6c85b6000 rw-p 00005000 08:06 270561                     /usr/lib/x86_64-linux-gnu/libXfixes.so.3.1.0
7fc6c85b8000-7fc6c85ce000 r-xp 00000000 08:06 11273328                   /lib/x86_64-linux-gnu/libgcc_s.so.1
7fc6c85ce000-7fc6c87cd000 ---p 00016000 08:06 11273328                   /lib/x86_64-linux-gnu/libgcc_s.so.1
7fc6c87cd000-7fc6c87ce000 rw-p 00015000 08:06 11273328                   /lib/x86_64-linux-gnu/libgcc_s.so.1
7fc6c87d0000-7fc6c88b6000 r-xp 00000000 08:06 262560                     /usr/lib/x86_64-linux-gnu/libstdc++.so.6.0.19
7fc6c88b6000-7fc6c8ab5000 ---p 000e6000 08:06 262560                     /usr/lib/x86_64-linux-gnu/libstdc++.so.6.0.19
7fc6c8ab5000-7fc6c8abd000 r--p 000e5000 08:06 262560                     /usr/lib/x86_64-linux-gnu/libstdc++.so.6.0.19
7fc6c8abd000-7fc6c8abf000 rw-p 000ed000 08:06 262560                     /usr/lib/x86_64-linux-gnu/libstdc++.so.6.0.19
7fc6c8abf000-7fc6c8ad4000 rw-p 00000000 00:00 0 
7fc6c8ad8000-7fc6c8b96000 r-xp 00000000 08:06 921224                     /usr/lib/nvidia-352/libGL.so.352.63
7fc6c8b96000-7fc6c8bc9000 rwxp 000be000 08:06 921224                     /usr/lib/nvidia-352/libGL.so.352.63
7fc6c8bc9000-7fc6c8bdb000 r-xp 000f1000 08:06 921224                     /usr/lib/nvidia-352/libGL.so.352.63
7fc6c8bdb000-7fc6c8dda000 ---p 00103000 08:06 921224                     /usr/lib/nvidia-352/libGL.so.352.63
7fc6c8dda000-7fc6c8e02000 rw-p 00102000 08:06 921224                     /usr/lib/nvidia-352/libGL.so.352.63
7fc6c8e02000-7fc6c8e08000 rw-p 00000000 00:00 0 
7fc6c8e08000-7fc6c8e0c000 r-xp 00000000 08:06 270597                     /usr/lib/x86_64-linux-gnu/libXxf86vm.so.1.0.0
7fc6c8e0c000-7fc6c900c000 ---p 00004000 08:06 270597                     /usr/lib/x86_64-linux-gnu/libXxf86vm.so.1.0.0
7fc6c900c000-7fc6c900d000 r--p 00004000 08:06 270597                     /usr/lib/x86_64-linux-gnu/libXxf86vm.so.1.0.0
7fc6c900d000-7fc6c900e000 rw-p 00005000 08:06 270597                     /usr/lib/x86_64-linux-gnu/libXxf86vm.so.1.0.0
7fc6c9010000-7fc6c9140000 r-xp 00000000 08:06 270538                     /usr/lib/x86_64-linux-gnu/libX11.so.6.3.0
7fc6c9140000-7fc6c9340000 ---p 00130000 08:06 270538                     /usr/lib/x86_64-linux-gnu/libX11.so.6.3.0
7fc6c9340000-7fc6c9341000 r--p 00130000 08:06 270538                     /usr/lib/x86_64-linux-gnu/libX11.so.6.3.0
7fc6c9341000-7fc6c9345000 rw-p 00131000 08:06 270538                     /usr/lib/x86_64-linux-gnu/libX11.so.6.3.0
7fc6c9348000-7fc6c934d000 r-xp 00000000 08:06 270587                     /usr/lib/x86_64-linux-gnu/libXtst.so.6.1.0
7fc6c934d000-7fc6c954c000 ---p 00005000 08:06 270587                     /usr/lib/x86_64-linux-gnu/libXtst.so.6.1.0
7fc6c954c000-7fc6c954d000 r--p 00004000 08:06 270587                     /usr/lib/x86_64-linux-gnu/libXtst.so.6.1.0
7fc6c954d000-7fc6c954e000 rw-p 00005000 08:06 270587                     /usr/lib/x86_64-linux-gnu/libXtst.so.6.1.0
7fc6c9550000-7fc6c9656000 r-xp 00000000 08:06 11276559                   /lib/x86_64-linux-gnu/libglib-2.0.so.0.4002.0
7fc6c9656000-7fc6c9855000 ---p 00106000 08:06 11276559                   /lib/x86_64-linux-gnu/libglib-2.0.so.0.4002.0
7fc6c9855000-7fc6c9856000 r--p 00105000 08:06 11276559                   /lib/x86_64-linux-gnu/libglib-2.0.so.0.4002.0
7fc6c9856000-7fc6c9857000 rw-p 00106000 08:06 11276559                   /lib/x86_64-linux-gnu/libglib-2.0.so.0.4002.0
7fc6c9857000-7fc6c9858000 rw-p 00000000 00:00 0 
7fc6c9858000-7fc6c9859000 r-xp 00000000 08:06 271159                     /usr/lib/x86_64-linux-gnu/libgthread-2.0.so.0.4002.0
7fc6c9859000-7fc6c9a58000 ---p 00001000 08:06 271159                     /usr/lib/x86_64-linux-gnu/libgthread-2.0.so.0.4002.0
7fc6c9a58000-7fc6c9a59000 r--p 00000000 08:06 271159                     /usr/lib/x86_64-linux-gnu/libgthread-2.0.so.0.4002.0
7fc6c9a59000-7fc6c9a5a000 rw-p 00001000 08:06 271159                     /usr/lib/x86_64-linux-gnu/libgthread-2.0.so.0.4002.0
7fc6c9a60000-7fc6c9a63000 r-xp 00000000 08:06 271015                     /usr/lib/x86_64-linux-gnu/libgmodule-2.0.so.0.4002.0
7fc6c9a63000-7fc6c9c62000 ---p 00003000 08:06 271015                     /usr/lib/x86_64-linux-gnu/libgmodule-2.0.so.0.4002.0
7fc6c9c62000-7fc6c9c63000 r--p 00002000 08:06 271015                     /usr/lib/x86_64-linux-gnu/libgmodule-2.0.so.0.4002.0
7fc6c9c63000-7fc6c9c64000 rw-p 00003000 08:06 271015                     /usr/lib/x86_64-linux-gnu/libgmodule-2.0.so.0.4002.0
7fc6c9c68000-7fc6c9cb7000 r-xp 00000000 08:06 271039                     /usr/lib/x86_64-linux-gnu/libgobject-2.0.so.0.4002.0
7fc6c9cb7000-7fc6c9eb7000 ---p 0004f000 08:06 271039                     /usr/lib/x86_64-linux-gnu/libgobject-2.0.so.0.4002.0
7fc6c9eb7000-7fc6c9eb8000 r--p 0004f000 08:06 271039                     /usr/lib/x86_64-linux-gnu/libgobject-2.0.so.0.4002.0
7fc6c9eb8000-7fc6c9eb9000 rw-p 00050000 08:06 271039                     /usr/lib/x86_64-linux-gnu/libgobject-2.0.so.0.4002.0
7fc6c9ec0000-7fc6c9efa000 r-xp 00000000 08:06 270920                     /usr/lib/x86_64-linux-gnu/libfontconfig.so.1.8.0
7fc6c9efa000-7fc6ca0f9000 ---p 0003a000 08:06 270920                     /usr/lib/x86_64-linux-gnu/libfontconfig.so.1.8.0
7fc6ca0f9000-7fc6ca0fb000 r--p 00039000 08:06 270920                     /usr/lib/x86_64-linux-gnu/libfontconfig.so.1.8.0
7fc6ca0fb000-7fc6ca0fc000 rw-p 0003b000 08:06 270920                     /usr/lib/x86_64-linux-gnu/libfontconfig.so.1.8.0
7fc6ca100000-7fc6ca19d000 r-xp 00000000 08:06 270946                     /usr/lib/x86_64-linux-gnu/libfreetype.so.6.11.1
7fc6ca19d000-7fc6ca39c000 ---p 0009d000 08:06 270946                     /usr/lib/x86_64-linux-gnu/libfreetype.so.6.11.1
7fc6ca39c000-7fc6ca3a2000 r--p 0009c000 08:06 270946                     /usr/lib/x86_64-linux-gnu/libfreetype.so.6.11.1
7fc6ca3a2000-7fc6ca3a3000 rw-p 000a2000 08:06 270946                     /usr/lib/x86_64-linux-gnu/libfreetype.so.6.11.1
7fc6ca3a8000-7fc6ca3f2000 r-xp 00000000 08:06 271463                     /usr/lib/x86_64-linux-gnu/libpango-1.0.so.0.3600.3
7fc6ca3f2000-7fc6ca5f2000 ---p 0004a000 08:06 271463                     /usr/lib/x86_64-linux-gnu/libpango-1.0.so.0.3600.3
7fc6ca5f2000-7fc6ca5f4000 r--p 0004a000 08:06 271463                     /usr/lib/x86_64-linux-gnu/libpango-1.0.so.0.3600.3
7fc6ca5f4000-7fc6ca5f5000 rw-p 0004c000 08:06 271463                     /usr/lib/x86_64-linux-gnu/libpango-1.0.so.0.3600.3
7fc6ca5f8000-7fc6ca6fe000 r-xp 00000000 08:06 270702                     /usr/lib/x86_64-linux-gnu/libcairo.so.2.11301.0
7fc6ca6fe000-7fc6ca8fd000 ---p 00106000 08:06 270702                     /usr/lib/x86_64-linux-gnu/libcairo.so.2.11301.0
7fc6ca8fd000-7fc6ca900000 r--p 00105000 08:06 270702                     /usr/lib/x86_64-linux-gnu/libcairo.so.2.11301.0
7fc6ca900000-7fc6ca901000 rw-p 00108000 08:06 270702                     /usr/lib/x86_64-linux-gnu/libcairo.so.2.11301.0
7fc6ca901000-7fc6ca903000 rw-p 00000000 00:00 0 
7fc6ca908000-7fc6ca913000 r-xp 00000000 08:06 271465                     /usr/lib/x86_64-linux-gnu/libpangocairo-1.0.so.0.3600.3
7fc6ca913000-7fc6cab13000 ---p 0000b000 08:06 271465                     /usr/lib/x86_64-linux-gnu/libpangocairo-1.0.so.0.3600.3
7fc6cab13000-7fc6cab14000 r--p 0000b000 08:06 271465                     /usr/lib/x86_64-linux-gnu/libpangocairo-1.0.so.0.3600.3
7fc6cab14000-7fc6cab15000 rw-p 0000c000 08:06 271465                     /usr/lib/x86_64-linux-gnu/libpangocairo-1.0.so.0.3600.3
7fc6cab18000-7fc6cab38000 r-xp 00000000 08:06 270979                     /usr/lib/x86_64-linux-gnu/libgdk_pixbuf-2.0.so.0.3000.7
7fc6cab38000-7fc6cad37000 ---p 00020000 08:06 270979                     /usr/lib/x86_64-linux-gnu/libgdk_pixbuf-2.0.so.0.3000.7
7fc6cad37000-7fc6cad38000 r--p 0001f000 08:06 270979                     /usr/lib/x86_64-linux-gnu/libgdk_pixbuf-2.0.so.0.3000.7
7fc6cad38000-7fc6cad39000 rw-p 00020000 08:06 270979                     /usr/lib/x86_64-linux-gnu/libgdk_pixbuf-2.0.so.0.3000.7
7fc6cad40000-7fc6cad54000 r-xp 00000000 08:06 271467                     /usr/lib/x86_64-linux-gnu/libpangoft2-1.0.so.0.3600.3
7fc6cad54000-7fc6caf53000 ---p 00014000 08:06 271467                     /usr/lib/x86_64-linux-gnu/libpangoft2-1.0.so.0.3600.3
7fc6caf53000-7fc6caf54000 r--p 00013000 08:06 271467                     /usr/lib/x86_64-linux-gnu/libpangoft2-1.0.so.0.3600.3
7fc6caf54000-7fc6caf55000 rw-p 00014000 08:06 271467                     /usr/lib/x86_64-linux-gnu/libpangoft2-1.0.so.0.3600.3
7fc6caf58000-7fc6cb0c4000 r-xp 00000000 08:06 271001                     /usr/lib/x86_64-linux-gnu/libgio-2.0.so.0.4002.0
7fc6cb0c4000-7fc6cb2c3000 ---p 0016c000 08:06 271001                     /usr/lib/x86_64-linux-gnu/libgio-2.0.so.0.4002.0
7fc6cb2c3000-7fc6cb2c7000 r--p 0016b000 08:06 271001                     /usr/lib/x86_64-linux-gnu/libgio-2.0.so.0.4002.0
7fc6cb2c7000-7fc6cb2c9000 rw-p 0016f000 08:06 271001                     /usr/lib/x86_64-linux-gnu/libgio-2.0.so.0.4002.0
7fc6cb2c9000-7fc6cb2cb000 rw-p 00000000 00:00 0 
7fc6cb2d0000-7fc6cb2ef000 r-xp 00000000 08:06 270646                     /usr/lib/x86_64-linux-gnu/libatk-1.0.so.0.21009.1
7fc6cb2ef000-7fc6cb4ef000 ---p 0001f000 08:06 270646                     /usr/lib/x86_64-linux-gnu/libatk-1.0.so.0.21009.1
7fc6cb4ef000-7fc6cb4f1000 r--p 0001f000 08:06 270646                     /usr/lib/x86_64-linux-gnu/libatk-1.0.so.0.21009.1
7fc6cb4f1000-7fc6cb4f2000 rw-p 00021000 08:06 270646                     /usr/lib/x86_64-linux-gnu/libatk-1.0.so.0.21009.1
7fc6cb4f8000-7fc6cb5a5000 r-xp 00000000 08:06 262704                     /usr/lib/x86_64-linux-gnu/libgdk-x11-2.0.so.0.2400.23
7fc6cb5a5000-7fc6cb7a5000 ---p 000ad000 08:06 262704                     /usr/lib/x86_64-linux-gnu/libgdk-x11-2.0.so.0.2400.23
7fc6cb7a5000-7fc6cb7a9000 r--p 000ad000 08:06 262704                     /usr/lib/x86_64-linux-gnu/libgdk-x11-2.0.so.0.2400.23
7fc6cb7a9000-7fc6cb7ab000 rw-p 000b1000 08:06 262704                     /usr/lib/x86_64-linux-gnu/libgdk-x11-2.0.so.0.2400.23
7fc6cb7b0000-7fc6cbbe0000 r-xp 00000000 08:06 265442                     /usr/lib/x86_64-linux-gnu/libgtk-x11-2.0.so.0.2400.23
7fc6cbbe0000-7fc6cbddf000 ---p 00430000 08:06 265442                     /usr/lib/x86_64-linux-gnu/libgtk-x11-2.0.so.0.2400.23
7fc6cbddf000-7fc6cbde6000 r--p 0042f000 08:06 265442                     /usr/lib/x86_64-linux-gnu/libgtk-x11-2.0.so.0.2400.23
7fc6cbde6000-7fc6cbdea000 rw-p 00436000 08:06 265442                     /usr/lib/x86_64-linux-gnu/libgtk-x11-2.0.so.0.2400.23
7fc6cbdea000-7fc6cbded000 rw-p 00000000 00:00 0 
7fc6cbdf0000-7fc6cbdfc000 r-xp 00000000 08:06 10486192                   /usr/lib/jvm/jdk1.8.0_111/jre/lib/amd64/libprism_es2.so
7fc6cbdfc000-7fc6cbffb000 ---p 0000c000 08:06 10486192                   /usr/lib/jvm/jdk1.8.0_111/jre/lib/amd64/libprism_es2.so
7fc6cbffb000-7fc6cbffc000 rw-p 0000b000 08:06 10486192                   /usr/lib/jvm/jdk1.8.0_111/jre/lib/amd64/libprism_es2.so
7fc6cc000000-7fc6cc021000 rw-p 00000000 00:00 0 
7fc6cc021000-7fc6d0000000 ---p 00000000 00:00 0 
7fc6d0000000-7fc6d0bfe000 rw-p 00000000 00:00 0 
7fc6d0bfe000-7fc6d4000000 ---p 00000000 00:00 0 
7fc6d4000000-7fc6d455a000 rw-p 00000000 00:00 0 
7fc6d455a000-7fc6d8000000 ---p 00000000 00:00 0 
7fc6d8000000-7fc6d8021000 rw-p 00000000 00:00 0 
7fc6d8021000-7fc6dc000000 ---p 00000000 00:00 0 
7fc6dc000000-7fc6dc021000 rw-p 00000000 00:00 0 
7fc6dc021000-7fc6e0000000 ---p 00000000 00:00 0 
7fc6e0000000-7fc6e04b0000 rw-p 00000000 00:00 0 
7fc6e04b0000-7fc6e4000000 ---p 00000000 00:00 0 
7fc6e4000000-7fc6e4021000 rw-p 00000000 00:00 0 
7fc6e4021000-7fc6e8000000 ---p 00000000 00:00 0 
7fc6e8000000-7fc6e8021000 rw-p 00000000 00:00 0 
7fc6e8021000-7fc6ec000000 ---p 00000000 00:00 0 
7fc6ec000000-7fc6ec021000 rw-p 00000000 00:00 0 
7fc6ec021000-7fc6f0000000 ---p 00000000 00:00 0 
7fc6f0000000-7fc6f0021000 rw-p 00000000 00:00 0 
7fc6f0021000-7fc6f4000000 ---p 00000000 00:00 0 
7fc6f4000000-7fc6f4001000 r--s 00000000 08:06 3801389                    /var/cache/fontconfig/0c9eb80ebd1c36541ebe2852d3bb0c49-le64.cache-4
7fc6f4008000-7fc6f400c000 r--s 00000000 08:06 3816245                    /var/cache/fontconfig/7ef2298fde41cc6eeb7af42e48b7d293-le64.cache-4
7fc6f4010000-7fc6f4014000 r--s 00060000 08:06 10619782                   /home/xmbeat/NetBeansProjects/FingerprintLogin/dist/run978575239/lib/webcam-capture-0.3.10.jar
7fc6f4015000-7fc6f4017000 r--s 00005000 08:06 10619781                   /home/xmbeat/NetBeansProjects/FingerprintLogin/dist/run978575239/lib/slf4j-api-1.7.2.jar
7fc6f4017000-7fc6f401f000 r--s 000cf000 08:06 10619777                   /home/xmbeat/NetBeansProjects/FingerprintLogin/dist/run978575239/lib/bridj-0.6.2.jar
7fc6f4020000-7fc6f4046000 r--p 00000000 08:06 1314142                    /usr/share/locale-langpack/es/LC_MESSAGES/libc.mo
7fc6f4048000-7fc6f404f000 r--s 00000000 08:06 786750                     /usr/lib/x86_64-linux-gnu/gconv/gconv-modules.cache
7fc6f4050000-7fc6f405f000 r--p 00000000 08:06 1314186                    /usr/share/locale-langpack/es/LC_MESSAGES/gtk20.mo
7fc6f4060000-7fc6f4080000 rw-s c0320000 00:06 12148                      /dev/nvidia0
7fc6f4087000-7fc6f40c7000 rw-s 1a5237000 00:06 12147                     /dev/nvidiactl
7fc6f40c9000-7fc6f417d000 rw-s 221d19000 00:06 12147                     /dev/nvidiactl
7fc6f417f000-7fc6f4182000 ---p 00000000 00:00 0 
7fc6f4182000-7fc6f8000000 rw-p 00000000 00:00 0                          [stack:7119]
7fc6f8000000-7fc6f8021000 rw-p 00000000 00:00 0 
7fc6f8021000-7fc6fc000000 ---p 00000000 00:00 0 
7fc6fc001000-7fc6fc014000 rw-s 1a51d9000 00:06 12147                     /dev/nvidiactl
7fc6fc01b000-7fc6fc0b1000 r--s 01103000 08:06 10486256                   /usr/lib/jvm/jdk1.8.0_111/jre/lib/ext/jfxrt.jar
7fc6fc0b3000-7fc6fc0b4000 ---p 00000000 00:00 0 
7fc6fc0b4000-7fc6fc1b4000 rw-p 00000000 00:00 0                          [stack:7097]
7fc6fc1b4000-7fc6fc1b7000 ---p 00000000 00:00 0 
7fc6fc1b7000-7fc6fc2b5000 rw-p 00000000 00:00 0                          [stack:7096]
7fc6fc2b5000-7fc6fc2b8000 ---p 00000000 00:00 0 
7fc6fc2b8000-7fc6fc3b6000 rw-p 00000000 00:00 0                          [stack:7095]
7fc6fc3b6000-7fc6fc3b9000 ---p 00000000 00:00 0 
7fc6fc3b9000-7fc6fc4b7000 rw-p 00000000 00:00 0                          [stack:7094]
7fc6fc4b7000-7fc6fc4ba000 ---p 00000000 00:00 0 
7fc6fc4ba000-7fc6fc5b8000 rw-p 00000000 00:00 0                          [stack:7093]
7fc6fc5b8000-7fc6fcaf6000 r--p 00000000 08:06 269140                     /usr/lib/locale/locale-archive
7fc6fcafb000-7fc6fcafe000 ---p 00000000 00:00 0 
7fc6fcafe000-7fc6fcbfc000 rw-p 00000000 00:00 0                          [stack:7092]
7fc6fcbfc000-7fc6fcbff000 ---p 00000000 00:00 0 
7fc6fcbff000-7fc6fccfd000 rw-p 00000000 00:00 0                          [stack:7091]
7fc6fccfd000-7fc6fccfe000 ---p 00000000 00:00 0 
7fc6fccfe000-7fc6fd000000 rw-p 00000000 00:00 0                          [stack:7090]
7fc6fd000000-7fc6fd8e0000 rwxp 00000000 00:00 0 
7fc6fd8e0000-7fc70c000000 ---p 00000000 00:00 0 
7fc70c000000-7fc70c49e000 rw-p 00000000 00:00 0 
7fc70c49e000-7fc710000000 ---p 00000000 00:00 0 
7fc710002000-7fc710005000 r--s 0003a000 08:06 10619780                   /home/xmbeat/NetBeansProjects/FingerprintLogin/dist/run978575239/lib/mysql-connector-java-3.0.17-ga-bin.jar
7fc71000a000-7fc71002a000 rw-s 1a5222000 00:06 12147                     /dev/nvidiactl
7fc71002b000-7fc71006b000 rw-s 1a38fb000 00:06 12147                     /dev/nvidiactl
7fc71006c000-7fc7107c2000 rw-p 00000000 00:00 0 
7fc7107c2000-7fc71099a000 r--s 03d2a000 08:06 10486172                   /usr/lib/jvm/jdk1.8.0_111/jre/lib/rt.jar
7fc71099f000-7fc7115ed000 rw-p 00000000 00:00 0 
7fc7115ed000-7fc7115ee000 ---p 00000000 00:00 0 
7fc7115ee000-7fc7116ee000 rw-p 00000000 00:00 0                          [stack:7089]
7fc7116ee000-7fc7116ef000 ---p 00000000 00:00 0 
7fc7116ef000-7fc711813000 rw-p 00000000 00:00 0                          [stack:7088]
7fc711813000-7fc711a7f000 ---p 00000000 00:00 0 
7fc711a7f000-7fc711aa3000 rw-p 00000000 00:00 0 
7fc711aa3000-7fc711d0f000 ---p 00000000 00:00 0 
7fc711d0f000-7fc711d24000 rw-p 00000000 00:00 0 
7fc711d24000-7fc711e57000 ---p 00000000 00:00 0 
7fc711e57000-7fc711e7c000 rw-p 00000000 00:00 0 
7fc711e7c000-7fc712218000 ---p 00000000 00:00 0 
7fc712218000-7fc712232000 r-xp 00000000 08:06 10486203                   /usr/lib/jvm/jdk1.8.0_111/jre/lib/amd64/libzip.so
7fc712232000-7fc712432000 ---p 0001a000 08:06 10486203                   /usr/lib/jvm/jdk1.8.0_111/jre/lib/amd64/libzip.so
7fc712432000-7fc712433000 rw-p 0001a000 08:06 10486203                   /usr/lib/jvm/jdk1.8.0_111/jre/lib/amd64/libzip.so
7fc712438000-7fc712443000 r-xp 00000000 08:06 11273355                   /lib/x86_64-linux-gnu/libnss_files-2.19.so
7fc712443000-7fc712642000 ---p 0000b000 08:06 11273355                   /lib/x86_64-linux-gnu/libnss_files-2.19.so
7fc712642000-7fc712643000 r--p 0000a000 08:06 11273355                   /lib/x86_64-linux-gnu/libnss_files-2.19.so
7fc712643000-7fc712644000 rw-p 0000b000 08:06 11273355                   /lib/x86_64-linux-gnu/libnss_files-2.19.so
7fc712648000-7fc712653000 r-xp 00000000 08:06 11273318                   /lib/x86_64-linux-gnu/libnss_nis-2.19.so
7fc712653000-7fc712852000 ---p 0000b000 08:06 11273318                   /lib/x86_64-linux-gnu/libnss_nis-2.19.so
7fc712852000-7fc712853000 r--p 0000a000 08:06 11273318                   /lib/x86_64-linux-gnu/libnss_nis-2.19.so
7fc712853000-7fc712854000 rw-p 0000b000 08:06 11273318                   /lib/x86_64-linux-gnu/libnss_nis-2.19.so
7fc712858000-7fc71286f000 r-xp 00000000 08:06 11273308                   /lib/x86_64-linux-gnu/libnsl-2.19.so
7fc71286f000-7fc712a6e000 ---p 00017000 08:06 11273308                   /lib/x86_64-linux-gnu/libnsl-2.19.so
7fc712a6e000-7fc712a6f000 r--p 00016000 08:06 11273308                   /lib/x86_64-linux-gnu/libnsl-2.19.so
7fc712a6f000-7fc712a70000 rw-p 00017000 08:06 11273308                   /lib/x86_64-linux-gnu/libnsl-2.19.so
7fc712a70000-7fc712a72000 rw-p 00000000 00:00 0 
7fc712a78000-7fc712a81000 r-xp 00000000 08:06 11273302                   /lib/x86_64-linux-gnu/libnss_compat-2.19.so
7fc712a81000-7fc712c80000 ---p 00009000 08:06 11273302                   /lib/x86_64-linux-gnu/libnss_compat-2.19.so
7fc712c80000-7fc712c81000 r--p 00008000 08:06 11273302                   /lib/x86_64-linux-gnu/libnss_compat-2.19.so
7fc712c81000-7fc712c82000 rw-p 00009000 08:06 11273302                   /lib/x86_64-linux-gnu/libnss_compat-2.19.so
7fc712c88000-7fc712cb3000 r-xp 00000000 08:06 10486230                   /usr/lib/jvm/jdk1.8.0_111/jre/lib/amd64/libjava.so
7fc712cb3000-7fc712eb2000 ---p 0002b000 08:06 10486230                   /usr/lib/jvm/jdk1.8.0_111/jre/lib/amd64/libjava.so
7fc712eb2000-7fc712eb4000 rw-p 0002a000 08:06 10486230                   /usr/lib/jvm/jdk1.8.0_111/jre/lib/amd64/libjava.so
7fc712eb8000-7fc712ec5000 r-xp 00000000 08:06 10486181                   /usr/lib/jvm/jdk1.8.0_111/jre/lib/amd64/libverify.so
7fc712ec5000-7fc7130c4000 ---p 0000d000 08:06 10486181                   /usr/lib/jvm/jdk1.8.0_111/jre/lib/amd64/libverify.so
7fc7130c4000-7fc7130c6000 rw-p 0000c000 08:06 10486181                   /usr/lib/jvm/jdk1.8.0_111/jre/lib/amd64/libverify.so
7fc7130c8000-7fc7130cf000 r-xp 00000000 08:06 11273343                   /lib/x86_64-linux-gnu/librt-2.19.so
7fc7130cf000-7fc7132ce000 ---p 00007000 08:06 11273343                   /lib/x86_64-linux-gnu/librt-2.19.so
7fc7132ce000-7fc7132cf000 r--p 00006000 08:06 11273343                   /lib/x86_64-linux-gnu/librt-2.19.so
7fc7132cf000-7fc7132d0000 rw-p 00007000 08:06 11273343                   /lib/x86_64-linux-gnu/librt-2.19.so
7fc7132d0000-7fc7133d5000 r-xp 00000000 08:06 11273293                   /lib/x86_64-linux-gnu/libm-2.19.so
7fc7133d5000-7fc7135d4000 ---p 00105000 08:06 11273293                   /lib/x86_64-linux-gnu/libm-2.19.so
7fc7135d4000-7fc7135d5000 r--p 00104000 08:06 11273293                   /lib/x86_64-linux-gnu/libm-2.19.so
7fc7135d5000-7fc7135d6000 rw-p 00105000 08:06 11273293                   /lib/x86_64-linux-gnu/libm-2.19.so
7fc7135d8000-7fc7142a5000 r-xp 00000000 08:06 10486234                   /usr/lib/jvm/jdk1.8.0_111/jre/lib/amd64/server/libjvm.so
7fc7142a5000-7fc7144a4000 ---p 00ccd000 08:06 10486234                   /usr/lib/jvm/jdk1.8.0_111/jre/lib/amd64/server/libjvm.so
7fc7144a4000-7fc71457d000 rw-p 00ccc000 08:06 10486234                   /usr/lib/jvm/jdk1.8.0_111/jre/lib/amd64/server/libjvm.so
7fc71457d000-7fc7145c8000 rw-p 00000000 00:00 0 
7fc7145c8000-7fc714783000 r-xp 00000000 08:06 11273344                   /lib/x86_64-linux-gnu/libc-2.19.so
7fc714783000-7fc714982000 ---p 001bb000 08:06 11273344                   /lib/x86_64-linux-gnu/libc-2.19.so
7fc714982000-7fc714986000 r--p 001ba000 08:06 11273344                   /lib/x86_64-linux-gnu/libc-2.19.so
7fc714986000-7fc714988000 rw-p 001be000 08:06 11273344                   /lib/x86_64-linux-gnu/libc-2.19.so
7fc714988000-7fc71498d000 rw-p 00000000 00:00 0 
7fc714990000-7fc714993000 r-xp 00000000 08:06 11273295                   /lib/x86_64-linux-gnu/libdl-2.19.so
7fc714993000-7fc714b92000 ---p 00003000 08:06 11273295                   /lib/x86_64-linux-gnu/libdl-2.19.so
7fc714b92000-7fc714b93000 r--p 00002000 08:06 11273295                   /lib/x86_64-linux-gnu/libdl-2.19.so
7fc714b93000-7fc714b94000 rw-p 00003000 08:06 11273295                   /lib/x86_64-linux-gnu/libdl-2.19.so
7fc714b98000-7fc714bad000 r-xp 00000000 08:06 10486219                   /usr/lib/jvm/jdk1.8.0_111/jre/lib/amd64/jli/libjli.so
7fc714bad000-7fc714dad000 ---p 00015000 08:06 10486219                   /usr/lib/jvm/jdk1.8.0_111/jre/lib/amd64/jli/libjli.so
7fc714dad000-7fc714dae000 rw-p 00015000 08:06 10486219                   /usr/lib/jvm/jdk1.8.0_111/jre/lib/amd64/jli/libjli.so
7fc714db0000-7fc714dc9000 r-xp 00000000 08:06 11273309                   /lib/x86_64-linux-gnu/libpthread-2.19.so
7fc714dc9000-7fc714fc8000 ---p 00019000 08:06 11273309                   /lib/x86_64-linux-gnu/libpthread-2.19.so
7fc714fc8000-7fc714fc9000 r--p 00018000 08:06 11273309                   /lib/x86_64-linux-gnu/libpthread-2.19.so
7fc714fc9000-7fc714fca000 rw-p 00019000 08:06 11273309                   /lib/x86_64-linux-gnu/libpthread-2.19.so
7fc714fca000-7fc714fce000 rw-p 00000000 00:00 0 
7fc714fd0000-7fc714ff3000 r-xp 00000000 08:06 11273314                   /lib/x86_64-linux-gnu/ld-2.19.so
7fc714ff8000-7fc714ffa000 rw-s 00000000 08:06 131102                     /tmp/.glkQxKyk (deleted)
7fc715000000-7fc715001000 rw-s 1a51d8000 00:06 12147                     /dev/nvidiactl
7fc715006000-7fc71500a000 rw-s 18ab4e000 00:06 12147                     /dev/nvidiactl
7fc715010000-7fc715011000 rw-s fd060000 00:06 12148                      /dev/nvidia0
7fc715016000-7fc715017000 rw-s cfee6000 00:06 12148                      /dev/nvidia0
7fc71501e000-7fc71501f000 rw-s cfee6000 00:06 12148                      /dev/nvidia0
7fc715041000-7fc7150c3000 rw-p 00000000 00:00 0 
7fc7150c3000-7fc7150c6000 ---p 00000000 00:00 0 
7fc7150c6000-7fc7151c8000 rw-p 00000000 00:00 0                          [stack:7087]
7fc7151c9000-7fc7151ca000 rw-s fd641000 00:06 12148                      /dev/nvidia0
7fc7151d1000-7fc7151d2000 rw-s 221909000 00:06 12147                     /dev/nvidiactl
7fc7151d7000-7fc7151d8000 rw-s 1c348f000 00:06 12147                     /dev/nvidiactl
7fc7151dd000-7fc7151df000 r--s 00025000 08:06 10619774                   /home/xmbeat/NetBeansProjects/FingerprintLogin/dist/run978575239/FingerprintLogin.jar
7fc7151e0000-7fc7151e8000 rw-s 00000000 08:06 1185732                    /tmp/hsperfdata_xmbeat/7083
7fc7151eb000-7fc7151ef000 rw-p 00000000 00:00 0 
7fc7151ef000-7fc7151f0000 ---p 00000000 00:00 0 
7fc7151f0000-7fc7151f2000 rw-p 00000000 00:00 0 
7fc7151f2000-7fc7151f3000 r--p 00022000 08:06 11273314                   /lib/x86_64-linux-gnu/ld-2.19.so
7fc7151f3000-7fc7151f4000 rw-p 00023000 08:06 11273314                   /lib/x86_64-linux-gnu/ld-2.19.so
7fc7151f4000-7fc7151f5000 rw-p 00000000 00:00 0 
7fff123fc000-7fff1241d000 rw-p 00000000 00:00 0                          [stack]
7fff124b8000-7fff124ba000 r--p 00000000 00:00 0                          [vvar]
7fff124ba000-7fff124bc000 r-xp 00000000 00:00 0                          [vdso]
ffffffffff600000-ffffffffff601000 r-xp 00000000 00:00 0                  [vsyscall]

VM Arguments:
jvm_args: -Dfile.encoding=UTF-8 
java_command: /home/xmbeat/NetBeansProjects/FingerprintLogin/dist/run978575239/FingerprintLogin.jar
java_class_path (initial): /home/xmbeat/NetBeansProjects/FingerprintLogin/dist/run978575239/FingerprintLogin.jar
Launcher Type: SUN_STANDARD

Environment Variables:
PATH=/home/xmbeat/bin:/usr/local/sbin:/usr/local/bin:/usr/sbin:/usr/bin:/sbin:/bin:/usr/games:/usr/local/games
USERNAME=xmbeat
LD_LIBRARY_PATH=/usr/lib/jvm/jdk1.8.0_111/jre/lib/amd64:/usr/lib/jvm/jdk1.8.0_111/jre/lib/i386:
SHELL=/bin/bash
DISPLAY=:0

Signal Handlers:
SIGSEGV: [libjvm.so+0xac64b0], sa_mask[0]=11111111011111111101111111111110, sa_flags=SA_RESTART|SA_SIGINFO
SIGBUS: [libjvm.so+0xac64b0], sa_mask[0]=11111111011111111101111111111110, sa_flags=SA_RESTART|SA_SIGINFO
SIGFPE: [libjvm.so+0x91f950], sa_mask[0]=11111111011111111101111111111110, sa_flags=SA_RESTART|SA_SIGINFO
SIGPIPE: SIG_IGN, sa_mask[0]=00000000000000000000000000000000, sa_flags=none
SIGXFSZ: [libjvm.so+0x91f950], sa_mask[0]=11111111011111111101111111111110, sa_flags=SA_RESTART|SA_SIGINFO
SIGILL: [libjvm.so+0x91f950], sa_mask[0]=11111111011111111101111111111110, sa_flags=SA_RESTART|SA_SIGINFO
SIGUSR1: SIG_DFL, sa_mask[0]=00000000000000000000000000000000, sa_flags=none
SIGUSR2: [libjvm.so+0x920f80], sa_mask[0]=00100000000000000000000000000000, sa_flags=SA_RESTART|SA_SIGINFO
SIGHUP: [libjvm.so+0x922380], sa_mask[0]=11111111011111111101111111111110, sa_flags=SA_RESTART|SA_SIGINFO
SIGINT: SIG_IGN, sa_mask[0]=00000000000000000000000000000000, sa_flags=none
SIGTERM: [libjvm.so+0x922380], sa_mask[0]=11111111011111111101111111111110, sa_flags=SA_RESTART|SA_SIGINFO
SIGQUIT: [libjvm.so+0x922380], sa_mask[0]=11111111011111111101111111111110, sa_flags=SA_RESTART|SA_SIGINFO


---------------  S Y S T E M  ---------------

OS:DISTRIB_ID=LinuxMint
DISTRIB_RELEASE=17.3
DISTRIB_CODENAME=rosa
DISTRIB_DESCRIPTION="Linux Mint 17.3 Rosa"

uname:Linux 3.19.0-32-generic #37~14.04.1-Ubuntu SMP Thu Oct 22 09:41:40 UTC 2015 x86_64
libc:glibc 2.19 NPTL 2.19 
rlimit: STACK 8192k, CORE 0k, NPROC 31347, NOFILE 4096, AS infinity
load average:2.40 2.12 1.70

/proc/meminfo:
MemTotal:        8056656 kB
MemFree:         3497748 kB
MemAvailable:    5236636 kB
Buffers:          208360 kB
Cached:          1706604 kB
SwapCached:            0 kB
Active:          2999132 kB
Inactive:        1213932 kB
Active(anon):    2300488 kB
Inactive(anon):    76352 kB
Active(file):     698644 kB
Inactive(file):  1137580 kB
Unevictable:           0 kB
Mlocked:               0 kB
SwapTotal:       3998716 kB
SwapFree:        3998716 kB
Dirty:              3844 kB
Writeback:             0 kB
AnonPages:       2298108 kB
Mapped:           535968 kB
Shmem:             78744 kB
Slab:             174356 kB
SReclaimable:     143196 kB
SUnreclaim:        31160 kB
KernelStack:        8736 kB
PageTables:        33716 kB
NFS_Unstable:          0 kB
Bounce:                0 kB
WritebackTmp:          0 kB
CommitLimit:     8027044 kB
Committed_AS:    5522600 kB
VmallocTotal:   34359738367 kB
VmallocUsed:      321148 kB
VmallocChunk:   34359405052 kB
HardwareCorrupted:     0 kB
AnonHugePages:   1396736 kB
CmaTotal:              0 kB
CmaFree:               0 kB
HugePages_Total:       0
HugePages_Free:        0
HugePages_Rsvd:        0
HugePages_Surp:        0
Hugepagesize:       2048 kB
DirectMap4k:      255412 kB
DirectMap2M:     5982208 kB
DirectMap1G:     2097152 kB


CPU:total 2 (2 cores per cpu, 1 threads per core) family 21 model 19 stepping 1, cmov, cx8, fxsr, mmx, sse, sse2, sse3, ssse3, sse4.1, sse4.2, popcnt, avx, aes, clmul, mmxext, 3dnowpref, lzcnt, sse4a, tsc, tscinvbit, tscinv, bmi1

/proc/cpuinfo:
processor	: 0
vendor_id	: AuthenticAMD
cpu family	: 21
model		: 19
model name	: AMD A4-4000 APU with Radeon(tm) HD Graphics
stepping	: 1
microcode	: 0x6001119
cpu MHz		: 3000.000
cache size	: 1024 KB
physical id	: 0
siblings	: 2
core id		: 0
cpu cores	: 1
apicid		: 16
initial apicid	: 0
fpu		: yes
fpu_exception	: yes
cpuid level	: 13
wp		: yes
flags		: fpu vme de pse tsc msr pae mce cx8 apic sep mtrr pge mca cmov pat pse36 clflush mmx fxsr sse sse2 ht syscall nx mmxext fxsr_opt pdpe1gb rdtscp lm constant_tsc rep_good nopl nonstop_tsc extd_apicid aperfmperf pni pclmulqdq monitor ssse3 fma cx16 sse4_1 sse4_2 popcnt aes xsave avx f16c lahf_lm cmp_legacy svm extapic cr8_legacy abm sse4a misalignsse 3dnowprefetch osvw ibs xop skinit wdt lwp fma4 tce nodeid_msr tbm topoext perfctr_core perfctr_nb arat cpb hw_pstate npt lbrv svm_lock nrip_save tsc_scale vmcb_clean flushbyasid decodeassists pausefilter pfthreshold vmmcall bmi1
bugs		: fxsave_leak
bogomips	: 5989.21
TLB size	: 1536 4K pages
clflush size	: 64
cache_alignment	: 64
address sizes	: 48 bits physical, 48 bits virtual
power management: ts ttp tm 100mhzsteps hwpstate cpb eff_freq_ro

processor	: 1
vendor_id	: AuthenticAMD
cpu family	: 21
model		: 19
model name	: AMD A4-4000 APU with Radeon(tm) HD Graphics    
stepping	: 1
microcode	: 0x6001119
cpu MHz		: 3000.000
cache size	: 1024 KB
physical id	: 0
siblings	: 2
core id		: 1
cpu cores	: 1
apicid		: 17
initial apicid	: 1
fpu		: yes
fpu_exception	: yes
cpuid level	: 13
wp		: yes
flags		: fpu vme de pse tsc msr pae mce cx8 apic sep mtrr pge mca cmov pat pse36 clflush mmx fxsr sse sse2 ht syscall nx mmxext fxsr_opt pdpe1gb rdtscp lm constant_tsc rep_good nopl nonstop_tsc extd_apicid aperfmperf pni pclmulqdq monitor ssse3 fma cx16 sse4_1 sse4_2 popcnt aes xsave avx f16c lahf_lm cmp_legacy svm extapic cr8_legacy abm sse4a misalignsse 3dnowprefetch osvw ibs xop skinit wdt lwp fma4 tce nodeid_msr tbm topoext perfctr_core perfctr_nb arat cpb hw_pstate npt lbrv svm_lock nrip_save tsc_scale vmcb_clean flushbyasid decodeassists pausefilter pfthreshold vmmcall bmi1
bugs		: fxsave_leak
bogomips	: 5989.21
TLB size	: 1536 4K pages
clflush size	: 64
cache_alignment	: 64
address sizes	: 48 bits physical, 48 bits virtual
power management: ts ttp tm 100mhzsteps hwpstate cpb eff_freq_ro



Memory: 4k page, physical 8056656k(3497748k free), swap 3998716k(3998716k free)

vm_info: Java HotSpot(TM) 64-Bit Server VM (25.111-b14) for linux-amd64 JRE (1.8.0_111-b14), built on Sep 22 2016 16:14:03 by "java_re" with gcc 4.3.0 20080428 (Red Hat 4.3.0-8)

time: Tue Dec  6 16:17:08 2016
elapsed time: 10 seconds (0d 0h 0m 10s)

