#
# A fatal error has been detected by the Java Runtime Environment:
#
#  SIGSEGV (0xb) at pc=0x00007f5ecc0001c8, pid=26873, tid=0x00007f5ec41ce700
#
# JRE version: Java(TM) SE Runtime Environment (8.0_111-b14) (build 1.8.0_111-b14)
# Java VM: Java HotSpot(TM) 64-Bit Server VM (25.111-b14 mixed mode linux-amd64 compressed oops)
# Problematic frame:
# C  0x00007f5ecc0001c8
#
# Failed to write core dump. Core dumps have been disabled. To enable core dumping, try "ulimit -c unlimited" before starting Java again
#
# If you would like to submit a bug report, please visit:
#   http://bugreport.java.com/bugreport/crash.jsp
# The crash happened outside the Java Virtual Machine in native code.
# See problematic frame for where to report the bug.
#

---------------  T H R E A D  ---------------

Current thread (0x00007f5ed0037000):  JavaThread "Thread-4" daemon [_thread_in_native, id=27126, stack(0x00007f5ec40ce000,0x00007f5ec41cf000)]

siginfo: si_signo: 11 (SIGSEGV), si_code: 2 (SEGV_ACCERR), si_addr: 0x00007f5ecc0001c8

Registers:
RAX=0x00007f5ecc0001c8, RBX=0x00007f5ecc1df770, RCX=0x00007f5ec62863e8, RDX=0x00007f5ec6286580
RSP=0x00007f5ec41cd7a8, RBP=0x00007f5ecc000158, RSI=0x00007f5ec62863f5, RDI=0x00007f5ecc1df770
R8 =0x00007f5ec62863e0, R9 =0x00000000000001eb, R10=0x00007f5ec41cd5a0, R11=0x00007f5ec625cb50
R12=0x00007f5ecc219ef0, R13=0x00007f5ec939acaf, R14=0x00007f5ec41cd8c8, R15=0x00007f5ed0037000
RIP=0x00007f5ecc0001c8, EFLAGS=0x0000000000010202, CSGSFS=0x0000000000000033, ERR=0x0000000000000015
  TRAPNO=0x000000000000000e

Top of Stack: (sp=0x00007f5ec41cd7a8)
0x00007f5ec41cd7a8:   00007f5ec625cbb6 00007f5ecc1df770
0x00007f5ec41cd7b8:   00007f5f1113db28 00007f5ec41cd830
0x00007f5ec41cd7c8:   0000000000000000 00007f5f1113db28
0x00007f5ec41cd7d8:   00007f5ec939b41c 00007f5ec41cd8b8
0x00007f5ec41cd7e8:   00007f5ec41cd8c0 00007f5ec41cd8c8
0x00007f5ec41cd7f8:   00007f5ed00371f8 00007f5ec41cd840
0x00007f5ec41cd808:   00007f5ecc058f20 00007f5ecc058f28
0x00007f5ec41cd818:   0000000000000082 00007f5ecc1df770
0x00007f5ec41cd828:   00007f5ecc219ef0 00007f5ec41cd898
0x00007f5ec41cd838:   00007f5f150173f4 00007f5ec41cd898
0x00007f5ec41cd848:   00007f5f15017187 00007f5f15017142
0x00007f5ec41cd858:   00007f5ec41cd858 00007f5f1113db28
0x00007f5ec41cd868:   00007f5ec41cd8c8 00007f5f11141328
0x00007f5ec41cd878:   0000000000000000 00007f5f1113db28
0x00007f5ec41cd888:   0000000000000000 00007f5ec41cd8b8
0x00007f5ec41cd898:   00007f5ec41cd910 00007f5f15007d00
0x00007f5ec41cd8a8:   0000000000000000 00007f5f15011536
0x00007f5ec41cd8b8:   00000000d76a87c0 00000000d7493ce8
0x00007f5ec41cd8c8:   00000000d7493ce8 00007f5ec41cd8d0
0x00007f5ec41cd8d8:   00007f5ec95b03fb 00007f5ec41cd950
0x00007f5ec41cd8e8:   00007f5ec95b0748 00007f5ec95b22c8
0x00007f5ec41cd8f8:   00007f5ec95b0698 00007f5ec41cd8b8
0x00007f5ec41cd908:   00007f5ec41cd950 00007f5ec41cd998
0x00007f5ec41cd918:   00007f5f15008302 0000000000000000
0x00007f5ec41cd928:   0000000000000000 0000000000000000
0x00007f5ec41cd938:   0000000000000002 0000000000000000
0x00007f5ec41cd948:   00000000d76a87c0 00000000d7498fe8
0x00007f5ec41cd958:   00007f5ec41cd958 00007f5f10aad94b
0x00007f5ec41cd968:   00007f5ec41cd9a8 00007f5f10b34fd0
0x00007f5ec41cd978:   0000000000000000 00007f5f10aad958
0x00007f5ec41cd988:   00007f5ec41cd950 00007f5ec41cd9a8
0x00007f5ec41cd998:   00007f5ec41cda10 00007f5f150007a7 

Instructions: (pc=0x00007f5ecc0001c8)
0x00007f5ecc0001a8:   98 01 00 cc 5e 7f 00 00 98 01 00 cc 5e 7f 00 00
0x00007f5ecc0001b8:   a8 01 00 cc 5e 7f 00 00 a8 01 00 cc 5e 7f 00 00
0x00007f5ecc0001c8:   b8 01 00 cc 5e 7f 00 00 b8 01 00 cc 5e 7f 00 00
0x00007f5ecc0001d8:   c8 01 00 cc 5e 7f 00 00 c8 01 00 cc 5e 7f 00 00 

Register to memory mapping:

RAX=0x00007f5ecc0001c8 is an unknown value
RBX=0x00007f5ecc1df770 is an unknown value
RCX=0x00007f5ec62863e8: <offset 0x363e8> in /usr/local/lib/libfprint.so.0 at 0x00007f5ec6250000
RDX=0x00007f5ec6286580: <offset 0x36580> in /usr/local/lib/libfprint.so.0 at 0x00007f5ec6250000
RSP=0x00007f5ec41cd7a8 is pointing into the stack for thread: 0x00007f5ed0037000
RBP=0x00007f5ecc000158 is an unknown value
RSI=0x00007f5ec62863f5: <offset 0x363f5> in /usr/local/lib/libfprint.so.0 at 0x00007f5ec6250000
RDI=0x00007f5ecc1df770 is an unknown value
R8 =0x00007f5ec62863e0: <offset 0x363e0> in /usr/local/lib/libfprint.so.0 at 0x00007f5ec6250000
R9 =0x00000000000001eb is an unknown value
R10=0x00007f5ec41cd5a0 is pointing into the stack for thread: 0x00007f5ed0037000
R11=0x00007f5ec625cb50: fp_async_capture_stop+0 in /usr/local/lib/libfprint.so.0 at 0x00007f5ec6250000
R12=0x00007f5ecc219ef0 is an unknown value
R13=0x00007f5ec939acaf: <offset 0x2caf> in /tmp/libfingerprint7665493012893486394.so at 0x00007f5ec9398000
R14=0x00007f5ec41cd8c8 is pointing into the stack for thread: 0x00007f5ed0037000
R15=0x00007f5ed0037000 is a thread


Stack: [0x00007f5ec40ce000,0x00007f5ec41cf000],  sp=0x00007f5ec41cd7a8,  free space=1021k
Native frames: (J=compiled Java code, j=interpreted, Vv=VM code, C=native code)
C  0x00007f5ecc0001c8

Java frames: (J=compiled Java code, j=interpreted, Vv=VM code)
j  uaz.fingerprint.Reader.nativeStopCapture(Luaz/fingerprint/NativeReaderCallback;Ljava/lang/Object;)I+0
j  uaz.fingerprint.ReaderDispatcher.run()V+195
j  java.lang.Thread.run()V+11
v  ~StubRoutines::call_stub

---------------  P R O C E S S  ---------------

Java Threads: ( => current thread )
  0x00007f5ed0039800 JavaThread "Thread-6" daemon [_thread_blocked, id=27299, stack(0x00007f5ec373f000,0x00007f5ec3840000)]
=>0x00007f5ed0037000 JavaThread "Thread-4" daemon [_thread_in_native, id=27126, stack(0x00007f5ec40ce000,0x00007f5ec41cf000)]
  0x00007f5ecc38d800 JavaThread "Prism Font Disposer" daemon [_thread_blocked, id=26942, stack(0x00007f5ecb3bf000,0x00007f5ecb4c0000)]
  0x00007f5f242d7000 JavaThread "JavaFX-Launcher" [_thread_blocked, id=26907, stack(0x00007f5ed88c5000,0x00007f5ed89c6000)]
  0x00007f5f242d3800 JavaThread "JavaFX Application Thread" [_thread_blocked, id=26890, stack(0x00007f5ed89c6000,0x00007f5ed8ac7000)]
  0x00007f5f242cf000 JavaThread "Thread-1" daemon [_thread_blocked, id=26889, stack(0x00007f5ed8ac7000,0x00007f5ed8bc8000)]
  0x00007f5f24278800 JavaThread "QuantumRenderer-0" daemon [_thread_blocked, id=26888, stack(0x00007f5f0b01a000,0x00007f5f0b11b000)]
  0x00007f5f24153000 JavaThread "Service Thread" daemon [_thread_blocked, id=26886, stack(0x00007f5f0b2b4000,0x00007f5f0b3b5000)]
  0x00007f5f2413e800 JavaThread "C1 CompilerThread1" daemon [_thread_blocked, id=26885, stack(0x00007f5f0b3b5000,0x00007f5f0b4b6000)]
  0x00007f5f2413b800 JavaThread "C2 CompilerThread0" daemon [_thread_blocked, id=26884, stack(0x00007f5f0b4b6000,0x00007f5f0b5b7000)]
  0x00007f5f2413a000 JavaThread "Signal Dispatcher" daemon [_thread_blocked, id=26883, stack(0x00007f5f0b5b7000,0x00007f5f0b6b8000)]
  0x00007f5f24107000 JavaThread "Finalizer" daemon [_thread_blocked, id=26882, stack(0x00007f5f0bbfc000,0x00007f5f0bcfd000)]
  0x00007f5f24102800 JavaThread "Reference Handler" daemon [_thread_blocked, id=26881, stack(0x00007f5f0bcfd000,0x00007f5f0bdfe000)]
  0x00007f5f2400a000 JavaThread "main" [_thread_blocked, id=26875, stack(0x00007f5f2bf4d000,0x00007f5f2c04e000)]

Other Threads:
  0x00007f5f240fa800 VMThread [stack: 0x00007f5f0bdfe000,0x00007f5f0beff000] [id=26880]
  0x00007f5f24166000 WatcherThread [stack: 0x00007f5f0b1b3000,0x00007f5f0b2b4000] [id=26887]

VM state:not at safepoint (normal execution)

VM Mutex/Monitor currently owned by a thread: None

Heap:
 PSYoungGen      total 36864K, used 7135K [0x00000000d7000000, 0x00000000d9900000, 0x0000000100000000)
  eden space 31744K, 22% used [0x00000000d7000000,0x00000000d76f7d60,0x00000000d8f00000)
  from space 5120K, 0% used [0x00000000d9400000,0x00000000d9400000,0x00000000d9900000)
  to   space 5120K, 0% used [0x00000000d8f00000,0x00000000d8f00000,0x00000000d9400000)
 ParOldGen       total 71168K, used 11020K [0x0000000085000000, 0x0000000089580000, 0x00000000d7000000)
  object space 71168K, 15% used [0x0000000085000000,0x0000000085ac32e8,0x0000000089580000)
 Metaspace       used 20587K, capacity 22112K, committed 22400K, reserved 1069056K
  class space    used 3049K, capacity 3337K, committed 3456K, reserved 1048576K

Card table byte_map: [0x00007f5f28907000,0x00007f5f28ce0000] byte_map_base: 0x00007f5f284df000

Marking Bits: (ParMarkBitMap*) 0x00007f5f2b423220
 Begin Bits: [0x00007f5f11280000, 0x00007f5f13140000)
 End Bits:   [0x00007f5f13140000, 0x00007f5f15000000)

Polling page: 0x00007f5f2c077000

CodeCache: size=245760Kb used=9669Kb max_used=9669Kb free=236090Kb
 bounds [0x00007f5f15000000, 0x00007f5f15980000, 0x00007f5f24000000]
 total_blobs=3705 nmethods=3036 adapters=583
 compilation: enabled

Compilation events (10 events):
Event: 15.909 Thread 0x00007f5f2413e800 3036       3       javafx.scene.layout.Region$3::invalidated (234 bytes)
Event: 15.913 Thread 0x00007f5f2413e800 nmethod 3036 0x00007f5f1596ee90 code [0x00007f5f1596f300, 0x00007f5f15971f88]
Event: 15.913 Thread 0x00007f5f2413e800 3039       3       javafx.scene.layout.HBox::getMargin (10 bytes)
Event: 15.914 Thread 0x00007f5f2413e800 nmethod 3039 0x00007f5f1595d5d0 code [0x00007f5f1595d7c0, 0x00007f5f1595e218]
Event: 15.914 Thread 0x00007f5f2413e800 3038       3       javafx.scene.layout.Region::computeChildMinAreaHeight (233 bytes)
Event: 15.917 Thread 0x00007f5f2413e800 nmethod 3038 0x00007f5f15973690 code [0x00007f5f15973ae0, 0x00007f5f15975948]
Event: 15.917 Thread 0x00007f5f2413e800 3040       3       javafx.beans.property.StringPropertyBase::set (127 bytes)
Event: 15.918 Thread 0x00007f5f2413e800 nmethod 3040 0x00007f5f15976890 code [0x00007f5f15976bc0, 0x00007f5f159785e8]
Event: 15.918 Thread 0x00007f5f2413e800 3037       3       javafx.scene.layout.Region::access$800 (6 bytes)
Event: 15.919 Thread 0x00007f5f2413e800 nmethod 3037 0x00007f5f15960b50 code [0x00007f5f15960d20, 0x00007f5f159617a8]

GC Heap History (6 events):
Event: 1.626 GC heap before
{Heap before GC invocations=1 (full 0):
 PSYoungGen      total 36864K, used 31059K [0x00000000d7000000, 0x00000000d9900000, 0x0000000100000000)
  eden space 31744K, 97% used [0x00000000d7000000,0x00000000d8e54ec0,0x00000000d8f00000)
  from space 5120K, 0% used [0x00000000d9400000,0x00000000d9400000,0x00000000d9900000)
  to   space 5120K, 0% used [0x00000000d8f00000,0x00000000d8f00000,0x00000000d9400000)
 ParOldGen       total 84992K, used 0K [0x0000000085000000, 0x000000008a300000, 0x00000000d7000000)
  object space 84992K, 0% used [0x0000000085000000,0x0000000085000000,0x000000008a300000)
 Metaspace       used 11861K, capacity 12312K, committed 12544K, reserved 1060864K
  class space    used 1590K, capacity 1729K, committed 1792K, reserved 1048576K
Event: 1.640 GC heap after
Heap after GC invocations=1 (full 0):
 PSYoungGen      total 36864K, used 4241K [0x00000000d7000000, 0x00000000d9900000, 0x0000000100000000)
  eden space 31744K, 0% used [0x00000000d7000000,0x00000000d7000000,0x00000000d8f00000)
  from space 5120K, 82% used [0x00000000d8f00000,0x00000000d93245c0,0x00000000d9400000)
  to   space 5120K, 0% used [0x00000000d9400000,0x00000000d9400000,0x00000000d9900000)
 ParOldGen       total 84992K, used 72K [0x0000000085000000, 0x000000008a300000, 0x00000000d7000000)
  object space 84992K, 0% used [0x0000000085000000,0x0000000085012010,0x000000008a300000)
 Metaspace       used 11861K, capacity 12312K, committed 12544K, reserved 1060864K
  class space    used 1590K, capacity 1729K, committed 1792K, reserved 1048576K
}
Event: 8.153 GC heap before
{Heap before GC invocations=2 (full 0):
 PSYoungGen      total 36864K, used 35985K [0x00000000d7000000, 0x00000000d9900000, 0x0000000100000000)
  eden space 31744K, 100% used [0x00000000d7000000,0x00000000d8f00000,0x00000000d8f00000)
  from space 5120K, 82% used [0x00000000d8f00000,0x00000000d93245c0,0x00000000d9400000)
  to   space 5120K, 0% used [0x00000000d9400000,0x00000000d9400000,0x00000000d9900000)
 ParOldGen       total 84992K, used 72K [0x0000000085000000, 0x000000008a300000, 0x00000000d7000000)
  object space 84992K, 0% used [0x0000000085000000,0x0000000085012010,0x000000008a300000)
 Metaspace       used 19856K, capacity 21222K, committed 21296K, reserved 1067008K
  class space    used 3001K, capacity 3286K, committed 3328K, reserved 1048576K
Event: 8.178 GC heap after
Heap after GC invocations=2 (full 0):
 PSYoungGen      total 36864K, used 5118K [0x00000000d7000000, 0x00000000d9900000, 0x0000000100000000)
  eden space 31744K, 0% used [0x00000000d7000000,0x00000000d7000000,0x00000000d8f00000)
  from space 5120K, 99% used [0x00000000d9400000,0x00000000d98ffb60,0x00000000d9900000)
  to   space 5120K, 0% used [0x00000000d8f00000,0x00000000d8f00000,0x00000000d9400000)
 ParOldGen       total 84992K, used 5967K [0x0000000085000000, 0x000000008a300000, 0x00000000d7000000)
  object space 84992K, 7% used [0x0000000085000000,0x00000000855d3ec0,0x000000008a300000)
 Metaspace       used 19856K, capacity 21222K, committed 21296K, reserved 1067008K
  class space    used 3001K, capacity 3286K, committed 3328K, reserved 1048576K
}
Event: 8.178 GC heap before
{Heap before GC invocations=3 (full 1):
 PSYoungGen      total 36864K, used 5118K [0x00000000d7000000, 0x00000000d9900000, 0x0000000100000000)
  eden space 31744K, 0% used [0x00000000d7000000,0x00000000d7000000,0x00000000d8f00000)
  from space 5120K, 99% used [0x00000000d9400000,0x00000000d98ffb60,0x00000000d9900000)
  to   space 5120K, 0% used [0x00000000d8f00000,0x00000000d8f00000,0x00000000d9400000)
 ParOldGen       total 84992K, used 5967K [0x0000000085000000, 0x000000008a300000, 0x00000000d7000000)
  object space 84992K, 7% used [0x0000000085000000,0x00000000855d3ec0,0x000000008a300000)
 Metaspace       used 19856K, capacity 21222K, committed 21296K, reserved 1067008K
  class space    used 3001K, capacity 3286K, committed 3328K, reserved 1048576K
Event: 8.271 GC heap after
Heap after GC invocations=3 (full 1):
 PSYoungGen      total 36864K, used 0K [0x00000000d7000000, 0x00000000d9900000, 0x0000000100000000)
  eden space 31744K, 0% used [0x00000000d7000000,0x00000000d7000000,0x00000000d8f00000)
  from space 5120K, 0% used [0x00000000d9400000,0x00000000d9400000,0x00000000d9900000)
  to   space 5120K, 0% used [0x00000000d8f00000,0x00000000d8f00000,0x00000000d9400000)
 ParOldGen       total 71168K, used 11020K [0x0000000085000000, 0x0000000089580000, 0x00000000d7000000)
  object space 71168K, 15% used [0x0000000085000000,0x0000000085ac32e8,0x0000000089580000)
 Metaspace       used 19856K, capacity 21222K, committed 21296K, reserved 1067008K
  class space    used 3001K, capacity 3286K, committed 3328K, reserved 1048576K
}

Deoptimization events (10 events):
Event: 10.839 Thread 0x00007f5f242d3800 Uncommon trap: reason=class_check action=maybe_recompile pc=0x00007f5f156fe394 method=javafx.scene.Node.updateLocalToParentTransform()V @ 11
Event: 10.868 Thread 0x00007f5f242d3800 Uncommon trap: reason=class_check action=maybe_recompile pc=0x00007f5f156fe394 method=javafx.scene.Node.updateLocalToParentTransform()V @ 11
Event: 10.869 Thread 0x00007f5f242d3800 Uncommon trap: reason=class_check action=maybe_recompile pc=0x00007f5f156fe394 method=javafx.scene.Node.updateLocalToParentTransform()V @ 11
Event: 10.909 Thread 0x00007f5f242d3800 Uncommon trap: reason=unstable_if action=reinterpret pc=0x00007f5f15837a3c method=javafx.scene.Node.updateBounds()V @ 70
Event: 10.909 Thread 0x00007f5f242d3800 Uncommon trap: reason=class_check action=maybe_recompile pc=0x00007f5f156fe394 method=javafx.scene.Node.updateLocalToParentTransform()V @ 11
Event: 10.914 Thread 0x00007f5f24278800 Uncommon trap: reason=unstable_if action=reinterpret pc=0x00007f5f156cd6e4 method=com.sun.javafx.geom.RectBounds.isEmpty()Z @ 21
Event: 11.447 Thread 0x00007f5ed0037000 Uncommon trap: reason=unstable_if action=reinterpret pc=0x00007f5f1587a300 method=java.util.PriorityQueue.poll()Ljava/lang/Object; @ 4
Event: 11.459 Thread 0x00007f5f242d3800 Uncommon trap: reason=null_check action=make_not_entrant pc=0x00007f5f15741b04 method=javafx.scene.Node$MiscProperties.getClip()Ljavafx/scene/Node; @ 20
Event: 15.923 Thread 0x00007f5ed0037000 Uncommon trap: reason=unstable_if action=reinterpret pc=0x00007f5f1593d644 method=uaz.fingerprint.ReaderDispatcher.run()V @ 652
Event: 15.923 Thread 0x00007f5ed0037000 Uncommon trap: reason=unstable_if action=reinterpret pc=0x00007f5f15879d94 method=java.util.PriorityQueue.poll()Ljava/lang/Object; @ 4

Internal exceptions (10 events):
Event: 1.221 Thread 0x00007f5f242d3800 Exception <a 'java/lang/ArrayIndexOutOfBoundsException'> (0x00000000d835e588) thrown at [/HUDSON3/workspace/8-2-build-linux-amd64/jdk8u111/7883/hotspot/src/share/vm/runtime/sharedRuntime.cpp, line 605]
Event: 1.261 Thread 0x00007f5f242d3800 Exception <a 'java/lang/ArrayIndexOutOfBoundsException'> (0x00000000d855b750) thrown at [/HUDSON3/workspace/8-2-build-linux-amd64/jdk8u111/7883/hotspot/src/share/vm/runtime/sharedRuntime.cpp, line 605]
Event: 1.302 Thread 0x00007f5f242d3800 Exception <a 'java/lang/ArrayIndexOutOfBoundsException'> (0x00000000d86bfc20) thrown at [/HUDSON3/workspace/8-2-build-linux-amd64/jdk8u111/7883/hotspot/src/share/vm/runtime/sharedRuntime.cpp, line 605]
Event: 1.353 Thread 0x00007f5f242d3800 Exception <a 'java/lang/ArrayIndexOutOfBoundsException'> (0x00000000d894c310) thrown at [/HUDSON3/workspace/8-2-build-linux-amd64/jdk8u111/7883/hotspot/src/share/vm/runtime/sharedRuntime.cpp, line 605]
Event: 1.479 Thread 0x00007f5f242d3800 Exception <a 'java/lang/ArrayIndexOutOfBoundsException'> (0x00000000d8acc980) thrown at [/HUDSON3/workspace/8-2-build-linux-amd64/jdk8u111/7883/hotspot/src/share/vm/runtime/sharedRuntime.cpp, line 605]
Event: 1.611 Thread 0x00007f5f242d3800 Exception <a 'java/lang/ArrayIndexOutOfBoundsException'> (0x00000000d8d928c0) thrown at [/HUDSON3/workspace/8-2-build-linux-amd64/jdk8u111/7883/hotspot/src/share/vm/runtime/sharedRuntime.cpp, line 605]
Event: 1.619 Thread 0x00007f5f242d3800 Exception <a 'java/lang/ArrayIndexOutOfBoundsException'> (0x00000000d8e15278) thrown at [/HUDSON3/workspace/8-2-build-linux-amd64/jdk8u111/7883/hotspot/src/share/vm/runtime/sharedRuntime.cpp, line 605]
Event: 2.276 Thread 0x00007f5f242d3800 Implicit null exception at 0x00007f5f1527ef35 to 0x00007f5f1527f151
Event: 2.846 Thread 0x00007f5f242d3800 Implicit null exception at 0x00007f5f154c8610 to 0x00007f5f154c8b15
Event: 11.459 Thread 0x00007f5f242d3800 Implicit null exception at 0x00007f5f15741018 to 0x00007f5f15741aed

Events (10 events):
Event: 11.459 Thread 0x00007f5f242d3800 DEOPT UNPACKING pc=0x00007f5f15005229 sp=0x00007f5ed8ac3ac0 mode 2
Event: 11.746 Thread 0x00007f5ed0037000 DEOPT PACKING pc=0x00007f5f158f773e sp=0x00007f5ec41cd890
Event: 11.746 Thread 0x00007f5ed0037000 DEOPT UNPACKING pc=0x00007f5f15047233 sp=0x00007f5ec41cd630 mode 0
Event: 15.921 Thread 0x00007f5ecc1af800 Thread added: 0x00007f5ecc1af800
Event: 15.923 Thread 0x00007f5ed0037000 Uncommon trap: trap_request=0xffffff65 fr.pc=0x00007f5f1593d644
Event: 15.923 Thread 0x00007f5ed0037000 DEOPT PACKING pc=0x00007f5f1593d644 sp=0x00007f5ec41cd8f0
Event: 15.923 Thread 0x00007f5ed0037000 DEOPT UNPACKING pc=0x00007f5f15005229 sp=0x00007f5ec41cd8b8 mode 2
Event: 15.923 Thread 0x00007f5ed0037000 Uncommon trap: trap_request=0xffffff65 fr.pc=0x00007f5f15879d94
Event: 15.923 Thread 0x00007f5ed0037000 DEOPT PACKING pc=0x00007f5f15879d94 sp=0x00007f5ec41cd880
Event: 15.923 Thread 0x00007f5ed0037000 DEOPT UNPACKING pc=0x00007f5f15005229 sp=0x00007f5ec41cd7c8 mode 2


Dynamic libraries:
00400000-00401000 r-xp 00000000 08:06 10486455                           /usr/lib/jvm/jdk1.8.0_111/jre/bin/java
00600000-00601000 rw-p 00000000 08:06 10486455                           /usr/lib/jvm/jdk1.8.0_111/jre/bin/java
00d82000-00da3000 rw-p 00000000 00:00 0                                  [heap]
40a5d000-40afc000 rw-p 00000000 00:00 0 
41820000-41822000 r-xs 00000000 08:06 131109                             /tmp/.gl5iotxS (deleted)
85000000-89580000 rw-p 00000000 00:00 0 
89580000-d7000000 ---p 00000000 00:00 0 
d7000000-d9900000 rw-p 00000000 00:00 0 
d9900000-100000000 ---p 00000000 00:00 0 
100000000-100360000 rw-p 00000000 00:00 0 
100360000-140000000 ---p 00000000 00:00 0 
7f5ec373f000-7f5ec3742000 ---p 00000000 00:00 0 
7f5ec3742000-7f5ec3840000 rw-p 00000000 00:00 0                          [stack:27299]
7f5ec3840000-7f5ec3940000 rw-s 00000000 00:05 77561896                   /SYSV00000000 (deleted)
7f5ec3940000-7f5ec39bb000 r-xp 00000000 08:06 794106                     /usr/lib/x86_64-linux-gnu/nss/libfreebl3.so
7f5ec39bb000-7f5ec3bba000 ---p 0007b000 08:06 794106                     /usr/lib/x86_64-linux-gnu/nss/libfreebl3.so
7f5ec3bba000-7f5ec3bbc000 r--p 0007a000 08:06 794106                     /usr/lib/x86_64-linux-gnu/nss/libfreebl3.so
7f5ec3bbc000-7f5ec3bbd000 rw-p 0007c000 08:06 794106                     /usr/lib/x86_64-linux-gnu/nss/libfreebl3.so
7f5ec3bbd000-7f5ec3bc1000 rw-p 00000000 00:00 0 
7f5ec3bc8000-7f5ec3c7c000 r-xp 00000000 08:06 271632                     /usr/lib/x86_64-linux-gnu/libsqlite3.so.0.8.6
7f5ec3c7c000-7f5ec3e7c000 ---p 000b4000 08:06 271632                     /usr/lib/x86_64-linux-gnu/libsqlite3.so.0.8.6
7f5ec3e7c000-7f5ec3e7e000 r--p 000b4000 08:06 271632                     /usr/lib/x86_64-linux-gnu/libsqlite3.so.0.8.6
7f5ec3e7e000-7f5ec3e80000 rw-p 000b6000 08:06 271632                     /usr/lib/x86_64-linux-gnu/libsqlite3.so.0.8.6
7f5ec3e80000-7f5ec3e81000 rw-p 00000000 00:00 0 
7f5ec3e88000-7f5ec3ec9000 r-xp 00000000 08:06 794105                     /usr/lib/x86_64-linux-gnu/nss/libsoftokn3.so
7f5ec3ec9000-7f5ec40c8000 ---p 00041000 08:06 794105                     /usr/lib/x86_64-linux-gnu/nss/libsoftokn3.so
7f5ec40c8000-7f5ec40c9000 r--p 00040000 08:06 794105                     /usr/lib/x86_64-linux-gnu/nss/libsoftokn3.so
7f5ec40c9000-7f5ec40ca000 rw-p 00041000 08:06 794105                     /usr/lib/x86_64-linux-gnu/nss/libsoftokn3.so
7f5ec40ce000-7f5ec40d1000 ---p 00000000 00:00 0 
7f5ec40d1000-7f5ec41cf000 rw-p 00000000 00:00 0                          [stack:27126]
7f5ec41cf000-7f5ec41d0000 ---p 00000000 00:00 0 
7f5ec41d0000-7f5ec49d0000 rw-p 00000000 00:00 0                          [stack:27125]
7f5ec49d0000-7f5ec4a14000 r-xp 00000000 08:06 11276542                   /lib/x86_64-linux-gnu/libdbus-1.so.3.7.6
7f5ec4a14000-7f5ec4c13000 ---p 00044000 08:06 11276542                   /lib/x86_64-linux-gnu/libdbus-1.so.3.7.6
7f5ec4c13000-7f5ec4c14000 r--p 00043000 08:06 11276542                   /lib/x86_64-linux-gnu/libdbus-1.so.3.7.6
7f5ec4c14000-7f5ec4c15000 rw-p 00044000 08:06 11276542                   /lib/x86_64-linux-gnu/libdbus-1.so.3.7.6
7f5ec4c18000-7f5ec4c20000 r-xp 00000000 08:06 11276591                   /lib/x86_64-linux-gnu/libnih-dbus.so.1.0.0
7f5ec4c20000-7f5ec4e20000 ---p 00008000 08:06 11276591                   /lib/x86_64-linux-gnu/libnih-dbus.so.1.0.0
7f5ec4e20000-7f5ec4e21000 r--p 00008000 08:06 11276591                   /lib/x86_64-linux-gnu/libnih-dbus.so.1.0.0
7f5ec4e21000-7f5ec4e22000 rw-p 00009000 08:06 11276591                   /lib/x86_64-linux-gnu/libnih-dbus.so.1.0.0
7f5ec4e28000-7f5ec4e3f000 r-xp 00000000 08:06 11276593                   /lib/x86_64-linux-gnu/libnih.so.1.0.0
7f5ec4e3f000-7f5ec503e000 ---p 00017000 08:06 11276593                   /lib/x86_64-linux-gnu/libnih.so.1.0.0
7f5ec503e000-7f5ec503f000 r--p 00016000 08:06 11276593                   /lib/x86_64-linux-gnu/libnih.so.1.0.0
7f5ec503f000-7f5ec5040000 rw-p 00017000 08:06 11276593                   /lib/x86_64-linux-gnu/libnih.so.1.0.0
7f5ec5040000-7f5ec5059000 r-xp 00000000 08:06 11276533                   /lib/x86_64-linux-gnu/libcgmanager.so.0.0.0
7f5ec5059000-7f5ec5258000 ---p 00019000 08:06 11276533                   /lib/x86_64-linux-gnu/libcgmanager.so.0.0.0
7f5ec5258000-7f5ec525a000 r--p 00018000 08:06 11276533                   /lib/x86_64-linux-gnu/libcgmanager.so.0.0.0
7f5ec525a000-7f5ec525b000 rw-p 0001a000 08:06 11276533                   /lib/x86_64-linux-gnu/libcgmanager.so.0.0.0
7f5ec5260000-7f5ec5299000 r-xp 00000000 08:06 268901                     /usr/lib/x86_64-linux-gnu/libnspr4.so
7f5ec5299000-7f5ec5498000 ---p 00039000 08:06 268901                     /usr/lib/x86_64-linux-gnu/libnspr4.so
7f5ec5498000-7f5ec5499000 r--p 00038000 08:06 268901                     /usr/lib/x86_64-linux-gnu/libnspr4.so
7f5ec5499000-7f5ec549a000 rw-p 00039000 08:06 268901                     /usr/lib/x86_64-linux-gnu/libnspr4.so
7f5ec549a000-7f5ec549d000 rw-p 00000000 00:00 0 
7f5ec54a0000-7f5ec54a3000 r-xp 00000000 08:06 268900                     /usr/lib/x86_64-linux-gnu/libplds4.so
7f5ec54a3000-7f5ec56a2000 ---p 00003000 08:06 268900                     /usr/lib/x86_64-linux-gnu/libplds4.so
7f5ec56a2000-7f5ec56a3000 r--p 00002000 08:06 268900                     /usr/lib/x86_64-linux-gnu/libplds4.so
7f5ec56a3000-7f5ec56a4000 rw-p 00003000 08:06 268900                     /usr/lib/x86_64-linux-gnu/libplds4.so
7f5ec56a8000-7f5ec56ac000 r-xp 00000000 08:06 268861                     /usr/lib/x86_64-linux-gnu/libplc4.so
7f5ec56ac000-7f5ec58ab000 ---p 00004000 08:06 268861                     /usr/lib/x86_64-linux-gnu/libplc4.so
7f5ec58ab000-7f5ec58ac000 r--p 00003000 08:06 268861                     /usr/lib/x86_64-linux-gnu/libplc4.so
7f5ec58ac000-7f5ec58ad000 rw-p 00004000 08:06 268861                     /usr/lib/x86_64-linux-gnu/libplc4.so
7f5ec58b0000-7f5ec58d5000 r-xp 00000000 08:06 268074                     /usr/lib/x86_64-linux-gnu/libnssutil3.so
7f5ec58d5000-7f5ec5ad5000 ---p 00025000 08:06 268074                     /usr/lib/x86_64-linux-gnu/libnssutil3.so
7f5ec5ad5000-7f5ec5adb000 r--p 00025000 08:06 268074                     /usr/lib/x86_64-linux-gnu/libnssutil3.so
7f5ec5adb000-7f5ec5adc000 rw-p 0002b000 08:06 268074                     /usr/lib/x86_64-linux-gnu/libnssutil3.so
7f5ec5ae0000-7f5ec5af0000 r-xp 00000000 08:06 11276675                   /lib/x86_64-linux-gnu/libudev.so.1.3.5
7f5ec5af0000-7f5ec5cef000 ---p 00010000 08:06 11276675                   /lib/x86_64-linux-gnu/libudev.so.1.3.5
7f5ec5cef000-7f5ec5cf0000 r--p 0000f000 08:06 11276675                   /lib/x86_64-linux-gnu/libudev.so.1.3.5
7f5ec5cf0000-7f5ec5cf1000 rw-p 00010000 08:06 11276675                   /lib/x86_64-linux-gnu/libudev.so.1.3.5
7f5ec5cf8000-7f5ec5e2d000 r-xp 00000000 08:06 268076                     /usr/lib/x86_64-linux-gnu/libnss3.so
7f5ec5e2d000-7f5ec602c000 ---p 00135000 08:06 268076                     /usr/lib/x86_64-linux-gnu/libnss3.so
7f5ec602c000-7f5ec6031000 r--p 00134000 08:06 268076                     /usr/lib/x86_64-linux-gnu/libnss3.so
7f5ec6031000-7f5ec6033000 rw-p 00139000 08:06 268076                     /usr/lib/x86_64-linux-gnu/libnss3.so
7f5ec6033000-7f5ec6034000 rw-p 00000000 00:00 0 
7f5ec6038000-7f5ec604d000 r-xp 00000000 08:06 11276681                   /lib/x86_64-linux-gnu/libusb-1.0.so.0.1.0
7f5ec604d000-7f5ec624d000 ---p 00015000 08:06 11276681                   /lib/x86_64-linux-gnu/libusb-1.0.so.0.1.0
7f5ec624d000-7f5ec624e000 r--p 00015000 08:06 11276681                   /lib/x86_64-linux-gnu/libusb-1.0.so.0.1.0
7f5ec624e000-7f5ec624f000 rw-p 00016000 08:06 11276681                   /lib/x86_64-linux-gnu/libusb-1.0.so.0.1.0
7f5ec6250000-7f5ec62a7000 r-xp 00000000 08:06 787714                     /usr/local/lib/libfprint.so.0.0.0
7f5ec62a7000-7f5ec64a6000 ---p 00057000 08:06 787714                     /usr/local/lib/libfprint.so.0.0.0
7f5ec64a6000-7f5ec64a7000 r--p 00056000 08:06 787714                     /usr/local/lib/libfprint.so.0.0.0
7f5ec64a7000-7f5ec64b8000 rw-p 00057000 08:06 787714                     /usr/local/lib/libfprint.so.0.0.0
7f5ec64b8000-7f5ec9369000 rw-p 00000000 00:00 0 
7f5ec9398000-7f5ec939d000 r-xp 00000000 08:06 131094                     /tmp/libfingerprint7665493012893486394.so
7f5ec939d000-7f5ec959c000 ---p 00005000 08:06 131094                     /tmp/libfingerprint7665493012893486394.so
7f5ec959c000-7f5ec959d000 r--p 00004000 08:06 131094                     /tmp/libfingerprint7665493012893486394.so
7f5ec959d000-7f5ec959e000 rw-p 00005000 08:06 131094                     /tmp/libfingerprint7665493012893486394.so
7f5ec959f000-7f5ec961f000 rw-p 00000000 00:00 0 
7f5ec961f000-7f5ec97a2000 ---p 00000000 00:00 0 
7f5ec97a2000-7f5ec98a0000 rw-p 00000000 00:00 0 
7f5ec9923000-7f5ec9b23000 rw-s 17889b000 00:06 12147                     /dev/nvidiactl
7f5ec9b24000-7f5ec9f24000 rw-s 17892c000 00:06 12147                     /dev/nvidiactl
7f5ec9f2b000-7f5eca1c0000 rw-p 00000000 00:00 0 
7f5eca1c0000-7f5eca3c0000 rw-s 52180000 00:06 12147                      /dev/nvidiactl
7f5eca3c2000-7f5ecae58000 rw-p 00000000 00:00 0 
7f5ecae58000-7f5ecaf02000 r--p 00000000 08:06 1445411                    /usr/share/fonts/truetype/dejavu/DejaVuSans-Bold.ttf
7f5ecaf08000-7f5ecb108000 rw-p 00000000 00:00 0 
7f5ecb108000-7f5ecb308000 rw-p 00000000 00:00 0 
7f5ecb308000-7f5ecb3be000 r--p 00000000 08:06 1445415                    /usr/share/fonts/truetype/dejavu/DejaVuSans.ttf
7f5ecb3bf000-7f5ecb3c2000 ---p 00000000 00:00 0 
7f5ecb3c2000-7f5ecb4c0000 rw-p 00000000 00:00 0                          [stack:26942]
7f5ecb4c0000-7f5ecb4ef000 r-xp 00000000 08:06 788682                     /usr/lib/x86_64-linux-gnu/gtk-2.0/2.10.0/engines/libmurrine.so
7f5ecb4ef000-7f5ecb6ef000 ---p 0002f000 08:06 788682                     /usr/lib/x86_64-linux-gnu/gtk-2.0/2.10.0/engines/libmurrine.so
7f5ecb6ef000-7f5ecb6f0000 r--p 0002f000 08:06 788682                     /usr/lib/x86_64-linux-gnu/gtk-2.0/2.10.0/engines/libmurrine.so
7f5ecb6f0000-7f5ecb6f1000 rw-p 00030000 08:06 788682                     /usr/lib/x86_64-linux-gnu/gtk-2.0/2.10.0/engines/libmurrine.so
7f5ecb6f8000-7f5ecb701000 r-xp 00000000 08:06 787773                     /usr/lib/x86_64-linux-gnu/gtk-2.0/2.10.0/engines/libpixmap.so
7f5ecb701000-7f5ecb901000 ---p 00009000 08:06 787773                     /usr/lib/x86_64-linux-gnu/gtk-2.0/2.10.0/engines/libpixmap.so
7f5ecb901000-7f5ecb902000 r--p 00009000 08:06 787773                     /usr/lib/x86_64-linux-gnu/gtk-2.0/2.10.0/engines/libpixmap.so
7f5ecb902000-7f5ecb903000 rw-p 0000a000 08:06 787773                     /usr/lib/x86_64-linux-gnu/gtk-2.0/2.10.0/engines/libpixmap.so
7f5ecb908000-7f5ecbb08000 rw-p 00000000 00:00 0 
7f5ecbb08000-7f5ecbd08000 rw-p 00000000 00:00 0 
7f5ecbd08000-7f5ecbdb3000 r--p 00000000 08:06 10486268                   /usr/lib/jvm/jdk1.8.0_111/jre/lib/fonts/LucidaSansRegular.ttf
7f5ecbdb8000-7f5ecbdf2000 r--p 00000000 08:06 10486270                   /usr/lib/jvm/jdk1.8.0_111/jre/lib/fonts/LucidaTypewriterBold.ttf
7f5ecbdf8000-7f5ecbdfc000 r-xp 00000000 08:06 10486217                   /usr/lib/jvm/jdk1.8.0_111/jre/lib/amd64/libjavafx_font_pango.so
7f5ecbdfc000-7f5ecbffb000 ---p 00004000 08:06 10486217                   /usr/lib/jvm/jdk1.8.0_111/jre/lib/amd64/libjavafx_font_pango.so
7f5ecbffb000-7f5ecbffc000 rw-p 00003000 08:06 10486217                   /usr/lib/jvm/jdk1.8.0_111/jre/lib/amd64/libjavafx_font_pango.so
7f5ecc000000-7f5ecc455000 rw-p 00000000 00:00 0 
7f5ecc455000-7f5ed0000000 ---p 00000000 00:00 0 
7f5ed0000000-7f5ed0048000 rw-p 00000000 00:00 0 
7f5ed0048000-7f5ed4000000 ---p 00000000 00:00 0 
7f5ed4000000-7f5ed4021000 rw-p 00000000 00:00 0 
7f5ed4021000-7f5ed8000000 ---p 00000000 00:00 0 
7f5ed8010000-7f5ed8016000 r--p 00000000 08:06 1314243                    /usr/share/locale-langpack/es/LC_MESSAGES/gdk-pixbuf.mo
7f5ed801d000-7f5ed8030000 r--s 00345000 08:06 10486404                   /usr/lib/jvm/jdk1.8.0_111/jre/lib/resources.jar
7f5ed8034000-7f5ed8039000 r--s 00084000 08:06 10486279                   /usr/lib/jvm/jdk1.8.0_111/jre/lib/jfr.jar
7f5ed8040000-7f5ed8053000 r--p 00000000 08:06 10486276                   /usr/lib/jvm/jdk1.8.0_111/jre/lib/fonts/LucidaBrightDemiItalic.ttf
7f5ed8058000-7f5ed80a6000 r--p 00000000 08:06 10486275                   /usr/lib/jvm/jdk1.8.0_111/jre/lib/fonts/LucidaSansDemiBold.ttf
7f5ed80a8000-7f5ed80e4000 r--p 00000000 08:06 10486274                   /usr/lib/jvm/jdk1.8.0_111/jre/lib/fonts/LucidaTypewriterRegular.ttf
7f5ed80e8000-7f5ed813d000 r--p 00000000 08:06 10486271                   /usr/lib/jvm/jdk1.8.0_111/jre/lib/fonts/LucidaBrightRegular.ttf
7f5ed8140000-7f5ed8154000 r--p 00000000 08:06 10486272                   /usr/lib/jvm/jdk1.8.0_111/jre/lib/fonts/LucidaBrightItalic.ttf
7f5ed8158000-7f5ed816b000 r--p 00000000 08:06 10486269                   /usr/lib/jvm/jdk1.8.0_111/jre/lib/fonts/LucidaBrightDemiBold.ttf
7f5ed8170000-7f5ed8171000 r--s 00000000 08:06 3801416                    /var/cache/fontconfig/c05880de57d1f5e948fdfacc138775d9-le64.cache-4
7f5ed8178000-7f5ed8183000 r--s 00000000 08:06 3801409                    /var/cache/fontconfig/945677eb7aeaf62f1d50efc3fb3ec7d8-le64.cache-4
7f5ed8188000-7f5ed818a000 r--s 00000000 08:06 3801411                    /var/cache/fontconfig/99e8ed0e538f840c565b6ed5dad60d56-le64.cache-4
7f5ed8190000-7f5ed8196000 r--s 00000000 08:06 3801393                    /var/cache/fontconfig/2cd17615ca594fa2959ae173292e504c-le64.cache-4
7f5ed8198000-7f5ed8199000 r--s 00000000 08:06 3801427                    /var/cache/fontconfig/e7071f4a29fa870f4323321c154eba04-le64.cache-4
7f5ed81a0000-7f5ed81a1000 r--s 00000000 08:06 3801390                    /var/cache/fontconfig/0d8c3b2ac0904cb8a57a757ad11a4a08-le64.cache-4
7f5ed81a8000-7f5ed81af000 r--s 00000000 08:06 3801413                    /var/cache/fontconfig/a755afe4a08bf5b97852ceb7400b47bc-le64.cache-4
7f5ed81b0000-7f5ed81bc000 r--s 00000000 08:06 3801404                    /var/cache/fontconfig/6d41288fd70b0be22e8c3a91e032eec0-le64.cache-4
7f5ed81c0000-7f5ed81d4000 r--s 00000000 08:06 3801387                    /var/cache/fontconfig/04aabc0a78ac019cf9454389977116d2-le64.cache-4
7f5ed81d8000-7f5ed81d9000 r--s 00000000 08:06 3801392                    /var/cache/fontconfig/1ac9eb803944fde146138c791f5cc56a-le64.cache-4
7f5ed81e0000-7f5ed81e4000 r--s 00000000 08:06 3801396                    /var/cache/fontconfig/385c0604a188198f04d133e54aba7fe7-le64.cache-4
7f5ed81e8000-7f5ed81e9000 r--s 00000000 08:06 3801424                    /var/cache/fontconfig/dc05db6664285cc2f12bf69c139ae4c3-le64.cache-4
7f5ed81f0000-7f5ed81f2000 r--s 00000000 08:06 3801406                    /var/cache/fontconfig/767a8244fc0220cfb567a839d0392e0b-le64.cache-4
7f5ed81f8000-7f5ed81f9000 r--s 00000000 08:06 3801398                    /var/cache/fontconfig/4794a0821666d79190d59a36cb4f44b5-le64.cache-4
7f5ed8200000-7f5ed8212000 r--s 00000000 08:06 3801388                    /var/cache/fontconfig/0bd3dc0958fa2205aaaa8ebb13e2872b-le64.cache-4
7f5ed8218000-7f5ed821d000 r--s 00000000 08:06 3801408                    /var/cache/fontconfig/8801497958630a81b71ace7c5f9b32a8-le64.cache-4
7f5ed8220000-7f5ed8226000 r--s 00000000 08:06 3816246                    /var/cache/fontconfig/ca37dee8d6057f2a069c1b3d05990269-le64.cache-4
7f5ed8228000-7f5ed822c000 r--s 00000000 08:06 3815067                    /var/cache/fontconfig/c57959a16110560c8d0fcea73374aeeb-le64.cache-4
7f5ed8230000-7f5ed8237000 r--s 00000000 08:06 3801394                    /var/cache/fontconfig/3047814df9a2f067bd2d96a2b9c36e5a-le64.cache-4
7f5ed8238000-7f5ed823e000 r--s 00000000 08:06 3801414                    /var/cache/fontconfig/b47c4e1ecd0709278f4910c18777a504-le64.cache-4
7f5ed8240000-7f5ed8253000 r--s 00000000 08:06 3801421                    /var/cache/fontconfig/d52a8644073d54c13679302ca1180695-le64.cache-4
7f5ed8258000-7f5ed8261000 r--s 00000000 08:06 3801397                    /var/cache/fontconfig/3f7329c5293ffd510edef78f73874cfd-le64.cache-4
7f5ed8268000-7f5ed8273000 r--s 00000000 08:06 3801422                    /var/cache/fontconfig/d589a48862398ed80a3d6066f4f56f4c-le64.cache-4
7f5ed8278000-7f5ed8281000 r--s 00000000 08:06 3801419                    /var/cache/fontconfig/d0972c3d32f097851eb916381fc38920-le64.cache-4
7f5ed8288000-7f5ed828b000 r--s 00000000 08:06 3812658                    /var/cache/fontconfig/e13b20fdb08344e0e664864cc2ede53d-le64.cache-4
7f5ed8290000-7f5ed8294000 r--s 00000000 08:06 3816245                    /var/cache/fontconfig/7ef2298fde41cc6eeb7af42e48b7d293-le64.cache-4
7f5ed8298000-7f5ed829d000 r-xp 00000000 08:06 10486213                   /usr/lib/jvm/jdk1.8.0_111/jre/lib/amd64/libjavafx_font_freetype.so
7f5ed829d000-7f5ed849c000 ---p 00005000 08:06 10486213                   /usr/lib/jvm/jdk1.8.0_111/jre/lib/amd64/libjavafx_font_freetype.so
7f5ed849c000-7f5ed849d000 rw-p 00004000 08:06 10486213                   /usr/lib/jvm/jdk1.8.0_111/jre/lib/amd64/libjavafx_font_freetype.so
7f5ed84a0000-7f5ed84a3000 r-xp 00000000 08:06 10486175                   /usr/lib/jvm/jdk1.8.0_111/jre/lib/amd64/libjavafx_font.so
7f5ed84a3000-7f5ed86a2000 ---p 00003000 08:06 10486175                   /usr/lib/jvm/jdk1.8.0_111/jre/lib/amd64/libjavafx_font.so
7f5ed86a2000-7f5ed86a3000 rw-p 00002000 08:06 10486175                   /usr/lib/jvm/jdk1.8.0_111/jre/lib/amd64/libjavafx_font.so
7f5ed86a8000-7f5ed88a8000 rw-p 00000000 00:00 0 
7f5ed88a8000-7f5ed88ac000 r--s 00060000 08:06 10619923                   /home/xmbeat/NetBeansProjects/FingerprintLogin/dist/run1467883580/lib/webcam-capture-0.3.10.jar
7f5ed88ad000-7f5ed88af000 r--s 00005000 08:06 10619922                   /home/xmbeat/NetBeansProjects/FingerprintLogin/dist/run1467883580/lib/slf4j-api-1.7.2.jar
7f5ed88b2000-7f5ed88b5000 r--s 0003a000 08:06 10619921                   /home/xmbeat/NetBeansProjects/FingerprintLogin/dist/run1467883580/lib/mysql-connector-java-3.0.17-ga-bin.jar
7f5ed88b7000-7f5ed88bf000 r--s 000cf000 08:06 10619920                   /home/xmbeat/NetBeansProjects/FingerprintLogin/dist/run1467883580/lib/bridj-0.6.2.jar
7f5ed88c5000-7f5ed88c8000 ---p 00000000 00:00 0 
7f5ed88c8000-7f5ed89c6000 rw-p 00000000 00:00 0                          [stack:26907]
7f5ed89c6000-7f5ed89c9000 ---p 00000000 00:00 0 
7f5ed89c9000-7f5ed8ac7000 rw-p 00000000 00:00 0                          [stack:26890]
7f5ed8ac7000-7f5ed8aca000 ---p 00000000 00:00 0 
7f5ed8aca000-7f5ed8bc8000 rw-p 00000000 00:00 0                          [stack:26889]
7f5ed8bc8000-7f5ed8bf2000 r--p 00000000 08:06 1314249                    /usr/share/locale-langpack/es/LC_MESSAGES/gtk20-properties.mo
7f5ed8bf8000-7f5ed8c1e000 r--p 00000000 08:06 1314142                    /usr/share/locale-langpack/es/LC_MESSAGES/libc.mo
7f5ed8c20000-7f5ed8c2f000 r--p 00000000 08:06 1314186                    /usr/share/locale-langpack/es/LC_MESSAGES/gtk20.mo
7f5ed8c30000-7f5ed8c59000 r-xp 00000000 08:06 10486225                   /usr/lib/jvm/jdk1.8.0_111/jre/lib/amd64/libglass.so
7f5ed8c59000-7f5ed8e58000 ---p 00029000 08:06 10486225                   /usr/lib/jvm/jdk1.8.0_111/jre/lib/amd64/libglass.so
7f5ed8e58000-7f5ed8e5b000 rw-p 00028000 08:06 10486225                   /usr/lib/jvm/jdk1.8.0_111/jre/lib/amd64/libglass.so
7f5ed8e62000-7f5ed8ee2000 rw-s 15479a000 00:06 12147                     /dev/nvidiactl
7f5ed8ee7000-7f5ed8f67000 rw-s 1545cf000 00:06 12147                     /dev/nvidiactl
7f5ed8f6b000-7f5ed8feb000 rw-s 1788fb000 00:06 12147                     /dev/nvidiactl
7f5ed8fef000-7f5ed90ef000 rw-s 1a5067000 00:06 12147                     /dev/nvidiactl
7f5ed90f2000-7f5ed9105000 rw-s 50ef2000 00:06 12147                      /dev/nvidiactl
7f5ed9108000-7f5ed9148000 rw-s 50cc0000 00:06 12147                      /dev/nvidiactl
7f5ed9149000-7f5ed91fd000 rw-s 221d19000 00:06 12147                     /dev/nvidiactl
7f5ed9200000-7f5ed9206000 r-xp 00000000 08:06 270780                     /usr/lib/x86_64-linux-gnu/libdatrie.so.1.3.1
7f5ed9206000-7f5ed9405000 ---p 00006000 08:06 270780                     /usr/lib/x86_64-linux-gnu/libdatrie.so.1.3.1
7f5ed9405000-7f5ed9406000 r--p 00005000 08:06 270780                     /usr/lib/x86_64-linux-gnu/libdatrie.so.1.3.1
7f5ed9406000-7f5ed9407000 rw-p 00006000 08:06 270780                     /usr/lib/x86_64-linux-gnu/libdatrie.so.1.3.1
7f5ed9408000-7f5ed940d000 r-xp 00000000 08:06 270557                     /usr/lib/x86_64-linux-gnu/libXdmcp.so.6.0.0
7f5ed940d000-7f5ed960c000 ---p 00005000 08:06 270557                     /usr/lib/x86_64-linux-gnu/libXdmcp.so.6.0.0
7f5ed960c000-7f5ed960d000 r--p 00004000 08:06 270557                     /usr/lib/x86_64-linux-gnu/libXdmcp.so.6.0.0
7f5ed960d000-7f5ed960e000 rw-p 00005000 08:06 270557                     /usr/lib/x86_64-linux-gnu/libXdmcp.so.6.0.0
7f5ed9610000-7f5ed9612000 r-xp 00000000 08:06 270544                     /usr/lib/x86_64-linux-gnu/libXau.so.6.0.0
7f5ed9612000-7f5ed9812000 ---p 00002000 08:06 270544                     /usr/lib/x86_64-linux-gnu/libXau.so.6.0.0
7f5ed9812000-7f5ed9813000 r--p 00002000 08:06 270544                     /usr/lib/x86_64-linux-gnu/libXau.so.6.0.0
7f5ed9813000-7f5ed9814000 rw-p 00003000 08:06 270544                     /usr/lib/x86_64-linux-gnu/libXau.so.6.0.0
7f5ed9818000-7f5ed9832000 r-xp 00000000 08:06 263304                     /usr/lib/x86_64-linux-gnu/libgraphite2.so.3.0.1
7f5ed9832000-7f5ed9a31000 ---p 0001a000 08:06 263304                     /usr/lib/x86_64-linux-gnu/libgraphite2.so.3.0.1
7f5ed9a31000-7f5ed9a33000 r--p 00019000 08:06 263304                     /usr/lib/x86_64-linux-gnu/libgraphite2.so.3.0.1
7f5ed9a33000-7f5ed9a34000 rw-p 0001b000 08:06 263304                     /usr/lib/x86_64-linux-gnu/libgraphite2.so.3.0.1
7f5ed9a38000-7f5edb435000 r-xp 00000000 08:06 921231                     /usr/lib/nvidia-352/libnvidia-glcore.so.352.63
7f5edb435000-7f5edb455000 rwxp 019fd000 08:06 921231                     /usr/lib/nvidia-352/libnvidia-glcore.so.352.63
7f5edb455000-7f5edb71c000 r-xp 01a1d000 08:06 921231                     /usr/lib/nvidia-352/libnvidia-glcore.so.352.63
7f5edb71c000-7f5edb91b000 ---p 01ce4000 08:06 921231                     /usr/lib/nvidia-352/libnvidia-glcore.so.352.63
7f5edb91b000-7f5edc4b7000 rw-p 01ce3000 08:06 921231                     /usr/lib/nvidia-352/libnvidia-glcore.so.352.63
7f5edc4b7000-7f5edc4cb000 rw-p 00000000 00:00 0 
7f5edc4d0000-7f5edc4d3000 r-xp 00000000 08:06 1184481                    /usr/lib/nvidia-352/tls/libnvidia-tls.so.352.63
7f5edc4d3000-7f5edc6d2000 ---p 00003000 08:06 1184481                    /usr/lib/nvidia-352/tls/libnvidia-tls.so.352.63
7f5edc6d2000-7f5edc6d3000 rw-p 00002000 08:06 1184481                    /usr/lib/nvidia-352/tls/libnvidia-tls.so.352.63
7f5edc6d8000-7f5edc715000 r-xp 00000000 08:06 11276632                   /lib/x86_64-linux-gnu/libpcre.so.3.13.1
7f5edc715000-7f5edc914000 ---p 0003d000 08:06 11276632                   /lib/x86_64-linux-gnu/libpcre.so.3.13.1
7f5edc914000-7f5edc915000 r--p 0003c000 08:06 11276632                   /lib/x86_64-linux-gnu/libpcre.so.3.13.1
7f5edc915000-7f5edc916000 rw-p 0003d000 08:06 11276632                   /lib/x86_64-linux-gnu/libpcre.so.3.13.1
7f5edc918000-7f5edc91f000 r-xp 00000000 08:06 262898                     /usr/lib/x86_64-linux-gnu/libffi.so.6.0.1
7f5edc91f000-7f5edcb1e000 ---p 00007000 08:06 262898                     /usr/lib/x86_64-linux-gnu/libffi.so.6.0.1
7f5edcb1e000-7f5edcb1f000 r--p 00006000 08:06 262898                     /usr/lib/x86_64-linux-gnu/libffi.so.6.0.1
7f5edcb1f000-7f5edcb20000 rw-p 00007000 08:06 262898                     /usr/lib/x86_64-linux-gnu/libffi.so.6.0.1
7f5edcb20000-7f5edcb47000 r-xp 00000000 08:06 11276550                   /lib/x86_64-linux-gnu/libexpat.so.1.6.0
7f5edcb47000-7f5edcd47000 ---p 00027000 08:06 11276550                   /lib/x86_64-linux-gnu/libexpat.so.1.6.0
7f5edcd47000-7f5edcd49000 r--p 00027000 08:06 11276550                   /lib/x86_64-linux-gnu/libexpat.so.1.6.0
7f5edcd49000-7f5edcd4a000 rw-p 00029000 08:06 11276550                   /lib/x86_64-linux-gnu/libexpat.so.1.6.0
7f5edcd50000-7f5edcd58000 r-xp 00000000 08:06 271660                     /usr/lib/x86_64-linux-gnu/libthai.so.0.2.0
7f5edcd58000-7f5edcf57000 ---p 00008000 08:06 271660                     /usr/lib/x86_64-linux-gnu/libthai.so.0.2.0
7f5edcf57000-7f5edcf58000 r--p 00007000 08:06 271660                     /usr/lib/x86_64-linux-gnu/libthai.so.0.2.0
7f5edcf58000-7f5edcf59000 rw-p 00008000 08:06 271660                     /usr/lib/x86_64-linux-gnu/libthai.so.0.2.0
7f5edcf60000-7f5edcf7d000 r-xp 00000000 08:06 271805                     /usr/lib/x86_64-linux-gnu/libxcb.so.1.1.0
7f5edcf7d000-7f5edd17d000 ---p 0001d000 08:06 271805                     /usr/lib/x86_64-linux-gnu/libxcb.so.1.1.0
7f5edd17d000-7f5edd17e000 r--p 0001d000 08:06 271805                     /usr/lib/x86_64-linux-gnu/libxcb.so.1.1.0
7f5edd17e000-7f5edd17f000 rw-p 0001e000 08:06 271805                     /usr/lib/x86_64-linux-gnu/libxcb.so.1.1.0
7f5edd180000-7f5edd188000 r-xp 00000000 08:06 271787                     /usr/lib/x86_64-linux-gnu/libxcb-render.so.0.0.0
7f5edd188000-7f5edd387000 ---p 00008000 08:06 271787                     /usr/lib/x86_64-linux-gnu/libxcb-render.so.0.0.0
7f5edd387000-7f5edd388000 r--p 00007000 08:06 271787                     /usr/lib/x86_64-linux-gnu/libxcb-render.so.0.0.0
7f5edd388000-7f5edd389000 rw-p 00008000 08:06 271787                     /usr/lib/x86_64-linux-gnu/libxcb-render.so.0.0.0
7f5edd390000-7f5edd392000 r-xp 00000000 08:06 271791                     /usr/lib/x86_64-linux-gnu/libxcb-shm.so.0.0.0
7f5edd392000-7f5edd591000 ---p 00002000 08:06 271791                     /usr/lib/x86_64-linux-gnu/libxcb-shm.so.0.0.0
7f5edd591000-7f5edd592000 r--p 00001000 08:06 271791                     /usr/lib/x86_64-linux-gnu/libxcb-shm.so.0.0.0
7f5edd592000-7f5edd593000 rw-p 00002000 08:06 271791                     /usr/lib/x86_64-linux-gnu/libxcb-shm.so.0.0.0
7f5edd598000-7f5edd5bd000 r-xp 00000000 08:06 11273421                   /lib/x86_64-linux-gnu/libpng12.so.0.50.0
7f5edd5bd000-7f5edd7bc000 ---p 00025000 08:06 11273421                   /lib/x86_64-linux-gnu/libpng12.so.0.50.0
7f5edd7bc000-7f5edd7bd000 r--p 00024000 08:06 11273421                   /lib/x86_64-linux-gnu/libpng12.so.0.50.0
7f5edd7bd000-7f5edd7be000 rw-p 00025000 08:06 11273421                   /lib/x86_64-linux-gnu/libpng12.so.0.50.0
7f5edd7c0000-7f5edd861000 r-xp 00000000 08:06 271486                     /usr/lib/x86_64-linux-gnu/libpixman-1.so.0.30.2
7f5edd861000-7f5edda61000 ---p 000a1000 08:06 271486                     /usr/lib/x86_64-linux-gnu/libpixman-1.so.0.30.2
7f5edda61000-7f5edda68000 r--p 000a1000 08:06 271486                     /usr/lib/x86_64-linux-gnu/libpixman-1.so.0.30.2
7f5edda68000-7f5edda69000 rw-p 000a8000 08:06 271486                     /usr/lib/x86_64-linux-gnu/libpixman-1.so.0.30.2
7f5edda70000-7f5eddac3000 r-xp 00000000 08:06 271186                     /usr/lib/x86_64-linux-gnu/libharfbuzz.so.0.927.0
7f5eddac3000-7f5eddcc3000 ---p 00053000 08:06 271186                     /usr/lib/x86_64-linux-gnu/libharfbuzz.so.0.927.0
7f5eddcc3000-7f5eddcc4000 r--p 00053000 08:06 271186                     /usr/lib/x86_64-linux-gnu/libharfbuzz.so.0.927.0
7f5eddcc4000-7f5eddcc5000 rw-p 00054000 08:06 271186                     /usr/lib/x86_64-linux-gnu/libharfbuzz.so.0.927.0
7f5eddcc8000-7f5eddcdf000 r-xp 00000000 08:06 11272221                   /lib/x86_64-linux-gnu/libresolv-2.19.so
7f5eddcdf000-7f5eddedf000 ---p 00017000 08:06 11272221                   /lib/x86_64-linux-gnu/libresolv-2.19.so
7f5eddedf000-7f5eddee0000 r--p 00017000 08:06 11272221                   /lib/x86_64-linux-gnu/libresolv-2.19.so
7f5eddee0000-7f5eddee1000 rw-p 00018000 08:06 11272221                   /lib/x86_64-linux-gnu/libresolv-2.19.so
7f5eddee1000-7f5eddee3000 rw-p 00000000 00:00 0 
7f5eddee8000-7f5eddf08000 r-xp 00000000 08:06 11276659                   /lib/x86_64-linux-gnu/libselinux.so.1
7f5eddf08000-7f5ede107000 ---p 00020000 08:06 11276659                   /lib/x86_64-linux-gnu/libselinux.so.1
7f5ede107000-7f5ede108000 r--p 0001f000 08:06 11276659                   /lib/x86_64-linux-gnu/libselinux.so.1
7f5ede108000-7f5ede109000 rw-p 00020000 08:06 11276659                   /lib/x86_64-linux-gnu/libselinux.so.1
7f5ede109000-7f5ede10b000 rw-p 00000000 00:00 0 
7f5ede110000-7f5ede128000 r-xp 00000000 08:06 11276690                   /lib/x86_64-linux-gnu/libz.so.1.2.8
7f5ede128000-7f5ede327000 ---p 00018000 08:06 11276690                   /lib/x86_64-linux-gnu/libz.so.1.2.8
7f5ede327000-7f5ede328000 r--p 00017000 08:06 11276690                   /lib/x86_64-linux-gnu/libz.so.1.2.8
7f5ede328000-7f5ede329000 rw-p 00018000 08:06 11276690                   /lib/x86_64-linux-gnu/libz.so.1.2.8
7f5ede330000-7f5ede341000 r-xp 00000000 08:06 270559                     /usr/lib/x86_64-linux-gnu/libXext.so.6.4.0
7f5ede341000-7f5ede540000 ---p 00011000 08:06 270559                     /usr/lib/x86_64-linux-gnu/libXext.so.6.4.0
7f5ede540000-7f5ede541000 r--p 00010000 08:06 270559                     /usr/lib/x86_64-linux-gnu/libXext.so.6.4.0
7f5ede541000-7f5ede542000 rw-p 00011000 08:06 270559                     /usr/lib/x86_64-linux-gnu/libXext.so.6.4.0
7f5ede548000-7f5ede54a000 r-xp 00000000 08:06 270553                     /usr/lib/x86_64-linux-gnu/libXdamage.so.1.1.0
7f5ede54a000-7f5ede749000 ---p 00002000 08:06 270553                     /usr/lib/x86_64-linux-gnu/libXdamage.so.1.1.0
7f5ede749000-7f5ede74a000 r--p 00001000 08:06 270553                     /usr/lib/x86_64-linux-gnu/libXdamage.so.1.1.0
7f5ede74a000-7f5ede74b000 rw-p 00002000 08:06 270553                     /usr/lib/x86_64-linux-gnu/libXdamage.so.1.1.0
7f5ede750000-7f5ede752000 r-xp 00000000 08:06 270549                     /usr/lib/x86_64-linux-gnu/libXcomposite.so.1.0.0
7f5ede752000-7f5ede951000 ---p 00002000 08:06 270549                     /usr/lib/x86_64-linux-gnu/libXcomposite.so.1.0.0
7f5ede951000-7f5ede952000 r--p 00001000 08:06 270549                     /usr/lib/x86_64-linux-gnu/libXcomposite.so.1.0.0
7f5ede952000-7f5ede953000 rw-p 00002000 08:06 270549                     /usr/lib/x86_64-linux-gnu/libXcomposite.so.1.0.0
7f5ede958000-7f5ede961000 r-xp 00000000 08:06 270551                     /usr/lib/x86_64-linux-gnu/libXcursor.so.1.0.2
7f5ede961000-7f5edeb60000 ---p 00009000 08:06 270551                     /usr/lib/x86_64-linux-gnu/libXcursor.so.1.0.2
7f5edeb60000-7f5edeb61000 r--p 00008000 08:06 270551                     /usr/lib/x86_64-linux-gnu/libXcursor.so.1.0.2
7f5edeb61000-7f5edeb62000 rw-p 00009000 08:06 270551                     /usr/lib/x86_64-linux-gnu/libXcursor.so.1.0.2
7f5edeb68000-7f5edeb71000 r-xp 00000000 08:06 270579                     /usr/lib/x86_64-linux-gnu/libXrandr.so.2.2.0
7f5edeb71000-7f5eded70000 ---p 00009000 08:06 270579                     /usr/lib/x86_64-linux-gnu/libXrandr.so.2.2.0
7f5eded70000-7f5eded71000 r--p 00008000 08:06 270579                     /usr/lib/x86_64-linux-gnu/libXrandr.so.2.2.0
7f5eded71000-7f5eded72000 rw-p 00009000 08:06 270579                     /usr/lib/x86_64-linux-gnu/libXrandr.so.2.2.0
7f5eded78000-7f5eded87000 r-xp 00000000 08:06 270567                     /usr/lib/x86_64-linux-gnu/libXi.so.6.1.0
7f5eded87000-7f5edef86000 ---p 0000f000 08:06 270567                     /usr/lib/x86_64-linux-gnu/libXi.so.6.1.0
7f5edef86000-7f5edef87000 r--p 0000e000 08:06 270567                     /usr/lib/x86_64-linux-gnu/libXi.so.6.1.0
7f5edef87000-7f5edef88000 rw-p 0000f000 08:06 270567                     /usr/lib/x86_64-linux-gnu/libXi.so.6.1.0
7f5edef88000-7f5edef8a000 r-xp 00000000 08:06 270569                     /usr/lib/x86_64-linux-gnu/libXinerama.so.1.0.0
7f5edef8a000-7f5edf189000 ---p 00002000 08:06 270569                     /usr/lib/x86_64-linux-gnu/libXinerama.so.1.0.0
7f5edf189000-7f5edf18a000 r--p 00001000 08:06 270569                     /usr/lib/x86_64-linux-gnu/libXinerama.so.1.0.0
7f5edf18a000-7f5edf18b000 rw-p 00002000 08:06 270569                     /usr/lib/x86_64-linux-gnu/libXinerama.so.1.0.0
7f5edf190000-7f5edf199000 r-xp 00000000 08:06 270581                     /usr/lib/x86_64-linux-gnu/libXrender.so.1.3.0
7f5edf199000-7f5edf398000 ---p 00009000 08:06 270581                     /usr/lib/x86_64-linux-gnu/libXrender.so.1.3.0
7f5edf398000-7f5edf399000 r--p 00008000 08:06 270581                     /usr/lib/x86_64-linux-gnu/libXrender.so.1.3.0
7f5edf399000-7f5edf39a000 rw-p 00009000 08:06 270581                     /usr/lib/x86_64-linux-gnu/libXrender.so.1.3.0
7f5edf3a0000-7f5edf3a5000 r-xp 00000000 08:06 270561                     /usr/lib/x86_64-linux-gnu/libXfixes.so.3.1.0
7f5edf3a5000-7f5edf5a4000 ---p 00005000 08:06 270561                     /usr/lib/x86_64-linux-gnu/libXfixes.so.3.1.0
7f5edf5a4000-7f5edf5a5000 r--p 00004000 08:06 270561                     /usr/lib/x86_64-linux-gnu/libXfixes.so.3.1.0
7f5edf5a5000-7f5edf5a6000 rw-p 00005000 08:06 270561                     /usr/lib/x86_64-linux-gnu/libXfixes.so.3.1.0
7f5edf5a8000-7f5edf5be000 r-xp 00000000 08:06 11273328                   /lib/x86_64-linux-gnu/libgcc_s.so.1
7f5edf5be000-7f5edf7bd000 ---p 00016000 08:06 11273328                   /lib/x86_64-linux-gnu/libgcc_s.so.1
7f5edf7bd000-7f5edf7be000 rw-p 00015000 08:06 11273328                   /lib/x86_64-linux-gnu/libgcc_s.so.1
7f5edf7c0000-7f5edf8a6000 r-xp 00000000 08:06 262560                     /usr/lib/x86_64-linux-gnu/libstdc++.so.6.0.19
7f5edf8a6000-7f5edfaa5000 ---p 000e6000 08:06 262560                     /usr/lib/x86_64-linux-gnu/libstdc++.so.6.0.19
7f5edfaa5000-7f5edfaad000 r--p 000e5000 08:06 262560                     /usr/lib/x86_64-linux-gnu/libstdc++.so.6.0.19
7f5edfaad000-7f5edfaaf000 rw-p 000ed000 08:06 262560                     /usr/lib/x86_64-linux-gnu/libstdc++.so.6.0.19
7f5edfaaf000-7f5edfac4000 rw-p 00000000 00:00 0 
7f5edfac8000-7f5edfb86000 r-xp 00000000 08:06 921224                     /usr/lib/nvidia-352/libGL.so.352.63
7f5edfb86000-7f5edfbb9000 rwxp 000be000 08:06 921224                     /usr/lib/nvidia-352/libGL.so.352.63
7f5edfbb9000-7f5edfbcb000 r-xp 000f1000 08:06 921224                     /usr/lib/nvidia-352/libGL.so.352.63
7f5edfbcb000-7f5edfdca000 ---p 00103000 08:06 921224                     /usr/lib/nvidia-352/libGL.so.352.63
7f5edfdca000-7f5edfdf2000 rw-p 00102000 08:06 921224                     /usr/lib/nvidia-352/libGL.so.352.63
7f5edfdf2000-7f5edfdf8000 rw-p 00000000 00:00 0 
7f5edfdf8000-7f5edfdfc000 r-xp 00000000 08:06 270597                     /usr/lib/x86_64-linux-gnu/libXxf86vm.so.1.0.0
7f5edfdfc000-7f5edfffc000 ---p 00004000 08:06 270597                     /usr/lib/x86_64-linux-gnu/libXxf86vm.so.1.0.0
7f5edfffc000-7f5edfffd000 r--p 00004000 08:06 270597                     /usr/lib/x86_64-linux-gnu/libXxf86vm.so.1.0.0
7f5edfffd000-7f5edfffe000 rw-p 00005000 08:06 270597                     /usr/lib/x86_64-linux-gnu/libXxf86vm.so.1.0.0
7f5ee0000000-7f5ee0021000 rw-p 00000000 00:00 0 
7f5ee0021000-7f5ee4000000 ---p 00000000 00:00 0 
7f5ee4000000-7f5ee4c1c000 rw-p 00000000 00:00 0 
7f5ee4c1c000-7f5ee8000000 ---p 00000000 00:00 0 
7f5ee8000000-7f5ee86a9000 rw-p 00000000 00:00 0 
7f5ee86a9000-7f5eec000000 ---p 00000000 00:00 0 
7f5eec000000-7f5eec021000 rw-p 00000000 00:00 0 
7f5eec021000-7f5ef0000000 ---p 00000000 00:00 0 
7f5ef0000000-7f5ef0021000 rw-p 00000000 00:00 0 
7f5ef0021000-7f5ef4000000 ---p 00000000 00:00 0 
7f5ef4000000-7f5ef5996000 rw-p 00000000 00:00 0 
7f5ef5996000-7f5ef8000000 ---p 00000000 00:00 0 
7f5ef8000000-7f5ef8021000 rw-p 00000000 00:00 0 
7f5ef8021000-7f5efc000000 ---p 00000000 00:00 0 
7f5efc000000-7f5efc021000 rw-p 00000000 00:00 0 
7f5efc021000-7f5f00000000 ---p 00000000 00:00 0 
7f5f00000000-7f5f00021000 rw-p 00000000 00:00 0 
7f5f00021000-7f5f04000000 ---p 00000000 00:00 0 
7f5f04000000-7f5f04021000 rw-p 00000000 00:00 0 
7f5f04021000-7f5f08000000 ---p 00000000 00:00 0 
7f5f08000000-7f5f08001000 r--s 00000000 08:06 3801400                    /var/cache/fontconfig/56cf4f4769d0f4abc89a4895d7bd3ae1-le64.cache-4
7f5f08008000-7f5f08028000 rw-s c0320000 00:06 12148                      /dev/nvidia0
7f5f08028000-7f5f08158000 r-xp 00000000 08:06 270538                     /usr/lib/x86_64-linux-gnu/libX11.so.6.3.0
7f5f08158000-7f5f08358000 ---p 00130000 08:06 270538                     /usr/lib/x86_64-linux-gnu/libX11.so.6.3.0
7f5f08358000-7f5f08359000 r--p 00130000 08:06 270538                     /usr/lib/x86_64-linux-gnu/libX11.so.6.3.0
7f5f08359000-7f5f0835d000 rw-p 00131000 08:06 270538                     /usr/lib/x86_64-linux-gnu/libX11.so.6.3.0
7f5f08360000-7f5f08365000 r-xp 00000000 08:06 270587                     /usr/lib/x86_64-linux-gnu/libXtst.so.6.1.0
7f5f08365000-7f5f08564000 ---p 00005000 08:06 270587                     /usr/lib/x86_64-linux-gnu/libXtst.so.6.1.0
7f5f08564000-7f5f08565000 r--p 00004000 08:06 270587                     /usr/lib/x86_64-linux-gnu/libXtst.so.6.1.0
7f5f08565000-7f5f08566000 rw-p 00005000 08:06 270587                     /usr/lib/x86_64-linux-gnu/libXtst.so.6.1.0
7f5f08568000-7f5f0866e000 r-xp 00000000 08:06 11276559                   /lib/x86_64-linux-gnu/libglib-2.0.so.0.4002.0
7f5f0866e000-7f5f0886d000 ---p 00106000 08:06 11276559                   /lib/x86_64-linux-gnu/libglib-2.0.so.0.4002.0
7f5f0886d000-7f5f0886e000 r--p 00105000 08:06 11276559                   /lib/x86_64-linux-gnu/libglib-2.0.so.0.4002.0
7f5f0886e000-7f5f0886f000 rw-p 00106000 08:06 11276559                   /lib/x86_64-linux-gnu/libglib-2.0.so.0.4002.0
7f5f0886f000-7f5f08870000 rw-p 00000000 00:00 0 
7f5f08870000-7f5f08871000 r-xp 00000000 08:06 271159                     /usr/lib/x86_64-linux-gnu/libgthread-2.0.so.0.4002.0
7f5f08871000-7f5f08a70000 ---p 00001000 08:06 271159                     /usr/lib/x86_64-linux-gnu/libgthread-2.0.so.0.4002.0
7f5f08a70000-7f5f08a71000 r--p 00000000 08:06 271159                     /usr/lib/x86_64-linux-gnu/libgthread-2.0.so.0.4002.0
7f5f08a71000-7f5f08a72000 rw-p 00001000 08:06 271159                     /usr/lib/x86_64-linux-gnu/libgthread-2.0.so.0.4002.0
7f5f08a78000-7f5f08a7b000 r-xp 00000000 08:06 271015                     /usr/lib/x86_64-linux-gnu/libgmodule-2.0.so.0.4002.0
7f5f08a7b000-7f5f08c7a000 ---p 00003000 08:06 271015                     /usr/lib/x86_64-linux-gnu/libgmodule-2.0.so.0.4002.0
7f5f08c7a000-7f5f08c7b000 r--p 00002000 08:06 271015                     /usr/lib/x86_64-linux-gnu/libgmodule-2.0.so.0.4002.0
7f5f08c7b000-7f5f08c7c000 rw-p 00003000 08:06 271015                     /usr/lib/x86_64-linux-gnu/libgmodule-2.0.so.0.4002.0
7f5f08c80000-7f5f08ccf000 r-xp 00000000 08:06 271039                     /usr/lib/x86_64-linux-gnu/libgobject-2.0.so.0.4002.0
7f5f08ccf000-7f5f08ecf000 ---p 0004f000 08:06 271039                     /usr/lib/x86_64-linux-gnu/libgobject-2.0.so.0.4002.0
7f5f08ecf000-7f5f08ed0000 r--p 0004f000 08:06 271039                     /usr/lib/x86_64-linux-gnu/libgobject-2.0.so.0.4002.0
7f5f08ed0000-7f5f08ed1000 rw-p 00050000 08:06 271039                     /usr/lib/x86_64-linux-gnu/libgobject-2.0.so.0.4002.0
7f5f08ed8000-7f5f08f12000 r-xp 00000000 08:06 270920                     /usr/lib/x86_64-linux-gnu/libfontconfig.so.1.8.0
7f5f08f12000-7f5f09111000 ---p 0003a000 08:06 270920                     /usr/lib/x86_64-linux-gnu/libfontconfig.so.1.8.0
7f5f09111000-7f5f09113000 r--p 00039000 08:06 270920                     /usr/lib/x86_64-linux-gnu/libfontconfig.so.1.8.0
7f5f09113000-7f5f09114000 rw-p 0003b000 08:06 270920                     /usr/lib/x86_64-linux-gnu/libfontconfig.so.1.8.0
7f5f09118000-7f5f091b5000 r-xp 00000000 08:06 270946                     /usr/lib/x86_64-linux-gnu/libfreetype.so.6.11.1
7f5f091b5000-7f5f093b4000 ---p 0009d000 08:06 270946                     /usr/lib/x86_64-linux-gnu/libfreetype.so.6.11.1
7f5f093b4000-7f5f093ba000 r--p 0009c000 08:06 270946                     /usr/lib/x86_64-linux-gnu/libfreetype.so.6.11.1
7f5f093ba000-7f5f093bb000 rw-p 000a2000 08:06 270946                     /usr/lib/x86_64-linux-gnu/libfreetype.so.6.11.1
7f5f093c0000-7f5f0940a000 r-xp 00000000 08:06 271463                     /usr/lib/x86_64-linux-gnu/libpango-1.0.so.0.3600.3
7f5f0940a000-7f5f0960a000 ---p 0004a000 08:06 271463                     /usr/lib/x86_64-linux-gnu/libpango-1.0.so.0.3600.3
7f5f0960a000-7f5f0960c000 r--p 0004a000 08:06 271463                     /usr/lib/x86_64-linux-gnu/libpango-1.0.so.0.3600.3
7f5f0960c000-7f5f0960d000 rw-p 0004c000 08:06 271463                     /usr/lib/x86_64-linux-gnu/libpango-1.0.so.0.3600.3
7f5f09610000-7f5f09716000 r-xp 00000000 08:06 270702                     /usr/lib/x86_64-linux-gnu/libcairo.so.2.11301.0
7f5f09716000-7f5f09915000 ---p 00106000 08:06 270702                     /usr/lib/x86_64-linux-gnu/libcairo.so.2.11301.0
7f5f09915000-7f5f09918000 r--p 00105000 08:06 270702                     /usr/lib/x86_64-linux-gnu/libcairo.so.2.11301.0
7f5f09918000-7f5f09919000 rw-p 00108000 08:06 270702                     /usr/lib/x86_64-linux-gnu/libcairo.so.2.11301.0
7f5f09919000-7f5f0991b000 rw-p 00000000 00:00 0 
7f5f09920000-7f5f0992b000 r-xp 00000000 08:06 271465                     /usr/lib/x86_64-linux-gnu/libpangocairo-1.0.so.0.3600.3
7f5f0992b000-7f5f09b2b000 ---p 0000b000 08:06 271465                     /usr/lib/x86_64-linux-gnu/libpangocairo-1.0.so.0.3600.3
7f5f09b2b000-7f5f09b2c000 r--p 0000b000 08:06 271465                     /usr/lib/x86_64-linux-gnu/libpangocairo-1.0.so.0.3600.3
7f5f09b2c000-7f5f09b2d000 rw-p 0000c000 08:06 271465                     /usr/lib/x86_64-linux-gnu/libpangocairo-1.0.so.0.3600.3
7f5f09b30000-7f5f09b50000 r-xp 00000000 08:06 270979                     /usr/lib/x86_64-linux-gnu/libgdk_pixbuf-2.0.so.0.3000.7
7f5f09b50000-7f5f09d4f000 ---p 00020000 08:06 270979                     /usr/lib/x86_64-linux-gnu/libgdk_pixbuf-2.0.so.0.3000.7
7f5f09d4f000-7f5f09d50000 r--p 0001f000 08:06 270979                     /usr/lib/x86_64-linux-gnu/libgdk_pixbuf-2.0.so.0.3000.7
7f5f09d50000-7f5f09d51000 rw-p 00020000 08:06 270979                     /usr/lib/x86_64-linux-gnu/libgdk_pixbuf-2.0.so.0.3000.7
7f5f09d58000-7f5f09d6c000 r-xp 00000000 08:06 271467                     /usr/lib/x86_64-linux-gnu/libpangoft2-1.0.so.0.3600.3
7f5f09d6c000-7f5f09f6b000 ---p 00014000 08:06 271467                     /usr/lib/x86_64-linux-gnu/libpangoft2-1.0.so.0.3600.3
7f5f09f6b000-7f5f09f6c000 r--p 00013000 08:06 271467                     /usr/lib/x86_64-linux-gnu/libpangoft2-1.0.so.0.3600.3
7f5f09f6c000-7f5f09f6d000 rw-p 00014000 08:06 271467                     /usr/lib/x86_64-linux-gnu/libpangoft2-1.0.so.0.3600.3
7f5f09f70000-7f5f0a0dc000 r-xp 00000000 08:06 271001                     /usr/lib/x86_64-linux-gnu/libgio-2.0.so.0.4002.0
7f5f0a0dc000-7f5f0a2db000 ---p 0016c000 08:06 271001                     /usr/lib/x86_64-linux-gnu/libgio-2.0.so.0.4002.0
7f5f0a2db000-7f5f0a2df000 r--p 0016b000 08:06 271001                     /usr/lib/x86_64-linux-gnu/libgio-2.0.so.0.4002.0
7f5f0a2df000-7f5f0a2e1000 rw-p 0016f000 08:06 271001                     /usr/lib/x86_64-linux-gnu/libgio-2.0.so.0.4002.0
7f5f0a2e1000-7f5f0a2e3000 rw-p 00000000 00:00 0 
7f5f0a2e8000-7f5f0a307000 r-xp 00000000 08:06 270646                     /usr/lib/x86_64-linux-gnu/libatk-1.0.so.0.21009.1
7f5f0a307000-7f5f0a507000 ---p 0001f000 08:06 270646                     /usr/lib/x86_64-linux-gnu/libatk-1.0.so.0.21009.1
7f5f0a507000-7f5f0a509000 r--p 0001f000 08:06 270646                     /usr/lib/x86_64-linux-gnu/libatk-1.0.so.0.21009.1
7f5f0a509000-7f5f0a50a000 rw-p 00021000 08:06 270646                     /usr/lib/x86_64-linux-gnu/libatk-1.0.so.0.21009.1
7f5f0a510000-7f5f0a5bd000 r-xp 00000000 08:06 262704                     /usr/lib/x86_64-linux-gnu/libgdk-x11-2.0.so.0.2400.23
7f5f0a5bd000-7f5f0a7bd000 ---p 000ad000 08:06 262704                     /usr/lib/x86_64-linux-gnu/libgdk-x11-2.0.so.0.2400.23
7f5f0a7bd000-7f5f0a7c1000 r--p 000ad000 08:06 262704                     /usr/lib/x86_64-linux-gnu/libgdk-x11-2.0.so.0.2400.23
7f5f0a7c1000-7f5f0a7c3000 rw-p 000b1000 08:06 262704                     /usr/lib/x86_64-linux-gnu/libgdk-x11-2.0.so.0.2400.23
7f5f0a7c8000-7f5f0abf8000 r-xp 00000000 08:06 265442                     /usr/lib/x86_64-linux-gnu/libgtk-x11-2.0.so.0.2400.23
7f5f0abf8000-7f5f0adf7000 ---p 00430000 08:06 265442                     /usr/lib/x86_64-linux-gnu/libgtk-x11-2.0.so.0.2400.23
7f5f0adf7000-7f5f0adfe000 r--p 0042f000 08:06 265442                     /usr/lib/x86_64-linux-gnu/libgtk-x11-2.0.so.0.2400.23
7f5f0adfe000-7f5f0ae02000 rw-p 00436000 08:06 265442                     /usr/lib/x86_64-linux-gnu/libgtk-x11-2.0.so.0.2400.23
7f5f0ae02000-7f5f0ae05000 rw-p 00000000 00:00 0 
7f5f0ae08000-7f5f0ae14000 r-xp 00000000 08:06 10486192                   /usr/lib/jvm/jdk1.8.0_111/jre/lib/amd64/libprism_es2.so
7f5f0ae14000-7f5f0b013000 ---p 0000c000 08:06 10486192                   /usr/lib/jvm/jdk1.8.0_111/jre/lib/amd64/libprism_es2.so
7f5f0b013000-7f5f0b014000 rw-p 0000b000 08:06 10486192                   /usr/lib/jvm/jdk1.8.0_111/jre/lib/amd64/libprism_es2.so
7f5f0b01a000-7f5f0b01d000 ---p 00000000 00:00 0 
7f5f0b01d000-7f5f0b11b000 rw-p 00000000 00:00 0                          [stack:26888]
7f5f0b11b000-7f5f0b1b1000 r--s 01103000 08:06 10486256                   /usr/lib/jvm/jdk1.8.0_111/jre/lib/ext/jfxrt.jar
7f5f0b1b3000-7f5f0b1b4000 ---p 00000000 00:00 0 
7f5f0b1b4000-7f5f0b2b4000 rw-p 00000000 00:00 0                          [stack:26887]
7f5f0b2b4000-7f5f0b2b7000 ---p 00000000 00:00 0 
7f5f0b2b7000-7f5f0b3b5000 rw-p 00000000 00:00 0                          [stack:26886]
7f5f0b3b5000-7f5f0b3b8000 ---p 00000000 00:00 0 
7f5f0b3b8000-7f5f0b4b6000 rw-p 00000000 00:00 0                          [stack:26885]
7f5f0b4b6000-7f5f0b4b9000 ---p 00000000 00:00 0 
7f5f0b4b9000-7f5f0b5b7000 rw-p 00000000 00:00 0                          [stack:26884]
7f5f0b5b7000-7f5f0b5ba000 ---p 00000000 00:00 0 
7f5f0b5ba000-7f5f0b6b8000 rw-p 00000000 00:00 0                          [stack:26883]
7f5f0b6b8000-7f5f0bbf6000 r--p 00000000 08:06 269140                     /usr/lib/locale/locale-archive
7f5f0bbfc000-7f5f0bbff000 ---p 00000000 00:00 0 
7f5f0bbff000-7f5f0bcfd000 rw-p 00000000 00:00 0                          [stack:26882]
7f5f0bcfd000-7f5f0bd00000 ---p 00000000 00:00 0 
7f5f0bd00000-7f5f0bdfe000 rw-p 00000000 00:00 0                          [stack:26881]
7f5f0bdfe000-7f5f0bdff000 ---p 00000000 00:00 0 
7f5f0bdff000-7f5f0c000000 rw-p 00000000 00:00 0                          [stack:26880]
7f5f0c000000-7f5f0c021000 rw-p 00000000 00:00 0 
7f5f0c021000-7f5f10000000 ---p 00000000 00:00 0 
7f5f10000000-7f5f10001000 r--s 00000000 08:06 3801415                    /var/cache/fontconfig/b9d506c9ac06c20b433354fa67a72993-le64.cache-4
7f5f10008000-7f5f1000f000 r--s 00000000 08:06 786750                     /usr/lib/x86_64-linux-gnu/gconv/gconv-modules.cache
7f5f1000f000-7f5f1002f000 rw-s 8eb47000 00:06 12147                      /dev/nvidiactl
7f5f10031000-7f5f10071000 rw-s 520e1000 00:06 12147                      /dev/nvidiactl
7f5f1008f000-7f5f10093000 r--s 00097000 08:06 10486124                   /usr/lib/jvm/jdk1.8.0_111/jre/lib/jsse.jar
7f5f1009a000-7f5f108a2000 rw-p 00000000 00:00 0 
7f5f108a2000-7f5f10a7a000 r--s 03d2a000 08:06 10486172                   /usr/lib/jvm/jdk1.8.0_111/jre/lib/rt.jar
7f5f10a80000-7f5f15000000 rw-p 00000000 00:00 0 
7f5f15000000-7f5f15980000 rwxp 00000000 00:00 0 
7f5f15980000-7f5f24000000 ---p 00000000 00:00 0 
7f5f24000000-7f5f244c5000 rw-p 00000000 00:00 0 
7f5f244c5000-7f5f28000000 ---p 00000000 00:00 0 
7f5f28000000-7f5f28001000 r--s 00000000 08:06 3801389                    /var/cache/fontconfig/0c9eb80ebd1c36541ebe2852d3bb0c49-le64.cache-4
7f5f28008000-7f5f2800a000 rw-s 00000000 08:06 131109                     /tmp/.gl5iotxS (deleted)
7f5f2800c000-7f5f2800d000 rw-s 8eadc000 00:06 12147                      /dev/nvidiactl
7f5f28011000-7f5f28015000 rw-s 52111000 00:06 12147                      /dev/nvidiactl
7f5f28016000-7f5f28017000 rw-s cfee6000 00:06 12148                      /dev/nvidia0
7f5f2801e000-7f5f2801f000 rw-s cfee6000 00:06 12148                      /dev/nvidia0
7f5f28021000-7f5f28022000 rw-s fd641000 00:06 12148                      /dev/nvidia0
7f5f28027000-7f5f28475000 rw-p 00000000 00:00 0 
7f5f28475000-7f5f28476000 ---p 00000000 00:00 0 
7f5f28476000-7f5f28576000 rw-p 00000000 00:00 0                          [stack:26879]
7f5f28576000-7f5f28577000 ---p 00000000 00:00 0 
7f5f28577000-7f5f2869a000 rw-p 00000000 00:00 0                          [stack:26878]
7f5f2869a000-7f5f28907000 ---p 00000000 00:00 0 
7f5f28907000-7f5f2892a000 rw-p 00000000 00:00 0 
7f5f2892a000-7f5f28b97000 ---p 00000000 00:00 0 
7f5f28b97000-7f5f28bac000 rw-p 00000000 00:00 0 
7f5f28bac000-7f5f28cdf000 ---p 00000000 00:00 0 
7f5f28cdf000-7f5f28d06000 rw-p 00000000 00:00 0 
7f5f28d06000-7f5f290a0000 ---p 00000000 00:00 0 
7f5f290a0000-7f5f290ba000 r-xp 00000000 08:06 10486203                   /usr/lib/jvm/jdk1.8.0_111/jre/lib/amd64/libzip.so
7f5f290ba000-7f5f292ba000 ---p 0001a000 08:06 10486203                   /usr/lib/jvm/jdk1.8.0_111/jre/lib/amd64/libzip.so
7f5f292ba000-7f5f292bb000 rw-p 0001a000 08:06 10486203                   /usr/lib/jvm/jdk1.8.0_111/jre/lib/amd64/libzip.so
7f5f292c0000-7f5f292cb000 r-xp 00000000 08:06 11273355                   /lib/x86_64-linux-gnu/libnss_files-2.19.so
7f5f292cb000-7f5f294ca000 ---p 0000b000 08:06 11273355                   /lib/x86_64-linux-gnu/libnss_files-2.19.so
7f5f294ca000-7f5f294cb000 r--p 0000a000 08:06 11273355                   /lib/x86_64-linux-gnu/libnss_files-2.19.so
7f5f294cb000-7f5f294cc000 rw-p 0000b000 08:06 11273355                   /lib/x86_64-linux-gnu/libnss_files-2.19.so
7f5f294d0000-7f5f294db000 r-xp 00000000 08:06 11273318                   /lib/x86_64-linux-gnu/libnss_nis-2.19.so
7f5f294db000-7f5f296da000 ---p 0000b000 08:06 11273318                   /lib/x86_64-linux-gnu/libnss_nis-2.19.so
7f5f296da000-7f5f296db000 r--p 0000a000 08:06 11273318                   /lib/x86_64-linux-gnu/libnss_nis-2.19.so
7f5f296db000-7f5f296dc000 rw-p 0000b000 08:06 11273318                   /lib/x86_64-linux-gnu/libnss_nis-2.19.so
7f5f296e0000-7f5f296f7000 r-xp 00000000 08:06 11273308                   /lib/x86_64-linux-gnu/libnsl-2.19.so
7f5f296f7000-7f5f298f6000 ---p 00017000 08:06 11273308                   /lib/x86_64-linux-gnu/libnsl-2.19.so
7f5f298f6000-7f5f298f7000 r--p 00016000 08:06 11273308                   /lib/x86_64-linux-gnu/libnsl-2.19.so
7f5f298f7000-7f5f298f8000 rw-p 00017000 08:06 11273308                   /lib/x86_64-linux-gnu/libnsl-2.19.so
7f5f298f8000-7f5f298fa000 rw-p 00000000 00:00 0 
7f5f29900000-7f5f29909000 r-xp 00000000 08:06 11273302                   /lib/x86_64-linux-gnu/libnss_compat-2.19.so
7f5f29909000-7f5f29b08000 ---p 00009000 08:06 11273302                   /lib/x86_64-linux-gnu/libnss_compat-2.19.so
7f5f29b08000-7f5f29b09000 r--p 00008000 08:06 11273302                   /lib/x86_64-linux-gnu/libnss_compat-2.19.so
7f5f29b09000-7f5f29b0a000 rw-p 00009000 08:06 11273302                   /lib/x86_64-linux-gnu/libnss_compat-2.19.so
7f5f29b10000-7f5f29b3b000 r-xp 00000000 08:06 10486230                   /usr/lib/jvm/jdk1.8.0_111/jre/lib/amd64/libjava.so
7f5f29b3b000-7f5f29d3a000 ---p 0002b000 08:06 10486230                   /usr/lib/jvm/jdk1.8.0_111/jre/lib/amd64/libjava.so
7f5f29d3a000-7f5f29d3c000 rw-p 0002a000 08:06 10486230                   /usr/lib/jvm/jdk1.8.0_111/jre/lib/amd64/libjava.so
7f5f29d40000-7f5f29d4d000 r-xp 00000000 08:06 10486181                   /usr/lib/jvm/jdk1.8.0_111/jre/lib/amd64/libverify.so
7f5f29d4d000-7f5f29f4c000 ---p 0000d000 08:06 10486181                   /usr/lib/jvm/jdk1.8.0_111/jre/lib/amd64/libverify.so
7f5f29f4c000-7f5f29f4e000 rw-p 0000c000 08:06 10486181                   /usr/lib/jvm/jdk1.8.0_111/jre/lib/amd64/libverify.so
7f5f29f50000-7f5f29f57000 r-xp 00000000 08:06 11273343                   /lib/x86_64-linux-gnu/librt-2.19.so
7f5f29f57000-7f5f2a156000 ---p 00007000 08:06 11273343                   /lib/x86_64-linux-gnu/librt-2.19.so
7f5f2a156000-7f5f2a157000 r--p 00006000 08:06 11273343                   /lib/x86_64-linux-gnu/librt-2.19.so
7f5f2a157000-7f5f2a158000 rw-p 00007000 08:06 11273343                   /lib/x86_64-linux-gnu/librt-2.19.so
7f5f2a158000-7f5f2a25d000 r-xp 00000000 08:06 11273293                   /lib/x86_64-linux-gnu/libm-2.19.so
7f5f2a25d000-7f5f2a45c000 ---p 00105000 08:06 11273293                   /lib/x86_64-linux-gnu/libm-2.19.so
7f5f2a45c000-7f5f2a45d000 r--p 00104000 08:06 11273293                   /lib/x86_64-linux-gnu/libm-2.19.so
7f5f2a45d000-7f5f2a45e000 rw-p 00105000 08:06 11273293                   /lib/x86_64-linux-gnu/libm-2.19.so
7f5f2a460000-7f5f2b12d000 r-xp 00000000 08:06 10486234                   /usr/lib/jvm/jdk1.8.0_111/jre/lib/amd64/server/libjvm.so
7f5f2b12d000-7f5f2b32c000 ---p 00ccd000 08:06 10486234                   /usr/lib/jvm/jdk1.8.0_111/jre/lib/amd64/server/libjvm.so
7f5f2b32c000-7f5f2b405000 rw-p 00ccc000 08:06 10486234                   /usr/lib/jvm/jdk1.8.0_111/jre/lib/amd64/server/libjvm.so
7f5f2b405000-7f5f2b450000 rw-p 00000000 00:00 0 
7f5f2b450000-7f5f2b60b000 r-xp 00000000 08:06 11273344                   /lib/x86_64-linux-gnu/libc-2.19.so
7f5f2b60b000-7f5f2b80a000 ---p 001bb000 08:06 11273344                   /lib/x86_64-linux-gnu/libc-2.19.so
7f5f2b80a000-7f5f2b80e000 r--p 001ba000 08:06 11273344                   /lib/x86_64-linux-gnu/libc-2.19.so
7f5f2b80e000-7f5f2b810000 rw-p 001be000 08:06 11273344                   /lib/x86_64-linux-gnu/libc-2.19.so
7f5f2b810000-7f5f2b815000 rw-p 00000000 00:00 0 
7f5f2b818000-7f5f2b81b000 r-xp 00000000 08:06 11273295                   /lib/x86_64-linux-gnu/libdl-2.19.so
7f5f2b81b000-7f5f2ba1a000 ---p 00003000 08:06 11273295                   /lib/x86_64-linux-gnu/libdl-2.19.so
7f5f2ba1a000-7f5f2ba1b000 r--p 00002000 08:06 11273295                   /lib/x86_64-linux-gnu/libdl-2.19.so
7f5f2ba1b000-7f5f2ba1c000 rw-p 00003000 08:06 11273295                   /lib/x86_64-linux-gnu/libdl-2.19.so
7f5f2ba20000-7f5f2ba35000 r-xp 00000000 08:06 10486219                   /usr/lib/jvm/jdk1.8.0_111/jre/lib/amd64/jli/libjli.so
7f5f2ba35000-7f5f2bc35000 ---p 00015000 08:06 10486219                   /usr/lib/jvm/jdk1.8.0_111/jre/lib/amd64/jli/libjli.so
7f5f2bc35000-7f5f2bc36000 rw-p 00015000 08:06 10486219                   /usr/lib/jvm/jdk1.8.0_111/jre/lib/amd64/jli/libjli.so
7f5f2bc38000-7f5f2bc51000 r-xp 00000000 08:06 11273309                   /lib/x86_64-linux-gnu/libpthread-2.19.so
7f5f2bc51000-7f5f2be50000 ---p 00019000 08:06 11273309                   /lib/x86_64-linux-gnu/libpthread-2.19.so
7f5f2be50000-7f5f2be51000 r--p 00018000 08:06 11273309                   /lib/x86_64-linux-gnu/libpthread-2.19.so
7f5f2be51000-7f5f2be52000 rw-p 00019000 08:06 11273309                   /lib/x86_64-linux-gnu/libpthread-2.19.so
7f5f2be52000-7f5f2be56000 rw-p 00000000 00:00 0 
7f5f2be58000-7f5f2be7b000 r-xp 00000000 08:06 11273314                   /lib/x86_64-linux-gnu/ld-2.19.so
7f5f2be7c000-7f5f2bf4d000 rw-p 00000000 00:00 0 
7f5f2bf4d000-7f5f2bf50000 ---p 00000000 00:00 0 
7f5f2bf50000-7f5f2c050000 rw-p 00000000 00:00 0                          [stack:26875]
7f5f2c051000-7f5f2c052000 rw-s 221909000 00:06 12147                     /dev/nvidiactl
7f5f2c058000-7f5f2c059000 rw-s 8eae0000 00:06 12147                      /dev/nvidiactl
7f5f2c060000-7f5f2c061000 rw-s fd060000 00:06 12148                      /dev/nvidia0
7f5f2c065000-7f5f2c067000 r--s 00025000 08:06 10619917                   /home/xmbeat/NetBeansProjects/FingerprintLogin/dist/run1467883580/FingerprintLogin.jar
7f5f2c068000-7f5f2c070000 rw-s 00000000 08:06 1185735                    /tmp/hsperfdata_xmbeat/26873
7f5f2c074000-7f5f2c077000 rw-p 00000000 00:00 0 
7f5f2c077000-7f5f2c078000 r--p 00000000 00:00 0 
7f5f2c078000-7f5f2c07a000 rw-p 00000000 00:00 0 
7f5f2c07a000-7f5f2c07b000 r--p 00022000 08:06 11273314                   /lib/x86_64-linux-gnu/ld-2.19.so
7f5f2c07b000-7f5f2c07c000 rw-p 00023000 08:06 11273314                   /lib/x86_64-linux-gnu/ld-2.19.so
7f5f2c07c000-7f5f2c07f000 rw-p 00000000 00:00 0 
7ffd9178c000-7ffd917ad000 rw-p 00000000 00:00 0                          [stack]
7ffd917b0000-7ffd917b2000 r--p 00000000 00:00 0                          [vvar]
7ffd917b2000-7ffd917b4000 r-xp 00000000 00:00 0                          [vdso]
ffffffffff600000-ffffffffff601000 r-xp 00000000 00:00 0                  [vsyscall]

VM Arguments:
jvm_args: -Dfile.encoding=UTF-8 
java_command: /home/xmbeat/NetBeansProjects/FingerprintLogin/dist/run1467883580/FingerprintLogin.jar
java_class_path (initial): /home/xmbeat/NetBeansProjects/FingerprintLogin/dist/run1467883580/FingerprintLogin.jar
Launcher Type: SUN_STANDARD

Environment Variables:
PATH=/home/xmbeat/bin:/usr/local/sbin:/usr/local/bin:/usr/sbin:/usr/bin:/sbin:/bin:/usr/games:/usr/local/games
USERNAME=xmbeat
LD_LIBRARY_PATH=/usr/lib/jvm/jdk1.8.0_111/jre/lib/amd64:/usr/lib/jvm/jdk1.8.0_111/jre/lib/i386:
SHELL=/bin/bash
DISPLAY=:0

Signal Handlers:
SIGSEGV: [libjvm.so+0xac64b0], sa_mask[0]=11111111011111111101111111111110, sa_flags=SA_RESTART|SA_SIGINFO
SIGBUS: [libjvm.so+0xac64b0], sa_mask[0]=11111111011111111101111111111110, sa_flags=SA_RESTART|SA_SIGINFO
SIGFPE: [libjvm.so+0x91f950], sa_mask[0]=11111111011111111101111111111110, sa_flags=SA_RESTART|SA_SIGINFO
SIGPIPE: SIG_IGN, sa_mask[0]=00000000000000000000000000000000, sa_flags=none
SIGXFSZ: [libjvm.so+0x91f950], sa_mask[0]=11111111011111111101111111111110, sa_flags=SA_RESTART|SA_SIGINFO
SIGILL: [libjvm.so+0x91f950], sa_mask[0]=11111111011111111101111111111110, sa_flags=SA_RESTART|SA_SIGINFO
SIGUSR1: SIG_DFL, sa_mask[0]=00000000000000000000000000000000, sa_flags=none
SIGUSR2: [libjvm.so+0x920f80], sa_mask[0]=00100000000000000000000000000000, sa_flags=SA_RESTART|SA_SIGINFO
SIGHUP: [libjvm.so+0x922380], sa_mask[0]=11111111011111111101111111111110, sa_flags=SA_RESTART|SA_SIGINFO
SIGINT: SIG_IGN, sa_mask[0]=00000000000000000000000000000000, sa_flags=none
SIGTERM: [libjvm.so+0x922380], sa_mask[0]=11111111011111111101111111111110, sa_flags=SA_RESTART|SA_SIGINFO
SIGQUIT: [libjvm.so+0x922380], sa_mask[0]=11111111011111111101111111111110, sa_flags=SA_RESTART|SA_SIGINFO


---------------  S Y S T E M  ---------------

OS:DISTRIB_ID=LinuxMint
DISTRIB_RELEASE=17.3
DISTRIB_CODENAME=rosa
DISTRIB_DESCRIPTION="Linux Mint 17.3 Rosa"

uname:Linux 3.19.0-32-generic #37~14.04.1-Ubuntu SMP Thu Oct 22 09:41:40 UTC 2015 x86_64
libc:glibc 2.19 NPTL 2.19 
rlimit: STACK 8192k, CORE 0k, NPROC 31347, NOFILE 4096, AS infinity
load average:2.01 1.30 1.04

/proc/meminfo:
MemTotal:        8056656 kB
MemFree:         2528900 kB
MemAvailable:    4601248 kB
Buffers:          227432 kB
Cached:          2063728 kB
SwapCached:            0 kB
Active:          3711636 kB
Inactive:        1449156 kB
Active(anon):    2873132 kB
Inactive(anon):   122812 kB
Active(file):     838504 kB
Inactive(file):  1326344 kB
Unevictable:           0 kB
Mlocked:               0 kB
SwapTotal:       3998716 kB
SwapFree:        3998716 kB
Dirty:              3720 kB
Writeback:             0 kB
AnonPages:       2869628 kB
Mapped:           653452 kB
Shmem:            126316 kB
Slab:             185092 kB
SReclaimable:     152868 kB
SUnreclaim:        32224 kB
KernelStack:        9392 kB
PageTables:        36348 kB
NFS_Unstable:          0 kB
Bounce:                0 kB
WritebackTmp:          0 kB
CommitLimit:     8027044 kB
Committed_AS:    6517776 kB
VmallocTotal:   34359738367 kB
VmallocUsed:      321148 kB
VmallocChunk:   34359405052 kB
HardwareCorrupted:     0 kB
AnonHugePages:   1601536 kB
CmaTotal:              0 kB
CmaFree:               0 kB
HugePages_Total:       0
HugePages_Free:        0
HugePages_Rsvd:        0
HugePages_Surp:        0
Hugepagesize:       2048 kB
DirectMap4k:      267700 kB
DirectMap2M:     7018496 kB
DirectMap1G:     1048576 kB


CPU:total 2 (2 cores per cpu, 1 threads per core) family 21 model 19 stepping 1, cmov, cx8, fxsr, mmx, sse, sse2, sse3, ssse3, sse4.1, sse4.2, popcnt, avx, aes, clmul, mmxext, 3dnowpref, lzcnt, sse4a, tsc, tscinvbit, tscinv, bmi1

/proc/cpuinfo:
processor	: 0
vendor_id	: AuthenticAMD
cpu family	: 21
model		: 19
model name	: AMD A4-4000 APU with Radeon(tm) HD Graphics
stepping	: 1
microcode	: 0x6001119
cpu MHz		: 3000.000
cache size	: 1024 KB
physical id	: 0
siblings	: 2
core id		: 0
cpu cores	: 1
apicid		: 16
initial apicid	: 0
fpu		: yes
fpu_exception	: yes
cpuid level	: 13
wp		: yes
flags		: fpu vme de pse tsc msr pae mce cx8 apic sep mtrr pge mca cmov pat pse36 clflush mmx fxsr sse sse2 ht syscall nx mmxext fxsr_opt pdpe1gb rdtscp lm constant_tsc rep_good nopl nonstop_tsc extd_apicid aperfmperf pni pclmulqdq monitor ssse3 fma cx16 sse4_1 sse4_2 popcnt aes xsave avx f16c lahf_lm cmp_legacy svm extapic cr8_legacy abm sse4a misalignsse 3dnowprefetch osvw ibs xop skinit wdt lwp fma4 tce nodeid_msr tbm topoext perfctr_core perfctr_nb arat cpb hw_pstate npt lbrv svm_lock nrip_save tsc_scale vmcb_clean flushbyasid decodeassists pausefilter pfthreshold vmmcall bmi1
bugs		: fxsave_leak
bogomips	: 5989.21
TLB size	: 1536 4K pages
clflush size	: 64
cache_alignment	: 64
address sizes	: 48 bits physical, 48 bits virtual
power management: ts ttp tm 100mhzsteps hwpstate cpb eff_freq_ro

processor	: 1
vendor_id	: AuthenticAMD
cpu family	: 21
model		: 19
model name	: AMD A4-4000 APU with Radeon(tm) HD Graphics    
stepping	: 1
microcode	: 0x6001119
cpu MHz		: 3000.000
cache size	: 1024 KB
physical id	: 0
siblings	: 2
core id		: 1
cpu cores	: 1
apicid		: 17
initial apicid	: 1
fpu		: yes
fpu_exception	: yes
cpuid level	: 13
wp		: yes
flags		: fpu vme de pse tsc msr pae mce cx8 apic sep mtrr pge mca cmov pat pse36 clflush mmx fxsr sse sse2 ht syscall nx mmxext fxsr_opt pdpe1gb rdtscp lm constant_tsc rep_good nopl nonstop_tsc extd_apicid aperfmperf pni pclmulqdq monitor ssse3 fma cx16 sse4_1 sse4_2 popcnt aes xsave avx f16c lahf_lm cmp_legacy svm extapic cr8_legacy abm sse4a misalignsse 3dnowprefetch osvw ibs xop skinit wdt lwp fma4 tce nodeid_msr tbm topoext perfctr_core perfctr_nb arat cpb hw_pstate npt lbrv svm_lock nrip_save tsc_scale vmcb_clean flushbyasid decodeassists pausefilter pfthreshold vmmcall bmi1
bugs		: fxsave_leak
bogomips	: 5989.21
TLB size	: 1536 4K pages
clflush size	: 64
cache_alignment	: 64
address sizes	: 48 bits physical, 48 bits virtual
power management: ts ttp tm 100mhzsteps hwpstate cpb eff_freq_ro



Memory: 4k page, physical 8056656k(2528900k free), swap 3998716k(3998716k free)

vm_info: Java HotSpot(TM) 64-Bit Server VM (25.111-b14) for linux-amd64 JRE (1.8.0_111-b14), built on Sep 22 2016 16:14:03 by "java_re" with gcc 4.3.0 20080428 (Red Hat 4.3.0-8)

time: Tue Dec  6 18:58:00 2016
elapsed time: 15 seconds (0d 0h 0m 15s)

