#
# A fatal error has been detected by the Java Runtime Environment:
#
#  SIGSEGV (0xb) at pc=0x00007f98f06270f1, pid=25848, tid=0x00007f98ee596700
#
# JRE version: Java(TM) SE Runtime Environment (8.0_111-b14) (build 1.8.0_111-b14)
# Java VM: Java HotSpot(TM) 64-Bit Server VM (25.111-b14 mixed mode linux-amd64 compressed oops)
# Problematic frame:
# C  [libfprint.so.0+0xf0f1]  generic_acquire_stop+0x11
#
# Failed to write core dump. Core dumps have been disabled. To enable core dumping, try "ulimit -c unlimited" before starting Java again
#
# If you would like to submit a bug report, please visit:
#   http://bugreport.java.com/bugreport/crash.jsp
# The crash happened outside the Java Virtual Machine in native code.
# See problematic frame for where to report the bug.
#

---------------  T H R E A D  ---------------

Current thread (0x00007f98fc03c000):  JavaThread "Thread-8" daemon [_thread_in_native, id=26275, stack(0x00007f98ee496000,0x00007f98ee597000)]

siginfo: si_signo: 11 (SIGSEGV), si_code: 1 (SEGV_MAPERR), si_addr: 0x0000003b74636622

Registers:
RAX=0x0000003b7463656a, RBX=0x00007f98f4409af0, RCX=0x00007f98f064e3e8, RDX=0x00007f98f064e580
RSP=0x00007f98ee595570, RBP=0x00007f98f086f700, RSI=0x00007f98f064e3f5, RDI=0x00007f98f4409af0
R8 =0x00007f98f064e3e0, R9 =0x00000000000001eb, R10=0x0000000000000006, R11=0x00007f98f8063d28
R12=0x00007f98f41c7870, R13=0x00007f98f3762caf, R14=0x00007f98ee5956a8, R15=0x00007f98fc03c000
RIP=0x00007f98f06270f1, EFLAGS=0x0000000000010246, CSGSFS=0x0000000000000033, ERR=0x0000000000000004
  TRAPNO=0x000000000000000e

Top of Stack: (sp=0x00007f98ee595570)
0x00007f98ee595570:   00007f98f4409af0 00007f98f062717c
0x00007f98ee595580:   00007f98f4409a00 00007f98f0624bb6
0x00007f98ee595590:   00007f98ee5955b0 00007f993ef03b28
0x00007f98ee5955a0:   00007f98ee595610 0000000000000000
0x00007f98ee5955b0:   00007f993ef03b28 00007f98f376341c
0x00007f98ee5955c0:   00007f98ee595698 00007f98ee5956a0
0x00007f98ee5955d0:   00007f98ee5956a8 00007f98fc03c1f8
0x00007f98ee5955e0:   00007f990111c7f0 00007f98f41c8f40
0x00007f98ee5955f0:   00007f98f41c8f48 0000000000000082
0x00007f98ee595600:   00007f98f4409a00 00007f98f41c7870
0x00007f98ee595610:   00007f98ee595678 00007f993ff5f3f4
0x00007f98ee595620:   00007f9940b0e894 0000000000000000
0x00007f98ee595630:   0000000000000000 00007f98ee595638
0x00007f98ee595640:   0000000000000000 00007f98ee5956a8
0x00007f98ee595650:   00007f993ef07328 0000000000000000
0x00007f98ee595660:   00007f993ef03b28 0000000000000000
0x00007f98ee595670:   00007f98ee5956b0 00000000d82a4a40
0x00007f98ee595680:   00007f9940b0ea98 0000000000000000
0x00007f98ee595690:   00007f993ff59536 00000000d87ea2e0
0x00007f98ee5956a0:   00000000d82a49d0 00000000d82a49d0
0x00007f98ee5956b0:   000000010033a3d8 0000000000000007
0x00007f98ee5956c0:   00000000d87ea2e0 00000000d82e8f20
0x00007f98ee5956d0:   00000000d82a4a40 00000014854c6f00
0x00007f98ee5956e0:   00000000d82e8ec8 00000000d82e8ec8
0x00007f98ee5956f0:   0000000000000013 00007f98ee595740
0x00007f98ee595700:   00007f98ee595798 7ffffff700000022
0x00007f98ee595710:   0000000000000001 0000000000000000
0x00007f98ee595720:   0000000000000003 0000000000000000
0x00007f98ee595730:   00007f98ee595798 00007f993ff50302
0x00007f98ee595740:   00000000d82a4a40 00007f993ff50302
0x00007f98ee595750:   00000000d82a4a40 00007f98ee595758
0x00007f98ee595760:   00007f993e87394b 00007f98ee5957a8 

Instructions: (pc=0x00007f98f06270f1)
0x00007f98f06270d1:   89 c7 e9 c8 cd ff ff 0f 1f 84 00 00 00 00 00 53
0x00007f98f06270e1:   48 8b 07 48 89 fb c7 47 14 06 00 00 00 48 8b 00
0x00007f98f06270f1:   48 8b 80 b8 00 00 00 48 85 c0 74 02 ff d0 48 8b
0x00007f98f0627101:   7b 18 e8 18 c4 ff ff 48 8b 7b 20 e8 0f c4 ff ff 

Register to memory mapping:

RAX=0x0000003b7463656a is an unknown value
RBX=0x00007f98f4409af0 is an unknown value
RCX=0x00007f98f064e3e8: <offset 0x363e8> in /usr/local/lib/libfprint.so.0 at 0x00007f98f0618000
RDX=0x00007f98f064e580: <offset 0x36580> in /usr/local/lib/libfprint.so.0 at 0x00007f98f0618000
RSP=0x00007f98ee595570 is pointing into the stack for thread: 0x00007f98fc03c000
RBP=0x00007f98f086f700: <offset 0x257700> in /usr/local/lib/libfprint.so.0 at 0x00007f98f0618000
RSI=0x00007f98f064e3f5: <offset 0x363f5> in /usr/local/lib/libfprint.so.0 at 0x00007f98f0618000
RDI=0x00007f98f4409af0 is an unknown value
R8 =0x00007f98f064e3e0: <offset 0x363e0> in /usr/local/lib/libfprint.so.0 at 0x00007f98f0618000
R9 =0x00000000000001eb is an unknown value
R10=0x0000000000000006 is an unknown value
R11=0x00007f98f8063d28 is an unknown value
R12=0x00007f98f41c7870 is an unknown value
R13=0x00007f98f3762caf: <offset 0x2caf> in /tmp/libfingerprint8046001002101705016.so at 0x00007f98f3760000
R14=0x00007f98ee5956a8 is pointing into the stack for thread: 0x00007f98fc03c000
R15=0x00007f98fc03c000 is a thread


Stack: [0x00007f98ee496000,0x00007f98ee597000],  sp=0x00007f98ee595570,  free space=1021k
Native frames: (J=compiled Java code, j=interpreted, Vv=VM code, C=native code)
C  [libfprint.so.0+0xf0f1]  generic_acquire_stop+0x11

Java frames: (J=compiled Java code, j=interpreted, Vv=VM code)
j  uaz.fingerprint.Reader.nativeStopCapture(Luaz/fingerprint/NativeReaderCallback;Ljava/lang/Object;)I+0
J 3771% C2 uaz.fingerprint.ReaderDispatcher.run()V (668 bytes) @ 0x00007f9940b0ea98 [0x00007f9940b0e0a0+0x9f8]
j  java.lang.Thread.run()V+11
v  ~StubRoutines::call_stub

---------------  P R O C E S S  ---------------

Java Threads: ( => current thread )
  0x00007f98fc030000 JavaThread "Thread-12" daemon [_thread_new, id=26479, stack(0x0000000000000000,0x0000000000000000)]
  0x00007f98f41fb000 JavaThread "Thread-11" [_thread_blocked, id=26474, stack(0x00007f98ed047000,0x00007f98ed148000)]
=>0x00007f98fc03c000 JavaThread "Thread-8" daemon [_thread_in_native, id=26275, stack(0x00007f98ee496000,0x00007f98ee597000)]
  0x00007f98f4472000 JavaThread "Java2D Disposer" daemon [_thread_blocked, id=26096, stack(0x00007f9903040000,0x00007f9903141000)]
  0x00007f98f437b800 JavaThread "Prism Font Disposer" daemon [_thread_blocked, id=25942, stack(0x00007f990142b000,0x00007f990152c000)]
  0x00007f9950296800 JavaThread "JavaFX-Launcher" [_thread_blocked, id=25891, stack(0x00007f9902907000,0x00007f9902a08000)]
  0x00007f9950293000 JavaThread "JavaFX Application Thread" [_thread_in_vm, id=25890, stack(0x00007f9902a0e000,0x00007f9902b0f000)]
  0x00007f995028f000 JavaThread "Thread-1" daemon [_thread_in_native, id=25889, stack(0x00007f9902b0f000,0x00007f9902c10000)]
  0x00007f9950238800 JavaThread "QuantumRenderer-0" daemon [_thread_blocked, id=25888, stack(0x00007f993ce82000,0x00007f993cf83000)]
  0x00007f9950153000 JavaThread "Service Thread" daemon [_thread_blocked, id=25865, stack(0x00007f993d11c000,0x00007f993d21d000)]
  0x00007f995013e800 JavaThread "C1 CompilerThread1" daemon [_thread_blocked, id=25864, stack(0x00007f993d21d000,0x00007f993d31e000)]
  0x00007f995013b800 JavaThread "C2 CompilerThread0" daemon [_thread_blocked, id=25863, stack(0x00007f993d31e000,0x00007f993d41f000)]
  0x00007f995013a000 JavaThread "Signal Dispatcher" daemon [_thread_blocked, id=25862, stack(0x00007f993d41f000,0x00007f993d520000)]
  0x00007f9950107000 JavaThread "Finalizer" daemon [_thread_blocked, id=25859, stack(0x00007f993da5e000,0x00007f993db5f000)]
  0x00007f9950102800 JavaThread "Reference Handler" daemon [_thread_blocked, id=25856, stack(0x00007f993db5f000,0x00007f993dc60000)]
  0x00007f995000a000 JavaThread "main" [_thread_blocked, id=25852, stack(0x00007f9955f8d000,0x00007f995608e000)]

Other Threads:
  0x00007f99500fa800 VMThread [stack: 0x00007f993dc60000,0x00007f993dd61000] [id=25855]
  0x00007f9950156000 WatcherThread [stack: 0x00007f993d01b000,0x00007f993d11c000] [id=25866]

VM state:not at safepoint (normal execution)

VM Mutex/Monitor currently owned by a thread: None

Heap:
 PSYoungGen      total 36864K, used 24647K [0x00000000d7000000, 0x00000000db800000, 0x0000000100000000)
  eden space 31744K, 77% used [0x00000000d7000000,0x00000000d8811dc0,0x00000000d8f00000)
  from space 5120K, 0% used [0x00000000d8f00000,0x00000000d8f00000,0x00000000d9400000)
  to   space 5120K, 0% used [0x00000000db300000,0x00000000db300000,0x00000000db800000)
 ParOldGen       total 61952K, used 11292K [0x0000000085000000, 0x0000000088c80000, 0x00000000d7000000)
  object space 61952K, 18% used [0x0000000085000000,0x0000000085b07088,0x0000000088c80000)
 Metaspace       used 23858K, capacity 25362K, committed 25472K, reserved 1071104K
  class space    used 3330K, capacity 3612K, committed 3712K, reserved 1048576K

Card table byte_map: [0x00007f993f7af000,0x00007f993fb88000] byte_map_base: 0x00007f993f387000

Marking Bits: (ParMarkBitMap*) 0x00007f9955463220
 Begin Bits: [0x00007f9934280000, 0x00007f9936140000)
 End Bits:   [0x00007f9936140000, 0x00007f9938000000)

Polling page: 0x00007f99560b8000

CodeCache: size=245760Kb used=13148Kb max_used=13162Kb free=232611Kb
 bounds [0x00007f993ff48000, 0x00007f9940c38000, 0x00007f994ef48000]
 total_blobs=4762 nmethods=3978 adapters=697
 compilation: enabled

Compilation events (10 events):
Event: 23.238 Thread 0x00007f995013e800 4012       3       javafx.scene.control.SkinBase::snapPosition (20 bytes)
Event: 23.238 Thread 0x00007f995013e800 nmethod 4012 0x00007f9940bd1d50 code [0x00007f9940bd1ec0, 0x00007f9940bd2148]
Event: 23.238 Thread 0x00007f995013e800 4010       1       javafx.scene.control.SkinBase::computeMaxWidth (4 bytes)
Event: 23.238 Thread 0x00007f995013e800 nmethod 4010 0x00007f9940bd1a10 code [0x00007f9940bd1b80, 0x00007f9940bd1c90]
Event: 23.238 Thread 0x00007f995013e800 4011       3       javafx.scene.layout.HBox::shouldFillHeight (26 bytes)
Event: 23.240 Thread 0x00007f995013b800 nmethod 4007 0x00007f9940c20b50 code [0x00007f9940c20cc0, 0x00007f9940c20f38]
Event: 23.240 Thread 0x00007f995013b800 4008       4       com.sun.javafx.css.CssError::setCurrentScene (55 bytes)
Event: 23.241 Thread 0x00007f995013b800 nmethod 4008 0x00007f99400f1190 code [0x00007f99400f12e0, 0x00007f99400f1358]
Event: 23.241 Thread 0x00007f995013b800 4013       4       com.sun.javafx.geom.transform.AffineBase::transform3DBounds (653 bytes)
Event: 23.246 Thread 0x00007f995013e800 nmethod 4011 0x00007f9940c28410 code [0x00007f9940c285e0, 0x00007f9940c28f58]

GC Heap History (8 events):
Event: 1.710 GC heap before
{Heap before GC invocations=1 (full 0):
 PSYoungGen      total 36864K, used 31694K [0x00000000d7000000, 0x00000000d9900000, 0x0000000100000000)
  eden space 31744K, 99% used [0x00000000d7000000,0x00000000d8ef3b80,0x00000000d8f00000)
  from space 5120K, 0% used [0x00000000d9400000,0x00000000d9400000,0x00000000d9900000)
  to   space 5120K, 0% used [0x00000000d8f00000,0x00000000d8f00000,0x00000000d9400000)
 ParOldGen       total 84992K, used 0K [0x0000000085000000, 0x000000008a300000, 0x00000000d7000000)
  object space 84992K, 0% used [0x0000000085000000,0x0000000085000000,0x000000008a300000)
 Metaspace       used 11860K, capacity 12312K, committed 12544K, reserved 1060864K
  class space    used 1589K, capacity 1729K, committed 1792K, reserved 1048576K
Event: 1.722 GC heap after
Heap after GC invocations=1 (full 0):
 PSYoungGen      total 36864K, used 4241K [0x00000000d7000000, 0x00000000d9900000, 0x0000000100000000)
  eden space 31744K, 0% used [0x00000000d7000000,0x00000000d7000000,0x00000000d8f00000)
  from space 5120K, 82% used [0x00000000d8f00000,0x00000000d9324418,0x00000000d9400000)
  to   space 5120K, 0% used [0x00000000d9400000,0x00000000d9400000,0x00000000d9900000)
 ParOldGen       total 84992K, used 72K [0x0000000085000000, 0x000000008a300000, 0x00000000d7000000)
  object space 84992K, 0% used [0x0000000085000000,0x0000000085012010,0x000000008a300000)
 Metaspace       used 11860K, capacity 12312K, committed 12544K, reserved 1060864K
  class space    used 1589K, capacity 1729K, committed 1792K, reserved 1048576K
}
Event: 5.103 GC heap before
{Heap before GC invocations=2 (full 0):
 PSYoungGen      total 36864K, used 35985K [0x00000000d7000000, 0x00000000d9900000, 0x0000000100000000)
  eden space 31744K, 100% used [0x00000000d7000000,0x00000000d8f00000,0x00000000d8f00000)
  from space 5120K, 82% used [0x00000000d8f00000,0x00000000d9324418,0x00000000d9400000)
  to   space 5120K, 0% used [0x00000000d9400000,0x00000000d9400000,0x00000000d9900000)
 ParOldGen       total 84992K, used 72K [0x0000000085000000, 0x000000008a300000, 0x00000000d7000000)
  object space 84992K, 0% used [0x0000000085000000,0x0000000085012010,0x000000008a300000)
 Metaspace       used 19770K, capacity 21142K, committed 21248K, reserved 1067008K
  class space    used 3000K, capacity 3290K, committed 3328K, reserved 1048576K
Event: 5.133 GC heap after
Heap after GC invocations=2 (full 0):
 PSYoungGen      total 36864K, used 5117K [0x00000000d7000000, 0x00000000d9900000, 0x0000000100000000)
  eden space 31744K, 0% used [0x00000000d7000000,0x00000000d7000000,0x00000000d8f00000)
  from space 5120K, 99% used [0x00000000d9400000,0x00000000d98ff790,0x00000000d9900000)
  to   space 5120K, 0% used [0x00000000d8f00000,0x00000000d8f00000,0x00000000d9400000)
 ParOldGen       total 84992K, used 6385K [0x0000000085000000, 0x000000008a300000, 0x00000000d7000000)
  object space 84992K, 7% used [0x0000000085000000,0x000000008563c6d8,0x000000008a300000)
 Metaspace       used 19770K, capacity 21142K, committed 21248K, reserved 1067008K
  class space    used 3000K, capacity 3290K, committed 3328K, reserved 1048576K
}
Event: 5.342 GC heap before
{Heap before GC invocations=3 (full 0):
 PSYoungGen      total 36864K, used 6812K [0x00000000d7000000, 0x00000000d9900000, 0x0000000100000000)
  eden space 31744K, 5% used [0x00000000d7000000,0x00000000d71a78e8,0x00000000d8f00000)
  from space 5120K, 99% used [0x00000000d9400000,0x00000000d98ff790,0x00000000d9900000)
  to   space 5120K, 0% used [0x00000000d8f00000,0x00000000d8f00000,0x00000000d9400000)
 ParOldGen       total 84992K, used 6385K [0x0000000085000000, 0x000000008a300000, 0x00000000d7000000)
  object space 84992K, 7% used [0x0000000085000000,0x000000008563c6d8,0x000000008a300000)
 Metaspace       used 19845K, capacity 21212K, committed 21296K, reserved 1067008K
  class space    used 3006K, capacity 3291K, committed 3328K, reserved 1048576K
Event: 5.361 GC heap after
Heap after GC invocations=3 (full 0):
 PSYoungGen      total 36864K, used 5102K [0x00000000d7000000, 0x00000000db800000, 0x0000000100000000)
  eden space 31744K, 0% used [0x00000000d7000000,0x00000000d7000000,0x00000000d8f00000)
  from space 5120K, 99% used [0x00000000d8f00000,0x00000000d93fbb68,0x00000000d9400000)
  to   space 5120K, 0% used [0x00000000db300000,0x00000000db300000,0x00000000db800000)
 ParOldGen       total 84992K, used 6481K [0x0000000085000000, 0x000000008a300000, 0x00000000d7000000)
  object space 84992K, 7% used [0x0000000085000000,0x00000000856546d8,0x000000008a300000)
 Metaspace       used 19845K, capacity 21212K, committed 21296K, reserved 1067008K
  class space    used 3006K, capacity 3291K, committed 3328K, reserved 1048576K
}
Event: 5.361 GC heap before
{Heap before GC invocations=4 (full 1):
 PSYoungGen      total 36864K, used 5102K [0x00000000d7000000, 0x00000000db800000, 0x0000000100000000)
  eden space 31744K, 0% used [0x00000000d7000000,0x00000000d7000000,0x00000000d8f00000)
  from space 5120K, 99% used [0x00000000d8f00000,0x00000000d93fbb68,0x00000000d9400000)
  to   space 5120K, 0% used [0x00000000db300000,0x00000000db300000,0x00000000db800000)
 ParOldGen       total 84992K, used 6481K [0x0000000085000000, 0x000000008a300000, 0x00000000d7000000)
  object space 84992K, 7% used [0x0000000085000000,0x00000000856546d8,0x000000008a300000)
 Metaspace       used 19845K, capacity 21212K, committed 21296K, reserved 1067008K
  class space    used 3006K, capacity 3291K, committed 3328K, reserved 1048576K
Event: 5.453 GC heap after
Heap after GC invocations=4 (full 1):
 PSYoungGen      total 36864K, used 0K [0x00000000d7000000, 0x00000000db800000, 0x0000000100000000)
  eden space 31744K, 0% used [0x00000000d7000000,0x00000000d7000000,0x00000000d8f00000)
  from space 5120K, 0% used [0x00000000d8f00000,0x00000000d8f00000,0x00000000d9400000)
  to   space 5120K, 0% used [0x00000000db300000,0x00000000db300000,0x00000000db800000)
 ParOldGen       total 61952K, used 11292K [0x0000000085000000, 0x0000000088c80000, 0x00000000d7000000)
  object space 61952K, 18% used [0x0000000085000000,0x0000000085b07088,0x0000000088c80000)
 Metaspace       used 19845K, capacity 21212K, committed 21296K, reserved 1067008K
  class space    used 3006K, capacity 3291K, committed 3328K, reserved 1048576K
}

Deoptimization events (10 events):
Event: 13.179 Thread 0x00007f98f8066800 Uncommon trap: reason=unstable_if action=reinterpret pc=0x00007f99407cbb54 method=uaz.fingerprint.ReaderDispatcher.run()V @ 652
Event: 13.179 Thread 0x00007f98f8066800 Uncommon trap: reason=unstable_if action=reinterpret pc=0x00007f9940708514 method=java.util.PriorityQueue.poll()Ljava/lang/Object; @ 4
Event: 13.443 Thread 0x00007f9950238800 Uncommon trap: reason=unstable_if action=reinterpret pc=0x00007f99409d84e4 method=java.lang.Math.round(F)I @ 36
Event: 13.456 Thread 0x00007f9950238800 Uncommon trap: reason=unstable_if action=reinterpret pc=0x00007f994098e72c method=com.sun.javafx.geom.transform.AffineBase.updateState2D()V @ 33
Event: 13.465 Thread 0x00007f9950238800 Uncommon trap: reason=unstable_if action=reinterpret pc=0x00007f9940a0bebc method=com.sun.prism.es2.GLContext.updateViewportAndDepthTest(IIIIZ)V @ 30
Event: 13.467 Thread 0x00007f9950238800 Uncommon trap: reason=unstable_if action=reinterpret pc=0x00007f9940a13190 method=com.sun.prism.es2.GLContext.updateViewportAndDepthTest(IIIIZ)V @ 30
Event: 13.495 Thread 0x00007f9950238800 Uncommon trap: reason=unstable_if action=reinterpret pc=0x00007f9940980eb4 method=com.sun.javafx.geom.transform.AffineBase.updateState2D()V @ 33
Event: 13.520 Thread 0x00007f9950238800 Uncommon trap: reason=unstable_if action=reinterpret pc=0x00007f99409b1ff0 method=com.sun.openpisces.Renderer.produceAlphas(Lcom/sun/openpisces/AlphaConsumer;)V @ 47
Event: 16.000 Thread 0x00007f98fc03c000 Uncommon trap: reason=unstable_if action=reinterpret pc=0x00007f994068aeb4 method=java.util.PriorityQueue.poll()Ljava/lang/Object; @ 4
Event: 17.755 Thread 0x00007f9950293000 Uncommon trap: reason=unstable_if action=reinterpret pc=0x00007f9940afaebc method=com.sun.javafx.css.StyleManager$CacheContainer.getStyleCache()Ljava/util/Map; @ 4

Internal exceptions (10 events):
Event: 1.696 Thread 0x00007f9950293000 Exception <a 'java/lang/ArrayIndexOutOfBoundsException': 58> (0x00000000d8d93148) thrown at [/HUDSON3/workspace/8-2-build-linux-amd64/jdk8u111/7883/hotspot/src/share/vm/interpreter/interpreterRuntime.cpp, line 366]
Event: 2.163 Thread 0x00007f9950293000 Implicit null exception at 0x00007f99401bf5f5 to 0x00007f99401bf7d9
Event: 2.163 Thread 0x00007f9950293000 Implicit null exception at 0x00007f99402c4758 to 0x00007f99402c47e6
Event: 2.727 Thread 0x00007f9950293000 Implicit null exception at 0x00007f994040ec90 to 0x00007f994040f195
Event: 5.325 Thread 0x00007f98f41fd000 Implicit null exception at 0x00007f99406474fc to 0x00007f99406475c1
Event: 6.445 Thread 0x00007f9950293000 Implicit null exception at 0x00007f9940623407 to 0x00007f9940623459
Event: 8.509 Thread 0x00007f9950293000 Exception <a 'java/io/FileNotFoundException'> (0x00000000d7369aa0) thrown at [/HUDSON3/workspace/8-2-build-linux-amd64/jdk8u111/7883/hotspot/src/share/vm/prims/jni.cpp, line 709]
Event: 8.509 Thread 0x00007f9950293000 Exception <a 'java/io/FileNotFoundException'> (0x00000000d736a550) thrown at [/HUDSON3/workspace/8-2-build-linux-amd64/jdk8u111/7883/hotspot/src/share/vm/prims/jni.cpp, line 709]
Event: 8.611 Thread 0x00007f98f4475800 Implicit null exception at 0x00007f99401e4ab5 to 0x00007f99401e4e2d
Event: 17.755 Thread 0x00007f9950293000 Implicit null exception at 0x00007f9940af30d7 to 0x00007f9940afaead

Events (10 events):
Event: 21.798 Thread 0x00007f9950238800 DEOPT UNPACKING pc=0x00007f993ff8f233 sp=0x00007f993cf7dca0 mode 0
Event: 21.913 Thread 0x00007f9950238800 DEOPT PACKING pc=0x00007f9940ab417d sp=0x00007f993cf7e6b0
Event: 21.913 Thread 0x00007f9950238800 DEOPT UNPACKING pc=0x00007f993ff8f233 sp=0x00007f993cf7e420 mode 0
Event: 22.308 Executing VM operation: RevokeBias
Event: 22.308 Executing VM operation: RevokeBias done
Event: 22.309 Thread 0x00007f98f41f5800 Thread exited: 0x00007f98f41f5800
Event: 22.309 Executing VM operation: RevokeBias
Event: 22.309 Executing VM operation: RevokeBias done
Event: 22.309 Thread 0x00007f98f41fb000 Thread exited: 0x00007f98f41fb000
Event: 23.215 Thread 0x00007f98f41fb000 Thread added: 0x00007f98f41fb000


Dynamic libraries:
00400000-00401000 r-xp 00000000 08:06 10486455                           /usr/lib/jvm/jdk1.8.0_111/jre/bin/java
00600000-00601000 rw-p 00000000 08:06 10486455                           /usr/lib/jvm/jdk1.8.0_111/jre/bin/java
0079c000-007bd000 rw-p 00000000 00:00 0                                  [heap]
40a10000-40a12000 r-xs 00000000 08:06 131109                             /tmp/.glHvZI4f (deleted)
4178f000-4182e000 rw-p 00000000 00:00 0 
85000000-88c80000 rw-p 00000000 00:00 0 
88c80000-d7000000 ---p 00000000 00:00 0 
d7000000-db800000 rw-p 00000000 00:00 0 
db800000-100000000 ---p 00000000 00:00 0 
100000000-1003a0000 rw-p 00000000 00:00 0 
1003a0000-140000000 ---p 00000000 00:00 0 
7f98ebc2d000-7f98ec02d000 rw-s 1efdad000 00:06 12147                     /dev/nvidiactl
7f98ec031000-7f98ecc30000 rw-p 00000000 00:00 0 
7f98ecc30000-7f98ecc46000 r-xp 00000000 08:06 10486180                   /usr/lib/jvm/jdk1.8.0_111/jre/lib/amd64/libnet.so
7f98ecc46000-7f98ece46000 ---p 00016000 08:06 10486180                   /usr/lib/jvm/jdk1.8.0_111/jre/lib/amd64/libnet.so
7f98ece46000-7f98ece47000 rw-p 00016000 08:06 10486180                   /usr/lib/jvm/jdk1.8.0_111/jre/lib/amd64/libnet.so
7f98ece47000-7f98ecf87000 rw-p 00000000 00:00 0 
7f98ecf87000-7f98ed047000 ---p 00000000 00:00 0 
7f98ed047000-7f98ed04a000 ---p 00000000 00:00 0 
7f98ed04a000-7f98ed148000 rw-p 00000000 00:00 0                          [stack:26474]
7f98ed148000-7f98ed1ad000 r-xp 00000000 08:06 10486199                   /usr/lib/jvm/jdk1.8.0_111/jre/lib/amd64/libfontmanager.so
7f98ed1ad000-7f98ed3ac000 ---p 00065000 08:06 10486199                   /usr/lib/jvm/jdk1.8.0_111/jre/lib/amd64/libfontmanager.so
7f98ed3ac000-7f98ed3b1000 rw-p 00064000 08:06 10486199                   /usr/lib/jvm/jdk1.8.0_111/jre/lib/amd64/libfontmanager.so
7f98ed3b1000-7f98ed3c1000 rw-p 00000000 00:00 0 
7f98ed3c8000-7f98ed41c000 r-xp 00000000 08:06 10486207                   /usr/lib/jvm/jdk1.8.0_111/jre/lib/amd64/libawt_xawt.so
7f98ed41c000-7f98ed61c000 ---p 00054000 08:06 10486207                   /usr/lib/jvm/jdk1.8.0_111/jre/lib/amd64/libawt_xawt.so
7f98ed61c000-7f98ed620000 rw-p 00054000 08:06 10486207                   /usr/lib/jvm/jdk1.8.0_111/jre/lib/amd64/libawt_xawt.so
7f98ed620000-7f98ed621000 rw-p 00000000 00:00 0 
7f98ed628000-7f98ed6ca000 r-xp 00000000 08:06 10486240                   /usr/lib/jvm/jdk1.8.0_111/jre/lib/amd64/libawt.so
7f98ed6ca000-7f98ed8ca000 ---p 000a2000 08:06 10486240                   /usr/lib/jvm/jdk1.8.0_111/jre/lib/amd64/libawt.so
7f98ed8ca000-7f98ed8d6000 rw-p 000a2000 08:06 10486240                   /usr/lib/jvm/jdk1.8.0_111/jre/lib/amd64/libawt.so
7f98ed8d6000-7f98ed8fa000 rw-p 00000000 00:00 0 
7f98ed900000-7f98edb00000 rw-p 00000000 00:00 0 
7f98edb00000-7f98edc00000 rw-s 00000000 00:05 77398047                   /SYSV00000000 (deleted)
7f98edc01000-7f98edd01000 rw-s 154771000 00:06 12147                     /dev/nvidiactl
7f98edd08000-7f98edd83000 r-xp 00000000 08:06 794106                     /usr/lib/x86_64-linux-gnu/nss/libfreebl3.so
7f98edd83000-7f98edf82000 ---p 0007b000 08:06 794106                     /usr/lib/x86_64-linux-gnu/nss/libfreebl3.so
7f98edf82000-7f98edf84000 r--p 0007a000 08:06 794106                     /usr/lib/x86_64-linux-gnu/nss/libfreebl3.so
7f98edf84000-7f98edf85000 rw-p 0007c000 08:06 794106                     /usr/lib/x86_64-linux-gnu/nss/libfreebl3.so
7f98edf85000-7f98edf89000 rw-p 00000000 00:00 0 
7f98edf90000-7f98ee044000 r-xp 00000000 08:06 271632                     /usr/lib/x86_64-linux-gnu/libsqlite3.so.0.8.6
7f98ee044000-7f98ee244000 ---p 000b4000 08:06 271632                     /usr/lib/x86_64-linux-gnu/libsqlite3.so.0.8.6
7f98ee244000-7f98ee246000 r--p 000b4000 08:06 271632                     /usr/lib/x86_64-linux-gnu/libsqlite3.so.0.8.6
7f98ee246000-7f98ee248000 rw-p 000b6000 08:06 271632                     /usr/lib/x86_64-linux-gnu/libsqlite3.so.0.8.6
7f98ee248000-7f98ee249000 rw-p 00000000 00:00 0 
7f98ee250000-7f98ee291000 r-xp 00000000 08:06 794105                     /usr/lib/x86_64-linux-gnu/nss/libsoftokn3.so
7f98ee291000-7f98ee490000 ---p 00041000 08:06 794105                     /usr/lib/x86_64-linux-gnu/nss/libsoftokn3.so
7f98ee490000-7f98ee491000 r--p 00040000 08:06 794105                     /usr/lib/x86_64-linux-gnu/nss/libsoftokn3.so
7f98ee491000-7f98ee492000 rw-p 00041000 08:06 794105                     /usr/lib/x86_64-linux-gnu/nss/libsoftokn3.so
7f98ee496000-7f98ee499000 ---p 00000000 00:00 0 
7f98ee499000-7f98ee597000 rw-p 00000000 00:00 0                          [stack:26275]
7f98ee597000-7f98ee598000 ---p 00000000 00:00 0 
7f98ee598000-7f98eed98000 rw-p 00000000 00:00 0                          [stack:26019]
7f98eed98000-7f98eeddc000 r-xp 00000000 08:06 11276542                   /lib/x86_64-linux-gnu/libdbus-1.so.3.7.6
7f98eeddc000-7f98eefdb000 ---p 00044000 08:06 11276542                   /lib/x86_64-linux-gnu/libdbus-1.so.3.7.6
7f98eefdb000-7f98eefdc000 r--p 00043000 08:06 11276542                   /lib/x86_64-linux-gnu/libdbus-1.so.3.7.6
7f98eefdc000-7f98eefdd000 rw-p 00044000 08:06 11276542                   /lib/x86_64-linux-gnu/libdbus-1.so.3.7.6
7f98eefe0000-7f98eefe8000 r-xp 00000000 08:06 11276591                   /lib/x86_64-linux-gnu/libnih-dbus.so.1.0.0
7f98eefe8000-7f98ef1e8000 ---p 00008000 08:06 11276591                   /lib/x86_64-linux-gnu/libnih-dbus.so.1.0.0
7f98ef1e8000-7f98ef1e9000 r--p 00008000 08:06 11276591                   /lib/x86_64-linux-gnu/libnih-dbus.so.1.0.0
7f98ef1e9000-7f98ef1ea000 rw-p 00009000 08:06 11276591                   /lib/x86_64-linux-gnu/libnih-dbus.so.1.0.0
7f98ef1f0000-7f98ef207000 r-xp 00000000 08:06 11276593                   /lib/x86_64-linux-gnu/libnih.so.1.0.0
7f98ef207000-7f98ef406000 ---p 00017000 08:06 11276593                   /lib/x86_64-linux-gnu/libnih.so.1.0.0
7f98ef406000-7f98ef407000 r--p 00016000 08:06 11276593                   /lib/x86_64-linux-gnu/libnih.so.1.0.0
7f98ef407000-7f98ef408000 rw-p 00017000 08:06 11276593                   /lib/x86_64-linux-gnu/libnih.so.1.0.0
7f98ef408000-7f98ef421000 r-xp 00000000 08:06 11276533                   /lib/x86_64-linux-gnu/libcgmanager.so.0.0.0
7f98ef421000-7f98ef620000 ---p 00019000 08:06 11276533                   /lib/x86_64-linux-gnu/libcgmanager.so.0.0.0
7f98ef620000-7f98ef622000 r--p 00018000 08:06 11276533                   /lib/x86_64-linux-gnu/libcgmanager.so.0.0.0
7f98ef622000-7f98ef623000 rw-p 0001a000 08:06 11276533                   /lib/x86_64-linux-gnu/libcgmanager.so.0.0.0
7f98ef628000-7f98ef661000 r-xp 00000000 08:06 268901                     /usr/lib/x86_64-linux-gnu/libnspr4.so
7f98ef661000-7f98ef860000 ---p 00039000 08:06 268901                     /usr/lib/x86_64-linux-gnu/libnspr4.so
7f98ef860000-7f98ef861000 r--p 00038000 08:06 268901                     /usr/lib/x86_64-linux-gnu/libnspr4.so
7f98ef861000-7f98ef862000 rw-p 00039000 08:06 268901                     /usr/lib/x86_64-linux-gnu/libnspr4.so
7f98ef862000-7f98ef865000 rw-p 00000000 00:00 0 
7f98ef868000-7f98ef86b000 r-xp 00000000 08:06 268900                     /usr/lib/x86_64-linux-gnu/libplds4.so
7f98ef86b000-7f98efa6a000 ---p 00003000 08:06 268900                     /usr/lib/x86_64-linux-gnu/libplds4.so
7f98efa6a000-7f98efa6b000 r--p 00002000 08:06 268900                     /usr/lib/x86_64-linux-gnu/libplds4.so
7f98efa6b000-7f98efa6c000 rw-p 00003000 08:06 268900                     /usr/lib/x86_64-linux-gnu/libplds4.so
7f98efa70000-7f98efa74000 r-xp 00000000 08:06 268861                     /usr/lib/x86_64-linux-gnu/libplc4.so
7f98efa74000-7f98efc73000 ---p 00004000 08:06 268861                     /usr/lib/x86_64-linux-gnu/libplc4.so
7f98efc73000-7f98efc74000 r--p 00003000 08:06 268861                     /usr/lib/x86_64-linux-gnu/libplc4.so
7f98efc74000-7f98efc75000 rw-p 00004000 08:06 268861                     /usr/lib/x86_64-linux-gnu/libplc4.so
7f98efc78000-7f98efc9d000 r-xp 00000000 08:06 268074                     /usr/lib/x86_64-linux-gnu/libnssutil3.so
7f98efc9d000-7f98efe9d000 ---p 00025000 08:06 268074                     /usr/lib/x86_64-linux-gnu/libnssutil3.so
7f98efe9d000-7f98efea3000 r--p 00025000 08:06 268074                     /usr/lib/x86_64-linux-gnu/libnssutil3.so
7f98efea3000-7f98efea4000 rw-p 0002b000 08:06 268074                     /usr/lib/x86_64-linux-gnu/libnssutil3.so
7f98efea8000-7f98efeb8000 r-xp 00000000 08:06 11276675                   /lib/x86_64-linux-gnu/libudev.so.1.3.5
7f98efeb8000-7f98f00b7000 ---p 00010000 08:06 11276675                   /lib/x86_64-linux-gnu/libudev.so.1.3.5
7f98f00b7000-7f98f00b8000 r--p 0000f000 08:06 11276675                   /lib/x86_64-linux-gnu/libudev.so.1.3.5
7f98f00b8000-7f98f00b9000 rw-p 00010000 08:06 11276675                   /lib/x86_64-linux-gnu/libudev.so.1.3.5
7f98f00c0000-7f98f01f5000 r-xp 00000000 08:06 268076                     /usr/lib/x86_64-linux-gnu/libnss3.so
7f98f01f5000-7f98f03f4000 ---p 00135000 08:06 268076                     /usr/lib/x86_64-linux-gnu/libnss3.so
7f98f03f4000-7f98f03f9000 r--p 00134000 08:06 268076                     /usr/lib/x86_64-linux-gnu/libnss3.so
7f98f03f9000-7f98f03fb000 rw-p 00139000 08:06 268076                     /usr/lib/x86_64-linux-gnu/libnss3.so
7f98f03fb000-7f98f03fc000 rw-p 00000000 00:00 0 
7f98f0400000-7f98f0415000 r-xp 00000000 08:06 11276681                   /lib/x86_64-linux-gnu/libusb-1.0.so.0.1.0
7f98f0415000-7f98f0615000 ---p 00015000 08:06 11276681                   /lib/x86_64-linux-gnu/libusb-1.0.so.0.1.0
7f98f0615000-7f98f0616000 r--p 00015000 08:06 11276681                   /lib/x86_64-linux-gnu/libusb-1.0.so.0.1.0
7f98f0616000-7f98f0617000 rw-p 00016000 08:06 11276681                   /lib/x86_64-linux-gnu/libusb-1.0.so.0.1.0
7f98f0618000-7f98f066f000 r-xp 00000000 08:06 787714                     /usr/local/lib/libfprint.so.0.0.0
7f98f066f000-7f98f086e000 ---p 00057000 08:06 787714                     /usr/local/lib/libfprint.so.0.0.0
7f98f086e000-7f98f086f000 r--p 00056000 08:06 787714                     /usr/local/lib/libfprint.so.0.0.0
7f98f086f000-7f98f0880000 rw-p 00057000 08:06 787714                     /usr/local/lib/libfprint.so.0.0.0
7f98f0880000-7f98f3731000 rw-p 00000000 00:00 0 
7f98f3760000-7f98f3765000 r-xp 00000000 08:06 131112                     /tmp/libfingerprint8046001002101705016.so
7f98f3765000-7f98f3964000 ---p 00005000 08:06 131112                     /tmp/libfingerprint8046001002101705016.so
7f98f3964000-7f98f3965000 r--p 00004000 08:06 131112                     /tmp/libfingerprint8046001002101705016.so
7f98f3965000-7f98f3966000 rw-p 00005000 08:06 131112                     /tmp/libfingerprint8046001002101705016.so
7f98f3967000-7f98f3d67000 rw-s 52177000 00:06 12147                      /dev/nvidiactl
7f98f3eff000-7f98f3f02000 ---p 00000000 00:00 0 
7f98f3f02000-7f98f4000000 rw-p 00000000 00:00 0                          [stack:26479]
7f98f4000000-7f98f4616000 rw-p 00000000 00:00 0 
7f98f4616000-7f98f8000000 ---p 00000000 00:00 0 
7f98f8000000-7f98f8083000 rw-p 00000000 00:00 0 
7f98f8083000-7f98fc000000 ---p 00000000 00:00 0 
7f98fc000000-7f98fc180000 rw-p 00000000 00:00 0 
7f98fc180000-7f9900000000 ---p 00000000 00:00 0 
7f9900008000-7f990000e000 r--p 00000000 08:06 1314243                    /usr/share/locale-langpack/es/LC_MESSAGES/gdk-pixbuf.mo
7f990000f000-7f9900013000 r--s 00097000 08:06 10486124                   /usr/lib/jvm/jdk1.8.0_111/jre/lib/jsse.jar
7f9900013000-7f9900213000 rw-s 6f5d3000 00:06 12147                      /dev/nvidiactl
7f9900217000-7f9900417000 rw-s 5225f000 00:06 12147                      /dev/nvidiactl
7f990041a000-7f9900eb0000 rw-p 00000000 00:00 0 
7f9900eb0000-7f9900f5a000 r--p 00000000 08:06 1445411                    /usr/share/fonts/truetype/dejavu/DejaVuSans-Bold.ttf
7f9900f5d000-7f9900f70000 r--s 00345000 08:06 10486404                   /usr/lib/jvm/jdk1.8.0_111/jre/lib/resources.jar
7f9900f70000-7f9901170000 rw-p 00000000 00:00 0 
7f9901170000-7f9901370000 rw-p 00000000 00:00 0 
7f9901370000-7f9901426000 r--p 00000000 08:06 1445415                    /usr/share/fonts/truetype/dejavu/DejaVuSans.ttf
7f990142b000-7f990142e000 ---p 00000000 00:00 0 
7f990142e000-7f990152c000 rw-p 00000000 00:00 0                          [stack:25942]
7f990152c000-7f9901531000 r--s 00084000 08:06 10486279                   /usr/lib/jvm/jdk1.8.0_111/jre/lib/jfr.jar
7f9901538000-7f9901567000 r-xp 00000000 08:06 788682                     /usr/lib/x86_64-linux-gnu/gtk-2.0/2.10.0/engines/libmurrine.so
7f9901567000-7f9901767000 ---p 0002f000 08:06 788682                     /usr/lib/x86_64-linux-gnu/gtk-2.0/2.10.0/engines/libmurrine.so
7f9901767000-7f9901768000 r--p 0002f000 08:06 788682                     /usr/lib/x86_64-linux-gnu/gtk-2.0/2.10.0/engines/libmurrine.so
7f9901768000-7f9901769000 rw-p 00030000 08:06 788682                     /usr/lib/x86_64-linux-gnu/gtk-2.0/2.10.0/engines/libmurrine.so
7f9901770000-7f9901779000 r-xp 00000000 08:06 787773                     /usr/lib/x86_64-linux-gnu/gtk-2.0/2.10.0/engines/libpixmap.so
7f9901779000-7f9901979000 ---p 00009000 08:06 787773                     /usr/lib/x86_64-linux-gnu/gtk-2.0/2.10.0/engines/libpixmap.so
7f9901979000-7f990197a000 r--p 00009000 08:06 787773                     /usr/lib/x86_64-linux-gnu/gtk-2.0/2.10.0/engines/libpixmap.so
7f990197a000-7f990197b000 rw-p 0000a000 08:06 787773                     /usr/lib/x86_64-linux-gnu/gtk-2.0/2.10.0/engines/libpixmap.so
7f9901980000-7f9901b80000 rw-p 00000000 00:00 0 
7f9901b80000-7f9901d80000 rw-p 00000000 00:00 0 
7f9901d80000-7f9901e2b000 r--p 00000000 08:06 10486268                   /usr/lib/jvm/jdk1.8.0_111/jre/lib/fonts/LucidaSansRegular.ttf
7f9901e30000-7f9901e6a000 r--p 00000000 08:06 10486270                   /usr/lib/jvm/jdk1.8.0_111/jre/lib/fonts/LucidaTypewriterBold.ttf
7f9901e70000-7f9901e83000 r--p 00000000 08:06 10486276                   /usr/lib/jvm/jdk1.8.0_111/jre/lib/fonts/LucidaBrightDemiItalic.ttf
7f9901e88000-7f9901ed6000 r--p 00000000 08:06 10486275                   /usr/lib/jvm/jdk1.8.0_111/jre/lib/fonts/LucidaSansDemiBold.ttf
7f9901ed8000-7f9901f14000 r--p 00000000 08:06 10486274                   /usr/lib/jvm/jdk1.8.0_111/jre/lib/fonts/LucidaTypewriterRegular.ttf
7f9901f18000-7f9901f6d000 r--p 00000000 08:06 10486271                   /usr/lib/jvm/jdk1.8.0_111/jre/lib/fonts/LucidaBrightRegular.ttf
7f9901f70000-7f9901f84000 r--p 00000000 08:06 10486272                   /usr/lib/jvm/jdk1.8.0_111/jre/lib/fonts/LucidaBrightItalic.ttf
7f9901f88000-7f9901f9b000 r--p 00000000 08:06 10486269                   /usr/lib/jvm/jdk1.8.0_111/jre/lib/fonts/LucidaBrightDemiBold.ttf
7f9901fa0000-7f9901fa4000 r-xp 00000000 08:06 10486217                   /usr/lib/jvm/jdk1.8.0_111/jre/lib/amd64/libjavafx_font_pango.so
7f9901fa4000-7f99021a3000 ---p 00004000 08:06 10486217                   /usr/lib/jvm/jdk1.8.0_111/jre/lib/amd64/libjavafx_font_pango.so
7f99021a3000-7f99021a4000 rw-p 00003000 08:06 10486217                   /usr/lib/jvm/jdk1.8.0_111/jre/lib/amd64/libjavafx_font_pango.so
7f99021a8000-7f99021a9000 r--s 00000000 08:06 3801416                    /var/cache/fontconfig/c05880de57d1f5e948fdfacc138775d9-le64.cache-4
7f99021b0000-7f99021bb000 r--s 00000000 08:06 3801409                    /var/cache/fontconfig/945677eb7aeaf62f1d50efc3fb3ec7d8-le64.cache-4
7f99021c0000-7f99021c2000 r--s 00000000 08:06 3801411                    /var/cache/fontconfig/99e8ed0e538f840c565b6ed5dad60d56-le64.cache-4
7f99021c8000-7f99021ce000 r--s 00000000 08:06 3801393                    /var/cache/fontconfig/2cd17615ca594fa2959ae173292e504c-le64.cache-4
7f99021d0000-7f99021d1000 r--s 00000000 08:06 3801427                    /var/cache/fontconfig/e7071f4a29fa870f4323321c154eba04-le64.cache-4
7f99021d8000-7f99021d9000 r--s 00000000 08:06 3801390                    /var/cache/fontconfig/0d8c3b2ac0904cb8a57a757ad11a4a08-le64.cache-4
7f99021e0000-7f99021e7000 r--s 00000000 08:06 3801413                    /var/cache/fontconfig/a755afe4a08bf5b97852ceb7400b47bc-le64.cache-4
7f99021e8000-7f99021f4000 r--s 00000000 08:06 3801404                    /var/cache/fontconfig/6d41288fd70b0be22e8c3a91e032eec0-le64.cache-4
7f99021f8000-7f990220c000 r--s 00000000 08:06 3801387                    /var/cache/fontconfig/04aabc0a78ac019cf9454389977116d2-le64.cache-4
7f9902210000-7f9902211000 r--s 00000000 08:06 3801392                    /var/cache/fontconfig/1ac9eb803944fde146138c791f5cc56a-le64.cache-4
7f9902218000-7f990221c000 r--s 00000000 08:06 3801396                    /var/cache/fontconfig/385c0604a188198f04d133e54aba7fe7-le64.cache-4
7f9902220000-7f9902221000 r--s 00000000 08:06 3801424                    /var/cache/fontconfig/dc05db6664285cc2f12bf69c139ae4c3-le64.cache-4
7f9902228000-7f990222a000 r--s 00000000 08:06 3801406                    /var/cache/fontconfig/767a8244fc0220cfb567a839d0392e0b-le64.cache-4
7f9902230000-7f9902231000 r--s 00000000 08:06 3801398                    /var/cache/fontconfig/4794a0821666d79190d59a36cb4f44b5-le64.cache-4
7f9902238000-7f990224a000 r--s 00000000 08:06 3801388                    /var/cache/fontconfig/0bd3dc0958fa2205aaaa8ebb13e2872b-le64.cache-4
7f9902250000-7f9902255000 r--s 00000000 08:06 3801408                    /var/cache/fontconfig/8801497958630a81b71ace7c5f9b32a8-le64.cache-4
7f9902258000-7f990225e000 r--s 00000000 08:06 3816246                    /var/cache/fontconfig/ca37dee8d6057f2a069c1b3d05990269-le64.cache-4
7f9902260000-7f9902264000 r--s 00000000 08:06 3815067                    /var/cache/fontconfig/c57959a16110560c8d0fcea73374aeeb-le64.cache-4
7f9902268000-7f990226f000 r--s 00000000 08:06 3801394                    /var/cache/fontconfig/3047814df9a2f067bd2d96a2b9c36e5a-le64.cache-4
7f9902270000-7f9902271000 r--s 00000000 08:06 3801400                    /var/cache/fontconfig/56cf4f4769d0f4abc89a4895d7bd3ae1-le64.cache-4
7f9902278000-7f9902279000 r--s 00000000 08:06 3801415                    /var/cache/fontconfig/b9d506c9ac06c20b433354fa67a72993-le64.cache-4
7f9902280000-7f9902286000 r--s 00000000 08:06 3801414                    /var/cache/fontconfig/b47c4e1ecd0709278f4910c18777a504-le64.cache-4
7f9902288000-7f990229b000 r--s 00000000 08:06 3801421                    /var/cache/fontconfig/d52a8644073d54c13679302ca1180695-le64.cache-4
7f99022a0000-7f99022a9000 r--s 00000000 08:06 3801397                    /var/cache/fontconfig/3f7329c5293ffd510edef78f73874cfd-le64.cache-4
7f99022b0000-7f99022bb000 r--s 00000000 08:06 3801422                    /var/cache/fontconfig/d589a48862398ed80a3d6066f4f56f4c-le64.cache-4
7f99022c0000-7f99022c9000 r--s 00000000 08:06 3801419                    /var/cache/fontconfig/d0972c3d32f097851eb916381fc38920-le64.cache-4
7f99022d0000-7f99022d3000 r--s 00000000 08:06 3812658                    /var/cache/fontconfig/e13b20fdb08344e0e664864cc2ede53d-le64.cache-4
7f99022d8000-7f99022dc000 r--s 00000000 08:06 3816245                    /var/cache/fontconfig/7ef2298fde41cc6eeb7af42e48b7d293-le64.cache-4
7f99022e0000-7f99022e5000 r-xp 00000000 08:06 10486213                   /usr/lib/jvm/jdk1.8.0_111/jre/lib/amd64/libjavafx_font_freetype.so
7f99022e5000-7f99024e4000 ---p 00005000 08:06 10486213                   /usr/lib/jvm/jdk1.8.0_111/jre/lib/amd64/libjavafx_font_freetype.so
7f99024e4000-7f99024e5000 rw-p 00004000 08:06 10486213                   /usr/lib/jvm/jdk1.8.0_111/jre/lib/amd64/libjavafx_font_freetype.so
7f99024e8000-7f99024eb000 r-xp 00000000 08:06 10486175                   /usr/lib/jvm/jdk1.8.0_111/jre/lib/amd64/libjavafx_font.so
7f99024eb000-7f99026ea000 ---p 00003000 08:06 10486175                   /usr/lib/jvm/jdk1.8.0_111/jre/lib/amd64/libjavafx_font.so
7f99026ea000-7f99026eb000 rw-p 00002000 08:06 10486175                   /usr/lib/jvm/jdk1.8.0_111/jre/lib/amd64/libjavafx_font.so
7f99026f0000-7f99028f0000 rw-p 00000000 00:00 0 
7f99028f0000-7f99028f4000 r--s 00060000 08:06 10619923                   /home/xmbeat/NetBeansProjects/FingerprintLogin/dist/run76774726/lib/webcam-capture-0.3.10.jar
7f99028f5000-7f99028f7000 r--s 00005000 08:06 10619922                   /home/xmbeat/NetBeansProjects/FingerprintLogin/dist/run76774726/lib/slf4j-api-1.7.2.jar
7f99028fa000-7f99028fd000 r--s 0003a000 08:06 10619921                   /home/xmbeat/NetBeansProjects/FingerprintLogin/dist/run76774726/lib/mysql-connector-java-3.0.17-ga-bin.jar
7f99028ff000-7f9902907000 r--s 000cf000 08:06 10619920                   /home/xmbeat/NetBeansProjects/FingerprintLogin/dist/run76774726/lib/bridj-0.6.2.jar
7f9902907000-7f990290a000 ---p 00000000 00:00 0 
7f990290a000-7f9902a08000 rw-p 00000000 00:00 0                          [stack:25891]
7f9902a08000-7f9902a0a000 rw-s 00000000 08:06 131109                     /tmp/.glHvZI4f (deleted)
7f9902a0e000-7f9902a11000 ---p 00000000 00:00 0 
7f9902a11000-7f9902b0f000 rw-p 00000000 00:00 0                          [stack:25890]
7f9902b0f000-7f9902b12000 ---p 00000000 00:00 0 
7f9902b12000-7f9902c10000 rw-p 00000000 00:00 0                          [stack:25889]
7f9902c10000-7f9902c3a000 r--p 00000000 08:06 1314249                    /usr/share/locale-langpack/es/LC_MESSAGES/gtk20-properties.mo
7f9902c40000-7f9902c66000 r--p 00000000 08:06 1314142                    /usr/share/locale-langpack/es/LC_MESSAGES/libc.mo
7f9902c68000-7f9902c6f000 r--s 00000000 08:06 786750                     /usr/lib/x86_64-linux-gnu/gconv/gconv-modules.cache
7f9902c70000-7f9902c7f000 r--p 00000000 08:06 1314186                    /usr/share/locale-langpack/es/LC_MESSAGES/gtk20.mo
7f9902c80000-7f9902ca9000 r-xp 00000000 08:06 10486225                   /usr/lib/jvm/jdk1.8.0_111/jre/lib/amd64/libglass.so
7f9902ca9000-7f9902ea8000 ---p 00029000 08:06 10486225                   /usr/lib/jvm/jdk1.8.0_111/jre/lib/amd64/libglass.so
7f9902ea8000-7f9902eab000 rw-p 00028000 08:06 10486225                   /usr/lib/jvm/jdk1.8.0_111/jre/lib/amd64/libglass.so
7f9902eaf000-7f9902f2f000 rw-s 5224f000 00:06 12147                      /dev/nvidiactl
7f9902f35000-7f9902fb5000 rw-s 186c8d000 00:06 12147                     /dev/nvidiactl
7f9902fb8000-7f9903038000 rw-s 1545b0000 00:06 12147                     /dev/nvidiactl
7f9903040000-7f9903043000 ---p 00000000 00:00 0 
7f9903043000-7f9903141000 rw-p 00000000 00:00 0                          [stack:26096]
7f9903141000-7f9903154000 rw-s 1544b9000 00:06 12147                     /dev/nvidiactl
7f9903158000-7f990315e000 r-xp 00000000 08:06 270780                     /usr/lib/x86_64-linux-gnu/libdatrie.so.1.3.1
7f990315e000-7f990335d000 ---p 00006000 08:06 270780                     /usr/lib/x86_64-linux-gnu/libdatrie.so.1.3.1
7f990335d000-7f990335e000 r--p 00005000 08:06 270780                     /usr/lib/x86_64-linux-gnu/libdatrie.so.1.3.1
7f990335e000-7f990335f000 rw-p 00006000 08:06 270780                     /usr/lib/x86_64-linux-gnu/libdatrie.so.1.3.1
7f9903360000-7f9903365000 r-xp 00000000 08:06 270557                     /usr/lib/x86_64-linux-gnu/libXdmcp.so.6.0.0
7f9903365000-7f9903564000 ---p 00005000 08:06 270557                     /usr/lib/x86_64-linux-gnu/libXdmcp.so.6.0.0
7f9903564000-7f9903565000 r--p 00004000 08:06 270557                     /usr/lib/x86_64-linux-gnu/libXdmcp.so.6.0.0
7f9903565000-7f9903566000 rw-p 00005000 08:06 270557                     /usr/lib/x86_64-linux-gnu/libXdmcp.so.6.0.0
7f9903568000-7f990356a000 r-xp 00000000 08:06 270544                     /usr/lib/x86_64-linux-gnu/libXau.so.6.0.0
7f990356a000-7f990376a000 ---p 00002000 08:06 270544                     /usr/lib/x86_64-linux-gnu/libXau.so.6.0.0
7f990376a000-7f990376b000 r--p 00002000 08:06 270544                     /usr/lib/x86_64-linux-gnu/libXau.so.6.0.0
7f990376b000-7f990376c000 rw-p 00003000 08:06 270544                     /usr/lib/x86_64-linux-gnu/libXau.so.6.0.0
7f9903770000-7f990378a000 r-xp 00000000 08:06 263304                     /usr/lib/x86_64-linux-gnu/libgraphite2.so.3.0.1
7f990378a000-7f9903989000 ---p 0001a000 08:06 263304                     /usr/lib/x86_64-linux-gnu/libgraphite2.so.3.0.1
7f9903989000-7f990398b000 r--p 00019000 08:06 263304                     /usr/lib/x86_64-linux-gnu/libgraphite2.so.3.0.1
7f990398b000-7f990398c000 rw-p 0001b000 08:06 263304                     /usr/lib/x86_64-linux-gnu/libgraphite2.so.3.0.1
7f9903990000-7f990538d000 r-xp 00000000 08:06 921231                     /usr/lib/nvidia-352/libnvidia-glcore.so.352.63
7f990538d000-7f99053ad000 rwxp 019fd000 08:06 921231                     /usr/lib/nvidia-352/libnvidia-glcore.so.352.63
7f99053ad000-7f9905674000 r-xp 01a1d000 08:06 921231                     /usr/lib/nvidia-352/libnvidia-glcore.so.352.63
7f9905674000-7f9905873000 ---p 01ce4000 08:06 921231                     /usr/lib/nvidia-352/libnvidia-glcore.so.352.63
7f9905873000-7f990640f000 rw-p 01ce3000 08:06 921231                     /usr/lib/nvidia-352/libnvidia-glcore.so.352.63
7f990640f000-7f9906423000 rw-p 00000000 00:00 0 
7f9906428000-7f990642b000 r-xp 00000000 08:06 1184481                    /usr/lib/nvidia-352/tls/libnvidia-tls.so.352.63
7f990642b000-7f990662a000 ---p 00003000 08:06 1184481                    /usr/lib/nvidia-352/tls/libnvidia-tls.so.352.63
7f990662a000-7f990662b000 rw-p 00002000 08:06 1184481                    /usr/lib/nvidia-352/tls/libnvidia-tls.so.352.63
7f9906630000-7f990666d000 r-xp 00000000 08:06 11276632                   /lib/x86_64-linux-gnu/libpcre.so.3.13.1
7f990666d000-7f990686c000 ---p 0003d000 08:06 11276632                   /lib/x86_64-linux-gnu/libpcre.so.3.13.1
7f990686c000-7f990686d000 r--p 0003c000 08:06 11276632                   /lib/x86_64-linux-gnu/libpcre.so.3.13.1
7f990686d000-7f990686e000 rw-p 0003d000 08:06 11276632                   /lib/x86_64-linux-gnu/libpcre.so.3.13.1
7f9906870000-7f9906877000 r-xp 00000000 08:06 262898                     /usr/lib/x86_64-linux-gnu/libffi.so.6.0.1
7f9906877000-7f9906a76000 ---p 00007000 08:06 262898                     /usr/lib/x86_64-linux-gnu/libffi.so.6.0.1
7f9906a76000-7f9906a77000 r--p 00006000 08:06 262898                     /usr/lib/x86_64-linux-gnu/libffi.so.6.0.1
7f9906a77000-7f9906a78000 rw-p 00007000 08:06 262898                     /usr/lib/x86_64-linux-gnu/libffi.so.6.0.1
7f9906a78000-7f9906a9f000 r-xp 00000000 08:06 11276550                   /lib/x86_64-linux-gnu/libexpat.so.1.6.0
7f9906a9f000-7f9906c9f000 ---p 00027000 08:06 11276550                   /lib/x86_64-linux-gnu/libexpat.so.1.6.0
7f9906c9f000-7f9906ca1000 r--p 00027000 08:06 11276550                   /lib/x86_64-linux-gnu/libexpat.so.1.6.0
7f9906ca1000-7f9906ca2000 rw-p 00029000 08:06 11276550                   /lib/x86_64-linux-gnu/libexpat.so.1.6.0
7f9906ca8000-7f9906cb0000 r-xp 00000000 08:06 271660                     /usr/lib/x86_64-linux-gnu/libthai.so.0.2.0
7f9906cb0000-7f9906eaf000 ---p 00008000 08:06 271660                     /usr/lib/x86_64-linux-gnu/libthai.so.0.2.0
7f9906eaf000-7f9906eb0000 r--p 00007000 08:06 271660                     /usr/lib/x86_64-linux-gnu/libthai.so.0.2.0
7f9906eb0000-7f9906eb1000 rw-p 00008000 08:06 271660                     /usr/lib/x86_64-linux-gnu/libthai.so.0.2.0
7f9906eb8000-7f9906ed5000 r-xp 00000000 08:06 271805                     /usr/lib/x86_64-linux-gnu/libxcb.so.1.1.0
7f9906ed5000-7f99070d5000 ---p 0001d000 08:06 271805                     /usr/lib/x86_64-linux-gnu/libxcb.so.1.1.0
7f99070d5000-7f99070d6000 r--p 0001d000 08:06 271805                     /usr/lib/x86_64-linux-gnu/libxcb.so.1.1.0
7f99070d6000-7f99070d7000 rw-p 0001e000 08:06 271805                     /usr/lib/x86_64-linux-gnu/libxcb.so.1.1.0
7f99070d8000-7f99070e0000 r-xp 00000000 08:06 271787                     /usr/lib/x86_64-linux-gnu/libxcb-render.so.0.0.0
7f99070e0000-7f99072df000 ---p 00008000 08:06 271787                     /usr/lib/x86_64-linux-gnu/libxcb-render.so.0.0.0
7f99072df000-7f99072e0000 r--p 00007000 08:06 271787                     /usr/lib/x86_64-linux-gnu/libxcb-render.so.0.0.0
7f99072e0000-7f99072e1000 rw-p 00008000 08:06 271787                     /usr/lib/x86_64-linux-gnu/libxcb-render.so.0.0.0
7f99072e8000-7f99072ea000 r-xp 00000000 08:06 271791                     /usr/lib/x86_64-linux-gnu/libxcb-shm.so.0.0.0
7f99072ea000-7f99074e9000 ---p 00002000 08:06 271791                     /usr/lib/x86_64-linux-gnu/libxcb-shm.so.0.0.0
7f99074e9000-7f99074ea000 r--p 00001000 08:06 271791                     /usr/lib/x86_64-linux-gnu/libxcb-shm.so.0.0.0
7f99074ea000-7f99074eb000 rw-p 00002000 08:06 271791                     /usr/lib/x86_64-linux-gnu/libxcb-shm.so.0.0.0
7f99074f0000-7f9907515000 r-xp 00000000 08:06 11273421                   /lib/x86_64-linux-gnu/libpng12.so.0.50.0
7f9907515000-7f9907714000 ---p 00025000 08:06 11273421                   /lib/x86_64-linux-gnu/libpng12.so.0.50.0
7f9907714000-7f9907715000 r--p 00024000 08:06 11273421                   /lib/x86_64-linux-gnu/libpng12.so.0.50.0
7f9907715000-7f9907716000 rw-p 00025000 08:06 11273421                   /lib/x86_64-linux-gnu/libpng12.so.0.50.0
7f9907718000-7f99077b9000 r-xp 00000000 08:06 271486                     /usr/lib/x86_64-linux-gnu/libpixman-1.so.0.30.2
7f99077b9000-7f99079b9000 ---p 000a1000 08:06 271486                     /usr/lib/x86_64-linux-gnu/libpixman-1.so.0.30.2
7f99079b9000-7f99079c0000 r--p 000a1000 08:06 271486                     /usr/lib/x86_64-linux-gnu/libpixman-1.so.0.30.2
7f99079c0000-7f99079c1000 rw-p 000a8000 08:06 271486                     /usr/lib/x86_64-linux-gnu/libpixman-1.so.0.30.2
7f99079c8000-7f9907a1b000 r-xp 00000000 08:06 271186                     /usr/lib/x86_64-linux-gnu/libharfbuzz.so.0.927.0
7f9907a1b000-7f9907c1b000 ---p 00053000 08:06 271186                     /usr/lib/x86_64-linux-gnu/libharfbuzz.so.0.927.0
7f9907c1b000-7f9907c1c000 r--p 00053000 08:06 271186                     /usr/lib/x86_64-linux-gnu/libharfbuzz.so.0.927.0
7f9907c1c000-7f9907c1d000 rw-p 00054000 08:06 271186                     /usr/lib/x86_64-linux-gnu/libharfbuzz.so.0.927.0
7f9907c20000-7f9907c37000 r-xp 00000000 08:06 11272221                   /lib/x86_64-linux-gnu/libresolv-2.19.so
7f9907c37000-7f9907e37000 ---p 00017000 08:06 11272221                   /lib/x86_64-linux-gnu/libresolv-2.19.so
7f9907e37000-7f9907e38000 r--p 00017000 08:06 11272221                   /lib/x86_64-linux-gnu/libresolv-2.19.so
7f9907e38000-7f9907e39000 rw-p 00018000 08:06 11272221                   /lib/x86_64-linux-gnu/libresolv-2.19.so
7f9907e39000-7f9907e3b000 rw-p 00000000 00:00 0 
7f9907e40000-7f9907e60000 r-xp 00000000 08:06 11276659                   /lib/x86_64-linux-gnu/libselinux.so.1
7f9907e60000-7f990805f000 ---p 00020000 08:06 11276659                   /lib/x86_64-linux-gnu/libselinux.so.1
7f990805f000-7f9908060000 r--p 0001f000 08:06 11276659                   /lib/x86_64-linux-gnu/libselinux.so.1
7f9908060000-7f9908061000 rw-p 00020000 08:06 11276659                   /lib/x86_64-linux-gnu/libselinux.so.1
7f9908061000-7f9908063000 rw-p 00000000 00:00 0 
7f9908068000-7f9908080000 r-xp 00000000 08:06 11276690                   /lib/x86_64-linux-gnu/libz.so.1.2.8
7f9908080000-7f990827f000 ---p 00018000 08:06 11276690                   /lib/x86_64-linux-gnu/libz.so.1.2.8
7f990827f000-7f9908280000 r--p 00017000 08:06 11276690                   /lib/x86_64-linux-gnu/libz.so.1.2.8
7f9908280000-7f9908281000 rw-p 00018000 08:06 11276690                   /lib/x86_64-linux-gnu/libz.so.1.2.8
7f9908288000-7f9908299000 r-xp 00000000 08:06 270559                     /usr/lib/x86_64-linux-gnu/libXext.so.6.4.0
7f9908299000-7f9908498000 ---p 00011000 08:06 270559                     /usr/lib/x86_64-linux-gnu/libXext.so.6.4.0
7f9908498000-7f9908499000 r--p 00010000 08:06 270559                     /usr/lib/x86_64-linux-gnu/libXext.so.6.4.0
7f9908499000-7f990849a000 rw-p 00011000 08:06 270559                     /usr/lib/x86_64-linux-gnu/libXext.so.6.4.0
7f99084a0000-7f99084a2000 r-xp 00000000 08:06 270553                     /usr/lib/x86_64-linux-gnu/libXdamage.so.1.1.0
7f99084a2000-7f99086a1000 ---p 00002000 08:06 270553                     /usr/lib/x86_64-linux-gnu/libXdamage.so.1.1.0
7f99086a1000-7f99086a2000 r--p 00001000 08:06 270553                     /usr/lib/x86_64-linux-gnu/libXdamage.so.1.1.0
7f99086a2000-7f99086a3000 rw-p 00002000 08:06 270553                     /usr/lib/x86_64-linux-gnu/libXdamage.so.1.1.0
7f99086a8000-7f99086aa000 r-xp 00000000 08:06 270549                     /usr/lib/x86_64-linux-gnu/libXcomposite.so.1.0.0
7f99086aa000-7f99088a9000 ---p 00002000 08:06 270549                     /usr/lib/x86_64-linux-gnu/libXcomposite.so.1.0.0
7f99088a9000-7f99088aa000 r--p 00001000 08:06 270549                     /usr/lib/x86_64-linux-gnu/libXcomposite.so.1.0.0
7f99088aa000-7f99088ab000 rw-p 00002000 08:06 270549                     /usr/lib/x86_64-linux-gnu/libXcomposite.so.1.0.0
7f99088b0000-7f99088b9000 r-xp 00000000 08:06 270551                     /usr/lib/x86_64-linux-gnu/libXcursor.so.1.0.2
7f99088b9000-7f9908ab8000 ---p 00009000 08:06 270551                     /usr/lib/x86_64-linux-gnu/libXcursor.so.1.0.2
7f9908ab8000-7f9908ab9000 r--p 00008000 08:06 270551                     /usr/lib/x86_64-linux-gnu/libXcursor.so.1.0.2
7f9908ab9000-7f9908aba000 rw-p 00009000 08:06 270551                     /usr/lib/x86_64-linux-gnu/libXcursor.so.1.0.2
7f9908ac0000-7f9908ac9000 r-xp 00000000 08:06 270579                     /usr/lib/x86_64-linux-gnu/libXrandr.so.2.2.0
7f9908ac9000-7f9908cc8000 ---p 00009000 08:06 270579                     /usr/lib/x86_64-linux-gnu/libXrandr.so.2.2.0
7f9908cc8000-7f9908cc9000 r--p 00008000 08:06 270579                     /usr/lib/x86_64-linux-gnu/libXrandr.so.2.2.0
7f9908cc9000-7f9908cca000 rw-p 00009000 08:06 270579                     /usr/lib/x86_64-linux-gnu/libXrandr.so.2.2.0
7f9908cd0000-7f9908cdf000 r-xp 00000000 08:06 270567                     /usr/lib/x86_64-linux-gnu/libXi.so.6.1.0
7f9908cdf000-7f9908ede000 ---p 0000f000 08:06 270567                     /usr/lib/x86_64-linux-gnu/libXi.so.6.1.0
7f9908ede000-7f9908edf000 r--p 0000e000 08:06 270567                     /usr/lib/x86_64-linux-gnu/libXi.so.6.1.0
7f9908edf000-7f9908ee0000 rw-p 0000f000 08:06 270567                     /usr/lib/x86_64-linux-gnu/libXi.so.6.1.0
7f9908ee0000-7f9908ee2000 r-xp 00000000 08:06 270569                     /usr/lib/x86_64-linux-gnu/libXinerama.so.1.0.0
7f9908ee2000-7f99090e1000 ---p 00002000 08:06 270569                     /usr/lib/x86_64-linux-gnu/libXinerama.so.1.0.0
7f99090e1000-7f99090e2000 r--p 00001000 08:06 270569                     /usr/lib/x86_64-linux-gnu/libXinerama.so.1.0.0
7f99090e2000-7f99090e3000 rw-p 00002000 08:06 270569                     /usr/lib/x86_64-linux-gnu/libXinerama.so.1.0.0
7f99090e8000-7f99090f1000 r-xp 00000000 08:06 270581                     /usr/lib/x86_64-linux-gnu/libXrender.so.1.3.0
7f99090f1000-7f99092f0000 ---p 00009000 08:06 270581                     /usr/lib/x86_64-linux-gnu/libXrender.so.1.3.0
7f99092f0000-7f99092f1000 r--p 00008000 08:06 270581                     /usr/lib/x86_64-linux-gnu/libXrender.so.1.3.0
7f99092f1000-7f99092f2000 rw-p 00009000 08:06 270581                     /usr/lib/x86_64-linux-gnu/libXrender.so.1.3.0
7f99092f8000-7f99092fd000 r-xp 00000000 08:06 270561                     /usr/lib/x86_64-linux-gnu/libXfixes.so.3.1.0
7f99092fd000-7f99094fc000 ---p 00005000 08:06 270561                     /usr/lib/x86_64-linux-gnu/libXfixes.so.3.1.0
7f99094fc000-7f99094fd000 r--p 00004000 08:06 270561                     /usr/lib/x86_64-linux-gnu/libXfixes.so.3.1.0
7f99094fd000-7f99094fe000 rw-p 00005000 08:06 270561                     /usr/lib/x86_64-linux-gnu/libXfixes.so.3.1.0
7f9909500000-7f9909516000 r-xp 00000000 08:06 11273328                   /lib/x86_64-linux-gnu/libgcc_s.so.1
7f9909516000-7f9909715000 ---p 00016000 08:06 11273328                   /lib/x86_64-linux-gnu/libgcc_s.so.1
7f9909715000-7f9909716000 rw-p 00015000 08:06 11273328                   /lib/x86_64-linux-gnu/libgcc_s.so.1
7f9909718000-7f99097fe000 r-xp 00000000 08:06 262560                     /usr/lib/x86_64-linux-gnu/libstdc++.so.6.0.19
7f99097fe000-7f99099fd000 ---p 000e6000 08:06 262560                     /usr/lib/x86_64-linux-gnu/libstdc++.so.6.0.19
7f99099fd000-7f9909a05000 r--p 000e5000 08:06 262560                     /usr/lib/x86_64-linux-gnu/libstdc++.so.6.0.19
7f9909a05000-7f9909a07000 rw-p 000ed000 08:06 262560                     /usr/lib/x86_64-linux-gnu/libstdc++.so.6.0.19
7f9909a07000-7f9909a1c000 rw-p 00000000 00:00 0 
7f9909a20000-7f9909ade000 r-xp 00000000 08:06 921224                     /usr/lib/nvidia-352/libGL.so.352.63
7f9909ade000-7f9909b11000 rwxp 000be000 08:06 921224                     /usr/lib/nvidia-352/libGL.so.352.63
7f9909b11000-7f9909b23000 r-xp 000f1000 08:06 921224                     /usr/lib/nvidia-352/libGL.so.352.63
7f9909b23000-7f9909d22000 ---p 00103000 08:06 921224                     /usr/lib/nvidia-352/libGL.so.352.63
7f9909d22000-7f9909d4a000 rw-p 00102000 08:06 921224                     /usr/lib/nvidia-352/libGL.so.352.63
7f9909d4a000-7f9909d50000 rw-p 00000000 00:00 0 
7f9909d50000-7f9909d54000 r-xp 00000000 08:06 270597                     /usr/lib/x86_64-linux-gnu/libXxf86vm.so.1.0.0
7f9909d54000-7f9909f54000 ---p 00004000 08:06 270597                     /usr/lib/x86_64-linux-gnu/libXxf86vm.so.1.0.0
7f9909f54000-7f9909f55000 r--p 00004000 08:06 270597                     /usr/lib/x86_64-linux-gnu/libXxf86vm.so.1.0.0
7f9909f55000-7f9909f56000 rw-p 00005000 08:06 270597                     /usr/lib/x86_64-linux-gnu/libXxf86vm.so.1.0.0
7f9909f58000-7f990a088000 r-xp 00000000 08:06 270538                     /usr/lib/x86_64-linux-gnu/libX11.so.6.3.0
7f990a088000-7f990a288000 ---p 00130000 08:06 270538                     /usr/lib/x86_64-linux-gnu/libX11.so.6.3.0
7f990a288000-7f990a289000 r--p 00130000 08:06 270538                     /usr/lib/x86_64-linux-gnu/libX11.so.6.3.0
7f990a289000-7f990a28d000 rw-p 00131000 08:06 270538                     /usr/lib/x86_64-linux-gnu/libX11.so.6.3.0
7f990a290000-7f990a295000 r-xp 00000000 08:06 270587                     /usr/lib/x86_64-linux-gnu/libXtst.so.6.1.0
7f990a295000-7f990a494000 ---p 00005000 08:06 270587                     /usr/lib/x86_64-linux-gnu/libXtst.so.6.1.0
7f990a494000-7f990a495000 r--p 00004000 08:06 270587                     /usr/lib/x86_64-linux-gnu/libXtst.so.6.1.0
7f990a495000-7f990a496000 rw-p 00005000 08:06 270587                     /usr/lib/x86_64-linux-gnu/libXtst.so.6.1.0
7f990a498000-7f990a59e000 r-xp 00000000 08:06 11276559                   /lib/x86_64-linux-gnu/libglib-2.0.so.0.4002.0
7f990a59e000-7f990a79d000 ---p 00106000 08:06 11276559                   /lib/x86_64-linux-gnu/libglib-2.0.so.0.4002.0
7f990a79d000-7f990a79e000 r--p 00105000 08:06 11276559                   /lib/x86_64-linux-gnu/libglib-2.0.so.0.4002.0
7f990a79e000-7f990a79f000 rw-p 00106000 08:06 11276559                   /lib/x86_64-linux-gnu/libglib-2.0.so.0.4002.0
7f990a79f000-7f990a7a0000 rw-p 00000000 00:00 0 
7f990a7a0000-7f990a7a1000 r-xp 00000000 08:06 271159                     /usr/lib/x86_64-linux-gnu/libgthread-2.0.so.0.4002.0
7f990a7a1000-7f990a9a0000 ---p 00001000 08:06 271159                     /usr/lib/x86_64-linux-gnu/libgthread-2.0.so.0.4002.0
7f990a9a0000-7f990a9a1000 r--p 00000000 08:06 271159                     /usr/lib/x86_64-linux-gnu/libgthread-2.0.so.0.4002.0
7f990a9a1000-7f990a9a2000 rw-p 00001000 08:06 271159                     /usr/lib/x86_64-linux-gnu/libgthread-2.0.so.0.4002.0
7f990a9a8000-7f990a9ab000 r-xp 00000000 08:06 271015                     /usr/lib/x86_64-linux-gnu/libgmodule-2.0.so.0.4002.0
7f990a9ab000-7f990abaa000 ---p 00003000 08:06 271015                     /usr/lib/x86_64-linux-gnu/libgmodule-2.0.so.0.4002.0
7f990abaa000-7f990abab000 r--p 00002000 08:06 271015                     /usr/lib/x86_64-linux-gnu/libgmodule-2.0.so.0.4002.0
7f990abab000-7f990abac000 rw-p 00003000 08:06 271015                     /usr/lib/x86_64-linux-gnu/libgmodule-2.0.so.0.4002.0
7f990abb0000-7f990abff000 r-xp 00000000 08:06 271039                     /usr/lib/x86_64-linux-gnu/libgobject-2.0.so.0.4002.0
7f990abff000-7f990adff000 ---p 0004f000 08:06 271039                     /usr/lib/x86_64-linux-gnu/libgobject-2.0.so.0.4002.0
7f990adff000-7f990ae00000 r--p 0004f000 08:06 271039                     /usr/lib/x86_64-linux-gnu/libgobject-2.0.so.0.4002.0
7f990ae00000-7f990ae01000 rw-p 00050000 08:06 271039                     /usr/lib/x86_64-linux-gnu/libgobject-2.0.so.0.4002.0
7f990ae08000-7f990ae42000 r-xp 00000000 08:06 270920                     /usr/lib/x86_64-linux-gnu/libfontconfig.so.1.8.0
7f990ae42000-7f990b041000 ---p 0003a000 08:06 270920                     /usr/lib/x86_64-linux-gnu/libfontconfig.so.1.8.0
7f990b041000-7f990b043000 r--p 00039000 08:06 270920                     /usr/lib/x86_64-linux-gnu/libfontconfig.so.1.8.0
7f990b043000-7f990b044000 rw-p 0003b000 08:06 270920                     /usr/lib/x86_64-linux-gnu/libfontconfig.so.1.8.0
7f990b048000-7f990b0e5000 r-xp 00000000 08:06 270946                     /usr/lib/x86_64-linux-gnu/libfreetype.so.6.11.1
7f990b0e5000-7f990b2e4000 ---p 0009d000 08:06 270946                     /usr/lib/x86_64-linux-gnu/libfreetype.so.6.11.1
7f990b2e4000-7f990b2ea000 r--p 0009c000 08:06 270946                     /usr/lib/x86_64-linux-gnu/libfreetype.so.6.11.1
7f990b2ea000-7f990b2eb000 rw-p 000a2000 08:06 270946                     /usr/lib/x86_64-linux-gnu/libfreetype.so.6.11.1
7f990b2f0000-7f990b33a000 r-xp 00000000 08:06 271463                     /usr/lib/x86_64-linux-gnu/libpango-1.0.so.0.3600.3
7f990b33a000-7f990b53a000 ---p 0004a000 08:06 271463                     /usr/lib/x86_64-linux-gnu/libpango-1.0.so.0.3600.3
7f990b53a000-7f990b53c000 r--p 0004a000 08:06 271463                     /usr/lib/x86_64-linux-gnu/libpango-1.0.so.0.3600.3
7f990b53c000-7f990b53d000 rw-p 0004c000 08:06 271463                     /usr/lib/x86_64-linux-gnu/libpango-1.0.so.0.3600.3
7f990b540000-7f990b646000 r-xp 00000000 08:06 270702                     /usr/lib/x86_64-linux-gnu/libcairo.so.2.11301.0
7f990b646000-7f990b845000 ---p 00106000 08:06 270702                     /usr/lib/x86_64-linux-gnu/libcairo.so.2.11301.0
7f990b845000-7f990b848000 r--p 00105000 08:06 270702                     /usr/lib/x86_64-linux-gnu/libcairo.so.2.11301.0
7f990b848000-7f990b849000 rw-p 00108000 08:06 270702                     /usr/lib/x86_64-linux-gnu/libcairo.so.2.11301.0
7f990b849000-7f990b84b000 rw-p 00000000 00:00 0 
7f990b850000-7f990b85b000 r-xp 00000000 08:06 271465                     /usr/lib/x86_64-linux-gnu/libpangocairo-1.0.so.0.3600.3
7f990b85b000-7f990ba5b000 ---p 0000b000 08:06 271465                     /usr/lib/x86_64-linux-gnu/libpangocairo-1.0.so.0.3600.3
7f990ba5b000-7f990ba5c000 r--p 0000b000 08:06 271465                     /usr/lib/x86_64-linux-gnu/libpangocairo-1.0.so.0.3600.3
7f990ba5c000-7f990ba5d000 rw-p 0000c000 08:06 271465                     /usr/lib/x86_64-linux-gnu/libpangocairo-1.0.so.0.3600.3
7f990ba60000-7f990ba80000 r-xp 00000000 08:06 270979                     /usr/lib/x86_64-linux-gnu/libgdk_pixbuf-2.0.so.0.3000.7
7f990ba80000-7f990bc7f000 ---p 00020000 08:06 270979                     /usr/lib/x86_64-linux-gnu/libgdk_pixbuf-2.0.so.0.3000.7
7f990bc7f000-7f990bc80000 r--p 0001f000 08:06 270979                     /usr/lib/x86_64-linux-gnu/libgdk_pixbuf-2.0.so.0.3000.7
7f990bc80000-7f990bc81000 rw-p 00020000 08:06 270979                     /usr/lib/x86_64-linux-gnu/libgdk_pixbuf-2.0.so.0.3000.7
7f990bc88000-7f990bdf4000 r-xp 00000000 08:06 271001                     /usr/lib/x86_64-linux-gnu/libgio-2.0.so.0.4002.0
7f990bdf4000-7f990bff3000 ---p 0016c000 08:06 271001                     /usr/lib/x86_64-linux-gnu/libgio-2.0.so.0.4002.0
7f990bff3000-7f990bff7000 r--p 0016b000 08:06 271001                     /usr/lib/x86_64-linux-gnu/libgio-2.0.so.0.4002.0
7f990bff7000-7f990bff9000 rw-p 0016f000 08:06 271001                     /usr/lib/x86_64-linux-gnu/libgio-2.0.so.0.4002.0
7f990bff9000-7f990bffb000 rw-p 00000000 00:00 0 
7f990c000000-7f990c021000 rw-p 00000000 00:00 0 
7f990c021000-7f9910000000 ---p 00000000 00:00 0 
7f9910000000-7f9911484000 rw-p 00000000 00:00 0 
7f9911484000-7f9914000000 ---p 00000000 00:00 0 
7f9914000000-7f991492a000 rw-p 00000000 00:00 0 
7f991492a000-7f9918000000 ---p 00000000 00:00 0 
7f9918000000-7f9918021000 rw-p 00000000 00:00 0 
7f9918021000-7f991c000000 ---p 00000000 00:00 0 
7f991c000000-7f991c021000 rw-p 00000000 00:00 0 
7f991c021000-7f9920000000 ---p 00000000 00:00 0 
7f9920000000-7f9921c65000 rw-p 00000000 00:00 0 
7f9921c65000-7f9924000000 ---p 00000000 00:00 0 
7f9924000000-7f9924021000 rw-p 00000000 00:00 0 
7f9924021000-7f9928000000 ---p 00000000 00:00 0 
7f9928000000-7f9928021000 rw-p 00000000 00:00 0 
7f9928021000-7f992c000000 ---p 00000000 00:00 0 
7f992c000000-7f992c021000 rw-p 00000000 00:00 0 
7f992c021000-7f9930000000 ---p 00000000 00:00 0 
7f9930000000-7f9930021000 rw-p 00000000 00:00 0 
7f9930021000-7f9934000000 ---p 00000000 00:00 0 
7f9934000000-7f9934020000 rw-s c0320000 00:06 12148                      /dev/nvidia0
7f9934027000-7f9934067000 rw-s 154757000 00:06 12147                     /dev/nvidiactl
7f9934068000-7f993407c000 r-xp 00000000 08:06 271467                     /usr/lib/x86_64-linux-gnu/libpangoft2-1.0.so.0.3600.3
7f993407c000-7f993427b000 ---p 00014000 08:06 271467                     /usr/lib/x86_64-linux-gnu/libpangoft2-1.0.so.0.3600.3
7f993427b000-7f993427c000 r--p 00013000 08:06 271467                     /usr/lib/x86_64-linux-gnu/libpangoft2-1.0.so.0.3600.3
7f993427c000-7f993427d000 rw-p 00014000 08:06 271467                     /usr/lib/x86_64-linux-gnu/libpangoft2-1.0.so.0.3600.3
7f9934280000-7f9938000000 rw-p 00000000 00:00 0 
7f9938000000-7f9938021000 rw-p 00000000 00:00 0 
7f9938021000-7f993c000000 ---p 00000000 00:00 0 
7f993c006000-7f993c026000 rw-s 1a3896000 00:06 12147                     /dev/nvidiactl
7f993c02b000-7f993c06b000 rw-s 1efd2b000 00:06 12147                     /dev/nvidiactl
7f993c071000-7f993c125000 rw-s 221d19000 00:06 12147                     /dev/nvidiactl
7f993c128000-7f993c147000 r-xp 00000000 08:06 270646                     /usr/lib/x86_64-linux-gnu/libatk-1.0.so.0.21009.1
7f993c147000-7f993c347000 ---p 0001f000 08:06 270646                     /usr/lib/x86_64-linux-gnu/libatk-1.0.so.0.21009.1
7f993c347000-7f993c349000 r--p 0001f000 08:06 270646                     /usr/lib/x86_64-linux-gnu/libatk-1.0.so.0.21009.1
7f993c349000-7f993c34a000 rw-p 00021000 08:06 270646                     /usr/lib/x86_64-linux-gnu/libatk-1.0.so.0.21009.1
7f993c350000-7f993c3fd000 r-xp 00000000 08:06 262704                     /usr/lib/x86_64-linux-gnu/libgdk-x11-2.0.so.0.2400.23
7f993c3fd000-7f993c5fd000 ---p 000ad000 08:06 262704                     /usr/lib/x86_64-linux-gnu/libgdk-x11-2.0.so.0.2400.23
7f993c5fd000-7f993c601000 r--p 000ad000 08:06 262704                     /usr/lib/x86_64-linux-gnu/libgdk-x11-2.0.so.0.2400.23
7f993c601000-7f993c603000 rw-p 000b1000 08:06 262704                     /usr/lib/x86_64-linux-gnu/libgdk-x11-2.0.so.0.2400.23
7f993c608000-7f993ca38000 r-xp 00000000 08:06 265442                     /usr/lib/x86_64-linux-gnu/libgtk-x11-2.0.so.0.2400.23
7f993ca38000-7f993cc37000 ---p 00430000 08:06 265442                     /usr/lib/x86_64-linux-gnu/libgtk-x11-2.0.so.0.2400.23
7f993cc37000-7f993cc3e000 r--p 0042f000 08:06 265442                     /usr/lib/x86_64-linux-gnu/libgtk-x11-2.0.so.0.2400.23
7f993cc3e000-7f993cc42000 rw-p 00436000 08:06 265442                     /usr/lib/x86_64-linux-gnu/libgtk-x11-2.0.so.0.2400.23
7f993cc42000-7f993cc45000 rw-p 00000000 00:00 0 
7f993cc69000-7f993cc6e000 r--s 002f9000 08:06 10486125                   /usr/lib/jvm/jdk1.8.0_111/jre/lib/charsets.jar
7f993cc70000-7f993cc7c000 r-xp 00000000 08:06 10486192                   /usr/lib/jvm/jdk1.8.0_111/jre/lib/amd64/libprism_es2.so
7f993cc7c000-7f993ce7b000 ---p 0000c000 08:06 10486192                   /usr/lib/jvm/jdk1.8.0_111/jre/lib/amd64/libprism_es2.so
7f993ce7b000-7f993ce7c000 rw-p 0000b000 08:06 10486192                   /usr/lib/jvm/jdk1.8.0_111/jre/lib/amd64/libprism_es2.so
7f993ce82000-7f993ce85000 ---p 00000000 00:00 0 
7f993ce85000-7f993cf83000 rw-p 00000000 00:00 0                          [stack:25888]
7f993cf83000-7f993d019000 r--s 01103000 08:06 10486256                   /usr/lib/jvm/jdk1.8.0_111/jre/lib/ext/jfxrt.jar
7f993d01b000-7f993d01c000 ---p 00000000 00:00 0 
7f993d01c000-7f993d11c000 rw-p 00000000 00:00 0                          [stack:25866]
7f993d11c000-7f993d11f000 ---p 00000000 00:00 0 
7f993d11f000-7f993d21d000 rw-p 00000000 00:00 0                          [stack:25865]
7f993d21d000-7f993d220000 ---p 00000000 00:00 0 
7f993d220000-7f993d31e000 rw-p 00000000 00:00 0                          [stack:25864]
7f993d31e000-7f993d321000 ---p 00000000 00:00 0 
7f993d321000-7f993d41f000 rw-p 00000000 00:00 0                          [stack:25863]
7f993d41f000-7f993d422000 ---p 00000000 00:00 0 
7f993d422000-7f993d520000 rw-p 00000000 00:00 0                          [stack:25862]
7f993d520000-7f993da5e000 r--p 00000000 08:06 269140                     /usr/lib/locale/locale-archive
7f993da5e000-7f993da61000 ---p 00000000 00:00 0 
7f993da61000-7f993db5f000 rw-p 00000000 00:00 0                          [stack:25859]
7f993db5f000-7f993db62000 ---p 00000000 00:00 0 
7f993db62000-7f993dc60000 rw-p 00000000 00:00 0                          [stack:25856]
7f993dc60000-7f993dc61000 ---p 00000000 00:00 0 
7f993dc61000-7f993e66a000 rw-p 00000000 00:00 0                          [stack:25855]
7f993e66a000-7f993e842000 r--s 03d2a000 08:06 10486172                   /usr/lib/jvm/jdk1.8.0_111/jre/lib/rt.jar
7f993e846000-7f993f41e000 rw-p 00000000 00:00 0 
7f993f41e000-7f993f41f000 ---p 00000000 00:00 0 
7f993f41f000-7f993f53e000 rw-p 00000000 00:00 0                          [stack:25854]
7f993f53e000-7f993f7af000 ---p 00000000 00:00 0 
7f993f7af000-7f993f7ce000 rw-p 00000000 00:00 0 
7f993f7ce000-7f993fa3f000 ---p 00000000 00:00 0 
7f993fa3f000-7f993fa63000 rw-p 00000000 00:00 0 
7f993fa63000-7f993fb87000 ---p 00000000 00:00 0 
7f993fb87000-7f993fbbc000 rw-p 00000000 00:00 0 
7f993fbbc000-7f993ff48000 ---p 00000000 00:00 0 
7f993ff48000-7f9940c38000 rwxp 00000000 00:00 0 
7f9940c38000-7f994ef48000 ---p 00000000 00:00 0 
7f994ef48000-7f994ef62000 r-xp 00000000 08:06 10486203                   /usr/lib/jvm/jdk1.8.0_111/jre/lib/amd64/libzip.so
7f994ef62000-7f994f162000 ---p 0001a000 08:06 10486203                   /usr/lib/jvm/jdk1.8.0_111/jre/lib/amd64/libzip.so
7f994f162000-7f994f163000 rw-p 0001a000 08:06 10486203                   /usr/lib/jvm/jdk1.8.0_111/jre/lib/amd64/libzip.so
7f994f168000-7f994f173000 r-xp 00000000 08:06 11273355                   /lib/x86_64-linux-gnu/libnss_files-2.19.so
7f994f173000-7f994f372000 ---p 0000b000 08:06 11273355                   /lib/x86_64-linux-gnu/libnss_files-2.19.so
7f994f372000-7f994f373000 r--p 0000a000 08:06 11273355                   /lib/x86_64-linux-gnu/libnss_files-2.19.so
7f994f373000-7f994f374000 rw-p 0000b000 08:06 11273355                   /lib/x86_64-linux-gnu/libnss_files-2.19.so
7f994f378000-7f994f383000 r-xp 00000000 08:06 11273318                   /lib/x86_64-linux-gnu/libnss_nis-2.19.so
7f994f383000-7f994f582000 ---p 0000b000 08:06 11273318                   /lib/x86_64-linux-gnu/libnss_nis-2.19.so
7f994f582000-7f994f583000 r--p 0000a000 08:06 11273318                   /lib/x86_64-linux-gnu/libnss_nis-2.19.so
7f994f583000-7f994f584000 rw-p 0000b000 08:06 11273318                   /lib/x86_64-linux-gnu/libnss_nis-2.19.so
7f994f588000-7f994f59f000 r-xp 00000000 08:06 11273308                   /lib/x86_64-linux-gnu/libnsl-2.19.so
7f994f59f000-7f994f79e000 ---p 00017000 08:06 11273308                   /lib/x86_64-linux-gnu/libnsl-2.19.so
7f994f79e000-7f994f79f000 r--p 00016000 08:06 11273308                   /lib/x86_64-linux-gnu/libnsl-2.19.so
7f994f79f000-7f994f7a0000 rw-p 00017000 08:06 11273308                   /lib/x86_64-linux-gnu/libnsl-2.19.so
7f994f7a0000-7f994f7a2000 rw-p 00000000 00:00 0 
7f994f7a8000-7f994f7b1000 r-xp 00000000 08:06 11273302                   /lib/x86_64-linux-gnu/libnss_compat-2.19.so
7f994f7b1000-7f994f9b0000 ---p 00009000 08:06 11273302                   /lib/x86_64-linux-gnu/libnss_compat-2.19.so
7f994f9b0000-7f994f9b1000 r--p 00008000 08:06 11273302                   /lib/x86_64-linux-gnu/libnss_compat-2.19.so
7f994f9b1000-7f994f9b2000 rw-p 00009000 08:06 11273302                   /lib/x86_64-linux-gnu/libnss_compat-2.19.so
7f994f9b8000-7f994f9e3000 r-xp 00000000 08:06 10486230                   /usr/lib/jvm/jdk1.8.0_111/jre/lib/amd64/libjava.so
7f994f9e3000-7f994fbe2000 ---p 0002b000 08:06 10486230                   /usr/lib/jvm/jdk1.8.0_111/jre/lib/amd64/libjava.so
7f994fbe2000-7f994fbe4000 rw-p 0002a000 08:06 10486230                   /usr/lib/jvm/jdk1.8.0_111/jre/lib/amd64/libjava.so
7f994fbe8000-7f994fbf5000 r-xp 00000000 08:06 10486181                   /usr/lib/jvm/jdk1.8.0_111/jre/lib/amd64/libverify.so
7f994fbf5000-7f994fdf4000 ---p 0000d000 08:06 10486181                   /usr/lib/jvm/jdk1.8.0_111/jre/lib/amd64/libverify.so
7f994fdf4000-7f994fdf6000 rw-p 0000c000 08:06 10486181                   /usr/lib/jvm/jdk1.8.0_111/jre/lib/amd64/libverify.so
7f994fdf8000-7f994fdff000 r-xp 00000000 08:06 11273343                   /lib/x86_64-linux-gnu/librt-2.19.so
7f994fdff000-7f994fffe000 ---p 00007000 08:06 11273343                   /lib/x86_64-linux-gnu/librt-2.19.so
7f994fffe000-7f994ffff000 r--p 00006000 08:06 11273343                   /lib/x86_64-linux-gnu/librt-2.19.so
7f994ffff000-7f9950000000 rw-p 00007000 08:06 11273343                   /lib/x86_64-linux-gnu/librt-2.19.so
7f9950000000-7f9950485000 rw-p 00000000 00:00 0 
7f9950485000-7f9954000000 ---p 00000000 00:00 0 
7f9954000000-7f9954001000 r--s 00000000 08:06 3801389                    /var/cache/fontconfig/0c9eb80ebd1c36541ebe2852d3bb0c49-le64.cache-4
7f9954008000-7f9954009000 rw-s 1544b8000 00:06 12147                     /dev/nvidiactl
7f995400a000-7f995400e000 rw-s 1a3b8a000 00:06 12147                     /dev/nvidiactl
7f9954010000-7f9954011000 rw-s fd060000 00:06 12148                      /dev/nvidia0
7f9954016000-7f9954017000 rw-s cfee6000 00:06 12148                      /dev/nvidia0
7f995401e000-7f995401f000 rw-s cfee6000 00:06 12148                      /dev/nvidia0
7f9954021000-7f9954097000 rw-p 00000000 00:00 0 
7f9954097000-7f9954098000 ---p 00000000 00:00 0 
7f9954098000-7f9954198000 rw-p 00000000 00:00 0                          [stack:25853]
7f9954198000-7f995429d000 r-xp 00000000 08:06 11273293                   /lib/x86_64-linux-gnu/libm-2.19.so
7f995429d000-7f995449c000 ---p 00105000 08:06 11273293                   /lib/x86_64-linux-gnu/libm-2.19.so
7f995449c000-7f995449d000 r--p 00104000 08:06 11273293                   /lib/x86_64-linux-gnu/libm-2.19.so
7f995449d000-7f995449e000 rw-p 00105000 08:06 11273293                   /lib/x86_64-linux-gnu/libm-2.19.so
7f99544a0000-7f995516d000 r-xp 00000000 08:06 10486234                   /usr/lib/jvm/jdk1.8.0_111/jre/lib/amd64/server/libjvm.so
7f995516d000-7f995536c000 ---p 00ccd000 08:06 10486234                   /usr/lib/jvm/jdk1.8.0_111/jre/lib/amd64/server/libjvm.so
7f995536c000-7f9955445000 rw-p 00ccc000 08:06 10486234                   /usr/lib/jvm/jdk1.8.0_111/jre/lib/amd64/server/libjvm.so
7f9955445000-7f9955490000 rw-p 00000000 00:00 0 
7f9955490000-7f995564b000 r-xp 00000000 08:06 11273344                   /lib/x86_64-linux-gnu/libc-2.19.so
7f995564b000-7f995584a000 ---p 001bb000 08:06 11273344                   /lib/x86_64-linux-gnu/libc-2.19.so
7f995584a000-7f995584e000 r--p 001ba000 08:06 11273344                   /lib/x86_64-linux-gnu/libc-2.19.so
7f995584e000-7f9955850000 rw-p 001be000 08:06 11273344                   /lib/x86_64-linux-gnu/libc-2.19.so
7f9955850000-7f9955855000 rw-p 00000000 00:00 0 
7f9955858000-7f995585b000 r-xp 00000000 08:06 11273295                   /lib/x86_64-linux-gnu/libdl-2.19.so
7f995585b000-7f9955a5a000 ---p 00003000 08:06 11273295                   /lib/x86_64-linux-gnu/libdl-2.19.so
7f9955a5a000-7f9955a5b000 r--p 00002000 08:06 11273295                   /lib/x86_64-linux-gnu/libdl-2.19.so
7f9955a5b000-7f9955a5c000 rw-p 00003000 08:06 11273295                   /lib/x86_64-linux-gnu/libdl-2.19.so
7f9955a60000-7f9955a75000 r-xp 00000000 08:06 10486219                   /usr/lib/jvm/jdk1.8.0_111/jre/lib/amd64/jli/libjli.so
7f9955a75000-7f9955c75000 ---p 00015000 08:06 10486219                   /usr/lib/jvm/jdk1.8.0_111/jre/lib/amd64/jli/libjli.so
7f9955c75000-7f9955c76000 rw-p 00015000 08:06 10486219                   /usr/lib/jvm/jdk1.8.0_111/jre/lib/amd64/jli/libjli.so
7f9955c78000-7f9955c91000 r-xp 00000000 08:06 11273309                   /lib/x86_64-linux-gnu/libpthread-2.19.so
7f9955c91000-7f9955e90000 ---p 00019000 08:06 11273309                   /lib/x86_64-linux-gnu/libpthread-2.19.so
7f9955e90000-7f9955e91000 r--p 00018000 08:06 11273309                   /lib/x86_64-linux-gnu/libpthread-2.19.so
7f9955e91000-7f9955e92000 rw-p 00019000 08:06 11273309                   /lib/x86_64-linux-gnu/libpthread-2.19.so
7f9955e92000-7f9955e96000 rw-p 00000000 00:00 0 
7f9955e98000-7f9955ebb000 r-xp 00000000 08:06 11273314                   /lib/x86_64-linux-gnu/ld-2.19.so
7f9955ebc000-7f9955f8d000 rw-p 00000000 00:00 0 
7f9955f8d000-7f9955f90000 ---p 00000000 00:00 0 
7f9955f90000-7f9956090000 rw-p 00000000 00:00 0                          [stack:25852]
7f9956091000-7f9956092000 rw-s fd641000 00:06 12148                      /dev/nvidia0
7f9956099000-7f995609a000 rw-s 221909000 00:06 12147                     /dev/nvidiactl
7f995609f000-7f99560a0000 rw-s 18bf3f000 00:06 12147                     /dev/nvidiactl
7f99560a5000-7f99560a7000 r--s 00025000 08:06 10619917                   /home/xmbeat/NetBeansProjects/FingerprintLogin/dist/run76774726/FingerprintLogin.jar
7f99560a8000-7f99560b0000 rw-s 00000000 08:06 1185735                    /tmp/hsperfdata_xmbeat/25848
7f99560b4000-7f99560b8000 rw-p 00000000 00:00 0 
7f99560b8000-7f99560b9000 r--p 00000000 00:00 0 
7f99560b9000-7f99560ba000 rw-p 00000000 00:00 0 
7f99560ba000-7f99560bb000 r--p 00022000 08:06 11273314                   /lib/x86_64-linux-gnu/ld-2.19.so
7f99560bb000-7f99560bc000 rw-p 00023000 08:06 11273314                   /lib/x86_64-linux-gnu/ld-2.19.so
7f99560bc000-7f99560be000 rw-p 00000000 00:00 0 
7f99560be000-7f99560c0000 rw-p 00000000 00:00 0 
7ffe11303000-7ffe11324000 rw-p 00000000 00:00 0                          [stack]
7ffe11370000-7ffe11372000 r--p 00000000 00:00 0                          [vvar]
7ffe11372000-7ffe11374000 r-xp 00000000 00:00 0                          [vdso]
ffffffffff600000-ffffffffff601000 r-xp 00000000 00:00 0                  [vsyscall]

VM Arguments:
jvm_args: -Dfile.encoding=UTF-8 
java_command: /home/xmbeat/NetBeansProjects/FingerprintLogin/dist/run76774726/FingerprintLogin.jar
java_class_path (initial): /home/xmbeat/NetBeansProjects/FingerprintLogin/dist/run76774726/FingerprintLogin.jar
Launcher Type: SUN_STANDARD

Environment Variables:
PATH=/home/xmbeat/bin:/usr/local/sbin:/usr/local/bin:/usr/sbin:/usr/bin:/sbin:/bin:/usr/games:/usr/local/games
USERNAME=xmbeat
LD_LIBRARY_PATH=/usr/lib/jvm/jdk1.8.0_111/jre/lib/amd64:/usr/lib/jvm/jdk1.8.0_111/jre/lib/i386:
SHELL=/bin/bash
DISPLAY=:0

Signal Handlers:
SIGSEGV: [libjvm.so+0xac64b0], sa_mask[0]=11111111011111111101111111111110, sa_flags=SA_RESTART|SA_SIGINFO
SIGBUS: [libjvm.so+0xac64b0], sa_mask[0]=11111111011111111101111111111110, sa_flags=SA_RESTART|SA_SIGINFO
SIGFPE: [libjvm.so+0x91f950], sa_mask[0]=11111111011111111101111111111110, sa_flags=SA_RESTART|SA_SIGINFO
SIGPIPE: SIG_IGN, sa_mask[0]=00000000000000000000000000000000, sa_flags=none
SIGXFSZ: [libjvm.so+0x91f950], sa_mask[0]=11111111011111111101111111111110, sa_flags=SA_RESTART|SA_SIGINFO
SIGILL: [libjvm.so+0x91f950], sa_mask[0]=11111111011111111101111111111110, sa_flags=SA_RESTART|SA_SIGINFO
SIGUSR1: SIG_DFL, sa_mask[0]=00000000000000000000000000000000, sa_flags=none
SIGUSR2: [libjvm.so+0x920f80], sa_mask[0]=00100000000000000000000000000000, sa_flags=SA_RESTART|SA_SIGINFO
SIGHUP: [libjvm.so+0x922380], sa_mask[0]=11111111011111111101111111111110, sa_flags=SA_RESTART|SA_SIGINFO
SIGINT: SIG_IGN, sa_mask[0]=00000000000000000000000000000000, sa_flags=none
SIGTERM: [libjvm.so+0x922380], sa_mask[0]=11111111011111111101111111111110, sa_flags=SA_RESTART|SA_SIGINFO
SIGQUIT: [libjvm.so+0x922380], sa_mask[0]=11111111011111111101111111111110, sa_flags=SA_RESTART|SA_SIGINFO


---------------  S Y S T E M  ---------------

OS:DISTRIB_ID=LinuxMint
DISTRIB_RELEASE=17.3
DISTRIB_CODENAME=rosa
DISTRIB_DESCRIPTION="Linux Mint 17.3 Rosa"

uname:Linux 3.19.0-32-generic #37~14.04.1-Ubuntu SMP Thu Oct 22 09:41:40 UTC 2015 x86_64
libc:glibc 2.19 NPTL 2.19 
rlimit: STACK 8192k, CORE 0k, NPROC 31347, NOFILE 4096, AS infinity
load average:1.01 1.08 0.97

/proc/meminfo:
MemTotal:        8056656 kB
MemFree:         2498072 kB
MemAvailable:    4570200 kB
Buffers:          227304 kB
Cached:          2063604 kB
SwapCached:            0 kB
Active:          3739076 kB
Inactive:        1448968 kB
Active(anon):    2900636 kB
Inactive(anon):   122812 kB
Active(file):     838440 kB
Inactive(file):  1326156 kB
Unevictable:           0 kB
Mlocked:               0 kB
SwapTotal:       3998716 kB
SwapFree:        3998716 kB
Dirty:              3700 kB
Writeback:             0 kB
AnonPages:       2897132 kB
Mapped:           657612 kB
Shmem:            126316 kB
Slab:             185184 kB
SReclaimable:     152936 kB
SUnreclaim:        32248 kB
KernelStack:        9440 kB
PageTables:        36476 kB
NFS_Unstable:          0 kB
Bounce:                0 kB
WritebackTmp:          0 kB
CommitLimit:     8027044 kB
Committed_AS:    6560756 kB
VmallocTotal:   34359738367 kB
VmallocUsed:      321148 kB
VmallocChunk:   34359405052 kB
HardwareCorrupted:     0 kB
AnonHugePages:   1615872 kB
CmaTotal:              0 kB
CmaFree:               0 kB
HugePages_Total:       0
HugePages_Free:        0
HugePages_Rsvd:        0
HugePages_Surp:        0
Hugepagesize:       2048 kB
DirectMap4k:      267700 kB
DirectMap2M:     7018496 kB
DirectMap1G:     1048576 kB


CPU:total 2 (2 cores per cpu, 1 threads per core) family 21 model 19 stepping 1, cmov, cx8, fxsr, mmx, sse, sse2, sse3, ssse3, sse4.1, sse4.2, popcnt, avx, aes, clmul, mmxext, 3dnowpref, lzcnt, sse4a, tsc, tscinvbit, tscinv, bmi1

/proc/cpuinfo:
processor	: 0
vendor_id	: AuthenticAMD
cpu family	: 21
model		: 19
model name	: AMD A4-4000 APU with Radeon(tm) HD Graphics
stepping	: 1
microcode	: 0x6001119
cpu MHz		: 3000.000
cache size	: 1024 KB
physical id	: 0
siblings	: 2
core id		: 0
cpu cores	: 1
apicid		: 16
initial apicid	: 0
fpu		: yes
fpu_exception	: yes
cpuid level	: 13
wp		: yes
flags		: fpu vme de pse tsc msr pae mce cx8 apic sep mtrr pge mca cmov pat pse36 clflush mmx fxsr sse sse2 ht syscall nx mmxext fxsr_opt pdpe1gb rdtscp lm constant_tsc rep_good nopl nonstop_tsc extd_apicid aperfmperf pni pclmulqdq monitor ssse3 fma cx16 sse4_1 sse4_2 popcnt aes xsave avx f16c lahf_lm cmp_legacy svm extapic cr8_legacy abm sse4a misalignsse 3dnowprefetch osvw ibs xop skinit wdt lwp fma4 tce nodeid_msr tbm topoext perfctr_core perfctr_nb arat cpb hw_pstate npt lbrv svm_lock nrip_save tsc_scale vmcb_clean flushbyasid decodeassists pausefilter pfthreshold vmmcall bmi1
bugs		: fxsave_leak
bogomips	: 5989.21
TLB size	: 1536 4K pages
clflush size	: 64
cache_alignment	: 64
address sizes	: 48 bits physical, 48 bits virtual
power management: ts ttp tm 100mhzsteps hwpstate cpb eff_freq_ro

processor	: 1
vendor_id	: AuthenticAMD
cpu family	: 21
model		: 19
model name	: AMD A4-4000 APU with Radeon(tm) HD Graphics    
stepping	: 1
microcode	: 0x6001119
cpu MHz		: 3000.000
cache size	: 1024 KB
physical id	: 0
siblings	: 2
core id		: 1
cpu cores	: 1
apicid		: 17
initial apicid	: 1
fpu		: yes
fpu_exception	: yes
cpuid level	: 13
wp		: yes
flags		: fpu vme de pse tsc msr pae mce cx8 apic sep mtrr pge mca cmov pat pse36 clflush mmx fxsr sse sse2 ht syscall nx mmxext fxsr_opt pdpe1gb rdtscp lm constant_tsc rep_good nopl nonstop_tsc extd_apicid aperfmperf pni pclmulqdq monitor ssse3 fma cx16 sse4_1 sse4_2 popcnt aes xsave avx f16c lahf_lm cmp_legacy svm extapic cr8_legacy abm sse4a misalignsse 3dnowprefetch osvw ibs xop skinit wdt lwp fma4 tce nodeid_msr tbm topoext perfctr_core perfctr_nb arat cpb hw_pstate npt lbrv svm_lock nrip_save tsc_scale vmcb_clean flushbyasid decodeassists pausefilter pfthreshold vmmcall bmi1
bugs		: fxsave_leak
bogomips	: 5989.21
TLB size	: 1536 4K pages
clflush size	: 64
cache_alignment	: 64
address sizes	: 48 bits physical, 48 bits virtual
power management: ts ttp tm 100mhzsteps hwpstate cpb eff_freq_ro



Memory: 4k page, physical 8056656k(2498072k free), swap 3998716k(3998716k free)

vm_info: Java HotSpot(TM) 64-Bit Server VM (25.111-b14) for linux-amd64 JRE (1.8.0_111-b14), built on Sep 22 2016 16:14:03 by "java_re" with gcc 4.3.0 20080428 (Red Hat 4.3.0-8)

time: Tue Dec  6 18:57:29 2016
elapsed time: 23 seconds (0d 0h 0m 23s)

