#
# A fatal error has been detected by the Java Runtime Environment:
#
#  SIGSEGV (0xb) at pc=0x00007fd469709e9f, pid=3750, tid=0x00007fd42440f700
#
# JRE version: Java(TM) SE Runtime Environment (8.0_111-b14) (build 1.8.0_111-b14)
# Java VM: Java HotSpot(TM) 64-Bit Server VM (25.111-b14 mixed mode linux-amd64 compressed oops)
# Problematic frame:
# V  [libjvm.so+0x6d1e9f]  jni_invoke_nonstatic(JNIEnv_*, JavaValue*, _jobject*, JNICallType, _jmethodID*, JNI_ArgumentPusher*, Thread*)+0x1af
#
# Failed to write core dump. Core dumps have been disabled. To enable core dumping, try "ulimit -c unlimited" before starting Java again
#
# If you would like to submit a bug report, please visit:
#   http://bugreport.java.com/bugreport/crash.jsp
#

---------------  T H R E A D  ---------------

Current thread (0x00007fd464124000):  JavaThread "Thread-0" [_thread_in_vm, id=3766, stack(0x00007fd42430f000,0x00007fd424410000)]

siginfo: si_signo: 11 (SIGSEGV), si_code: 1 (SEGV_MAPERR), si_addr: 0x0000000000000008

Registers:
RAX=0x00007fd469729830, RBX=0x0000000000000002, RCX=0x0000000000000000, RDX=0x00007fd42440e250
RSP=0x00007fd42440e0a0, RBP=0x00007fd42440e220, RSI=0x0000000100060828, RDI=0x00007fd4641241f8
R8 =0x0000000000000015, R9 =0x00007fd42440e250, R10=0x00007fd46a3e4be0, R11=0x0000000000000000
R12=0x00000000d71fd670, R13=0x0000000000000000, R14=0x00007fd464124830, R15=0x0000000000000000
RIP=0x00007fd469709e9f, EFLAGS=0x0000000000010246, CSGSFS=0x0000000000000033, ERR=0x0000000000000004
  TRAPNO=0x000000000000000e

Top of Stack: (sp=0x00007fd42440e0a0)
0x00007fd42440e0a0:   00007fd42440e210 00007fd4696c8385
0x00007fd42440e0b0:   00007fd42440e100 00007fd464124000
0x00007fd42440e0c0:   00007fd42440e250 00007fd42440e2b0
0x00007fd42440e0d0:   00007fd4641241f8 00007fd469729830
0x00007fd42440e0e0:   00007fd434000e60 00007fd434000e70
0x00007fd42440e0f0:   00007fd434001248 00000000000003d8
0x00007fd42440e100:   00007fd42440e6c0 00007fd4641248c8
0x00007fd42440e110:   00007fd42440e718 00007fd42440e400
0x00007fd42440e120:   00007fd464124000 00007fd464124870
0x00007fd42440e130:   00007fd4641248b0 00007fd4641248d8
0x00007fd42440e140:   00007fd464124998 00000000000001d8
0x00007fd42440e150:   00007fd42440e910 00007fd42440e108
0x00007fd42440e160:   00007fd42440e149 0000000800000001
0x00007fd42440e170:   0000000000000000 00007fd464124000
0x00007fd42440e180:   00007fd44f6646e8 00007fd464124000
0x00007fd42440e190:   00007fd464124000 00007fd464124000
0x00007fd42440e1a0:   00007fd42440e1d0 00007fd46aaa28c0
0x00007fd42440e1b0:   00007fd44f6646e8 00007fd46aa39dc9
0x00007fd42440e1c0:   00007fd44f6646e8 0000000008a5f2ef
0x00007fd42440e1d0:   0000000000000005 0000000000000018
0x00007fd42440e1e0:   00007fd464118bc8 00007fd46aa3a816
0x00007fd42440e1f0:   00007fd4340010a0 00007fd42440e250
0x00007fd42440e200:   00007fd464124000 00007fd42440e290
0x00007fd42440e210:   00007fd4640f40c0 00007fd4641241f8
0x00007fd42440e220:   00007fd42440e310 00007fd46970e4cf
0x00007fd42440e230:   00007fd464124000 0000000000000000
0x00007fd42440e240:   00007fd42440e348 00007fd46406d5b0
0x00007fd42440e250:   00007fd469f97750 00007fd46aaa24c0
0x00007fd42440e260:   0000000000000000 0000000100000063
0x00007fd42440e270:   00007fd42440e100 0000003000000018
0x00007fd42440e280:   00007fd42440e420 00007fd42440e360
0x00007fd42440e290:   00007fd464124000 0000000000000000 

Instructions: (pc=0x00007fd469709e9f)
0x00007fd469709e7f:   ff ff 74 1c 48 8b 45 10 4c 89 6d c0 48 8d 75 c0
0x00007fd469709e8f:   48 8b b8 40 01 00 00 e8 e5 60 c7 ff 4c 8b 7d 10
0x00007fd469709e9f:   49 8b 45 08 0f b7 50 24 48 8b 40 08 48 8b 74 d0
0x00007fd469709eaf:   50 48 8d 95 60 ff ff ff 48 89 d7 48 89 95 98 fe 

Register to memory mapping:

RAX=0x00007fd469729830: <offset 0x6f1830> in /usr/lib/jvm/jdk1.8.0_111/jre/lib/amd64/server/libjvm.so at 0x00007fd469038000
RBX=0x0000000000000002 is an unknown value
RCX=0x0000000000000000 is an unknown value
RDX=0x00007fd42440e250 is pointing into the stack for thread: 0x00007fd464124000
RSP=0x00007fd42440e0a0 is pointing into the stack for thread: 0x00007fd464124000
RBP=0x00007fd42440e220 is pointing into the stack for thread: 0x00007fd464124000
RSI=0x0000000100060828 is pointing into metadata
RDI=0x00007fd4641241f8 is an unknown value
R8 =0x0000000000000015 is an unknown value
R9 =0x00007fd42440e250 is pointing into the stack for thread: 0x00007fd464124000
R10=0x00007fd46a3e4be0: <offset 0x3bcbe0> in /lib/x86_64-linux-gnu/libc.so.6 at 0x00007fd46a028000
R11=0x0000000000000000 is an unknown value
R12=0x00000000d71fd670 is an oop
uaz.fingerprint.Message 
 - klass: 'uaz/fingerprint/Message'
R13=0x0000000000000000 is an unknown value
R14=0x00007fd464124830 is an unknown value
R15=0x0000000000000000 is an unknown value


Stack: [0x00007fd42430f000,0x00007fd424410000],  sp=0x00007fd42440e0a0,  free space=1020k
Native frames: (J=compiled Java code, j=interpreted, Vv=VM code, C=native code)
V  [libjvm.so+0x6d1e9f]  jni_invoke_nonstatic(JNIEnv_*, JavaValue*, _jobject*, JNICallType, _jmethodID*, JNI_ArgumentPusher*, Thread*)+0x1af
V  [libjvm.so+0x6d64cf]  jni_CallVoidMethodV+0x10f
C  [libfingerprint3098839443552515492.so+0x4617]  JNIEnv_::CallVoidMethod(_jobject*, _jmethodID*, ...)+0xb5
C  [libfingerprint3098839443552515492.so+0x328d]  callbackStopCapture(fp_dev*, void*)+0x127
C  [libfprint.so.0+0xfa4a]  fpi_imgdev_deactivate_complete+0x2a

Java frames: (J=compiled Java code, j=interpreted, Vv=VM code)
J 64  uaz.fingerprint.Reader.nativeHandleEvents(I)I (0 bytes) @ 0x00007fd454cf7cf8 [0x00007fd454cf7cc0+0x38]
j  uaz.fingerprint.ReaderDispatcher.run()V+660
j  java.lang.Thread.run()V+11
v  ~StubRoutines::call_stub

---------------  P R O C E S S  ---------------

Java Threads: ( => current thread )
  0x00007fd46400a000 JavaThread "DestroyJavaVM" [_thread_blocked, id=3752, stack(0x00007fd46ab51000,0x00007fd46ac52000)]
=>0x00007fd464124000 JavaThread "Thread-0" [_thread_in_vm, id=3766, stack(0x00007fd42430f000,0x00007fd424410000)]
  0x00007fd4640ba000 JavaThread "Service Thread" daemon [_thread_blocked, id=3763, stack(0x00007fd44ded4000,0x00007fd44dfd5000)]
  0x00007fd4640b7800 JavaThread "C1 CompilerThread1" daemon [_thread_blocked, id=3762, stack(0x00007fd44dfd5000,0x00007fd44e0d6000)]
  0x00007fd4640b4800 JavaThread "C2 CompilerThread0" daemon [_thread_blocked, id=3761, stack(0x00007fd44e0d6000,0x00007fd44e1d7000)]
  0x00007fd4640b3000 JavaThread "Signal Dispatcher" daemon [_thread_blocked, id=3760, stack(0x00007fd44e1d7000,0x00007fd44e2d8000)]
  0x00007fd464080000 JavaThread "Finalizer" daemon [_thread_blocked, id=3759, stack(0x00007fd44e817000,0x00007fd44e918000)]
  0x00007fd46407b800 JavaThread "Reference Handler" daemon [_thread_blocked, id=3758, stack(0x00007fd44e918000,0x00007fd44ea19000)]

Other Threads:
  0x00007fd464073800 VMThread [stack: 0x00007fd44ea19000,0x00007fd44eb1a000] [id=3757]
  0x00007fd4640bd000 WatcherThread [stack: 0x00007fd44ddd3000,0x00007fd44ded4000] [id=3764]

VM state:not at safepoint (normal execution)

VM Mutex/Monitor currently owned by a thread: None

Heap:
 PSYoungGen      total 36864K, used 3174K [0x00000000d7000000, 0x00000000d9900000, 0x0000000100000000)
  eden space 31744K, 10% used [0x00000000d7000000,0x00000000d7319b58,0x00000000d8f00000)
  from space 5120K, 0% used [0x00000000d9400000,0x00000000d9400000,0x00000000d9900000)
  to   space 5120K, 0% used [0x00000000d8f00000,0x00000000d8f00000,0x00000000d9400000)
 ParOldGen       total 84992K, used 0K [0x0000000085000000, 0x000000008a300000, 0x00000000d7000000)
  object space 84992K, 0% used [0x0000000085000000,0x0000000085000000,0x000000008a300000)
 Metaspace       used 3449K, capacity 4600K, committed 4864K, reserved 1056768K
  class space    used 384K, capacity 424K, committed 512K, reserved 1048576K

Card table byte_map: [0x00007fd454437000,0x00007fd454810000] byte_map_base: 0x00007fd45400f000

Marking Bits: (ParMarkBitMap*) 0x00007fd469ffb220
 Begin Bits: [0x00007fd450225000, 0x00007fd4520e5000)
 End Bits:   [0x00007fd4520e5000, 0x00007fd453fa5000)

Polling page: 0x00007fd46ac55000

CodeCache: size=245760Kb used=1224Kb max_used=1236Kb free=244535Kb
 bounds [0x00007fd454bd0000, 0x00007fd454e40000, 0x00007fd463bd0000]
 total_blobs=320 nmethods=69 adapters=166
 compilation: enabled

Compilation events (10 events):
Event: 0.408 Thread 0x00007fd4640b4800   65   !   4       uaz.fingerprint.ReaderDispatcher::pickMessage (25 bytes)
Event: 0.414 Thread 0x00007fd4640b4800 nmethod 65 0x00007fd454cfb590 code [0x00007fd454cfb6e0, 0x00007fd454cfb958]
Event: 0.515 Thread 0x00007fd4640b7800   66 % !   3       uaz.fingerprint.ReaderDispatcher::run @ 0 (668 bytes)
Event: 0.519 Thread 0x00007fd4640b7800 nmethod 66% 0x00007fd454cfba90 code [0x00007fd454cfbfc0, 0x00007fd454cfeb18]
Event: 0.519 Thread 0x00007fd4640b7800   67   !   3       uaz.fingerprint.ReaderDispatcher::run (668 bytes)
Event: 0.519 Thread 0x00007fd4640b4800   68       4       java.util.PriorityQueue::poll (64 bytes)
Event: 0.520 Thread 0x00007fd4640b4800 nmethod 68 0x00007fd454d00250 code [0x00007fd454d003a0, 0x00007fd454d00418]
Event: 0.523 Thread 0x00007fd4640b7800 nmethod 67 0x00007fd454d00490 code [0x00007fd454d009c0, 0x00007fd454d033f8]
Event: 0.565 Thread 0x00007fd4640b4800   69 % !   4       uaz.fingerprint.ReaderDispatcher::run @ 0 (668 bytes)
Event: 0.569 Thread 0x00007fd4640b4800 nmethod 69% 0x00007fd454cf9950 code [0x00007fd454cf9ac0, 0x00007fd454cf9de8]

GC Heap History (0 events):
No events

Deoptimization events (1 events):
Event: 3.473 Thread 0x00007fd464124000 Uncommon trap: reason=unstable_if action=reinterpret pc=0x00007fd454cf9d40 method=java.util.PriorityQueue.poll()Ljava/lang/Object; @ 4

Internal exceptions (6 events):
Event: 0.068 Thread 0x00007fd46400a000 Exception <a 'java/lang/NoSuchMethodError': Method sun.misc.Unsafe.defineClass(Ljava/lang/String;[BII)Ljava/lang/Class; name or signature does not match> (0x00000000d7007c78) thrown at [/HUDSON3/workspace/8-2-build-linux-amd64/jdk8u111/7883/hotspot/src/sh
Event: 0.068 Thread 0x00007fd46400a000 Exception <a 'java/lang/NoSuchMethodError': Method sun.misc.Unsafe.prefetchRead(Ljava/lang/Object;J)V name or signature does not match> (0x00000000d7007f60) thrown at [/HUDSON3/workspace/8-2-build-linux-amd64/jdk8u111/7883/hotspot/src/share/vm/prims/jni.c
Event: 0.245 Thread 0x00007fd46400a000 Exception <a 'java/security/PrivilegedActionException'> (0x00000000d7175e60) thrown at [/HUDSON3/workspace/8-2-build-linux-amd64/jdk8u111/7883/hotspot/src/share/vm/prims/jvm.cpp, line 1386]
Event: 0.245 Thread 0x00007fd46400a000 Exception <a 'java/security/PrivilegedActionException'> (0x00000000d7176070) thrown at [/HUDSON3/workspace/8-2-build-linux-amd64/jdk8u111/7883/hotspot/src/share/vm/prims/jvm.cpp, line 1386]
Event: 0.246 Thread 0x00007fd46400a000 Exception <a 'java/security/PrivilegedActionException'> (0x00000000d7178448) thrown at [/HUDSON3/workspace/8-2-build-linux-amd64/jdk8u111/7883/hotspot/src/share/vm/prims/jvm.cpp, line 1386]
Event: 0.246 Thread 0x00007fd46400a000 Exception <a 'java/security/PrivilegedActionException'> (0x00000000d7178658) thrown at [/HUDSON3/workspace/8-2-build-linux-amd64/jdk8u111/7883/hotspot/src/share/vm/prims/jvm.cpp, line 1386]

Events (10 events):
Event: 0.393 loading class java/util/TreeMap$Entry done
Event: 0.396 Thread 0x00007fd46400a000 Thread exited: 0x00007fd46400a000
Event: 0.396 Thread 0x00007fd46400a000 Thread added: 0x00007fd46400a000
Event: 0.575 Thread 0x00007fd464124000 DEOPT PACKING pc=0x00007fd454cfe7f5 sp=0x00007fd42440e710
Event: 0.575 Thread 0x00007fd464124000 DEOPT UNPACKING pc=0x00007fd454c17233 sp=0x00007fd42440e4b0 mode 0
Event: 3.470 loading class uaz/fingerprint/FingerprintImage
Event: 3.470 loading class uaz/fingerprint/FingerprintImage done
Event: 3.473 Thread 0x00007fd464124000 Uncommon trap: trap_request=0xffffff65 fr.pc=0x00007fd454cf9d40
Event: 3.473 Thread 0x00007fd464124000 DEOPT PACKING pc=0x00007fd454cf9d40 sp=0x00007fd42440e790
Event: 3.473 Thread 0x00007fd464124000 DEOPT UNPACKING pc=0x00007fd454bd5229 sp=0x00007fd42440e650 mode 2


Dynamic libraries:
00400000-00401000 r-xp 00000000 08:06 10486455                           /usr/lib/jvm/jdk1.8.0_111/jre/bin/java
00600000-00601000 rw-p 00000000 08:06 10486455                           /usr/lib/jvm/jdk1.8.0_111/jre/bin/java
014a5000-014c6000 rw-p 00000000 00:00 0                                  [heap]
85000000-8a300000 rw-p 00000000 00:00 0 
8a300000-d7000000 ---p 00000000 00:00 0 
d7000000-d9900000 rw-p 00000000 00:00 0 
d9900000-100000000 ---p 00000000 00:00 0 
100000000-100080000 rw-p 00000000 00:00 0 
100080000-140000000 ---p 00000000 00:00 0 
7fd418000000-7fd4180fa000 rw-p 00000000 00:00 0 
7fd4180fa000-7fd41c000000 ---p 00000000 00:00 0 
7fd41f031000-7fd41f2b8000 rw-p 00000000 00:00 0 
7fd41f2b8000-7fd41f333000 r-xp 00000000 08:06 794106                     /usr/lib/x86_64-linux-gnu/nss/libfreebl3.so
7fd41f333000-7fd41f532000 ---p 0007b000 08:06 794106                     /usr/lib/x86_64-linux-gnu/nss/libfreebl3.so
7fd41f532000-7fd41f534000 r--p 0007a000 08:06 794106                     /usr/lib/x86_64-linux-gnu/nss/libfreebl3.so
7fd41f534000-7fd41f535000 rw-p 0007c000 08:06 794106                     /usr/lib/x86_64-linux-gnu/nss/libfreebl3.so
7fd41f535000-7fd41f539000 rw-p 00000000 00:00 0 
7fd41f540000-7fd41f5f4000 r-xp 00000000 08:06 271632                     /usr/lib/x86_64-linux-gnu/libsqlite3.so.0.8.6
7fd41f5f4000-7fd41f7f4000 ---p 000b4000 08:06 271632                     /usr/lib/x86_64-linux-gnu/libsqlite3.so.0.8.6
7fd41f7f4000-7fd41f7f6000 r--p 000b4000 08:06 271632                     /usr/lib/x86_64-linux-gnu/libsqlite3.so.0.8.6
7fd41f7f6000-7fd41f7f8000 rw-p 000b6000 08:06 271632                     /usr/lib/x86_64-linux-gnu/libsqlite3.so.0.8.6
7fd41f7f8000-7fd41f7f9000 rw-p 00000000 00:00 0 
7fd41f7ff000-7fd41f800000 ---p 00000000 00:00 0 
7fd41f800000-7fd420000000 rw-p 00000000 00:00 0                          [stack:3765]
7fd420000000-7fd420021000 rw-p 00000000 00:00 0 
7fd420021000-7fd424000000 ---p 00000000 00:00 0 
7fd4240c8000-7fd424109000 r-xp 00000000 08:06 794105                     /usr/lib/x86_64-linux-gnu/nss/libsoftokn3.so
7fd424109000-7fd424308000 ---p 00041000 08:06 794105                     /usr/lib/x86_64-linux-gnu/nss/libsoftokn3.so
7fd424308000-7fd424309000 r--p 00040000 08:06 794105                     /usr/lib/x86_64-linux-gnu/nss/libsoftokn3.so
7fd424309000-7fd42430a000 rw-p 00041000 08:06 794105                     /usr/lib/x86_64-linux-gnu/nss/libsoftokn3.so
7fd42430f000-7fd424312000 ---p 00000000 00:00 0 
7fd424312000-7fd424410000 rw-p 00000000 00:00 0                          [stack:3766]
7fd424410000-7fd424454000 r-xp 00000000 08:06 11276542                   /lib/x86_64-linux-gnu/libdbus-1.so.3.7.6
7fd424454000-7fd424653000 ---p 00044000 08:06 11276542                   /lib/x86_64-linux-gnu/libdbus-1.so.3.7.6
7fd424653000-7fd424654000 r--p 00043000 08:06 11276542                   /lib/x86_64-linux-gnu/libdbus-1.so.3.7.6
7fd424654000-7fd424655000 rw-p 00044000 08:06 11276542                   /lib/x86_64-linux-gnu/libdbus-1.so.3.7.6
7fd424658000-7fd424660000 r-xp 00000000 08:06 11276591                   /lib/x86_64-linux-gnu/libnih-dbus.so.1.0.0
7fd424660000-7fd424860000 ---p 00008000 08:06 11276591                   /lib/x86_64-linux-gnu/libnih-dbus.so.1.0.0
7fd424860000-7fd424861000 r--p 00008000 08:06 11276591                   /lib/x86_64-linux-gnu/libnih-dbus.so.1.0.0
7fd424861000-7fd424862000 rw-p 00009000 08:06 11276591                   /lib/x86_64-linux-gnu/libnih-dbus.so.1.0.0
7fd424868000-7fd42487f000 r-xp 00000000 08:06 11276593                   /lib/x86_64-linux-gnu/libnih.so.1.0.0
7fd42487f000-7fd424a7e000 ---p 00017000 08:06 11276593                   /lib/x86_64-linux-gnu/libnih.so.1.0.0
7fd424a7e000-7fd424a7f000 r--p 00016000 08:06 11276593                   /lib/x86_64-linux-gnu/libnih.so.1.0.0
7fd424a7f000-7fd424a80000 rw-p 00017000 08:06 11276593                   /lib/x86_64-linux-gnu/libnih.so.1.0.0
7fd424a80000-7fd424a99000 r-xp 00000000 08:06 11276533                   /lib/x86_64-linux-gnu/libcgmanager.so.0.0.0
7fd424a99000-7fd424c98000 ---p 00019000 08:06 11276533                   /lib/x86_64-linux-gnu/libcgmanager.so.0.0.0
7fd424c98000-7fd424c9a000 r--p 00018000 08:06 11276533                   /lib/x86_64-linux-gnu/libcgmanager.so.0.0.0
7fd424c9a000-7fd424c9b000 rw-p 0001a000 08:06 11276533                   /lib/x86_64-linux-gnu/libcgmanager.so.0.0.0
7fd424ca0000-7fd424cd9000 r-xp 00000000 08:06 268901                     /usr/lib/x86_64-linux-gnu/libnspr4.so
7fd424cd9000-7fd424ed8000 ---p 00039000 08:06 268901                     /usr/lib/x86_64-linux-gnu/libnspr4.so
7fd424ed8000-7fd424ed9000 r--p 00038000 08:06 268901                     /usr/lib/x86_64-linux-gnu/libnspr4.so
7fd424ed9000-7fd424eda000 rw-p 00039000 08:06 268901                     /usr/lib/x86_64-linux-gnu/libnspr4.so
7fd424eda000-7fd424edd000 rw-p 00000000 00:00 0 
7fd424ee0000-7fd424f37000 r-xp 00000000 08:06 787714                     /usr/local/lib/libfprint.so.0.0.0
7fd424f37000-7fd425136000 ---p 00057000 08:06 787714                     /usr/local/lib/libfprint.so.0.0.0
7fd425136000-7fd425137000 r--p 00056000 08:06 787714                     /usr/local/lib/libfprint.so.0.0.0
7fd425137000-7fd425148000 rw-p 00057000 08:06 787714                     /usr/local/lib/libfprint.so.0.0.0
7fd425148000-7fd427ff9000 rw-p 00000000 00:00 0 
7fd428000000-7fd428094000 rw-p 00000000 00:00 0 
7fd428094000-7fd42c000000 ---p 00000000 00:00 0 
7fd42c000000-7fd42c021000 rw-p 00000000 00:00 0 
7fd42c021000-7fd430000000 ---p 00000000 00:00 0 
7fd430000000-7fd430021000 rw-p 00000000 00:00 0 
7fd430021000-7fd434000000 ---p 00000000 00:00 0 
7fd434000000-7fd4340a6000 rw-p 00000000 00:00 0 
7fd4340a6000-7fd438000000 ---p 00000000 00:00 0 
7fd438000000-7fd438021000 rw-p 00000000 00:00 0 
7fd438021000-7fd43c000000 ---p 00000000 00:00 0 
7fd43c000000-7fd43c021000 rw-p 00000000 00:00 0 
7fd43c021000-7fd440000000 ---p 00000000 00:00 0 
7fd440000000-7fd440021000 rw-p 00000000 00:00 0 
7fd440021000-7fd444000000 ---p 00000000 00:00 0 
7fd444000000-7fd444021000 rw-p 00000000 00:00 0 
7fd444021000-7fd448000000 ---p 00000000 00:00 0 
7fd448000000-7fd448021000 rw-p 00000000 00:00 0 
7fd448021000-7fd44c000000 ---p 00000000 00:00 0 
7fd44c0d8000-7fd44c0db000 r-xp 00000000 08:06 268900                     /usr/lib/x86_64-linux-gnu/libplds4.so
7fd44c0db000-7fd44c2da000 ---p 00003000 08:06 268900                     /usr/lib/x86_64-linux-gnu/libplds4.so
7fd44c2da000-7fd44c2db000 r--p 00002000 08:06 268900                     /usr/lib/x86_64-linux-gnu/libplds4.so
7fd44c2db000-7fd44c2dc000 rw-p 00003000 08:06 268900                     /usr/lib/x86_64-linux-gnu/libplds4.so
7fd44c2e0000-7fd44c2e4000 r-xp 00000000 08:06 268861                     /usr/lib/x86_64-linux-gnu/libplc4.so
7fd44c2e4000-7fd44c4e3000 ---p 00004000 08:06 268861                     /usr/lib/x86_64-linux-gnu/libplc4.so
7fd44c4e3000-7fd44c4e4000 r--p 00003000 08:06 268861                     /usr/lib/x86_64-linux-gnu/libplc4.so
7fd44c4e4000-7fd44c4e5000 rw-p 00004000 08:06 268861                     /usr/lib/x86_64-linux-gnu/libplc4.so
7fd44c4e8000-7fd44c50d000 r-xp 00000000 08:06 268074                     /usr/lib/x86_64-linux-gnu/libnssutil3.so
7fd44c50d000-7fd44c70d000 ---p 00025000 08:06 268074                     /usr/lib/x86_64-linux-gnu/libnssutil3.so
7fd44c70d000-7fd44c713000 r--p 00025000 08:06 268074                     /usr/lib/x86_64-linux-gnu/libnssutil3.so
7fd44c713000-7fd44c714000 rw-p 0002b000 08:06 268074                     /usr/lib/x86_64-linux-gnu/libnssutil3.so
7fd44c718000-7fd44c755000 r-xp 00000000 08:06 11276632                   /lib/x86_64-linux-gnu/libpcre.so.3.13.1
7fd44c755000-7fd44c954000 ---p 0003d000 08:06 11276632                   /lib/x86_64-linux-gnu/libpcre.so.3.13.1
7fd44c954000-7fd44c955000 r--p 0003c000 08:06 11276632                   /lib/x86_64-linux-gnu/libpcre.so.3.13.1
7fd44c955000-7fd44c956000 rw-p 0003d000 08:06 11276632                   /lib/x86_64-linux-gnu/libpcre.so.3.13.1
7fd44c958000-7fd44c968000 r-xp 00000000 08:06 11276675                   /lib/x86_64-linux-gnu/libudev.so.1.3.5
7fd44c968000-7fd44cb67000 ---p 00010000 08:06 11276675                   /lib/x86_64-linux-gnu/libudev.so.1.3.5
7fd44cb67000-7fd44cb68000 r--p 0000f000 08:06 11276675                   /lib/x86_64-linux-gnu/libudev.so.1.3.5
7fd44cb68000-7fd44cb69000 rw-p 00010000 08:06 11276675                   /lib/x86_64-linux-gnu/libudev.so.1.3.5
7fd44cb70000-7fd44cb86000 r-xp 00000000 08:06 11273328                   /lib/x86_64-linux-gnu/libgcc_s.so.1
7fd44cb86000-7fd44cd85000 ---p 00016000 08:06 11273328                   /lib/x86_64-linux-gnu/libgcc_s.so.1
7fd44cd85000-7fd44cd86000 rw-p 00015000 08:06 11273328                   /lib/x86_64-linux-gnu/libgcc_s.so.1
7fd44cd88000-7fd44ce29000 r-xp 00000000 08:06 271486                     /usr/lib/x86_64-linux-gnu/libpixman-1.so.0.30.2
7fd44ce29000-7fd44d029000 ---p 000a1000 08:06 271486                     /usr/lib/x86_64-linux-gnu/libpixman-1.so.0.30.2
7fd44d029000-7fd44d030000 r--p 000a1000 08:06 271486                     /usr/lib/x86_64-linux-gnu/libpixman-1.so.0.30.2
7fd44d030000-7fd44d031000 rw-p 000a8000 08:06 271486                     /usr/lib/x86_64-linux-gnu/libpixman-1.so.0.30.2
7fd44d038000-7fd44d16d000 r-xp 00000000 08:06 268076                     /usr/lib/x86_64-linux-gnu/libnss3.so
7fd44d16d000-7fd44d36c000 ---p 00135000 08:06 268076                     /usr/lib/x86_64-linux-gnu/libnss3.so
7fd44d36c000-7fd44d371000 r--p 00134000 08:06 268076                     /usr/lib/x86_64-linux-gnu/libnss3.so
7fd44d371000-7fd44d373000 rw-p 00139000 08:06 268076                     /usr/lib/x86_64-linux-gnu/libnss3.so
7fd44d373000-7fd44d374000 rw-p 00000000 00:00 0 
7fd44d378000-7fd44d47e000 r-xp 00000000 08:06 11276559                   /lib/x86_64-linux-gnu/libglib-2.0.so.0.4002.0
7fd44d47e000-7fd44d67d000 ---p 00106000 08:06 11276559                   /lib/x86_64-linux-gnu/libglib-2.0.so.0.4002.0
7fd44d67d000-7fd44d67e000 r--p 00105000 08:06 11276559                   /lib/x86_64-linux-gnu/libglib-2.0.so.0.4002.0
7fd44d67e000-7fd44d67f000 rw-p 00106000 08:06 11276559                   /lib/x86_64-linux-gnu/libglib-2.0.so.0.4002.0
7fd44d67f000-7fd44d680000 rw-p 00000000 00:00 0 
7fd44d680000-7fd44d695000 r-xp 00000000 08:06 11276681                   /lib/x86_64-linux-gnu/libusb-1.0.so.0.1.0
7fd44d695000-7fd44d895000 ---p 00015000 08:06 11276681                   /lib/x86_64-linux-gnu/libusb-1.0.so.0.1.0
7fd44d895000-7fd44d896000 r--p 00015000 08:06 11276681                   /lib/x86_64-linux-gnu/libusb-1.0.so.0.1.0
7fd44d896000-7fd44d897000 rw-p 00016000 08:06 11276681                   /lib/x86_64-linux-gnu/libusb-1.0.so.0.1.0
7fd44d898000-7fd44d97e000 r-xp 00000000 08:06 262560                     /usr/lib/x86_64-linux-gnu/libstdc++.so.6.0.19
7fd44d97e000-7fd44db7d000 ---p 000e6000 08:06 262560                     /usr/lib/x86_64-linux-gnu/libstdc++.so.6.0.19
7fd44db7d000-7fd44db85000 r--p 000e5000 08:06 262560                     /usr/lib/x86_64-linux-gnu/libstdc++.so.6.0.19
7fd44db85000-7fd44db87000 rw-p 000ed000 08:06 262560                     /usr/lib/x86_64-linux-gnu/libstdc++.so.6.0.19
7fd44db87000-7fd44db9c000 rw-p 00000000 00:00 0 
7fd44dbc0000-7fd44dbc7000 r--s 00000000 08:06 786750                     /usr/lib/x86_64-linux-gnu/gconv/gconv-modules.cache
7fd44dbc8000-7fd44dbce000 r-xp 00000000 08:06 131099                     /tmp/libfingerprint3098839443552515492.so
7fd44dbce000-7fd44ddcd000 ---p 00006000 08:06 131099                     /tmp/libfingerprint3098839443552515492.so
7fd44ddcd000-7fd44ddce000 r--p 00005000 08:06 131099                     /tmp/libfingerprint3098839443552515492.so
7fd44ddce000-7fd44ddcf000 rw-p 00006000 08:06 131099                     /tmp/libfingerprint3098839443552515492.so
7fd44ddd3000-7fd44ddd4000 ---p 00000000 00:00 0 
7fd44ddd4000-7fd44ded4000 rw-p 00000000 00:00 0                          [stack:3764]
7fd44ded4000-7fd44ded7000 ---p 00000000 00:00 0 
7fd44ded7000-7fd44dfd5000 rw-p 00000000 00:00 0                          [stack:3763]
7fd44dfd5000-7fd44dfd8000 ---p 00000000 00:00 0 
7fd44dfd8000-7fd44e0d6000 rw-p 00000000 00:00 0                          [stack:3762]
7fd44e0d6000-7fd44e0d9000 ---p 00000000 00:00 0 
7fd44e0d9000-7fd44e1d7000 rw-p 00000000 00:00 0                          [stack:3761]
7fd44e1d7000-7fd44e1da000 ---p 00000000 00:00 0 
7fd44e1da000-7fd44e2d8000 rw-p 00000000 00:00 0                          [stack:3760]
7fd44e2d8000-7fd44e816000 r--p 00000000 08:06 269140                     /usr/lib/locale/locale-archive
7fd44e817000-7fd44e81a000 ---p 00000000 00:00 0 
7fd44e81a000-7fd44e918000 rw-p 00000000 00:00 0                          [stack:3759]
7fd44e918000-7fd44e91b000 ---p 00000000 00:00 0 
7fd44e91b000-7fd44ea19000 rw-p 00000000 00:00 0                          [stack:3758]
7fd44ea19000-7fd44ea1a000 ---p 00000000 00:00 0 
7fd44ea1a000-7fd44f472000 rw-p 00000000 00:00 0                          [stack:3757]
7fd44f472000-7fd44f64a000 r--s 03d2a000 08:06 10486172                   /usr/lib/jvm/jdk1.8.0_111/jre/lib/rt.jar
7fd44f64d000-7fd44fa8d000 rw-p 00000000 00:00 0 
7fd44fa8d000-7fd44fe4d000 ---p 00000000 00:00 0 
7fd44fe4d000-7fd453fa5000 rw-p 00000000 00:00 0 
7fd453fa5000-7fd453fa6000 ---p 00000000 00:00 0 
7fd453fa6000-7fd4540a6000 rw-p 00000000 00:00 0                          [stack:3756]
7fd4540a6000-7fd4540a7000 ---p 00000000 00:00 0 
7fd4540a7000-7fd4541d1000 rw-p 00000000 00:00 0                          [stack:3755]
7fd4541d1000-7fd454437000 ---p 00000000 00:00 0 
7fd454437000-7fd454461000 rw-p 00000000 00:00 0 
7fd454461000-7fd4546c7000 ---p 00000000 00:00 0 
7fd4546c7000-7fd4546dc000 rw-p 00000000 00:00 0 
7fd4546dc000-7fd45480f000 ---p 00000000 00:00 0 
7fd45480f000-7fd45481a000 rw-p 00000000 00:00 0 
7fd45481a000-7fd454bd0000 ---p 00000000 00:00 0 
7fd454bd0000-7fd454e40000 rwxp 00000000 00:00 0 
7fd454e40000-7fd463bd0000 ---p 00000000 00:00 0 
7fd463bd0000-7fd463bea000 r-xp 00000000 08:06 10486203                   /usr/lib/jvm/jdk1.8.0_111/jre/lib/amd64/libzip.so
7fd463bea000-7fd463dea000 ---p 0001a000 08:06 10486203                   /usr/lib/jvm/jdk1.8.0_111/jre/lib/amd64/libzip.so
7fd463dea000-7fd463deb000 rw-p 0001a000 08:06 10486203                   /usr/lib/jvm/jdk1.8.0_111/jre/lib/amd64/libzip.so
7fd463df0000-7fd463dfb000 r-xp 00000000 08:06 11273355                   /lib/x86_64-linux-gnu/libnss_files-2.19.so
7fd463dfb000-7fd463ffa000 ---p 0000b000 08:06 11273355                   /lib/x86_64-linux-gnu/libnss_files-2.19.so
7fd463ffa000-7fd463ffb000 r--p 0000a000 08:06 11273355                   /lib/x86_64-linux-gnu/libnss_files-2.19.so
7fd463ffb000-7fd463ffc000 rw-p 0000b000 08:06 11273355                   /lib/x86_64-linux-gnu/libnss_files-2.19.so
7fd464000000-7fd464134000 rw-p 00000000 00:00 0 
7fd464134000-7fd468000000 ---p 00000000 00:00 0 
7fd468007000-7fd46800b000 r--s 00097000 08:06 10486124                   /usr/lib/jvm/jdk1.8.0_111/jre/lib/jsse.jar
7fd468011000-7fd4680a8000 rw-p 00000000 00:00 0 
7fd4680a8000-7fd4680b3000 r-xp 00000000 08:06 11273318                   /lib/x86_64-linux-gnu/libnss_nis-2.19.so
7fd4680b3000-7fd4682b2000 ---p 0000b000 08:06 11273318                   /lib/x86_64-linux-gnu/libnss_nis-2.19.so
7fd4682b2000-7fd4682b3000 r--p 0000a000 08:06 11273318                   /lib/x86_64-linux-gnu/libnss_nis-2.19.so
7fd4682b3000-7fd4682b4000 rw-p 0000b000 08:06 11273318                   /lib/x86_64-linux-gnu/libnss_nis-2.19.so
7fd4682b8000-7fd4682cf000 r-xp 00000000 08:06 11273308                   /lib/x86_64-linux-gnu/libnsl-2.19.so
7fd4682cf000-7fd4684ce000 ---p 00017000 08:06 11273308                   /lib/x86_64-linux-gnu/libnsl-2.19.so
7fd4684ce000-7fd4684cf000 r--p 00016000 08:06 11273308                   /lib/x86_64-linux-gnu/libnsl-2.19.so
7fd4684cf000-7fd4684d0000 rw-p 00017000 08:06 11273308                   /lib/x86_64-linux-gnu/libnsl-2.19.so
7fd4684d0000-7fd4684d2000 rw-p 00000000 00:00 0 
7fd4684d8000-7fd4684e1000 r-xp 00000000 08:06 11273302                   /lib/x86_64-linux-gnu/libnss_compat-2.19.so
7fd4684e1000-7fd4686e0000 ---p 00009000 08:06 11273302                   /lib/x86_64-linux-gnu/libnss_compat-2.19.so
7fd4686e0000-7fd4686e1000 r--p 00008000 08:06 11273302                   /lib/x86_64-linux-gnu/libnss_compat-2.19.so
7fd4686e1000-7fd4686e2000 rw-p 00009000 08:06 11273302                   /lib/x86_64-linux-gnu/libnss_compat-2.19.so
7fd4686e8000-7fd468713000 r-xp 00000000 08:06 10486230                   /usr/lib/jvm/jdk1.8.0_111/jre/lib/amd64/libjava.so
7fd468713000-7fd468912000 ---p 0002b000 08:06 10486230                   /usr/lib/jvm/jdk1.8.0_111/jre/lib/amd64/libjava.so
7fd468912000-7fd468914000 rw-p 0002a000 08:06 10486230                   /usr/lib/jvm/jdk1.8.0_111/jre/lib/amd64/libjava.so
7fd468918000-7fd468925000 r-xp 00000000 08:06 10486181                   /usr/lib/jvm/jdk1.8.0_111/jre/lib/amd64/libverify.so
7fd468925000-7fd468b24000 ---p 0000d000 08:06 10486181                   /usr/lib/jvm/jdk1.8.0_111/jre/lib/amd64/libverify.so
7fd468b24000-7fd468b26000 rw-p 0000c000 08:06 10486181                   /usr/lib/jvm/jdk1.8.0_111/jre/lib/amd64/libverify.so
7fd468b28000-7fd468b2f000 r-xp 00000000 08:06 11273343                   /lib/x86_64-linux-gnu/librt-2.19.so
7fd468b2f000-7fd468d2e000 ---p 00007000 08:06 11273343                   /lib/x86_64-linux-gnu/librt-2.19.so
7fd468d2e000-7fd468d2f000 r--p 00006000 08:06 11273343                   /lib/x86_64-linux-gnu/librt-2.19.so
7fd468d2f000-7fd468d30000 rw-p 00007000 08:06 11273343                   /lib/x86_64-linux-gnu/librt-2.19.so
7fd468d30000-7fd468e35000 r-xp 00000000 08:06 11273293                   /lib/x86_64-linux-gnu/libm-2.19.so
7fd468e35000-7fd469034000 ---p 00105000 08:06 11273293                   /lib/x86_64-linux-gnu/libm-2.19.so
7fd469034000-7fd469035000 r--p 00104000 08:06 11273293                   /lib/x86_64-linux-gnu/libm-2.19.so
7fd469035000-7fd469036000 rw-p 00105000 08:06 11273293                   /lib/x86_64-linux-gnu/libm-2.19.so
7fd469038000-7fd469d05000 r-xp 00000000 08:06 10486234                   /usr/lib/jvm/jdk1.8.0_111/jre/lib/amd64/server/libjvm.so
7fd469d05000-7fd469f04000 ---p 00ccd000 08:06 10486234                   /usr/lib/jvm/jdk1.8.0_111/jre/lib/amd64/server/libjvm.so
7fd469f04000-7fd469fdd000 rw-p 00ccc000 08:06 10486234                   /usr/lib/jvm/jdk1.8.0_111/jre/lib/amd64/server/libjvm.so
7fd469fdd000-7fd46a028000 rw-p 00000000 00:00 0 
7fd46a028000-7fd46a1e3000 r-xp 00000000 08:06 11273344                   /lib/x86_64-linux-gnu/libc-2.19.so
7fd46a1e3000-7fd46a3e2000 ---p 001bb000 08:06 11273344                   /lib/x86_64-linux-gnu/libc-2.19.so
7fd46a3e2000-7fd46a3e6000 r--p 001ba000 08:06 11273344                   /lib/x86_64-linux-gnu/libc-2.19.so
7fd46a3e6000-7fd46a3e8000 rw-p 001be000 08:06 11273344                   /lib/x86_64-linux-gnu/libc-2.19.so
7fd46a3e8000-7fd46a3ed000 rw-p 00000000 00:00 0 
7fd46a3f0000-7fd46a3f3000 r-xp 00000000 08:06 11273295                   /lib/x86_64-linux-gnu/libdl-2.19.so
7fd46a3f3000-7fd46a5f2000 ---p 00003000 08:06 11273295                   /lib/x86_64-linux-gnu/libdl-2.19.so
7fd46a5f2000-7fd46a5f3000 r--p 00002000 08:06 11273295                   /lib/x86_64-linux-gnu/libdl-2.19.so
7fd46a5f3000-7fd46a5f4000 rw-p 00003000 08:06 11273295                   /lib/x86_64-linux-gnu/libdl-2.19.so
7fd46a5f8000-7fd46a60d000 r-xp 00000000 08:06 10486219                   /usr/lib/jvm/jdk1.8.0_111/jre/lib/amd64/jli/libjli.so
7fd46a60d000-7fd46a80d000 ---p 00015000 08:06 10486219                   /usr/lib/jvm/jdk1.8.0_111/jre/lib/amd64/jli/libjli.so
7fd46a80d000-7fd46a80e000 rw-p 00015000 08:06 10486219                   /usr/lib/jvm/jdk1.8.0_111/jre/lib/amd64/jli/libjli.so
7fd46a810000-7fd46a829000 r-xp 00000000 08:06 11273309                   /lib/x86_64-linux-gnu/libpthread-2.19.so
7fd46a829000-7fd46aa28000 ---p 00019000 08:06 11273309                   /lib/x86_64-linux-gnu/libpthread-2.19.so
7fd46aa28000-7fd46aa29000 r--p 00018000 08:06 11273309                   /lib/x86_64-linux-gnu/libpthread-2.19.so
7fd46aa29000-7fd46aa2a000 rw-p 00019000 08:06 11273309                   /lib/x86_64-linux-gnu/libpthread-2.19.so
7fd46aa2a000-7fd46aa2e000 rw-p 00000000 00:00 0 
7fd46aa30000-7fd46aa53000 r-xp 00000000 08:06 11273314                   /lib/x86_64-linux-gnu/ld-2.19.so
7fd46aa55000-7fd46aa57000 r--s 00025000 08:06 10229182                   /home/xmbeat/NetBeansProjects/FingerprintLogin/dist/FingerprintLogin.jar
7fd46aa59000-7fd46ab48000 rw-p 00000000 00:00 0 
7fd46ab48000-7fd46ab50000 rw-s 00000000 08:06 1185718                    /tmp/hsperfdata_xmbeat/3750
7fd46ab50000-7fd46ab51000 rw-p 00000000 00:00 0 
7fd46ab51000-7fd46ab54000 ---p 00000000 00:00 0 
7fd46ab54000-7fd46ac52000 rw-p 00000000 00:00 0                          [stack:3752]
7fd46ac52000-7fd46ac53000 r--p 00022000 08:06 11273314                   /lib/x86_64-linux-gnu/ld-2.19.so
7fd46ac53000-7fd46ac54000 rw-p 00023000 08:06 11273314                   /lib/x86_64-linux-gnu/ld-2.19.so
7fd46ac54000-7fd46ac55000 rw-p 00000000 00:00 0 
7fd46ac55000-7fd46ac56000 r--p 00000000 00:00 0 
7fd46ac56000-7fd46ac5c000 rw-p 00000000 00:00 0 
7fff54536000-7fff54557000 rw-p 00000000 00:00 0                          [stack]
7fff54560000-7fff54562000 r--p 00000000 00:00 0                          [vvar]
7fff54562000-7fff54564000 r-xp 00000000 00:00 0                          [vdso]
ffffffffff600000-ffffffffff601000 r-xp 00000000 00:00 0                  [vsyscall]

VM Arguments:
jvm_args: -Dfile.encoding=UTF-8 
java_command: uaz.fingerprint.TestReader
java_class_path (initial): /home/xmbeat/NetBeansProjects/FingerprintLogin/dist/FingerprintLogin.jar:/usr/lib/jvm/jdk1.8.0_111/jre/lib/javaws.jar:/usr/lib/jvm/jdk1.8.0_111/jre/lib/deploy.jar:/usr/lib/jvm/jdk1.8.0_111/jre/lib/plugin.jar:/home/xmbeat/NetBeansProjects/FingerprintLogin/libs/bridj-0.6.2.jar:/home/xmbeat/NetBeansProjects/FingerprintLogin/libs/slf4j-api-1.7.2.jar:/home/xmbeat/NetBeansProjects/FingerprintLogin/libs/webcam-capture-0.3.10.jar:/home/xmbeat/NetBeansProjects/FingerprintLogin/libs/mysql-connector-java-3.0.17-ga-bin.jar:/home/xmbeat/NetBeansProjects/FingerprintLogin/build/classes
Launcher Type: SUN_STANDARD

Environment Variables:
PATH=/home/xmbeat/bin:/usr/local/sbin:/usr/local/bin:/usr/sbin:/usr/bin:/sbin:/bin:/usr/games:/usr/local/games
USERNAME=xmbeat
LD_LIBRARY_PATH=/usr/lib/jvm/jdk1.8.0_111/jre/lib/amd64:/usr/lib/jvm/jdk1.8.0_111/jre/lib/i386:
SHELL=/bin/bash
DISPLAY=:0

Signal Handlers:
SIGSEGV: [libjvm.so+0xac64b0], sa_mask[0]=11111111011111111101111111111110, sa_flags=SA_RESTART|SA_SIGINFO
SIGBUS: [libjvm.so+0xac64b0], sa_mask[0]=11111111011111111101111111111110, sa_flags=SA_RESTART|SA_SIGINFO
SIGFPE: [libjvm.so+0x91f950], sa_mask[0]=11111111011111111101111111111110, sa_flags=SA_RESTART|SA_SIGINFO
SIGPIPE: SIG_IGN, sa_mask[0]=00000000000000000000000000000000, sa_flags=none
SIGXFSZ: [libjvm.so+0x91f950], sa_mask[0]=11111111011111111101111111111110, sa_flags=SA_RESTART|SA_SIGINFO
SIGILL: [libjvm.so+0x91f950], sa_mask[0]=11111111011111111101111111111110, sa_flags=SA_RESTART|SA_SIGINFO
SIGUSR1: SIG_DFL, sa_mask[0]=00000000000000000000000000000000, sa_flags=none
SIGUSR2: [libjvm.so+0x920f80], sa_mask[0]=00100000000000000000000000000000, sa_flags=SA_RESTART|SA_SIGINFO
SIGHUP: [libjvm.so+0x922380], sa_mask[0]=11111111011111111101111111111110, sa_flags=SA_RESTART|SA_SIGINFO
SIGINT: SIG_IGN, sa_mask[0]=00000000000000000000000000000000, sa_flags=none
SIGTERM: [libjvm.so+0x922380], sa_mask[0]=11111111011111111101111111111110, sa_flags=SA_RESTART|SA_SIGINFO
SIGQUIT: [libjvm.so+0x922380], sa_mask[0]=11111111011111111101111111111110, sa_flags=SA_RESTART|SA_SIGINFO


---------------  S Y S T E M  ---------------

OS:DISTRIB_ID=LinuxMint
DISTRIB_RELEASE=17.3
DISTRIB_CODENAME=rosa
DISTRIB_DESCRIPTION="Linux Mint 17.3 Rosa"

uname:Linux 3.19.0-32-generic #37~14.04.1-Ubuntu SMP Thu Oct 22 09:41:40 UTC 2015 x86_64
libc:glibc 2.19 NPTL 2.19 
rlimit: STACK 8192k, CORE 0k, NPROC 31347, NOFILE 4096, AS infinity
load average:1.25 0.82 0.71

/proc/meminfo:
MemTotal:        8056656 kB
MemFree:         4240340 kB
MemAvailable:    5739980 kB
Buffers:          194316 kB
Cached:          1451868 kB
SwapCached:            0 kB
Active:          2469720 kB
Inactive:        1027260 kB
Active(anon):    1852376 kB
Inactive(anon):    44592 kB
Active(file):     617344 kB
Inactive(file):   982668 kB
Unevictable:           0 kB
Mlocked:               0 kB
SwapTotal:       3998716 kB
SwapFree:        3998716 kB
Dirty:              2732 kB
Writeback:             0 kB
AnonPages:       1850704 kB
Mapped:           474012 kB
Shmem:             46176 kB
Slab:             166144 kB
SReclaimable:     137128 kB
SUnreclaim:        29016 kB
KernelStack:        8384 kB
PageTables:        30852 kB
NFS_Unstable:          0 kB
Bounce:                0 kB
WritebackTmp:          0 kB
CommitLimit:     8027044 kB
Committed_AS:    4866880 kB
VmallocTotal:   34359738367 kB
VmallocUsed:      320812 kB
VmallocChunk:   34359405052 kB
HardwareCorrupted:     0 kB
AnonHugePages:    964608 kB
CmaTotal:              0 kB
CmaFree:               0 kB
HugePages_Total:       0
HugePages_Free:        0
HugePages_Rsvd:        0
HugePages_Surp:        0
Hugepagesize:       2048 kB
DirectMap4k:      224692 kB
DirectMap2M:     6012928 kB
DirectMap1G:     2097152 kB


CPU:total 2 (2 cores per cpu, 1 threads per core) family 21 model 19 stepping 1, cmov, cx8, fxsr, mmx, sse, sse2, sse3, ssse3, sse4.1, sse4.2, popcnt, avx, aes, clmul, mmxext, 3dnowpref, lzcnt, sse4a, tsc, tscinvbit, tscinv, bmi1

/proc/cpuinfo:
processor	: 0
vendor_id	: AuthenticAMD
cpu family	: 21
model		: 19
model name	: AMD A4-4000 APU with Radeon(tm) HD Graphics
stepping	: 1
microcode	: 0x6001119
cpu MHz		: 3000.000
cache size	: 1024 KB
physical id	: 0
siblings	: 2
core id		: 0
cpu cores	: 1
apicid		: 16
initial apicid	: 0
fpu		: yes
fpu_exception	: yes
cpuid level	: 13
wp		: yes
flags		: fpu vme de pse tsc msr pae mce cx8 apic sep mtrr pge mca cmov pat pse36 clflush mmx fxsr sse sse2 ht syscall nx mmxext fxsr_opt pdpe1gb rdtscp lm constant_tsc rep_good nopl nonstop_tsc extd_apicid aperfmperf pni pclmulqdq monitor ssse3 fma cx16 sse4_1 sse4_2 popcnt aes xsave avx f16c lahf_lm cmp_legacy svm extapic cr8_legacy abm sse4a misalignsse 3dnowprefetch osvw ibs xop skinit wdt lwp fma4 tce nodeid_msr tbm topoext perfctr_core perfctr_nb arat cpb hw_pstate npt lbrv svm_lock nrip_save tsc_scale vmcb_clean flushbyasid decodeassists pausefilter pfthreshold vmmcall bmi1
bugs		: fxsave_leak
bogomips	: 5989.21
TLB size	: 1536 4K pages
clflush size	: 64
cache_alignment	: 64
address sizes	: 48 bits physical, 48 bits virtual
power management: ts ttp tm 100mhzsteps hwpstate cpb eff_freq_ro

processor	: 1
vendor_id	: AuthenticAMD
cpu family	: 21
model		: 19
model name	: AMD A4-4000 APU with Radeon(tm) HD Graphics    
stepping	: 1
microcode	: 0x6001119
cpu MHz		: 3000.000
cache size	: 1024 KB
physical id	: 0
siblings	: 2
core id		: 1
cpu cores	: 1
apicid		: 17
initial apicid	: 1
fpu		: yes
fpu_exception	: yes
cpuid level	: 13
wp		: yes
flags		: fpu vme de pse tsc msr pae mce cx8 apic sep mtrr pge mca cmov pat pse36 clflush mmx fxsr sse sse2 ht syscall nx mmxext fxsr_opt pdpe1gb rdtscp lm constant_tsc rep_good nopl nonstop_tsc extd_apicid aperfmperf pni pclmulqdq monitor ssse3 fma cx16 sse4_1 sse4_2 popcnt aes xsave avx f16c lahf_lm cmp_legacy svm extapic cr8_legacy abm sse4a misalignsse 3dnowprefetch osvw ibs xop skinit wdt lwp fma4 tce nodeid_msr tbm topoext perfctr_core perfctr_nb arat cpb hw_pstate npt lbrv svm_lock nrip_save tsc_scale vmcb_clean flushbyasid decodeassists pausefilter pfthreshold vmmcall bmi1
bugs		: fxsave_leak
bogomips	: 5989.21
TLB size	: 1536 4K pages
clflush size	: 64
cache_alignment	: 64
address sizes	: 48 bits physical, 48 bits virtual
power management: ts ttp tm 100mhzsteps hwpstate cpb eff_freq_ro



Memory: 4k page, physical 8056656k(4240340k free), swap 3998716k(3998716k free)

vm_info: Java HotSpot(TM) 64-Bit Server VM (25.111-b14) for linux-amd64 JRE (1.8.0_111-b14), built on Sep 22 2016 16:14:03 by "java_re" with gcc 4.3.0 20080428 (Red Hat 4.3.0-8)

time: Tue Dec  6 15:12:05 2016
elapsed time: 3 seconds (0d 0h 0m 3s)

