#
# A fatal error has been detected by the Java Runtime Environment:
#
#  SIGSEGV (0xb) at pc=0x00007f087cf61ea3, pid=14315, tid=0x00007f0816796700
#
# JRE version: Java(TM) SE Runtime Environment (8.0_111-b14) (build 1.8.0_111-b14)
# Java VM: Java HotSpot(TM) 64-Bit Server VM (25.111-b14 mixed mode linux-amd64 compressed oops)
# Problematic frame:
# V  [libjvm.so+0x6d1ea3]  jni_invoke_nonstatic(JNIEnv_*, JavaValue*, _jobject*, JNICallType, _jmethodID*, JNI_ArgumentPusher*, Thread*)+0x1b3
#
# Failed to write core dump. Core dumps have been disabled. To enable core dumping, try "ulimit -c unlimited" before starting Java again
#
# If you would like to submit a bug report, please visit:
#   http://bugreport.java.com/bugreport/crash.jsp
#

---------------  T H R E A D  ---------------

Current thread (0x00007f0820016800):  JavaThread "Thread-4" daemon [_thread_in_vm, id=14509, stack(0x00007f0816696000,0x00007f0816797000)]

siginfo: si_signo: 11 (SIGSEGV), si_code: 1 (SEGV_MAPERR), si_addr: 0x000000300000003c

Registers:
RAX=0x0000003000000018, RBX=0x0000000000000002, RCX=0x0000000000000006, RDX=0x00007f081c396780
RSP=0x00007f0816795160, RBP=0x00007f08167952e0, RSI=0x00007f08167952a0, RDI=0x00007f0820002600
R8 =0x000000000000001c, R9 =0x00007f0816795310, R10=0x00007f087dc3cbe0, R11=0x0000000000000000
R12=0x00000000d71c4050, R13=0x0000000100104bb8, R14=0x00007f08200090a0, R15=0x00007f0820016800
RIP=0x00007f087cf61ea3, EFLAGS=0x0000000000010202, CSGSFS=0x0000000000000033, ERR=0x0000000000000004
  TRAPNO=0x000000000000000e

Top of Stack: (sp=0x00007f0816795160)
0x00007f0816795160:   00007f08167953a0 00007f08167954a0
0x00007f0816795170:   00007f08167951c0 00007f080000000b
0x00007f0816795180:   00007f0816795310 00007f0816795370
0x00007f0816795190:   00007f08200169f8 00007f087cf81830
0x00007f08167951a0:   00007f083c235d00 00007f083c235d10
0x00007f08167951b0:   00007f083c2360e8 00000000000003d8
0x00007f08167951c0:   00007f0820016800 00007f0820017378
0x00007f08167951d0:   00007f0820017360 00007f0820017388
0x00007f08167951e0:   00007f0820017448 00000000000000d8
0x00007f08167951f0:   00007f0816795990 00007f0816795260
0x00007f0816795200:   00007f0866c756e8 00007f0820010100
0x00007f0816795210:   0000000000000000 00007f08167951c8
0x00007f0816795220:   00007f0816795209 0000000800000001
0x00007f0816795230:   00007f0820016800 00007f0866dea390
0x00007f0816795240:   00007f0816795270 00007f087e31a8c0
0x00007f0816795250:   00007f0866c756e8 00007f0820016800
0x00007f0816795260:   00007f0866c756e8 00007f0820016800
0x00007f0816795270:   00007f0866c756e8 00007f087e291dc9
0x00007f0816795280:   00007f0866d7cb22 0000000008a5f2ef
0x00007f0816795290:   0000000000000005 0000000000000018
0x00007f08167952a0:   0000000100104bb8 0000000100104bb8
0x00007f08167952b0:   00007f0816795390 00007f0816795310
0x00007f08167952c0:   00007f0820016800 00007f0816795350
0x00007f08167952d0:   00007f0820013b98 00007f08200169f8
0x00007f08167952e0:   00007f08167953d0 00007f087cf664cf
0x00007f08167952f0:   00007f0820016800 0000000000000000
0x00007f0816795300:   00007f0816795408 00007f081c01bdf8
0x00007f0816795310:   00007f087d7ef750 00007f087e31a4c0
0x00007f0816795320:   0000000000000000 0000000100000063
0x00007f0816795330:   00007f08167951c0 0000003000000018
0x00007f0816795340:   00007f08167954e0 00007f0816795420
0x00007f0816795350:   00007f0820016800 0000000000000000 

Instructions: (pc=0x00007f087cf61ea3)
0x00007f087cf61e83:   48 8b 45 10 4c 89 6d c0 48 8d 75 c0 48 8b b8 40
0x00007f087cf61e93:   01 00 00 e8 e5 60 c7 ff 4c 8b 7d 10 49 8b 45 08
0x00007f087cf61ea3:   0f b7 50 24 48 8b 40 08 48 8b 74 d0 50 48 8d 95
0x00007f087cf61eb3:   60 ff ff ff 48 89 d7 48 89 95 98 fe ff ff e8 7a 

Register to memory mapping:

RAX=0x0000003000000018 is an unknown value
RBX=0x0000000000000002 is an unknown value
RCX=0x0000000000000006 is an unknown value
RDX=0x00007f081c396780 is an unknown value
RSP=0x00007f0816795160 is pointing into the stack for thread: 0x00007f0820016800
RBP=0x00007f08167952e0 is pointing into the stack for thread: 0x00007f0820016800
RSI=0x00007f08167952a0 is pointing into the stack for thread: 0x00007f0820016800
RDI=0x00007f0820002600 is an unknown value
R8 =0x000000000000001c is an unknown value
R9 =0x00007f0816795310 is pointing into the stack for thread: 0x00007f0820016800
R10=0x00007f087dc3cbe0: <offset 0x3bcbe0> in /lib/x86_64-linux-gnu/libc.so.6 at 0x00007f087d880000
R11=0x0000000000000000 is an unknown value
R12=0x00000000d71c4050 is an oop
uaz.fingerprint.Message 
 - klass: 'uaz/fingerprint/Message'
R13=0x0000000100104bb8 is pointing into metadata
R14=0x00007f08200090a0 is an unknown value
R15=0x00007f0820016800 is a thread


Stack: [0x00007f0816696000,0x00007f0816797000],  sp=0x00007f0816795160,  free space=1020k
Native frames: (J=compiled Java code, j=interpreted, Vv=VM code, C=native code)
V  [libjvm.so+0x6d1ea3]  jni_invoke_nonstatic(JNIEnv_*, JavaValue*, _jobject*, JNICallType, _jmethodID*, JNI_ArgumentPusher*, Thread*)+0x1b3
V  [libjvm.so+0x6d64cf]  jni_CallVoidMethodV+0x10f
C  [libfingerprint5520209633539614021.so+0x4617]  JNIEnv_::CallVoidMethod(_jobject*, _jmethodID*, ...)+0xb5
C  [libfingerprint5520209633539614021.so+0x328d]  callbackStopCapture(fp_dev*, void*)+0x127
C  [libfprint.so.0+0xfa4a]  fpi_imgdev_deactivate_complete+0x2a

Java frames: (J=compiled Java code, j=interpreted, Vv=VM code)
J 2796  uaz.fingerprint.Reader.nativeHandleEvents(I)I (0 bytes) @ 0x00007f0868bc7bf8 [0x00007f0868bc7bc0+0x38]
J 3140% C2 uaz.fingerprint.ReaderDispatcher.run()V (668 bytes) @ 0x00007f0868cdb064 [0x00007f0868cdafa0+0xc4]
j  java.lang.Thread.run()V+11
v  ~StubRoutines::call_stub

---------------  P R O C E S S  ---------------

Java Threads: ( => current thread )
=>0x00007f0820016800 JavaThread "Thread-4" daemon [_thread_in_vm, id=14509, stack(0x00007f0816696000,0x00007f0816797000)]
  0x00007f081c3db800 JavaThread "Prism Font Disposer" daemon [_thread_blocked, id=14424, stack(0x00007f082982b000,0x00007f082992c000)]
  0x00007f0878286800 JavaThread "JavaFX-Launcher" [_thread_blocked, id=14365, stack(0x00007f082ace5000,0x00007f082ade6000)]
  0x00007f0878283000 JavaThread "JavaFX Application Thread" [_thread_in_Java, id=14357, stack(0x00007f082ade6000,0x00007f082aee7000)]
  0x00007f087827f000 JavaThread "Thread-1" daemon [_thread_blocked, id=14356, stack(0x00007f082aee7000,0x00007f082afe8000)]
  0x00007f0878228800 JavaThread "QuantumRenderer-0" daemon [_thread_blocked, id=14351, stack(0x00007f0865222000,0x00007f0865323000)]
  0x00007f0878141000 JavaThread "Service Thread" daemon [_thread_blocked, id=14328, stack(0x00007f08654bc000,0x00007f08655bd000)]
  0x00007f087813e800 JavaThread "C1 CompilerThread1" daemon [_thread_blocked, id=14327, stack(0x00007f08655bd000,0x00007f08656be000)]
  0x00007f087813b800 JavaThread "C2 CompilerThread0" daemon [_thread_blocked, id=14326, stack(0x00007f08656be000,0x00007f08657bf000)]
  0x00007f087813a000 JavaThread "Signal Dispatcher" daemon [_thread_blocked, id=14325, stack(0x00007f08657bf000,0x00007f08658c0000)]
  0x00007f0878107000 JavaThread "Finalizer" daemon [_thread_blocked, id=14324, stack(0x00007f0865dfe000,0x00007f0865eff000)]
  0x00007f0878102800 JavaThread "Reference Handler" daemon [_thread_blocked, id=14323, stack(0x00007f0865eff000,0x00007f0866000000)]
  0x00007f087800a000 JavaThread "main" [_thread_blocked, id=14317, stack(0x00007f087e3a7000,0x00007f087e4a8000)]

Other Threads:
  0x00007f08780fa800 VMThread [stack: 0x00007f0866000000,0x00007f0866101000] [id=14322]
  0x00007f0878144000 WatcherThread [stack: 0x00007f08653bb000,0x00007f08654bc000] [id=14329]

VM state:not at safepoint (normal execution)

VM Mutex/Monitor currently owned by a thread: None

Heap:
 PSYoungGen      total 36864K, used 7887K [0x00000000d7000000, 0x00000000db800000, 0x0000000100000000)
  eden space 31744K, 24% used [0x00000000d7000000,0x00000000d77b3f10,0x00000000d8f00000)
  from space 5120K, 0% used [0x00000000d8f00000,0x00000000d8f00000,0x00000000d9400000)
  to   space 5120K, 0% used [0x00000000db300000,0x00000000db300000,0x00000000db800000)
 ParOldGen       total 60928K, used 11569K [0x0000000085000000, 0x0000000088b80000, 0x00000000d7000000)
  object space 60928K, 18% used [0x0000000085000000,0x0000000085b4c620,0x0000000088b80000)
 Metaspace       used 21321K, capacity 22858K, committed 22912K, reserved 1069056K
  class space    used 3109K, capacity 3406K, committed 3456K, reserved 1048576K

Card table byte_map: [0x00007f0867bc7000,0x00007f0867fa0000] byte_map_base: 0x00007f086779f000

Marking Bits: (ParMarkBitMap*) 0x00007f087d853220
 Begin Bits: [0x00007f085c280000, 0x00007f085e140000)
 End Bits:   [0x00007f085e140000, 0x00007f0860000000)

Polling page: 0x00007f087e4ad000

CodeCache: size=245760Kb used=10477Kb max_used=10480Kb free=235282Kb
 bounds [0x00007f0868360000, 0x00007f0868db0000, 0x00007f0877360000]
 total_blobs=4052 nmethods=3374 adapters=592
 compilation: enabled

Compilation events (10 events):
Event: 11.156 Thread 0x00007f087813e800 3374       3       java.util.EnumMap$EnumMapIterator::<init> (6 bytes)
Event: 11.156 Thread 0x00007f087813e800 nmethod 3374 0x00007f0868d74190 code [0x00007f0868d74300, 0x00007f0868d74530]
Event: 11.156 Thread 0x00007f087813e800 3375       3       java.util.EnumMap$EnumMapIterator::<init> (20 bytes)
Event: 11.156 Thread 0x00007f087813e800 nmethod 3375 0x00007f0868d74610 code [0x00007f0868d74780, 0x00007f0868d74950]
Event: 13.021 Thread 0x00007f087813b800 nmethod 3302 0x00007f0868d80090 code [0x00007f0868d80ba0, 0x00007f0868d8b360]
Event: 13.021 Thread 0x00007f087813b800 3348       4       javafx.scene.Node::updateLocalToParentTransform (442 bytes)
Event: 13.122 Thread 0x00007f087813b800 nmethod 3348 0x00007f0868d79450 code [0x00007f0868d79920, 0x00007f0868d7b610]
Event: 13.122 Thread 0x00007f087813b800 3304       4       javafx.scene.Node::impl_getPeer (57 bytes)
Event: 13.123 Thread 0x00007f087813b800 nmethod 3304 0x00007f0868d7e8d0 code [0x00007f0868d7ea20, 0x00007f0868d7ead8]
Event: 14.271 Thread 0x00007f087813e800 3376       3       java.lang.String::checkBounds (46 bytes)

GC Heap History (8 events):
Event: 2.463 GC heap before
{Heap before GC invocations=1 (full 0):
 PSYoungGen      total 36864K, used 31142K [0x00000000d7000000, 0x00000000d9900000, 0x0000000100000000)
  eden space 31744K, 98% used [0x00000000d7000000,0x00000000d8e69898,0x00000000d8f00000)
  from space 5120K, 0% used [0x00000000d9400000,0x00000000d9400000,0x00000000d9900000)
  to   space 5120K, 0% used [0x00000000d8f00000,0x00000000d8f00000,0x00000000d9400000)
 ParOldGen       total 84992K, used 0K [0x0000000085000000, 0x000000008a300000, 0x00000000d7000000)
  object space 84992K, 0% used [0x0000000085000000,0x0000000085000000,0x000000008a300000)
 Metaspace       used 11896K, capacity 12360K, committed 12544K, reserved 1060864K
  class space    used 1589K, capacity 1729K, committed 1792K, reserved 1048576K
Event: 2.486 GC heap after
Heap after GC invocations=1 (full 0):
 PSYoungGen      total 36864K, used 4208K [0x00000000d7000000, 0x00000000d9900000, 0x0000000100000000)
  eden space 31744K, 0% used [0x00000000d7000000,0x00000000d7000000,0x00000000d8f00000)
  from space 5120K, 82% used [0x00000000d8f00000,0x00000000d931c030,0x00000000d9400000)
  to   space 5120K, 0% used [0x00000000d9400000,0x00000000d9400000,0x00000000d9900000)
 ParOldGen       total 84992K, used 72K [0x0000000085000000, 0x000000008a300000, 0x00000000d7000000)
  object space 84992K, 0% used [0x0000000085000000,0x0000000085012010,0x000000008a300000)
 Metaspace       used 11896K, capacity 12360K, committed 12544K, reserved 1060864K
  class space    used 1589K, capacity 1729K, committed 1792K, reserved 1048576K
}
Event: 5.209 GC heap before
{Heap before GC invocations=2 (full 0):
 PSYoungGen      total 36864K, used 35270K [0x00000000d7000000, 0x00000000d9900000, 0x0000000100000000)
  eden space 31744K, 97% used [0x00000000d7000000,0x00000000d8e55bb0,0x00000000d8f00000)
  from space 5120K, 82% used [0x00000000d8f00000,0x00000000d931c030,0x00000000d9400000)
  to   space 5120K, 0% used [0x00000000d9400000,0x00000000d9400000,0x00000000d9900000)
 ParOldGen       total 84992K, used 72K [0x0000000085000000, 0x000000008a300000, 0x00000000d7000000)
  object space 84992K, 0% used [0x0000000085000000,0x0000000085012010,0x000000008a300000)
 Metaspace       used 19686K, capacity 21122K, committed 21248K, reserved 1067008K
  class space    used 2998K, capacity 3292K, committed 3328K, reserved 1048576K
Event: 5.256 GC heap after
Heap after GC invocations=2 (full 0):
 PSYoungGen      total 36864K, used 5101K [0x00000000d7000000, 0x00000000db800000, 0x0000000100000000)
  eden space 31744K, 0% used [0x00000000d7000000,0x00000000d7000000,0x00000000d8f00000)
  from space 5120K, 99% used [0x00000000d9400000,0x00000000d98fb7a0,0x00000000d9900000)
  to   space 5120K, 0% used [0x00000000d8f00000,0x00000000d8f00000,0x00000000d9400000)
 ParOldGen       total 84992K, used 5686K [0x0000000085000000, 0x000000008a300000, 0x00000000d7000000)
  object space 84992K, 6% used [0x0000000085000000,0x000000008558dbe0,0x000000008a300000)
 Metaspace       used 19686K, capacity 21122K, committed 21248K, reserved 1067008K
  class space    used 2998K, capacity 3292K, committed 3328K, reserved 1048576K
}
Event: 5.476 GC heap before
{Heap before GC invocations=3 (full 0):
 PSYoungGen      total 36864K, used 7566K [0x00000000d7000000, 0x00000000db800000, 0x0000000100000000)
  eden space 31744K, 7% used [0x00000000d7000000,0x00000000d7268128,0x00000000d8f00000)
  from space 5120K, 99% used [0x00000000d9400000,0x00000000d98fb7a0,0x00000000d9900000)
  to   space 5120K, 0% used [0x00000000d8f00000,0x00000000d8f00000,0x00000000d9400000)
 ParOldGen       total 84992K, used 5686K [0x0000000085000000, 0x000000008a300000, 0x00000000d7000000)
  object space 84992K, 6% used [0x0000000085000000,0x000000008558dbe0,0x000000008a300000)
 Metaspace       used 19818K, capacity 21190K, committed 21248K, reserved 1067008K
  class space    used 3014K, capacity 3294K, committed 3328K, reserved 1048576K
Event: 5.496 GC heap after
Heap after GC invocations=3 (full 0):
 PSYoungGen      total 36864K, used 5117K [0x00000000d7000000, 0x00000000db800000, 0x0000000100000000)
  eden space 31744K, 0% used [0x00000000d7000000,0x00000000d7000000,0x00000000d8f00000)
  from space 5120K, 99% used [0x00000000d8f00000,0x00000000d93ff7c0,0x00000000d9400000)
  to   space 5120K, 0% used [0x00000000db300000,0x00000000db300000,0x00000000db800000)
 ParOldGen       total 84992K, used 6685K [0x0000000085000000, 0x000000008a300000, 0x00000000d7000000)
  object space 84992K, 7% used [0x0000000085000000,0x00000000856876c0,0x000000008a300000)
 Metaspace       used 19818K, capacity 21190K, committed 21248K, reserved 1067008K
  class space    used 3014K, capacity 3294K, committed 3328K, reserved 1048576K
}
Event: 5.496 GC heap before
{Heap before GC invocations=4 (full 1):
 PSYoungGen      total 36864K, used 5117K [0x00000000d7000000, 0x00000000db800000, 0x0000000100000000)
  eden space 31744K, 0% used [0x00000000d7000000,0x00000000d7000000,0x00000000d8f00000)
  from space 5120K, 99% used [0x00000000d8f00000,0x00000000d93ff7c0,0x00000000d9400000)
  to   space 5120K, 0% used [0x00000000db300000,0x00000000db300000,0x00000000db800000)
 ParOldGen       total 84992K, used 6685K [0x0000000085000000, 0x000000008a300000, 0x00000000d7000000)
  object space 84992K, 7% used [0x0000000085000000,0x00000000856876c0,0x000000008a300000)
 Metaspace       used 19818K, capacity 21190K, committed 21248K, reserved 1067008K
  class space    used 3014K, capacity 3294K, committed 3328K, reserved 1048576K
Event: 5.596 GC heap after
Heap after GC invocations=4 (full 1):
 PSYoungGen      total 36864K, used 0K [0x00000000d7000000, 0x00000000db800000, 0x0000000100000000)
  eden space 31744K, 0% used [0x00000000d7000000,0x00000000d7000000,0x00000000d8f00000)
  from space 5120K, 0% used [0x00000000d8f00000,0x00000000d8f00000,0x00000000d9400000)
  to   space 5120K, 0% used [0x00000000db300000,0x00000000db300000,0x00000000db800000)
 ParOldGen       total 60928K, used 11569K [0x0000000085000000, 0x0000000088b80000, 0x00000000d7000000)
  object space 60928K, 18% used [0x0000000085000000,0x0000000085b4c620,0x0000000088b80000)
 Metaspace       used 19818K, capacity 21190K, committed 21248K, reserved 1067008K
  class space    used 3014K, capacity 3294K, committed 3328K, reserved 1048576K
}

Deoptimization events (10 events):
Event: 7.318 Thread 0x00007f0878283000 Uncommon trap: reason=unstable_if action=reinterpret pc=0x00007f0868940bb8 method=javafx.scene.CssStyleHelper.lookup(Ljavafx/css/Styleable;Ljavafx/css/CssMetaData;Lcom/sun/javafx/css/StyleMap;Ljava/util/Set;Ljavafx/css/Styleable;Lcom/sun/javafx/css/Calcul
Event: 7.408 Thread 0x00007f0878283000 Uncommon trap: reason=bimorphic action=maybe_recompile pc=0x00007f0868bb7438 method=javafx.scene.Node.updateLocalToParentTransform()V @ 11
Event: 7.409 Thread 0x00007f0878283000 Uncommon trap: reason=bimorphic action=maybe_recompile pc=0x00007f0868bb7438 method=javafx.scene.Node.updateLocalToParentTransform()V @ 11
Event: 7.512 Thread 0x00007f0878283000 Uncommon trap: reason=unstable_if action=reinterpret pc=0x00007f0868c3cd48 method=javafx.scene.Node.updateBounds()V @ 27
Event: 8.086 Thread 0x00007f0820016800 Uncommon trap: reason=unstable_if action=reinterpret pc=0x00007f0868bf3640 method=java.util.PriorityQueue.poll()Ljava/lang/Object; @ 4
Event: 8.097 Thread 0x00007f0878283000 Uncommon trap: reason=bimorphic action=maybe_recompile pc=0x00007f0868bb7438 method=javafx.scene.Node.updateLocalToParentTransform()V @ 11
Event: 8.097 Thread 0x00007f0878283000 Uncommon trap: reason=null_check action=make_not_entrant pc=0x00007f0868c75de0 method=javafx.scene.Node$MiscProperties.getClip()Ljavafx/scene/Node; @ 20
Event: 9.847 Thread 0x00007f0878283000 Uncommon trap: reason=unstable_if action=reinterpret pc=0x00007f08687440c4 method=java.lang.String.regionMatches(ZILjava/lang/String;II)Z @ 123
Event: 9.868 Thread 0x00007f0878283000 Uncommon trap: reason=bimorphic action=maybe_recompile pc=0x00007f0868d22a1c method=javafx.scene.Node.getLocalBounds(Lcom/sun/javafx/geom/BaseBounds;Lcom/sun/javafx/geom/transform/BaseTransform;)Lcom/sun/javafx/geom/BaseBounds; @ 22
Event: 9.868 Thread 0x00007f0878283000 Uncommon trap: reason=bimorphic action=maybe_recompile pc=0x00007f0868bb7438 method=javafx.scene.Node.updateLocalToParentTransform()V @ 11

Internal exceptions (10 events):
Event: 1.818 Thread 0x00007f0878283000 Exception <a 'java/lang/ArrayIndexOutOfBoundsException'> (0x00000000d855c670) thrown at [/HUDSON3/workspace/8-2-build-linux-amd64/jdk8u111/7883/hotspot/src/share/vm/runtime/sharedRuntime.cpp, line 605]
Event: 1.903 Thread 0x00007f0878283000 Exception <a 'java/lang/ArrayIndexOutOfBoundsException'> (0x00000000d86c0b68) thrown at [/HUDSON3/workspace/8-2-build-linux-amd64/jdk8u111/7883/hotspot/src/share/vm/runtime/sharedRuntime.cpp, line 605]
Event: 1.988 Thread 0x00007f0878283000 Exception <a 'java/lang/ArrayIndexOutOfBoundsException'> (0x00000000d894cc00) thrown at [/HUDSON3/workspace/8-2-build-linux-amd64/jdk8u111/7883/hotspot/src/share/vm/runtime/sharedRuntime.cpp, line 605]
Event: 2.201 Thread 0x00007f0878283000 Exception <a 'java/lang/ArrayIndexOutOfBoundsException'> (0x00000000d8acc358) thrown at [/HUDSON3/workspace/8-2-build-linux-amd64/jdk8u111/7883/hotspot/src/share/vm/runtime/sharedRuntime.cpp, line 605]
Event: 2.440 Thread 0x00007f0878283000 Exception <a 'java/lang/ArrayIndexOutOfBoundsException'> (0x00000000d8d92560) thrown at [/HUDSON3/workspace/8-2-build-linux-amd64/jdk8u111/7883/hotspot/src/share/vm/runtime/sharedRuntime.cpp, line 605]
Event: 2.449 Thread 0x00007f0878283000 Exception <a 'java/lang/ArrayIndexOutOfBoundsException'> (0x00000000d8e155b0) thrown at [/HUDSON3/workspace/8-2-build-linux-amd64/jdk8u111/7883/hotspot/src/share/vm/runtime/sharedRuntime.cpp, line 605]
Event: 3.048 Thread 0x00007f0878283000 Implicit null exception at 0x00007f08685eccf5 to 0x00007f08685eced9
Event: 3.048 Thread 0x00007f0878283000 Implicit null exception at 0x00007f08686fb6d8 to 0x00007f08686fb766
Event: 3.843 Thread 0x00007f0878283000 Implicit null exception at 0x00007f086885fb90 to 0x00007f0868860095
Event: 8.097 Thread 0x00007f0878283000 Implicit null exception at 0x00007f0868c75418 to 0x00007f0868c75dc5

Events (10 events):
Event: 14.267 loading class java/awt/GraphicsEnvironment
Event: 14.267 loading class java/awt/GraphicsEnvironment done
Event: 14.268 loading class java/lang/ProcessEnvironment
Event: 14.268 loading class java/lang/ProcessEnvironment done
Event: 14.268 loading class java/lang/ProcessEnvironment$Variable
Event: 14.271 loading class java/lang/ProcessEnvironment$ExternalData
Event: 14.271 loading class java/lang/ProcessEnvironment$ExternalData done
Event: 14.271 loading class java/lang/ProcessEnvironment$Variable done
Event: 14.271 loading class java/lang/ProcessEnvironment$Value
Event: 14.271 loading class java/lang/ProcessEnvironment$Value done


Dynamic libraries:
00400000-00401000 r-xp 00000000 08:06 10486455                           /usr/lib/jvm/jdk1.8.0_111/jre/bin/java
00600000-00601000 rw-p 00000000 08:06 10486455                           /usr/lib/jvm/jdk1.8.0_111/jre/bin/java
01d6d000-01d8e000 rw-p 00000000 00:00 0                                  [heap]
408f8000-408fa000 r-xs 00000000 08:06 131095                             /tmp/.glHk7NGG (deleted)
411a7000-41246000 rw-p 00000000 00:00 0 
85000000-88b80000 rw-p 00000000 00:00 0 
88b80000-d7000000 ---p 00000000 00:00 0 
d7000000-db800000 rw-p 00000000 00:00 0 
db800000-100000000 ---p 00000000 00:00 0 
100000000-100360000 rw-p 00000000 00:00 0 
100360000-140000000 ---p 00000000 00:00 0 
7f08157d0000-7f0815824000 r-xp 00000000 08:06 10486207                   /usr/lib/jvm/jdk1.8.0_111/jre/lib/amd64/libawt_xawt.so
7f0815824000-7f0815a24000 ---p 00054000 08:06 10486207                   /usr/lib/jvm/jdk1.8.0_111/jre/lib/amd64/libawt_xawt.so
7f0815a24000-7f0815a28000 rw-p 00054000 08:06 10486207                   /usr/lib/jvm/jdk1.8.0_111/jre/lib/amd64/libawt_xawt.so
7f0815a28000-7f0815a29000 rw-p 00000000 00:00 0 
7f0815a30000-7f0815ad2000 r-xp 00000000 08:06 10486240                   /usr/lib/jvm/jdk1.8.0_111/jre/lib/amd64/libawt.so
7f0815ad2000-7f0815cd2000 ---p 000a2000 08:06 10486240                   /usr/lib/jvm/jdk1.8.0_111/jre/lib/amd64/libawt.so
7f0815cd2000-7f0815cde000 rw-p 000a2000 08:06 10486240                   /usr/lib/jvm/jdk1.8.0_111/jre/lib/amd64/libawt.so
7f0815cde000-7f0815d02000 rw-p 00000000 00:00 0 
7f0815d08000-7f0815e08000 rw-s 00000000 00:05 7045150                    /SYSV00000000 (deleted)
7f0815e08000-7f0815f08000 rw-s 19bab8000 00:06 11833                     /dev/nvidiactl
7f0815f08000-7f0815f83000 r-xp 00000000 08:06 794106                     /usr/lib/x86_64-linux-gnu/nss/libfreebl3.so
7f0815f83000-7f0816182000 ---p 0007b000 08:06 794106                     /usr/lib/x86_64-linux-gnu/nss/libfreebl3.so
7f0816182000-7f0816184000 r--p 0007a000 08:06 794106                     /usr/lib/x86_64-linux-gnu/nss/libfreebl3.so
7f0816184000-7f0816185000 rw-p 0007c000 08:06 794106                     /usr/lib/x86_64-linux-gnu/nss/libfreebl3.so
7f0816185000-7f0816189000 rw-p 00000000 00:00 0 
7f0816190000-7f0816244000 r-xp 00000000 08:06 271632                     /usr/lib/x86_64-linux-gnu/libsqlite3.so.0.8.6
7f0816244000-7f0816444000 ---p 000b4000 08:06 271632                     /usr/lib/x86_64-linux-gnu/libsqlite3.so.0.8.6
7f0816444000-7f0816446000 r--p 000b4000 08:06 271632                     /usr/lib/x86_64-linux-gnu/libsqlite3.so.0.8.6
7f0816446000-7f0816448000 rw-p 000b6000 08:06 271632                     /usr/lib/x86_64-linux-gnu/libsqlite3.so.0.8.6
7f0816448000-7f0816449000 rw-p 00000000 00:00 0 
7f0816450000-7f0816491000 r-xp 00000000 08:06 794105                     /usr/lib/x86_64-linux-gnu/nss/libsoftokn3.so
7f0816491000-7f0816690000 ---p 00041000 08:06 794105                     /usr/lib/x86_64-linux-gnu/nss/libsoftokn3.so
7f0816690000-7f0816691000 r--p 00040000 08:06 794105                     /usr/lib/x86_64-linux-gnu/nss/libsoftokn3.so
7f0816691000-7f0816692000 rw-p 00041000 08:06 794105                     /usr/lib/x86_64-linux-gnu/nss/libsoftokn3.so
7f0816696000-7f0816699000 ---p 00000000 00:00 0 
7f0816699000-7f0816797000 rw-p 00000000 00:00 0                          [stack:14509]
7f0816797000-7f0816798000 ---p 00000000 00:00 0 
7f0816798000-7f0816f98000 rw-p 00000000 00:00 0                          [stack:14508]
7f0816f98000-7f0816fdc000 r-xp 00000000 08:06 11276542                   /lib/x86_64-linux-gnu/libdbus-1.so.3.7.6
7f0816fdc000-7f08171db000 ---p 00044000 08:06 11276542                   /lib/x86_64-linux-gnu/libdbus-1.so.3.7.6
7f08171db000-7f08171dc000 r--p 00043000 08:06 11276542                   /lib/x86_64-linux-gnu/libdbus-1.so.3.7.6
7f08171dc000-7f08171dd000 rw-p 00044000 08:06 11276542                   /lib/x86_64-linux-gnu/libdbus-1.so.3.7.6
7f08171e0000-7f08171e8000 r-xp 00000000 08:06 11276591                   /lib/x86_64-linux-gnu/libnih-dbus.so.1.0.0
7f08171e8000-7f08173e8000 ---p 00008000 08:06 11276591                   /lib/x86_64-linux-gnu/libnih-dbus.so.1.0.0
7f08173e8000-7f08173e9000 r--p 00008000 08:06 11276591                   /lib/x86_64-linux-gnu/libnih-dbus.so.1.0.0
7f08173e9000-7f08173ea000 rw-p 00009000 08:06 11276591                   /lib/x86_64-linux-gnu/libnih-dbus.so.1.0.0
7f08173f0000-7f0817407000 r-xp 00000000 08:06 11276593                   /lib/x86_64-linux-gnu/libnih.so.1.0.0
7f0817407000-7f0817606000 ---p 00017000 08:06 11276593                   /lib/x86_64-linux-gnu/libnih.so.1.0.0
7f0817606000-7f0817607000 r--p 00016000 08:06 11276593                   /lib/x86_64-linux-gnu/libnih.so.1.0.0
7f0817607000-7f0817608000 rw-p 00017000 08:06 11276593                   /lib/x86_64-linux-gnu/libnih.so.1.0.0
7f0817608000-7f0817621000 r-xp 00000000 08:06 11276533                   /lib/x86_64-linux-gnu/libcgmanager.so.0.0.0
7f0817621000-7f0817820000 ---p 00019000 08:06 11276533                   /lib/x86_64-linux-gnu/libcgmanager.so.0.0.0
7f0817820000-7f0817822000 r--p 00018000 08:06 11276533                   /lib/x86_64-linux-gnu/libcgmanager.so.0.0.0
7f0817822000-7f0817823000 rw-p 0001a000 08:06 11276533                   /lib/x86_64-linux-gnu/libcgmanager.so.0.0.0
7f0817828000-7f0817861000 r-xp 00000000 08:06 268901                     /usr/lib/x86_64-linux-gnu/libnspr4.so
7f0817861000-7f0817a60000 ---p 00039000 08:06 268901                     /usr/lib/x86_64-linux-gnu/libnspr4.so
7f0817a60000-7f0817a61000 r--p 00038000 08:06 268901                     /usr/lib/x86_64-linux-gnu/libnspr4.so
7f0817a61000-7f0817a62000 rw-p 00039000 08:06 268901                     /usr/lib/x86_64-linux-gnu/libnspr4.so
7f0817a62000-7f0817a65000 rw-p 00000000 00:00 0 
7f0817a68000-7f0817a6b000 r-xp 00000000 08:06 268900                     /usr/lib/x86_64-linux-gnu/libplds4.so
7f0817a6b000-7f0817c6a000 ---p 00003000 08:06 268900                     /usr/lib/x86_64-linux-gnu/libplds4.so
7f0817c6a000-7f0817c6b000 r--p 00002000 08:06 268900                     /usr/lib/x86_64-linux-gnu/libplds4.so
7f0817c6b000-7f0817c6c000 rw-p 00003000 08:06 268900                     /usr/lib/x86_64-linux-gnu/libplds4.so
7f0817c70000-7f0817c74000 r-xp 00000000 08:06 268861                     /usr/lib/x86_64-linux-gnu/libplc4.so
7f0817c74000-7f0817e73000 ---p 00004000 08:06 268861                     /usr/lib/x86_64-linux-gnu/libplc4.so
7f0817e73000-7f0817e74000 r--p 00003000 08:06 268861                     /usr/lib/x86_64-linux-gnu/libplc4.so
7f0817e74000-7f0817e75000 rw-p 00004000 08:06 268861                     /usr/lib/x86_64-linux-gnu/libplc4.so
7f0817e78000-7f0817e9d000 r-xp 00000000 08:06 268074                     /usr/lib/x86_64-linux-gnu/libnssutil3.so
7f0817e9d000-7f081809d000 ---p 00025000 08:06 268074                     /usr/lib/x86_64-linux-gnu/libnssutil3.so
7f081809d000-7f08180a3000 r--p 00025000 08:06 268074                     /usr/lib/x86_64-linux-gnu/libnssutil3.so
7f08180a3000-7f08180a4000 rw-p 0002b000 08:06 268074                     /usr/lib/x86_64-linux-gnu/libnssutil3.so
7f08180a8000-7f08180b8000 r-xp 00000000 08:06 11276675                   /lib/x86_64-linux-gnu/libudev.so.1.3.5
7f08180b8000-7f08182b7000 ---p 00010000 08:06 11276675                   /lib/x86_64-linux-gnu/libudev.so.1.3.5
7f08182b7000-7f08182b8000 r--p 0000f000 08:06 11276675                   /lib/x86_64-linux-gnu/libudev.so.1.3.5
7f08182b8000-7f08182b9000 rw-p 00010000 08:06 11276675                   /lib/x86_64-linux-gnu/libudev.so.1.3.5
7f08182c0000-7f08183f5000 r-xp 00000000 08:06 268076                     /usr/lib/x86_64-linux-gnu/libnss3.so
7f08183f5000-7f08185f4000 ---p 00135000 08:06 268076                     /usr/lib/x86_64-linux-gnu/libnss3.so
7f08185f4000-7f08185f9000 r--p 00134000 08:06 268076                     /usr/lib/x86_64-linux-gnu/libnss3.so
7f08185f9000-7f08185fb000 rw-p 00139000 08:06 268076                     /usr/lib/x86_64-linux-gnu/libnss3.so
7f08185fb000-7f08185fc000 rw-p 00000000 00:00 0 
7f0818600000-7f0818615000 r-xp 00000000 08:06 11276681                   /lib/x86_64-linux-gnu/libusb-1.0.so.0.1.0
7f0818615000-7f0818815000 ---p 00015000 08:06 11276681                   /lib/x86_64-linux-gnu/libusb-1.0.so.0.1.0
7f0818815000-7f0818816000 r--p 00015000 08:06 11276681                   /lib/x86_64-linux-gnu/libusb-1.0.so.0.1.0
7f0818816000-7f0818817000 rw-p 00016000 08:06 11276681                   /lib/x86_64-linux-gnu/libusb-1.0.so.0.1.0
7f0818818000-7f081886f000 r-xp 00000000 08:06 787714                     /usr/local/lib/libfprint.so.0.0.0
7f081886f000-7f0818a6e000 ---p 00057000 08:06 787714                     /usr/local/lib/libfprint.so.0.0.0
7f0818a6e000-7f0818a6f000 r--p 00056000 08:06 787714                     /usr/local/lib/libfprint.so.0.0.0
7f0818a6f000-7f0818a80000 rw-p 00057000 08:06 787714                     /usr/local/lib/libfprint.so.0.0.0
7f0818a80000-7f081b931000 rw-p 00000000 00:00 0 
7f081b960000-7f081b966000 r-xp 00000000 08:06 131116                     /tmp/libfingerprint5520209633539614021.so
7f081b966000-7f081bb65000 ---p 00006000 08:06 131116                     /tmp/libfingerprint5520209633539614021.so
7f081bb65000-7f081bb66000 r--p 00005000 08:06 131116                     /tmp/libfingerprint5520209633539614021.so
7f081bb66000-7f081bb67000 rw-p 00006000 08:06 131116                     /tmp/libfingerprint5520209633539614021.so
7f081bb6b000-7f081bc6b000 rw-p 00000000 00:00 0 
7f081bc6b000-7f081bd6b000 ---p 00000000 00:00 0 
7f081bd6b000-7f081c000000 rw-p 00000000 00:00 0 
7f081c000000-7f081c70e000 rw-p 00000000 00:00 0 
7f081c70e000-7f0820000000 ---p 00000000 00:00 0 
7f0820000000-7f0820028000 rw-p 00000000 00:00 0 
7f0820028000-7f0824000000 ---p 00000000 00:00 0 
7f0824000000-7f0824021000 rw-p 00000000 00:00 0 
7f0824021000-7f0828000000 ---p 00000000 00:00 0 
7f0828012000-7f0828212000 rw-s 1a8eb2000 00:06 11833                     /dev/nvidiactl
7f0828216000-7f0828616000 rw-s 43ebe000 00:06 11833                      /dev/nvidiactl
7f0828616000-7f08288ab000 rw-p 00000000 00:00 0 
7f08288ab000-7f0828aab000 rw-s 1604bb000 00:06 11833                     /dev/nvidiactl
7f0828aaf000-7f08292b0000 rw-p 00000000 00:00 0 
7f08292b0000-7f082935a000 r--p 00000000 08:06 1445411                    /usr/share/fonts/truetype/dejavu/DejaVuSans-Bold.ttf
7f082935d000-7f0829370000 r--s 00345000 08:06 10486404                   /usr/lib/jvm/jdk1.8.0_111/jre/lib/resources.jar
7f0829370000-7f0829570000 rw-p 00000000 00:00 0 
7f0829570000-7f0829770000 rw-p 00000000 00:00 0 
7f0829770000-7f0829826000 r--p 00000000 08:06 1445415                    /usr/share/fonts/truetype/dejavu/DejaVuSans.ttf
7f082982b000-7f082982e000 ---p 00000000 00:00 0 
7f082982e000-7f082992c000 rw-p 00000000 00:00 0                          [stack:14424]
7f082992c000-7f0829931000 r--s 00084000 08:06 10486279                   /usr/lib/jvm/jdk1.8.0_111/jre/lib/jfr.jar
7f0829938000-7f0829967000 r-xp 00000000 08:06 788682                     /usr/lib/x86_64-linux-gnu/gtk-2.0/2.10.0/engines/libmurrine.so
7f0829967000-7f0829b67000 ---p 0002f000 08:06 788682                     /usr/lib/x86_64-linux-gnu/gtk-2.0/2.10.0/engines/libmurrine.so
7f0829b67000-7f0829b68000 r--p 0002f000 08:06 788682                     /usr/lib/x86_64-linux-gnu/gtk-2.0/2.10.0/engines/libmurrine.so
7f0829b68000-7f0829b69000 rw-p 00030000 08:06 788682                     /usr/lib/x86_64-linux-gnu/gtk-2.0/2.10.0/engines/libmurrine.so
7f0829b70000-7f0829b79000 r-xp 00000000 08:06 787773                     /usr/lib/x86_64-linux-gnu/gtk-2.0/2.10.0/engines/libpixmap.so
7f0829b79000-7f0829d79000 ---p 00009000 08:06 787773                     /usr/lib/x86_64-linux-gnu/gtk-2.0/2.10.0/engines/libpixmap.so
7f0829d79000-7f0829d7a000 r--p 00009000 08:06 787773                     /usr/lib/x86_64-linux-gnu/gtk-2.0/2.10.0/engines/libpixmap.so
7f0829d7a000-7f0829d7b000 rw-p 0000a000 08:06 787773                     /usr/lib/x86_64-linux-gnu/gtk-2.0/2.10.0/engines/libpixmap.so
7f0829d80000-7f0829f80000 rw-p 00000000 00:00 0 
7f0829f80000-7f082a180000 rw-p 00000000 00:00 0 
7f082a180000-7f082a22b000 r--p 00000000 08:06 10486268                   /usr/lib/jvm/jdk1.8.0_111/jre/lib/fonts/LucidaSansRegular.ttf
7f082a230000-7f082a26a000 r--p 00000000 08:06 10486270                   /usr/lib/jvm/jdk1.8.0_111/jre/lib/fonts/LucidaTypewriterBold.ttf
7f082a270000-7f082a283000 r--p 00000000 08:06 10486276                   /usr/lib/jvm/jdk1.8.0_111/jre/lib/fonts/LucidaBrightDemiItalic.ttf
7f082a288000-7f082a2d6000 r--p 00000000 08:06 10486275                   /usr/lib/jvm/jdk1.8.0_111/jre/lib/fonts/LucidaSansDemiBold.ttf
7f082a2d8000-7f082a314000 r--p 00000000 08:06 10486274                   /usr/lib/jvm/jdk1.8.0_111/jre/lib/fonts/LucidaTypewriterRegular.ttf
7f082a318000-7f082a36d000 r--p 00000000 08:06 10486271                   /usr/lib/jvm/jdk1.8.0_111/jre/lib/fonts/LucidaBrightRegular.ttf
7f082a370000-7f082a384000 r--p 00000000 08:06 10486272                   /usr/lib/jvm/jdk1.8.0_111/jre/lib/fonts/LucidaBrightItalic.ttf
7f082a388000-7f082a39b000 r--p 00000000 08:06 10486269                   /usr/lib/jvm/jdk1.8.0_111/jre/lib/fonts/LucidaBrightDemiBold.ttf
7f082a3a0000-7f082a3a4000 r-xp 00000000 08:06 10486217                   /usr/lib/jvm/jdk1.8.0_111/jre/lib/amd64/libjavafx_font_pango.so
7f082a3a4000-7f082a5a3000 ---p 00004000 08:06 10486217                   /usr/lib/jvm/jdk1.8.0_111/jre/lib/amd64/libjavafx_font_pango.so
7f082a5a3000-7f082a5a4000 rw-p 00003000 08:06 10486217                   /usr/lib/jvm/jdk1.8.0_111/jre/lib/amd64/libjavafx_font_pango.so
7f082a5a8000-7f082a5a9000 r--s 00000000 08:06 3801416                    /var/cache/fontconfig/c05880de57d1f5e948fdfacc138775d9-le64.cache-4
7f082a5b0000-7f082a5bb000 r--s 00000000 08:06 3801409                    /var/cache/fontconfig/945677eb7aeaf62f1d50efc3fb3ec7d8-le64.cache-4
7f082a5c0000-7f082a5c2000 r--s 00000000 08:06 3801411                    /var/cache/fontconfig/99e8ed0e538f840c565b6ed5dad60d56-le64.cache-4
7f082a5c8000-7f082a5ce000 r--s 00000000 08:06 3801393                    /var/cache/fontconfig/2cd17615ca594fa2959ae173292e504c-le64.cache-4
7f082a5d0000-7f082a5d1000 r--s 00000000 08:06 3801427                    /var/cache/fontconfig/e7071f4a29fa870f4323321c154eba04-le64.cache-4
7f082a5d8000-7f082a5d9000 r--s 00000000 08:06 3801390                    /var/cache/fontconfig/0d8c3b2ac0904cb8a57a757ad11a4a08-le64.cache-4
7f082a5e0000-7f082a5e7000 r--s 00000000 08:06 3801413                    /var/cache/fontconfig/a755afe4a08bf5b97852ceb7400b47bc-le64.cache-4
7f082a5e8000-7f082a5f4000 r--s 00000000 08:06 3801404                    /var/cache/fontconfig/6d41288fd70b0be22e8c3a91e032eec0-le64.cache-4
7f082a5f8000-7f082a60c000 r--s 00000000 08:06 3801387                    /var/cache/fontconfig/04aabc0a78ac019cf9454389977116d2-le64.cache-4
7f082a610000-7f082a611000 r--s 00000000 08:06 3801392                    /var/cache/fontconfig/1ac9eb803944fde146138c791f5cc56a-le64.cache-4
7f082a618000-7f082a61c000 r--s 00000000 08:06 3801396                    /var/cache/fontconfig/385c0604a188198f04d133e54aba7fe7-le64.cache-4
7f082a620000-7f082a621000 r--s 00000000 08:06 3801424                    /var/cache/fontconfig/dc05db6664285cc2f12bf69c139ae4c3-le64.cache-4
7f082a628000-7f082a62a000 r--s 00000000 08:06 3801406                    /var/cache/fontconfig/767a8244fc0220cfb567a839d0392e0b-le64.cache-4
7f082a630000-7f082a631000 r--s 00000000 08:06 3801398                    /var/cache/fontconfig/4794a0821666d79190d59a36cb4f44b5-le64.cache-4
7f082a638000-7f082a64a000 r--s 00000000 08:06 3801388                    /var/cache/fontconfig/0bd3dc0958fa2205aaaa8ebb13e2872b-le64.cache-4
7f082a650000-7f082a655000 r--s 00000000 08:06 3801408                    /var/cache/fontconfig/8801497958630a81b71ace7c5f9b32a8-le64.cache-4
7f082a658000-7f082a65e000 r--s 00000000 08:06 3816246                    /var/cache/fontconfig/ca37dee8d6057f2a069c1b3d05990269-le64.cache-4
7f082a660000-7f082a664000 r--s 00000000 08:06 3815067                    /var/cache/fontconfig/c57959a16110560c8d0fcea73374aeeb-le64.cache-4
7f082a668000-7f082a66f000 r--s 00000000 08:06 3801394                    /var/cache/fontconfig/3047814df9a2f067bd2d96a2b9c36e5a-le64.cache-4
7f082a670000-7f082a671000 r--s 00000000 08:06 3801400                    /var/cache/fontconfig/56cf4f4769d0f4abc89a4895d7bd3ae1-le64.cache-4
7f082a678000-7f082a67e000 r--s 00000000 08:06 3801414                    /var/cache/fontconfig/b47c4e1ecd0709278f4910c18777a504-le64.cache-4
7f082a680000-7f082a693000 r--s 00000000 08:06 3801421                    /var/cache/fontconfig/d52a8644073d54c13679302ca1180695-le64.cache-4
7f082a698000-7f082a6a1000 r--s 00000000 08:06 3801397                    /var/cache/fontconfig/3f7329c5293ffd510edef78f73874cfd-le64.cache-4
7f082a6a8000-7f082a6b3000 r--s 00000000 08:06 3801422                    /var/cache/fontconfig/d589a48862398ed80a3d6066f4f56f4c-le64.cache-4
7f082a6b8000-7f082a6c1000 r--s 00000000 08:06 3801419                    /var/cache/fontconfig/d0972c3d32f097851eb916381fc38920-le64.cache-4
7f082a6c8000-7f082a6cb000 r--s 00000000 08:06 3812658                    /var/cache/fontconfig/e13b20fdb08344e0e664864cc2ede53d-le64.cache-4
7f082a6d0000-7f082a6d4000 r--s 00000000 08:06 3816245                    /var/cache/fontconfig/7ef2298fde41cc6eeb7af42e48b7d293-le64.cache-4
7f082a6d8000-7f082a6dd000 r-xp 00000000 08:06 10486213                   /usr/lib/jvm/jdk1.8.0_111/jre/lib/amd64/libjavafx_font_freetype.so
7f082a6dd000-7f082a8dc000 ---p 00005000 08:06 10486213                   /usr/lib/jvm/jdk1.8.0_111/jre/lib/amd64/libjavafx_font_freetype.so
7f082a8dc000-7f082a8dd000 rw-p 00004000 08:06 10486213                   /usr/lib/jvm/jdk1.8.0_111/jre/lib/amd64/libjavafx_font_freetype.so
7f082a8e0000-7f082a8e3000 r-xp 00000000 08:06 10486175                   /usr/lib/jvm/jdk1.8.0_111/jre/lib/amd64/libjavafx_font.so
7f082a8e3000-7f082aae2000 ---p 00003000 08:06 10486175                   /usr/lib/jvm/jdk1.8.0_111/jre/lib/amd64/libjavafx_font.so
7f082aae2000-7f082aae3000 rw-p 00002000 08:06 10486175                   /usr/lib/jvm/jdk1.8.0_111/jre/lib/amd64/libjavafx_font.so
7f082aae5000-7f082ace5000 rw-p 00000000 00:00 0 
7f082ace5000-7f082ace8000 ---p 00000000 00:00 0 
7f082ace8000-7f082ade6000 rw-p 00000000 00:00 0                          [stack:14365]
7f082ade6000-7f082ade9000 ---p 00000000 00:00 0 
7f082ade9000-7f082aee7000 rw-p 00000000 00:00 0                          [stack:14357]
7f082aee7000-7f082aeea000 ---p 00000000 00:00 0 
7f082aeea000-7f082afe8000 rw-p 00000000 00:00 0                          [stack:14356]
7f082afe8000-7f082b012000 r--p 00000000 08:06 1314249                    /usr/share/locale-langpack/es/LC_MESSAGES/gtk20-properties.mo
7f082b018000-7f082b041000 r-xp 00000000 08:06 10486225                   /usr/lib/jvm/jdk1.8.0_111/jre/lib/amd64/libglass.so
7f082b041000-7f082b240000 ---p 00029000 08:06 10486225                   /usr/lib/jvm/jdk1.8.0_111/jre/lib/amd64/libglass.so
7f082b240000-7f082b243000 rw-p 00028000 08:06 10486225                   /usr/lib/jvm/jdk1.8.0_111/jre/lib/amd64/libglass.so
7f082b244000-7f082b2c4000 rw-s 2148f4000 00:06 11833                     /dev/nvidiactl
7f082b2c4000-7f082b344000 rw-s 167fa4000 00:06 11833                     /dev/nvidiactl
7f082b344000-7f082b3c4000 rw-s 1a8eb4000 00:06 11833                     /dev/nvidiactl
7f082b3cf000-7f082b3d2000 ---p 00000000 00:00 0 
7f082b3d2000-7f082b4d0000 rw-p 00000000 00:00 0 
7f082b4d0000-7f082b4d6000 r-xp 00000000 08:06 270780                     /usr/lib/x86_64-linux-gnu/libdatrie.so.1.3.1
7f082b4d6000-7f082b6d5000 ---p 00006000 08:06 270780                     /usr/lib/x86_64-linux-gnu/libdatrie.so.1.3.1
7f082b6d5000-7f082b6d6000 r--p 00005000 08:06 270780                     /usr/lib/x86_64-linux-gnu/libdatrie.so.1.3.1
7f082b6d6000-7f082b6d7000 rw-p 00006000 08:06 270780                     /usr/lib/x86_64-linux-gnu/libdatrie.so.1.3.1
7f082b6d8000-7f082b6dd000 r-xp 00000000 08:06 270557                     /usr/lib/x86_64-linux-gnu/libXdmcp.so.6.0.0
7f082b6dd000-7f082b8dc000 ---p 00005000 08:06 270557                     /usr/lib/x86_64-linux-gnu/libXdmcp.so.6.0.0
7f082b8dc000-7f082b8dd000 r--p 00004000 08:06 270557                     /usr/lib/x86_64-linux-gnu/libXdmcp.so.6.0.0
7f082b8dd000-7f082b8de000 rw-p 00005000 08:06 270557                     /usr/lib/x86_64-linux-gnu/libXdmcp.so.6.0.0
7f082b8e0000-7f082b8e2000 r-xp 00000000 08:06 270544                     /usr/lib/x86_64-linux-gnu/libXau.so.6.0.0
7f082b8e2000-7f082bae2000 ---p 00002000 08:06 270544                     /usr/lib/x86_64-linux-gnu/libXau.so.6.0.0
7f082bae2000-7f082bae3000 r--p 00002000 08:06 270544                     /usr/lib/x86_64-linux-gnu/libXau.so.6.0.0
7f082bae3000-7f082bae4000 rw-p 00003000 08:06 270544                     /usr/lib/x86_64-linux-gnu/libXau.so.6.0.0
7f082bae8000-7f082bb02000 r-xp 00000000 08:06 263304                     /usr/lib/x86_64-linux-gnu/libgraphite2.so.3.0.1
7f082bb02000-7f082bd01000 ---p 0001a000 08:06 263304                     /usr/lib/x86_64-linux-gnu/libgraphite2.so.3.0.1
7f082bd01000-7f082bd03000 r--p 00019000 08:06 263304                     /usr/lib/x86_64-linux-gnu/libgraphite2.so.3.0.1
7f082bd03000-7f082bd04000 rw-p 0001b000 08:06 263304                     /usr/lib/x86_64-linux-gnu/libgraphite2.so.3.0.1
7f082bd08000-7f082d705000 r-xp 00000000 08:06 921231                     /usr/lib/nvidia-352/libnvidia-glcore.so.352.63
7f082d705000-7f082d725000 rwxp 019fd000 08:06 921231                     /usr/lib/nvidia-352/libnvidia-glcore.so.352.63
7f082d725000-7f082d9ec000 r-xp 01a1d000 08:06 921231                     /usr/lib/nvidia-352/libnvidia-glcore.so.352.63
7f082d9ec000-7f082dbeb000 ---p 01ce4000 08:06 921231                     /usr/lib/nvidia-352/libnvidia-glcore.so.352.63
7f082dbeb000-7f082e787000 rw-p 01ce3000 08:06 921231                     /usr/lib/nvidia-352/libnvidia-glcore.so.352.63
7f082e787000-7f082e79b000 rw-p 00000000 00:00 0 
7f082e7a0000-7f082e7a3000 r-xp 00000000 08:06 1184481                    /usr/lib/nvidia-352/tls/libnvidia-tls.so.352.63
7f082e7a3000-7f082e9a2000 ---p 00003000 08:06 1184481                    /usr/lib/nvidia-352/tls/libnvidia-tls.so.352.63
7f082e9a2000-7f082e9a3000 rw-p 00002000 08:06 1184481                    /usr/lib/nvidia-352/tls/libnvidia-tls.so.352.63
7f082e9a8000-7f082e9e5000 r-xp 00000000 08:06 11276632                   /lib/x86_64-linux-gnu/libpcre.so.3.13.1
7f082e9e5000-7f082ebe4000 ---p 0003d000 08:06 11276632                   /lib/x86_64-linux-gnu/libpcre.so.3.13.1
7f082ebe4000-7f082ebe5000 r--p 0003c000 08:06 11276632                   /lib/x86_64-linux-gnu/libpcre.so.3.13.1
7f082ebe5000-7f082ebe6000 rw-p 0003d000 08:06 11276632                   /lib/x86_64-linux-gnu/libpcre.so.3.13.1
7f082ebe8000-7f082ebef000 r-xp 00000000 08:06 262898                     /usr/lib/x86_64-linux-gnu/libffi.so.6.0.1
7f082ebef000-7f082edee000 ---p 00007000 08:06 262898                     /usr/lib/x86_64-linux-gnu/libffi.so.6.0.1
7f082edee000-7f082edef000 r--p 00006000 08:06 262898                     /usr/lib/x86_64-linux-gnu/libffi.so.6.0.1
7f082edef000-7f082edf0000 rw-p 00007000 08:06 262898                     /usr/lib/x86_64-linux-gnu/libffi.so.6.0.1
7f082edf0000-7f082ee17000 r-xp 00000000 08:06 11276550                   /lib/x86_64-linux-gnu/libexpat.so.1.6.0
7f082ee17000-7f082f017000 ---p 00027000 08:06 11276550                   /lib/x86_64-linux-gnu/libexpat.so.1.6.0
7f082f017000-7f082f019000 r--p 00027000 08:06 11276550                   /lib/x86_64-linux-gnu/libexpat.so.1.6.0
7f082f019000-7f082f01a000 rw-p 00029000 08:06 11276550                   /lib/x86_64-linux-gnu/libexpat.so.1.6.0
7f082f020000-7f082f028000 r-xp 00000000 08:06 271660                     /usr/lib/x86_64-linux-gnu/libthai.so.0.2.0
7f082f028000-7f082f227000 ---p 00008000 08:06 271660                     /usr/lib/x86_64-linux-gnu/libthai.so.0.2.0
7f082f227000-7f082f228000 r--p 00007000 08:06 271660                     /usr/lib/x86_64-linux-gnu/libthai.so.0.2.0
7f082f228000-7f082f229000 rw-p 00008000 08:06 271660                     /usr/lib/x86_64-linux-gnu/libthai.so.0.2.0
7f082f230000-7f082f24d000 r-xp 00000000 08:06 271805                     /usr/lib/x86_64-linux-gnu/libxcb.so.1.1.0
7f082f24d000-7f082f44d000 ---p 0001d000 08:06 271805                     /usr/lib/x86_64-linux-gnu/libxcb.so.1.1.0
7f082f44d000-7f082f44e000 r--p 0001d000 08:06 271805                     /usr/lib/x86_64-linux-gnu/libxcb.so.1.1.0
7f082f44e000-7f082f44f000 rw-p 0001e000 08:06 271805                     /usr/lib/x86_64-linux-gnu/libxcb.so.1.1.0
7f082f450000-7f082f458000 r-xp 00000000 08:06 271787                     /usr/lib/x86_64-linux-gnu/libxcb-render.so.0.0.0
7f082f458000-7f082f657000 ---p 00008000 08:06 271787                     /usr/lib/x86_64-linux-gnu/libxcb-render.so.0.0.0
7f082f657000-7f082f658000 r--p 00007000 08:06 271787                     /usr/lib/x86_64-linux-gnu/libxcb-render.so.0.0.0
7f082f658000-7f082f659000 rw-p 00008000 08:06 271787                     /usr/lib/x86_64-linux-gnu/libxcb-render.so.0.0.0
7f082f660000-7f082f662000 r-xp 00000000 08:06 271791                     /usr/lib/x86_64-linux-gnu/libxcb-shm.so.0.0.0
7f082f662000-7f082f861000 ---p 00002000 08:06 271791                     /usr/lib/x86_64-linux-gnu/libxcb-shm.so.0.0.0
7f082f861000-7f082f862000 r--p 00001000 08:06 271791                     /usr/lib/x86_64-linux-gnu/libxcb-shm.so.0.0.0
7f082f862000-7f082f863000 rw-p 00002000 08:06 271791                     /usr/lib/x86_64-linux-gnu/libxcb-shm.so.0.0.0
7f082f868000-7f082f88d000 r-xp 00000000 08:06 11273421                   /lib/x86_64-linux-gnu/libpng12.so.0.50.0
7f082f88d000-7f082fa8c000 ---p 00025000 08:06 11273421                   /lib/x86_64-linux-gnu/libpng12.so.0.50.0
7f082fa8c000-7f082fa8d000 r--p 00024000 08:06 11273421                   /lib/x86_64-linux-gnu/libpng12.so.0.50.0
7f082fa8d000-7f082fa8e000 rw-p 00025000 08:06 11273421                   /lib/x86_64-linux-gnu/libpng12.so.0.50.0
7f082fa90000-7f082fb31000 r-xp 00000000 08:06 271486                     /usr/lib/x86_64-linux-gnu/libpixman-1.so.0.30.2
7f082fb31000-7f082fd31000 ---p 000a1000 08:06 271486                     /usr/lib/x86_64-linux-gnu/libpixman-1.so.0.30.2
7f082fd31000-7f082fd38000 r--p 000a1000 08:06 271486                     /usr/lib/x86_64-linux-gnu/libpixman-1.so.0.30.2
7f082fd38000-7f082fd39000 rw-p 000a8000 08:06 271486                     /usr/lib/x86_64-linux-gnu/libpixman-1.so.0.30.2
7f082fd40000-7f082fd93000 r-xp 00000000 08:06 271186                     /usr/lib/x86_64-linux-gnu/libharfbuzz.so.0.927.0
7f082fd93000-7f082ff93000 ---p 00053000 08:06 271186                     /usr/lib/x86_64-linux-gnu/libharfbuzz.so.0.927.0
7f082ff93000-7f082ff94000 r--p 00053000 08:06 271186                     /usr/lib/x86_64-linux-gnu/libharfbuzz.so.0.927.0
7f082ff94000-7f082ff95000 rw-p 00054000 08:06 271186                     /usr/lib/x86_64-linux-gnu/libharfbuzz.so.0.927.0
7f082ff98000-7f082ffaf000 r-xp 00000000 08:06 11272221                   /lib/x86_64-linux-gnu/libresolv-2.19.so
7f082ffaf000-7f08301af000 ---p 00017000 08:06 11272221                   /lib/x86_64-linux-gnu/libresolv-2.19.so
7f08301af000-7f08301b0000 r--p 00017000 08:06 11272221                   /lib/x86_64-linux-gnu/libresolv-2.19.so
7f08301b0000-7f08301b1000 rw-p 00018000 08:06 11272221                   /lib/x86_64-linux-gnu/libresolv-2.19.so
7f08301b1000-7f08301b3000 rw-p 00000000 00:00 0 
7f08301b8000-7f08301d8000 r-xp 00000000 08:06 11276659                   /lib/x86_64-linux-gnu/libselinux.so.1
7f08301d8000-7f08303d7000 ---p 00020000 08:06 11276659                   /lib/x86_64-linux-gnu/libselinux.so.1
7f08303d7000-7f08303d8000 r--p 0001f000 08:06 11276659                   /lib/x86_64-linux-gnu/libselinux.so.1
7f08303d8000-7f08303d9000 rw-p 00020000 08:06 11276659                   /lib/x86_64-linux-gnu/libselinux.so.1
7f08303d9000-7f08303db000 rw-p 00000000 00:00 0 
7f08303e0000-7f08303f8000 r-xp 00000000 08:06 11276690                   /lib/x86_64-linux-gnu/libz.so.1.2.8
7f08303f8000-7f08305f7000 ---p 00018000 08:06 11276690                   /lib/x86_64-linux-gnu/libz.so.1.2.8
7f08305f7000-7f08305f8000 r--p 00017000 08:06 11276690                   /lib/x86_64-linux-gnu/libz.so.1.2.8
7f08305f8000-7f08305f9000 rw-p 00018000 08:06 11276690                   /lib/x86_64-linux-gnu/libz.so.1.2.8
7f0830600000-7f0830611000 r-xp 00000000 08:06 270559                     /usr/lib/x86_64-linux-gnu/libXext.so.6.4.0
7f0830611000-7f0830810000 ---p 00011000 08:06 270559                     /usr/lib/x86_64-linux-gnu/libXext.so.6.4.0
7f0830810000-7f0830811000 r--p 00010000 08:06 270559                     /usr/lib/x86_64-linux-gnu/libXext.so.6.4.0
7f0830811000-7f0830812000 rw-p 00011000 08:06 270559                     /usr/lib/x86_64-linux-gnu/libXext.so.6.4.0
7f0830818000-7f083081a000 r-xp 00000000 08:06 270553                     /usr/lib/x86_64-linux-gnu/libXdamage.so.1.1.0
7f083081a000-7f0830a19000 ---p 00002000 08:06 270553                     /usr/lib/x86_64-linux-gnu/libXdamage.so.1.1.0
7f0830a19000-7f0830a1a000 r--p 00001000 08:06 270553                     /usr/lib/x86_64-linux-gnu/libXdamage.so.1.1.0
7f0830a1a000-7f0830a1b000 rw-p 00002000 08:06 270553                     /usr/lib/x86_64-linux-gnu/libXdamage.so.1.1.0
7f0830a20000-7f0830a22000 r-xp 00000000 08:06 270549                     /usr/lib/x86_64-linux-gnu/libXcomposite.so.1.0.0
7f0830a22000-7f0830c21000 ---p 00002000 08:06 270549                     /usr/lib/x86_64-linux-gnu/libXcomposite.so.1.0.0
7f0830c21000-7f0830c22000 r--p 00001000 08:06 270549                     /usr/lib/x86_64-linux-gnu/libXcomposite.so.1.0.0
7f0830c22000-7f0830c23000 rw-p 00002000 08:06 270549                     /usr/lib/x86_64-linux-gnu/libXcomposite.so.1.0.0
7f0830c28000-7f0830c31000 r-xp 00000000 08:06 270551                     /usr/lib/x86_64-linux-gnu/libXcursor.so.1.0.2
7f0830c31000-7f0830e30000 ---p 00009000 08:06 270551                     /usr/lib/x86_64-linux-gnu/libXcursor.so.1.0.2
7f0830e30000-7f0830e31000 r--p 00008000 08:06 270551                     /usr/lib/x86_64-linux-gnu/libXcursor.so.1.0.2
7f0830e31000-7f0830e32000 rw-p 00009000 08:06 270551                     /usr/lib/x86_64-linux-gnu/libXcursor.so.1.0.2
7f0830e38000-7f0830e41000 r-xp 00000000 08:06 270579                     /usr/lib/x86_64-linux-gnu/libXrandr.so.2.2.0
7f0830e41000-7f0831040000 ---p 00009000 08:06 270579                     /usr/lib/x86_64-linux-gnu/libXrandr.so.2.2.0
7f0831040000-7f0831041000 r--p 00008000 08:06 270579                     /usr/lib/x86_64-linux-gnu/libXrandr.so.2.2.0
7f0831041000-7f0831042000 rw-p 00009000 08:06 270579                     /usr/lib/x86_64-linux-gnu/libXrandr.so.2.2.0
7f0831048000-7f0831057000 r-xp 00000000 08:06 270567                     /usr/lib/x86_64-linux-gnu/libXi.so.6.1.0
7f0831057000-7f0831256000 ---p 0000f000 08:06 270567                     /usr/lib/x86_64-linux-gnu/libXi.so.6.1.0
7f0831256000-7f0831257000 r--p 0000e000 08:06 270567                     /usr/lib/x86_64-linux-gnu/libXi.so.6.1.0
7f0831257000-7f0831258000 rw-p 0000f000 08:06 270567                     /usr/lib/x86_64-linux-gnu/libXi.so.6.1.0
7f0831258000-7f083125a000 r-xp 00000000 08:06 270569                     /usr/lib/x86_64-linux-gnu/libXinerama.so.1.0.0
7f083125a000-7f0831459000 ---p 00002000 08:06 270569                     /usr/lib/x86_64-linux-gnu/libXinerama.so.1.0.0
7f0831459000-7f083145a000 r--p 00001000 08:06 270569                     /usr/lib/x86_64-linux-gnu/libXinerama.so.1.0.0
7f083145a000-7f083145b000 rw-p 00002000 08:06 270569                     /usr/lib/x86_64-linux-gnu/libXinerama.so.1.0.0
7f0831460000-7f0831469000 r-xp 00000000 08:06 270581                     /usr/lib/x86_64-linux-gnu/libXrender.so.1.3.0
7f0831469000-7f0831668000 ---p 00009000 08:06 270581                     /usr/lib/x86_64-linux-gnu/libXrender.so.1.3.0
7f0831668000-7f0831669000 r--p 00008000 08:06 270581                     /usr/lib/x86_64-linux-gnu/libXrender.so.1.3.0
7f0831669000-7f083166a000 rw-p 00009000 08:06 270581                     /usr/lib/x86_64-linux-gnu/libXrender.so.1.3.0
7f0831670000-7f0831675000 r-xp 00000000 08:06 270561                     /usr/lib/x86_64-linux-gnu/libXfixes.so.3.1.0
7f0831675000-7f0831874000 ---p 00005000 08:06 270561                     /usr/lib/x86_64-linux-gnu/libXfixes.so.3.1.0
7f0831874000-7f0831875000 r--p 00004000 08:06 270561                     /usr/lib/x86_64-linux-gnu/libXfixes.so.3.1.0
7f0831875000-7f0831876000 rw-p 00005000 08:06 270561                     /usr/lib/x86_64-linux-gnu/libXfixes.so.3.1.0
7f0831878000-7f083188e000 r-xp 00000000 08:06 11273328                   /lib/x86_64-linux-gnu/libgcc_s.so.1
7f083188e000-7f0831a8d000 ---p 00016000 08:06 11273328                   /lib/x86_64-linux-gnu/libgcc_s.so.1
7f0831a8d000-7f0831a8e000 rw-p 00015000 08:06 11273328                   /lib/x86_64-linux-gnu/libgcc_s.so.1
7f0831a90000-7f0831b76000 r-xp 00000000 08:06 262560                     /usr/lib/x86_64-linux-gnu/libstdc++.so.6.0.19
7f0831b76000-7f0831d75000 ---p 000e6000 08:06 262560                     /usr/lib/x86_64-linux-gnu/libstdc++.so.6.0.19
7f0831d75000-7f0831d7d000 r--p 000e5000 08:06 262560                     /usr/lib/x86_64-linux-gnu/libstdc++.so.6.0.19
7f0831d7d000-7f0831d7f000 rw-p 000ed000 08:06 262560                     /usr/lib/x86_64-linux-gnu/libstdc++.so.6.0.19
7f0831d7f000-7f0831d94000 rw-p 00000000 00:00 0 
7f0831d98000-7f0831e56000 r-xp 00000000 08:06 921224                     /usr/lib/nvidia-352/libGL.so.352.63
7f0831e56000-7f0831e89000 rwxp 000be000 08:06 921224                     /usr/lib/nvidia-352/libGL.so.352.63
7f0831e89000-7f0831e9b000 r-xp 000f1000 08:06 921224                     /usr/lib/nvidia-352/libGL.so.352.63
7f0831e9b000-7f083209a000 ---p 00103000 08:06 921224                     /usr/lib/nvidia-352/libGL.so.352.63
7f083209a000-7f08320c2000 rw-p 00102000 08:06 921224                     /usr/lib/nvidia-352/libGL.so.352.63
7f08320c2000-7f08320c8000 rw-p 00000000 00:00 0 
7f08320c8000-7f08320cc000 r-xp 00000000 08:06 270597                     /usr/lib/x86_64-linux-gnu/libXxf86vm.so.1.0.0
7f08320cc000-7f08322cc000 ---p 00004000 08:06 270597                     /usr/lib/x86_64-linux-gnu/libXxf86vm.so.1.0.0
7f08322cc000-7f08322cd000 r--p 00004000 08:06 270597                     /usr/lib/x86_64-linux-gnu/libXxf86vm.so.1.0.0
7f08322cd000-7f08322ce000 rw-p 00005000 08:06 270597                     /usr/lib/x86_64-linux-gnu/libXxf86vm.so.1.0.0
7f08322d0000-7f0832400000 r-xp 00000000 08:06 270538                     /usr/lib/x86_64-linux-gnu/libX11.so.6.3.0
7f0832400000-7f0832600000 ---p 00130000 08:06 270538                     /usr/lib/x86_64-linux-gnu/libX11.so.6.3.0
7f0832600000-7f0832601000 r--p 00130000 08:06 270538                     /usr/lib/x86_64-linux-gnu/libX11.so.6.3.0
7f0832601000-7f0832605000 rw-p 00131000 08:06 270538                     /usr/lib/x86_64-linux-gnu/libX11.so.6.3.0
7f0832608000-7f083260d000 r-xp 00000000 08:06 270587                     /usr/lib/x86_64-linux-gnu/libXtst.so.6.1.0
7f083260d000-7f083280c000 ---p 00005000 08:06 270587                     /usr/lib/x86_64-linux-gnu/libXtst.so.6.1.0
7f083280c000-7f083280d000 r--p 00004000 08:06 270587                     /usr/lib/x86_64-linux-gnu/libXtst.so.6.1.0
7f083280d000-7f083280e000 rw-p 00005000 08:06 270587                     /usr/lib/x86_64-linux-gnu/libXtst.so.6.1.0
7f0832810000-7f0832916000 r-xp 00000000 08:06 11276559                   /lib/x86_64-linux-gnu/libglib-2.0.so.0.4002.0
7f0832916000-7f0832b15000 ---p 00106000 08:06 11276559                   /lib/x86_64-linux-gnu/libglib-2.0.so.0.4002.0
7f0832b15000-7f0832b16000 r--p 00105000 08:06 11276559                   /lib/x86_64-linux-gnu/libglib-2.0.so.0.4002.0
7f0832b16000-7f0832b17000 rw-p 00106000 08:06 11276559                   /lib/x86_64-linux-gnu/libglib-2.0.so.0.4002.0
7f0832b17000-7f0832b18000 rw-p 00000000 00:00 0 
7f0832b18000-7f0832b19000 r-xp 00000000 08:06 271159                     /usr/lib/x86_64-linux-gnu/libgthread-2.0.so.0.4002.0
7f0832b19000-7f0832d18000 ---p 00001000 08:06 271159                     /usr/lib/x86_64-linux-gnu/libgthread-2.0.so.0.4002.0
7f0832d18000-7f0832d19000 r--p 00000000 08:06 271159                     /usr/lib/x86_64-linux-gnu/libgthread-2.0.so.0.4002.0
7f0832d19000-7f0832d1a000 rw-p 00001000 08:06 271159                     /usr/lib/x86_64-linux-gnu/libgthread-2.0.so.0.4002.0
7f0832d20000-7f0832d23000 r-xp 00000000 08:06 271015                     /usr/lib/x86_64-linux-gnu/libgmodule-2.0.so.0.4002.0
7f0832d23000-7f0832f22000 ---p 00003000 08:06 271015                     /usr/lib/x86_64-linux-gnu/libgmodule-2.0.so.0.4002.0
7f0832f22000-7f0832f23000 r--p 00002000 08:06 271015                     /usr/lib/x86_64-linux-gnu/libgmodule-2.0.so.0.4002.0
7f0832f23000-7f0832f24000 rw-p 00003000 08:06 271015                     /usr/lib/x86_64-linux-gnu/libgmodule-2.0.so.0.4002.0
7f0832f28000-7f0832f77000 r-xp 00000000 08:06 271039                     /usr/lib/x86_64-linux-gnu/libgobject-2.0.so.0.4002.0
7f0832f77000-7f0833177000 ---p 0004f000 08:06 271039                     /usr/lib/x86_64-linux-gnu/libgobject-2.0.so.0.4002.0
7f0833177000-7f0833178000 r--p 0004f000 08:06 271039                     /usr/lib/x86_64-linux-gnu/libgobject-2.0.so.0.4002.0
7f0833178000-7f0833179000 rw-p 00050000 08:06 271039                     /usr/lib/x86_64-linux-gnu/libgobject-2.0.so.0.4002.0
7f0833180000-7f08331ba000 r-xp 00000000 08:06 270920                     /usr/lib/x86_64-linux-gnu/libfontconfig.so.1.8.0
7f08331ba000-7f08333b9000 ---p 0003a000 08:06 270920                     /usr/lib/x86_64-linux-gnu/libfontconfig.so.1.8.0
7f08333b9000-7f08333bb000 r--p 00039000 08:06 270920                     /usr/lib/x86_64-linux-gnu/libfontconfig.so.1.8.0
7f08333bb000-7f08333bc000 rw-p 0003b000 08:06 270920                     /usr/lib/x86_64-linux-gnu/libfontconfig.so.1.8.0
7f08333c0000-7f083345d000 r-xp 00000000 08:06 270946                     /usr/lib/x86_64-linux-gnu/libfreetype.so.6.11.1
7f083345d000-7f083365c000 ---p 0009d000 08:06 270946                     /usr/lib/x86_64-linux-gnu/libfreetype.so.6.11.1
7f083365c000-7f0833662000 r--p 0009c000 08:06 270946                     /usr/lib/x86_64-linux-gnu/libfreetype.so.6.11.1
7f0833662000-7f0833663000 rw-p 000a2000 08:06 270946                     /usr/lib/x86_64-linux-gnu/libfreetype.so.6.11.1
7f0833668000-7f08336b2000 r-xp 00000000 08:06 271463                     /usr/lib/x86_64-linux-gnu/libpango-1.0.so.0.3600.3
7f08336b2000-7f08338b2000 ---p 0004a000 08:06 271463                     /usr/lib/x86_64-linux-gnu/libpango-1.0.so.0.3600.3
7f08338b2000-7f08338b4000 r--p 0004a000 08:06 271463                     /usr/lib/x86_64-linux-gnu/libpango-1.0.so.0.3600.3
7f08338b4000-7f08338b5000 rw-p 0004c000 08:06 271463                     /usr/lib/x86_64-linux-gnu/libpango-1.0.so.0.3600.3
7f08338b8000-7f08339be000 r-xp 00000000 08:06 270702                     /usr/lib/x86_64-linux-gnu/libcairo.so.2.11301.0
7f08339be000-7f0833bbd000 ---p 00106000 08:06 270702                     /usr/lib/x86_64-linux-gnu/libcairo.so.2.11301.0
7f0833bbd000-7f0833bc0000 r--p 00105000 08:06 270702                     /usr/lib/x86_64-linux-gnu/libcairo.so.2.11301.0
7f0833bc0000-7f0833bc1000 rw-p 00108000 08:06 270702                     /usr/lib/x86_64-linux-gnu/libcairo.so.2.11301.0
7f0833bc1000-7f0833bc3000 rw-p 00000000 00:00 0 
7f0833bc8000-7f0833bd3000 r-xp 00000000 08:06 271465                     /usr/lib/x86_64-linux-gnu/libpangocairo-1.0.so.0.3600.3
7f0833bd3000-7f0833dd3000 ---p 0000b000 08:06 271465                     /usr/lib/x86_64-linux-gnu/libpangocairo-1.0.so.0.3600.3
7f0833dd3000-7f0833dd4000 r--p 0000b000 08:06 271465                     /usr/lib/x86_64-linux-gnu/libpangocairo-1.0.so.0.3600.3
7f0833dd4000-7f0833dd5000 rw-p 0000c000 08:06 271465                     /usr/lib/x86_64-linux-gnu/libpangocairo-1.0.so.0.3600.3
7f0833dd8000-7f0833df8000 r-xp 00000000 08:06 270979                     /usr/lib/x86_64-linux-gnu/libgdk_pixbuf-2.0.so.0.3000.7
7f0833df8000-7f0833ff7000 ---p 00020000 08:06 270979                     /usr/lib/x86_64-linux-gnu/libgdk_pixbuf-2.0.so.0.3000.7
7f0833ff7000-7f0833ff8000 r--p 0001f000 08:06 270979                     /usr/lib/x86_64-linux-gnu/libgdk_pixbuf-2.0.so.0.3000.7
7f0833ff8000-7f0833ff9000 rw-p 00020000 08:06 270979                     /usr/lib/x86_64-linux-gnu/libgdk_pixbuf-2.0.so.0.3000.7
7f0834000000-7f0834021000 rw-p 00000000 00:00 0 
7f0834021000-7f0838000000 ---p 00000000 00:00 0 
7f0838000000-7f0838bbf000 rw-p 00000000 00:00 0 
7f0838bbf000-7f083c000000 ---p 00000000 00:00 0 
7f083c000000-7f083c9be000 rw-p 00000000 00:00 0 
7f083c9be000-7f0840000000 ---p 00000000 00:00 0 
7f0840000000-7f0840021000 rw-p 00000000 00:00 0 
7f0840021000-7f0844000000 ---p 00000000 00:00 0 
7f0844000000-7f0844021000 rw-p 00000000 00:00 0 
7f0844021000-7f0848000000 ---p 00000000 00:00 0 
7f0848000000-7f0848edb000 rw-p 00000000 00:00 0 
7f0848edb000-7f084c000000 ---p 00000000 00:00 0 
7f084c000000-7f084c021000 rw-p 00000000 00:00 0 
7f084c021000-7f0850000000 ---p 00000000 00:00 0 
7f0850000000-7f0850021000 rw-p 00000000 00:00 0 
7f0850021000-7f0854000000 ---p 00000000 00:00 0 
7f0854000000-7f0854021000 rw-p 00000000 00:00 0 
7f0854021000-7f0858000000 ---p 00000000 00:00 0 
7f0858000000-7f0858021000 rw-p 00000000 00:00 0 
7f0858021000-7f085c000000 ---p 00000000 00:00 0 
7f085c000000-7f085c001000 r--s 00000000 08:06 3801415                    /var/cache/fontconfig/b9d506c9ac06c20b433354fa67a72993-le64.cache-4
7f085c008000-7f085c00c000 r--s 00060000 08:06 10619695                   /home/xmbeat/NetBeansProjects/FingerprintLogin/dist/run502823564/lib/webcam-capture-0.3.10.jar
7f085c00d000-7f085c00f000 r--s 00005000 08:06 10619694                   /home/xmbeat/NetBeansProjects/FingerprintLogin/dist/run502823564/lib/slf4j-api-1.7.2.jar
7f085c012000-7f085c015000 r--s 0003a000 08:06 10619693                   /home/xmbeat/NetBeansProjects/FingerprintLogin/dist/run502823564/lib/mysql-connector-java-3.0.17-ga-bin.jar
7f085c017000-7f085c01f000 r--s 000cf000 08:06 10619692                   /home/xmbeat/NetBeansProjects/FingerprintLogin/dist/run502823564/lib/bridj-0.6.2.jar
7f085c020000-7f085c022000 rw-s 00000000 08:06 131095                     /tmp/.glHk7NGG (deleted)
7f085c028000-7f085c04e000 r--p 00000000 08:06 1314142                    /usr/share/locale-langpack/es/LC_MESSAGES/libc.mo
7f085c050000-7f085c057000 r--s 00000000 08:06 786750                     /usr/lib/x86_64-linux-gnu/gconv/gconv-modules.cache
7f085c058000-7f085c067000 r--p 00000000 08:06 1314186                    /usr/share/locale-langpack/es/LC_MESSAGES/gtk20.mo
7f085c068000-7f085c07c000 r-xp 00000000 08:06 271467                     /usr/lib/x86_64-linux-gnu/libpangoft2-1.0.so.0.3600.3
7f085c07c000-7f085c27b000 ---p 00014000 08:06 271467                     /usr/lib/x86_64-linux-gnu/libpangoft2-1.0.so.0.3600.3
7f085c27b000-7f085c27c000 r--p 00013000 08:06 271467                     /usr/lib/x86_64-linux-gnu/libpangoft2-1.0.so.0.3600.3
7f085c27c000-7f085c27d000 rw-p 00014000 08:06 271467                     /usr/lib/x86_64-linux-gnu/libpangoft2-1.0.so.0.3600.3
7f085c280000-7f0860000000 rw-p 00000000 00:00 0 
7f0860000000-7f0860021000 rw-p 00000000 00:00 0 
7f0860021000-7f0864000000 ---p 00000000 00:00 0 
7f0864000000-7f0864001000 r--s 00000000 08:06 3801389                    /var/cache/fontconfig/0c9eb80ebd1c36541ebe2852d3bb0c49-le64.cache-4
7f0864008000-7f086401b000 rw-s 167e78000 00:06 11833                     /dev/nvidiactl
7f0864020000-7f0864040000 rw-s c0320000 00:06 11834                      /dev/nvidia0
7f0864047000-7f0864048000 rw-s 1a41f7000 00:06 11833                     /dev/nvidiactl
7f086404b000-7f086404f000 rw-s 214903000 00:06 11833                     /dev/nvidiactl
7f0864056000-7f0864057000 rw-s cfee6000 00:06 11834                      /dev/nvidia0
7f086405b000-7f086409b000 rw-s 1a8e0b000 00:06 11833                     /dev/nvidiactl
7f086409e000-7f08640be000 rw-s 19b666000 00:06 11833                     /dev/nvidiactl
7f08640c3000-7f0864177000 rw-s 22218b000 00:06 11833                     /dev/nvidiactl
7f0864178000-7f08642e4000 r-xp 00000000 08:06 271001                     /usr/lib/x86_64-linux-gnu/libgio-2.0.so.0.4002.0
7f08642e4000-7f08644e3000 ---p 0016c000 08:06 271001                     /usr/lib/x86_64-linux-gnu/libgio-2.0.so.0.4002.0
7f08644e3000-7f08644e7000 r--p 0016b000 08:06 271001                     /usr/lib/x86_64-linux-gnu/libgio-2.0.so.0.4002.0
7f08644e7000-7f08644e9000 rw-p 0016f000 08:06 271001                     /usr/lib/x86_64-linux-gnu/libgio-2.0.so.0.4002.0
7f08644e9000-7f08644eb000 rw-p 00000000 00:00 0 
7f08644f0000-7f086450f000 r-xp 00000000 08:06 270646                     /usr/lib/x86_64-linux-gnu/libatk-1.0.so.0.21009.1
7f086450f000-7f086470f000 ---p 0001f000 08:06 270646                     /usr/lib/x86_64-linux-gnu/libatk-1.0.so.0.21009.1
7f086470f000-7f0864711000 r--p 0001f000 08:06 270646                     /usr/lib/x86_64-linux-gnu/libatk-1.0.so.0.21009.1
7f0864711000-7f0864712000 rw-p 00021000 08:06 270646                     /usr/lib/x86_64-linux-gnu/libatk-1.0.so.0.21009.1
7f0864718000-7f08647c5000 r-xp 00000000 08:06 262704                     /usr/lib/x86_64-linux-gnu/libgdk-x11-2.0.so.0.2400.23
7f08647c5000-7f08649c5000 ---p 000ad000 08:06 262704                     /usr/lib/x86_64-linux-gnu/libgdk-x11-2.0.so.0.2400.23
7f08649c5000-7f08649c9000 r--p 000ad000 08:06 262704                     /usr/lib/x86_64-linux-gnu/libgdk-x11-2.0.so.0.2400.23
7f08649c9000-7f08649cb000 rw-p 000b1000 08:06 262704                     /usr/lib/x86_64-linux-gnu/libgdk-x11-2.0.so.0.2400.23
7f08649d0000-7f0864e00000 r-xp 00000000 08:06 265442                     /usr/lib/x86_64-linux-gnu/libgtk-x11-2.0.so.0.2400.23
7f0864e00000-7f0864fff000 ---p 00430000 08:06 265442                     /usr/lib/x86_64-linux-gnu/libgtk-x11-2.0.so.0.2400.23
7f0864fff000-7f0865006000 r--p 0042f000 08:06 265442                     /usr/lib/x86_64-linux-gnu/libgtk-x11-2.0.so.0.2400.23
7f0865006000-7f086500a000 rw-p 00436000 08:06 265442                     /usr/lib/x86_64-linux-gnu/libgtk-x11-2.0.so.0.2400.23
7f086500a000-7f086500d000 rw-p 00000000 00:00 0 
7f0865010000-7f086501c000 r-xp 00000000 08:06 10486192                   /usr/lib/jvm/jdk1.8.0_111/jre/lib/amd64/libprism_es2.so
7f086501c000-7f086521b000 ---p 0000c000 08:06 10486192                   /usr/lib/jvm/jdk1.8.0_111/jre/lib/amd64/libprism_es2.so
7f086521b000-7f086521c000 rw-p 0000b000 08:06 10486192                   /usr/lib/jvm/jdk1.8.0_111/jre/lib/amd64/libprism_es2.so
7f0865222000-7f0865225000 ---p 00000000 00:00 0 
7f0865225000-7f0865323000 rw-p 00000000 00:00 0                          [stack:14351]
7f0865323000-7f08653b9000 r--s 01103000 08:06 10486256                   /usr/lib/jvm/jdk1.8.0_111/jre/lib/ext/jfxrt.jar
7f08653bb000-7f08653bc000 ---p 00000000 00:00 0 
7f08653bc000-7f08654bc000 rw-p 00000000 00:00 0                          [stack:14329]
7f08654bc000-7f08654bf000 ---p 00000000 00:00 0 
7f08654bf000-7f08655bd000 rw-p 00000000 00:00 0                          [stack:14328]
7f08655bd000-7f08655c0000 ---p 00000000 00:00 0 
7f08655c0000-7f08656be000 rw-p 00000000 00:00 0                          [stack:14327]
7f08656be000-7f08656c1000 ---p 00000000 00:00 0 
7f08656c1000-7f08657bf000 rw-p 00000000 00:00 0                          [stack:14326]
7f08657bf000-7f08657c2000 ---p 00000000 00:00 0 
7f08657c2000-7f08658c0000 rw-p 00000000 00:00 0                          [stack:14325]
7f08658c0000-7f0865dfe000 r--p 00000000 08:06 269140                     /usr/lib/locale/locale-archive
7f0865dfe000-7f0865e01000 ---p 00000000 00:00 0 
7f0865e01000-7f0865eff000 rw-p 00000000 00:00 0                          [stack:14324]
7f0865eff000-7f0865f02000 ---p 00000000 00:00 0 
7f0865f02000-7f0866000000 rw-p 00000000 00:00 0                          [stack:14323]
7f0866000000-7f0866001000 ---p 00000000 00:00 0 
7f0866001000-7f0866a0a000 rw-p 00000000 00:00 0                          [stack:14322]
7f0866a0a000-7f0866be2000 r--s 03d2a000 08:06 10486172                   /usr/lib/jvm/jdk1.8.0_111/jre/lib/rt.jar
7f0866be8000-7f0867836000 rw-p 00000000 00:00 0 
7f0867836000-7f0867837000 ---p 00000000 00:00 0 
7f0867837000-7f0867955000 rw-p 00000000 00:00 0                          [stack:14321]
7f0867955000-7f0867bc7000 ---p 00000000 00:00 0 
7f0867bc7000-7f0867be5000 rw-p 00000000 00:00 0 
7f0867be5000-7f0867e57000 ---p 00000000 00:00 0 
7f0867e57000-7f0867e7b000 rw-p 00000000 00:00 0 
7f0867e7b000-7f0867f9f000 ---p 00000000 00:00 0 
7f0867f9f000-7f0867fca000 rw-p 00000000 00:00 0 
7f0867fca000-7f0868360000 ---p 00000000 00:00 0 
7f0868360000-7f0868db0000 rwxp 00000000 00:00 0 
7f0868db0000-7f0877360000 ---p 00000000 00:00 0 
7f0877360000-7f087737a000 r-xp 00000000 08:06 10486203                   /usr/lib/jvm/jdk1.8.0_111/jre/lib/amd64/libzip.so
7f087737a000-7f087757a000 ---p 0001a000 08:06 10486203                   /usr/lib/jvm/jdk1.8.0_111/jre/lib/amd64/libzip.so
7f087757a000-7f087757b000 rw-p 0001a000 08:06 10486203                   /usr/lib/jvm/jdk1.8.0_111/jre/lib/amd64/libzip.so
7f0877580000-7f087758b000 r-xp 00000000 08:06 11273355                   /lib/x86_64-linux-gnu/libnss_files-2.19.so
7f087758b000-7f087778a000 ---p 0000b000 08:06 11273355                   /lib/x86_64-linux-gnu/libnss_files-2.19.so
7f087778a000-7f087778b000 r--p 0000a000 08:06 11273355                   /lib/x86_64-linux-gnu/libnss_files-2.19.so
7f087778b000-7f087778c000 rw-p 0000b000 08:06 11273355                   /lib/x86_64-linux-gnu/libnss_files-2.19.so
7f0877790000-7f087779b000 r-xp 00000000 08:06 11273318                   /lib/x86_64-linux-gnu/libnss_nis-2.19.so
7f087779b000-7f087799a000 ---p 0000b000 08:06 11273318                   /lib/x86_64-linux-gnu/libnss_nis-2.19.so
7f087799a000-7f087799b000 r--p 0000a000 08:06 11273318                   /lib/x86_64-linux-gnu/libnss_nis-2.19.so
7f087799b000-7f087799c000 rw-p 0000b000 08:06 11273318                   /lib/x86_64-linux-gnu/libnss_nis-2.19.so
7f08779a0000-7f08779b7000 r-xp 00000000 08:06 11273308                   /lib/x86_64-linux-gnu/libnsl-2.19.so
7f08779b7000-7f0877bb6000 ---p 00017000 08:06 11273308                   /lib/x86_64-linux-gnu/libnsl-2.19.so
7f0877bb6000-7f0877bb7000 r--p 00016000 08:06 11273308                   /lib/x86_64-linux-gnu/libnsl-2.19.so
7f0877bb7000-7f0877bb8000 rw-p 00017000 08:06 11273308                   /lib/x86_64-linux-gnu/libnsl-2.19.so
7f0877bb8000-7f0877bba000 rw-p 00000000 00:00 0 
7f0877bc0000-7f0877bc9000 r-xp 00000000 08:06 11273302                   /lib/x86_64-linux-gnu/libnss_compat-2.19.so
7f0877bc9000-7f0877dc8000 ---p 00009000 08:06 11273302                   /lib/x86_64-linux-gnu/libnss_compat-2.19.so
7f0877dc8000-7f0877dc9000 r--p 00008000 08:06 11273302                   /lib/x86_64-linux-gnu/libnss_compat-2.19.so
7f0877dc9000-7f0877dca000 rw-p 00009000 08:06 11273302                   /lib/x86_64-linux-gnu/libnss_compat-2.19.so
7f0877dd0000-7f0877dfb000 r-xp 00000000 08:06 10486230                   /usr/lib/jvm/jdk1.8.0_111/jre/lib/amd64/libjava.so
7f0877dfb000-7f0877ffa000 ---p 0002b000 08:06 10486230                   /usr/lib/jvm/jdk1.8.0_111/jre/lib/amd64/libjava.so
7f0877ffa000-7f0877ffc000 rw-p 0002a000 08:06 10486230                   /usr/lib/jvm/jdk1.8.0_111/jre/lib/amd64/libjava.so
7f0878000000-7f0878474000 rw-p 00000000 00:00 0 
7f0878474000-7f087c000000 ---p 00000000 00:00 0 
7f087c005000-7f087c045000 rw-s 160825000 00:06 11833                     /dev/nvidiactl
7f087c059000-7f087c05e000 r--s 002f9000 08:06 10486125                   /usr/lib/jvm/jdk1.8.0_111/jre/lib/charsets.jar
7f087c060000-7f087c066000 r--p 00000000 08:06 1314243                    /usr/share/locale-langpack/es/LC_MESSAGES/gdk-pixbuf.mo
7f087c067000-7f087c06b000 r--s 00097000 08:06 10486124                   /usr/lib/jvm/jdk1.8.0_111/jre/lib/jsse.jar
7f087c06f000-7f087c070000 ---p 00000000 00:00 0 
7f087c070000-7f087c170000 rw-p 00000000 00:00 0                          [stack:14320]
7f087c170000-7f087c17d000 r-xp 00000000 08:06 10486181                   /usr/lib/jvm/jdk1.8.0_111/jre/lib/amd64/libverify.so
7f087c17d000-7f087c37c000 ---p 0000d000 08:06 10486181                   /usr/lib/jvm/jdk1.8.0_111/jre/lib/amd64/libverify.so
7f087c37c000-7f087c37e000 rw-p 0000c000 08:06 10486181                   /usr/lib/jvm/jdk1.8.0_111/jre/lib/amd64/libverify.so
7f087c380000-7f087c387000 r-xp 00000000 08:06 11273343                   /lib/x86_64-linux-gnu/librt-2.19.so
7f087c387000-7f087c586000 ---p 00007000 08:06 11273343                   /lib/x86_64-linux-gnu/librt-2.19.so
7f087c586000-7f087c587000 r--p 00006000 08:06 11273343                   /lib/x86_64-linux-gnu/librt-2.19.so
7f087c587000-7f087c588000 rw-p 00007000 08:06 11273343                   /lib/x86_64-linux-gnu/librt-2.19.so
7f087c588000-7f087c68d000 r-xp 00000000 08:06 11273293                   /lib/x86_64-linux-gnu/libm-2.19.so
7f087c68d000-7f087c88c000 ---p 00105000 08:06 11273293                   /lib/x86_64-linux-gnu/libm-2.19.so
7f087c88c000-7f087c88d000 r--p 00104000 08:06 11273293                   /lib/x86_64-linux-gnu/libm-2.19.so
7f087c88d000-7f087c88e000 rw-p 00105000 08:06 11273293                   /lib/x86_64-linux-gnu/libm-2.19.so
7f087c890000-7f087d55d000 r-xp 00000000 08:06 10486234                   /usr/lib/jvm/jdk1.8.0_111/jre/lib/amd64/server/libjvm.so
7f087d55d000-7f087d75c000 ---p 00ccd000 08:06 10486234                   /usr/lib/jvm/jdk1.8.0_111/jre/lib/amd64/server/libjvm.so
7f087d75c000-7f087d835000 rw-p 00ccc000 08:06 10486234                   /usr/lib/jvm/jdk1.8.0_111/jre/lib/amd64/server/libjvm.so
7f087d835000-7f087d880000 rw-p 00000000 00:00 0 
7f087d880000-7f087da3b000 r-xp 00000000 08:06 11273344                   /lib/x86_64-linux-gnu/libc-2.19.so
7f087da3b000-7f087dc3a000 ---p 001bb000 08:06 11273344                   /lib/x86_64-linux-gnu/libc-2.19.so
7f087dc3a000-7f087dc3e000 r--p 001ba000 08:06 11273344                   /lib/x86_64-linux-gnu/libc-2.19.so
7f087dc3e000-7f087dc40000 rw-p 001be000 08:06 11273344                   /lib/x86_64-linux-gnu/libc-2.19.so
7f087dc40000-7f087dc45000 rw-p 00000000 00:00 0 
7f087dc48000-7f087dc4b000 r-xp 00000000 08:06 11273295                   /lib/x86_64-linux-gnu/libdl-2.19.so
7f087dc4b000-7f087de4a000 ---p 00003000 08:06 11273295                   /lib/x86_64-linux-gnu/libdl-2.19.so
7f087de4a000-7f087de4b000 r--p 00002000 08:06 11273295                   /lib/x86_64-linux-gnu/libdl-2.19.so
7f087de4b000-7f087de4c000 rw-p 00003000 08:06 11273295                   /lib/x86_64-linux-gnu/libdl-2.19.so
7f087de50000-7f087de65000 r-xp 00000000 08:06 10486219                   /usr/lib/jvm/jdk1.8.0_111/jre/lib/amd64/jli/libjli.so
7f087de65000-7f087e065000 ---p 00015000 08:06 10486219                   /usr/lib/jvm/jdk1.8.0_111/jre/lib/amd64/jli/libjli.so
7f087e065000-7f087e066000 rw-p 00015000 08:06 10486219                   /usr/lib/jvm/jdk1.8.0_111/jre/lib/amd64/jli/libjli.so
7f087e068000-7f087e081000 r-xp 00000000 08:06 11273309                   /lib/x86_64-linux-gnu/libpthread-2.19.so
7f087e081000-7f087e280000 ---p 00019000 08:06 11273309                   /lib/x86_64-linux-gnu/libpthread-2.19.so
7f087e280000-7f087e281000 r--p 00018000 08:06 11273309                   /lib/x86_64-linux-gnu/libpthread-2.19.so
7f087e281000-7f087e282000 rw-p 00019000 08:06 11273309                   /lib/x86_64-linux-gnu/libpthread-2.19.so
7f087e282000-7f087e286000 rw-p 00000000 00:00 0 
7f087e288000-7f087e2ab000 r-xp 00000000 08:06 11273314                   /lib/x86_64-linux-gnu/ld-2.19.so
7f087e2b0000-7f087e2b1000 rw-s fd060000 00:06 11834                      /dev/nvidia0
7f087e2b6000-7f087e2b7000 rw-s cfee6000 00:06 11834                      /dev/nvidia0
7f087e2b9000-7f087e2ba000 rw-s fd641000 00:06 11834                      /dev/nvidia0
7f087e2bc000-7f087e2bd000 rw-s 222edc000 00:06 11833                     /dev/nvidiactl
7f087e2bd000-7f087e2be000 rw-s 19b7b5000 00:06 11833                     /dev/nvidiactl
7f087e2c5000-7f087e2c7000 r--s 00025000 08:06 10229181                   /home/xmbeat/NetBeansProjects/FingerprintLogin/dist/run502823564/FingerprintLogin.jar
7f087e2c7000-7f087e398000 rw-p 00000000 00:00 0 
7f087e398000-7f087e3a0000 rw-s 00000000 08:06 1185736                    /tmp/hsperfdata_xmbeat/14315
7f087e3a1000-7f087e3a7000 rw-p 00000000 00:00 0 
7f087e3a7000-7f087e3aa000 ---p 00000000 00:00 0 
7f087e3aa000-7f087e4aa000 rw-p 00000000 00:00 0                          [stack:14317]
7f087e4aa000-7f087e4ab000 r--p 00022000 08:06 11273314                   /lib/x86_64-linux-gnu/ld-2.19.so
7f087e4ab000-7f087e4ac000 rw-p 00023000 08:06 11273314                   /lib/x86_64-linux-gnu/ld-2.19.so
7f087e4ac000-7f087e4ad000 rw-p 00000000 00:00 0 
7f087e4ad000-7f087e4ae000 r--p 00000000 00:00 0 
7f087e4ae000-7f087e4b2000 rw-p 00000000 00:00 0 
7ffe19daa000-7ffe19dcb000 rw-p 00000000 00:00 0                          [stack]
7ffe19de0000-7ffe19de2000 r--p 00000000 00:00 0                          [vvar]
7ffe19de2000-7ffe19de4000 r-xp 00000000 00:00 0                          [vdso]
ffffffffff600000-ffffffffff601000 r-xp 00000000 00:00 0                  [vsyscall]

VM Arguments:
jvm_args: -Dfile.encoding=UTF-8 
java_command: /home/xmbeat/NetBeansProjects/FingerprintLogin/dist/run502823564/FingerprintLogin.jar
java_class_path (initial): /home/xmbeat/NetBeansProjects/FingerprintLogin/dist/run502823564/FingerprintLogin.jar
Launcher Type: SUN_STANDARD

Environment Variables:
PATH=/home/xmbeat/bin:/usr/local/sbin:/usr/local/bin:/usr/sbin:/usr/bin:/sbin:/bin:/usr/games:/usr/local/games
USERNAME=xmbeat
LD_LIBRARY_PATH=/usr/lib/jvm/jdk1.8.0_111/jre/lib/amd64:/usr/lib/jvm/jdk1.8.0_111/jre/lib/i386:
SHELL=/bin/bash
DISPLAY=:0

Signal Handlers:
SIGSEGV: [libjvm.so+0xac64b0], sa_mask[0]=11111111011111111101111111111110, sa_flags=SA_RESTART|SA_SIGINFO
SIGBUS: [libjvm.so+0xac64b0], sa_mask[0]=11111111011111111101111111111110, sa_flags=SA_RESTART|SA_SIGINFO
SIGFPE: [libjvm.so+0x91f950], sa_mask[0]=11111111011111111101111111111110, sa_flags=SA_RESTART|SA_SIGINFO
SIGPIPE: SIG_IGN, sa_mask[0]=00000000000000000000000000000000, sa_flags=none
SIGXFSZ: [libjvm.so+0x91f950], sa_mask[0]=11111111011111111101111111111110, sa_flags=SA_RESTART|SA_SIGINFO
SIGILL: [libjvm.so+0x91f950], sa_mask[0]=11111111011111111101111111111110, sa_flags=SA_RESTART|SA_SIGINFO
SIGUSR1: SIG_DFL, sa_mask[0]=00000000000000000000000000000000, sa_flags=none
SIGUSR2: [libjvm.so+0x920f80], sa_mask[0]=00100000000000000000000000000000, sa_flags=SA_RESTART|SA_SIGINFO
SIGHUP: [libjvm.so+0x922380], sa_mask[0]=11111111011111111101111111111110, sa_flags=SA_RESTART|SA_SIGINFO
SIGINT: SIG_IGN, sa_mask[0]=00000000000000000000000000000000, sa_flags=none
SIGTERM: [libjvm.so+0x922380], sa_mask[0]=11111111011111111101111111111110, sa_flags=SA_RESTART|SA_SIGINFO
SIGQUIT: [libjvm.so+0x922380], sa_mask[0]=11111111011111111101111111111110, sa_flags=SA_RESTART|SA_SIGINFO


---------------  S Y S T E M  ---------------

OS:DISTRIB_ID=LinuxMint
DISTRIB_RELEASE=17.3
DISTRIB_CODENAME=rosa
DISTRIB_DESCRIPTION="Linux Mint 17.3 Rosa"

uname:Linux 3.19.0-32-generic #37~14.04.1-Ubuntu SMP Thu Oct 22 09:41:40 UTC 2015 x86_64
libc:glibc 2.19 NPTL 2.19 
rlimit: STACK 8192k, CORE 0k, NPROC 31347, NOFILE 4096, AS infinity
load average:1.95 1.57 1.51

/proc/meminfo:
MemTotal:        8056656 kB
MemFree:         1440404 kB
MemAvailable:    3833020 kB
Buffers:          217852 kB
Cached:          2384812 kB
SwapCached:            0 kB
Active:          4583200 kB
Inactive:        1660192 kB
Active(anon):    3644388 kB
Inactive(anon):   109460 kB
Active(file):     938812 kB
Inactive(file):  1550732 kB
Unevictable:           0 kB
Mlocked:               0 kB
SwapTotal:       3998716 kB
SwapFree:        3998716 kB
Dirty:              4700 kB
Writeback:             0 kB
AnonPages:       3640732 kB
Mapped:           652868 kB
Shmem:            113124 kB
Slab:             177680 kB
SReclaimable:     144012 kB
SUnreclaim:        33668 kB
KernelStack:        9616 kB
PageTables:        40568 kB
NFS_Unstable:          0 kB
Bounce:                0 kB
WritebackTmp:          0 kB
CommitLimit:     8027044 kB
Committed_AS:    7602128 kB
VmallocTotal:   34359738367 kB
VmallocUsed:      320996 kB
VmallocChunk:   34359412860 kB
HardwareCorrupted:     0 kB
AnonHugePages:   2371584 kB
CmaTotal:              0 kB
CmaFree:               0 kB
HugePages_Total:       0
HugePages_Free:        0
HugePages_Rsvd:        0
HugePages_Surp:        0
Hugepagesize:       2048 kB
DirectMap4k:      282036 kB
DirectMap2M:     7004160 kB
DirectMap1G:     1048576 kB


CPU:total 2 (2 cores per cpu, 1 threads per core) family 21 model 19 stepping 1, cmov, cx8, fxsr, mmx, sse, sse2, sse3, ssse3, sse4.1, sse4.2, popcnt, avx, aes, clmul, mmxext, 3dnowpref, lzcnt, sse4a, tsc, tscinvbit, tscinv, bmi1

/proc/cpuinfo:
processor	: 0
vendor_id	: AuthenticAMD
cpu family	: 21
model		: 19
model name	: AMD A4-4000 APU with Radeon(tm) HD Graphics
stepping	: 1
microcode	: 0x6001119
cpu MHz		: 3000.000
cache size	: 1024 KB
physical id	: 0
siblings	: 2
core id		: 0
cpu cores	: 1
apicid		: 16
initial apicid	: 0
fpu		: yes
fpu_exception	: yes
cpuid level	: 13
wp		: yes
flags		: fpu vme de pse tsc msr pae mce cx8 apic sep mtrr pge mca cmov pat pse36 clflush mmx fxsr sse sse2 ht syscall nx mmxext fxsr_opt pdpe1gb rdtscp lm constant_tsc rep_good nopl nonstop_tsc extd_apicid aperfmperf pni pclmulqdq monitor ssse3 fma cx16 sse4_1 sse4_2 popcnt aes xsave avx f16c lahf_lm cmp_legacy svm extapic cr8_legacy abm sse4a misalignsse 3dnowprefetch osvw ibs xop skinit wdt lwp fma4 tce nodeid_msr tbm topoext perfctr_core perfctr_nb arat cpb hw_pstate npt lbrv svm_lock nrip_save tsc_scale vmcb_clean flushbyasid decodeassists pausefilter pfthreshold vmmcall bmi1
bugs		: fxsave_leak
bogomips	: 5988.89
TLB size	: 1536 4K pages
clflush size	: 64
cache_alignment	: 64
address sizes	: 48 bits physical, 48 bits virtual
power management: ts ttp tm 100mhzsteps hwpstate cpb eff_freq_ro

processor	: 1
vendor_id	: AuthenticAMD
cpu family	: 21
model		: 19
model name	: AMD A4-4000 APU with Radeon(tm) HD Graphics    
stepping	: 1
microcode	: 0x6001119
cpu MHz		: 3000.000
cache size	: 1024 KB
physical id	: 0
siblings	: 2
core id		: 1
cpu cores	: 1
apicid		: 17
initial apicid	: 1
fpu		: yes
fpu_exception	: yes
cpuid level	: 13
wp		: yes
flags		: fpu vme de pse tsc msr pae mce cx8 apic sep mtrr pge mca cmov pat pse36 clflush mmx fxsr sse sse2 ht syscall nx mmxext fxsr_opt pdpe1gb rdtscp lm constant_tsc rep_good nopl nonstop_tsc extd_apicid aperfmperf pni pclmulqdq monitor ssse3 fma cx16 sse4_1 sse4_2 popcnt aes xsave avx f16c lahf_lm cmp_legacy svm extapic cr8_legacy abm sse4a misalignsse 3dnowprefetch osvw ibs xop skinit wdt lwp fma4 tce nodeid_msr tbm topoext perfctr_core perfctr_nb arat cpb hw_pstate npt lbrv svm_lock nrip_save tsc_scale vmcb_clean flushbyasid decodeassists pausefilter pfthreshold vmmcall bmi1
bugs		: fxsave_leak
bogomips	: 5988.89
TLB size	: 1536 4K pages
clflush size	: 64
cache_alignment	: 64
address sizes	: 48 bits physical, 48 bits virtual
power management: ts ttp tm 100mhzsteps hwpstate cpb eff_freq_ro



Memory: 4k page, physical 8056656k(1440404k free), swap 3998716k(3998716k free)

vm_info: Java HotSpot(TM) 64-Bit Server VM (25.111-b14) for linux-amd64 JRE (1.8.0_111-b14), built on Sep 22 2016 16:14:03 by "java_re" with gcc 4.3.0 20080428 (Red Hat 4.3.0-8)

time: Tue Dec  6 00:36:12 2016
elapsed time: 14 seconds (0d 0h 0m 14s)

